[2024-07-14T04:31:08.997+0000] {local_task_job_runner.py:120} INFO - ::group::Pre task execution logs
[2024-07-14T04:31:09.155+0000] {taskinstance.py:2076} INFO - Dependencies all met for dep_context=non-requeueable deps ti=<TaskInstance: ELT-PROJECT.transform.fact_order_details.run scheduled__2024-07-09T00:00:00+00:00 [queued]>
[2024-07-14T04:31:09.290+0000] {taskinstance.py:2076} INFO - Dependencies all met for dep_context=requeueable deps ti=<TaskInstance: ELT-PROJECT.transform.fact_order_details.run scheduled__2024-07-09T00:00:00+00:00 [queued]>
[2024-07-14T04:31:09.293+0000] {taskinstance.py:2306} INFO - Starting attempt 1 of 2
[2024-07-14T04:31:09.428+0000] {taskinstance.py:2330} INFO - Executing <Task(DbtRunLocalOperator): transform.fact_order_details.run> on 2024-07-09 00:00:00+00:00
[2024-07-14T04:31:09.481+0000] {standard_task_runner.py:90} INFO - Running: ['airflow', 'tasks', 'run', 'ELT-PROJECT', 'transform.fact_order_details.run', 'scheduled__2024-07-09T00:00:00+00:00', '--job-id', '1404', '--raw', '--subdir', 'DAGS_FOLDER/elt.py', '--cfg-path', '/tmp/tmptepz759b']
[2024-07-14T04:31:09.496+0000] {standard_task_runner.py:91} INFO - Job 1404: Subtask transform.fact_order_details.run
[2024-07-14T04:31:09.457+0000] {logging_mixin.py:188} WARNING - /home/airflow/.local/lib/python3.12/site-packages/airflow/task/task_runner/standard_task_runner.py:61 DeprecationWarning: This process (pid=18252) is multi-threaded, use of fork() may lead to deadlocks in the child.
[2024-07-14T04:31:09.503+0000] {standard_task_runner.py:63} INFO - Started process 18289 to run task
[2024-07-14T04:31:09.655+0000] {logging_mixin.py:188} WARNING - /home/airflow/.local/lib/python3.12/site-packages/airflow/settings.py:195 DeprecationWarning: The sql_alchemy_conn option in [core] has been moved to the sql_alchemy_conn option in [database] - the old setting has been used, but please update your config.
[2024-07-14T04:31:09.899+0000] {task_command.py:426} INFO - Running <TaskInstance: ELT-PROJECT.transform.fact_order_details.run scheduled__2024-07-09T00:00:00+00:00 [running]> on host airflow-scheduler
[2024-07-14T04:31:10.487+0000] {taskinstance.py:2648} INFO - Exporting env vars: AIRFLOW_CTX_DAG_OWNER='Data-Ninja' AIRFLOW_CTX_DAG_ID='ELT-PROJECT' AIRFLOW_CTX_TASK_ID='transform.fact_order_details.run' AIRFLOW_CTX_EXECUTION_DATE='2024-07-09T00:00:00+00:00' AIRFLOW_CTX_TRY_NUMBER='1' AIRFLOW_CTX_DAG_RUN_ID='scheduled__2024-07-09T00:00:00+00:00'
[2024-07-14T04:31:10.492+0000] {taskinstance.py:430} INFO - ::endgroup::
[2024-07-14T04:31:10.498+0000] {local.py:174} INFO - Could not import dbtRunner. Falling back to subprocess for invoking dbt.
[2024-07-14T04:31:10.541+0000] {local.py:292} INFO - Cloning project to writable temp directory /tmp/tmpr1h4vt6a from /opt/airflow/dags/dbt/dbt_project
[2024-07-14T04:31:10.572+0000] {local.py:303} INFO - Partial parse is enabled and the latest partial parse file is /tmp/cosmos/ELT-PROJECT__transform/target/partial_parse.msgpack
[2024-07-14T04:31:10.980+0000] {base.py:84} INFO - Using connection ID 'snow_conn' for task execution.
[2024-07-14T04:31:10.984+0000] {crypto.py:82} WARNING - empty cryptography key - values will not be stored encrypted.
[2024-07-14T04:31:10.996+0000] {config.py:298} INFO - Profile caching is enable.
[2024-07-14T04:31:11.018+0000] {config.py:272} INFO - Profile found in cache using profile: /tmp/cosmos/profile/a0017dab0633177292578162811b91dcb9c56d6e54017e9660056cc364a762ad/profiles.yml.
[2024-07-14T04:31:11.030+0000] {local.py:247} INFO - Trying to run the command:
 ['/opt/airflow/dbt_venv/bin/dbt', 'deps', '--project-dir', '/tmp/tmpr1h4vt6a', '--profiles-dir', '/tmp/cosmos/profile/a0017dab0633177292578162811b91dcb9c56d6e54017e9660056cc364a762ad', '--profile', 'dbt_project', '--target', 'dev']
From /tmp/tmpr1h4vt6a
[2024-07-14T04:31:11.035+0000] {subprocess.py:60} INFO - Tmp dir root location: 
 /tmp
[2024-07-14T04:31:11.046+0000] {subprocess.py:73} INFO - Running command: ['/opt/airflow/dbt_venv/bin/dbt', 'deps', '--project-dir', '/tmp/tmpr1h4vt6a', '--profiles-dir', '/tmp/cosmos/profile/a0017dab0633177292578162811b91dcb9c56d6e54017e9660056cc364a762ad', '--profile', 'dbt_project', '--target', 'dev']
[2024-07-14T04:31:11.136+0000] {subprocess.py:84} INFO - Command output:
[2024-07-14T04:31:27.677+0000] {subprocess.py:94} INFO - [0m04:31:27  Running with dbt=1.8.3
[2024-07-14T04:31:29.316+0000] {subprocess.py:94} INFO - [0m04:31:29  Updating lock file in file path: /tmp/tmpr1h4vt6a/package-lock.yml
[2024-07-14T04:31:29.484+0000] {subprocess.py:94} INFO - [0m04:31:29  Installing dbt-labs/dbt_utils
[2024-07-14T04:31:30.383+0000] {subprocess.py:94} INFO - [0m04:31:30  Installed from version 0.8.6
[2024-07-14T04:31:30.391+0000] {subprocess.py:94} INFO - [0m04:31:30  Updated version available: 1.2.0
[2024-07-14T04:31:30.403+0000] {subprocess.py:94} INFO - [0m04:31:30
[2024-07-14T04:31:30.408+0000] {subprocess.py:94} INFO - [0m04:31:30  Updates available for packages: ['dbt-labs/dbt_utils']
[2024-07-14T04:31:30.411+0000] {subprocess.py:94} INFO - Update your versions in packages.yml, then run dbt deps
[2024-07-14T04:31:32.975+0000] {subprocess.py:98} INFO - Command exited with return code 0
[2024-07-14T04:31:32.983+0000] {local.py:254} INFO - Update your versions in packages.yml, then run dbt deps
[2024-07-14T04:31:32.996+0000] {local.py:247} INFO - Trying to run the command:
 ['/opt/airflow/dbt_venv/bin/dbt', 'run', '--models', 'fact_order_details', '--project-dir', '/tmp/tmpr1h4vt6a', '--profiles-dir', '/tmp/cosmos/profile/a0017dab0633177292578162811b91dcb9c56d6e54017e9660056cc364a762ad', '--profile', 'dbt_project', '--target', 'dev']
From /tmp/tmpr1h4vt6a
[2024-07-14T04:31:33.011+0000] {subprocess.py:60} INFO - Tmp dir root location: 
 /tmp
[2024-07-14T04:31:33.064+0000] {subprocess.py:73} INFO - Running command: ['/opt/airflow/dbt_venv/bin/dbt', 'run', '--models', 'fact_order_details', '--project-dir', '/tmp/tmpr1h4vt6a', '--profiles-dir', '/tmp/cosmos/profile/a0017dab0633177292578162811b91dcb9c56d6e54017e9660056cc364a762ad', '--profile', 'dbt_project', '--target', 'dev']
[2024-07-14T04:31:33.200+0000] {subprocess.py:84} INFO - Command output:
[2024-07-14T04:31:49.424+0000] {subprocess.py:94} INFO - [0m04:31:49  Running with dbt=1.8.3
[2024-07-14T04:31:52.730+0000] {subprocess.py:94} INFO - [0m04:31:52  Registered adapter: snowflake=1.8.3
[2024-07-14T04:31:57.184+0000] {subprocess.py:94} INFO - [0m04:31:57  Found 20 models, 27 data tests, 11 sources, 684 macros
[2024-07-14T04:31:57.196+0000] {subprocess.py:94} INFO - [0m04:31:57
[2024-07-14T04:32:06.163+0000] {subprocess.py:94} INFO - [0m04:32:06  Concurrency: 1 threads (target='dev')
[2024-07-14T04:32:06.167+0000] {subprocess.py:94} INFO - [0m04:32:06
[2024-07-14T04:32:06.329+0000] {subprocess.py:94} INFO - [0m04:32:06  1 of 1 START sql table model dwh.fact_order_details ............................ [RUN]
[2024-07-14T04:32:10.544+0000] {subprocess.py:94} INFO - [0m04:32:10  1 of 1 OK created sql table model dwh.fact_order_details ....................... [[32mSUCCESS 1[0m in 4.20s]
[2024-07-14T04:32:10.559+0000] {subprocess.py:94} INFO - [0m04:32:10
[2024-07-14T04:32:10.563+0000] {subprocess.py:94} INFO - [0m04:32:10  Finished running 1 table model in 0 hours 0 minutes and 13.36 seconds (13.36s).
[2024-07-14T04:32:11.172+0000] {subprocess.py:94} INFO - [0m04:32:11
[2024-07-14T04:32:11.177+0000] {subprocess.py:94} INFO - [0m04:32:11  [32mCompleted successfully[0m
[2024-07-14T04:32:11.181+0000] {subprocess.py:94} INFO - [0m04:32:11
[2024-07-14T04:32:11.185+0000] {subprocess.py:94} INFO - [0m04:32:11  Done. PASS=1 WARN=0 ERROR=0 SKIP=0 TOTAL=1
[2024-07-14T04:32:14.294+0000] {subprocess.py:98} INFO - Command exited with return code 0
[2024-07-14T04:32:14.297+0000] {local.py:254} INFO - [0m04:32:11  Done. PASS=1 WARN=0 ERROR=0 SKIP=0 TOTAL=1
[2024-07-14T04:32:15.459+0000] {local.py:196} WARNING - Artifact schema version: https://schemas.getdbt.com/dbt/manifest/v12.json is above dbt-ol supported version 7. This might cause errors.
[2024-07-14T04:32:15.460+0000] {local.py:196} WARNING - Artifact schema version: https://schemas.getdbt.com/dbt/run-results/v6.json is above dbt-ol supported version 5. This might cause errors.
[2024-07-14T04:32:15.494+0000] {local.py:349} INFO - Inlets: [Dataset(uri='snowflake://OU00370.europe-west2.gcp/ELT_BATCH.dwh.dim_products', extra=None), Dataset(uri='snowflake://OU00370.europe-west2.gcp/ELT_BATCH.dwh.fact_orders', extra=None), Dataset(uri='snowflake://OU00370.europe-west2.gcp/ELT_BATCH.raw.raw_order_details', extra=None)]
[2024-07-14T04:32:15.499+0000] {local.py:350} INFO - Outlets: [Dataset(uri='snowflake://OU00370.europe-west2.gcp/ELT_BATCH.dwh.fact_order_details', extra=None)]
[2024-07-14T04:32:15.507+0000] {dag.py:3096} INFO - Sync 1 DAGs
[2024-07-14T04:32:15.937+0000] {taskinstance.py:441} INFO - ::group::Post task execution logs
[2024-07-14T04:32:16.187+0000] {taskinstance.py:1206} INFO - Marking task as SUCCESS. dag_id=ELT-PROJECT, task_id=transform.fact_order_details.run, run_id=scheduled__2024-07-09T00:00:00+00:00, execution_date=20240709T000000, start_date=20240714T043109, end_date=20240714T043216
[2024-07-14T04:32:17.913+0000] {local_task_job_runner.py:240} INFO - Task exited with return code 0
[2024-07-14T04:32:18.305+0000] {taskinstance.py:3503} INFO - 1 downstream tasks scheduled from follow-on schedule check
[2024-07-14T04:32:18.322+0000] {local_task_job_runner.py:222} INFO - ::endgroup::
