[2024-07-14T04:36:18.597+0000] {local_task_job_runner.py:120} INFO - ::group::Pre task execution logs
[2024-07-14T04:36:18.905+0000] {taskinstance.py:2076} INFO - Dependencies all met for dep_context=non-requeueable deps ti=<TaskInstance: ELT-PROJECT.transform.raw_customers.run scheduled__2024-07-07T00:00:00+00:00 [queued]>
[2024-07-14T04:36:18.988+0000] {taskinstance.py:2076} INFO - Dependencies all met for dep_context=requeueable deps ti=<TaskInstance: ELT-PROJECT.transform.raw_customers.run scheduled__2024-07-07T00:00:00+00:00 [queued]>
[2024-07-14T04:36:18.993+0000] {taskinstance.py:2306} INFO - Starting attempt 1 of 2
[2024-07-14T04:36:19.103+0000] {taskinstance.py:2330} INFO - Executing <Task(DbtRunLocalOperator): transform.raw_customers.run> on 2024-07-07 00:00:00+00:00
[2024-07-14T04:36:19.151+0000] {logging_mixin.py:188} WARNING - /home/airflow/.local/lib/python3.12/site-packages/airflow/task/task_runner/standard_task_runner.py:61 DeprecationWarning: This process (pid=19331) is multi-threaded, use of fork() may lead to deadlocks in the child.
[2024-07-14T04:36:19.160+0000] {standard_task_runner.py:63} INFO - Started process 19357 to run task
[2024-07-14T04:36:19.169+0000] {standard_task_runner.py:90} INFO - Running: ['airflow', 'tasks', 'run', 'ELT-PROJECT', 'transform.raw_customers.run', 'scheduled__2024-07-07T00:00:00+00:00', '--job-id', '1467', '--raw', '--subdir', 'DAGS_FOLDER/elt.py', '--cfg-path', '/tmp/tmphak6hywl']
[2024-07-14T04:36:19.279+0000] {standard_task_runner.py:91} INFO - Job 1467: Subtask transform.raw_customers.run
[2024-07-14T04:36:19.421+0000] {logging_mixin.py:188} WARNING - /home/airflow/.local/lib/python3.12/site-packages/airflow/settings.py:195 DeprecationWarning: The sql_alchemy_conn option in [core] has been moved to the sql_alchemy_conn option in [database] - the old setting has been used, but please update your config.
[2024-07-14T04:36:19.858+0000] {task_command.py:426} INFO - Running <TaskInstance: ELT-PROJECT.transform.raw_customers.run scheduled__2024-07-07T00:00:00+00:00 [running]> on host airflow-scheduler
[2024-07-14T04:36:20.638+0000] {taskinstance.py:2648} INFO - Exporting env vars: AIRFLOW_CTX_DAG_OWNER='Data-Ninja' AIRFLOW_CTX_DAG_ID='ELT-PROJECT' AIRFLOW_CTX_TASK_ID='transform.raw_customers.run' AIRFLOW_CTX_EXECUTION_DATE='2024-07-07T00:00:00+00:00' AIRFLOW_CTX_TRY_NUMBER='1' AIRFLOW_CTX_DAG_RUN_ID='scheduled__2024-07-07T00:00:00+00:00'
[2024-07-14T04:36:20.641+0000] {taskinstance.py:430} INFO - ::endgroup::
[2024-07-14T04:36:20.664+0000] {local.py:174} INFO - Could not import dbtRunner. Falling back to subprocess for invoking dbt.
[2024-07-14T04:36:20.678+0000] {local.py:292} INFO - Cloning project to writable temp directory /tmp/tmpxzz_xpxk from /opt/airflow/dags/dbt/dbt_project
[2024-07-14T04:36:20.730+0000] {local.py:303} INFO - Partial parse is enabled and the latest partial parse file is /tmp/cosmos/ELT-PROJECT__transform/target/partial_parse.msgpack
[2024-07-14T04:36:21.210+0000] {base.py:84} INFO - Using connection ID 'snow_conn' for task execution.
[2024-07-14T04:36:21.223+0000] {crypto.py:82} WARNING - empty cryptography key - values will not be stored encrypted.
[2024-07-14T04:36:21.224+0000] {config.py:298} INFO - Profile caching is enable.
[2024-07-14T04:36:21.276+0000] {config.py:272} INFO - Profile found in cache using profile: /tmp/cosmos/profile/a0017dab0633177292578162811b91dcb9c56d6e54017e9660056cc364a762ad/profiles.yml.
[2024-07-14T04:36:21.291+0000] {local.py:247} INFO - Trying to run the command:
 ['/opt/airflow/dbt_venv/bin/dbt', 'deps', '--project-dir', '/tmp/tmpxzz_xpxk', '--profiles-dir', '/tmp/cosmos/profile/a0017dab0633177292578162811b91dcb9c56d6e54017e9660056cc364a762ad', '--profile', 'dbt_project', '--target', 'dev']
From /tmp/tmpxzz_xpxk
[2024-07-14T04:36:21.313+0000] {subprocess.py:60} INFO - Tmp dir root location: 
 /tmp
[2024-07-14T04:36:21.315+0000] {subprocess.py:73} INFO - Running command: ['/opt/airflow/dbt_venv/bin/dbt', 'deps', '--project-dir', '/tmp/tmpxzz_xpxk', '--profiles-dir', '/tmp/cosmos/profile/a0017dab0633177292578162811b91dcb9c56d6e54017e9660056cc364a762ad', '--profile', 'dbt_project', '--target', 'dev']
[2024-07-14T04:36:21.413+0000] {subprocess.py:84} INFO - Command output:
[2024-07-14T04:36:40.334+0000] {subprocess.py:94} INFO - [0m04:36:40  Running with dbt=1.8.3
[2024-07-14T04:36:41.962+0000] {subprocess.py:94} INFO - [0m04:36:41  Updating lock file in file path: /tmp/tmpxzz_xpxk/package-lock.yml
[2024-07-14T04:36:42.007+0000] {subprocess.py:94} INFO - [0m04:36:42  Installing dbt-labs/dbt_utils
[2024-07-14T04:36:42.684+0000] {subprocess.py:94} INFO - [0m04:36:42  Installed from version 0.8.6
[2024-07-14T04:36:42.692+0000] {subprocess.py:94} INFO - [0m04:36:42  Updated version available: 1.2.0
[2024-07-14T04:36:42.703+0000] {subprocess.py:94} INFO - [0m04:36:42
[2024-07-14T04:36:42.707+0000] {subprocess.py:94} INFO - [0m04:36:42  Updates available for packages: ['dbt-labs/dbt_utils']
[2024-07-14T04:36:42.718+0000] {subprocess.py:94} INFO - Update your versions in packages.yml, then run dbt deps
[2024-07-14T04:36:44.820+0000] {subprocess.py:98} INFO - Command exited with return code 0
[2024-07-14T04:36:44.824+0000] {local.py:254} INFO - Update your versions in packages.yml, then run dbt deps
[2024-07-14T04:36:44.826+0000] {local.py:247} INFO - Trying to run the command:
 ['/opt/airflow/dbt_venv/bin/dbt', 'run', '--models', 'raw_customers', '--project-dir', '/tmp/tmpxzz_xpxk', '--profiles-dir', '/tmp/cosmos/profile/a0017dab0633177292578162811b91dcb9c56d6e54017e9660056cc364a762ad', '--profile', 'dbt_project', '--target', 'dev']
From /tmp/tmpxzz_xpxk
[2024-07-14T04:36:44.830+0000] {subprocess.py:60} INFO - Tmp dir root location: 
 /tmp
[2024-07-14T04:36:44.843+0000] {subprocess.py:73} INFO - Running command: ['/opt/airflow/dbt_venv/bin/dbt', 'run', '--models', 'raw_customers', '--project-dir', '/tmp/tmpxzz_xpxk', '--profiles-dir', '/tmp/cosmos/profile/a0017dab0633177292578162811b91dcb9c56d6e54017e9660056cc364a762ad', '--profile', 'dbt_project', '--target', 'dev']
[2024-07-14T04:36:44.922+0000] {subprocess.py:84} INFO - Command output:
[2024-07-14T04:36:59.263+0000] {subprocess.py:94} INFO - [0m04:36:59  Running with dbt=1.8.3
[2024-07-14T04:37:02.838+0000] {subprocess.py:94} INFO - [0m04:37:02  Registered adapter: snowflake=1.8.3
[2024-07-14T04:37:09.325+0000] {subprocess.py:94} INFO - [0m04:37:09  Found 20 models, 27 data tests, 11 sources, 684 macros
[2024-07-14T04:37:09.370+0000] {subprocess.py:94} INFO - [0m04:37:09
[2024-07-14T04:37:22.608+0000] {subprocess.py:94} INFO - [0m04:37:22  Concurrency: 1 threads (target='dev')
[2024-07-14T04:37:22.612+0000] {subprocess.py:94} INFO - [0m04:37:22
[2024-07-14T04:37:22.774+0000] {subprocess.py:94} INFO - [0m04:37:22  1 of 1 START sql table model raw.raw_customers ................................. [RUN]
[2024-07-14T04:37:25.789+0000] {subprocess.py:94} INFO - [0m04:37:25  1 of 1 OK created sql table model raw.raw_customers ............................ [[32mSUCCESS 1[0m in 2.93s]
[2024-07-14T04:37:25.820+0000] {subprocess.py:94} INFO - [0m04:37:25
[2024-07-14T04:37:25.836+0000] {subprocess.py:94} INFO - [0m04:37:25  Finished running 1 table model in 0 hours 0 minutes and 16.45 seconds (16.45s).
[2024-07-14T04:37:27.176+0000] {subprocess.py:94} INFO - [0m04:37:27
[2024-07-14T04:37:27.184+0000] {subprocess.py:94} INFO - [0m04:37:27  [32mCompleted successfully[0m
[2024-07-14T04:37:27.189+0000] {subprocess.py:94} INFO - [0m04:37:27
[2024-07-14T04:37:27.193+0000] {subprocess.py:94} INFO - [0m04:37:27  Done. PASS=1 WARN=0 ERROR=0 SKIP=0 TOTAL=1
[2024-07-14T04:37:35.019+0000] {subprocess.py:98} INFO - Command exited with return code 0
[2024-07-14T04:37:35.029+0000] {local.py:254} INFO - [0m04:37:27  Done. PASS=1 WARN=0 ERROR=0 SKIP=0 TOTAL=1
[2024-07-14T04:37:36.231+0000] {local.py:196} WARNING - Artifact schema version: https://schemas.getdbt.com/dbt/manifest/v12.json is above dbt-ol supported version 7. This might cause errors.
[2024-07-14T04:37:36.233+0000] {local.py:196} WARNING - Artifact schema version: https://schemas.getdbt.com/dbt/run-results/v6.json is above dbt-ol supported version 5. This might cause errors.
[2024-07-14T04:37:36.278+0000] {local.py:349} INFO - Inlets: [Dataset(uri='snowflake://OU00370.europe-west2.gcp/ELT_BATCH.PUBLIC.customers', extra=None)]
[2024-07-14T04:37:36.291+0000] {local.py:350} INFO - Outlets: [Dataset(uri='snowflake://OU00370.europe-west2.gcp/ELT_BATCH.raw.raw_customers', extra=None)]
[2024-07-14T04:37:36.294+0000] {dag.py:3096} INFO - Sync 1 DAGs
[2024-07-14T04:37:36.586+0000] {taskinstance.py:441} INFO - ::group::Post task execution logs
[2024-07-14T04:37:36.931+0000] {taskinstance.py:1206} INFO - Marking task as SUCCESS. dag_id=ELT-PROJECT, task_id=transform.raw_customers.run, run_id=scheduled__2024-07-07T00:00:00+00:00, execution_date=20240707T000000, start_date=20240714T043618, end_date=20240714T043736
[2024-07-14T04:37:38.488+0000] {local_task_job_runner.py:240} INFO - Task exited with return code 0
[2024-07-14T04:37:38.610+0000] {local_task_job_runner.py:222} INFO - ::endgroup::
