[2024-07-14T04:31:25.690+0000] {local_task_job_runner.py:120} INFO - ::group::Pre task execution logs
[2024-07-14T04:31:25.796+0000] {taskinstance.py:2076} INFO - Dependencies all met for dep_context=non-requeueable deps ti=<TaskInstance: ELT-PROJECT.transform.fact_order_details.run scheduled__2024-07-10T00:00:00+00:00 [queued]>
[2024-07-14T04:31:25.950+0000] {taskinstance.py:2076} INFO - Dependencies all met for dep_context=requeueable deps ti=<TaskInstance: ELT-PROJECT.transform.fact_order_details.run scheduled__2024-07-10T00:00:00+00:00 [queued]>
[2024-07-14T04:31:25.954+0000] {taskinstance.py:2306} INFO - Starting attempt 1 of 2
[2024-07-14T04:31:26.101+0000] {taskinstance.py:2330} INFO - Executing <Task(DbtRunLocalOperator): transform.fact_order_details.run> on 2024-07-10 00:00:00+00:00
[2024-07-14T04:31:26.120+0000] {logging_mixin.py:188} WARNING - /home/airflow/.local/lib/python3.12/site-packages/airflow/task/task_runner/standard_task_runner.py:61 DeprecationWarning: This process (pid=18329) is multi-threaded, use of fork() may lead to deadlocks in the child.
[2024-07-14T04:31:26.137+0000] {standard_task_runner.py:63} INFO - Started process 18350 to run task
[2024-07-14T04:31:26.134+0000] {standard_task_runner.py:90} INFO - Running: ['airflow', 'tasks', 'run', 'ELT-PROJECT', 'transform.fact_order_details.run', 'scheduled__2024-07-10T00:00:00+00:00', '--job-id', '1405', '--raw', '--subdir', 'DAGS_FOLDER/elt.py', '--cfg-path', '/tmp/tmphaiul_lh']
[2024-07-14T04:31:26.144+0000] {standard_task_runner.py:91} INFO - Job 1405: Subtask transform.fact_order_details.run
[2024-07-14T04:31:26.259+0000] {logging_mixin.py:188} WARNING - /home/airflow/.local/lib/python3.12/site-packages/airflow/settings.py:195 DeprecationWarning: The sql_alchemy_conn option in [core] has been moved to the sql_alchemy_conn option in [database] - the old setting has been used, but please update your config.
[2024-07-14T04:31:26.594+0000] {task_command.py:426} INFO - Running <TaskInstance: ELT-PROJECT.transform.fact_order_details.run scheduled__2024-07-10T00:00:00+00:00 [running]> on host airflow-scheduler
[2024-07-14T04:31:27.336+0000] {taskinstance.py:2648} INFO - Exporting env vars: AIRFLOW_CTX_DAG_OWNER='Data-Ninja' AIRFLOW_CTX_DAG_ID='ELT-PROJECT' AIRFLOW_CTX_TASK_ID='transform.fact_order_details.run' AIRFLOW_CTX_EXECUTION_DATE='2024-07-10T00:00:00+00:00' AIRFLOW_CTX_TRY_NUMBER='1' AIRFLOW_CTX_DAG_RUN_ID='scheduled__2024-07-10T00:00:00+00:00'
[2024-07-14T04:31:27.343+0000] {taskinstance.py:430} INFO - ::endgroup::
[2024-07-14T04:31:27.373+0000] {local.py:174} INFO - Could not import dbtRunner. Falling back to subprocess for invoking dbt.
[2024-07-14T04:31:27.376+0000] {local.py:292} INFO - Cloning project to writable temp directory /tmp/tmpyyfliqvp from /opt/airflow/dags/dbt/dbt_project
[2024-07-14T04:31:27.385+0000] {local.py:303} INFO - Partial parse is enabled and the latest partial parse file is /tmp/cosmos/ELT-PROJECT__transform/target/partial_parse.msgpack
[2024-07-14T04:31:27.577+0000] {base.py:84} INFO - Using connection ID 'snow_conn' for task execution.
[2024-07-14T04:31:27.580+0000] {crypto.py:82} WARNING - empty cryptography key - values will not be stored encrypted.
[2024-07-14T04:31:27.581+0000] {config.py:298} INFO - Profile caching is enable.
[2024-07-14T04:31:27.587+0000] {config.py:272} INFO - Profile found in cache using profile: /tmp/cosmos/profile/a0017dab0633177292578162811b91dcb9c56d6e54017e9660056cc364a762ad/profiles.yml.
[2024-07-14T04:31:27.589+0000] {local.py:247} INFO - Trying to run the command:
 ['/opt/airflow/dbt_venv/bin/dbt', 'deps', '--project-dir', '/tmp/tmpyyfliqvp', '--profiles-dir', '/tmp/cosmos/profile/a0017dab0633177292578162811b91dcb9c56d6e54017e9660056cc364a762ad', '--profile', 'dbt_project', '--target', 'dev']
From /tmp/tmpyyfliqvp
[2024-07-14T04:31:27.592+0000] {subprocess.py:60} INFO - Tmp dir root location: 
 /tmp
[2024-07-14T04:31:27.595+0000] {subprocess.py:73} INFO - Running command: ['/opt/airflow/dbt_venv/bin/dbt', 'deps', '--project-dir', '/tmp/tmpyyfliqvp', '--profiles-dir', '/tmp/cosmos/profile/a0017dab0633177292578162811b91dcb9c56d6e54017e9660056cc364a762ad', '--profile', 'dbt_project', '--target', 'dev']
[2024-07-14T04:31:27.681+0000] {subprocess.py:84} INFO - Command output:
[2024-07-14T04:31:43.268+0000] {subprocess.py:94} INFO - [0m04:31:43  Running with dbt=1.8.3
[2024-07-14T04:31:44.611+0000] {subprocess.py:94} INFO - [0m04:31:44  Updating lock file in file path: /tmp/tmpyyfliqvp/package-lock.yml
[2024-07-14T04:31:44.655+0000] {subprocess.py:94} INFO - [0m04:31:44  Installing dbt-labs/dbt_utils
[2024-07-14T04:31:45.619+0000] {subprocess.py:94} INFO - [0m04:31:45  Installed from version 0.8.6
[2024-07-14T04:31:45.623+0000] {subprocess.py:94} INFO - [0m04:31:45  Updated version available: 1.2.0
[2024-07-14T04:31:45.638+0000] {subprocess.py:94} INFO - [0m04:31:45
[2024-07-14T04:31:45.643+0000] {subprocess.py:94} INFO - [0m04:31:45  Updates available for packages: ['dbt-labs/dbt_utils']
[2024-07-14T04:31:45.646+0000] {subprocess.py:94} INFO - Update your versions in packages.yml, then run dbt deps
[2024-07-14T04:31:47.964+0000] {subprocess.py:98} INFO - Command exited with return code 0
[2024-07-14T04:31:47.966+0000] {local.py:254} INFO - Update your versions in packages.yml, then run dbt deps
[2024-07-14T04:31:47.968+0000] {local.py:247} INFO - Trying to run the command:
 ['/opt/airflow/dbt_venv/bin/dbt', 'run', '--models', 'fact_order_details', '--project-dir', '/tmp/tmpyyfliqvp', '--profiles-dir', '/tmp/cosmos/profile/a0017dab0633177292578162811b91dcb9c56d6e54017e9660056cc364a762ad', '--profile', 'dbt_project', '--target', 'dev']
From /tmp/tmpyyfliqvp
[2024-07-14T04:31:47.969+0000] {subprocess.py:60} INFO - Tmp dir root location: 
 /tmp
[2024-07-14T04:31:47.972+0000] {subprocess.py:73} INFO - Running command: ['/opt/airflow/dbt_venv/bin/dbt', 'run', '--models', 'fact_order_details', '--project-dir', '/tmp/tmpyyfliqvp', '--profiles-dir', '/tmp/cosmos/profile/a0017dab0633177292578162811b91dcb9c56d6e54017e9660056cc364a762ad', '--profile', 'dbt_project', '--target', 'dev']
[2024-07-14T04:31:48.029+0000] {subprocess.py:84} INFO - Command output:
[2024-07-14T04:32:03.572+0000] {subprocess.py:94} INFO - [0m04:32:03  Running with dbt=1.8.3
[2024-07-14T04:32:08.162+0000] {subprocess.py:94} INFO - [0m04:32:08  Registered adapter: snowflake=1.8.3
[2024-07-14T04:32:14.343+0000] {subprocess.py:94} INFO - [0m04:32:14  Found 20 models, 27 data tests, 11 sources, 684 macros
[2024-07-14T04:32:14.359+0000] {subprocess.py:94} INFO - [0m04:32:14
[2024-07-14T04:32:24.530+0000] {subprocess.py:94} INFO - [0m04:32:24  Concurrency: 1 threads (target='dev')
[2024-07-14T04:32:24.541+0000] {subprocess.py:94} INFO - [0m04:32:24
[2024-07-14T04:32:24.656+0000] {subprocess.py:94} INFO - [0m04:32:24  1 of 1 START sql table model dwh.fact_order_details ............................ [RUN]
[2024-07-14T04:32:27.659+0000] {subprocess.py:94} INFO - [0m04:32:27  1 of 1 OK created sql table model dwh.fact_order_details ....................... [[32mSUCCESS 1[0m in 2.99s]
[2024-07-14T04:32:27.690+0000] {subprocess.py:94} INFO - [0m04:32:27
[2024-07-14T04:32:27.696+0000] {subprocess.py:94} INFO - [0m04:32:27  Finished running 1 table model in 0 hours 0 minutes and 13.31 seconds (13.31s).
[2024-07-14T04:32:28.313+0000] {subprocess.py:94} INFO - [0m04:32:28
[2024-07-14T04:32:28.316+0000] {subprocess.py:94} INFO - [0m04:32:28  [32mCompleted successfully[0m
[2024-07-14T04:32:28.320+0000] {subprocess.py:94} INFO - [0m04:32:28
[2024-07-14T04:32:28.325+0000] {subprocess.py:94} INFO - [0m04:32:28  Done. PASS=1 WARN=0 ERROR=0 SKIP=0 TOTAL=1
[2024-07-14T04:32:30.958+0000] {subprocess.py:98} INFO - Command exited with return code 0
[2024-07-14T04:32:30.960+0000] {local.py:254} INFO - [0m04:32:28  Done. PASS=1 WARN=0 ERROR=0 SKIP=0 TOTAL=1
[2024-07-14T04:32:31.860+0000] {local.py:196} WARNING - Artifact schema version: https://schemas.getdbt.com/dbt/manifest/v12.json is above dbt-ol supported version 7. This might cause errors.
[2024-07-14T04:32:31.862+0000] {local.py:196} WARNING - Artifact schema version: https://schemas.getdbt.com/dbt/run-results/v6.json is above dbt-ol supported version 5. This might cause errors.
[2024-07-14T04:32:31.893+0000] {local.py:349} INFO - Inlets: [Dataset(uri='snowflake://OU00370.europe-west2.gcp/ELT_BATCH.dwh.dim_products', extra=None), Dataset(uri='snowflake://OU00370.europe-west2.gcp/ELT_BATCH.dwh.fact_orders', extra=None), Dataset(uri='snowflake://OU00370.europe-west2.gcp/ELT_BATCH.raw.raw_order_details', extra=None)]
[2024-07-14T04:32:31.907+0000] {local.py:350} INFO - Outlets: [Dataset(uri='snowflake://OU00370.europe-west2.gcp/ELT_BATCH.dwh.fact_order_details', extra=None)]
[2024-07-14T04:32:31.910+0000] {dag.py:3096} INFO - Sync 1 DAGs
[2024-07-14T04:32:32.160+0000] {taskinstance.py:441} INFO - ::group::Post task execution logs
[2024-07-14T04:32:32.364+0000] {taskinstance.py:1206} INFO - Marking task as SUCCESS. dag_id=ELT-PROJECT, task_id=transform.fact_order_details.run, run_id=scheduled__2024-07-10T00:00:00+00:00, execution_date=20240710T000000, start_date=20240714T043125, end_date=20240714T043232
[2024-07-14T04:32:33.006+0000] {local_task_job_runner.py:240} INFO - Task exited with return code 0
[2024-07-14T04:32:33.294+0000] {taskinstance.py:3503} INFO - 1 downstream tasks scheduled from follow-on schedule check
[2024-07-14T04:32:33.305+0000] {local_task_job_runner.py:222} INFO - ::endgroup::
