[2024-07-14T04:13:44.554+0000] {local_task_job_runner.py:120} INFO - ::group::Pre task execution logs
[2024-07-14T04:13:44.838+0000] {taskinstance.py:2076} INFO - Dependencies all met for dep_context=non-requeueable deps ti=<TaskInstance: ELT-PROJECT.transform.dim_categories.run scheduled__2024-07-07T00:00:00+00:00 [queued]>
[2024-07-14T04:13:44.915+0000] {taskinstance.py:2076} INFO - Dependencies all met for dep_context=requeueable deps ti=<TaskInstance: ELT-PROJECT.transform.dim_categories.run scheduled__2024-07-07T00:00:00+00:00 [queued]>
[2024-07-14T04:13:44.916+0000] {taskinstance.py:2306} INFO - Starting attempt 1 of 2
[2024-07-14T04:13:45.007+0000] {taskinstance.py:2330} INFO - Executing <Task(DbtRunLocalOperator): transform.dim_categories.run> on 2024-07-07 00:00:00+00:00
[2024-07-14T04:13:45.028+0000] {logging_mixin.py:188} WARNING - /home/airflow/.local/lib/python3.12/site-packages/airflow/task/task_runner/standard_task_runner.py:61 DeprecationWarning: This process (pid=14712) is multi-threaded, use of fork() may lead to deadlocks in the child.
[2024-07-14T04:13:45.036+0000] {standard_task_runner.py:63} INFO - Started process 14730 to run task
[2024-07-14T04:13:45.050+0000] {standard_task_runner.py:90} INFO - Running: ['airflow', 'tasks', 'run', 'ELT-PROJECT', 'transform.dim_categories.run', 'scheduled__2024-07-07T00:00:00+00:00', '--job-id', '1187', '--raw', '--subdir', 'DAGS_FOLDER/elt.py', '--cfg-path', '/tmp/tmp_w0guhen']
[2024-07-14T04:13:45.066+0000] {standard_task_runner.py:91} INFO - Job 1187: Subtask transform.dim_categories.run
[2024-07-14T04:13:45.176+0000] {logging_mixin.py:188} WARNING - /home/airflow/.local/lib/python3.12/site-packages/airflow/settings.py:195 DeprecationWarning: The sql_alchemy_conn option in [core] has been moved to the sql_alchemy_conn option in [database] - the old setting has been used, but please update your config.
[2024-07-14T04:13:45.375+0000] {task_command.py:426} INFO - Running <TaskInstance: ELT-PROJECT.transform.dim_categories.run scheduled__2024-07-07T00:00:00+00:00 [running]> on host airflow-scheduler
[2024-07-14T04:13:45.958+0000] {taskinstance.py:2648} INFO - Exporting env vars: AIRFLOW_CTX_DAG_OWNER='Data-Ninja' AIRFLOW_CTX_DAG_ID='ELT-PROJECT' AIRFLOW_CTX_TASK_ID='transform.dim_categories.run' AIRFLOW_CTX_EXECUTION_DATE='2024-07-07T00:00:00+00:00' AIRFLOW_CTX_TRY_NUMBER='1' AIRFLOW_CTX_DAG_RUN_ID='scheduled__2024-07-07T00:00:00+00:00'
[2024-07-14T04:13:45.962+0000] {taskinstance.py:430} INFO - ::endgroup::
[2024-07-14T04:13:45.974+0000] {local.py:174} INFO - Could not import dbtRunner. Falling back to subprocess for invoking dbt.
[2024-07-14T04:13:45.989+0000] {local.py:292} INFO - Cloning project to writable temp directory /tmp/tmpzmhodd5e from /opt/airflow/dags/dbt/dbt_project
[2024-07-14T04:13:46.023+0000] {local.py:303} INFO - Partial parse is enabled and the latest partial parse file is /tmp/cosmos/ELT-PROJECT__transform/target/partial_parse.msgpack
[2024-07-14T04:13:46.163+0000] {base.py:84} INFO - Using connection ID 'snow_conn' for task execution.
[2024-07-14T04:13:46.165+0000] {crypto.py:82} WARNING - empty cryptography key - values will not be stored encrypted.
[2024-07-14T04:13:46.177+0000] {config.py:298} INFO - Profile caching is enable.
[2024-07-14T04:13:46.183+0000] {config.py:272} INFO - Profile found in cache using profile: /tmp/cosmos/profile/a0017dab0633177292578162811b91dcb9c56d6e54017e9660056cc364a762ad/profiles.yml.
[2024-07-14T04:13:46.188+0000] {local.py:247} INFO - Trying to run the command:
 ['/opt/airflow/dbt_venv/bin/dbt', 'deps', '--project-dir', '/tmp/tmpzmhodd5e', '--profiles-dir', '/tmp/cosmos/profile/a0017dab0633177292578162811b91dcb9c56d6e54017e9660056cc364a762ad', '--profile', 'dbt_project', '--target', 'dev']
From /tmp/tmpzmhodd5e
[2024-07-14T04:13:46.195+0000] {subprocess.py:60} INFO - Tmp dir root location: 
 /tmp
[2024-07-14T04:13:46.199+0000] {subprocess.py:73} INFO - Running command: ['/opt/airflow/dbt_venv/bin/dbt', 'deps', '--project-dir', '/tmp/tmpzmhodd5e', '--profiles-dir', '/tmp/cosmos/profile/a0017dab0633177292578162811b91dcb9c56d6e54017e9660056cc364a762ad', '--profile', 'dbt_project', '--target', 'dev']
[2024-07-14T04:13:46.307+0000] {subprocess.py:84} INFO - Command output:
[2024-07-14T04:13:58.770+0000] {subprocess.py:94} INFO - [0m04:13:58  Running with dbt=1.8.3
[2024-07-14T04:13:59.678+0000] {subprocess.py:94} INFO - [0m04:13:59  Updating lock file in file path: /tmp/tmpzmhodd5e/package-lock.yml
[2024-07-14T04:13:59.710+0000] {subprocess.py:94} INFO - [0m04:13:59  Installing dbt-labs/dbt_utils
[2024-07-14T04:14:00.276+0000] {subprocess.py:94} INFO - [0m04:14:00  Installed from version 0.8.6
[2024-07-14T04:14:00.279+0000] {subprocess.py:94} INFO - [0m04:14:00  Updated version available: 1.2.0
[2024-07-14T04:14:00.282+0000] {subprocess.py:94} INFO - [0m04:14:00
[2024-07-14T04:14:00.284+0000] {subprocess.py:94} INFO - [0m04:14:00  Updates available for packages: ['dbt-labs/dbt_utils']
[2024-07-14T04:14:00.287+0000] {subprocess.py:94} INFO - Update your versions in packages.yml, then run dbt deps
[2024-07-14T04:14:05.563+0000] {subprocess.py:98} INFO - Command exited with return code 0
[2024-07-14T04:14:05.572+0000] {local.py:254} INFO - Update your versions in packages.yml, then run dbt deps
[2024-07-14T04:14:05.575+0000] {local.py:247} INFO - Trying to run the command:
 ['/opt/airflow/dbt_venv/bin/dbt', 'run', '--models', 'dim_categories', '--project-dir', '/tmp/tmpzmhodd5e', '--profiles-dir', '/tmp/cosmos/profile/a0017dab0633177292578162811b91dcb9c56d6e54017e9660056cc364a762ad', '--profile', 'dbt_project', '--target', 'dev']
From /tmp/tmpzmhodd5e
[2024-07-14T04:14:05.582+0000] {subprocess.py:60} INFO - Tmp dir root location: 
 /tmp
[2024-07-14T04:14:05.588+0000] {subprocess.py:73} INFO - Running command: ['/opt/airflow/dbt_venv/bin/dbt', 'run', '--models', 'dim_categories', '--project-dir', '/tmp/tmpzmhodd5e', '--profiles-dir', '/tmp/cosmos/profile/a0017dab0633177292578162811b91dcb9c56d6e54017e9660056cc364a762ad', '--profile', 'dbt_project', '--target', 'dev']
[2024-07-14T04:14:05.679+0000] {subprocess.py:84} INFO - Command output:
[2024-07-14T04:14:27.371+0000] {subprocess.py:94} INFO - [0m04:14:27  Running with dbt=1.8.3
[2024-07-14T04:14:32.033+0000] {subprocess.py:94} INFO - [0m04:14:32  Registered adapter: snowflake=1.8.3
[2024-07-14T04:14:38.315+0000] {subprocess.py:94} INFO - [0m04:14:38  Found 20 models, 27 data tests, 11 sources, 684 macros
[2024-07-14T04:14:38.345+0000] {subprocess.py:94} INFO - [0m04:14:38
[2024-07-14T04:14:47.687+0000] {subprocess.py:94} INFO - [0m04:14:47  Concurrency: 1 threads (target='dev')
[2024-07-14T04:14:47.703+0000] {subprocess.py:94} INFO - [0m04:14:47
[2024-07-14T04:14:47.831+0000] {subprocess.py:94} INFO - [0m04:14:47  1 of 1 START sql table model dwh.dim_categories ................................ [RUN]
[2024-07-14T04:14:51.224+0000] {subprocess.py:94} INFO - [0m04:14:51  1 of 1 OK created sql table model dwh.dim_categories ........................... [[32mSUCCESS 1[0m in 3.36s]
[2024-07-14T04:14:51.250+0000] {subprocess.py:94} INFO - [0m04:14:51
[2024-07-14T04:14:51.252+0000] {subprocess.py:94} INFO - [0m04:14:51  Finished running 1 table model in 0 hours 0 minutes and 12.90 seconds (12.90s).
[2024-07-14T04:14:51.710+0000] {subprocess.py:94} INFO - [0m04:14:51
[2024-07-14T04:14:51.714+0000] {subprocess.py:94} INFO - [0m04:14:51  [32mCompleted successfully[0m
[2024-07-14T04:14:51.717+0000] {subprocess.py:94} INFO - [0m04:14:51
[2024-07-14T04:14:51.722+0000] {subprocess.py:94} INFO - [0m04:14:51  Done. PASS=1 WARN=0 ERROR=0 SKIP=0 TOTAL=1
[2024-07-14T04:14:54.219+0000] {subprocess.py:98} INFO - Command exited with return code 0
[2024-07-14T04:14:54.222+0000] {local.py:254} INFO - [0m04:14:51  Done. PASS=1 WARN=0 ERROR=0 SKIP=0 TOTAL=1
[2024-07-14T04:14:56.055+0000] {local.py:196} WARNING - Artifact schema version: https://schemas.getdbt.com/dbt/manifest/v12.json is above dbt-ol supported version 7. This might cause errors.
[2024-07-14T04:14:56.074+0000] {local.py:196} WARNING - Artifact schema version: https://schemas.getdbt.com/dbt/run-results/v6.json is above dbt-ol supported version 5. This might cause errors.
[2024-07-14T04:14:56.112+0000] {local.py:349} INFO - Inlets: [Dataset(uri='snowflake://OU00370.europe-west2.gcp/ELT_BATCH.raw.raw_categories', extra=None)]
[2024-07-14T04:14:56.120+0000] {local.py:350} INFO - Outlets: [Dataset(uri='snowflake://OU00370.europe-west2.gcp/ELT_BATCH.dwh.dim_categories', extra=None)]
[2024-07-14T04:14:56.124+0000] {dag.py:3096} INFO - Sync 1 DAGs
[2024-07-14T04:14:56.554+0000] {taskinstance.py:441} INFO - ::group::Post task execution logs
[2024-07-14T04:14:56.739+0000] {taskinstance.py:1206} INFO - Marking task as SUCCESS. dag_id=ELT-PROJECT, task_id=transform.dim_categories.run, run_id=scheduled__2024-07-07T00:00:00+00:00, execution_date=20240707T000000, start_date=20240714T041344, end_date=20240714T041456
[2024-07-14T04:14:58.037+0000] {local_task_job_runner.py:240} INFO - Task exited with return code 0
[2024-07-14T04:14:58.096+0000] {local_task_job_runner.py:222} INFO - ::endgroup::
