[2024-07-14T04:12:15.310+0000] {local_task_job_runner.py:120} INFO - ::group::Pre task execution logs
[2024-07-14T04:12:15.408+0000] {taskinstance.py:2076} INFO - Dependencies all met for dep_context=non-requeueable deps ti=<TaskInstance: ELT-PROJECT.transform.dim_categories.run scheduled__2024-07-03T00:00:00+00:00 [queued]>
[2024-07-14T04:12:15.490+0000] {taskinstance.py:2076} INFO - Dependencies all met for dep_context=requeueable deps ti=<TaskInstance: ELT-PROJECT.transform.dim_categories.run scheduled__2024-07-03T00:00:00+00:00 [queued]>
[2024-07-14T04:12:15.491+0000] {taskinstance.py:2306} INFO - Starting attempt 1 of 2
[2024-07-14T04:12:16.195+0000] {taskinstance.py:2330} INFO - Executing <Task(DbtRunLocalOperator): transform.dim_categories.run> on 2024-07-03 00:00:00+00:00
[2024-07-14T04:12:16.233+0000] {logging_mixin.py:188} WARNING - /home/airflow/.local/lib/python3.12/site-packages/airflow/task/task_runner/standard_task_runner.py:61 DeprecationWarning: This process (pid=14377) is multi-threaded, use of fork() may lead to deadlocks in the child.
[2024-07-14T04:12:16.237+0000] {standard_task_runner.py:63} INFO - Started process 14421 to run task
[2024-07-14T04:12:16.228+0000] {standard_task_runner.py:90} INFO - Running: ['airflow', 'tasks', 'run', 'ELT-PROJECT', 'transform.dim_categories.run', 'scheduled__2024-07-03T00:00:00+00:00', '--job-id', '1168', '--raw', '--subdir', 'DAGS_FOLDER/elt.py', '--cfg-path', '/tmp/tmpbi2tnn4d']
[2024-07-14T04:12:16.252+0000] {standard_task_runner.py:91} INFO - Job 1168: Subtask transform.dim_categories.run
[2024-07-14T04:12:16.313+0000] {logging_mixin.py:188} WARNING - /home/airflow/.local/lib/python3.12/site-packages/airflow/settings.py:195 DeprecationWarning: The sql_alchemy_conn option in [core] has been moved to the sql_alchemy_conn option in [database] - the old setting has been used, but please update your config.
[2024-07-14T04:12:16.572+0000] {task_command.py:426} INFO - Running <TaskInstance: ELT-PROJECT.transform.dim_categories.run scheduled__2024-07-03T00:00:00+00:00 [running]> on host airflow-scheduler
[2024-07-14T04:12:17.120+0000] {taskinstance.py:2648} INFO - Exporting env vars: AIRFLOW_CTX_DAG_OWNER='Data-Ninja' AIRFLOW_CTX_DAG_ID='ELT-PROJECT' AIRFLOW_CTX_TASK_ID='transform.dim_categories.run' AIRFLOW_CTX_EXECUTION_DATE='2024-07-03T00:00:00+00:00' AIRFLOW_CTX_TRY_NUMBER='1' AIRFLOW_CTX_DAG_RUN_ID='scheduled__2024-07-03T00:00:00+00:00'
[2024-07-14T04:12:17.123+0000] {taskinstance.py:430} INFO - ::endgroup::
[2024-07-14T04:12:17.128+0000] {local.py:174} INFO - Could not import dbtRunner. Falling back to subprocess for invoking dbt.
[2024-07-14T04:12:17.137+0000] {local.py:292} INFO - Cloning project to writable temp directory /tmp/tmpyvu10_bh from /opt/airflow/dags/dbt/dbt_project
[2024-07-14T04:12:17.155+0000] {local.py:303} INFO - Partial parse is enabled and the latest partial parse file is /tmp/cosmos/ELT-PROJECT__transform/target/partial_parse.msgpack
[2024-07-14T04:12:17.324+0000] {base.py:84} INFO - Using connection ID 'snow_conn' for task execution.
[2024-07-14T04:12:17.326+0000] {crypto.py:82} WARNING - empty cryptography key - values will not be stored encrypted.
[2024-07-14T04:12:17.327+0000] {config.py:298} INFO - Profile caching is enable.
[2024-07-14T04:12:17.341+0000] {config.py:272} INFO - Profile found in cache using profile: /tmp/cosmos/profile/a0017dab0633177292578162811b91dcb9c56d6e54017e9660056cc364a762ad/profiles.yml.
[2024-07-14T04:12:17.352+0000] {local.py:247} INFO - Trying to run the command:
 ['/opt/airflow/dbt_venv/bin/dbt', 'deps', '--project-dir', '/tmp/tmpyvu10_bh', '--profiles-dir', '/tmp/cosmos/profile/a0017dab0633177292578162811b91dcb9c56d6e54017e9660056cc364a762ad', '--profile', 'dbt_project', '--target', 'dev']
From /tmp/tmpyvu10_bh
[2024-07-14T04:12:17.367+0000] {subprocess.py:60} INFO - Tmp dir root location: 
 /tmp
[2024-07-14T04:12:17.369+0000] {subprocess.py:73} INFO - Running command: ['/opt/airflow/dbt_venv/bin/dbt', 'deps', '--project-dir', '/tmp/tmpyvu10_bh', '--profiles-dir', '/tmp/cosmos/profile/a0017dab0633177292578162811b91dcb9c56d6e54017e9660056cc364a762ad', '--profile', 'dbt_project', '--target', 'dev']
[2024-07-14T04:12:17.446+0000] {subprocess.py:84} INFO - Command output:
[2024-07-14T04:12:34.271+0000] {subprocess.py:94} INFO - [0m04:12:34  Running with dbt=1.8.3
[2024-07-14T04:12:36.937+0000] {subprocess.py:94} INFO - [0m04:12:36  Updating lock file in file path: /tmp/tmpyvu10_bh/package-lock.yml
[2024-07-14T04:12:36.993+0000] {subprocess.py:94} INFO - [0m04:12:36  Installing dbt-labs/dbt_utils
[2024-07-14T04:12:37.809+0000] {subprocess.py:94} INFO - [0m04:12:37  Installed from version 0.8.6
[2024-07-14T04:12:37.818+0000] {subprocess.py:94} INFO - [0m04:12:37  Updated version available: 1.2.0
[2024-07-14T04:12:37.826+0000] {subprocess.py:94} INFO - [0m04:12:37
[2024-07-14T04:12:37.830+0000] {subprocess.py:94} INFO - [0m04:12:37  Updates available for packages: ['dbt-labs/dbt_utils']
[2024-07-14T04:12:37.833+0000] {subprocess.py:94} INFO - Update your versions in packages.yml, then run dbt deps
[2024-07-14T04:12:40.459+0000] {subprocess.py:98} INFO - Command exited with return code 0
[2024-07-14T04:12:40.461+0000] {local.py:254} INFO - Update your versions in packages.yml, then run dbt deps
[2024-07-14T04:12:40.465+0000] {local.py:247} INFO - Trying to run the command:
 ['/opt/airflow/dbt_venv/bin/dbt', 'run', '--models', 'dim_categories', '--project-dir', '/tmp/tmpyvu10_bh', '--profiles-dir', '/tmp/cosmos/profile/a0017dab0633177292578162811b91dcb9c56d6e54017e9660056cc364a762ad', '--profile', 'dbt_project', '--target', 'dev']
From /tmp/tmpyvu10_bh
[2024-07-14T04:12:40.469+0000] {subprocess.py:60} INFO - Tmp dir root location: 
 /tmp
[2024-07-14T04:12:40.471+0000] {subprocess.py:73} INFO - Running command: ['/opt/airflow/dbt_venv/bin/dbt', 'run', '--models', 'dim_categories', '--project-dir', '/tmp/tmpyvu10_bh', '--profiles-dir', '/tmp/cosmos/profile/a0017dab0633177292578162811b91dcb9c56d6e54017e9660056cc364a762ad', '--profile', 'dbt_project', '--target', 'dev']
[2024-07-14T04:12:40.552+0000] {subprocess.py:84} INFO - Command output:
[2024-07-14T04:12:50.831+0000] {subprocess.py:94} INFO - [0m04:12:50  Running with dbt=1.8.3
[2024-07-14T04:12:53.325+0000] {subprocess.py:94} INFO - [0m04:12:53  Registered adapter: snowflake=1.8.3
[2024-07-14T04:12:58.480+0000] {subprocess.py:94} INFO - [0m04:12:58  Found 20 models, 27 data tests, 11 sources, 684 macros
[2024-07-14T04:12:58.496+0000] {subprocess.py:94} INFO - [0m04:12:58
[2024-07-14T04:13:07.508+0000] {subprocess.py:94} INFO - [0m04:13:07  Concurrency: 1 threads (target='dev')
[2024-07-14T04:13:07.525+0000] {subprocess.py:94} INFO - [0m04:13:07
[2024-07-14T04:13:07.695+0000] {subprocess.py:94} INFO - [0m04:13:07  1 of 1 START sql table model dwh.dim_categories ................................ [RUN]
[2024-07-14T04:13:10.673+0000] {subprocess.py:94} INFO - [0m04:13:10  1 of 1 OK created sql table model dwh.dim_categories ........................... [[32mSUCCESS 1[0m in 2.96s]
[2024-07-14T04:13:10.700+0000] {subprocess.py:94} INFO - [0m04:13:10
[2024-07-14T04:13:10.703+0000] {subprocess.py:94} INFO - [0m04:13:10  Finished running 1 table model in 0 hours 0 minutes and 12.20 seconds (12.20s).
[2024-07-14T04:13:11.288+0000] {subprocess.py:94} INFO - [0m04:13:11
[2024-07-14T04:13:11.310+0000] {subprocess.py:94} INFO - [0m04:13:11  [32mCompleted successfully[0m
[2024-07-14T04:13:11.312+0000] {subprocess.py:94} INFO - [0m04:13:11
[2024-07-14T04:13:11.314+0000] {subprocess.py:94} INFO - [0m04:13:11  Done. PASS=1 WARN=0 ERROR=0 SKIP=0 TOTAL=1
[2024-07-14T04:13:15.638+0000] {subprocess.py:98} INFO - Command exited with return code 0
[2024-07-14T04:13:15.641+0000] {local.py:254} INFO - [0m04:13:11  Done. PASS=1 WARN=0 ERROR=0 SKIP=0 TOTAL=1
[2024-07-14T04:13:17.007+0000] {local.py:196} WARNING - Artifact schema version: https://schemas.getdbt.com/dbt/manifest/v12.json is above dbt-ol supported version 7. This might cause errors.
[2024-07-14T04:13:17.009+0000] {local.py:196} WARNING - Artifact schema version: https://schemas.getdbt.com/dbt/run-results/v6.json is above dbt-ol supported version 5. This might cause errors.
[2024-07-14T04:13:17.055+0000] {local.py:349} INFO - Inlets: [Dataset(uri='snowflake://OU00370.europe-west2.gcp/ELT_BATCH.raw.raw_categories', extra=None)]
[2024-07-14T04:13:17.098+0000] {local.py:350} INFO - Outlets: [Dataset(uri='snowflake://OU00370.europe-west2.gcp/ELT_BATCH.dwh.dim_categories', extra=None)]
[2024-07-14T04:13:17.105+0000] {dag.py:3096} INFO - Sync 1 DAGs
[2024-07-14T04:13:17.675+0000] {taskinstance.py:441} INFO - ::group::Post task execution logs
[2024-07-14T04:13:17.929+0000] {taskinstance.py:1206} INFO - Marking task as SUCCESS. dag_id=ELT-PROJECT, task_id=transform.dim_categories.run, run_id=scheduled__2024-07-03T00:00:00+00:00, execution_date=20240703T000000, start_date=20240714T041215, end_date=20240714T041317
[2024-07-14T04:13:19.457+0000] {local_task_job_runner.py:240} INFO - Task exited with return code 0
[2024-07-14T04:13:19.683+0000] {taskinstance.py:3503} INFO - 1 downstream tasks scheduled from follow-on schedule check
[2024-07-14T04:13:19.708+0000] {local_task_job_runner.py:222} INFO - ::endgroup::
