[2024-07-13T15:21:55.280+0000] {local_task_job_runner.py:120} INFO - ::group::Pre task execution logs
[2024-07-13T15:21:55.352+0000] {taskinstance.py:2076} INFO - Dependencies all met for dep_context=non-requeueable deps ti=<TaskInstance: ELT-PROJECT.load.load_products manual__2024-07-13T15:21:44.430274+00:00 [queued]>
[2024-07-13T15:21:55.389+0000] {taskinstance.py:2076} INFO - Dependencies all met for dep_context=requeueable deps ti=<TaskInstance: ELT-PROJECT.load.load_products manual__2024-07-13T15:21:44.430274+00:00 [queued]>
[2024-07-13T15:21:55.390+0000] {taskinstance.py:2306} INFO - Starting attempt 1 of 2
[2024-07-13T15:21:55.437+0000] {taskinstance.py:2330} INFO - Executing <Task(_PythonDecoratedOperator): load.load_products> on 2024-07-13 15:21:44.430274+00:00
[2024-07-13T15:21:55.454+0000] {logging_mixin.py:188} WARNING - /home/airflow/.local/lib/python3.12/site-packages/airflow/task/task_runner/standard_task_runner.py:61 DeprecationWarning: This process (pid=1068) is multi-threaded, use of fork() may lead to deadlocks in the child.
[2024-07-13T15:21:55.459+0000] {standard_task_runner.py:63} INFO - Started process 1108 to run task
[2024-07-13T15:21:55.471+0000] {standard_task_runner.py:90} INFO - Running: ['airflow', 'tasks', 'run', 'ELT-PROJECT', 'load.load_products', 'manual__2024-07-13T15:21:44.430274+00:00', '--job-id', '413', '--raw', '--subdir', 'DAGS_FOLDER/elt.py', '--cfg-path', '/tmp/tmp5at8udau']
[2024-07-13T15:21:55.491+0000] {standard_task_runner.py:91} INFO - Job 413: Subtask load.load_products
[2024-07-13T15:21:55.553+0000] {logging_mixin.py:188} WARNING - /home/airflow/.local/lib/python3.12/site-packages/airflow/settings.py:195 DeprecationWarning: The sql_alchemy_conn option in [core] has been moved to the sql_alchemy_conn option in [database] - the old setting has been used, but please update your config.
[2024-07-13T15:21:55.740+0000] {task_command.py:426} INFO - Running <TaskInstance: ELT-PROJECT.load.load_products manual__2024-07-13T15:21:44.430274+00:00 [running]> on host airflow-scheduler
[2024-07-13T15:21:56.580+0000] {taskinstance.py:2648} INFO - Exporting env vars: AIRFLOW_CTX_DAG_OWNER='Data-Ninja' AIRFLOW_CTX_DAG_ID='ELT-PROJECT' AIRFLOW_CTX_TASK_ID='load.load_products' AIRFLOW_CTX_EXECUTION_DATE='2024-07-13T15:21:44.430274+00:00' AIRFLOW_CTX_TRY_NUMBER='1' AIRFLOW_CTX_DAG_RUN_ID='manual__2024-07-13T15:21:44.430274+00:00'
[2024-07-13T15:21:56.583+0000] {taskinstance.py:430} INFO - ::endgroup::
[2024-07-13T15:21:56.587+0000] {connection.py:399} INFO - Snowflake Connector for Python Version: 3.10.1, Python Version: 3.12.4, Platform: Linux-5.15.133.1-microsoft-standard-WSL2-x86_64-with-glibc2.36
[2024-07-13T15:21:56.590+0000] {connection.py:1249} INFO - THIS CONNECTION IS IN INSECURE MODE. IT MEANS THE CERTIFICATE WILL BE VALIDATED BUT THE CERTIFICATE REVOCATION STATUS WILL NOT BE CHECKED.
[2024-07-13T15:21:56.865+0000] {ssl_wrap_socket.py:100} INFO - THIS CONNECTION IS IN INSECURE MODE. IT MEANS THE CERTIFICATE WILL BE VALIDATED BUT THE CERTIFICATE REVOCATION STATUS WILL NOT BE CHECKED.
[2024-07-13T15:21:57.400+0000] {logging_mixin.py:188} INFO - Nama kolom di DataFrame: Index(['productID', 'productName', 'supplierID', 'categoryID',
       'quantityPerUnit', 'unitPrice', 'unitsInStock', 'unitsOnOrder',
       'reorderLevel', 'discontinued'],
      dtype='object')
[2024-07-13T15:21:57.835+0000] {cursor.py:1149} INFO - Number of results in first chunk: 1
[2024-07-13T15:21:58.459+0000] {ssl_wrap_socket.py:100} INFO - THIS CONNECTION IS IN INSECURE MODE. IT MEANS THE CERTIFICATE WILL BE VALIDATED BUT THE CERTIFICATE REVOCATION STATUS WILL NOT BE CHECKED.
[2024-07-13T15:22:01.191+0000] {cursor.py:1149} INFO - Number of results in first chunk: 1
[2024-07-13T15:22:02.081+0000] {cursor.py:1149} INFO - Number of results in first chunk: 10
[2024-07-13T15:22:02.453+0000] {cursor.py:1149} INFO - Number of results in first chunk: 1
[2024-07-13T15:22:03.071+0000] {cursor.py:1149} INFO - Number of results in first chunk: 1
[2024-07-13T15:22:05.031+0000] {cursor.py:1149} INFO - Number of results in first chunk: 1
[2024-07-13T15:22:05.034+0000] {logging_mixin.py:188} INFO - Done products.
[2024-07-13T15:22:05.036+0000] {connection.py:762} INFO - closed
[2024-07-13T15:22:05.379+0000] {connection.py:768} INFO - No async queries seem to be running, deleting session
[2024-07-13T15:22:05.802+0000] {python.py:237} INFO - Done. Returned value was: None
[2024-07-13T15:22:05.804+0000] {taskinstance.py:441} INFO - ::group::Post task execution logs
[2024-07-13T15:22:05.823+0000] {taskinstance.py:1206} INFO - Marking task as SUCCESS. dag_id=ELT-PROJECT, task_id=load.load_products, run_id=manual__2024-07-13T15:21:44.430274+00:00, execution_date=20240713T152144, start_date=20240713T152155, end_date=20240713T152205
[2024-07-13T15:22:05.899+0000] {local_task_job_runner.py:240} INFO - Task exited with return code 0
[2024-07-13T15:22:05.957+0000] {taskinstance.py:3503} INFO - 0 downstream tasks scheduled from follow-on schedule check
[2024-07-13T15:22:05.961+0000] {local_task_job_runner.py:222} INFO - ::endgroup::
