[2024-07-14T04:23:11.289+0000] {local_task_job_runner.py:120} INFO - ::group::Pre task execution logs
[2024-07-14T04:23:11.445+0000] {taskinstance.py:2076} INFO - Dependencies all met for dep_context=non-requeueable deps ti=<TaskInstance: ELT-PROJECT.transform.fact_orders.run scheduled__2024-06-30T00:00:00+00:00 [queued]>
[2024-07-14T04:23:11.492+0000] {taskinstance.py:2076} INFO - Dependencies all met for dep_context=requeueable deps ti=<TaskInstance: ELT-PROJECT.transform.fact_orders.run scheduled__2024-06-30T00:00:00+00:00 [queued]>
[2024-07-14T04:23:11.494+0000] {taskinstance.py:2306} INFO - Starting attempt 1 of 2
[2024-07-14T04:23:11.584+0000] {taskinstance.py:2330} INFO - Executing <Task(DbtRunLocalOperator): transform.fact_orders.run> on 2024-06-30 00:00:00+00:00
[2024-07-14T04:23:11.627+0000] {logging_mixin.py:188} WARNING - /home/airflow/.local/lib/python3.12/site-packages/airflow/task/task_runner/standard_task_runner.py:61 DeprecationWarning: This process (pid=16651) is multi-threaded, use of fork() may lead to deadlocks in the child.
[2024-07-14T04:23:11.604+0000] {standard_task_runner.py:90} INFO - Running: ['airflow', 'tasks', 'run', 'ELT-PROJECT', 'transform.fact_orders.run', 'scheduled__2024-06-30T00:00:00+00:00', '--job-id', '1306', '--raw', '--subdir', 'DAGS_FOLDER/elt.py', '--cfg-path', '/tmp/tmpayfuwzkp']
[2024-07-14T04:23:11.650+0000] {standard_task_runner.py:63} INFO - Started process 16684 to run task
[2024-07-14T04:23:11.652+0000] {standard_task_runner.py:91} INFO - Job 1306: Subtask transform.fact_orders.run
[2024-07-14T04:23:11.762+0000] {logging_mixin.py:188} WARNING - /home/airflow/.local/lib/python3.12/site-packages/airflow/settings.py:195 DeprecationWarning: The sql_alchemy_conn option in [core] has been moved to the sql_alchemy_conn option in [database] - the old setting has been used, but please update your config.
[2024-07-14T04:23:12.012+0000] {task_command.py:426} INFO - Running <TaskInstance: ELT-PROJECT.transform.fact_orders.run scheduled__2024-06-30T00:00:00+00:00 [running]> on host airflow-scheduler
[2024-07-14T04:23:12.684+0000] {taskinstance.py:2648} INFO - Exporting env vars: AIRFLOW_CTX_DAG_OWNER='Data-Ninja' AIRFLOW_CTX_DAG_ID='ELT-PROJECT' AIRFLOW_CTX_TASK_ID='transform.fact_orders.run' AIRFLOW_CTX_EXECUTION_DATE='2024-06-30T00:00:00+00:00' AIRFLOW_CTX_TRY_NUMBER='1' AIRFLOW_CTX_DAG_RUN_ID='scheduled__2024-06-30T00:00:00+00:00'
[2024-07-14T04:23:12.703+0000] {taskinstance.py:430} INFO - ::endgroup::
[2024-07-14T04:23:12.726+0000] {local.py:174} INFO - Could not import dbtRunner. Falling back to subprocess for invoking dbt.
[2024-07-14T04:23:12.754+0000] {local.py:292} INFO - Cloning project to writable temp directory /tmp/tmppxpewo0s from /opt/airflow/dags/dbt/dbt_project
[2024-07-14T04:23:12.784+0000] {local.py:303} INFO - Partial parse is enabled and the latest partial parse file is /tmp/cosmos/ELT-PROJECT__transform/target/partial_parse.msgpack
[2024-07-14T04:23:13.013+0000] {base.py:84} INFO - Using connection ID 'snow_conn' for task execution.
[2024-07-14T04:23:13.023+0000] {crypto.py:82} WARNING - empty cryptography key - values will not be stored encrypted.
[2024-07-14T04:23:13.043+0000] {config.py:298} INFO - Profile caching is enable.
[2024-07-14T04:23:13.051+0000] {config.py:272} INFO - Profile found in cache using profile: /tmp/cosmos/profile/a0017dab0633177292578162811b91dcb9c56d6e54017e9660056cc364a762ad/profiles.yml.
[2024-07-14T04:23:13.073+0000] {local.py:247} INFO - Trying to run the command:
 ['/opt/airflow/dbt_venv/bin/dbt', 'deps', '--project-dir', '/tmp/tmppxpewo0s', '--profiles-dir', '/tmp/cosmos/profile/a0017dab0633177292578162811b91dcb9c56d6e54017e9660056cc364a762ad', '--profile', 'dbt_project', '--target', 'dev']
From /tmp/tmppxpewo0s
[2024-07-14T04:23:13.080+0000] {subprocess.py:60} INFO - Tmp dir root location: 
 /tmp
[2024-07-14T04:23:13.083+0000] {subprocess.py:73} INFO - Running command: ['/opt/airflow/dbt_venv/bin/dbt', 'deps', '--project-dir', '/tmp/tmppxpewo0s', '--profiles-dir', '/tmp/cosmos/profile/a0017dab0633177292578162811b91dcb9c56d6e54017e9660056cc364a762ad', '--profile', 'dbt_project', '--target', 'dev']
[2024-07-14T04:23:13.224+0000] {subprocess.py:84} INFO - Command output:
[2024-07-14T04:23:26.862+0000] {subprocess.py:94} INFO - [0m04:23:26  Running with dbt=1.8.3
[2024-07-14T04:23:28.532+0000] {subprocess.py:94} INFO - [0m04:23:28  Updating lock file in file path: /tmp/tmppxpewo0s/package-lock.yml
[2024-07-14T04:23:28.609+0000] {subprocess.py:94} INFO - [0m04:23:28  Installing dbt-labs/dbt_utils
[2024-07-14T04:23:29.732+0000] {subprocess.py:94} INFO - [0m04:23:29  Installed from version 0.8.6
[2024-07-14T04:23:29.747+0000] {subprocess.py:94} INFO - [0m04:23:29  Updated version available: 1.2.0
[2024-07-14T04:23:29.753+0000] {subprocess.py:94} INFO - [0m04:23:29
[2024-07-14T04:23:29.762+0000] {subprocess.py:94} INFO - [0m04:23:29  Updates available for packages: ['dbt-labs/dbt_utils']
[2024-07-14T04:23:29.763+0000] {subprocess.py:94} INFO - Update your versions in packages.yml, then run dbt deps
[2024-07-14T04:23:32.188+0000] {subprocess.py:98} INFO - Command exited with return code 0
[2024-07-14T04:23:32.194+0000] {local.py:254} INFO - Update your versions in packages.yml, then run dbt deps
[2024-07-14T04:23:32.197+0000] {local.py:247} INFO - Trying to run the command:
 ['/opt/airflow/dbt_venv/bin/dbt', 'run', '--models', 'fact_orders', '--project-dir', '/tmp/tmppxpewo0s', '--profiles-dir', '/tmp/cosmos/profile/a0017dab0633177292578162811b91dcb9c56d6e54017e9660056cc364a762ad', '--profile', 'dbt_project', '--target', 'dev']
From /tmp/tmppxpewo0s
[2024-07-14T04:23:32.205+0000] {subprocess.py:60} INFO - Tmp dir root location: 
 /tmp
[2024-07-14T04:23:32.208+0000] {subprocess.py:73} INFO - Running command: ['/opt/airflow/dbt_venv/bin/dbt', 'run', '--models', 'fact_orders', '--project-dir', '/tmp/tmppxpewo0s', '--profiles-dir', '/tmp/cosmos/profile/a0017dab0633177292578162811b91dcb9c56d6e54017e9660056cc364a762ad', '--profile', 'dbt_project', '--target', 'dev']
[2024-07-14T04:23:32.292+0000] {subprocess.py:84} INFO - Command output:
[2024-07-14T04:23:47.303+0000] {subprocess.py:94} INFO - [0m04:23:47  Running with dbt=1.8.3
[2024-07-14T04:23:51.854+0000] {subprocess.py:94} INFO - [0m04:23:51  Registered adapter: snowflake=1.8.3
[2024-07-14T04:23:56.982+0000] {subprocess.py:94} INFO - [0m04:23:56  Found 20 models, 27 data tests, 11 sources, 684 macros
[2024-07-14T04:23:57.003+0000] {subprocess.py:94} INFO - [0m04:23:57
[2024-07-14T04:24:05.233+0000] {subprocess.py:94} INFO - [0m04:24:05  Concurrency: 1 threads (target='dev')
[2024-07-14T04:24:05.250+0000] {subprocess.py:94} INFO - [0m04:24:05
[2024-07-14T04:24:05.445+0000] {subprocess.py:94} INFO - [0m04:24:05  1 of 1 START sql table model dwh.fact_orders ................................... [RUN]
[2024-07-14T04:24:09.381+0000] {subprocess.py:94} INFO - [0m04:24:09  1 of 1 OK created sql table model dwh.fact_orders .............................. [[32mSUCCESS 1[0m in 3.93s]
[2024-07-14T04:24:09.411+0000] {subprocess.py:94} INFO - [0m04:24:09
[2024-07-14T04:24:09.414+0000] {subprocess.py:94} INFO - [0m04:24:09  Finished running 1 table model in 0 hours 0 minutes and 12.41 seconds (12.41s).
[2024-07-14T04:24:09.995+0000] {subprocess.py:94} INFO - [0m04:24:09
[2024-07-14T04:24:10.012+0000] {subprocess.py:94} INFO - [0m04:24:10  [32mCompleted successfully[0m
[2024-07-14T04:24:10.046+0000] {subprocess.py:94} INFO - [0m04:24:10
[2024-07-14T04:24:10.052+0000] {subprocess.py:94} INFO - [0m04:24:10  Done. PASS=1 WARN=0 ERROR=0 SKIP=0 TOTAL=1
[2024-07-14T04:24:13.592+0000] {subprocess.py:98} INFO - Command exited with return code 0
[2024-07-14T04:24:13.594+0000] {local.py:254} INFO - [0m04:24:10  Done. PASS=1 WARN=0 ERROR=0 SKIP=0 TOTAL=1
[2024-07-14T04:24:14.930+0000] {local.py:196} WARNING - Artifact schema version: https://schemas.getdbt.com/dbt/manifest/v12.json is above dbt-ol supported version 7. This might cause errors.
[2024-07-14T04:24:14.938+0000] {local.py:196} WARNING - Artifact schema version: https://schemas.getdbt.com/dbt/run-results/v6.json is above dbt-ol supported version 5. This might cause errors.
[2024-07-14T04:24:14.979+0000] {local.py:349} INFO - Inlets: [Dataset(uri='snowflake://OU00370.europe-west2.gcp/ELT_BATCH.dwh.dim_employees', extra=None), Dataset(uri='snowflake://OU00370.europe-west2.gcp/ELT_BATCH.raw.raw_orders', extra=None)]
[2024-07-14T04:24:14.981+0000] {local.py:350} INFO - Outlets: [Dataset(uri='snowflake://OU00370.europe-west2.gcp/ELT_BATCH.dwh.fact_orders', extra=None)]
[2024-07-14T04:24:14.988+0000] {dag.py:3096} INFO - Sync 1 DAGs
[2024-07-14T04:24:15.361+0000] {taskinstance.py:441} INFO - ::group::Post task execution logs
[2024-07-14T04:24:15.616+0000] {taskinstance.py:1206} INFO - Marking task as SUCCESS. dag_id=ELT-PROJECT, task_id=transform.fact_orders.run, run_id=scheduled__2024-06-30T00:00:00+00:00, execution_date=20240630T000000, start_date=20240714T042311, end_date=20240714T042415
[2024-07-14T04:24:15.903+0000] {local_task_job_runner.py:240} INFO - Task exited with return code 0
[2024-07-14T04:24:16.108+0000] {taskinstance.py:3503} INFO - 1 downstream tasks scheduled from follow-on schedule check
[2024-07-14T04:24:16.123+0000] {local_task_job_runner.py:222} INFO - ::endgroup::
