[2024-07-13T14:25:52.101+0000] {local_task_job_runner.py:120} INFO - ::group::Pre task execution logs
[2024-07-13T14:25:52.302+0000] {taskinstance.py:2076} INFO - Dependencies all met for dep_context=non-requeueable deps ti=<TaskInstance: ELT-PROJECT.extract.extract_employees scheduled__2024-06-30T00:00:00+00:00 [queued]>
[2024-07-13T14:25:52.374+0000] {taskinstance.py:2076} INFO - Dependencies all met for dep_context=requeueable deps ti=<TaskInstance: ELT-PROJECT.extract.extract_employees scheduled__2024-06-30T00:00:00+00:00 [queued]>
[2024-07-13T14:25:52.376+0000] {taskinstance.py:2306} INFO - Starting attempt 1 of 2
[2024-07-13T14:25:52.466+0000] {taskinstance.py:2330} INFO - Executing <Task(_PythonDecoratedOperator): extract.extract_employees> on 2024-06-30 00:00:00+00:00
[2024-07-13T14:25:52.485+0000] {logging_mixin.py:188} WARNING - /home/airflow/.local/lib/python3.12/site-packages/airflow/task/task_runner/standard_task_runner.py:61 DeprecationWarning: This process (pid=3888) is multi-threaded, use of fork() may lead to deadlocks in the child.
[2024-07-13T14:25:52.529+0000] {standard_task_runner.py:63} INFO - Started process 3927 to run task
[2024-07-13T14:25:52.508+0000] {standard_task_runner.py:90} INFO - Running: ['airflow', 'tasks', 'run', 'ELT-PROJECT', 'extract.extract_employees', 'scheduled__2024-06-30T00:00:00+00:00', '--job-id', '175', '--raw', '--subdir', 'DAGS_FOLDER/elt.py', '--cfg-path', '/tmp/tmp1ezpc3ix']
[2024-07-13T14:25:52.538+0000] {standard_task_runner.py:91} INFO - Job 175: Subtask extract.extract_employees
[2024-07-13T14:25:52.627+0000] {logging_mixin.py:188} WARNING - /home/airflow/.local/lib/python3.12/site-packages/airflow/settings.py:195 DeprecationWarning: The sql_alchemy_conn option in [core] has been moved to the sql_alchemy_conn option in [database] - the old setting has been used, but please update your config.
[2024-07-13T14:25:52.963+0000] {task_command.py:426} INFO - Running <TaskInstance: ELT-PROJECT.extract.extract_employees scheduled__2024-06-30T00:00:00+00:00 [running]> on host airflow-scheduler
[2024-07-13T14:25:53.528+0000] {taskinstance.py:2648} INFO - Exporting env vars: AIRFLOW_CTX_DAG_OWNER='Data-Ninja' AIRFLOW_CTX_DAG_ID='ELT-PROJECT' AIRFLOW_CTX_TASK_ID='extract.extract_employees' AIRFLOW_CTX_EXECUTION_DATE='2024-06-30T00:00:00+00:00' AIRFLOW_CTX_TRY_NUMBER='1' AIRFLOW_CTX_DAG_RUN_ID='scheduled__2024-06-30T00:00:00+00:00'
[2024-07-13T14:25:53.534+0000] {taskinstance.py:430} INFO - ::endgroup::
[2024-07-13T14:25:53.602+0000] {base.py:84} INFO - Using connection ID 'post_conn' for task execution.
[2024-07-13T14:25:53.866+0000] {taskinstance.py:441} INFO - ::group::Post task execution logs
[2024-07-13T14:25:53.875+0000] {taskinstance.py:2905} ERROR - Task failed with exception
Traceback (most recent call last):
  File "/home/airflow/.local/lib/python3.12/site-packages/airflow/models/taskinstance.py", line 465, in _execute_task
    result = _execute_callable(context=context, **execute_callable_kwargs)
             ^^^^^^^^^^^^^^^^^^^^^^^^^^^^^^^^^^^^^^^^^^^^^^^^^^^^^^^^^^^^^
  File "/home/airflow/.local/lib/python3.12/site-packages/airflow/models/taskinstance.py", line 432, in _execute_callable
    return execute_callable(context=context, **execute_callable_kwargs)
           ^^^^^^^^^^^^^^^^^^^^^^^^^^^^^^^^^^^^^^^^^^^^^^^^^^^^^^^^^^^^
  File "/home/airflow/.local/lib/python3.12/site-packages/airflow/models/baseoperator.py", line 401, in wrapper
    return func(self, *args, **kwargs)
           ^^^^^^^^^^^^^^^^^^^^^^^^^^^
  File "/home/airflow/.local/lib/python3.12/site-packages/airflow/decorators/base.py", line 265, in execute
    return_value = super().execute(context)
                   ^^^^^^^^^^^^^^^^^^^^^^^^
  File "/home/airflow/.local/lib/python3.12/site-packages/airflow/models/baseoperator.py", line 401, in wrapper
    return func(self, *args, **kwargs)
           ^^^^^^^^^^^^^^^^^^^^^^^^^^^
  File "/home/airflow/.local/lib/python3.12/site-packages/airflow/operators/python.py", line 235, in execute
    return_value = self.execute_callable()
                   ^^^^^^^^^^^^^^^^^^^^^^^
  File "/home/airflow/.local/lib/python3.12/site-packages/airflow/operators/python.py", line 252, in execute_callable
    return self.python_callable(*self.op_args, **self.op_kwargs)
           ^^^^^^^^^^^^^^^^^^^^^^^^^^^^^^^^^^^^^^^^^^^^^^^^^^^^^
  File "/opt/airflow/dags/elt.py", line 49, in extract
    return extract_func(
           ^^^^^^^^^^^^^
  File "/opt/airflow/dags/el_module/extractors.py", line 11, in extract_func
    ).get_conn()
      ^^^^^^^^^^
  File "/home/airflow/.local/lib/python3.12/site-packages/airflow/providers/postgres/hooks/postgres.py", line 175, in get_conn
    self.conn = psycopg2.connect(**conn_args)
                ^^^^^^^^^^^^^^^^^^^^^^^^^^^^^
  File "/home/airflow/.local/lib/python3.12/site-packages/psycopg2/__init__.py", line 122, in connect
    conn = _connect(dsn, connection_factory=connection_factory, **kwasync)
           ^^^^^^^^^^^^^^^^^^^^^^^^^^^^^^^^^^^^^^^^^^^^^^^^^^^^^^^^^^^^^^^
psycopg2.OperationalError: connection to server at "ep-bold-forest-89569418.ap-southeast-1.aws.neon.tech" (13.228.184.177), port 5432 failed: ERROR:  password authentication failed for user 'dataninja'
connection to server at "ep-bold-forest-89569418.ap-southeast-1.aws.neon.tech" (13.228.184.177), port 5432 failed: ERROR:  connection is insecure (try using `sslmode=require`)

[2024-07-13T14:25:54.145+0000] {taskinstance.py:1206} INFO - Marking task as UP_FOR_RETRY. dag_id=ELT-PROJECT, task_id=extract.extract_employees, run_id=scheduled__2024-06-30T00:00:00+00:00, execution_date=20240630T000000, start_date=20240713T142552, end_date=20240713T142554
[2024-07-13T14:25:54.246+0000] {standard_task_runner.py:110} ERROR - Failed to execute job 175 for task extract.extract_employees (connection to server at "ep-bold-forest-89569418.ap-southeast-1.aws.neon.tech" (13.228.184.177), port 5432 failed: ERROR:  password authentication failed for user 'dataninja'
connection to server at "ep-bold-forest-89569418.ap-southeast-1.aws.neon.tech" (13.228.184.177), port 5432 failed: ERROR:  connection is insecure (try using `sslmode=require`)
; 3927)
[2024-07-13T14:25:54.305+0000] {local_task_job_runner.py:240} INFO - Task exited with return code 1
[2024-07-13T14:25:54.393+0000] {local_task_job_runner.py:222} INFO - ::endgroup::
[2024-07-14T03:58:34.585+0000] {local_task_job_runner.py:120} INFO - ::group::Pre task execution logs
[2024-07-14T03:58:34.737+0000] {taskinstance.py:2076} INFO - Dependencies all met for dep_context=non-requeueable deps ti=<TaskInstance: ELT-PROJECT.extract.extract_employees scheduled__2024-06-30T00:00:00+00:00 [queued]>
[2024-07-14T03:58:34.814+0000] {taskinstance.py:2076} INFO - Dependencies all met for dep_context=requeueable deps ti=<TaskInstance: ELT-PROJECT.extract.extract_employees scheduled__2024-06-30T00:00:00+00:00 [queued]>
[2024-07-14T03:58:34.815+0000] {taskinstance.py:2306} INFO - Starting attempt 1 of 2
[2024-07-14T03:58:35.034+0000] {taskinstance.py:2330} INFO - Executing <Task(_PythonDecoratedOperator): extract.extract_employees> on 2024-06-30 00:00:00+00:00
[2024-07-14T03:58:35.099+0000] {logging_mixin.py:188} WARNING - /home/airflow/.local/lib/python3.12/site-packages/airflow/task/task_runner/standard_task_runner.py:61 DeprecationWarning: This process (pid=9593) is multi-threaded, use of fork() may lead to deadlocks in the child.
[2024-07-14T03:58:35.120+0000] {standard_task_runner.py:63} INFO - Started process 9632 to run task
[2024-07-14T03:58:35.100+0000] {standard_task_runner.py:90} INFO - Running: ['airflow', 'tasks', 'run', 'ELT-PROJECT', 'extract.extract_employees', 'scheduled__2024-06-30T00:00:00+00:00', '--job-id', '708', '--raw', '--subdir', 'DAGS_FOLDER/elt.py', '--cfg-path', '/tmp/tmp31sk211w']
[2024-07-14T03:58:35.130+0000] {standard_task_runner.py:91} INFO - Job 708: Subtask extract.extract_employees
[2024-07-14T03:58:35.223+0000] {logging_mixin.py:188} WARNING - /home/airflow/.local/lib/python3.12/site-packages/airflow/settings.py:195 DeprecationWarning: The sql_alchemy_conn option in [core] has been moved to the sql_alchemy_conn option in [database] - the old setting has been used, but please update your config.
[2024-07-14T03:58:35.511+0000] {task_command.py:426} INFO - Running <TaskInstance: ELT-PROJECT.extract.extract_employees scheduled__2024-06-30T00:00:00+00:00 [running]> on host airflow-scheduler
[2024-07-14T03:58:36.302+0000] {taskinstance.py:2648} INFO - Exporting env vars: AIRFLOW_CTX_DAG_OWNER='Data-Ninja' AIRFLOW_CTX_DAG_ID='ELT-PROJECT' AIRFLOW_CTX_TASK_ID='extract.extract_employees' AIRFLOW_CTX_EXECUTION_DATE='2024-06-30T00:00:00+00:00' AIRFLOW_CTX_TRY_NUMBER='1' AIRFLOW_CTX_DAG_RUN_ID='scheduled__2024-06-30T00:00:00+00:00'
[2024-07-14T03:58:36.315+0000] {taskinstance.py:430} INFO - ::endgroup::
[2024-07-14T03:58:36.410+0000] {base.py:84} INFO - Using connection ID 'post_conn' for task execution.
[2024-07-14T03:58:36.695+0000] {python.py:237} INFO - Done. Returned value was:    employeeID   lastName  ... reportsTo                               photoPath
0           1    Davolio  ...       2.0    http://accweb/emmployees/davolio.bmp
1           2     Fuller  ...       NaN     http://accweb/emmployees/fuller.bmp
2           3  Leverling  ...       2.0  http://accweb/emmployees/leverling.bmp
3           4    Peacock  ...       2.0    http://accweb/emmployees/peacock.bmp
4           5   Buchanan  ...       2.0   http://accweb/emmployees/buchanan.bmp
5           6     Suyama  ...       5.0    http://accweb/emmployees/davolio.bmp
6           7       King  ...       5.0    http://accweb/emmployees/davolio.bmp
7           8   Callahan  ...       2.0    http://accweb/emmployees/davolio.bmp
8           9  Dodsworth  ...       5.0    http://accweb/emmployees/davolio.bmp

[9 rows x 18 columns]
[2024-07-14T03:58:36.912+0000] {taskinstance.py:441} INFO - ::group::Post task execution logs
[2024-07-14T03:58:37.664+0000] {taskinstance.py:1206} INFO - Marking task as SUCCESS. dag_id=ELT-PROJECT, task_id=extract.extract_employees, run_id=scheduled__2024-06-30T00:00:00+00:00, execution_date=20240630T000000, start_date=20240714T035834, end_date=20240714T035837
[2024-07-14T03:58:37.839+0000] {local_task_job_runner.py:240} INFO - Task exited with return code 0
[2024-07-14T03:58:37.952+0000] {local_task_job_runner.py:222} INFO - ::endgroup::
