[2024-07-14T04:13:05.748+0000] {local_task_job_runner.py:120} INFO - ::group::Pre task execution logs
[2024-07-14T04:13:05.916+0000] {taskinstance.py:2076} INFO - Dependencies all met for dep_context=non-requeueable deps ti=<TaskInstance: ELT-PROJECT.transform.dim_suppliers.run scheduled__2024-07-05T00:00:00+00:00 [queued]>
[2024-07-14T04:13:06.010+0000] {taskinstance.py:2076} INFO - Dependencies all met for dep_context=requeueable deps ti=<TaskInstance: ELT-PROJECT.transform.dim_suppliers.run scheduled__2024-07-05T00:00:00+00:00 [queued]>
[2024-07-14T04:13:06.020+0000] {taskinstance.py:2306} INFO - Starting attempt 1 of 2
[2024-07-14T04:13:06.173+0000] {taskinstance.py:2330} INFO - Executing <Task(DbtRunLocalOperator): transform.dim_suppliers.run> on 2024-07-05 00:00:00+00:00
[2024-07-14T04:13:06.204+0000] {standard_task_runner.py:90} INFO - Running: ['airflow', 'tasks', 'run', 'ELT-PROJECT', 'transform.dim_suppliers.run', 'scheduled__2024-07-05T00:00:00+00:00', '--job-id', '1178', '--raw', '--subdir', 'DAGS_FOLDER/elt.py', '--cfg-path', '/tmp/tmp5gwg0tqi']
[2024-07-14T04:13:06.225+0000] {standard_task_runner.py:91} INFO - Job 1178: Subtask transform.dim_suppliers.run
[2024-07-14T04:13:06.231+0000] {logging_mixin.py:188} WARNING - /home/airflow/.local/lib/python3.12/site-packages/airflow/task/task_runner/standard_task_runner.py:61 DeprecationWarning: This process (pid=14577) is multi-threaded, use of fork() may lead to deadlocks in the child.
[2024-07-14T04:13:06.260+0000] {standard_task_runner.py:63} INFO - Started process 14602 to run task
[2024-07-14T04:13:06.322+0000] {logging_mixin.py:188} WARNING - /home/airflow/.local/lib/python3.12/site-packages/airflow/settings.py:195 DeprecationWarning: The sql_alchemy_conn option in [core] has been moved to the sql_alchemy_conn option in [database] - the old setting has been used, but please update your config.
[2024-07-14T04:13:06.658+0000] {task_command.py:426} INFO - Running <TaskInstance: ELT-PROJECT.transform.dim_suppliers.run scheduled__2024-07-05T00:00:00+00:00 [running]> on host airflow-scheduler
[2024-07-14T04:13:07.248+0000] {taskinstance.py:2648} INFO - Exporting env vars: AIRFLOW_CTX_DAG_OWNER='Data-Ninja' AIRFLOW_CTX_DAG_ID='ELT-PROJECT' AIRFLOW_CTX_TASK_ID='transform.dim_suppliers.run' AIRFLOW_CTX_EXECUTION_DATE='2024-07-05T00:00:00+00:00' AIRFLOW_CTX_TRY_NUMBER='1' AIRFLOW_CTX_DAG_RUN_ID='scheduled__2024-07-05T00:00:00+00:00'
[2024-07-14T04:13:07.252+0000] {taskinstance.py:430} INFO - ::endgroup::
[2024-07-14T04:13:07.256+0000] {local.py:174} INFO - Could not import dbtRunner. Falling back to subprocess for invoking dbt.
[2024-07-14T04:13:07.260+0000] {local.py:292} INFO - Cloning project to writable temp directory /tmp/tmpkui9f9m_ from /opt/airflow/dags/dbt/dbt_project
[2024-07-14T04:13:07.283+0000] {local.py:303} INFO - Partial parse is enabled and the latest partial parse file is /tmp/cosmos/ELT-PROJECT__transform/target/partial_parse.msgpack
[2024-07-14T04:13:07.516+0000] {base.py:84} INFO - Using connection ID 'snow_conn' for task execution.
[2024-07-14T04:13:07.530+0000] {crypto.py:82} WARNING - empty cryptography key - values will not be stored encrypted.
[2024-07-14T04:13:07.544+0000] {config.py:298} INFO - Profile caching is enable.
[2024-07-14T04:13:07.551+0000] {config.py:272} INFO - Profile found in cache using profile: /tmp/cosmos/profile/a0017dab0633177292578162811b91dcb9c56d6e54017e9660056cc364a762ad/profiles.yml.
[2024-07-14T04:13:07.554+0000] {local.py:247} INFO - Trying to run the command:
 ['/opt/airflow/dbt_venv/bin/dbt', 'deps', '--project-dir', '/tmp/tmpkui9f9m_', '--profiles-dir', '/tmp/cosmos/profile/a0017dab0633177292578162811b91dcb9c56d6e54017e9660056cc364a762ad', '--profile', 'dbt_project', '--target', 'dev']
From /tmp/tmpkui9f9m_
[2024-07-14T04:13:07.557+0000] {subprocess.py:60} INFO - Tmp dir root location: 
 /tmp
[2024-07-14T04:13:07.571+0000] {subprocess.py:73} INFO - Running command: ['/opt/airflow/dbt_venv/bin/dbt', 'deps', '--project-dir', '/tmp/tmpkui9f9m_', '--profiles-dir', '/tmp/cosmos/profile/a0017dab0633177292578162811b91dcb9c56d6e54017e9660056cc364a762ad', '--profile', 'dbt_project', '--target', 'dev']
[2024-07-14T04:13:07.630+0000] {subprocess.py:84} INFO - Command output:
[2024-07-14T04:13:23.730+0000] {subprocess.py:94} INFO - [0m04:13:23  Running with dbt=1.8.3
[2024-07-14T04:13:25.331+0000] {subprocess.py:94} INFO - [0m04:13:25  Updating lock file in file path: /tmp/tmpkui9f9m_/package-lock.yml
[2024-07-14T04:13:25.403+0000] {subprocess.py:94} INFO - [0m04:13:25  Installing dbt-labs/dbt_utils
[2024-07-14T04:13:26.283+0000] {subprocess.py:94} INFO - [0m04:13:26  Installed from version 0.8.6
[2024-07-14T04:13:26.287+0000] {subprocess.py:94} INFO - [0m04:13:26  Updated version available: 1.2.0
[2024-07-14T04:13:26.292+0000] {subprocess.py:94} INFO - [0m04:13:26
[2024-07-14T04:13:26.296+0000] {subprocess.py:94} INFO - [0m04:13:26  Updates available for packages: ['dbt-labs/dbt_utils']
[2024-07-14T04:13:26.300+0000] {subprocess.py:94} INFO - Update your versions in packages.yml, then run dbt deps
[2024-07-14T04:13:28.575+0000] {subprocess.py:98} INFO - Command exited with return code 0
[2024-07-14T04:13:28.578+0000] {local.py:254} INFO - Update your versions in packages.yml, then run dbt deps
[2024-07-14T04:13:28.580+0000] {local.py:247} INFO - Trying to run the command:
 ['/opt/airflow/dbt_venv/bin/dbt', 'run', '--models', 'dim_suppliers', '--project-dir', '/tmp/tmpkui9f9m_', '--profiles-dir', '/tmp/cosmos/profile/a0017dab0633177292578162811b91dcb9c56d6e54017e9660056cc364a762ad', '--profile', 'dbt_project', '--target', 'dev']
From /tmp/tmpkui9f9m_
[2024-07-14T04:13:28.583+0000] {subprocess.py:60} INFO - Tmp dir root location: 
 /tmp
[2024-07-14T04:13:28.586+0000] {subprocess.py:73} INFO - Running command: ['/opt/airflow/dbt_venv/bin/dbt', 'run', '--models', 'dim_suppliers', '--project-dir', '/tmp/tmpkui9f9m_', '--profiles-dir', '/tmp/cosmos/profile/a0017dab0633177292578162811b91dcb9c56d6e54017e9660056cc364a762ad', '--profile', 'dbt_project', '--target', 'dev']
[2024-07-14T04:13:28.653+0000] {subprocess.py:84} INFO - Command output:
[2024-07-14T04:13:43.114+0000] {subprocess.py:94} INFO - [0m04:13:43  Running with dbt=1.8.3
[2024-07-14T04:13:48.118+0000] {subprocess.py:94} INFO - [0m04:13:48  Registered adapter: snowflake=1.8.3
[2024-07-14T04:13:52.233+0000] {subprocess.py:94} INFO - [0m04:13:52  Found 20 models, 27 data tests, 11 sources, 684 macros
[2024-07-14T04:13:52.253+0000] {subprocess.py:94} INFO - [0m04:13:52
[2024-07-14T04:14:00.378+0000] {subprocess.py:94} INFO - [0m04:14:00  Concurrency: 1 threads (target='dev')
[2024-07-14T04:14:00.381+0000] {subprocess.py:94} INFO - [0m04:14:00
[2024-07-14T04:14:00.435+0000] {subprocess.py:94} INFO - [0m04:14:00  1 of 1 START sql table model dwh.dim_suppliers ................................. [RUN]
[2024-07-14T04:14:02.729+0000] {subprocess.py:94} INFO - [0m04:14:02  1 of 1 OK created sql table model dwh.dim_suppliers ............................ [[32mSUCCESS 1[0m in 2.27s]
[2024-07-14T04:14:02.759+0000] {subprocess.py:94} INFO - [0m04:14:02
[2024-07-14T04:14:02.766+0000] {subprocess.py:94} INFO - [0m04:14:02  Finished running 1 table model in 0 hours 0 minutes and 10.50 seconds (10.50s).
[2024-07-14T04:14:03.108+0000] {subprocess.py:94} INFO - [0m04:14:03
[2024-07-14T04:14:03.110+0000] {subprocess.py:94} INFO - [0m04:14:03  [32mCompleted successfully[0m
[2024-07-14T04:14:03.113+0000] {subprocess.py:94} INFO - [0m04:14:03
[2024-07-14T04:14:03.115+0000] {subprocess.py:94} INFO - [0m04:14:03  Done. PASS=1 WARN=0 ERROR=0 SKIP=0 TOTAL=1
[2024-07-14T04:14:07.169+0000] {subprocess.py:98} INFO - Command exited with return code 0
[2024-07-14T04:14:07.172+0000] {local.py:254} INFO - [0m04:14:03  Done. PASS=1 WARN=0 ERROR=0 SKIP=0 TOTAL=1
[2024-07-14T04:14:08.636+0000] {local.py:196} WARNING - Artifact schema version: https://schemas.getdbt.com/dbt/manifest/v12.json is above dbt-ol supported version 7. This might cause errors.
[2024-07-14T04:14:08.638+0000] {local.py:196} WARNING - Artifact schema version: https://schemas.getdbt.com/dbt/run-results/v6.json is above dbt-ol supported version 5. This might cause errors.
[2024-07-14T04:14:08.660+0000] {local.py:349} INFO - Inlets: [Dataset(uri='snowflake://OU00370.europe-west2.gcp/ELT_BATCH.raw.raw_suppliers', extra=None)]
[2024-07-14T04:14:08.666+0000] {local.py:350} INFO - Outlets: [Dataset(uri='snowflake://OU00370.europe-west2.gcp/ELT_BATCH.dwh.dim_suppliers', extra=None)]
[2024-07-14T04:14:08.668+0000] {dag.py:3096} INFO - Sync 1 DAGs
[2024-07-14T04:14:08.835+0000] {logging_mixin.py:188} WARNING - /home/airflow/.local/lib/python3.12/site-packages/airflow/datasets/manager.py:53 SAWarning: DELETE statement on table 'task_outlet_dataset_reference' expected to delete 1 row(s); 0 were matched.  Please set confirm_deleted_rows=False within the mapper configuration to prevent this warning.
[2024-07-14T04:14:08.985+0000] {taskinstance.py:441} INFO - ::group::Post task execution logs
[2024-07-14T04:14:09.239+0000] {taskinstance.py:1206} INFO - Marking task as SUCCESS. dag_id=ELT-PROJECT, task_id=transform.dim_suppliers.run, run_id=scheduled__2024-07-05T00:00:00+00:00, execution_date=20240705T000000, start_date=20240714T041305, end_date=20240714T041409
[2024-07-14T04:14:09.718+0000] {local_task_job_runner.py:240} INFO - Task exited with return code 0
[2024-07-14T04:14:09.820+0000] {local_task_job_runner.py:222} INFO - ::endgroup::
