[2024-07-13T15:14:50.281+0000] {local_task_job_runner.py:120} INFO - ::group::Pre task execution logs
[2024-07-13T15:14:50.346+0000] {taskinstance.py:2076} INFO - Dependencies all met for dep_context=non-requeueable deps ti=<TaskInstance: ELT-PROJECT.load.load_customers manual__2024-07-13T15:14:34.532265+00:00 [queued]>
[2024-07-13T15:14:50.412+0000] {taskinstance.py:2076} INFO - Dependencies all met for dep_context=requeueable deps ti=<TaskInstance: ELT-PROJECT.load.load_customers manual__2024-07-13T15:14:34.532265+00:00 [queued]>
[2024-07-13T15:14:50.413+0000] {taskinstance.py:2306} INFO - Starting attempt 1 of 2
[2024-07-13T15:14:50.476+0000] {taskinstance.py:2330} INFO - Executing <Task(_PythonDecoratedOperator): load.load_customers> on 2024-07-13 15:14:34.532265+00:00
[2024-07-13T15:14:50.499+0000] {logging_mixin.py:188} WARNING - /home/airflow/.local/lib/python3.12/site-packages/airflow/task/task_runner/standard_task_runner.py:61 DeprecationWarning: This process (pid=456) is multi-threaded, use of fork() may lead to deadlocks in the child.
[2024-07-13T15:14:50.503+0000] {standard_task_runner.py:63} INFO - Started process 483 to run task
[2024-07-13T15:14:50.507+0000] {standard_task_runner.py:90} INFO - Running: ['airflow', 'tasks', 'run', 'ELT-PROJECT', 'load.load_customers', 'manual__2024-07-13T15:14:34.532265+00:00', '--job-id', '374', '--raw', '--subdir', 'DAGS_FOLDER/elt.py', '--cfg-path', '/tmp/tmpxmc80tdp']
[2024-07-13T15:14:50.512+0000] {standard_task_runner.py:91} INFO - Job 374: Subtask load.load_customers
[2024-07-13T15:14:50.588+0000] {logging_mixin.py:188} WARNING - /home/airflow/.local/lib/python3.12/site-packages/airflow/settings.py:195 DeprecationWarning: The sql_alchemy_conn option in [core] has been moved to the sql_alchemy_conn option in [database] - the old setting has been used, but please update your config.
[2024-07-13T15:14:50.760+0000] {task_command.py:426} INFO - Running <TaskInstance: ELT-PROJECT.load.load_customers manual__2024-07-13T15:14:34.532265+00:00 [running]> on host airflow-scheduler
[2024-07-13T15:14:52.166+0000] {taskinstance.py:2648} INFO - Exporting env vars: AIRFLOW_CTX_DAG_OWNER='Data-Ninja' AIRFLOW_CTX_DAG_ID='ELT-PROJECT' AIRFLOW_CTX_TASK_ID='load.load_customers' AIRFLOW_CTX_EXECUTION_DATE='2024-07-13T15:14:34.532265+00:00' AIRFLOW_CTX_TRY_NUMBER='1' AIRFLOW_CTX_DAG_RUN_ID='manual__2024-07-13T15:14:34.532265+00:00'
[2024-07-13T15:14:52.171+0000] {taskinstance.py:430} INFO - ::endgroup::
[2024-07-13T15:14:52.179+0000] {connection.py:399} INFO - Snowflake Connector for Python Version: 3.10.1, Python Version: 3.12.4, Platform: Linux-5.15.133.1-microsoft-standard-WSL2-x86_64-with-glibc2.36
[2024-07-13T15:14:52.190+0000] {connection.py:1249} INFO - THIS CONNECTION IS IN INSECURE MODE. IT MEANS THE CERTIFICATE WILL BE VALIDATED BUT THE CERTIFICATE REVOCATION STATUS WILL NOT BE CHECKED.
[2024-07-13T15:14:52.490+0000] {ssl_wrap_socket.py:100} INFO - THIS CONNECTION IS IN INSECURE MODE. IT MEANS THE CERTIFICATE WILL BE VALIDATED BUT THE CERTIFICATE REVOCATION STATUS WILL NOT BE CHECKED.
[2024-07-13T15:14:52.888+0000] {logging_mixin.py:188} INFO - Nama kolom di DataFrame: Index(['customerID', 'companyName', 'contactName', 'contactTitle', 'address',
       'city', 'region', 'postalCode', 'country', 'phone', 'fax'],
      dtype='object')
[2024-07-13T15:14:53.292+0000] {cursor.py:1149} INFO - Number of results in first chunk: 1
[2024-07-13T15:14:53.966+0000] {ssl_wrap_socket.py:100} INFO - THIS CONNECTION IS IN INSECURE MODE. IT MEANS THE CERTIFICATE WILL BE VALIDATED BUT THE CERTIFICATE REVOCATION STATUS WILL NOT BE CHECKED.
[2024-07-13T15:14:56.860+0000] {cursor.py:1149} INFO - Number of results in first chunk: 1
[2024-07-13T15:14:58.866+0000] {cursor.py:1149} INFO - Number of results in first chunk: 11
[2024-07-13T15:14:59.253+0000] {cursor.py:1149} INFO - Number of results in first chunk: 1
[2024-07-13T15:14:59.878+0000] {cursor.py:1149} INFO - Number of results in first chunk: 1
[2024-07-13T15:15:01.366+0000] {cursor.py:1149} INFO - Number of results in first chunk: 1
[2024-07-13T15:15:01.368+0000] {logging_mixin.py:188} INFO - Done customers.
[2024-07-13T15:15:01.371+0000] {connection.py:762} INFO - closed
[2024-07-13T15:15:01.726+0000] {connection.py:768} INFO - No async queries seem to be running, deleting session
[2024-07-13T15:15:02.109+0000] {python.py:237} INFO - Done. Returned value was: None
[2024-07-13T15:15:02.115+0000] {taskinstance.py:441} INFO - ::group::Post task execution logs
[2024-07-13T15:15:02.235+0000] {taskinstance.py:1206} INFO - Marking task as SUCCESS. dag_id=ELT-PROJECT, task_id=load.load_customers, run_id=manual__2024-07-13T15:14:34.532265+00:00, execution_date=20240713T151434, start_date=20240713T151450, end_date=20240713T151502
[2024-07-13T15:15:02.344+0000] {local_task_job_runner.py:240} INFO - Task exited with return code 0
[2024-07-13T15:15:02.379+0000] {local_task_job_runner.py:222} INFO - ::endgroup::
