[2024-07-14T04:24:42.196+0000] {local_task_job_runner.py:120} INFO - ::group::Pre task execution logs
[2024-07-14T04:24:42.352+0000] {taskinstance.py:2076} INFO - Dependencies all met for dep_context=non-requeueable deps ti=<TaskInstance: ELT-PROJECT.transform.dim_products.run scheduled__2024-07-07T00:00:00+00:00 [queued]>
[2024-07-14T04:24:42.415+0000] {taskinstance.py:2076} INFO - Dependencies all met for dep_context=requeueable deps ti=<TaskInstance: ELT-PROJECT.transform.dim_products.run scheduled__2024-07-07T00:00:00+00:00 [queued]>
[2024-07-14T04:24:42.426+0000] {taskinstance.py:2306} INFO - Starting attempt 1 of 2
[2024-07-14T04:24:42.528+0000] {taskinstance.py:2330} INFO - Executing <Task(DbtRunLocalOperator): transform.dim_products.run> on 2024-07-07 00:00:00+00:00
[2024-07-14T04:24:42.568+0000] {logging_mixin.py:188} WARNING - /home/airflow/.local/lib/python3.12/site-packages/airflow/task/task_runner/standard_task_runner.py:61 DeprecationWarning: This process (pid=16993) is multi-threaded, use of fork() may lead to deadlocks in the child.
[2024-07-14T04:24:42.566+0000] {standard_task_runner.py:90} INFO - Running: ['airflow', 'tasks', 'run', 'ELT-PROJECT', 'transform.dim_products.run', 'scheduled__2024-07-07T00:00:00+00:00', '--job-id', '1327', '--raw', '--subdir', 'DAGS_FOLDER/elt.py', '--cfg-path', '/tmp/tmp16d58vt2']
[2024-07-14T04:24:42.572+0000] {standard_task_runner.py:63} INFO - Started process 17017 to run task
[2024-07-14T04:24:42.584+0000] {standard_task_runner.py:91} INFO - Job 1327: Subtask transform.dim_products.run
[2024-07-14T04:24:42.703+0000] {logging_mixin.py:188} WARNING - /home/airflow/.local/lib/python3.12/site-packages/airflow/settings.py:195 DeprecationWarning: The sql_alchemy_conn option in [core] has been moved to the sql_alchemy_conn option in [database] - the old setting has been used, but please update your config.
[2024-07-14T04:24:42.973+0000] {task_command.py:426} INFO - Running <TaskInstance: ELT-PROJECT.transform.dim_products.run scheduled__2024-07-07T00:00:00+00:00 [running]> on host airflow-scheduler
[2024-07-14T04:24:43.498+0000] {taskinstance.py:2648} INFO - Exporting env vars: AIRFLOW_CTX_DAG_OWNER='Data-Ninja' AIRFLOW_CTX_DAG_ID='ELT-PROJECT' AIRFLOW_CTX_TASK_ID='transform.dim_products.run' AIRFLOW_CTX_EXECUTION_DATE='2024-07-07T00:00:00+00:00' AIRFLOW_CTX_TRY_NUMBER='1' AIRFLOW_CTX_DAG_RUN_ID='scheduled__2024-07-07T00:00:00+00:00'
[2024-07-14T04:24:43.502+0000] {taskinstance.py:430} INFO - ::endgroup::
[2024-07-14T04:24:43.509+0000] {local.py:174} INFO - Could not import dbtRunner. Falling back to subprocess for invoking dbt.
[2024-07-14T04:24:43.514+0000] {local.py:292} INFO - Cloning project to writable temp directory /tmp/tmp3zc2d4gz from /opt/airflow/dags/dbt/dbt_project
[2024-07-14T04:24:43.530+0000] {local.py:303} INFO - Partial parse is enabled and the latest partial parse file is /tmp/cosmos/ELT-PROJECT__transform/target/partial_parse.msgpack
[2024-07-14T04:24:43.665+0000] {base.py:84} INFO - Using connection ID 'snow_conn' for task execution.
[2024-07-14T04:24:43.678+0000] {crypto.py:82} WARNING - empty cryptography key - values will not be stored encrypted.
[2024-07-14T04:24:43.687+0000] {config.py:298} INFO - Profile caching is enable.
[2024-07-14T04:24:43.694+0000] {config.py:272} INFO - Profile found in cache using profile: /tmp/cosmos/profile/a0017dab0633177292578162811b91dcb9c56d6e54017e9660056cc364a762ad/profiles.yml.
[2024-07-14T04:24:43.703+0000] {local.py:247} INFO - Trying to run the command:
 ['/opt/airflow/dbt_venv/bin/dbt', 'deps', '--project-dir', '/tmp/tmp3zc2d4gz', '--profiles-dir', '/tmp/cosmos/profile/a0017dab0633177292578162811b91dcb9c56d6e54017e9660056cc364a762ad', '--profile', 'dbt_project', '--target', 'dev']
From /tmp/tmp3zc2d4gz
[2024-07-14T04:24:43.705+0000] {subprocess.py:60} INFO - Tmp dir root location: 
 /tmp
[2024-07-14T04:24:43.708+0000] {subprocess.py:73} INFO - Running command: ['/opt/airflow/dbt_venv/bin/dbt', 'deps', '--project-dir', '/tmp/tmp3zc2d4gz', '--profiles-dir', '/tmp/cosmos/profile/a0017dab0633177292578162811b91dcb9c56d6e54017e9660056cc364a762ad', '--profile', 'dbt_project', '--target', 'dev']
[2024-07-14T04:24:43.800+0000] {subprocess.py:84} INFO - Command output:
[2024-07-14T04:24:59.731+0000] {subprocess.py:94} INFO - [0m04:24:59  Running with dbt=1.8.3
[2024-07-14T04:25:01.062+0000] {subprocess.py:94} INFO - [0m04:25:01  Updating lock file in file path: /tmp/tmp3zc2d4gz/package-lock.yml
[2024-07-14T04:25:01.152+0000] {subprocess.py:94} INFO - [0m04:25:01  Installing dbt-labs/dbt_utils
[2024-07-14T04:25:01.837+0000] {subprocess.py:94} INFO - [0m04:25:01  Installed from version 0.8.6
[2024-07-14T04:25:01.847+0000] {subprocess.py:94} INFO - [0m04:25:01  Updated version available: 1.2.0
[2024-07-14T04:25:01.855+0000] {subprocess.py:94} INFO - [0m04:25:01
[2024-07-14T04:25:01.861+0000] {subprocess.py:94} INFO - [0m04:25:01  Updates available for packages: ['dbt-labs/dbt_utils']
[2024-07-14T04:25:01.886+0000] {subprocess.py:94} INFO - Update your versions in packages.yml, then run dbt deps
[2024-07-14T04:25:04.761+0000] {subprocess.py:98} INFO - Command exited with return code 0
[2024-07-14T04:25:04.763+0000] {local.py:254} INFO - Update your versions in packages.yml, then run dbt deps
[2024-07-14T04:25:04.771+0000] {local.py:247} INFO - Trying to run the command:
 ['/opt/airflow/dbt_venv/bin/dbt', 'run', '--models', 'dim_products', '--project-dir', '/tmp/tmp3zc2d4gz', '--profiles-dir', '/tmp/cosmos/profile/a0017dab0633177292578162811b91dcb9c56d6e54017e9660056cc364a762ad', '--profile', 'dbt_project', '--target', 'dev']
From /tmp/tmp3zc2d4gz
[2024-07-14T04:25:04.775+0000] {subprocess.py:60} INFO - Tmp dir root location: 
 /tmp
[2024-07-14T04:25:04.789+0000] {subprocess.py:73} INFO - Running command: ['/opt/airflow/dbt_venv/bin/dbt', 'run', '--models', 'dim_products', '--project-dir', '/tmp/tmp3zc2d4gz', '--profiles-dir', '/tmp/cosmos/profile/a0017dab0633177292578162811b91dcb9c56d6e54017e9660056cc364a762ad', '--profile', 'dbt_project', '--target', 'dev']
[2024-07-14T04:25:04.908+0000] {subprocess.py:84} INFO - Command output:
[2024-07-14T04:25:19.186+0000] {subprocess.py:94} INFO - [0m04:25:19  Running with dbt=1.8.3
[2024-07-14T04:25:22.285+0000] {subprocess.py:94} INFO - [0m04:25:22  Registered adapter: snowflake=1.8.3
[2024-07-14T04:25:27.556+0000] {subprocess.py:94} INFO - [0m04:25:27  Found 20 models, 27 data tests, 11 sources, 684 macros
[2024-07-14T04:25:27.575+0000] {subprocess.py:94} INFO - [0m04:25:27
[2024-07-14T04:25:35.816+0000] {subprocess.py:94} INFO - [0m04:25:35  Concurrency: 1 threads (target='dev')
[2024-07-14T04:25:35.819+0000] {subprocess.py:94} INFO - [0m04:25:35
[2024-07-14T04:25:35.931+0000] {subprocess.py:94} INFO - [0m04:25:35  1 of 1 START sql table model dwh.dim_products .................................. [RUN]
[2024-07-14T04:25:39.098+0000] {subprocess.py:94} INFO - [0m04:25:39  1 of 1 OK created sql table model dwh.dim_products ............................. [[32mSUCCESS 1[0m in 3.14s]
[2024-07-14T04:25:39.127+0000] {subprocess.py:94} INFO - [0m04:25:39
[2024-07-14T04:25:39.145+0000] {subprocess.py:94} INFO - [0m04:25:39  Finished running 1 table model in 0 hours 0 minutes and 11.55 seconds (11.55s).
[2024-07-14T04:25:40.101+0000] {subprocess.py:94} INFO - [0m04:25:40
[2024-07-14T04:25:40.140+0000] {subprocess.py:94} INFO - [0m04:25:40  [32mCompleted successfully[0m
[2024-07-14T04:25:40.193+0000] {subprocess.py:94} INFO - [0m04:25:40
[2024-07-14T04:25:40.288+0000] {subprocess.py:94} INFO - [0m04:25:40  Done. PASS=1 WARN=0 ERROR=0 SKIP=0 TOTAL=1
[2024-07-14T04:25:43.379+0000] {subprocess.py:98} INFO - Command exited with return code 0
[2024-07-14T04:25:43.383+0000] {local.py:254} INFO - [0m04:25:40  Done. PASS=1 WARN=0 ERROR=0 SKIP=0 TOTAL=1
[2024-07-14T04:25:44.390+0000] {local.py:196} WARNING - Artifact schema version: https://schemas.getdbt.com/dbt/manifest/v12.json is above dbt-ol supported version 7. This might cause errors.
[2024-07-14T04:25:44.416+0000] {local.py:196} WARNING - Artifact schema version: https://schemas.getdbt.com/dbt/run-results/v6.json is above dbt-ol supported version 5. This might cause errors.
[2024-07-14T04:25:44.454+0000] {local.py:349} INFO - Inlets: [Dataset(uri='snowflake://OU00370.europe-west2.gcp/ELT_BATCH.dwh.dim_categories', extra=None), Dataset(uri='snowflake://OU00370.europe-west2.gcp/ELT_BATCH.dwh.dim_suppliers', extra=None), Dataset(uri='snowflake://OU00370.europe-west2.gcp/ELT_BATCH.raw.raw_products', extra=None)]
[2024-07-14T04:25:44.475+0000] {local.py:350} INFO - Outlets: [Dataset(uri='snowflake://OU00370.europe-west2.gcp/ELT_BATCH.dwh.dim_products', extra=None)]
[2024-07-14T04:25:44.481+0000] {dag.py:3096} INFO - Sync 1 DAGs
[2024-07-14T04:25:44.950+0000] {taskinstance.py:441} INFO - ::group::Post task execution logs
[2024-07-14T04:25:45.211+0000] {taskinstance.py:1206} INFO - Marking task as SUCCESS. dag_id=ELT-PROJECT, task_id=transform.dim_products.run, run_id=scheduled__2024-07-07T00:00:00+00:00, execution_date=20240707T000000, start_date=20240714T042442, end_date=20240714T042545
[2024-07-14T04:25:45.707+0000] {local_task_job_runner.py:240} INFO - Task exited with return code 0
[2024-07-14T04:25:46.056+0000] {taskinstance.py:3503} INFO - 1 downstream tasks scheduled from follow-on schedule check
[2024-07-14T04:25:46.069+0000] {local_task_job_runner.py:222} INFO - ::endgroup::
