[2024-07-14T04:12:36.259+0000] {local_task_job_runner.py:120} INFO - ::group::Pre task execution logs
[2024-07-14T04:12:36.651+0000] {taskinstance.py:2076} INFO - Dependencies all met for dep_context=non-requeueable deps ti=<TaskInstance: ELT-PROJECT.transform.dim_suppliers.run scheduled__2024-07-03T00:00:00+00:00 [queued]>
[2024-07-14T04:12:36.865+0000] {taskinstance.py:2076} INFO - Dependencies all met for dep_context=requeueable deps ti=<TaskInstance: ELT-PROJECT.transform.dim_suppliers.run scheduled__2024-07-03T00:00:00+00:00 [queued]>
[2024-07-14T04:12:36.870+0000] {taskinstance.py:2306} INFO - Starting attempt 1 of 2
[2024-07-14T04:12:36.997+0000] {taskinstance.py:2330} INFO - Executing <Task(DbtRunLocalOperator): transform.dim_suppliers.run> on 2024-07-03 00:00:00+00:00
[2024-07-14T04:12:37.061+0000] {logging_mixin.py:188} WARNING - /home/airflow/.local/lib/python3.12/site-packages/airflow/task/task_runner/standard_task_runner.py:61 DeprecationWarning: This process (pid=14444) is multi-threaded, use of fork() may lead to deadlocks in the child.
[2024-07-14T04:12:37.071+0000] {standard_task_runner.py:90} INFO - Running: ['airflow', 'tasks', 'run', 'ELT-PROJECT', 'transform.dim_suppliers.run', 'scheduled__2024-07-03T00:00:00+00:00', '--job-id', '1171', '--raw', '--subdir', 'DAGS_FOLDER/elt.py', '--cfg-path', '/tmp/tmpaxmnpfgr']
[2024-07-14T04:12:37.077+0000] {standard_task_runner.py:63} INFO - Started process 14473 to run task
[2024-07-14T04:12:37.092+0000] {standard_task_runner.py:91} INFO - Job 1171: Subtask transform.dim_suppliers.run
[2024-07-14T04:12:37.250+0000] {logging_mixin.py:188} WARNING - /home/airflow/.local/lib/python3.12/site-packages/airflow/settings.py:195 DeprecationWarning: The sql_alchemy_conn option in [core] has been moved to the sql_alchemy_conn option in [database] - the old setting has been used, but please update your config.
[2024-07-14T04:12:37.551+0000] {task_command.py:426} INFO - Running <TaskInstance: ELT-PROJECT.transform.dim_suppliers.run scheduled__2024-07-03T00:00:00+00:00 [running]> on host airflow-scheduler
[2024-07-14T04:12:38.371+0000] {taskinstance.py:2648} INFO - Exporting env vars: AIRFLOW_CTX_DAG_OWNER='Data-Ninja' AIRFLOW_CTX_DAG_ID='ELT-PROJECT' AIRFLOW_CTX_TASK_ID='transform.dim_suppliers.run' AIRFLOW_CTX_EXECUTION_DATE='2024-07-03T00:00:00+00:00' AIRFLOW_CTX_TRY_NUMBER='1' AIRFLOW_CTX_DAG_RUN_ID='scheduled__2024-07-03T00:00:00+00:00'
[2024-07-14T04:12:38.376+0000] {taskinstance.py:430} INFO - ::endgroup::
[2024-07-14T04:12:38.379+0000] {local.py:174} INFO - Could not import dbtRunner. Falling back to subprocess for invoking dbt.
[2024-07-14T04:12:38.393+0000] {local.py:292} INFO - Cloning project to writable temp directory /tmp/tmp1ot__jsl from /opt/airflow/dags/dbt/dbt_project
[2024-07-14T04:12:38.412+0000] {local.py:303} INFO - Partial parse is enabled and the latest partial parse file is /tmp/cosmos/ELT-PROJECT__transform/target/partial_parse.msgpack
[2024-07-14T04:12:38.754+0000] {base.py:84} INFO - Using connection ID 'snow_conn' for task execution.
[2024-07-14T04:12:38.760+0000] {crypto.py:82} WARNING - empty cryptography key - values will not be stored encrypted.
[2024-07-14T04:12:38.771+0000] {config.py:298} INFO - Profile caching is enable.
[2024-07-14T04:12:38.788+0000] {config.py:272} INFO - Profile found in cache using profile: /tmp/cosmos/profile/a0017dab0633177292578162811b91dcb9c56d6e54017e9660056cc364a762ad/profiles.yml.
[2024-07-14T04:12:38.799+0000] {local.py:247} INFO - Trying to run the command:
 ['/opt/airflow/dbt_venv/bin/dbt', 'deps', '--project-dir', '/tmp/tmp1ot__jsl', '--profiles-dir', '/tmp/cosmos/profile/a0017dab0633177292578162811b91dcb9c56d6e54017e9660056cc364a762ad', '--profile', 'dbt_project', '--target', 'dev']
From /tmp/tmp1ot__jsl
[2024-07-14T04:12:38.810+0000] {subprocess.py:60} INFO - Tmp dir root location: 
 /tmp
[2024-07-14T04:12:38.813+0000] {subprocess.py:73} INFO - Running command: ['/opt/airflow/dbt_venv/bin/dbt', 'deps', '--project-dir', '/tmp/tmp1ot__jsl', '--profiles-dir', '/tmp/cosmos/profile/a0017dab0633177292578162811b91dcb9c56d6e54017e9660056cc364a762ad', '--profile', 'dbt_project', '--target', 'dev']
[2024-07-14T04:12:38.968+0000] {subprocess.py:84} INFO - Command output:
[2024-07-14T04:12:49.469+0000] {subprocess.py:94} INFO - [0m04:12:49  Running with dbt=1.8.3
[2024-07-14T04:12:50.448+0000] {subprocess.py:94} INFO - [0m04:12:50  Updating lock file in file path: /tmp/tmp1ot__jsl/package-lock.yml
[2024-07-14T04:12:50.497+0000] {subprocess.py:94} INFO - [0m04:12:50  Installing dbt-labs/dbt_utils
[2024-07-14T04:12:51.128+0000] {subprocess.py:94} INFO - [0m04:12:51  Installed from version 0.8.6
[2024-07-14T04:12:51.136+0000] {subprocess.py:94} INFO - [0m04:12:51  Updated version available: 1.2.0
[2024-07-14T04:12:51.141+0000] {subprocess.py:94} INFO - [0m04:12:51
[2024-07-14T04:12:51.145+0000] {subprocess.py:94} INFO - [0m04:12:51  Updates available for packages: ['dbt-labs/dbt_utils']
[2024-07-14T04:12:51.148+0000] {subprocess.py:94} INFO - Update your versions in packages.yml, then run dbt deps
[2024-07-14T04:12:53.855+0000] {subprocess.py:98} INFO - Command exited with return code 0
[2024-07-14T04:12:53.858+0000] {local.py:254} INFO - Update your versions in packages.yml, then run dbt deps
[2024-07-14T04:12:53.862+0000] {local.py:247} INFO - Trying to run the command:
 ['/opt/airflow/dbt_venv/bin/dbt', 'run', '--models', 'dim_suppliers', '--project-dir', '/tmp/tmp1ot__jsl', '--profiles-dir', '/tmp/cosmos/profile/a0017dab0633177292578162811b91dcb9c56d6e54017e9660056cc364a762ad', '--profile', 'dbt_project', '--target', 'dev']
From /tmp/tmp1ot__jsl
[2024-07-14T04:12:53.865+0000] {subprocess.py:60} INFO - Tmp dir root location: 
 /tmp
[2024-07-14T04:12:53.879+0000] {subprocess.py:73} INFO - Running command: ['/opt/airflow/dbt_venv/bin/dbt', 'run', '--models', 'dim_suppliers', '--project-dir', '/tmp/tmp1ot__jsl', '--profiles-dir', '/tmp/cosmos/profile/a0017dab0633177292578162811b91dcb9c56d6e54017e9660056cc364a762ad', '--profile', 'dbt_project', '--target', 'dev']
[2024-07-14T04:12:53.959+0000] {subprocess.py:84} INFO - Command output:
[2024-07-14T04:13:09.331+0000] {subprocess.py:94} INFO - [0m04:13:09  Running with dbt=1.8.3
[2024-07-14T04:13:12.369+0000] {subprocess.py:94} INFO - [0m04:13:12  Registered adapter: snowflake=1.8.3
[2024-07-14T04:13:18.014+0000] {subprocess.py:94} INFO - [0m04:13:18  Found 20 models, 27 data tests, 11 sources, 684 macros
[2024-07-14T04:13:18.053+0000] {subprocess.py:94} INFO - [0m04:13:18
[2024-07-14T04:13:25.926+0000] {subprocess.py:94} INFO - [0m04:13:25  Concurrency: 1 threads (target='dev')
[2024-07-14T04:13:25.930+0000] {subprocess.py:94} INFO - [0m04:13:25
[2024-07-14T04:13:26.065+0000] {subprocess.py:94} INFO - [0m04:13:26  1 of 1 START sql table model dwh.dim_suppliers ................................. [RUN]
[2024-07-14T04:13:29.059+0000] {subprocess.py:94} INFO - [0m04:13:29  1 of 1 OK created sql table model dwh.dim_suppliers ............................ [[32mSUCCESS 1[0m in 2.96s]
[2024-07-14T04:13:29.071+0000] {subprocess.py:94} INFO - [0m04:13:29
[2024-07-14T04:13:29.075+0000] {subprocess.py:94} INFO - [0m04:13:29  Finished running 1 table model in 0 hours 0 minutes and 11.00 seconds (11.00s).
[2024-07-14T04:13:29.818+0000] {subprocess.py:94} INFO - [0m04:13:29
[2024-07-14T04:13:29.822+0000] {subprocess.py:94} INFO - [0m04:13:29  [32mCompleted successfully[0m
[2024-07-14T04:13:29.825+0000] {subprocess.py:94} INFO - [0m04:13:29
[2024-07-14T04:13:29.831+0000] {subprocess.py:94} INFO - [0m04:13:29  Done. PASS=1 WARN=0 ERROR=0 SKIP=0 TOTAL=1
[2024-07-14T04:13:32.887+0000] {subprocess.py:98} INFO - Command exited with return code 0
[2024-07-14T04:13:32.891+0000] {local.py:254} INFO - [0m04:13:29  Done. PASS=1 WARN=0 ERROR=0 SKIP=0 TOTAL=1
[2024-07-14T04:13:34.167+0000] {local.py:196} WARNING - Artifact schema version: https://schemas.getdbt.com/dbt/manifest/v12.json is above dbt-ol supported version 7. This might cause errors.
[2024-07-14T04:13:34.202+0000] {local.py:196} WARNING - Artifact schema version: https://schemas.getdbt.com/dbt/run-results/v6.json is above dbt-ol supported version 5. This might cause errors.
[2024-07-14T04:13:34.252+0000] {local.py:349} INFO - Inlets: [Dataset(uri='snowflake://OU00370.europe-west2.gcp/ELT_BATCH.raw.raw_suppliers', extra=None)]
[2024-07-14T04:13:34.263+0000] {local.py:350} INFO - Outlets: [Dataset(uri='snowflake://OU00370.europe-west2.gcp/ELT_BATCH.dwh.dim_suppliers', extra=None)]
[2024-07-14T04:13:34.274+0000] {dag.py:3096} INFO - Sync 1 DAGs
[2024-07-14T04:13:34.551+0000] {logging_mixin.py:188} WARNING - /home/airflow/.local/lib/python3.12/site-packages/airflow/datasets/manager.py:53 SAWarning: DELETE statement on table 'task_outlet_dataset_reference' expected to delete 1 row(s); 0 were matched.  Please set confirm_deleted_rows=False within the mapper configuration to prevent this warning.
[2024-07-14T04:13:34.730+0000] {taskinstance.py:441} INFO - ::group::Post task execution logs
[2024-07-14T04:13:34.988+0000] {taskinstance.py:1206} INFO - Marking task as SUCCESS. dag_id=ELT-PROJECT, task_id=transform.dim_suppliers.run, run_id=scheduled__2024-07-03T00:00:00+00:00, execution_date=20240703T000000, start_date=20240714T041236, end_date=20240714T041334
[2024-07-14T04:13:35.088+0000] {local_task_job_runner.py:240} INFO - Task exited with return code 0
[2024-07-14T04:13:35.143+0000] {local_task_job_runner.py:222} INFO - ::endgroup::
