[2024-07-14T04:36:55.917+0000] {local_task_job_runner.py:120} INFO - ::group::Pre task execution logs
[2024-07-14T04:36:56.121+0000] {taskinstance.py:2076} INFO - Dependencies all met for dep_context=non-requeueable deps ti=<TaskInstance: ELT-PROJECT.transform.raw_customers.run scheduled__2024-07-09T00:00:00+00:00 [queued]>
[2024-07-14T04:36:56.230+0000] {taskinstance.py:2076} INFO - Dependencies all met for dep_context=requeueable deps ti=<TaskInstance: ELT-PROJECT.transform.raw_customers.run scheduled__2024-07-09T00:00:00+00:00 [queued]>
[2024-07-14T04:36:56.235+0000] {taskinstance.py:2306} INFO - Starting attempt 1 of 2
[2024-07-14T04:36:57.476+0000] {taskinstance.py:2330} INFO - Executing <Task(DbtRunLocalOperator): transform.raw_customers.run> on 2024-07-09 00:00:00+00:00
[2024-07-14T04:36:57.557+0000] {logging_mixin.py:188} WARNING - /home/airflow/.local/lib/python3.12/site-packages/airflow/task/task_runner/standard_task_runner.py:61 DeprecationWarning: This process (pid=19459) is multi-threaded, use of fork() may lead to deadlocks in the child.
[2024-07-14T04:36:57.565+0000] {standard_task_runner.py:63} INFO - Started process 19480 to run task
[2024-07-14T04:36:57.560+0000] {standard_task_runner.py:90} INFO - Running: ['airflow', 'tasks', 'run', 'ELT-PROJECT', 'transform.raw_customers.run', 'scheduled__2024-07-09T00:00:00+00:00', '--job-id', '1472', '--raw', '--subdir', 'DAGS_FOLDER/elt.py', '--cfg-path', '/tmp/tmp7zrqblev']
[2024-07-14T04:36:57.605+0000] {standard_task_runner.py:91} INFO - Job 1472: Subtask transform.raw_customers.run
[2024-07-14T04:36:57.718+0000] {logging_mixin.py:188} WARNING - /home/airflow/.local/lib/python3.12/site-packages/airflow/settings.py:195 DeprecationWarning: The sql_alchemy_conn option in [core] has been moved to the sql_alchemy_conn option in [database] - the old setting has been used, but please update your config.
[2024-07-14T04:36:57.975+0000] {task_command.py:426} INFO - Running <TaskInstance: ELT-PROJECT.transform.raw_customers.run scheduled__2024-07-09T00:00:00+00:00 [running]> on host airflow-scheduler
[2024-07-14T04:36:58.412+0000] {taskinstance.py:2648} INFO - Exporting env vars: AIRFLOW_CTX_DAG_OWNER='Data-Ninja' AIRFLOW_CTX_DAG_ID='ELT-PROJECT' AIRFLOW_CTX_TASK_ID='transform.raw_customers.run' AIRFLOW_CTX_EXECUTION_DATE='2024-07-09T00:00:00+00:00' AIRFLOW_CTX_TRY_NUMBER='1' AIRFLOW_CTX_DAG_RUN_ID='scheduled__2024-07-09T00:00:00+00:00'
[2024-07-14T04:36:58.415+0000] {taskinstance.py:430} INFO - ::endgroup::
[2024-07-14T04:36:58.423+0000] {local.py:174} INFO - Could not import dbtRunner. Falling back to subprocess for invoking dbt.
[2024-07-14T04:36:58.426+0000] {local.py:292} INFO - Cloning project to writable temp directory /tmp/tmpmxhepjlp from /opt/airflow/dags/dbt/dbt_project
[2024-07-14T04:36:58.453+0000] {local.py:303} INFO - Partial parse is enabled and the latest partial parse file is /tmp/cosmos/ELT-PROJECT__transform/target/partial_parse.msgpack
[2024-07-14T04:36:58.650+0000] {base.py:84} INFO - Using connection ID 'snow_conn' for task execution.
[2024-07-14T04:36:58.655+0000] {crypto.py:82} WARNING - empty cryptography key - values will not be stored encrypted.
[2024-07-14T04:36:58.657+0000] {config.py:298} INFO - Profile caching is enable.
[2024-07-14T04:36:58.667+0000] {config.py:272} INFO - Profile found in cache using profile: /tmp/cosmos/profile/a0017dab0633177292578162811b91dcb9c56d6e54017e9660056cc364a762ad/profiles.yml.
[2024-07-14T04:36:58.685+0000] {local.py:247} INFO - Trying to run the command:
 ['/opt/airflow/dbt_venv/bin/dbt', 'deps', '--project-dir', '/tmp/tmpmxhepjlp', '--profiles-dir', '/tmp/cosmos/profile/a0017dab0633177292578162811b91dcb9c56d6e54017e9660056cc364a762ad', '--profile', 'dbt_project', '--target', 'dev']
From /tmp/tmpmxhepjlp
[2024-07-14T04:36:58.688+0000] {subprocess.py:60} INFO - Tmp dir root location: 
 /tmp
[2024-07-14T04:36:58.692+0000] {subprocess.py:73} INFO - Running command: ['/opt/airflow/dbt_venv/bin/dbt', 'deps', '--project-dir', '/tmp/tmpmxhepjlp', '--profiles-dir', '/tmp/cosmos/profile/a0017dab0633177292578162811b91dcb9c56d6e54017e9660056cc364a762ad', '--profile', 'dbt_project', '--target', 'dev']
[2024-07-14T04:36:58.764+0000] {subprocess.py:84} INFO - Command output:
[2024-07-14T04:37:13.822+0000] {subprocess.py:94} INFO - [0m04:37:13  Running with dbt=1.8.3
[2024-07-14T04:37:15.218+0000] {subprocess.py:94} INFO - [0m04:37:15  Updating lock file in file path: /tmp/tmpmxhepjlp/package-lock.yml
[2024-07-14T04:37:15.252+0000] {subprocess.py:94} INFO - [0m04:37:15  Installing dbt-labs/dbt_utils
[2024-07-14T04:37:16.175+0000] {subprocess.py:94} INFO - [0m04:37:16  Installed from version 0.8.6
[2024-07-14T04:37:16.178+0000] {subprocess.py:94} INFO - [0m04:37:16  Updated version available: 1.2.0
[2024-07-14T04:37:16.183+0000] {subprocess.py:94} INFO - [0m04:37:16
[2024-07-14T04:37:16.187+0000] {subprocess.py:94} INFO - [0m04:37:16  Updates available for packages: ['dbt-labs/dbt_utils']
[2024-07-14T04:37:16.193+0000] {subprocess.py:94} INFO - Update your versions in packages.yml, then run dbt deps
[2024-07-14T04:37:18.827+0000] {subprocess.py:98} INFO - Command exited with return code 0
[2024-07-14T04:37:18.832+0000] {local.py:254} INFO - Update your versions in packages.yml, then run dbt deps
[2024-07-14T04:37:18.836+0000] {local.py:247} INFO - Trying to run the command:
 ['/opt/airflow/dbt_venv/bin/dbt', 'run', '--models', 'raw_customers', '--project-dir', '/tmp/tmpmxhepjlp', '--profiles-dir', '/tmp/cosmos/profile/a0017dab0633177292578162811b91dcb9c56d6e54017e9660056cc364a762ad', '--profile', 'dbt_project', '--target', 'dev']
From /tmp/tmpmxhepjlp
[2024-07-14T04:37:18.839+0000] {subprocess.py:60} INFO - Tmp dir root location: 
 /tmp
[2024-07-14T04:37:18.845+0000] {subprocess.py:73} INFO - Running command: ['/opt/airflow/dbt_venv/bin/dbt', 'run', '--models', 'raw_customers', '--project-dir', '/tmp/tmpmxhepjlp', '--profiles-dir', '/tmp/cosmos/profile/a0017dab0633177292578162811b91dcb9c56d6e54017e9660056cc364a762ad', '--profile', 'dbt_project', '--target', 'dev']
[2024-07-14T04:37:18.972+0000] {subprocess.py:84} INFO - Command output:
[2024-07-14T04:37:35.092+0000] {subprocess.py:94} INFO - [0m04:37:35  Running with dbt=1.8.3
[2024-07-14T04:37:39.130+0000] {subprocess.py:94} INFO - [0m04:37:39  Registered adapter: snowflake=1.8.3
[2024-07-14T04:37:45.777+0000] {subprocess.py:94} INFO - [0m04:37:45  Found 20 models, 27 data tests, 11 sources, 684 macros
[2024-07-14T04:37:45.794+0000] {subprocess.py:94} INFO - [0m04:37:45
[2024-07-14T04:37:54.948+0000] {subprocess.py:94} INFO - [0m04:37:54  Concurrency: 1 threads (target='dev')
[2024-07-14T04:37:54.950+0000] {subprocess.py:94} INFO - [0m04:37:54
[2024-07-14T04:37:55.074+0000] {subprocess.py:94} INFO - [0m04:37:55  1 of 1 START sql table model raw.raw_customers ................................. [RUN]
[2024-07-14T04:37:57.959+0000] {subprocess.py:94} INFO - [0m04:37:57  1 of 1 OK created sql table model raw.raw_customers ............................ [[32mSUCCESS 1[0m in 2.87s]
[2024-07-14T04:37:57.983+0000] {subprocess.py:94} INFO - [0m04:37:57
[2024-07-14T04:37:57.997+0000] {subprocess.py:94} INFO - [0m04:37:57  Finished running 1 table model in 0 hours 0 minutes and 12.19 seconds (12.19s).
[2024-07-14T04:37:58.858+0000] {subprocess.py:94} INFO - [0m04:37:58
[2024-07-14T04:37:58.861+0000] {subprocess.py:94} INFO - [0m04:37:58  [32mCompleted successfully[0m
[2024-07-14T04:37:58.864+0000] {subprocess.py:94} INFO - [0m04:37:58
[2024-07-14T04:37:58.867+0000] {subprocess.py:94} INFO - [0m04:37:58  Done. PASS=1 WARN=0 ERROR=0 SKIP=0 TOTAL=1
[2024-07-14T04:38:01.926+0000] {subprocess.py:98} INFO - Command exited with return code 0
[2024-07-14T04:38:01.930+0000] {local.py:254} INFO - [0m04:37:58  Done. PASS=1 WARN=0 ERROR=0 SKIP=0 TOTAL=1
[2024-07-14T04:38:03.655+0000] {local.py:196} WARNING - Artifact schema version: https://schemas.getdbt.com/dbt/manifest/v12.json is above dbt-ol supported version 7. This might cause errors.
[2024-07-14T04:38:03.682+0000] {local.py:196} WARNING - Artifact schema version: https://schemas.getdbt.com/dbt/run-results/v6.json is above dbt-ol supported version 5. This might cause errors.
[2024-07-14T04:38:03.696+0000] {local.py:349} INFO - Inlets: [Dataset(uri='snowflake://OU00370.europe-west2.gcp/ELT_BATCH.PUBLIC.customers', extra=None)]
[2024-07-14T04:38:03.709+0000] {local.py:350} INFO - Outlets: [Dataset(uri='snowflake://OU00370.europe-west2.gcp/ELT_BATCH.raw.raw_customers', extra=None)]
[2024-07-14T04:38:03.711+0000] {dag.py:3096} INFO - Sync 1 DAGs
[2024-07-14T04:38:04.055+0000] {taskinstance.py:441} INFO - ::group::Post task execution logs
[2024-07-14T04:38:04.288+0000] {taskinstance.py:1206} INFO - Marking task as SUCCESS. dag_id=ELT-PROJECT, task_id=transform.raw_customers.run, run_id=scheduled__2024-07-09T00:00:00+00:00, execution_date=20240709T000000, start_date=20240714T043656, end_date=20240714T043804
[2024-07-14T04:38:05.473+0000] {local_task_job_runner.py:240} INFO - Task exited with return code 0
[2024-07-14T04:38:05.552+0000] {local_task_job_runner.py:222} INFO - ::endgroup::
