[2024-07-13T15:48:25.674+0000] {local_task_job_runner.py:120} INFO - ::group::Pre task execution logs
[2024-07-13T15:48:25.774+0000] {taskinstance.py:2076} INFO - Dependencies all met for dep_context=non-requeueable deps ti=<TaskInstance: ELT-PROJECT.transform.raw_regions.run manual__2024-07-13T15:47:53.906361+00:00 [queued]>
[2024-07-13T15:48:25.834+0000] {taskinstance.py:2076} INFO - Dependencies all met for dep_context=requeueable deps ti=<TaskInstance: ELT-PROJECT.transform.raw_regions.run manual__2024-07-13T15:47:53.906361+00:00 [queued]>
[2024-07-13T15:48:25.836+0000] {taskinstance.py:2306} INFO - Starting attempt 1 of 2
[2024-07-13T15:48:25.875+0000] {taskinstance.py:2330} INFO - Executing <Task(DbtRunLocalOperator): transform.raw_regions.run> on 2024-07-13 15:47:53.906361+00:00
[2024-07-13T15:48:25.899+0000] {logging_mixin.py:188} WARNING - /home/airflow/.local/lib/python3.12/site-packages/airflow/task/task_runner/standard_task_runner.py:61 DeprecationWarning: This process (pid=2934) is multi-threaded, use of fork() may lead to deadlocks in the child.
[2024-07-13T15:48:25.903+0000] {standard_task_runner.py:63} INFO - Started process 2955 to run task
[2024-07-13T15:48:25.894+0000] {standard_task_runner.py:90} INFO - Running: ['airflow', 'tasks', 'run', 'ELT-PROJECT', 'transform.raw_regions.run', 'manual__2024-07-13T15:47:53.906361+00:00', '--job-id', '478', '--raw', '--subdir', 'DAGS_FOLDER/elt.py', '--cfg-path', '/tmp/tmptz590p1n']
[2024-07-13T15:48:25.907+0000] {standard_task_runner.py:91} INFO - Job 478: Subtask transform.raw_regions.run
[2024-07-13T15:48:25.969+0000] {logging_mixin.py:188} WARNING - /home/airflow/.local/lib/python3.12/site-packages/airflow/settings.py:195 DeprecationWarning: The sql_alchemy_conn option in [core] has been moved to the sql_alchemy_conn option in [database] - the old setting has been used, but please update your config.
[2024-07-13T15:48:26.105+0000] {task_command.py:426} INFO - Running <TaskInstance: ELT-PROJECT.transform.raw_regions.run manual__2024-07-13T15:47:53.906361+00:00 [running]> on host airflow-scheduler
[2024-07-13T15:48:26.556+0000] {taskinstance.py:2648} INFO - Exporting env vars: AIRFLOW_CTX_DAG_OWNER='Data-Ninja' AIRFLOW_CTX_DAG_ID='ELT-PROJECT' AIRFLOW_CTX_TASK_ID='transform.raw_regions.run' AIRFLOW_CTX_EXECUTION_DATE='2024-07-13T15:47:53.906361+00:00' AIRFLOW_CTX_TRY_NUMBER='1' AIRFLOW_CTX_DAG_RUN_ID='manual__2024-07-13T15:47:53.906361+00:00'
[2024-07-13T15:48:26.560+0000] {taskinstance.py:430} INFO - ::endgroup::
[2024-07-13T15:48:26.574+0000] {local.py:174} INFO - Could not import dbtRunner. Falling back to subprocess for invoking dbt.
[2024-07-13T15:48:26.578+0000] {local.py:292} INFO - Cloning project to writable temp directory /tmp/tmpmtcvyb5d from /opt/airflow/dags/dbt/dbt_project
[2024-07-13T15:48:26.595+0000] {local.py:303} INFO - Partial parse is enabled and the latest partial parse file is /tmp/cosmos/ELT-PROJECT__transform/target/partial_parse.msgpack
[2024-07-13T15:48:27.907+0000] {base.py:84} INFO - Using connection ID 'snow_conn' for task execution.
[2024-07-13T15:48:27.919+0000] {crypto.py:82} WARNING - empty cryptography key - values will not be stored encrypted.
[2024-07-13T15:48:27.922+0000] {config.py:298} INFO - Profile caching is enable.
[2024-07-13T15:48:27.930+0000] {config.py:272} INFO - Profile found in cache using profile: /tmp/cosmos/profile/a0017dab0633177292578162811b91dcb9c56d6e54017e9660056cc364a762ad/profiles.yml.
[2024-07-13T15:48:27.948+0000] {local.py:247} INFO - Trying to run the command:
 ['/opt/airflow/dbt_venv/bin/dbt', 'deps', '--project-dir', '/tmp/tmpmtcvyb5d', '--profiles-dir', '/tmp/cosmos/profile/a0017dab0633177292578162811b91dcb9c56d6e54017e9660056cc364a762ad', '--profile', 'dbt_project', '--target', 'dev']
From /tmp/tmpmtcvyb5d
[2024-07-13T15:48:27.951+0000] {subprocess.py:60} INFO - Tmp dir root location: 
 /tmp
[2024-07-13T15:48:27.953+0000] {subprocess.py:73} INFO - Running command: ['/opt/airflow/dbt_venv/bin/dbt', 'deps', '--project-dir', '/tmp/tmpmtcvyb5d', '--profiles-dir', '/tmp/cosmos/profile/a0017dab0633177292578162811b91dcb9c56d6e54017e9660056cc364a762ad', '--profile', 'dbt_project', '--target', 'dev']
[2024-07-13T15:48:28.002+0000] {subprocess.py:84} INFO - Command output:
[2024-07-13T15:48:39.430+0000] {subprocess.py:94} INFO - [0m15:48:39  Running with dbt=1.8.3
[2024-07-13T15:48:40.760+0000] {subprocess.py:94} INFO - [0m15:48:40  Updating lock file in file path: /tmp/tmpmtcvyb5d/package-lock.yml
[2024-07-13T15:48:41.103+0000] {subprocess.py:94} INFO - [0m15:48:41  Installing dbt-labs/dbt_utils
[2024-07-13T15:48:42.268+0000] {subprocess.py:94} INFO - [0m15:48:42  Installed from version 0.8.6
[2024-07-13T15:48:42.271+0000] {subprocess.py:94} INFO - [0m15:48:42  Updated version available: 1.2.0
[2024-07-13T15:48:42.273+0000] {subprocess.py:94} INFO - [0m15:48:42
[2024-07-13T15:48:42.277+0000] {subprocess.py:94} INFO - [0m15:48:42  Updates available for packages: ['dbt-labs/dbt_utils']
[2024-07-13T15:48:42.280+0000] {subprocess.py:94} INFO - Update your versions in packages.yml, then run dbt deps
[2024-07-13T15:48:45.464+0000] {subprocess.py:98} INFO - Command exited with return code 0
[2024-07-13T15:48:45.466+0000] {local.py:254} INFO - Update your versions in packages.yml, then run dbt deps
[2024-07-13T15:48:45.468+0000] {local.py:247} INFO - Trying to run the command:
 ['/opt/airflow/dbt_venv/bin/dbt', 'run', '--models', 'raw_regions', '--project-dir', '/tmp/tmpmtcvyb5d', '--profiles-dir', '/tmp/cosmos/profile/a0017dab0633177292578162811b91dcb9c56d6e54017e9660056cc364a762ad', '--profile', 'dbt_project', '--target', 'dev']
From /tmp/tmpmtcvyb5d
[2024-07-13T15:48:45.471+0000] {subprocess.py:60} INFO - Tmp dir root location: 
 /tmp
[2024-07-13T15:48:45.476+0000] {subprocess.py:73} INFO - Running command: ['/opt/airflow/dbt_venv/bin/dbt', 'run', '--models', 'raw_regions', '--project-dir', '/tmp/tmpmtcvyb5d', '--profiles-dir', '/tmp/cosmos/profile/a0017dab0633177292578162811b91dcb9c56d6e54017e9660056cc364a762ad', '--profile', 'dbt_project', '--target', 'dev']
[2024-07-13T15:48:45.501+0000] {subprocess.py:84} INFO - Command output:
[2024-07-13T15:48:56.143+0000] {subprocess.py:94} INFO - [0m15:48:56  Running with dbt=1.8.3
[2024-07-13T15:48:59.267+0000] {subprocess.py:94} INFO - [0m15:48:59  Registered adapter: snowflake=1.8.3
[2024-07-13T15:49:04.159+0000] {subprocess.py:94} INFO - [0m15:49:04  Found 20 models, 27 data tests, 11 sources, 684 macros
[2024-07-13T15:49:04.181+0000] {subprocess.py:94} INFO - [0m15:49:04
[2024-07-13T15:49:12.073+0000] {subprocess.py:94} INFO - [0m15:49:12  Concurrency: 1 threads (target='dev')
[2024-07-13T15:49:12.074+0000] {subprocess.py:94} INFO - [0m15:49:12
[2024-07-13T15:49:12.088+0000] {subprocess.py:94} INFO - [0m15:49:12  1 of 1 START sql table model raw.raw_regions ................................... [RUN]
[2024-07-13T15:49:14.844+0000] {subprocess.py:94} INFO - [0m15:49:14  1 of 1 OK created sql table model raw.raw_regions .............................. [[32mSUCCESS 1[0m in 2.75s]
[2024-07-13T15:49:14.851+0000] {subprocess.py:94} INFO - [0m15:49:14
[2024-07-13T15:49:14.854+0000] {subprocess.py:94} INFO - [0m15:49:14  Finished running 1 table model in 0 hours 0 minutes and 10.66 seconds (10.66s).
[2024-07-13T15:49:15.063+0000] {subprocess.py:94} INFO - [0m15:49:15
[2024-07-13T15:49:15.065+0000] {subprocess.py:94} INFO - [0m15:49:15  [32mCompleted successfully[0m
[2024-07-13T15:49:15.066+0000] {subprocess.py:94} INFO - [0m15:49:15
[2024-07-13T15:49:15.067+0000] {subprocess.py:94} INFO - [0m15:49:15  Done. PASS=1 WARN=0 ERROR=0 SKIP=0 TOTAL=1
[2024-07-13T15:49:21.035+0000] {subprocess.py:98} INFO - Command exited with return code 0
[2024-07-13T15:49:21.037+0000] {local.py:254} INFO - [0m15:49:15  Done. PASS=1 WARN=0 ERROR=0 SKIP=0 TOTAL=1
[2024-07-13T15:49:21.112+0000] {local.py:196} WARNING - Artifact schema version: https://schemas.getdbt.com/dbt/manifest/v12.json is above dbt-ol supported version 7. This might cause errors.
[2024-07-13T15:49:21.114+0000] {local.py:196} WARNING - Artifact schema version: https://schemas.getdbt.com/dbt/run-results/v6.json is above dbt-ol supported version 5. This might cause errors.
[2024-07-13T15:49:21.132+0000] {local.py:349} INFO - Inlets: [Dataset(uri='snowflake://OU00370.europe-west2.gcp/ELT_BATCH.PUBLIC.regions', extra=None)]
[2024-07-13T15:49:21.135+0000] {local.py:350} INFO - Outlets: [Dataset(uri='snowflake://OU00370.europe-west2.gcp/ELT_BATCH.raw.raw_regions', extra=None)]
[2024-07-13T15:49:21.138+0000] {dag.py:3096} INFO - Sync 1 DAGs
[2024-07-13T15:49:21.216+0000] {dag.py:3954} INFO - Setting next_dagrun for ELT-PROJECT to None, run_after=None
[2024-07-13T15:49:21.391+0000] {taskinstance.py:441} INFO - ::group::Post task execution logs
[2024-07-13T15:49:21.528+0000] {taskinstance.py:1206} INFO - Marking task as SUCCESS. dag_id=ELT-PROJECT, task_id=transform.raw_regions.run, run_id=manual__2024-07-13T15:47:53.906361+00:00, execution_date=20240713T154753, start_date=20240713T154825, end_date=20240713T154921
[2024-07-13T15:49:21.641+0000] {local_task_job_runner.py:240} INFO - Task exited with return code 0
[2024-07-13T15:49:21.800+0000] {taskinstance.py:3503} INFO - 1 downstream tasks scheduled from follow-on schedule check
[2024-07-13T15:49:21.805+0000] {local_task_job_runner.py:222} INFO - ::endgroup::
