[2024-07-14T04:35:39.983+0000] {local_task_job_runner.py:120} INFO - ::group::Pre task execution logs
[2024-07-14T04:35:40.188+0000] {taskinstance.py:2076} INFO - Dependencies all met for dep_context=non-requeueable deps ti=<TaskInstance: ELT-PROJECT.transform.raw_regions.run scheduled__2024-07-05T00:00:00+00:00 [queued]>
[2024-07-14T04:35:40.297+0000] {taskinstance.py:2076} INFO - Dependencies all met for dep_context=requeueable deps ti=<TaskInstance: ELT-PROJECT.transform.raw_regions.run scheduled__2024-07-05T00:00:00+00:00 [queued]>
[2024-07-14T04:35:40.303+0000] {taskinstance.py:2306} INFO - Starting attempt 1 of 2
[2024-07-14T04:35:40.369+0000] {taskinstance.py:2330} INFO - Executing <Task(DbtRunLocalOperator): transform.raw_regions.run> on 2024-07-05 00:00:00+00:00
[2024-07-14T04:35:40.414+0000] {logging_mixin.py:188} WARNING - /home/airflow/.local/lib/python3.12/site-packages/airflow/task/task_runner/standard_task_runner.py:61 DeprecationWarning: This process (pid=19189) is multi-threaded, use of fork() may lead to deadlocks in the child.
[2024-07-14T04:35:40.438+0000] {standard_task_runner.py:63} INFO - Started process 19223 to run task
[2024-07-14T04:35:40.425+0000] {standard_task_runner.py:90} INFO - Running: ['airflow', 'tasks', 'run', 'ELT-PROJECT', 'transform.raw_regions.run', 'scheduled__2024-07-05T00:00:00+00:00', '--job-id', '1456', '--raw', '--subdir', 'DAGS_FOLDER/elt.py', '--cfg-path', '/tmp/tmpiepicbg9']
[2024-07-14T04:35:40.452+0000] {standard_task_runner.py:91} INFO - Job 1456: Subtask transform.raw_regions.run
[2024-07-14T04:35:40.588+0000] {logging_mixin.py:188} WARNING - /home/airflow/.local/lib/python3.12/site-packages/airflow/settings.py:195 DeprecationWarning: The sql_alchemy_conn option in [core] has been moved to the sql_alchemy_conn option in [database] - the old setting has been used, but please update your config.
[2024-07-14T04:35:40.766+0000] {task_command.py:426} INFO - Running <TaskInstance: ELT-PROJECT.transform.raw_regions.run scheduled__2024-07-05T00:00:00+00:00 [running]> on host airflow-scheduler
[2024-07-14T04:35:41.407+0000] {taskinstance.py:2648} INFO - Exporting env vars: AIRFLOW_CTX_DAG_OWNER='Data-Ninja' AIRFLOW_CTX_DAG_ID='ELT-PROJECT' AIRFLOW_CTX_TASK_ID='transform.raw_regions.run' AIRFLOW_CTX_EXECUTION_DATE='2024-07-05T00:00:00+00:00' AIRFLOW_CTX_TRY_NUMBER='1' AIRFLOW_CTX_DAG_RUN_ID='scheduled__2024-07-05T00:00:00+00:00'
[2024-07-14T04:35:41.416+0000] {taskinstance.py:430} INFO - ::endgroup::
[2024-07-14T04:35:41.427+0000] {local.py:174} INFO - Could not import dbtRunner. Falling back to subprocess for invoking dbt.
[2024-07-14T04:35:41.431+0000] {local.py:292} INFO - Cloning project to writable temp directory /tmp/tmpqqrk_570 from /opt/airflow/dags/dbt/dbt_project
[2024-07-14T04:35:41.444+0000] {local.py:303} INFO - Partial parse is enabled and the latest partial parse file is /tmp/cosmos/ELT-PROJECT__transform/target/partial_parse.msgpack
[2024-07-14T04:35:42.125+0000] {base.py:84} INFO - Using connection ID 'snow_conn' for task execution.
[2024-07-14T04:35:42.169+0000] {crypto.py:82} WARNING - empty cryptography key - values will not be stored encrypted.
[2024-07-14T04:35:42.188+0000] {config.py:298} INFO - Profile caching is enable.
[2024-07-14T04:35:42.207+0000] {config.py:272} INFO - Profile found in cache using profile: /tmp/cosmos/profile/a0017dab0633177292578162811b91dcb9c56d6e54017e9660056cc364a762ad/profiles.yml.
[2024-07-14T04:35:42.246+0000] {local.py:247} INFO - Trying to run the command:
 ['/opt/airflow/dbt_venv/bin/dbt', 'deps', '--project-dir', '/tmp/tmpqqrk_570', '--profiles-dir', '/tmp/cosmos/profile/a0017dab0633177292578162811b91dcb9c56d6e54017e9660056cc364a762ad', '--profile', 'dbt_project', '--target', 'dev']
From /tmp/tmpqqrk_570
[2024-07-14T04:35:42.273+0000] {subprocess.py:60} INFO - Tmp dir root location: 
 /tmp
[2024-07-14T04:35:42.292+0000] {subprocess.py:73} INFO - Running command: ['/opt/airflow/dbt_venv/bin/dbt', 'deps', '--project-dir', '/tmp/tmpqqrk_570', '--profiles-dir', '/tmp/cosmos/profile/a0017dab0633177292578162811b91dcb9c56d6e54017e9660056cc364a762ad', '--profile', 'dbt_project', '--target', 'dev']
[2024-07-14T04:35:42.507+0000] {subprocess.py:84} INFO - Command output:
[2024-07-14T04:35:59.013+0000] {subprocess.py:94} INFO - [0m04:35:59  Running with dbt=1.8.3
[2024-07-14T04:36:01.023+0000] {subprocess.py:94} INFO - [0m04:36:01  Updating lock file in file path: /tmp/tmpqqrk_570/package-lock.yml
[2024-07-14T04:36:01.075+0000] {subprocess.py:94} INFO - [0m04:36:01  Installing dbt-labs/dbt_utils
[2024-07-14T04:36:02.228+0000] {subprocess.py:94} INFO - [0m04:36:02  Installed from version 0.8.6
[2024-07-14T04:36:02.233+0000] {subprocess.py:94} INFO - [0m04:36:02  Updated version available: 1.2.0
[2024-07-14T04:36:02.239+0000] {subprocess.py:94} INFO - [0m04:36:02
[2024-07-14T04:36:02.242+0000] {subprocess.py:94} INFO - [0m04:36:02  Updates available for packages: ['dbt-labs/dbt_utils']
[2024-07-14T04:36:02.245+0000] {subprocess.py:94} INFO - Update your versions in packages.yml, then run dbt deps
[2024-07-14T04:36:04.713+0000] {subprocess.py:98} INFO - Command exited with return code 0
[2024-07-14T04:36:04.718+0000] {local.py:254} INFO - Update your versions in packages.yml, then run dbt deps
[2024-07-14T04:36:04.720+0000] {local.py:247} INFO - Trying to run the command:
 ['/opt/airflow/dbt_venv/bin/dbt', 'run', '--models', 'raw_regions', '--project-dir', '/tmp/tmpqqrk_570', '--profiles-dir', '/tmp/cosmos/profile/a0017dab0633177292578162811b91dcb9c56d6e54017e9660056cc364a762ad', '--profile', 'dbt_project', '--target', 'dev']
From /tmp/tmpqqrk_570
[2024-07-14T04:36:04.735+0000] {subprocess.py:60} INFO - Tmp dir root location: 
 /tmp
[2024-07-14T04:36:04.739+0000] {subprocess.py:73} INFO - Running command: ['/opt/airflow/dbt_venv/bin/dbt', 'run', '--models', 'raw_regions', '--project-dir', '/tmp/tmpqqrk_570', '--profiles-dir', '/tmp/cosmos/profile/a0017dab0633177292578162811b91dcb9c56d6e54017e9660056cc364a762ad', '--profile', 'dbt_project', '--target', 'dev']
[2024-07-14T04:36:04.831+0000] {subprocess.py:84} INFO - Command output:
[2024-07-14T04:36:24.119+0000] {subprocess.py:94} INFO - [0m04:36:24  Running with dbt=1.8.3
[2024-07-14T04:36:28.798+0000] {subprocess.py:94} INFO - [0m04:36:28  Registered adapter: snowflake=1.8.3
[2024-07-14T04:36:34.130+0000] {subprocess.py:94} INFO - [0m04:36:34  Found 20 models, 27 data tests, 11 sources, 684 macros
[2024-07-14T04:36:34.144+0000] {subprocess.py:94} INFO - [0m04:36:34
[2024-07-14T04:36:42.206+0000] {subprocess.py:94} INFO - [0m04:36:42  Concurrency: 1 threads (target='dev')
[2024-07-14T04:36:42.212+0000] {subprocess.py:94} INFO - [0m04:36:42
[2024-07-14T04:36:42.319+0000] {subprocess.py:94} INFO - [0m04:36:42  1 of 1 START sql table model raw.raw_regions ................................... [RUN]
[2024-07-14T04:36:45.226+0000] {subprocess.py:94} INFO - [0m04:36:45  1 of 1 OK created sql table model raw.raw_regions .............................. [[32mSUCCESS 1[0m in 2.88s]
[2024-07-14T04:36:45.296+0000] {subprocess.py:94} INFO - [0m04:36:45
[2024-07-14T04:36:45.334+0000] {subprocess.py:94} INFO - [0m04:36:45  Finished running 1 table model in 0 hours 0 minutes and 11.11 seconds (11.11s).
[2024-07-14T04:36:45.884+0000] {subprocess.py:94} INFO - [0m04:36:45
[2024-07-14T04:36:45.889+0000] {subprocess.py:94} INFO - [0m04:36:45  [32mCompleted successfully[0m
[2024-07-14T04:36:45.895+0000] {subprocess.py:94} INFO - [0m04:36:45
[2024-07-14T04:36:45.900+0000] {subprocess.py:94} INFO - [0m04:36:45  Done. PASS=1 WARN=0 ERROR=0 SKIP=0 TOTAL=1
[2024-07-14T04:36:49.026+0000] {subprocess.py:98} INFO - Command exited with return code 0
[2024-07-14T04:36:49.031+0000] {local.py:254} INFO - [0m04:36:45  Done. PASS=1 WARN=0 ERROR=0 SKIP=0 TOTAL=1
[2024-07-14T04:36:49.220+0000] {local.py:196} WARNING - Artifact schema version: https://schemas.getdbt.com/dbt/manifest/v12.json is above dbt-ol supported version 7. This might cause errors.
[2024-07-14T04:36:49.247+0000] {local.py:196} WARNING - Artifact schema version: https://schemas.getdbt.com/dbt/run-results/v6.json is above dbt-ol supported version 5. This might cause errors.
[2024-07-14T04:36:49.331+0000] {local.py:349} INFO - Inlets: [Dataset(uri='snowflake://OU00370.europe-west2.gcp/ELT_BATCH.PUBLIC.regions', extra=None)]
[2024-07-14T04:36:49.364+0000] {local.py:350} INFO - Outlets: [Dataset(uri='snowflake://OU00370.europe-west2.gcp/ELT_BATCH.raw.raw_regions', extra=None)]
[2024-07-14T04:36:49.368+0000] {dag.py:3096} INFO - Sync 1 DAGs
[2024-07-14T04:36:50.031+0000] {taskinstance.py:441} INFO - ::group::Post task execution logs
[2024-07-14T04:36:50.256+0000] {taskinstance.py:1206} INFO - Marking task as SUCCESS. dag_id=ELT-PROJECT, task_id=transform.raw_regions.run, run_id=scheduled__2024-07-05T00:00:00+00:00, execution_date=20240705T000000, start_date=20240714T043540, end_date=20240714T043650
[2024-07-14T04:36:50.422+0000] {local_task_job_runner.py:240} INFO - Task exited with return code 0
[2024-07-14T04:36:50.628+0000] {taskinstance.py:3503} INFO - 1 downstream tasks scheduled from follow-on schedule check
[2024-07-14T04:36:50.639+0000] {local_task_job_runner.py:222} INFO - ::endgroup::
