[2024-07-14T04:04:35.215+0000] {local_task_job_runner.py:120} INFO - ::group::Pre task execution logs
[2024-07-14T04:04:35.334+0000] {taskinstance.py:2076} INFO - Dependencies all met for dep_context=non-requeueable deps ti=<TaskInstance: ELT-PROJECT.transform.raw_categories.run scheduled__2024-07-04T00:00:00+00:00 [queued]>
[2024-07-14T04:04:35.454+0000] {taskinstance.py:2076} INFO - Dependencies all met for dep_context=requeueable deps ti=<TaskInstance: ELT-PROJECT.transform.raw_categories.run scheduled__2024-07-04T00:00:00+00:00 [queued]>
[2024-07-14T04:04:35.456+0000] {taskinstance.py:2306} INFO - Starting attempt 1 of 2
[2024-07-14T04:04:37.474+0000] {taskinstance.py:2330} INFO - Executing <Task(DbtRunLocalOperator): transform.raw_categories.run> on 2024-07-04 00:00:00+00:00
[2024-07-14T04:04:37.513+0000] {logging_mixin.py:188} WARNING - /home/airflow/.local/lib/python3.12/site-packages/airflow/task/task_runner/standard_task_runner.py:61 DeprecationWarning: This process (pid=12685) is multi-threaded, use of fork() may lead to deadlocks in the child.
[2024-07-14T04:04:37.520+0000] {standard_task_runner.py:63} INFO - Started process 12730 to run task
[2024-07-14T04:04:37.507+0000] {standard_task_runner.py:90} INFO - Running: ['airflow', 'tasks', 'run', 'ELT-PROJECT', 'transform.raw_categories.run', 'scheduled__2024-07-04T00:00:00+00:00', '--job-id', '1064', '--raw', '--subdir', 'DAGS_FOLDER/elt.py', '--cfg-path', '/tmp/tmpgmlzb5f6']
[2024-07-14T04:04:37.531+0000] {standard_task_runner.py:91} INFO - Job 1064: Subtask transform.raw_categories.run
[2024-07-14T04:04:37.604+0000] {logging_mixin.py:188} WARNING - /home/airflow/.local/lib/python3.12/site-packages/airflow/settings.py:195 DeprecationWarning: The sql_alchemy_conn option in [core] has been moved to the sql_alchemy_conn option in [database] - the old setting has been used, but please update your config.
[2024-07-14T04:04:37.834+0000] {task_command.py:426} INFO - Running <TaskInstance: ELT-PROJECT.transform.raw_categories.run scheduled__2024-07-04T00:00:00+00:00 [running]> on host airflow-scheduler
[2024-07-14T04:04:38.585+0000] {taskinstance.py:2648} INFO - Exporting env vars: AIRFLOW_CTX_DAG_OWNER='Data-Ninja' AIRFLOW_CTX_DAG_ID='ELT-PROJECT' AIRFLOW_CTX_TASK_ID='transform.raw_categories.run' AIRFLOW_CTX_EXECUTION_DATE='2024-07-04T00:00:00+00:00' AIRFLOW_CTX_TRY_NUMBER='1' AIRFLOW_CTX_DAG_RUN_ID='scheduled__2024-07-04T00:00:00+00:00'
[2024-07-14T04:04:38.590+0000] {taskinstance.py:430} INFO - ::endgroup::
[2024-07-14T04:04:38.632+0000] {local.py:174} INFO - Could not import dbtRunner. Falling back to subprocess for invoking dbt.
[2024-07-14T04:04:38.645+0000] {local.py:292} INFO - Cloning project to writable temp directory /tmp/tmpzwqrx7rr from /opt/airflow/dags/dbt/dbt_project
[2024-07-14T04:04:38.742+0000] {local.py:303} INFO - Partial parse is enabled and the latest partial parse file is /tmp/cosmos/ELT-PROJECT__transform/target/partial_parse.msgpack
[2024-07-14T04:04:38.987+0000] {base.py:84} INFO - Using connection ID 'snow_conn' for task execution.
[2024-07-14T04:04:39.001+0000] {crypto.py:82} WARNING - empty cryptography key - values will not be stored encrypted.
[2024-07-14T04:04:39.010+0000] {config.py:298} INFO - Profile caching is enable.
[2024-07-14T04:04:39.019+0000] {config.py:272} INFO - Profile found in cache using profile: /tmp/cosmos/profile/a0017dab0633177292578162811b91dcb9c56d6e54017e9660056cc364a762ad/profiles.yml.
[2024-07-14T04:04:39.024+0000] {local.py:247} INFO - Trying to run the command:
 ['/opt/airflow/dbt_venv/bin/dbt', 'deps', '--project-dir', '/tmp/tmpzwqrx7rr', '--profiles-dir', '/tmp/cosmos/profile/a0017dab0633177292578162811b91dcb9c56d6e54017e9660056cc364a762ad', '--profile', 'dbt_project', '--target', 'dev']
From /tmp/tmpzwqrx7rr
[2024-07-14T04:04:39.028+0000] {subprocess.py:60} INFO - Tmp dir root location: 
 /tmp
[2024-07-14T04:04:39.039+0000] {subprocess.py:73} INFO - Running command: ['/opt/airflow/dbt_venv/bin/dbt', 'deps', '--project-dir', '/tmp/tmpzwqrx7rr', '--profiles-dir', '/tmp/cosmos/profile/a0017dab0633177292578162811b91dcb9c56d6e54017e9660056cc364a762ad', '--profile', 'dbt_project', '--target', 'dev']
[2024-07-14T04:04:39.120+0000] {subprocess.py:84} INFO - Command output:
[2024-07-14T04:04:55.866+0000] {subprocess.py:94} INFO - [0m04:04:55  Running with dbt=1.8.3
[2024-07-14T04:04:57.147+0000] {subprocess.py:94} INFO - [0m04:04:57  Updating lock file in file path: /tmp/tmpzwqrx7rr/package-lock.yml
[2024-07-14T04:04:57.215+0000] {subprocess.py:94} INFO - [0m04:04:57  Installing dbt-labs/dbt_utils
[2024-07-14T04:04:57.987+0000] {subprocess.py:94} INFO - [0m04:04:57  Installed from version 0.8.6
[2024-07-14T04:04:57.994+0000] {subprocess.py:94} INFO - [0m04:04:57  Updated version available: 1.2.0
[2024-07-14T04:04:58.006+0000] {subprocess.py:94} INFO - [0m04:04:58
[2024-07-14T04:04:58.009+0000] {subprocess.py:94} INFO - [0m04:04:58  Updates available for packages: ['dbt-labs/dbt_utils']
[2024-07-14T04:04:58.014+0000] {subprocess.py:94} INFO - Update your versions in packages.yml, then run dbt deps
[2024-07-14T04:05:00.418+0000] {subprocess.py:98} INFO - Command exited with return code 0
[2024-07-14T04:05:00.421+0000] {local.py:254} INFO - Update your versions in packages.yml, then run dbt deps
[2024-07-14T04:05:00.424+0000] {local.py:247} INFO - Trying to run the command:
 ['/opt/airflow/dbt_venv/bin/dbt', 'run', '--models', 'raw_categories', '--project-dir', '/tmp/tmpzwqrx7rr', '--profiles-dir', '/tmp/cosmos/profile/a0017dab0633177292578162811b91dcb9c56d6e54017e9660056cc364a762ad', '--profile', 'dbt_project', '--target', 'dev']
From /tmp/tmpzwqrx7rr
[2024-07-14T04:05:00.427+0000] {subprocess.py:60} INFO - Tmp dir root location: 
 /tmp
[2024-07-14T04:05:00.430+0000] {subprocess.py:73} INFO - Running command: ['/opt/airflow/dbt_venv/bin/dbt', 'run', '--models', 'raw_categories', '--project-dir', '/tmp/tmpzwqrx7rr', '--profiles-dir', '/tmp/cosmos/profile/a0017dab0633177292578162811b91dcb9c56d6e54017e9660056cc364a762ad', '--profile', 'dbt_project', '--target', 'dev']
[2024-07-14T04:05:00.519+0000] {subprocess.py:84} INFO - Command output:
[2024-07-14T04:05:18.264+0000] {subprocess.py:94} INFO - [0m04:05:18  Running with dbt=1.8.3
[2024-07-14T04:05:22.451+0000] {subprocess.py:94} INFO - [0m04:05:22  Registered adapter: snowflake=1.8.3
[2024-07-14T04:05:25.941+0000] {subprocess.py:94} INFO - [0m04:05:25  Found 20 models, 27 data tests, 11 sources, 684 macros
[2024-07-14T04:05:25.950+0000] {subprocess.py:94} INFO - [0m04:05:25
[2024-07-14T04:05:33.811+0000] {subprocess.py:94} INFO - [0m04:05:33  Concurrency: 1 threads (target='dev')
[2024-07-14T04:05:33.815+0000] {subprocess.py:94} INFO - [0m04:05:33
[2024-07-14T04:05:33.853+0000] {subprocess.py:94} INFO - [0m04:05:33  1 of 1 START sql table model raw.raw_categories ................................ [RUN]
[2024-07-14T04:05:36.402+0000] {subprocess.py:94} INFO - [0m04:05:36  1 of 1 OK created sql table model raw.raw_categories ........................... [[32mSUCCESS 1[0m in 2.54s]
[2024-07-14T04:05:36.431+0000] {subprocess.py:94} INFO - [0m04:05:36
[2024-07-14T04:05:36.434+0000] {subprocess.py:94} INFO - [0m04:05:36  Finished running 1 table model in 0 hours 0 minutes and 10.48 seconds (10.48s).
[2024-07-14T04:05:36.931+0000] {subprocess.py:94} INFO - [0m04:05:36
[2024-07-14T04:05:36.947+0000] {subprocess.py:94} INFO - [0m04:05:36  [32mCompleted successfully[0m
[2024-07-14T04:05:36.961+0000] {subprocess.py:94} INFO - [0m04:05:36
[2024-07-14T04:05:36.972+0000] {subprocess.py:94} INFO - [0m04:05:36  Done. PASS=1 WARN=0 ERROR=0 SKIP=0 TOTAL=1
[2024-07-14T04:05:39.097+0000] {subprocess.py:98} INFO - Command exited with return code 0
[2024-07-14T04:05:39.099+0000] {local.py:254} INFO - [0m04:05:36  Done. PASS=1 WARN=0 ERROR=0 SKIP=0 TOTAL=1
[2024-07-14T04:05:40.082+0000] {local.py:196} WARNING - Artifact schema version: https://schemas.getdbt.com/dbt/manifest/v12.json is above dbt-ol supported version 7. This might cause errors.
[2024-07-14T04:05:40.099+0000] {local.py:196} WARNING - Artifact schema version: https://schemas.getdbt.com/dbt/run-results/v6.json is above dbt-ol supported version 5. This might cause errors.
[2024-07-14T04:05:40.139+0000] {local.py:349} INFO - Inlets: [Dataset(uri='snowflake://OU00370.europe-west2.gcp/ELT_BATCH.PUBLIC.categories', extra=None)]
[2024-07-14T04:05:40.166+0000] {local.py:350} INFO - Outlets: [Dataset(uri='snowflake://OU00370.europe-west2.gcp/ELT_BATCH.raw.raw_categories', extra=None)]
[2024-07-14T04:05:40.168+0000] {dag.py:3096} INFO - Sync 1 DAGs
[2024-07-14T04:05:40.513+0000] {taskinstance.py:441} INFO - ::group::Post task execution logs
[2024-07-14T04:05:40.714+0000] {taskinstance.py:1206} INFO - Marking task as SUCCESS. dag_id=ELT-PROJECT, task_id=transform.raw_categories.run, run_id=scheduled__2024-07-04T00:00:00+00:00, execution_date=20240704T000000, start_date=20240714T040435, end_date=20240714T040540
[2024-07-14T04:05:41.348+0000] {local_task_job_runner.py:240} INFO - Task exited with return code 0
[2024-07-14T04:05:41.640+0000] {taskinstance.py:3503} INFO - 1 downstream tasks scheduled from follow-on schedule check
[2024-07-14T04:05:41.652+0000] {local_task_job_runner.py:222} INFO - ::endgroup::
