[2024-07-14T04:05:49.675+0000] {local_task_job_runner.py:120} INFO - ::group::Pre task execution logs
[2024-07-14T04:05:49.759+0000] {taskinstance.py:2076} INFO - Dependencies all met for dep_context=non-requeueable deps ti=<TaskInstance: ELT-PROJECT.transform.raw_employees.run scheduled__2024-07-10T00:00:00+00:00 [queued]>
[2024-07-14T04:05:49.802+0000] {taskinstance.py:2076} INFO - Dependencies all met for dep_context=requeueable deps ti=<TaskInstance: ELT-PROJECT.transform.raw_employees.run scheduled__2024-07-10T00:00:00+00:00 [queued]>
[2024-07-14T04:05:49.806+0000] {taskinstance.py:2306} INFO - Starting attempt 1 of 2
[2024-07-14T04:05:49.912+0000] {taskinstance.py:2330} INFO - Executing <Task(DbtRunLocalOperator): transform.raw_employees.run> on 2024-07-10 00:00:00+00:00
[2024-07-14T04:05:49.959+0000] {logging_mixin.py:188} WARNING - /home/airflow/.local/lib/python3.12/site-packages/airflow/task/task_runner/standard_task_runner.py:61 DeprecationWarning: This process (pid=12968) is multi-threaded, use of fork() may lead to deadlocks in the child.
[2024-07-14T04:05:49.963+0000] {standard_task_runner.py:63} INFO - Started process 12998 to run task
[2024-07-14T04:05:49.965+0000] {standard_task_runner.py:90} INFO - Running: ['airflow', 'tasks', 'run', 'ELT-PROJECT', 'transform.raw_employees.run', 'scheduled__2024-07-10T00:00:00+00:00', '--job-id', '1080', '--raw', '--subdir', 'DAGS_FOLDER/elt.py', '--cfg-path', '/tmp/tmpl2xepkzq']
[2024-07-14T04:05:49.994+0000] {standard_task_runner.py:91} INFO - Job 1080: Subtask transform.raw_employees.run
[2024-07-14T04:05:50.059+0000] {logging_mixin.py:188} WARNING - /home/airflow/.local/lib/python3.12/site-packages/airflow/settings.py:195 DeprecationWarning: The sql_alchemy_conn option in [core] has been moved to the sql_alchemy_conn option in [database] - the old setting has been used, but please update your config.
[2024-07-14T04:05:50.301+0000] {task_command.py:426} INFO - Running <TaskInstance: ELT-PROJECT.transform.raw_employees.run scheduled__2024-07-10T00:00:00+00:00 [running]> on host airflow-scheduler
[2024-07-14T04:05:50.832+0000] {taskinstance.py:2648} INFO - Exporting env vars: AIRFLOW_CTX_DAG_OWNER='Data-Ninja' AIRFLOW_CTX_DAG_ID='ELT-PROJECT' AIRFLOW_CTX_TASK_ID='transform.raw_employees.run' AIRFLOW_CTX_EXECUTION_DATE='2024-07-10T00:00:00+00:00' AIRFLOW_CTX_TRY_NUMBER='1' AIRFLOW_CTX_DAG_RUN_ID='scheduled__2024-07-10T00:00:00+00:00'
[2024-07-14T04:05:50.840+0000] {taskinstance.py:430} INFO - ::endgroup::
[2024-07-14T04:05:50.847+0000] {local.py:174} INFO - Could not import dbtRunner. Falling back to subprocess for invoking dbt.
[2024-07-14T04:05:50.854+0000] {local.py:292} INFO - Cloning project to writable temp directory /tmp/tmpg9ow0l79 from /opt/airflow/dags/dbt/dbt_project
[2024-07-14T04:05:50.910+0000] {local.py:303} INFO - Partial parse is enabled and the latest partial parse file is /tmp/cosmos/ELT-PROJECT__transform/target/partial_parse.msgpack
[2024-07-14T04:05:51.262+0000] {base.py:84} INFO - Using connection ID 'snow_conn' for task execution.
[2024-07-14T04:05:51.264+0000] {crypto.py:82} WARNING - empty cryptography key - values will not be stored encrypted.
[2024-07-14T04:05:51.268+0000] {config.py:298} INFO - Profile caching is enable.
[2024-07-14T04:05:51.273+0000] {config.py:272} INFO - Profile found in cache using profile: /tmp/cosmos/profile/a0017dab0633177292578162811b91dcb9c56d6e54017e9660056cc364a762ad/profiles.yml.
[2024-07-14T04:05:51.292+0000] {local.py:247} INFO - Trying to run the command:
 ['/opt/airflow/dbt_venv/bin/dbt', 'deps', '--project-dir', '/tmp/tmpg9ow0l79', '--profiles-dir', '/tmp/cosmos/profile/a0017dab0633177292578162811b91dcb9c56d6e54017e9660056cc364a762ad', '--profile', 'dbt_project', '--target', 'dev']
From /tmp/tmpg9ow0l79
[2024-07-14T04:05:51.297+0000] {subprocess.py:60} INFO - Tmp dir root location: 
 /tmp
[2024-07-14T04:05:51.302+0000] {subprocess.py:73} INFO - Running command: ['/opt/airflow/dbt_venv/bin/dbt', 'deps', '--project-dir', '/tmp/tmpg9ow0l79', '--profiles-dir', '/tmp/cosmos/profile/a0017dab0633177292578162811b91dcb9c56d6e54017e9660056cc364a762ad', '--profile', 'dbt_project', '--target', 'dev']
[2024-07-14T04:05:51.376+0000] {subprocess.py:84} INFO - Command output:
[2024-07-14T04:06:08.309+0000] {subprocess.py:94} INFO - [0m04:06:08  Running with dbt=1.8.3
[2024-07-14T04:06:09.961+0000] {subprocess.py:94} INFO - [0m04:06:09  Updating lock file in file path: /tmp/tmpg9ow0l79/package-lock.yml
[2024-07-14T04:06:10.017+0000] {subprocess.py:94} INFO - [0m04:06:10  Installing dbt-labs/dbt_utils
[2024-07-14T04:06:10.937+0000] {subprocess.py:94} INFO - [0m04:06:10  Installed from version 0.8.6
[2024-07-14T04:06:10.939+0000] {subprocess.py:94} INFO - [0m04:06:10  Updated version available: 1.2.0
[2024-07-14T04:06:10.965+0000] {subprocess.py:94} INFO - [0m04:06:10
[2024-07-14T04:06:10.970+0000] {subprocess.py:94} INFO - [0m04:06:10  Updates available for packages: ['dbt-labs/dbt_utils']
[2024-07-14T04:06:10.973+0000] {subprocess.py:94} INFO - Update your versions in packages.yml, then run dbt deps
[2024-07-14T04:06:13.171+0000] {subprocess.py:98} INFO - Command exited with return code 0
[2024-07-14T04:06:13.180+0000] {local.py:254} INFO - Update your versions in packages.yml, then run dbt deps
[2024-07-14T04:06:13.197+0000] {local.py:247} INFO - Trying to run the command:
 ['/opt/airflow/dbt_venv/bin/dbt', 'run', '--models', 'raw_employees', '--project-dir', '/tmp/tmpg9ow0l79', '--profiles-dir', '/tmp/cosmos/profile/a0017dab0633177292578162811b91dcb9c56d6e54017e9660056cc364a762ad', '--profile', 'dbt_project', '--target', 'dev']
From /tmp/tmpg9ow0l79
[2024-07-14T04:06:13.216+0000] {subprocess.py:60} INFO - Tmp dir root location: 
 /tmp
[2024-07-14T04:06:13.224+0000] {subprocess.py:73} INFO - Running command: ['/opt/airflow/dbt_venv/bin/dbt', 'run', '--models', 'raw_employees', '--project-dir', '/tmp/tmpg9ow0l79', '--profiles-dir', '/tmp/cosmos/profile/a0017dab0633177292578162811b91dcb9c56d6e54017e9660056cc364a762ad', '--profile', 'dbt_project', '--target', 'dev']
[2024-07-14T04:06:13.288+0000] {subprocess.py:84} INFO - Command output:
[2024-07-14T04:06:30.528+0000] {subprocess.py:94} INFO - [0m04:06:30  Running with dbt=1.8.3
[2024-07-14T04:06:32.765+0000] {subprocess.py:94} INFO - [0m04:06:32  Registered adapter: snowflake=1.8.3
[2024-07-14T04:06:38.208+0000] {subprocess.py:94} INFO - [0m04:06:38  Found 20 models, 27 data tests, 11 sources, 684 macros
[2024-07-14T04:06:38.223+0000] {subprocess.py:94} INFO - [0m04:06:38
[2024-07-14T04:06:46.430+0000] {subprocess.py:94} INFO - [0m04:06:46  Concurrency: 1 threads (target='dev')
[2024-07-14T04:06:46.432+0000] {subprocess.py:94} INFO - [0m04:06:46
[2024-07-14T04:06:46.555+0000] {subprocess.py:94} INFO - [0m04:06:46  1 of 1 START sql table model raw.raw_employees ................................. [RUN]
[2024-07-14T04:06:49.229+0000] {subprocess.py:94} INFO - [0m04:06:49  1 of 1 OK created sql table model raw.raw_employees ............................ [[32mSUCCESS 1[0m in 2.66s]
[2024-07-14T04:06:49.260+0000] {subprocess.py:94} INFO - [0m04:06:49
[2024-07-14T04:06:49.266+0000] {subprocess.py:94} INFO - [0m04:06:49  Finished running 1 table model in 0 hours 0 minutes and 11.03 seconds (11.03s).
[2024-07-14T04:06:49.869+0000] {subprocess.py:94} INFO - [0m04:06:49
[2024-07-14T04:06:49.876+0000] {subprocess.py:94} INFO - [0m04:06:49  [32mCompleted successfully[0m
[2024-07-14T04:06:49.889+0000] {subprocess.py:94} INFO - [0m04:06:49
[2024-07-14T04:06:49.903+0000] {subprocess.py:94} INFO - [0m04:06:49  Done. PASS=1 WARN=0 ERROR=0 SKIP=0 TOTAL=1
[2024-07-14T04:06:52.872+0000] {subprocess.py:98} INFO - Command exited with return code 0
[2024-07-14T04:06:52.875+0000] {local.py:254} INFO - [0m04:06:49  Done. PASS=1 WARN=0 ERROR=0 SKIP=0 TOTAL=1
[2024-07-14T04:06:54.736+0000] {local.py:196} WARNING - Artifact schema version: https://schemas.getdbt.com/dbt/manifest/v12.json is above dbt-ol supported version 7. This might cause errors.
[2024-07-14T04:06:54.750+0000] {local.py:196} WARNING - Artifact schema version: https://schemas.getdbt.com/dbt/run-results/v6.json is above dbt-ol supported version 5. This might cause errors.
[2024-07-14T04:06:54.795+0000] {local.py:349} INFO - Inlets: [Dataset(uri='snowflake://OU00370.europe-west2.gcp/ELT_BATCH.PUBLIC.employees', extra=None)]
[2024-07-14T04:06:54.817+0000] {local.py:350} INFO - Outlets: [Dataset(uri='snowflake://OU00370.europe-west2.gcp/ELT_BATCH.raw.raw_employees', extra=None)]
[2024-07-14T04:06:54.845+0000] {dag.py:3096} INFO - Sync 1 DAGs
[2024-07-14T04:06:55.203+0000] {taskinstance.py:441} INFO - ::group::Post task execution logs
[2024-07-14T04:06:55.443+0000] {taskinstance.py:1206} INFO - Marking task as SUCCESS. dag_id=ELT-PROJECT, task_id=transform.raw_employees.run, run_id=scheduled__2024-07-10T00:00:00+00:00, execution_date=20240710T000000, start_date=20240714T040549, end_date=20240714T040655
[2024-07-14T04:06:56.907+0000] {local_task_job_runner.py:240} INFO - Task exited with return code 0
[2024-07-14T04:06:57.442+0000] {taskinstance.py:3503} INFO - 1 downstream tasks scheduled from follow-on schedule check
[2024-07-14T04:06:57.468+0000] {local_task_job_runner.py:222} INFO - ::endgroup::
