[2024-07-14T04:05:51.101+0000] {local_task_job_runner.py:120} INFO - ::group::Pre task execution logs
[2024-07-14T04:05:51.388+0000] {taskinstance.py:2076} INFO - Dependencies all met for dep_context=non-requeueable deps ti=<TaskInstance: ELT-PROJECT.transform.raw_categories.run scheduled__2024-07-11T00:00:00+00:00 [queued]>
[2024-07-14T04:05:51.451+0000] {taskinstance.py:2076} INFO - Dependencies all met for dep_context=requeueable deps ti=<TaskInstance: ELT-PROJECT.transform.raw_categories.run scheduled__2024-07-11T00:00:00+00:00 [queued]>
[2024-07-14T04:05:51.459+0000] {taskinstance.py:2306} INFO - Starting attempt 1 of 2
[2024-07-14T04:05:51.545+0000] {taskinstance.py:2330} INFO - Executing <Task(DbtRunLocalOperator): transform.raw_categories.run> on 2024-07-11 00:00:00+00:00
[2024-07-14T04:05:51.564+0000] {logging_mixin.py:188} WARNING - /home/airflow/.local/lib/python3.12/site-packages/airflow/task/task_runner/standard_task_runner.py:61 DeprecationWarning: This process (pid=12983) is multi-threaded, use of fork() may lead to deadlocks in the child.
[2024-07-14T04:05:51.569+0000] {standard_task_runner.py:63} INFO - Started process 13003 to run task
[2024-07-14T04:05:51.580+0000] {standard_task_runner.py:90} INFO - Running: ['airflow', 'tasks', 'run', 'ELT-PROJECT', 'transform.raw_categories.run', 'scheduled__2024-07-11T00:00:00+00:00', '--job-id', '1082', '--raw', '--subdir', 'DAGS_FOLDER/elt.py', '--cfg-path', '/tmp/tmpt8bcgryk']
[2024-07-14T04:05:51.599+0000] {standard_task_runner.py:91} INFO - Job 1082: Subtask transform.raw_categories.run
[2024-07-14T04:05:51.757+0000] {logging_mixin.py:188} WARNING - /home/airflow/.local/lib/python3.12/site-packages/airflow/settings.py:195 DeprecationWarning: The sql_alchemy_conn option in [core] has been moved to the sql_alchemy_conn option in [database] - the old setting has been used, but please update your config.
[2024-07-14T04:05:52.030+0000] {task_command.py:426} INFO - Running <TaskInstance: ELT-PROJECT.transform.raw_categories.run scheduled__2024-07-11T00:00:00+00:00 [running]> on host airflow-scheduler
[2024-07-14T04:05:52.842+0000] {taskinstance.py:2648} INFO - Exporting env vars: AIRFLOW_CTX_DAG_OWNER='Data-Ninja' AIRFLOW_CTX_DAG_ID='ELT-PROJECT' AIRFLOW_CTX_TASK_ID='transform.raw_categories.run' AIRFLOW_CTX_EXECUTION_DATE='2024-07-11T00:00:00+00:00' AIRFLOW_CTX_TRY_NUMBER='1' AIRFLOW_CTX_DAG_RUN_ID='scheduled__2024-07-11T00:00:00+00:00'
[2024-07-14T04:05:52.867+0000] {taskinstance.py:430} INFO - ::endgroup::
[2024-07-14T04:05:52.873+0000] {local.py:174} INFO - Could not import dbtRunner. Falling back to subprocess for invoking dbt.
[2024-07-14T04:05:52.904+0000] {local.py:292} INFO - Cloning project to writable temp directory /tmp/tmpq3t4qkt2 from /opt/airflow/dags/dbt/dbt_project
[2024-07-14T04:05:52.938+0000] {local.py:303} INFO - Partial parse is enabled and the latest partial parse file is /tmp/cosmos/ELT-PROJECT__transform/target/partial_parse.msgpack
[2024-07-14T04:05:53.173+0000] {base.py:84} INFO - Using connection ID 'snow_conn' for task execution.
[2024-07-14T04:05:53.175+0000] {crypto.py:82} WARNING - empty cryptography key - values will not be stored encrypted.
[2024-07-14T04:05:53.178+0000] {config.py:298} INFO - Profile caching is enable.
[2024-07-14T04:05:53.198+0000] {config.py:272} INFO - Profile found in cache using profile: /tmp/cosmos/profile/a0017dab0633177292578162811b91dcb9c56d6e54017e9660056cc364a762ad/profiles.yml.
[2024-07-14T04:05:53.215+0000] {local.py:247} INFO - Trying to run the command:
 ['/opt/airflow/dbt_venv/bin/dbt', 'deps', '--project-dir', '/tmp/tmpq3t4qkt2', '--profiles-dir', '/tmp/cosmos/profile/a0017dab0633177292578162811b91dcb9c56d6e54017e9660056cc364a762ad', '--profile', 'dbt_project', '--target', 'dev']
From /tmp/tmpq3t4qkt2
[2024-07-14T04:05:53.218+0000] {subprocess.py:60} INFO - Tmp dir root location: 
 /tmp
[2024-07-14T04:05:53.220+0000] {subprocess.py:73} INFO - Running command: ['/opt/airflow/dbt_venv/bin/dbt', 'deps', '--project-dir', '/tmp/tmpq3t4qkt2', '--profiles-dir', '/tmp/cosmos/profile/a0017dab0633177292578162811b91dcb9c56d6e54017e9660056cc364a762ad', '--profile', 'dbt_project', '--target', 'dev']
[2024-07-14T04:05:53.299+0000] {subprocess.py:84} INFO - Command output:
[2024-07-14T04:06:11.640+0000] {subprocess.py:94} INFO - [0m04:06:11  Running with dbt=1.8.3
[2024-07-14T04:06:13.118+0000] {subprocess.py:94} INFO - [0m04:06:13  Updating lock file in file path: /tmp/tmpq3t4qkt2/package-lock.yml
[2024-07-14T04:06:13.149+0000] {subprocess.py:94} INFO - [0m04:06:13  Installing dbt-labs/dbt_utils
[2024-07-14T04:06:14.081+0000] {subprocess.py:94} INFO - [0m04:06:14  Installed from version 0.8.6
[2024-07-14T04:06:14.085+0000] {subprocess.py:94} INFO - [0m04:06:14  Updated version available: 1.2.0
[2024-07-14T04:06:14.095+0000] {subprocess.py:94} INFO - [0m04:06:14
[2024-07-14T04:06:14.101+0000] {subprocess.py:94} INFO - [0m04:06:14  Updates available for packages: ['dbt-labs/dbt_utils']
[2024-07-14T04:06:14.103+0000] {subprocess.py:94} INFO - Update your versions in packages.yml, then run dbt deps
[2024-07-14T04:06:15.943+0000] {subprocess.py:98} INFO - Command exited with return code 0
[2024-07-14T04:06:15.949+0000] {local.py:254} INFO - Update your versions in packages.yml, then run dbt deps
[2024-07-14T04:06:15.952+0000] {local.py:247} INFO - Trying to run the command:
 ['/opt/airflow/dbt_venv/bin/dbt', 'run', '--models', 'raw_categories', '--project-dir', '/tmp/tmpq3t4qkt2', '--profiles-dir', '/tmp/cosmos/profile/a0017dab0633177292578162811b91dcb9c56d6e54017e9660056cc364a762ad', '--profile', 'dbt_project', '--target', 'dev']
From /tmp/tmpq3t4qkt2
[2024-07-14T04:06:15.956+0000] {subprocess.py:60} INFO - Tmp dir root location: 
 /tmp
[2024-07-14T04:06:15.961+0000] {subprocess.py:73} INFO - Running command: ['/opt/airflow/dbt_venv/bin/dbt', 'run', '--models', 'raw_categories', '--project-dir', '/tmp/tmpq3t4qkt2', '--profiles-dir', '/tmp/cosmos/profile/a0017dab0633177292578162811b91dcb9c56d6e54017e9660056cc364a762ad', '--profile', 'dbt_project', '--target', 'dev']
[2024-07-14T04:06:16.115+0000] {subprocess.py:84} INFO - Command output:
[2024-07-14T04:06:32.264+0000] {subprocess.py:94} INFO - [0m04:06:32  Running with dbt=1.8.3
[2024-07-14T04:06:35.927+0000] {subprocess.py:94} INFO - [0m04:06:35  Registered adapter: snowflake=1.8.3
[2024-07-14T04:06:39.982+0000] {subprocess.py:94} INFO - [0m04:06:39  Found 20 models, 27 data tests, 11 sources, 684 macros
[2024-07-14T04:06:39.993+0000] {subprocess.py:94} INFO - [0m04:06:39
[2024-07-14T04:06:48.310+0000] {subprocess.py:94} INFO - [0m04:06:48  Concurrency: 1 threads (target='dev')
[2024-07-14T04:06:48.320+0000] {subprocess.py:94} INFO - [0m04:06:48
[2024-07-14T04:06:48.397+0000] {subprocess.py:94} INFO - [0m04:06:48  1 of 1 START sql table model raw.raw_categories ................................ [RUN]
[2024-07-14T04:06:51.339+0000] {subprocess.py:94} INFO - [0m04:06:51  1 of 1 OK created sql table model raw.raw_categories ........................... [[32mSUCCESS 1[0m in 2.93s]
[2024-07-14T04:06:51.422+0000] {subprocess.py:94} INFO - [0m04:06:51
[2024-07-14T04:06:51.427+0000] {subprocess.py:94} INFO - [0m04:06:51  Finished running 1 table model in 0 hours 0 minutes and 11.43 seconds (11.43s).
[2024-07-14T04:06:52.038+0000] {subprocess.py:94} INFO - [0m04:06:52
[2024-07-14T04:06:52.044+0000] {subprocess.py:94} INFO - [0m04:06:52  [32mCompleted successfully[0m
[2024-07-14T04:06:52.057+0000] {subprocess.py:94} INFO - [0m04:06:52
[2024-07-14T04:06:52.091+0000] {subprocess.py:94} INFO - [0m04:06:52  Done. PASS=1 WARN=0 ERROR=0 SKIP=0 TOTAL=1
[2024-07-14T04:06:54.927+0000] {subprocess.py:98} INFO - Command exited with return code 0
[2024-07-14T04:06:54.931+0000] {local.py:254} INFO - [0m04:06:52  Done. PASS=1 WARN=0 ERROR=0 SKIP=0 TOTAL=1
[2024-07-14T04:06:56.069+0000] {local.py:196} WARNING - Artifact schema version: https://schemas.getdbt.com/dbt/manifest/v12.json is above dbt-ol supported version 7. This might cause errors.
[2024-07-14T04:06:56.071+0000] {local.py:196} WARNING - Artifact schema version: https://schemas.getdbt.com/dbt/run-results/v6.json is above dbt-ol supported version 5. This might cause errors.
[2024-07-14T04:06:56.092+0000] {local.py:349} INFO - Inlets: [Dataset(uri='snowflake://OU00370.europe-west2.gcp/ELT_BATCH.PUBLIC.categories', extra=None)]
[2024-07-14T04:06:56.112+0000] {local.py:350} INFO - Outlets: [Dataset(uri='snowflake://OU00370.europe-west2.gcp/ELT_BATCH.raw.raw_categories', extra=None)]
[2024-07-14T04:06:56.115+0000] {dag.py:3096} INFO - Sync 1 DAGs
[2024-07-14T04:06:56.415+0000] {taskinstance.py:441} INFO - ::group::Post task execution logs
[2024-07-14T04:06:56.626+0000] {taskinstance.py:1206} INFO - Marking task as SUCCESS. dag_id=ELT-PROJECT, task_id=transform.raw_categories.run, run_id=scheduled__2024-07-11T00:00:00+00:00, execution_date=20240711T000000, start_date=20240714T040551, end_date=20240714T040656
[2024-07-14T04:06:56.878+0000] {local_task_job_runner.py:240} INFO - Task exited with return code 0
[2024-07-14T04:06:56.924+0000] {local_task_job_runner.py:222} INFO - ::endgroup::
