[2024-07-14T04:36:04.398+0000] {local_task_job_runner.py:120} INFO - ::group::Pre task execution logs
[2024-07-14T04:36:04.628+0000] {taskinstance.py:2076} INFO - Dependencies all met for dep_context=non-requeueable deps ti=<TaskInstance: ELT-PROJECT.transform.raw_regions.run scheduled__2024-07-07T00:00:00+00:00 [queued]>
[2024-07-14T04:36:04.711+0000] {taskinstance.py:2076} INFO - Dependencies all met for dep_context=requeueable deps ti=<TaskInstance: ELT-PROJECT.transform.raw_regions.run scheduled__2024-07-07T00:00:00+00:00 [queued]>
[2024-07-14T04:36:04.719+0000] {taskinstance.py:2306} INFO - Starting attempt 1 of 2
[2024-07-14T04:36:04.807+0000] {taskinstance.py:2330} INFO - Executing <Task(DbtRunLocalOperator): transform.raw_regions.run> on 2024-07-07 00:00:00+00:00
[2024-07-14T04:36:04.903+0000] {logging_mixin.py:188} WARNING - /home/airflow/.local/lib/python3.12/site-packages/airflow/task/task_runner/standard_task_runner.py:61 DeprecationWarning: This process (pid=19284) is multi-threaded, use of fork() may lead to deadlocks in the child.
[2024-07-14T04:36:04.907+0000] {standard_task_runner.py:63} INFO - Started process 19321 to run task
[2024-07-14T04:36:04.953+0000] {standard_task_runner.py:90} INFO - Running: ['airflow', 'tasks', 'run', 'ELT-PROJECT', 'transform.raw_regions.run', 'scheduled__2024-07-07T00:00:00+00:00', '--job-id', '1465', '--raw', '--subdir', 'DAGS_FOLDER/elt.py', '--cfg-path', '/tmp/tmpd0sy8puc']
[2024-07-14T04:36:04.987+0000] {standard_task_runner.py:91} INFO - Job 1465: Subtask transform.raw_regions.run
[2024-07-14T04:36:05.096+0000] {logging_mixin.py:188} WARNING - /home/airflow/.local/lib/python3.12/site-packages/airflow/settings.py:195 DeprecationWarning: The sql_alchemy_conn option in [core] has been moved to the sql_alchemy_conn option in [database] - the old setting has been used, but please update your config.
[2024-07-14T04:36:05.344+0000] {task_command.py:426} INFO - Running <TaskInstance: ELT-PROJECT.transform.raw_regions.run scheduled__2024-07-07T00:00:00+00:00 [running]> on host airflow-scheduler
[2024-07-14T04:36:05.942+0000] {taskinstance.py:2648} INFO - Exporting env vars: AIRFLOW_CTX_DAG_OWNER='Data-Ninja' AIRFLOW_CTX_DAG_ID='ELT-PROJECT' AIRFLOW_CTX_TASK_ID='transform.raw_regions.run' AIRFLOW_CTX_EXECUTION_DATE='2024-07-07T00:00:00+00:00' AIRFLOW_CTX_TRY_NUMBER='1' AIRFLOW_CTX_DAG_RUN_ID='scheduled__2024-07-07T00:00:00+00:00'
[2024-07-14T04:36:05.970+0000] {taskinstance.py:430} INFO - ::endgroup::
[2024-07-14T04:36:05.973+0000] {local.py:174} INFO - Could not import dbtRunner. Falling back to subprocess for invoking dbt.
[2024-07-14T04:36:05.988+0000] {local.py:292} INFO - Cloning project to writable temp directory /tmp/tmp_rhnrnpt from /opt/airflow/dags/dbt/dbt_project
[2024-07-14T04:36:06.007+0000] {local.py:303} INFO - Partial parse is enabled and the latest partial parse file is /tmp/cosmos/ELT-PROJECT__transform/target/partial_parse.msgpack
[2024-07-14T04:36:06.913+0000] {base.py:84} INFO - Using connection ID 'snow_conn' for task execution.
[2024-07-14T04:36:06.920+0000] {crypto.py:82} WARNING - empty cryptography key - values will not be stored encrypted.
[2024-07-14T04:36:06.921+0000] {config.py:298} INFO - Profile caching is enable.
[2024-07-14T04:36:06.937+0000] {config.py:272} INFO - Profile found in cache using profile: /tmp/cosmos/profile/a0017dab0633177292578162811b91dcb9c56d6e54017e9660056cc364a762ad/profiles.yml.
[2024-07-14T04:36:06.939+0000] {local.py:247} INFO - Trying to run the command:
 ['/opt/airflow/dbt_venv/bin/dbt', 'deps', '--project-dir', '/tmp/tmp_rhnrnpt', '--profiles-dir', '/tmp/cosmos/profile/a0017dab0633177292578162811b91dcb9c56d6e54017e9660056cc364a762ad', '--profile', 'dbt_project', '--target', 'dev']
From /tmp/tmp_rhnrnpt
[2024-07-14T04:36:06.952+0000] {subprocess.py:60} INFO - Tmp dir root location: 
 /tmp
[2024-07-14T04:36:06.957+0000] {subprocess.py:73} INFO - Running command: ['/opt/airflow/dbt_venv/bin/dbt', 'deps', '--project-dir', '/tmp/tmp_rhnrnpt', '--profiles-dir', '/tmp/cosmos/profile/a0017dab0633177292578162811b91dcb9c56d6e54017e9660056cc364a762ad', '--profile', 'dbt_project', '--target', 'dev']
[2024-07-14T04:36:07.071+0000] {subprocess.py:84} INFO - Command output:
[2024-07-14T04:36:25.865+0000] {subprocess.py:94} INFO - [0m04:36:25  Running with dbt=1.8.3
[2024-07-14T04:36:28.162+0000] {subprocess.py:94} INFO - [0m04:36:28  Updating lock file in file path: /tmp/tmp_rhnrnpt/package-lock.yml
[2024-07-14T04:36:28.273+0000] {subprocess.py:94} INFO - [0m04:36:28  Installing dbt-labs/dbt_utils
[2024-07-14T04:36:29.651+0000] {subprocess.py:94} INFO - [0m04:36:29  Installed from version 0.8.6
[2024-07-14T04:36:29.668+0000] {subprocess.py:94} INFO - [0m04:36:29  Updated version available: 1.2.0
[2024-07-14T04:36:29.698+0000] {subprocess.py:94} INFO - [0m04:36:29
[2024-07-14T04:36:29.712+0000] {subprocess.py:94} INFO - [0m04:36:29  Updates available for packages: ['dbt-labs/dbt_utils']
[2024-07-14T04:36:29.720+0000] {subprocess.py:94} INFO - Update your versions in packages.yml, then run dbt deps
[2024-07-14T04:36:31.815+0000] {subprocess.py:98} INFO - Command exited with return code 0
[2024-07-14T04:36:31.818+0000] {local.py:254} INFO - Update your versions in packages.yml, then run dbt deps
[2024-07-14T04:36:31.821+0000] {local.py:247} INFO - Trying to run the command:
 ['/opt/airflow/dbt_venv/bin/dbt', 'run', '--models', 'raw_regions', '--project-dir', '/tmp/tmp_rhnrnpt', '--profiles-dir', '/tmp/cosmos/profile/a0017dab0633177292578162811b91dcb9c56d6e54017e9660056cc364a762ad', '--profile', 'dbt_project', '--target', 'dev']
From /tmp/tmp_rhnrnpt
[2024-07-14T04:36:31.827+0000] {subprocess.py:60} INFO - Tmp dir root location: 
 /tmp
[2024-07-14T04:36:31.843+0000] {subprocess.py:73} INFO - Running command: ['/opt/airflow/dbt_venv/bin/dbt', 'run', '--models', 'raw_regions', '--project-dir', '/tmp/tmp_rhnrnpt', '--profiles-dir', '/tmp/cosmos/profile/a0017dab0633177292578162811b91dcb9c56d6e54017e9660056cc364a762ad', '--profile', 'dbt_project', '--target', 'dev']
[2024-07-14T04:36:31.958+0000] {subprocess.py:84} INFO - Command output:
[2024-07-14T04:36:44.883+0000] {subprocess.py:94} INFO - [0m04:36:44  Running with dbt=1.8.3
[2024-07-14T04:36:49.869+0000] {subprocess.py:94} INFO - [0m04:36:49  Registered adapter: snowflake=1.8.3
[2024-07-14T04:36:54.142+0000] {subprocess.py:94} INFO - [0m04:36:54  Found 20 models, 27 data tests, 11 sources, 684 macros
[2024-07-14T04:36:54.153+0000] {subprocess.py:94} INFO - [0m04:36:54
[2024-07-14T04:37:03.140+0000] {subprocess.py:94} INFO - [0m04:37:03  Concurrency: 1 threads (target='dev')
[2024-07-14T04:37:03.143+0000] {subprocess.py:94} INFO - [0m04:37:03
[2024-07-14T04:37:03.268+0000] {subprocess.py:94} INFO - [0m04:37:03  1 of 1 START sql table model raw.raw_regions ................................... [RUN]
[2024-07-14T04:37:06.928+0000] {subprocess.py:94} INFO - [0m04:37:06  1 of 1 OK created sql table model raw.raw_regions .............................. [[32mSUCCESS 1[0m in 3.60s]
[2024-07-14T04:37:06.961+0000] {subprocess.py:94} INFO - [0m04:37:06
[2024-07-14T04:37:06.977+0000] {subprocess.py:94} INFO - [0m04:37:06  Finished running 1 table model in 0 hours 0 minutes and 12.79 seconds (12.79s).
[2024-07-14T04:37:08.102+0000] {subprocess.py:94} INFO - [0m04:37:08
[2024-07-14T04:37:08.106+0000] {subprocess.py:94} INFO - [0m04:37:08  [32mCompleted successfully[0m
[2024-07-14T04:37:08.110+0000] {subprocess.py:94} INFO - [0m04:37:08
[2024-07-14T04:37:08.118+0000] {subprocess.py:94} INFO - [0m04:37:08  Done. PASS=1 WARN=0 ERROR=0 SKIP=0 TOTAL=1
[2024-07-14T04:37:12.127+0000] {subprocess.py:98} INFO - Command exited with return code 0
[2024-07-14T04:37:12.130+0000] {local.py:254} INFO - [0m04:37:08  Done. PASS=1 WARN=0 ERROR=0 SKIP=0 TOTAL=1
[2024-07-14T04:37:12.301+0000] {local.py:196} WARNING - Artifact schema version: https://schemas.getdbt.com/dbt/manifest/v12.json is above dbt-ol supported version 7. This might cause errors.
[2024-07-14T04:37:12.312+0000] {local.py:196} WARNING - Artifact schema version: https://schemas.getdbt.com/dbt/run-results/v6.json is above dbt-ol supported version 5. This might cause errors.
[2024-07-14T04:37:12.371+0000] {local.py:349} INFO - Inlets: [Dataset(uri='snowflake://OU00370.europe-west2.gcp/ELT_BATCH.PUBLIC.regions', extra=None)]
[2024-07-14T04:37:12.393+0000] {local.py:350} INFO - Outlets: [Dataset(uri='snowflake://OU00370.europe-west2.gcp/ELT_BATCH.raw.raw_regions', extra=None)]
[2024-07-14T04:37:12.396+0000] {dag.py:3096} INFO - Sync 1 DAGs
[2024-07-14T04:37:12.751+0000] {taskinstance.py:441} INFO - ::group::Post task execution logs
[2024-07-14T04:37:13.000+0000] {taskinstance.py:1206} INFO - Marking task as SUCCESS. dag_id=ELT-PROJECT, task_id=transform.raw_regions.run, run_id=scheduled__2024-07-07T00:00:00+00:00, execution_date=20240707T000000, start_date=20240714T043604, end_date=20240714T043712
[2024-07-14T04:37:13.316+0000] {local_task_job_runner.py:240} INFO - Task exited with return code 0
[2024-07-14T04:37:13.628+0000] {taskinstance.py:3503} INFO - 1 downstream tasks scheduled from follow-on schedule check
[2024-07-14T04:37:13.647+0000] {local_task_job_runner.py:222} INFO - ::endgroup::
