[2024-07-14T03:17:57.810+0000] {local_task_job_runner.py:120} INFO - ::group::Pre task execution logs
[2024-07-14T03:17:57.902+0000] {taskinstance.py:2076} INFO - Dependencies all met for dep_context=non-requeueable deps ti=<TaskInstance: ELT-PROJECT.transform.raw_categories.run manual__2024-07-14T03:17:17.901957+00:00 [queued]>
[2024-07-14T03:17:57.945+0000] {taskinstance.py:2076} INFO - Dependencies all met for dep_context=requeueable deps ti=<TaskInstance: ELT-PROJECT.transform.raw_categories.run manual__2024-07-14T03:17:17.901957+00:00 [queued]>
[2024-07-14T03:17:57.947+0000] {taskinstance.py:2306} INFO - Starting attempt 1 of 2
[2024-07-14T03:17:58.028+0000] {taskinstance.py:2330} INFO - Executing <Task(DbtRunLocalOperator): transform.raw_categories.run> on 2024-07-14 03:17:17.901957+00:00
[2024-07-14T03:17:58.053+0000] {standard_task_runner.py:90} INFO - Running: ['airflow', 'tasks', 'run', 'ELT-PROJECT', 'transform.raw_categories.run', 'manual__2024-07-14T03:17:17.901957+00:00', '--job-id', '529', '--raw', '--subdir', 'DAGS_FOLDER/elt.py', '--cfg-path', '/tmp/tmpc9f3dwkj']
[2024-07-14T03:17:58.052+0000] {logging_mixin.py:188} WARNING - /home/airflow/.local/lib/python3.12/site-packages/airflow/task/task_runner/standard_task_runner.py:61 DeprecationWarning: This process (pid=5912) is multi-threaded, use of fork() may lead to deadlocks in the child.
[2024-07-14T03:17:58.078+0000] {standard_task_runner.py:91} INFO - Job 529: Subtask transform.raw_categories.run
[2024-07-14T03:17:58.082+0000] {standard_task_runner.py:63} INFO - Started process 5937 to run task
[2024-07-14T03:17:58.150+0000] {logging_mixin.py:188} WARNING - /home/airflow/.local/lib/python3.12/site-packages/airflow/settings.py:195 DeprecationWarning: The sql_alchemy_conn option in [core] has been moved to the sql_alchemy_conn option in [database] - the old setting has been used, but please update your config.
[2024-07-14T03:17:58.324+0000] {task_command.py:426} INFO - Running <TaskInstance: ELT-PROJECT.transform.raw_categories.run manual__2024-07-14T03:17:17.901957+00:00 [running]> on host airflow-scheduler
[2024-07-14T03:17:58.689+0000] {taskinstance.py:2648} INFO - Exporting env vars: AIRFLOW_CTX_DAG_OWNER='Data-Ninja' AIRFLOW_CTX_DAG_ID='ELT-PROJECT' AIRFLOW_CTX_TASK_ID='transform.raw_categories.run' AIRFLOW_CTX_EXECUTION_DATE='2024-07-14T03:17:17.901957+00:00' AIRFLOW_CTX_TRY_NUMBER='1' AIRFLOW_CTX_DAG_RUN_ID='manual__2024-07-14T03:17:17.901957+00:00'
[2024-07-14T03:17:58.699+0000] {taskinstance.py:430} INFO - ::endgroup::
[2024-07-14T03:17:58.705+0000] {local.py:174} INFO - Could not import dbtRunner. Falling back to subprocess for invoking dbt.
[2024-07-14T03:17:58.708+0000] {local.py:292} INFO - Cloning project to writable temp directory /tmp/tmpc8k11zsa from /opt/airflow/dags/dbt/dbt_project
[2024-07-14T03:17:58.735+0000] {local.py:303} INFO - Partial parse is enabled and the latest partial parse file is /tmp/cosmos/ELT-PROJECT__transform/target/partial_parse.msgpack
[2024-07-14T03:17:59.791+0000] {base.py:84} INFO - Using connection ID 'snow_conn' for task execution.
[2024-07-14T03:17:59.807+0000] {crypto.py:82} WARNING - empty cryptography key - values will not be stored encrypted.
[2024-07-14T03:17:59.815+0000] {config.py:298} INFO - Profile caching is enable.
[2024-07-14T03:17:59.830+0000] {config.py:272} INFO - Profile found in cache using profile: /tmp/cosmos/profile/a0017dab0633177292578162811b91dcb9c56d6e54017e9660056cc364a762ad/profiles.yml.
[2024-07-14T03:17:59.839+0000] {local.py:247} INFO - Trying to run the command:
 ['/opt/airflow/dbt_venv/bin/dbt', 'deps', '--project-dir', '/tmp/tmpc8k11zsa', '--profiles-dir', '/tmp/cosmos/profile/a0017dab0633177292578162811b91dcb9c56d6e54017e9660056cc364a762ad', '--profile', 'dbt_project', '--target', 'dev']
From /tmp/tmpc8k11zsa
[2024-07-14T03:17:59.848+0000] {subprocess.py:60} INFO - Tmp dir root location: 
 /tmp
[2024-07-14T03:17:59.869+0000] {subprocess.py:73} INFO - Running command: ['/opt/airflow/dbt_venv/bin/dbt', 'deps', '--project-dir', '/tmp/tmpc8k11zsa', '--profiles-dir', '/tmp/cosmos/profile/a0017dab0633177292578162811b91dcb9c56d6e54017e9660056cc364a762ad', '--profile', 'dbt_project', '--target', 'dev']
[2024-07-14T03:18:00.015+0000] {subprocess.py:84} INFO - Command output:
[2024-07-14T03:18:11.833+0000] {subprocess.py:94} INFO - [0m03:18:11  Running with dbt=1.8.3
[2024-07-14T03:18:12.819+0000] {subprocess.py:94} INFO - [0m03:18:12  Updating lock file in file path: /tmp/tmpc8k11zsa/package-lock.yml
[2024-07-14T03:18:12.849+0000] {subprocess.py:94} INFO - [0m03:18:12  Installing dbt-labs/dbt_utils
[2024-07-14T03:18:13.563+0000] {subprocess.py:94} INFO - [0m03:18:13  Installed from version 0.8.6
[2024-07-14T03:18:13.566+0000] {subprocess.py:94} INFO - [0m03:18:13  Updated version available: 1.2.0
[2024-07-14T03:18:13.568+0000] {subprocess.py:94} INFO - [0m03:18:13
[2024-07-14T03:18:13.570+0000] {subprocess.py:94} INFO - [0m03:18:13  Updates available for packages: ['dbt-labs/dbt_utils']
[2024-07-14T03:18:13.572+0000] {subprocess.py:94} INFO - Update your versions in packages.yml, then run dbt deps
[2024-07-14T03:18:15.629+0000] {subprocess.py:98} INFO - Command exited with return code 0
[2024-07-14T03:18:15.632+0000] {local.py:254} INFO - Update your versions in packages.yml, then run dbt deps
[2024-07-14T03:18:15.634+0000] {local.py:247} INFO - Trying to run the command:
 ['/opt/airflow/dbt_venv/bin/dbt', 'run', '--models', 'raw_categories', '--project-dir', '/tmp/tmpc8k11zsa', '--profiles-dir', '/tmp/cosmos/profile/a0017dab0633177292578162811b91dcb9c56d6e54017e9660056cc364a762ad', '--profile', 'dbt_project', '--target', 'dev']
From /tmp/tmpc8k11zsa
[2024-07-14T03:18:15.636+0000] {subprocess.py:60} INFO - Tmp dir root location: 
 /tmp
[2024-07-14T03:18:15.642+0000] {subprocess.py:73} INFO - Running command: ['/opt/airflow/dbt_venv/bin/dbt', 'run', '--models', 'raw_categories', '--project-dir', '/tmp/tmpc8k11zsa', '--profiles-dir', '/tmp/cosmos/profile/a0017dab0633177292578162811b91dcb9c56d6e54017e9660056cc364a762ad', '--profile', 'dbt_project', '--target', 'dev']
[2024-07-14T03:18:15.694+0000] {subprocess.py:84} INFO - Command output:
[2024-07-14T03:18:26.231+0000] {subprocess.py:94} INFO - [0m03:18:26  Running with dbt=1.8.3
[2024-07-14T03:18:29.505+0000] {subprocess.py:94} INFO - [0m03:18:29  Registered adapter: snowflake=1.8.3
[2024-07-14T03:18:36.028+0000] {subprocess.py:94} INFO - [0m03:18:36  Found 20 models, 27 data tests, 11 sources, 684 macros
[2024-07-14T03:18:36.039+0000] {subprocess.py:94} INFO - [0m03:18:36
[2024-07-14T03:18:43.057+0000] {subprocess.py:94} INFO - [0m03:18:43  Concurrency: 1 threads (target='dev')
[2024-07-14T03:18:43.065+0000] {subprocess.py:94} INFO - [0m03:18:43
[2024-07-14T03:18:43.106+0000] {subprocess.py:94} INFO - [0m03:18:43  1 of 1 START sql table model raw.raw_categories ................................ [RUN]
[2024-07-14T03:18:45.683+0000] {subprocess.py:94} INFO - [0m03:18:45  1 of 1 OK created sql table model raw.raw_categories ........................... [[32mSUCCESS 1[0m in 2.57s]
[2024-07-14T03:18:45.699+0000] {subprocess.py:94} INFO - [0m03:18:45
[2024-07-14T03:18:45.704+0000] {subprocess.py:94} INFO - [0m03:18:45  Finished running 1 table model in 0 hours 0 minutes and 9.66 seconds (9.66s).
[2024-07-14T03:18:45.951+0000] {subprocess.py:94} INFO - [0m03:18:45
[2024-07-14T03:18:45.954+0000] {subprocess.py:94} INFO - [0m03:18:45  [32mCompleted successfully[0m
[2024-07-14T03:18:45.958+0000] {subprocess.py:94} INFO - [0m03:18:45
[2024-07-14T03:18:45.962+0000] {subprocess.py:94} INFO - [0m03:18:45  Done. PASS=1 WARN=0 ERROR=0 SKIP=0 TOTAL=1
[2024-07-14T03:18:48.145+0000] {subprocess.py:98} INFO - Command exited with return code 0
[2024-07-14T03:18:48.147+0000] {local.py:254} INFO - [0m03:18:45  Done. PASS=1 WARN=0 ERROR=0 SKIP=0 TOTAL=1
[2024-07-14T03:18:48.241+0000] {local.py:196} WARNING - Artifact schema version: https://schemas.getdbt.com/dbt/manifest/v12.json is above dbt-ol supported version 7. This might cause errors.
[2024-07-14T03:18:48.242+0000] {local.py:196} WARNING - Artifact schema version: https://schemas.getdbt.com/dbt/run-results/v6.json is above dbt-ol supported version 5. This might cause errors.
[2024-07-14T03:18:48.275+0000] {local.py:349} INFO - Inlets: [Dataset(uri='snowflake://OU00370.europe-west2.gcp/ELT_BATCH.PUBLIC.categories', extra=None)]
[2024-07-14T03:18:48.281+0000] {local.py:350} INFO - Outlets: [Dataset(uri='snowflake://OU00370.europe-west2.gcp/ELT_BATCH.raw.raw_categories', extra=None)]
[2024-07-14T03:18:48.305+0000] {dag.py:3096} INFO - Sync 1 DAGs
[2024-07-14T03:18:48.391+0000] {dag.py:3954} INFO - Setting next_dagrun for ELT-PROJECT to None, run_after=None
[2024-07-14T03:18:48.551+0000] {taskinstance.py:441} INFO - ::group::Post task execution logs
[2024-07-14T03:18:48.700+0000] {taskinstance.py:1206} INFO - Marking task as SUCCESS. dag_id=ELT-PROJECT, task_id=transform.raw_categories.run, run_id=manual__2024-07-14T03:17:17.901957+00:00, execution_date=20240714T031717, start_date=20240714T031757, end_date=20240714T031848
[2024-07-14T03:18:48.903+0000] {local_task_job_runner.py:240} INFO - Task exited with return code 0
[2024-07-14T03:18:48.979+0000] {local_task_job_runner.py:222} INFO - ::endgroup::
