[2024-07-14T04:13:07.177+0000] {local_task_job_runner.py:120} INFO - ::group::Pre task execution logs
[2024-07-14T04:13:07.308+0000] {taskinstance.py:2076} INFO - Dependencies all met for dep_context=non-requeueable deps ti=<TaskInstance: ELT-PROJECT.transform.dim_employees.run scheduled__2024-07-05T00:00:00+00:00 [queued]>
[2024-07-14T04:13:07.352+0000] {taskinstance.py:2076} INFO - Dependencies all met for dep_context=requeueable deps ti=<TaskInstance: ELT-PROJECT.transform.dim_employees.run scheduled__2024-07-05T00:00:00+00:00 [queued]>
[2024-07-14T04:13:07.365+0000] {taskinstance.py:2306} INFO - Starting attempt 1 of 2
[2024-07-14T04:13:07.512+0000] {taskinstance.py:2330} INFO - Executing <Task(DbtRunLocalOperator): transform.dim_employees.run> on 2024-07-05 00:00:00+00:00
[2024-07-14T04:13:07.568+0000] {logging_mixin.py:188} WARNING - /home/airflow/.local/lib/python3.12/site-packages/airflow/task/task_runner/standard_task_runner.py:61 DeprecationWarning: This process (pid=14583) is multi-threaded, use of fork() may lead to deadlocks in the child.
[2024-07-14T04:13:07.572+0000] {standard_task_runner.py:63} INFO - Started process 14607 to run task
[2024-07-14T04:13:07.587+0000] {standard_task_runner.py:90} INFO - Running: ['airflow', 'tasks', 'run', 'ELT-PROJECT', 'transform.dim_employees.run', 'scheduled__2024-07-05T00:00:00+00:00', '--job-id', '1181', '--raw', '--subdir', 'DAGS_FOLDER/elt.py', '--cfg-path', '/tmp/tmprtxrg8gf']
[2024-07-14T04:13:07.619+0000] {standard_task_runner.py:91} INFO - Job 1181: Subtask transform.dim_employees.run
[2024-07-14T04:13:07.682+0000] {logging_mixin.py:188} WARNING - /home/airflow/.local/lib/python3.12/site-packages/airflow/settings.py:195 DeprecationWarning: The sql_alchemy_conn option in [core] has been moved to the sql_alchemy_conn option in [database] - the old setting has been used, but please update your config.
[2024-07-14T04:13:07.845+0000] {task_command.py:426} INFO - Running <TaskInstance: ELT-PROJECT.transform.dim_employees.run scheduled__2024-07-05T00:00:00+00:00 [running]> on host airflow-scheduler
[2024-07-14T04:13:08.321+0000] {taskinstance.py:2648} INFO - Exporting env vars: AIRFLOW_CTX_DAG_OWNER='Data-Ninja' AIRFLOW_CTX_DAG_ID='ELT-PROJECT' AIRFLOW_CTX_TASK_ID='transform.dim_employees.run' AIRFLOW_CTX_EXECUTION_DATE='2024-07-05T00:00:00+00:00' AIRFLOW_CTX_TRY_NUMBER='1' AIRFLOW_CTX_DAG_RUN_ID='scheduled__2024-07-05T00:00:00+00:00'
[2024-07-14T04:13:08.332+0000] {taskinstance.py:430} INFO - ::endgroup::
[2024-07-14T04:13:08.344+0000] {local.py:174} INFO - Could not import dbtRunner. Falling back to subprocess for invoking dbt.
[2024-07-14T04:13:08.350+0000] {local.py:292} INFO - Cloning project to writable temp directory /tmp/tmpx0rehx0i from /opt/airflow/dags/dbt/dbt_project
[2024-07-14T04:13:08.394+0000] {local.py:303} INFO - Partial parse is enabled and the latest partial parse file is /tmp/cosmos/ELT-PROJECT__transform/target/partial_parse.msgpack
[2024-07-14T04:13:08.553+0000] {base.py:84} INFO - Using connection ID 'snow_conn' for task execution.
[2024-07-14T04:13:08.555+0000] {crypto.py:82} WARNING - empty cryptography key - values will not be stored encrypted.
[2024-07-14T04:13:08.556+0000] {config.py:298} INFO - Profile caching is enable.
[2024-07-14T04:13:08.567+0000] {config.py:272} INFO - Profile found in cache using profile: /tmp/cosmos/profile/a0017dab0633177292578162811b91dcb9c56d6e54017e9660056cc364a762ad/profiles.yml.
[2024-07-14T04:13:08.589+0000] {local.py:247} INFO - Trying to run the command:
 ['/opt/airflow/dbt_venv/bin/dbt', 'deps', '--project-dir', '/tmp/tmpx0rehx0i', '--profiles-dir', '/tmp/cosmos/profile/a0017dab0633177292578162811b91dcb9c56d6e54017e9660056cc364a762ad', '--profile', 'dbt_project', '--target', 'dev']
From /tmp/tmpx0rehx0i
[2024-07-14T04:13:08.592+0000] {subprocess.py:60} INFO - Tmp dir root location: 
 /tmp
[2024-07-14T04:13:08.595+0000] {subprocess.py:73} INFO - Running command: ['/opt/airflow/dbt_venv/bin/dbt', 'deps', '--project-dir', '/tmp/tmpx0rehx0i', '--profiles-dir', '/tmp/cosmos/profile/a0017dab0633177292578162811b91dcb9c56d6e54017e9660056cc364a762ad', '--profile', 'dbt_project', '--target', 'dev']
[2024-07-14T04:13:08.679+0000] {subprocess.py:84} INFO - Command output:
[2024-07-14T04:13:21.097+0000] {subprocess.py:94} INFO - [0m04:13:21  Running with dbt=1.8.3
[2024-07-14T04:13:22.396+0000] {subprocess.py:94} INFO - [0m04:13:22  Updating lock file in file path: /tmp/tmpx0rehx0i/package-lock.yml
[2024-07-14T04:13:22.445+0000] {subprocess.py:94} INFO - [0m04:13:22  Installing dbt-labs/dbt_utils
[2024-07-14T04:13:23.105+0000] {subprocess.py:94} INFO - [0m04:13:23  Installed from version 0.8.6
[2024-07-14T04:13:23.109+0000] {subprocess.py:94} INFO - [0m04:13:23  Updated version available: 1.2.0
[2024-07-14T04:13:23.114+0000] {subprocess.py:94} INFO - [0m04:13:23
[2024-07-14T04:13:23.119+0000] {subprocess.py:94} INFO - [0m04:13:23  Updates available for packages: ['dbt-labs/dbt_utils']
[2024-07-14T04:13:23.121+0000] {subprocess.py:94} INFO - Update your versions in packages.yml, then run dbt deps
[2024-07-14T04:13:25.354+0000] {subprocess.py:98} INFO - Command exited with return code 0
[2024-07-14T04:13:25.356+0000] {local.py:254} INFO - Update your versions in packages.yml, then run dbt deps
[2024-07-14T04:13:25.358+0000] {local.py:247} INFO - Trying to run the command:
 ['/opt/airflow/dbt_venv/bin/dbt', 'run', '--models', 'dim_employees', '--project-dir', '/tmp/tmpx0rehx0i', '--profiles-dir', '/tmp/cosmos/profile/a0017dab0633177292578162811b91dcb9c56d6e54017e9660056cc364a762ad', '--profile', 'dbt_project', '--target', 'dev']
From /tmp/tmpx0rehx0i
[2024-07-14T04:13:25.361+0000] {subprocess.py:60} INFO - Tmp dir root location: 
 /tmp
[2024-07-14T04:13:25.363+0000] {subprocess.py:73} INFO - Running command: ['/opt/airflow/dbt_venv/bin/dbt', 'run', '--models', 'dim_employees', '--project-dir', '/tmp/tmpx0rehx0i', '--profiles-dir', '/tmp/cosmos/profile/a0017dab0633177292578162811b91dcb9c56d6e54017e9660056cc364a762ad', '--profile', 'dbt_project', '--target', 'dev']
[2024-07-14T04:13:25.421+0000] {subprocess.py:84} INFO - Command output:
[2024-07-14T04:13:41.631+0000] {subprocess.py:94} INFO - [0m04:13:41  Running with dbt=1.8.3
[2024-07-14T04:13:45.029+0000] {subprocess.py:94} INFO - [0m04:13:45  Registered adapter: snowflake=1.8.3
[2024-07-14T04:13:49.385+0000] {subprocess.py:94} INFO - [0m04:13:49  Found 20 models, 27 data tests, 11 sources, 684 macros
[2024-07-14T04:13:49.400+0000] {subprocess.py:94} INFO - [0m04:13:49
[2024-07-14T04:13:57.791+0000] {subprocess.py:94} INFO - [0m04:13:57  Concurrency: 1 threads (target='dev')
[2024-07-14T04:13:57.793+0000] {subprocess.py:94} INFO - [0m04:13:57
[2024-07-14T04:13:57.909+0000] {subprocess.py:94} INFO - [0m04:13:57  1 of 1 START sql table model dwh.dim_employees ................................. [RUN]
[2024-07-14T04:14:00.575+0000] {subprocess.py:94} INFO - [0m04:14:00  1 of 1 OK created sql table model dwh.dim_employees ............................ [[32mSUCCESS 1[0m in 2.65s]
[2024-07-14T04:14:00.584+0000] {subprocess.py:94} INFO - [0m04:14:00
[2024-07-14T04:14:00.587+0000] {subprocess.py:94} INFO - [0m04:14:00  Finished running 1 table model in 0 hours 0 minutes and 11.18 seconds (11.18s).
[2024-07-14T04:14:00.854+0000] {subprocess.py:94} INFO - [0m04:14:00
[2024-07-14T04:14:00.856+0000] {subprocess.py:94} INFO - [0m04:14:00  [32mCompleted successfully[0m
[2024-07-14T04:14:00.858+0000] {subprocess.py:94} INFO - [0m04:14:00
[2024-07-14T04:14:00.860+0000] {subprocess.py:94} INFO - [0m04:14:00  Done. PASS=1 WARN=0 ERROR=0 SKIP=0 TOTAL=1
[2024-07-14T04:14:06.982+0000] {subprocess.py:98} INFO - Command exited with return code 0
[2024-07-14T04:14:06.987+0000] {local.py:254} INFO - [0m04:14:00  Done. PASS=1 WARN=0 ERROR=0 SKIP=0 TOTAL=1
[2024-07-14T04:14:07.859+0000] {local.py:196} WARNING - Artifact schema version: https://schemas.getdbt.com/dbt/manifest/v12.json is above dbt-ol supported version 7. This might cause errors.
[2024-07-14T04:14:07.860+0000] {local.py:196} WARNING - Artifact schema version: https://schemas.getdbt.com/dbt/run-results/v6.json is above dbt-ol supported version 5. This might cause errors.
[2024-07-14T04:14:07.918+0000] {local.py:349} INFO - Inlets: [Dataset(uri='snowflake://OU00370.europe-west2.gcp/ELT_BATCH.raw.raw_employees', extra=None)]
[2024-07-14T04:14:07.923+0000] {local.py:350} INFO - Outlets: [Dataset(uri='snowflake://OU00370.europe-west2.gcp/ELT_BATCH.dwh.dim_employees', extra=None)]
[2024-07-14T04:14:07.925+0000] {dag.py:3096} INFO - Sync 1 DAGs
[2024-07-14T04:14:08.397+0000] {taskinstance.py:441} INFO - ::group::Post task execution logs
[2024-07-14T04:14:08.775+0000] {taskinstance.py:1206} INFO - Marking task as SUCCESS. dag_id=ELT-PROJECT, task_id=transform.dim_employees.run, run_id=scheduled__2024-07-05T00:00:00+00:00, execution_date=20240705T000000, start_date=20240714T041307, end_date=20240714T041408
[2024-07-14T04:14:09.655+0000] {local_task_job_runner.py:240} INFO - Task exited with return code 0
[2024-07-14T04:14:09.919+0000] {taskinstance.py:3503} INFO - 1 downstream tasks scheduled from follow-on schedule check
[2024-07-14T04:14:09.944+0000] {local_task_job_runner.py:222} INFO - ::endgroup::
