[2024-07-14T04:00:32.717+0000] {local_task_job_runner.py:120} INFO - ::group::Pre task execution logs
[2024-07-14T04:00:32.815+0000] {taskinstance.py:2076} INFO - Dependencies all met for dep_context=non-requeueable deps ti=<TaskInstance: ELT-PROJECT.load.load_products scheduled__2024-06-29T00:00:00+00:00 [queued]>
[2024-07-14T04:00:32.865+0000] {taskinstance.py:2076} INFO - Dependencies all met for dep_context=requeueable deps ti=<TaskInstance: ELT-PROJECT.load.load_products scheduled__2024-06-29T00:00:00+00:00 [queued]>
[2024-07-14T04:00:32.870+0000] {taskinstance.py:2306} INFO - Starting attempt 1 of 2
[2024-07-14T04:00:32.915+0000] {taskinstance.py:2330} INFO - Executing <Task(_PythonDecoratedOperator): load.load_products> on 2024-06-29 00:00:00+00:00
[2024-07-14T04:00:32.937+0000] {logging_mixin.py:188} WARNING - /home/airflow/.local/lib/python3.12/site-packages/airflow/task/task_runner/standard_task_runner.py:61 DeprecationWarning: This process (pid=10375) is multi-threaded, use of fork() may lead to deadlocks in the child.
[2024-07-14T04:00:32.940+0000] {standard_task_runner.py:63} INFO - Started process 10431 to run task
[2024-07-14T04:00:32.954+0000] {standard_task_runner.py:90} INFO - Running: ['airflow', 'tasks', 'run', 'ELT-PROJECT', 'load.load_products', 'scheduled__2024-06-29T00:00:00+00:00', '--job-id', '872', '--raw', '--subdir', 'DAGS_FOLDER/elt.py', '--cfg-path', '/tmp/tmpfm_tit28']
[2024-07-14T04:00:32.968+0000] {standard_task_runner.py:91} INFO - Job 872: Subtask load.load_products
[2024-07-14T04:00:33.035+0000] {logging_mixin.py:188} WARNING - /home/airflow/.local/lib/python3.12/site-packages/airflow/settings.py:195 DeprecationWarning: The sql_alchemy_conn option in [core] has been moved to the sql_alchemy_conn option in [database] - the old setting has been used, but please update your config.
[2024-07-14T04:00:33.207+0000] {task_command.py:426} INFO - Running <TaskInstance: ELT-PROJECT.load.load_products scheduled__2024-06-29T00:00:00+00:00 [running]> on host airflow-scheduler
[2024-07-14T04:00:34.587+0000] {taskinstance.py:2648} INFO - Exporting env vars: AIRFLOW_CTX_DAG_OWNER='Data-Ninja' AIRFLOW_CTX_DAG_ID='ELT-PROJECT' AIRFLOW_CTX_TASK_ID='load.load_products' AIRFLOW_CTX_EXECUTION_DATE='2024-06-29T00:00:00+00:00' AIRFLOW_CTX_TRY_NUMBER='1' AIRFLOW_CTX_DAG_RUN_ID='scheduled__2024-06-29T00:00:00+00:00'
[2024-07-14T04:00:34.591+0000] {taskinstance.py:430} INFO - ::endgroup::
[2024-07-14T04:00:34.597+0000] {connection.py:399} INFO - Snowflake Connector for Python Version: 3.10.1, Python Version: 3.12.4, Platform: Linux-5.15.133.1-microsoft-standard-WSL2-x86_64-with-glibc2.36
[2024-07-14T04:00:34.599+0000] {connection.py:1249} INFO - THIS CONNECTION IS IN INSECURE MODE. IT MEANS THE CERTIFICATE WILL BE VALIDATED BUT THE CERTIFICATE REVOCATION STATUS WILL NOT BE CHECKED.
[2024-07-14T04:00:34.772+0000] {ssl_wrap_socket.py:100} INFO - THIS CONNECTION IS IN INSECURE MODE. IT MEANS THE CERTIFICATE WILL BE VALIDATED BUT THE CERTIFICATE REVOCATION STATUS WILL NOT BE CHECKED.
[2024-07-14T04:00:35.184+0000] {logging_mixin.py:188} INFO - Nama kolom di DataFrame: Index(['productID', 'productName', 'supplierID', 'categoryID',
       'quantityPerUnit', 'unitPrice', 'unitsInStock', 'unitsOnOrder',
       'reorderLevel', 'discontinued'],
      dtype='object')
[2024-07-14T04:00:35.618+0000] {cursor.py:1149} INFO - Number of results in first chunk: 1
[2024-07-14T04:00:36.243+0000] {ssl_wrap_socket.py:100} INFO - THIS CONNECTION IS IN INSECURE MODE. IT MEANS THE CERTIFICATE WILL BE VALIDATED BUT THE CERTIFICATE REVOCATION STATUS WILL NOT BE CHECKED.
[2024-07-14T04:00:38.955+0000] {cursor.py:1149} INFO - Number of results in first chunk: 1
[2024-07-14T04:00:39.605+0000] {cursor.py:1149} INFO - Number of results in first chunk: 10
[2024-07-14T04:00:40.054+0000] {cursor.py:1149} INFO - Number of results in first chunk: 1
[2024-07-14T04:00:40.696+0000] {cursor.py:1149} INFO - Number of results in first chunk: 1
[2024-07-14T04:00:42.164+0000] {cursor.py:1149} INFO - Number of results in first chunk: 1
[2024-07-14T04:00:42.166+0000] {logging_mixin.py:188} INFO - Done products.
[2024-07-14T04:00:42.167+0000] {connection.py:762} INFO - closed
[2024-07-14T04:00:42.518+0000] {connection.py:768} INFO - No async queries seem to be running, deleting session
[2024-07-14T04:00:42.878+0000] {python.py:237} INFO - Done. Returned value was: None
[2024-07-14T04:00:42.881+0000] {taskinstance.py:441} INFO - ::group::Post task execution logs
[2024-07-14T04:00:42.946+0000] {taskinstance.py:1206} INFO - Marking task as SUCCESS. dag_id=ELT-PROJECT, task_id=load.load_products, run_id=scheduled__2024-06-29T00:00:00+00:00, execution_date=20240629T000000, start_date=20240714T040032, end_date=20240714T040042
[2024-07-14T04:00:43.092+0000] {local_task_job_runner.py:240} INFO - Task exited with return code 0
[2024-07-14T04:00:43.180+0000] {local_task_job_runner.py:222} INFO - ::endgroup::
