[2024-07-09T20:25:40.131+0000] {local_task_job_runner.py:120} INFO - ::group::Pre task execution logs
[2024-07-09T20:25:40.179+0000] {taskinstance.py:2076} INFO - Dependencies all met for dep_context=non-requeueable deps ti=<TaskInstance: ELT-PROJECT.extract.extract_suppliers manual__2024-07-09T20:25:25.664667+00:00 [queued]>
[2024-07-09T20:25:40.204+0000] {taskinstance.py:2076} INFO - Dependencies all met for dep_context=requeueable deps ti=<TaskInstance: ELT-PROJECT.extract.extract_suppliers manual__2024-07-09T20:25:25.664667+00:00 [queued]>
[2024-07-09T20:25:40.205+0000] {taskinstance.py:2306} INFO - Starting attempt 1 of 2
[2024-07-09T20:25:40.235+0000] {taskinstance.py:2330} INFO - Executing <Task(_PythonDecoratedOperator): extract.extract_suppliers> on 2024-07-09 20:25:25.664667+00:00
[2024-07-09T20:25:40.251+0000] {logging_mixin.py:188} WARNING - /home/airflow/.local/lib/python3.12/site-packages/airflow/task/task_runner/standard_task_runner.py:61 DeprecationWarning: This process (pid=8068) is multi-threaded, use of fork() may lead to deadlocks in the child.
[2024-07-09T20:25:40.260+0000] {standard_task_runner.py:63} INFO - Started process 8083 to run task
[2024-07-09T20:25:40.252+0000] {standard_task_runner.py:90} INFO - Running: ['airflow', 'tasks', 'run', 'ELT-PROJECT', 'extract.extract_suppliers', 'manual__2024-07-09T20:25:25.664667+00:00', '--job-id', '104', '--raw', '--subdir', 'DAGS_FOLDER/elt.py', '--cfg-path', '/tmp/tmprp4p4422']
[2024-07-09T20:25:40.263+0000] {standard_task_runner.py:91} INFO - Job 104: Subtask extract.extract_suppliers
[2024-07-09T20:25:40.312+0000] {logging_mixin.py:188} WARNING - /home/airflow/.local/lib/python3.12/site-packages/airflow/settings.py:195 DeprecationWarning: The sql_alchemy_conn option in [core] has been moved to the sql_alchemy_conn option in [database] - the old setting has been used, but please update your config.
[2024-07-09T20:25:40.397+0000] {task_command.py:426} INFO - Running <TaskInstance: ELT-PROJECT.extract.extract_suppliers manual__2024-07-09T20:25:25.664667+00:00 [running]> on host airflow-scheduler
[2024-07-09T20:25:40.586+0000] {taskinstance.py:2648} INFO - Exporting env vars: AIRFLOW_CTX_DAG_OWNER='Data-Ninja' AIRFLOW_CTX_DAG_ID='ELT-PROJECT' AIRFLOW_CTX_TASK_ID='extract.extract_suppliers' AIRFLOW_CTX_EXECUTION_DATE='2024-07-09T20:25:25.664667+00:00' AIRFLOW_CTX_TRY_NUMBER='1' AIRFLOW_CTX_DAG_RUN_ID='manual__2024-07-09T20:25:25.664667+00:00'
[2024-07-09T20:25:40.589+0000] {taskinstance.py:430} INFO - ::endgroup::
[2024-07-09T20:25:40.621+0000] {base.py:84} INFO - Using connection ID 'post_conn' for task execution.
[2024-07-09T20:25:40.874+0000] {python.py:237} INFO - Done. Returned value was:     supplierID  ...                                           homePage
0           15  ...                                                NaN
1           16  ...                                                NaN
2           17  ...                                                NaN
3           18  ...                                                NaN
4           19  ...                                                NaN
5           20  ...                                                NaN
6           21  ...                                                NaN
7           22  ...                                                NaN
8           23  ...                                                NaN
9           24  ...  G'day Mate (on the World Wide Web)#http://www....
10          25  ...                                                NaN
11          26  ...                                                NaN
12          27  ...                                                NaN
13          28  ...                                                NaN
14          29  ...                                                NaN
15           1  ...                                                NaN
16           2  ...                                        #CAJUN.HTM#
17           3  ...                                                NaN
18           4  ...                                                NaN
19           5  ...                                                NaN
20           6  ...  Mayumi's (on the World Wide Web)#http://www.mi...
21           7  ...                                                NaN
22           8  ...                                                NaN
23           9  ...                                                NaN
24          10  ...                                                NaN
25          11  ...                                                NaN
26          12  ...  Plutzer (on the World Wide Web)#http://www.mic...
27          13  ...                                                NaN
28          14  ...                                     #FORMAGGI.HTM#

[29 rows x 12 columns]
[2024-07-09T20:25:40.941+0000] {taskinstance.py:441} INFO - ::group::Post task execution logs
[2024-07-09T20:25:41.402+0000] {taskinstance.py:1206} INFO - Marking task as SUCCESS. dag_id=ELT-PROJECT, task_id=extract.extract_suppliers, run_id=manual__2024-07-09T20:25:25.664667+00:00, execution_date=20240709T202525, start_date=20240709T202540, end_date=20240709T202541
[2024-07-09T20:25:41.468+0000] {local_task_job_runner.py:240} INFO - Task exited with return code 0
[2024-07-09T20:25:41.494+0000] {taskinstance.py:3503} INFO - 0 downstream tasks scheduled from follow-on schedule check
[2024-07-09T20:25:41.497+0000] {local_task_job_runner.py:222} INFO - ::endgroup::
