[2024-07-14T03:25:23.300+0000] {local_task_job_runner.py:120} INFO - ::group::Pre task execution logs
[2024-07-14T03:25:23.391+0000] {taskinstance.py:2076} INFO - Dependencies all met for dep_context=non-requeueable deps ti=<TaskInstance: ELT-PROJECT.extract.extract_regions manual__2024-07-14T03:25:17.009601+00:00 [queued]>
[2024-07-14T03:25:23.506+0000] {taskinstance.py:2076} INFO - Dependencies all met for dep_context=requeueable deps ti=<TaskInstance: ELT-PROJECT.extract.extract_regions manual__2024-07-14T03:25:17.009601+00:00 [queued]>
[2024-07-14T03:25:23.508+0000] {taskinstance.py:2306} INFO - Starting attempt 1 of 2
[2024-07-14T03:25:23.619+0000] {taskinstance.py:2330} INFO - Executing <Task(_PythonDecoratedOperator): extract.extract_regions> on 2024-07-14 03:25:17.009601+00:00
[2024-07-14T03:25:23.690+0000] {logging_mixin.py:188} WARNING - /home/airflow/.local/lib/python3.12/site-packages/airflow/task/task_runner/standard_task_runner.py:61 DeprecationWarning: This process (pid=6685) is multi-threaded, use of fork() may lead to deadlocks in the child.
[2024-07-14T03:25:23.694+0000] {standard_task_runner.py:63} INFO - Started process 6705 to run task
[2024-07-14T03:25:23.696+0000] {standard_task_runner.py:90} INFO - Running: ['airflow', 'tasks', 'run', 'ELT-PROJECT', 'extract.extract_regions', 'manual__2024-07-14T03:25:17.009601+00:00', '--job-id', '556', '--raw', '--subdir', 'DAGS_FOLDER/elt.py', '--cfg-path', '/tmp/tmp8czcq878']
[2024-07-14T03:25:23.705+0000] {standard_task_runner.py:91} INFO - Job 556: Subtask extract.extract_regions
[2024-07-14T03:25:23.851+0000] {logging_mixin.py:188} WARNING - /home/airflow/.local/lib/python3.12/site-packages/airflow/settings.py:195 DeprecationWarning: The sql_alchemy_conn option in [core] has been moved to the sql_alchemy_conn option in [database] - the old setting has been used, but please update your config.
[2024-07-14T03:25:24.103+0000] {task_command.py:426} INFO - Running <TaskInstance: ELT-PROJECT.extract.extract_regions manual__2024-07-14T03:25:17.009601+00:00 [running]> on host airflow-scheduler
[2024-07-14T03:25:24.587+0000] {taskinstance.py:2648} INFO - Exporting env vars: AIRFLOW_CTX_DAG_OWNER='Data-Ninja' AIRFLOW_CTX_DAG_ID='ELT-PROJECT' AIRFLOW_CTX_TASK_ID='extract.extract_regions' AIRFLOW_CTX_EXECUTION_DATE='2024-07-14T03:25:17.009601+00:00' AIRFLOW_CTX_TRY_NUMBER='1' AIRFLOW_CTX_DAG_RUN_ID='manual__2024-07-14T03:25:17.009601+00:00'
[2024-07-14T03:25:24.600+0000] {taskinstance.py:430} INFO - ::endgroup::
[2024-07-14T03:25:24.691+0000] {base.py:84} INFO - Using connection ID 'post_conn' for task execution.
[2024-07-14T03:25:26.484+0000] {python.py:237} INFO - Done. Returned value was:    regionID regionDescription
0         3          Northern
1         4          Southern
2         1           Eastern
3         2           Western
[2024-07-14T03:25:26.561+0000] {taskinstance.py:441} INFO - ::group::Post task execution logs
[2024-07-14T03:25:27.611+0000] {taskinstance.py:1206} INFO - Marking task as SUCCESS. dag_id=ELT-PROJECT, task_id=extract.extract_regions, run_id=manual__2024-07-14T03:25:17.009601+00:00, execution_date=20240714T032517, start_date=20240714T032523, end_date=20240714T032527
[2024-07-14T03:25:27.768+0000] {local_task_job_runner.py:240} INFO - Task exited with return code 0
[2024-07-14T03:25:27.805+0000] {local_task_job_runner.py:222} INFO - ::endgroup::
