[2024-07-14T04:43:51.314+0000] {local_task_job_runner.py:120} INFO - ::group::Pre task execution logs
[2024-07-14T04:43:51.469+0000] {taskinstance.py:2076} INFO - Dependencies all met for dep_context=non-requeueable deps ti=<TaskInstance: ELT-PROJECT.transform.popular_product_categories_run scheduled__2024-07-04T00:00:00+00:00 [queued]>
[2024-07-14T04:43:51.619+0000] {taskinstance.py:2076} INFO - Dependencies all met for dep_context=requeueable deps ti=<TaskInstance: ELT-PROJECT.transform.popular_product_categories_run scheduled__2024-07-04T00:00:00+00:00 [queued]>
[2024-07-14T04:43:51.620+0000] {taskinstance.py:2306} INFO - Starting attempt 1 of 2
[2024-07-14T04:43:51.708+0000] {taskinstance.py:2330} INFO - Executing <Task(DbtRunLocalOperator): transform.popular_product_categories_run> on 2024-07-04 00:00:00+00:00
[2024-07-14T04:43:51.736+0000] {standard_task_runner.py:90} INFO - Running: ['airflow', 'tasks', 'run', 'ELT-PROJECT', 'transform.popular_product_categories_run', 'scheduled__2024-07-04T00:00:00+00:00', '--job-id', '1582', '--raw', '--subdir', 'DAGS_FOLDER/elt.py', '--cfg-path', '/tmp/tmpyo79zc4z']
[2024-07-14T04:43:51.763+0000] {standard_task_runner.py:91} INFO - Job 1582: Subtask transform.popular_product_categories_run
[2024-07-14T04:43:51.771+0000] {logging_mixin.py:188} WARNING - /home/airflow/.local/lib/python3.12/site-packages/airflow/task/task_runner/standard_task_runner.py:61 DeprecationWarning: This process (pid=21039) is multi-threaded, use of fork() may lead to deadlocks in the child.
[2024-07-14T04:43:51.775+0000] {standard_task_runner.py:63} INFO - Started process 21062 to run task
[2024-07-14T04:43:51.827+0000] {logging_mixin.py:188} WARNING - /home/airflow/.local/lib/python3.12/site-packages/airflow/settings.py:195 DeprecationWarning: The sql_alchemy_conn option in [core] has been moved to the sql_alchemy_conn option in [database] - the old setting has been used, but please update your config.
[2024-07-14T04:43:52.036+0000] {task_command.py:426} INFO - Running <TaskInstance: ELT-PROJECT.transform.popular_product_categories_run scheduled__2024-07-04T00:00:00+00:00 [running]> on host airflow-scheduler
[2024-07-14T04:43:52.562+0000] {taskinstance.py:2648} INFO - Exporting env vars: AIRFLOW_CTX_DAG_OWNER='Data-Ninja' AIRFLOW_CTX_DAG_ID='ELT-PROJECT' AIRFLOW_CTX_TASK_ID='transform.popular_product_categories_run' AIRFLOW_CTX_EXECUTION_DATE='2024-07-04T00:00:00+00:00' AIRFLOW_CTX_TRY_NUMBER='1' AIRFLOW_CTX_DAG_RUN_ID='scheduled__2024-07-04T00:00:00+00:00'
[2024-07-14T04:43:52.568+0000] {taskinstance.py:430} INFO - ::endgroup::
[2024-07-14T04:43:52.584+0000] {local.py:174} INFO - Could not import dbtRunner. Falling back to subprocess for invoking dbt.
[2024-07-14T04:43:52.595+0000] {local.py:292} INFO - Cloning project to writable temp directory /tmp/tmp9qee2b_k from /opt/airflow/dags/dbt/dbt_project
[2024-07-14T04:43:52.623+0000] {local.py:303} INFO - Partial parse is enabled and the latest partial parse file is /tmp/cosmos/ELT-PROJECT__transform/target/partial_parse.msgpack
[2024-07-14T04:43:52.852+0000] {base.py:84} INFO - Using connection ID 'snow_conn' for task execution.
[2024-07-14T04:43:52.860+0000] {crypto.py:82} WARNING - empty cryptography key - values will not be stored encrypted.
[2024-07-14T04:43:52.862+0000] {config.py:298} INFO - Profile caching is enable.
[2024-07-14T04:43:52.881+0000] {config.py:272} INFO - Profile found in cache using profile: /tmp/cosmos/profile/a0017dab0633177292578162811b91dcb9c56d6e54017e9660056cc364a762ad/profiles.yml.
[2024-07-14T04:43:52.893+0000] {local.py:247} INFO - Trying to run the command:
 ['/opt/airflow/dbt_venv/bin/dbt', 'deps', '--project-dir', '/tmp/tmp9qee2b_k', '--profiles-dir', '/tmp/cosmos/profile/a0017dab0633177292578162811b91dcb9c56d6e54017e9660056cc364a762ad', '--profile', 'dbt_project', '--target', 'dev']
From /tmp/tmp9qee2b_k
[2024-07-14T04:43:52.902+0000] {subprocess.py:60} INFO - Tmp dir root location: 
 /tmp
[2024-07-14T04:43:52.905+0000] {subprocess.py:73} INFO - Running command: ['/opt/airflow/dbt_venv/bin/dbt', 'deps', '--project-dir', '/tmp/tmp9qee2b_k', '--profiles-dir', '/tmp/cosmos/profile/a0017dab0633177292578162811b91dcb9c56d6e54017e9660056cc364a762ad', '--profile', 'dbt_project', '--target', 'dev']
[2024-07-14T04:43:52.963+0000] {subprocess.py:84} INFO - Command output:
[2024-07-14T04:44:11.514+0000] {subprocess.py:94} INFO - [0m04:44:11  Running with dbt=1.8.3
[2024-07-14T04:44:14.512+0000] {subprocess.py:94} INFO - [0m04:44:14  Updating lock file in file path: /tmp/tmp9qee2b_k/package-lock.yml
[2024-07-14T04:44:14.604+0000] {subprocess.py:94} INFO - [0m04:44:14  Installing dbt-labs/dbt_utils
[2024-07-14T04:44:15.942+0000] {subprocess.py:94} INFO - [0m04:44:15  Installed from version 0.8.6
[2024-07-14T04:44:15.948+0000] {subprocess.py:94} INFO - [0m04:44:15  Updated version available: 1.2.0
[2024-07-14T04:44:15.952+0000] {subprocess.py:94} INFO - [0m04:44:15
[2024-07-14T04:44:15.956+0000] {subprocess.py:94} INFO - [0m04:44:15  Updates available for packages: ['dbt-labs/dbt_utils']
[2024-07-14T04:44:15.959+0000] {subprocess.py:94} INFO - Update your versions in packages.yml, then run dbt deps
[2024-07-14T04:44:19.310+0000] {subprocess.py:98} INFO - Command exited with return code 0
[2024-07-14T04:44:19.318+0000] {local.py:254} INFO - Update your versions in packages.yml, then run dbt deps
[2024-07-14T04:44:19.321+0000] {local.py:247} INFO - Trying to run the command:
 ['/opt/airflow/dbt_venv/bin/dbt', 'run', '--models', 'popular_product_categories', '--project-dir', '/tmp/tmp9qee2b_k', '--profiles-dir', '/tmp/cosmos/profile/a0017dab0633177292578162811b91dcb9c56d6e54017e9660056cc364a762ad', '--profile', 'dbt_project', '--target', 'dev']
From /tmp/tmp9qee2b_k
[2024-07-14T04:44:19.343+0000] {subprocess.py:60} INFO - Tmp dir root location: 
 /tmp
[2024-07-14T04:44:19.372+0000] {subprocess.py:73} INFO - Running command: ['/opt/airflow/dbt_venv/bin/dbt', 'run', '--models', 'popular_product_categories', '--project-dir', '/tmp/tmp9qee2b_k', '--profiles-dir', '/tmp/cosmos/profile/a0017dab0633177292578162811b91dcb9c56d6e54017e9660056cc364a762ad', '--profile', 'dbt_project', '--target', 'dev']
[2024-07-14T04:44:19.556+0000] {subprocess.py:84} INFO - Command output:
[2024-07-14T04:44:46.128+0000] {subprocess.py:94} INFO - [0m04:44:46  Running with dbt=1.8.3
[2024-07-14T04:44:49.193+0000] {subprocess.py:94} INFO - [0m04:44:49  Registered adapter: snowflake=1.8.3
[2024-07-14T04:44:54.150+0000] {subprocess.py:94} INFO - [0m04:44:54  Found 20 models, 27 data tests, 11 sources, 684 macros
[2024-07-14T04:44:54.163+0000] {subprocess.py:94} INFO - [0m04:44:54
[2024-07-14T04:45:04.287+0000] {subprocess.py:94} INFO - [0m04:45:04  Concurrency: 1 threads (target='dev')
[2024-07-14T04:45:04.291+0000] {subprocess.py:94} INFO - [0m04:45:04
[2024-07-14T04:45:04.446+0000] {subprocess.py:94} INFO - [0m04:45:04  1 of 1 START sql table model dm.popular_product_categories ..................... [RUN]
[2024-07-14T04:45:09.408+0000] {subprocess.py:94} INFO - [0m04:45:09  1 of 1 OK created sql table model dm.popular_product_categories ................ [[32mSUCCESS 1[0m in 4.95s]
[2024-07-14T04:45:09.420+0000] {subprocess.py:94} INFO - [0m04:45:09
[2024-07-14T04:45:09.428+0000] {subprocess.py:94} INFO - [0m04:45:09  Finished running 1 table model in 0 hours 0 minutes and 15.25 seconds (15.25s).
[2024-07-14T04:45:10.425+0000] {subprocess.py:94} INFO - [0m04:45:10
[2024-07-14T04:45:10.487+0000] {subprocess.py:94} INFO - [0m04:45:10  [32mCompleted successfully[0m
[2024-07-14T04:45:10.490+0000] {subprocess.py:94} INFO - [0m04:45:10
[2024-07-14T04:45:10.492+0000] {subprocess.py:94} INFO - [0m04:45:10  Done. PASS=1 WARN=0 ERROR=0 SKIP=0 TOTAL=1
[2024-07-14T04:45:13.610+0000] {subprocess.py:98} INFO - Command exited with return code 0
[2024-07-14T04:45:13.612+0000] {local.py:254} INFO - [0m04:45:10  Done. PASS=1 WARN=0 ERROR=0 SKIP=0 TOTAL=1
[2024-07-14T04:45:15.241+0000] {local.py:196} WARNING - Artifact schema version: https://schemas.getdbt.com/dbt/manifest/v12.json is above dbt-ol supported version 7. This might cause errors.
[2024-07-14T04:45:15.247+0000] {local.py:196} WARNING - Artifact schema version: https://schemas.getdbt.com/dbt/run-results/v6.json is above dbt-ol supported version 5. This might cause errors.
[2024-07-14T04:45:15.298+0000] {local.py:349} INFO - Inlets: [Dataset(uri='snowflake://OU00370.europe-west2.gcp/ELT_BATCH.dwh.dim_categories', extra=None), Dataset(uri='snowflake://OU00370.europe-west2.gcp/ELT_BATCH.dwh.dim_products', extra=None), Dataset(uri='snowflake://OU00370.europe-west2.gcp/ELT_BATCH.dwh.fact_order_details', extra=None), Dataset(uri='snowflake://OU00370.europe-west2.gcp/ELT_BATCH.dwh.fact_orders', extra=None)]
[2024-07-14T04:45:15.318+0000] {local.py:350} INFO - Outlets: [Dataset(uri='snowflake://OU00370.europe-west2.gcp/ELT_BATCH.dm.popular_product_categories', extra=None)]
[2024-07-14T04:45:15.321+0000] {dag.py:3096} INFO - Sync 1 DAGs
[2024-07-14T04:45:15.557+0000] {dag.py:3954} INFO - Setting next_dagrun for ELT-PROJECT to 2024-07-14 00:00:00+00:00, run_after=2024-07-15 00:00:00+00:00
[2024-07-14T04:45:16.067+0000] {taskinstance.py:441} INFO - ::group::Post task execution logs
[2024-07-14T04:45:16.409+0000] {taskinstance.py:1206} INFO - Marking task as SUCCESS. dag_id=ELT-PROJECT, task_id=transform.popular_product_categories_run, run_id=scheduled__2024-07-04T00:00:00+00:00, execution_date=20240704T000000, start_date=20240714T044351, end_date=20240714T044516
[2024-07-14T04:45:16.679+0000] {local_task_job_runner.py:240} INFO - Task exited with return code 0
[2024-07-14T04:45:16.988+0000] {taskinstance.py:3503} INFO - 0 downstream tasks scheduled from follow-on schedule check
[2024-07-14T04:45:16.996+0000] {local_task_job_runner.py:222} INFO - ::endgroup::
