[2024-07-14T04:05:30.466+0000] {local_task_job_runner.py:120} INFO - ::group::Pre task execution logs
[2024-07-14T04:05:30.563+0000] {taskinstance.py:2076} INFO - Dependencies all met for dep_context=non-requeueable deps ti=<TaskInstance: ELT-PROJECT.transform.raw_categories.run scheduled__2024-07-08T00:00:00+00:00 [queued]>
[2024-07-14T04:05:30.595+0000] {taskinstance.py:2076} INFO - Dependencies all met for dep_context=requeueable deps ti=<TaskInstance: ELT-PROJECT.transform.raw_categories.run scheduled__2024-07-08T00:00:00+00:00 [queued]>
[2024-07-14T04:05:30.596+0000] {taskinstance.py:2306} INFO - Starting attempt 1 of 2
[2024-07-14T04:05:30.629+0000] {taskinstance.py:2330} INFO - Executing <Task(DbtRunLocalOperator): transform.raw_categories.run> on 2024-07-08 00:00:00+00:00
[2024-07-14T04:05:30.648+0000] {logging_mixin.py:188} WARNING - /home/airflow/.local/lib/python3.12/site-packages/airflow/task/task_runner/standard_task_runner.py:61 DeprecationWarning: This process (pid=12882) is multi-threaded, use of fork() may lead to deadlocks in the child.
[2024-07-14T04:05:30.651+0000] {standard_task_runner.py:63} INFO - Started process 12912 to run task
[2024-07-14T04:05:30.647+0000] {standard_task_runner.py:90} INFO - Running: ['airflow', 'tasks', 'run', 'ELT-PROJECT', 'transform.raw_categories.run', 'scheduled__2024-07-08T00:00:00+00:00', '--job-id', '1072', '--raw', '--subdir', 'DAGS_FOLDER/elt.py', '--cfg-path', '/tmp/tmpdtk1_fyl']
[2024-07-14T04:05:30.652+0000] {standard_task_runner.py:91} INFO - Job 1072: Subtask transform.raw_categories.run
[2024-07-14T04:05:30.705+0000] {logging_mixin.py:188} WARNING - /home/airflow/.local/lib/python3.12/site-packages/airflow/settings.py:195 DeprecationWarning: The sql_alchemy_conn option in [core] has been moved to the sql_alchemy_conn option in [database] - the old setting has been used, but please update your config.
[2024-07-14T04:05:30.855+0000] {task_command.py:426} INFO - Running <TaskInstance: ELT-PROJECT.transform.raw_categories.run scheduled__2024-07-08T00:00:00+00:00 [running]> on host airflow-scheduler
[2024-07-14T04:05:31.133+0000] {taskinstance.py:2648} INFO - Exporting env vars: AIRFLOW_CTX_DAG_OWNER='Data-Ninja' AIRFLOW_CTX_DAG_ID='ELT-PROJECT' AIRFLOW_CTX_TASK_ID='transform.raw_categories.run' AIRFLOW_CTX_EXECUTION_DATE='2024-07-08T00:00:00+00:00' AIRFLOW_CTX_TRY_NUMBER='1' AIRFLOW_CTX_DAG_RUN_ID='scheduled__2024-07-08T00:00:00+00:00'
[2024-07-14T04:05:31.137+0000] {taskinstance.py:430} INFO - ::endgroup::
[2024-07-14T04:05:31.144+0000] {local.py:174} INFO - Could not import dbtRunner. Falling back to subprocess for invoking dbt.
[2024-07-14T04:05:31.152+0000] {local.py:292} INFO - Cloning project to writable temp directory /tmp/tmprnp2xa8q from /opt/airflow/dags/dbt/dbt_project
[2024-07-14T04:05:31.168+0000] {local.py:303} INFO - Partial parse is enabled and the latest partial parse file is /tmp/cosmos/ELT-PROJECT__transform/target/partial_parse.msgpack
[2024-07-14T04:05:31.666+0000] {base.py:84} INFO - Using connection ID 'snow_conn' for task execution.
[2024-07-14T04:05:31.672+0000] {crypto.py:82} WARNING - empty cryptography key - values will not be stored encrypted.
[2024-07-14T04:05:31.674+0000] {config.py:298} INFO - Profile caching is enable.
[2024-07-14T04:05:31.686+0000] {config.py:272} INFO - Profile found in cache using profile: /tmp/cosmos/profile/a0017dab0633177292578162811b91dcb9c56d6e54017e9660056cc364a762ad/profiles.yml.
[2024-07-14T04:05:31.693+0000] {local.py:247} INFO - Trying to run the command:
 ['/opt/airflow/dbt_venv/bin/dbt', 'deps', '--project-dir', '/tmp/tmprnp2xa8q', '--profiles-dir', '/tmp/cosmos/profile/a0017dab0633177292578162811b91dcb9c56d6e54017e9660056cc364a762ad', '--profile', 'dbt_project', '--target', 'dev']
From /tmp/tmprnp2xa8q
[2024-07-14T04:05:31.698+0000] {subprocess.py:60} INFO - Tmp dir root location: 
 /tmp
[2024-07-14T04:05:31.701+0000] {subprocess.py:73} INFO - Running command: ['/opt/airflow/dbt_venv/bin/dbt', 'deps', '--project-dir', '/tmp/tmprnp2xa8q', '--profiles-dir', '/tmp/cosmos/profile/a0017dab0633177292578162811b91dcb9c56d6e54017e9660056cc364a762ad', '--profile', 'dbt_project', '--target', 'dev']
[2024-07-14T04:05:31.746+0000] {subprocess.py:84} INFO - Command output:
[2024-07-14T04:05:41.887+0000] {subprocess.py:94} INFO - [0m04:05:41  Running with dbt=1.8.3
[2024-07-14T04:05:43.094+0000] {subprocess.py:94} INFO - [0m04:05:43  Updating lock file in file path: /tmp/tmprnp2xa8q/package-lock.yml
[2024-07-14T04:05:43.141+0000] {subprocess.py:94} INFO - [0m04:05:43  Installing dbt-labs/dbt_utils
[2024-07-14T04:05:44.344+0000] {subprocess.py:94} INFO - [0m04:05:44  Installed from version 0.8.6
[2024-07-14T04:05:44.358+0000] {subprocess.py:94} INFO - [0m04:05:44  Updated version available: 1.2.0
[2024-07-14T04:05:44.378+0000] {subprocess.py:94} INFO - [0m04:05:44
[2024-07-14T04:05:44.394+0000] {subprocess.py:94} INFO - [0m04:05:44  Updates available for packages: ['dbt-labs/dbt_utils']
[2024-07-14T04:05:44.410+0000] {subprocess.py:94} INFO - Update your versions in packages.yml, then run dbt deps
[2024-07-14T04:05:47.057+0000] {subprocess.py:98} INFO - Command exited with return code 0
[2024-07-14T04:05:47.085+0000] {local.py:254} INFO - Update your versions in packages.yml, then run dbt deps
[2024-07-14T04:05:47.092+0000] {local.py:247} INFO - Trying to run the command:
 ['/opt/airflow/dbt_venv/bin/dbt', 'run', '--models', 'raw_categories', '--project-dir', '/tmp/tmprnp2xa8q', '--profiles-dir', '/tmp/cosmos/profile/a0017dab0633177292578162811b91dcb9c56d6e54017e9660056cc364a762ad', '--profile', 'dbt_project', '--target', 'dev']
From /tmp/tmprnp2xa8q
[2024-07-14T04:05:47.104+0000] {subprocess.py:60} INFO - Tmp dir root location: 
 /tmp
[2024-07-14T04:05:47.119+0000] {subprocess.py:73} INFO - Running command: ['/opt/airflow/dbt_venv/bin/dbt', 'run', '--models', 'raw_categories', '--project-dir', '/tmp/tmprnp2xa8q', '--profiles-dir', '/tmp/cosmos/profile/a0017dab0633177292578162811b91dcb9c56d6e54017e9660056cc364a762ad', '--profile', 'dbt_project', '--target', 'dev']
[2024-07-14T04:05:47.204+0000] {subprocess.py:84} INFO - Command output:
[2024-07-14T04:06:00.850+0000] {subprocess.py:94} INFO - [0m04:06:00  Running with dbt=1.8.3
[2024-07-14T04:06:04.517+0000] {subprocess.py:94} INFO - [0m04:06:04  Registered adapter: snowflake=1.8.3
[2024-07-14T04:06:09.374+0000] {subprocess.py:94} INFO - [0m04:06:09  Found 20 models, 27 data tests, 11 sources, 684 macros
[2024-07-14T04:06:09.405+0000] {subprocess.py:94} INFO - [0m04:06:09
[2024-07-14T04:06:18.610+0000] {subprocess.py:94} INFO - [0m04:06:18  Concurrency: 1 threads (target='dev')
[2024-07-14T04:06:18.614+0000] {subprocess.py:94} INFO - [0m04:06:18
[2024-07-14T04:06:18.759+0000] {subprocess.py:94} INFO - [0m04:06:18  1 of 1 START sql table model raw.raw_categories ................................ [RUN]
[2024-07-14T04:06:21.479+0000] {subprocess.py:94} INFO - [0m04:06:21  1 of 1 OK created sql table model raw.raw_categories ........................... [[32mSUCCESS 1[0m in 2.71s]
[2024-07-14T04:06:21.530+0000] {subprocess.py:94} INFO - [0m04:06:21
[2024-07-14T04:06:21.534+0000] {subprocess.py:94} INFO - [0m04:06:21  Finished running 1 table model in 0 hours 0 minutes and 12.12 seconds (12.12s).
[2024-07-14T04:06:22.285+0000] {subprocess.py:94} INFO - [0m04:06:22
[2024-07-14T04:06:22.288+0000] {subprocess.py:94} INFO - [0m04:06:22  [32mCompleted successfully[0m
[2024-07-14T04:06:22.291+0000] {subprocess.py:94} INFO - [0m04:06:22
[2024-07-14T04:06:22.293+0000] {subprocess.py:94} INFO - [0m04:06:22  Done. PASS=1 WARN=0 ERROR=0 SKIP=0 TOTAL=1
[2024-07-14T04:06:25.329+0000] {subprocess.py:98} INFO - Command exited with return code 0
[2024-07-14T04:06:25.331+0000] {local.py:254} INFO - [0m04:06:22  Done. PASS=1 WARN=0 ERROR=0 SKIP=0 TOTAL=1
[2024-07-14T04:06:25.481+0000] {local.py:196} WARNING - Artifact schema version: https://schemas.getdbt.com/dbt/manifest/v12.json is above dbt-ol supported version 7. This might cause errors.
[2024-07-14T04:06:25.506+0000] {local.py:196} WARNING - Artifact schema version: https://schemas.getdbt.com/dbt/run-results/v6.json is above dbt-ol supported version 5. This might cause errors.
[2024-07-14T04:06:25.539+0000] {local.py:349} INFO - Inlets: [Dataset(uri='snowflake://OU00370.europe-west2.gcp/ELT_BATCH.PUBLIC.categories', extra=None)]
[2024-07-14T04:06:25.562+0000] {local.py:350} INFO - Outlets: [Dataset(uri='snowflake://OU00370.europe-west2.gcp/ELT_BATCH.raw.raw_categories', extra=None)]
[2024-07-14T04:06:25.573+0000] {dag.py:3096} INFO - Sync 1 DAGs
[2024-07-14T04:06:25.963+0000] {taskinstance.py:441} INFO - ::group::Post task execution logs
[2024-07-14T04:06:26.154+0000] {taskinstance.py:1206} INFO - Marking task as SUCCESS. dag_id=ELT-PROJECT, task_id=transform.raw_categories.run, run_id=scheduled__2024-07-08T00:00:00+00:00, execution_date=20240708T000000, start_date=20240714T040530, end_date=20240714T040626
[2024-07-14T04:06:26.312+0000] {local_task_job_runner.py:240} INFO - Task exited with return code 0
[2024-07-14T04:06:26.662+0000] {taskinstance.py:3503} INFO - 1 downstream tasks scheduled from follow-on schedule check
[2024-07-14T04:06:26.673+0000] {local_task_job_runner.py:222} INFO - ::endgroup::
