[2024-07-14T04:04:33.513+0000] {local_task_job_runner.py:120} INFO - ::group::Pre task execution logs
[2024-07-14T04:04:33.723+0000] {taskinstance.py:2076} INFO - Dependencies all met for dep_context=non-requeueable deps ti=<TaskInstance: ELT-PROJECT.transform.raw_suppliers.run scheduled__2024-07-05T00:00:00+00:00 [queued]>
[2024-07-14T04:04:33.832+0000] {taskinstance.py:2076} INFO - Dependencies all met for dep_context=requeueable deps ti=<TaskInstance: ELT-PROJECT.transform.raw_suppliers.run scheduled__2024-07-05T00:00:00+00:00 [queued]>
[2024-07-14T04:04:33.833+0000] {taskinstance.py:2306} INFO - Starting attempt 1 of 2
[2024-07-14T04:04:33.924+0000] {taskinstance.py:2330} INFO - Executing <Task(DbtRunLocalOperator): transform.raw_suppliers.run> on 2024-07-05 00:00:00+00:00
[2024-07-14T04:04:33.959+0000] {logging_mixin.py:188} WARNING - /home/airflow/.local/lib/python3.12/site-packages/airflow/task/task_runner/standard_task_runner.py:61 DeprecationWarning: This process (pid=12687) is multi-threaded, use of fork() may lead to deadlocks in the child.
[2024-07-14T04:04:33.962+0000] {standard_task_runner.py:63} INFO - Started process 12720 to run task
[2024-07-14T04:04:33.957+0000] {standard_task_runner.py:90} INFO - Running: ['airflow', 'tasks', 'run', 'ELT-PROJECT', 'transform.raw_suppliers.run', 'scheduled__2024-07-05T00:00:00+00:00', '--job-id', '1062', '--raw', '--subdir', 'DAGS_FOLDER/elt.py', '--cfg-path', '/tmp/tmpf1qaat15']
[2024-07-14T04:04:33.980+0000] {standard_task_runner.py:91} INFO - Job 1062: Subtask transform.raw_suppliers.run
[2024-07-14T04:04:34.062+0000] {logging_mixin.py:188} WARNING - /home/airflow/.local/lib/python3.12/site-packages/airflow/settings.py:195 DeprecationWarning: The sql_alchemy_conn option in [core] has been moved to the sql_alchemy_conn option in [database] - the old setting has been used, but please update your config.
[2024-07-14T04:04:34.398+0000] {task_command.py:426} INFO - Running <TaskInstance: ELT-PROJECT.transform.raw_suppliers.run scheduled__2024-07-05T00:00:00+00:00 [running]> on host airflow-scheduler
[2024-07-14T04:04:34.908+0000] {taskinstance.py:2648} INFO - Exporting env vars: AIRFLOW_CTX_DAG_OWNER='Data-Ninja' AIRFLOW_CTX_DAG_ID='ELT-PROJECT' AIRFLOW_CTX_TASK_ID='transform.raw_suppliers.run' AIRFLOW_CTX_EXECUTION_DATE='2024-07-05T00:00:00+00:00' AIRFLOW_CTX_TRY_NUMBER='1' AIRFLOW_CTX_DAG_RUN_ID='scheduled__2024-07-05T00:00:00+00:00'
[2024-07-14T04:04:34.911+0000] {taskinstance.py:430} INFO - ::endgroup::
[2024-07-14T04:04:34.915+0000] {local.py:174} INFO - Could not import dbtRunner. Falling back to subprocess for invoking dbt.
[2024-07-14T04:04:34.921+0000] {local.py:292} INFO - Cloning project to writable temp directory /tmp/tmpbopo57j3 from /opt/airflow/dags/dbt/dbt_project
[2024-07-14T04:04:34.967+0000] {local.py:303} INFO - Partial parse is enabled and the latest partial parse file is /tmp/cosmos/ELT-PROJECT__transform/target/partial_parse.msgpack
[2024-07-14T04:04:35.148+0000] {base.py:84} INFO - Using connection ID 'snow_conn' for task execution.
[2024-07-14T04:04:35.167+0000] {crypto.py:82} WARNING - empty cryptography key - values will not be stored encrypted.
[2024-07-14T04:04:35.177+0000] {config.py:298} INFO - Profile caching is enable.
[2024-07-14T04:04:35.186+0000] {config.py:272} INFO - Profile found in cache using profile: /tmp/cosmos/profile/a0017dab0633177292578162811b91dcb9c56d6e54017e9660056cc364a762ad/profiles.yml.
[2024-07-14T04:04:35.193+0000] {local.py:247} INFO - Trying to run the command:
 ['/opt/airflow/dbt_venv/bin/dbt', 'deps', '--project-dir', '/tmp/tmpbopo57j3', '--profiles-dir', '/tmp/cosmos/profile/a0017dab0633177292578162811b91dcb9c56d6e54017e9660056cc364a762ad', '--profile', 'dbt_project', '--target', 'dev']
From /tmp/tmpbopo57j3
[2024-07-14T04:04:35.230+0000] {subprocess.py:60} INFO - Tmp dir root location: 
 /tmp
[2024-07-14T04:04:35.233+0000] {subprocess.py:73} INFO - Running command: ['/opt/airflow/dbt_venv/bin/dbt', 'deps', '--project-dir', '/tmp/tmpbopo57j3', '--profiles-dir', '/tmp/cosmos/profile/a0017dab0633177292578162811b91dcb9c56d6e54017e9660056cc364a762ad', '--profile', 'dbt_project', '--target', 'dev']
[2024-07-14T04:04:35.335+0000] {subprocess.py:84} INFO - Command output:
[2024-07-14T04:04:51.755+0000] {subprocess.py:94} INFO - [0m04:04:51  Running with dbt=1.8.3
[2024-07-14T04:04:52.947+0000] {subprocess.py:94} INFO - [0m04:04:52  Updating lock file in file path: /tmp/tmpbopo57j3/package-lock.yml
[2024-07-14T04:04:53.030+0000] {subprocess.py:94} INFO - [0m04:04:53  Installing dbt-labs/dbt_utils
[2024-07-14T04:04:53.977+0000] {subprocess.py:94} INFO - [0m04:04:53  Installed from version 0.8.6
[2024-07-14T04:04:54.009+0000] {subprocess.py:94} INFO - [0m04:04:54  Updated version available: 1.2.0
[2024-07-14T04:04:54.014+0000] {subprocess.py:94} INFO - [0m04:04:54
[2024-07-14T04:04:54.016+0000] {subprocess.py:94} INFO - [0m04:04:54  Updates available for packages: ['dbt-labs/dbt_utils']
[2024-07-14T04:04:54.018+0000] {subprocess.py:94} INFO - Update your versions in packages.yml, then run dbt deps
[2024-07-14T04:04:55.982+0000] {subprocess.py:98} INFO - Command exited with return code 0
[2024-07-14T04:04:55.986+0000] {local.py:254} INFO - Update your versions in packages.yml, then run dbt deps
[2024-07-14T04:04:55.990+0000] {local.py:247} INFO - Trying to run the command:
 ['/opt/airflow/dbt_venv/bin/dbt', 'run', '--models', 'raw_suppliers', '--project-dir', '/tmp/tmpbopo57j3', '--profiles-dir', '/tmp/cosmos/profile/a0017dab0633177292578162811b91dcb9c56d6e54017e9660056cc364a762ad', '--profile', 'dbt_project', '--target', 'dev']
From /tmp/tmpbopo57j3
[2024-07-14T04:04:55.993+0000] {subprocess.py:60} INFO - Tmp dir root location: 
 /tmp
[2024-07-14T04:04:55.996+0000] {subprocess.py:73} INFO - Running command: ['/opt/airflow/dbt_venv/bin/dbt', 'run', '--models', 'raw_suppliers', '--project-dir', '/tmp/tmpbopo57j3', '--profiles-dir', '/tmp/cosmos/profile/a0017dab0633177292578162811b91dcb9c56d6e54017e9660056cc364a762ad', '--profile', 'dbt_project', '--target', 'dev']
[2024-07-14T04:04:56.064+0000] {subprocess.py:84} INFO - Command output:
[2024-07-14T04:05:06.598+0000] {subprocess.py:94} INFO - [0m04:05:06  Running with dbt=1.8.3
[2024-07-14T04:05:10.320+0000] {subprocess.py:94} INFO - [0m04:05:10  Registered adapter: snowflake=1.8.3
[2024-07-14T04:05:14.898+0000] {subprocess.py:94} INFO - [0m04:05:14  Found 20 models, 27 data tests, 11 sources, 684 macros
[2024-07-14T04:05:14.911+0000] {subprocess.py:94} INFO - [0m04:05:14
[2024-07-14T04:05:22.607+0000] {subprocess.py:94} INFO - [0m04:05:22  Concurrency: 1 threads (target='dev')
[2024-07-14T04:05:22.613+0000] {subprocess.py:94} INFO - [0m04:05:22
[2024-07-14T04:05:22.730+0000] {subprocess.py:94} INFO - [0m04:05:22  1 of 1 START sql table model raw.raw_suppliers ................................. [RUN]
[2024-07-14T04:05:26.048+0000] {subprocess.py:94} INFO - [0m04:05:26  1 of 1 OK created sql table model raw.raw_suppliers ............................ [[32mSUCCESS 1[0m in 3.30s]
[2024-07-14T04:05:26.073+0000] {subprocess.py:94} INFO - [0m04:05:26
[2024-07-14T04:05:26.077+0000] {subprocess.py:94} INFO - [0m04:05:26  Finished running 1 table model in 0 hours 0 minutes and 11.16 seconds (11.16s).
[2024-07-14T04:05:26.456+0000] {subprocess.py:94} INFO - [0m04:05:26
[2024-07-14T04:05:26.461+0000] {subprocess.py:94} INFO - [0m04:05:26  [32mCompleted successfully[0m
[2024-07-14T04:05:26.467+0000] {subprocess.py:94} INFO - [0m04:05:26
[2024-07-14T04:05:26.470+0000] {subprocess.py:94} INFO - [0m04:05:26  Done. PASS=1 WARN=0 ERROR=0 SKIP=0 TOTAL=1
[2024-07-14T04:05:28.341+0000] {subprocess.py:98} INFO - Command exited with return code 0
[2024-07-14T04:05:28.344+0000] {local.py:254} INFO - [0m04:05:26  Done. PASS=1 WARN=0 ERROR=0 SKIP=0 TOTAL=1
[2024-07-14T04:05:28.841+0000] {local.py:196} WARNING - Artifact schema version: https://schemas.getdbt.com/dbt/manifest/v12.json is above dbt-ol supported version 7. This might cause errors.
[2024-07-14T04:05:28.842+0000] {local.py:196} WARNING - Artifact schema version: https://schemas.getdbt.com/dbt/run-results/v6.json is above dbt-ol supported version 5. This might cause errors.
[2024-07-14T04:05:28.858+0000] {local.py:349} INFO - Inlets: [Dataset(uri='snowflake://OU00370.europe-west2.gcp/ELT_BATCH.PUBLIC.suppliers', extra=None)]
[2024-07-14T04:05:28.862+0000] {local.py:350} INFO - Outlets: [Dataset(uri='snowflake://OU00370.europe-west2.gcp/ELT_BATCH.raw.raw_suppliers', extra=None)]
[2024-07-14T04:05:28.864+0000] {dag.py:3096} INFO - Sync 1 DAGs
[2024-07-14T04:05:29.015+0000] {taskinstance.py:441} INFO - ::group::Post task execution logs
[2024-07-14T04:05:29.099+0000] {taskinstance.py:1206} INFO - Marking task as SUCCESS. dag_id=ELT-PROJECT, task_id=transform.raw_suppliers.run, run_id=scheduled__2024-07-05T00:00:00+00:00, execution_date=20240705T000000, start_date=20240714T040433, end_date=20240714T040529
[2024-07-14T04:05:29.182+0000] {local_task_job_runner.py:240} INFO - Task exited with return code 0
[2024-07-14T04:05:29.450+0000] {taskinstance.py:3503} INFO - 1 downstream tasks scheduled from follow-on schedule check
[2024-07-14T04:05:29.454+0000] {local_task_job_runner.py:222} INFO - ::endgroup::
