[2024-07-14T04:35:00.867+0000] {local_task_job_runner.py:120} INFO - ::group::Pre task execution logs
[2024-07-14T04:35:01.045+0000] {taskinstance.py:2076} INFO - Dependencies all met for dep_context=non-requeueable deps ti=<TaskInstance: ELT-PROJECT.transform.raw_shippers.run scheduled__2024-07-03T00:00:00+00:00 [queued]>
[2024-07-14T04:35:01.139+0000] {taskinstance.py:2076} INFO - Dependencies all met for dep_context=requeueable deps ti=<TaskInstance: ELT-PROJECT.transform.raw_shippers.run scheduled__2024-07-03T00:00:00+00:00 [queued]>
[2024-07-14T04:35:01.142+0000] {taskinstance.py:2306} INFO - Starting attempt 1 of 2
[2024-07-14T04:35:01.210+0000] {taskinstance.py:2330} INFO - Executing <Task(DbtRunLocalOperator): transform.raw_shippers.run> on 2024-07-03 00:00:00+00:00
[2024-07-14T04:35:01.257+0000] {logging_mixin.py:188} WARNING - /home/airflow/.local/lib/python3.12/site-packages/airflow/task/task_runner/standard_task_runner.py:61 DeprecationWarning: This process (pid=19064) is multi-threaded, use of fork() may lead to deadlocks in the child.
[2024-07-14T04:35:01.288+0000] {standard_task_runner.py:63} INFO - Started process 19088 to run task
[2024-07-14T04:35:01.274+0000] {standard_task_runner.py:90} INFO - Running: ['airflow', 'tasks', 'run', 'ELT-PROJECT', 'transform.raw_shippers.run', 'scheduled__2024-07-03T00:00:00+00:00', '--job-id', '1451', '--raw', '--subdir', 'DAGS_FOLDER/elt.py', '--cfg-path', '/tmp/tmpdf_bicg3']
[2024-07-14T04:35:01.294+0000] {standard_task_runner.py:91} INFO - Job 1451: Subtask transform.raw_shippers.run
[2024-07-14T04:35:01.387+0000] {logging_mixin.py:188} WARNING - /home/airflow/.local/lib/python3.12/site-packages/airflow/settings.py:195 DeprecationWarning: The sql_alchemy_conn option in [core] has been moved to the sql_alchemy_conn option in [database] - the old setting has been used, but please update your config.
[2024-07-14T04:35:01.633+0000] {task_command.py:426} INFO - Running <TaskInstance: ELT-PROJECT.transform.raw_shippers.run scheduled__2024-07-03T00:00:00+00:00 [running]> on host airflow-scheduler
[2024-07-14T04:35:02.245+0000] {taskinstance.py:2648} INFO - Exporting env vars: AIRFLOW_CTX_DAG_OWNER='Data-Ninja' AIRFLOW_CTX_DAG_ID='ELT-PROJECT' AIRFLOW_CTX_TASK_ID='transform.raw_shippers.run' AIRFLOW_CTX_EXECUTION_DATE='2024-07-03T00:00:00+00:00' AIRFLOW_CTX_TRY_NUMBER='1' AIRFLOW_CTX_DAG_RUN_ID='scheduled__2024-07-03T00:00:00+00:00'
[2024-07-14T04:35:02.249+0000] {taskinstance.py:430} INFO - ::endgroup::
[2024-07-14T04:35:02.269+0000] {local.py:174} INFO - Could not import dbtRunner. Falling back to subprocess for invoking dbt.
[2024-07-14T04:35:02.273+0000] {local.py:292} INFO - Cloning project to writable temp directory /tmp/tmpr663iqhw from /opt/airflow/dags/dbt/dbt_project
[2024-07-14T04:35:02.298+0000] {local.py:303} INFO - Partial parse is enabled and the latest partial parse file is /tmp/cosmos/ELT-PROJECT__transform/target/partial_parse.msgpack
[2024-07-14T04:35:02.439+0000] {base.py:84} INFO - Using connection ID 'snow_conn' for task execution.
[2024-07-14T04:35:02.447+0000] {crypto.py:82} WARNING - empty cryptography key - values will not be stored encrypted.
[2024-07-14T04:35:02.451+0000] {config.py:298} INFO - Profile caching is enable.
[2024-07-14T04:35:02.473+0000] {config.py:272} INFO - Profile found in cache using profile: /tmp/cosmos/profile/a0017dab0633177292578162811b91dcb9c56d6e54017e9660056cc364a762ad/profiles.yml.
[2024-07-14T04:35:02.488+0000] {local.py:247} INFO - Trying to run the command:
 ['/opt/airflow/dbt_venv/bin/dbt', 'deps', '--project-dir', '/tmp/tmpr663iqhw', '--profiles-dir', '/tmp/cosmos/profile/a0017dab0633177292578162811b91dcb9c56d6e54017e9660056cc364a762ad', '--profile', 'dbt_project', '--target', 'dev']
From /tmp/tmpr663iqhw
[2024-07-14T04:35:02.495+0000] {subprocess.py:60} INFO - Tmp dir root location: 
 /tmp
[2024-07-14T04:35:02.500+0000] {subprocess.py:73} INFO - Running command: ['/opt/airflow/dbt_venv/bin/dbt', 'deps', '--project-dir', '/tmp/tmpr663iqhw', '--profiles-dir', '/tmp/cosmos/profile/a0017dab0633177292578162811b91dcb9c56d6e54017e9660056cc364a762ad', '--profile', 'dbt_project', '--target', 'dev']
[2024-07-14T04:35:02.546+0000] {subprocess.py:84} INFO - Command output:
[2024-07-14T04:35:18.322+0000] {subprocess.py:94} INFO - [0m04:35:18  Running with dbt=1.8.3
[2024-07-14T04:35:19.590+0000] {subprocess.py:94} INFO - [0m04:35:19  Updating lock file in file path: /tmp/tmpr663iqhw/package-lock.yml
[2024-07-14T04:35:19.616+0000] {subprocess.py:94} INFO - [0m04:35:19  Installing dbt-labs/dbt_utils
[2024-07-14T04:35:20.467+0000] {subprocess.py:94} INFO - [0m04:35:20  Installed from version 0.8.6
[2024-07-14T04:35:20.488+0000] {subprocess.py:94} INFO - [0m04:35:20  Updated version available: 1.2.0
[2024-07-14T04:35:20.494+0000] {subprocess.py:94} INFO - [0m04:35:20
[2024-07-14T04:35:20.520+0000] {subprocess.py:94} INFO - [0m04:35:20  Updates available for packages: ['dbt-labs/dbt_utils']
[2024-07-14T04:35:20.528+0000] {subprocess.py:94} INFO - Update your versions in packages.yml, then run dbt deps
[2024-07-14T04:35:26.013+0000] {subprocess.py:98} INFO - Command exited with return code 0
[2024-07-14T04:35:26.016+0000] {local.py:254} INFO - Update your versions in packages.yml, then run dbt deps
[2024-07-14T04:35:26.020+0000] {local.py:247} INFO - Trying to run the command:
 ['/opt/airflow/dbt_venv/bin/dbt', 'run', '--models', 'raw_shippers', '--project-dir', '/tmp/tmpr663iqhw', '--profiles-dir', '/tmp/cosmos/profile/a0017dab0633177292578162811b91dcb9c56d6e54017e9660056cc364a762ad', '--profile', 'dbt_project', '--target', 'dev']
From /tmp/tmpr663iqhw
[2024-07-14T04:35:26.023+0000] {subprocess.py:60} INFO - Tmp dir root location: 
 /tmp
[2024-07-14T04:35:26.035+0000] {subprocess.py:73} INFO - Running command: ['/opt/airflow/dbt_venv/bin/dbt', 'run', '--models', 'raw_shippers', '--project-dir', '/tmp/tmpr663iqhw', '--profiles-dir', '/tmp/cosmos/profile/a0017dab0633177292578162811b91dcb9c56d6e54017e9660056cc364a762ad', '--profile', 'dbt_project', '--target', 'dev']
[2024-07-14T04:35:26.119+0000] {subprocess.py:84} INFO - Command output:
[2024-07-14T04:35:41.284+0000] {subprocess.py:94} INFO - [0m04:35:41  Running with dbt=1.8.3
[2024-07-14T04:35:45.080+0000] {subprocess.py:94} INFO - [0m04:35:45  Registered adapter: snowflake=1.8.3
[2024-07-14T04:35:50.205+0000] {subprocess.py:94} INFO - [0m04:35:50  Found 20 models, 27 data tests, 11 sources, 684 macros
[2024-07-14T04:35:50.222+0000] {subprocess.py:94} INFO - [0m04:35:50
[2024-07-14T04:35:59.769+0000] {subprocess.py:94} INFO - [0m04:35:59  Concurrency: 1 threads (target='dev')
[2024-07-14T04:35:59.783+0000] {subprocess.py:94} INFO - [0m04:35:59
[2024-07-14T04:35:59.928+0000] {subprocess.py:94} INFO - [0m04:35:59  1 of 1 START sql table model raw.raw_shippers .................................. [RUN]
[2024-07-14T04:36:02.955+0000] {subprocess.py:94} INFO - [0m04:36:02  1 of 1 OK created sql table model raw.raw_shippers ............................. [[32mSUCCESS 1[0m in 3.00s]
[2024-07-14T04:36:03.011+0000] {subprocess.py:94} INFO - [0m04:36:03
[2024-07-14T04:36:03.044+0000] {subprocess.py:94} INFO - [0m04:36:03  Finished running 1 table model in 0 hours 0 minutes and 12.78 seconds (12.78s).
[2024-07-14T04:36:03.790+0000] {subprocess.py:94} INFO - [0m04:36:03
[2024-07-14T04:36:03.799+0000] {subprocess.py:94} INFO - [0m04:36:03  [32mCompleted successfully[0m
[2024-07-14T04:36:03.803+0000] {subprocess.py:94} INFO - [0m04:36:03
[2024-07-14T04:36:03.809+0000] {subprocess.py:94} INFO - [0m04:36:03  Done. PASS=1 WARN=0 ERROR=0 SKIP=0 TOTAL=1
[2024-07-14T04:36:07.770+0000] {subprocess.py:98} INFO - Command exited with return code 0
[2024-07-14T04:36:07.773+0000] {local.py:254} INFO - [0m04:36:03  Done. PASS=1 WARN=0 ERROR=0 SKIP=0 TOTAL=1
[2024-07-14T04:36:09.425+0000] {local.py:196} WARNING - Artifact schema version: https://schemas.getdbt.com/dbt/manifest/v12.json is above dbt-ol supported version 7. This might cause errors.
[2024-07-14T04:36:09.426+0000] {local.py:196} WARNING - Artifact schema version: https://schemas.getdbt.com/dbt/run-results/v6.json is above dbt-ol supported version 5. This might cause errors.
[2024-07-14T04:36:09.471+0000] {local.py:349} INFO - Inlets: [Dataset(uri='snowflake://OU00370.europe-west2.gcp/ELT_BATCH.PUBLIC.shippers', extra=None)]
[2024-07-14T04:36:09.490+0000] {local.py:350} INFO - Outlets: [Dataset(uri='snowflake://OU00370.europe-west2.gcp/ELT_BATCH.raw.raw_shippers', extra=None)]
[2024-07-14T04:36:09.506+0000] {dag.py:3096} INFO - Sync 1 DAGs
[2024-07-14T04:36:10.361+0000] {taskinstance.py:441} INFO - ::group::Post task execution logs
[2024-07-14T04:36:10.711+0000] {taskinstance.py:1206} INFO - Marking task as SUCCESS. dag_id=ELT-PROJECT, task_id=transform.raw_shippers.run, run_id=scheduled__2024-07-03T00:00:00+00:00, execution_date=20240703T000000, start_date=20240714T043501, end_date=20240714T043610
[2024-07-14T04:36:11.176+0000] {local_task_job_runner.py:240} INFO - Task exited with return code 0
[2024-07-14T04:36:11.247+0000] {local_task_job_runner.py:222} INFO - ::endgroup::
