[2024-07-14T04:37:40.286+0000] {local_task_job_runner.py:120} INFO - ::group::Pre task execution logs
[2024-07-14T04:37:40.406+0000] {taskinstance.py:2076} INFO - Dependencies all met for dep_context=non-requeueable deps ti=<TaskInstance: ELT-PROJECT.transform.raw_regions.run scheduled__2024-07-11T00:00:00+00:00 [queued]>
[2024-07-14T04:37:40.497+0000] {taskinstance.py:2076} INFO - Dependencies all met for dep_context=requeueable deps ti=<TaskInstance: ELT-PROJECT.transform.raw_regions.run scheduled__2024-07-11T00:00:00+00:00 [queued]>
[2024-07-14T04:37:40.503+0000] {taskinstance.py:2306} INFO - Starting attempt 1 of 2
[2024-07-14T04:37:42.171+0000] {taskinstance.py:2330} INFO - Executing <Task(DbtRunLocalOperator): transform.raw_regions.run> on 2024-07-11 00:00:00+00:00
[2024-07-14T04:37:42.266+0000] {logging_mixin.py:188} WARNING - /home/airflow/.local/lib/python3.12/site-packages/airflow/task/task_runner/standard_task_runner.py:61 DeprecationWarning: This process (pid=19610) is multi-threaded, use of fork() may lead to deadlocks in the child.
[2024-07-14T04:37:42.281+0000] {standard_task_runner.py:63} INFO - Started process 19643 to run task
[2024-07-14T04:37:42.270+0000] {standard_task_runner.py:90} INFO - Running: ['airflow', 'tasks', 'run', 'ELT-PROJECT', 'transform.raw_regions.run', 'scheduled__2024-07-11T00:00:00+00:00', '--job-id', '1482', '--raw', '--subdir', 'DAGS_FOLDER/elt.py', '--cfg-path', '/tmp/tmpic3sjrze']
[2024-07-14T04:37:42.307+0000] {standard_task_runner.py:91} INFO - Job 1482: Subtask transform.raw_regions.run
[2024-07-14T04:37:42.406+0000] {logging_mixin.py:188} WARNING - /home/airflow/.local/lib/python3.12/site-packages/airflow/settings.py:195 DeprecationWarning: The sql_alchemy_conn option in [core] has been moved to the sql_alchemy_conn option in [database] - the old setting has been used, but please update your config.
[2024-07-14T04:37:42.802+0000] {task_command.py:426} INFO - Running <TaskInstance: ELT-PROJECT.transform.raw_regions.run scheduled__2024-07-11T00:00:00+00:00 [running]> on host airflow-scheduler
[2024-07-14T04:37:43.511+0000] {taskinstance.py:2648} INFO - Exporting env vars: AIRFLOW_CTX_DAG_OWNER='Data-Ninja' AIRFLOW_CTX_DAG_ID='ELT-PROJECT' AIRFLOW_CTX_TASK_ID='transform.raw_regions.run' AIRFLOW_CTX_EXECUTION_DATE='2024-07-11T00:00:00+00:00' AIRFLOW_CTX_TRY_NUMBER='1' AIRFLOW_CTX_DAG_RUN_ID='scheduled__2024-07-11T00:00:00+00:00'
[2024-07-14T04:37:43.522+0000] {taskinstance.py:430} INFO - ::endgroup::
[2024-07-14T04:37:43.531+0000] {local.py:174} INFO - Could not import dbtRunner. Falling back to subprocess for invoking dbt.
[2024-07-14T04:37:43.541+0000] {local.py:292} INFO - Cloning project to writable temp directory /tmp/tmplqzzjwix from /opt/airflow/dags/dbt/dbt_project
[2024-07-14T04:37:43.592+0000] {local.py:303} INFO - Partial parse is enabled and the latest partial parse file is /tmp/cosmos/ELT-PROJECT__transform/target/partial_parse.msgpack
[2024-07-14T04:37:43.812+0000] {base.py:84} INFO - Using connection ID 'snow_conn' for task execution.
[2024-07-14T04:37:43.850+0000] {crypto.py:82} WARNING - empty cryptography key - values will not be stored encrypted.
[2024-07-14T04:37:43.851+0000] {config.py:298} INFO - Profile caching is enable.
[2024-07-14T04:37:43.857+0000] {config.py:272} INFO - Profile found in cache using profile: /tmp/cosmos/profile/a0017dab0633177292578162811b91dcb9c56d6e54017e9660056cc364a762ad/profiles.yml.
[2024-07-14T04:37:43.869+0000] {local.py:247} INFO - Trying to run the command:
 ['/opt/airflow/dbt_venv/bin/dbt', 'deps', '--project-dir', '/tmp/tmplqzzjwix', '--profiles-dir', '/tmp/cosmos/profile/a0017dab0633177292578162811b91dcb9c56d6e54017e9660056cc364a762ad', '--profile', 'dbt_project', '--target', 'dev']
From /tmp/tmplqzzjwix
[2024-07-14T04:37:43.872+0000] {subprocess.py:60} INFO - Tmp dir root location: 
 /tmp
[2024-07-14T04:37:43.874+0000] {subprocess.py:73} INFO - Running command: ['/opt/airflow/dbt_venv/bin/dbt', 'deps', '--project-dir', '/tmp/tmplqzzjwix', '--profiles-dir', '/tmp/cosmos/profile/a0017dab0633177292578162811b91dcb9c56d6e54017e9660056cc364a762ad', '--profile', 'dbt_project', '--target', 'dev']
[2024-07-14T04:37:43.920+0000] {subprocess.py:84} INFO - Command output:
[2024-07-14T04:37:59.645+0000] {subprocess.py:94} INFO - [0m04:37:59  Running with dbt=1.8.3
[2024-07-14T04:38:01.279+0000] {subprocess.py:94} INFO - [0m04:38:01  Updating lock file in file path: /tmp/tmplqzzjwix/package-lock.yml
[2024-07-14T04:38:01.343+0000] {subprocess.py:94} INFO - [0m04:38:01  Installing dbt-labs/dbt_utils
[2024-07-14T04:38:02.336+0000] {subprocess.py:94} INFO - [0m04:38:02  Installed from version 0.8.6
[2024-07-14T04:38:02.355+0000] {subprocess.py:94} INFO - [0m04:38:02  Updated version available: 1.2.0
[2024-07-14T04:38:02.370+0000] {subprocess.py:94} INFO - [0m04:38:02
[2024-07-14T04:38:02.374+0000] {subprocess.py:94} INFO - [0m04:38:02  Updates available for packages: ['dbt-labs/dbt_utils']
[2024-07-14T04:38:02.383+0000] {subprocess.py:94} INFO - Update your versions in packages.yml, then run dbt deps
[2024-07-14T04:38:04.777+0000] {subprocess.py:98} INFO - Command exited with return code 0
[2024-07-14T04:38:04.782+0000] {local.py:254} INFO - Update your versions in packages.yml, then run dbt deps
[2024-07-14T04:38:04.784+0000] {local.py:247} INFO - Trying to run the command:
 ['/opt/airflow/dbt_venv/bin/dbt', 'run', '--models', 'raw_regions', '--project-dir', '/tmp/tmplqzzjwix', '--profiles-dir', '/tmp/cosmos/profile/a0017dab0633177292578162811b91dcb9c56d6e54017e9660056cc364a762ad', '--profile', 'dbt_project', '--target', 'dev']
From /tmp/tmplqzzjwix
[2024-07-14T04:38:04.786+0000] {subprocess.py:60} INFO - Tmp dir root location: 
 /tmp
[2024-07-14T04:38:04.789+0000] {subprocess.py:73} INFO - Running command: ['/opt/airflow/dbt_venv/bin/dbt', 'run', '--models', 'raw_regions', '--project-dir', '/tmp/tmplqzzjwix', '--profiles-dir', '/tmp/cosmos/profile/a0017dab0633177292578162811b91dcb9c56d6e54017e9660056cc364a762ad', '--profile', 'dbt_project', '--target', 'dev']
[2024-07-14T04:38:04.860+0000] {subprocess.py:84} INFO - Command output:
[2024-07-14T04:38:18.713+0000] {subprocess.py:94} INFO - [0m04:38:18  Running with dbt=1.8.3
[2024-07-14T04:38:23.800+0000] {subprocess.py:94} INFO - [0m04:38:23  Registered adapter: snowflake=1.8.3
[2024-07-14T04:38:28.350+0000] {subprocess.py:94} INFO - [0m04:38:28  Found 20 models, 27 data tests, 11 sources, 684 macros
[2024-07-14T04:38:28.356+0000] {subprocess.py:94} INFO - [0m04:38:28
[2024-07-14T04:38:38.207+0000] {subprocess.py:94} INFO - [0m04:38:38  Concurrency: 1 threads (target='dev')
[2024-07-14T04:38:38.240+0000] {subprocess.py:94} INFO - [0m04:38:38
[2024-07-14T04:38:38.453+0000] {subprocess.py:94} INFO - [0m04:38:38  1 of 1 START sql table model raw.raw_regions ................................... [RUN]
[2024-07-14T04:38:41.823+0000] {subprocess.py:94} INFO - [0m04:38:41  1 of 1 OK created sql table model raw.raw_regions .............................. [[32mSUCCESS 1[0m in 3.34s]
[2024-07-14T04:38:41.853+0000] {subprocess.py:94} INFO - [0m04:38:41
[2024-07-14T04:38:41.858+0000] {subprocess.py:94} INFO - [0m04:38:41  Finished running 1 table model in 0 hours 0 minutes and 13.49 seconds (13.49s).
[2024-07-14T04:38:43.324+0000] {subprocess.py:94} INFO - [0m04:38:43
[2024-07-14T04:38:43.338+0000] {subprocess.py:94} INFO - [0m04:38:43  [32mCompleted successfully[0m
[2024-07-14T04:38:43.341+0000] {subprocess.py:94} INFO - [0m04:38:43
[2024-07-14T04:38:43.343+0000] {subprocess.py:94} INFO - [0m04:38:43  Done. PASS=1 WARN=0 ERROR=0 SKIP=0 TOTAL=1
[2024-07-14T04:38:46.769+0000] {subprocess.py:98} INFO - Command exited with return code 0
[2024-07-14T04:38:46.771+0000] {local.py:254} INFO - [0m04:38:43  Done. PASS=1 WARN=0 ERROR=0 SKIP=0 TOTAL=1
[2024-07-14T04:38:47.895+0000] {local.py:196} WARNING - Artifact schema version: https://schemas.getdbt.com/dbt/manifest/v12.json is above dbt-ol supported version 7. This might cause errors.
[2024-07-14T04:38:47.916+0000] {local.py:196} WARNING - Artifact schema version: https://schemas.getdbt.com/dbt/run-results/v6.json is above dbt-ol supported version 5. This might cause errors.
[2024-07-14T04:38:47.931+0000] {local.py:349} INFO - Inlets: [Dataset(uri='snowflake://OU00370.europe-west2.gcp/ELT_BATCH.PUBLIC.regions', extra=None)]
[2024-07-14T04:38:47.940+0000] {local.py:350} INFO - Outlets: [Dataset(uri='snowflake://OU00370.europe-west2.gcp/ELT_BATCH.raw.raw_regions', extra=None)]
[2024-07-14T04:38:47.948+0000] {dag.py:3096} INFO - Sync 1 DAGs
[2024-07-14T04:38:48.284+0000] {taskinstance.py:441} INFO - ::group::Post task execution logs
[2024-07-14T04:38:48.465+0000] {taskinstance.py:1206} INFO - Marking task as SUCCESS. dag_id=ELT-PROJECT, task_id=transform.raw_regions.run, run_id=scheduled__2024-07-11T00:00:00+00:00, execution_date=20240711T000000, start_date=20240714T043740, end_date=20240714T043848
[2024-07-14T04:38:48.633+0000] {local_task_job_runner.py:240} INFO - Task exited with return code 0
[2024-07-14T04:38:48.873+0000] {taskinstance.py:3503} INFO - 1 downstream tasks scheduled from follow-on schedule check
[2024-07-14T04:38:48.884+0000] {local_task_job_runner.py:222} INFO - ::endgroup::
