[2024-07-14T04:48:44.589+0000] {local_task_job_runner.py:120} INFO - ::group::Pre task execution logs
[2024-07-14T04:48:44.667+0000] {taskinstance.py:2076} INFO - Dependencies all met for dep_context=non-requeueable deps ti=<TaskInstance: ELT-PROJECT.transform.gross_revenue_run scheduled__2024-07-09T00:00:00+00:00 [queued]>
[2024-07-14T04:48:44.710+0000] {taskinstance.py:2076} INFO - Dependencies all met for dep_context=requeueable deps ti=<TaskInstance: ELT-PROJECT.transform.gross_revenue_run scheduled__2024-07-09T00:00:00+00:00 [queued]>
[2024-07-14T04:48:44.713+0000] {taskinstance.py:2306} INFO - Starting attempt 1 of 2
[2024-07-14T04:48:44.769+0000] {taskinstance.py:2330} INFO - Executing <Task(DbtRunLocalOperator): transform.gross_revenue_run> on 2024-07-09 00:00:00+00:00
[2024-07-14T04:48:44.800+0000] {logging_mixin.py:188} WARNING - /home/airflow/.local/lib/python3.12/site-packages/airflow/task/task_runner/standard_task_runner.py:61 DeprecationWarning: This process (pid=21997) is multi-threaded, use of fork() may lead to deadlocks in the child.
[2024-07-14T04:48:44.802+0000] {standard_task_runner.py:63} INFO - Started process 22031 to run task
[2024-07-14T04:48:44.819+0000] {standard_task_runner.py:90} INFO - Running: ['airflow', 'tasks', 'run', 'ELT-PROJECT', 'transform.gross_revenue_run', 'scheduled__2024-07-09T00:00:00+00:00', '--job-id', '1637', '--raw', '--subdir', 'DAGS_FOLDER/elt.py', '--cfg-path', '/tmp/tmpjp7rczip']
[2024-07-14T04:48:44.834+0000] {standard_task_runner.py:91} INFO - Job 1637: Subtask transform.gross_revenue_run
[2024-07-14T04:48:44.912+0000] {logging_mixin.py:188} WARNING - /home/airflow/.local/lib/python3.12/site-packages/airflow/settings.py:195 DeprecationWarning: The sql_alchemy_conn option in [core] has been moved to the sql_alchemy_conn option in [database] - the old setting has been used, but please update your config.
[2024-07-14T04:48:45.032+0000] {task_command.py:426} INFO - Running <TaskInstance: ELT-PROJECT.transform.gross_revenue_run scheduled__2024-07-09T00:00:00+00:00 [running]> on host airflow-scheduler
[2024-07-14T04:48:45.351+0000] {taskinstance.py:2648} INFO - Exporting env vars: AIRFLOW_CTX_DAG_OWNER='Data-Ninja' AIRFLOW_CTX_DAG_ID='ELT-PROJECT' AIRFLOW_CTX_TASK_ID='transform.gross_revenue_run' AIRFLOW_CTX_EXECUTION_DATE='2024-07-09T00:00:00+00:00' AIRFLOW_CTX_TRY_NUMBER='1' AIRFLOW_CTX_DAG_RUN_ID='scheduled__2024-07-09T00:00:00+00:00'
[2024-07-14T04:48:45.356+0000] {taskinstance.py:430} INFO - ::endgroup::
[2024-07-14T04:48:45.360+0000] {local.py:174} INFO - Could not import dbtRunner. Falling back to subprocess for invoking dbt.
[2024-07-14T04:48:45.363+0000] {local.py:292} INFO - Cloning project to writable temp directory /tmp/tmpzriox0gb from /opt/airflow/dags/dbt/dbt_project
[2024-07-14T04:48:45.392+0000] {local.py:303} INFO - Partial parse is enabled and the latest partial parse file is /tmp/cosmos/ELT-PROJECT__transform/target/partial_parse.msgpack
[2024-07-14T04:48:45.501+0000] {base.py:84} INFO - Using connection ID 'snow_conn' for task execution.
[2024-07-14T04:48:45.502+0000] {crypto.py:82} WARNING - empty cryptography key - values will not be stored encrypted.
[2024-07-14T04:48:45.503+0000] {config.py:298} INFO - Profile caching is enable.
[2024-07-14T04:48:45.508+0000] {config.py:272} INFO - Profile found in cache using profile: /tmp/cosmos/profile/a0017dab0633177292578162811b91dcb9c56d6e54017e9660056cc364a762ad/profiles.yml.
[2024-07-14T04:48:45.514+0000] {local.py:247} INFO - Trying to run the command:
 ['/opt/airflow/dbt_venv/bin/dbt', 'deps', '--project-dir', '/tmp/tmpzriox0gb', '--profiles-dir', '/tmp/cosmos/profile/a0017dab0633177292578162811b91dcb9c56d6e54017e9660056cc364a762ad', '--profile', 'dbt_project', '--target', 'dev']
From /tmp/tmpzriox0gb
[2024-07-14T04:48:45.518+0000] {subprocess.py:60} INFO - Tmp dir root location: 
 /tmp
[2024-07-14T04:48:45.525+0000] {subprocess.py:73} INFO - Running command: ['/opt/airflow/dbt_venv/bin/dbt', 'deps', '--project-dir', '/tmp/tmpzriox0gb', '--profiles-dir', '/tmp/cosmos/profile/a0017dab0633177292578162811b91dcb9c56d6e54017e9660056cc364a762ad', '--profile', 'dbt_project', '--target', 'dev']
[2024-07-14T04:48:45.580+0000] {subprocess.py:84} INFO - Command output:
[2024-07-14T04:48:57.424+0000] {subprocess.py:94} INFO - [0m04:48:57  Running with dbt=1.8.3
[2024-07-14T04:49:00.239+0000] {subprocess.py:94} INFO - [0m04:49:00  Updating lock file in file path: /tmp/tmpzriox0gb/package-lock.yml
[2024-07-14T04:49:00.337+0000] {subprocess.py:94} INFO - [0m04:49:00  Installing dbt-labs/dbt_utils
[2024-07-14T04:49:01.269+0000] {subprocess.py:94} INFO - [0m04:49:01  Installed from version 0.8.6
[2024-07-14T04:49:01.304+0000] {subprocess.py:94} INFO - [0m04:49:01  Updated version available: 1.2.0
[2024-07-14T04:49:01.313+0000] {subprocess.py:94} INFO - [0m04:49:01
[2024-07-14T04:49:01.329+0000] {subprocess.py:94} INFO - [0m04:49:01  Updates available for packages: ['dbt-labs/dbt_utils']
[2024-07-14T04:49:01.343+0000] {subprocess.py:94} INFO - Update your versions in packages.yml, then run dbt deps
[2024-07-14T04:49:07.029+0000] {subprocess.py:98} INFO - Command exited with return code 0
[2024-07-14T04:49:07.034+0000] {local.py:254} INFO - Update your versions in packages.yml, then run dbt deps
[2024-07-14T04:49:07.036+0000] {local.py:247} INFO - Trying to run the command:
 ['/opt/airflow/dbt_venv/bin/dbt', 'run', '--models', 'gross_revenue', '--project-dir', '/tmp/tmpzriox0gb', '--profiles-dir', '/tmp/cosmos/profile/a0017dab0633177292578162811b91dcb9c56d6e54017e9660056cc364a762ad', '--profile', 'dbt_project', '--target', 'dev']
From /tmp/tmpzriox0gb
[2024-07-14T04:49:07.042+0000] {subprocess.py:60} INFO - Tmp dir root location: 
 /tmp
[2024-07-14T04:49:07.052+0000] {subprocess.py:73} INFO - Running command: ['/opt/airflow/dbt_venv/bin/dbt', 'run', '--models', 'gross_revenue', '--project-dir', '/tmp/tmpzriox0gb', '--profiles-dir', '/tmp/cosmos/profile/a0017dab0633177292578162811b91dcb9c56d6e54017e9660056cc364a762ad', '--profile', 'dbt_project', '--target', 'dev']
[2024-07-14T04:49:07.102+0000] {subprocess.py:84} INFO - Command output:
[2024-07-14T04:49:24.445+0000] {subprocess.py:94} INFO - [0m04:49:24  Running with dbt=1.8.3
[2024-07-14T04:49:27.018+0000] {subprocess.py:94} INFO - [0m04:49:27  Registered adapter: snowflake=1.8.3
[2024-07-14T04:49:30.715+0000] {subprocess.py:94} INFO - [0m04:49:30  Found 20 models, 27 data tests, 11 sources, 684 macros
[2024-07-14T04:49:30.723+0000] {subprocess.py:94} INFO - [0m04:49:30
[2024-07-14T04:49:38.392+0000] {subprocess.py:94} INFO - [0m04:49:38  Concurrency: 1 threads (target='dev')
[2024-07-14T04:49:38.403+0000] {subprocess.py:94} INFO - [0m04:49:38
[2024-07-14T04:49:38.496+0000] {subprocess.py:94} INFO - [0m04:49:38  1 of 1 START sql table model dm.gross_revenue .................................. [RUN]
[2024-07-14T04:49:42.336+0000] {subprocess.py:94} INFO - [0m04:49:42  1 of 1 OK created sql table model dm.gross_revenue ............................. [[32mSUCCESS 1[0m in 3.81s]
[2024-07-14T04:49:42.376+0000] {subprocess.py:94} INFO - [0m04:49:42
[2024-07-14T04:49:42.381+0000] {subprocess.py:94} INFO - [0m04:49:42  Finished running 1 table model in 0 hours 0 minutes and 11.65 seconds (11.65s).
[2024-07-14T04:49:43.170+0000] {subprocess.py:94} INFO - [0m04:49:43
[2024-07-14T04:49:43.177+0000] {subprocess.py:94} INFO - [0m04:49:43  [32mCompleted successfully[0m
[2024-07-14T04:49:43.183+0000] {subprocess.py:94} INFO - [0m04:49:43
[2024-07-14T04:49:43.187+0000] {subprocess.py:94} INFO - [0m04:49:43  Done. PASS=1 WARN=0 ERROR=0 SKIP=0 TOTAL=1
[2024-07-14T04:49:45.769+0000] {subprocess.py:98} INFO - Command exited with return code 0
[2024-07-14T04:49:45.771+0000] {local.py:254} INFO - [0m04:49:43  Done. PASS=1 WARN=0 ERROR=0 SKIP=0 TOTAL=1
[2024-07-14T04:49:46.923+0000] {local.py:196} WARNING - Artifact schema version: https://schemas.getdbt.com/dbt/manifest/v12.json is above dbt-ol supported version 7. This might cause errors.
[2024-07-14T04:49:46.948+0000] {local.py:196} WARNING - Artifact schema version: https://schemas.getdbt.com/dbt/run-results/v6.json is above dbt-ol supported version 5. This might cause errors.
[2024-07-14T04:49:46.989+0000] {local.py:349} INFO - Inlets: [Dataset(uri='snowflake://OU00370.europe-west2.gcp/ELT_BATCH.dwh.dim_products', extra=None), Dataset(uri='snowflake://OU00370.europe-west2.gcp/ELT_BATCH.dwh.dim_suppliers', extra=None), Dataset(uri='snowflake://OU00370.europe-west2.gcp/ELT_BATCH.dwh.fact_order_details', extra=None), Dataset(uri='snowflake://OU00370.europe-west2.gcp/ELT_BATCH.dwh.fact_orders', extra=None)]
[2024-07-14T04:49:46.994+0000] {local.py:350} INFO - Outlets: [Dataset(uri='snowflake://OU00370.europe-west2.gcp/ELT_BATCH.dm.gross_revenue', extra=None)]
[2024-07-14T04:49:46.998+0000] {dag.py:3096} INFO - Sync 1 DAGs
[2024-07-14T04:49:47.172+0000] {dag.py:3954} INFO - Setting next_dagrun for ELT-PROJECT to 2024-07-14 00:00:00+00:00, run_after=2024-07-15 00:00:00+00:00
[2024-07-14T04:49:47.350+0000] {taskinstance.py:441} INFO - ::group::Post task execution logs
[2024-07-14T04:49:47.615+0000] {taskinstance.py:1206} INFO - Marking task as SUCCESS. dag_id=ELT-PROJECT, task_id=transform.gross_revenue_run, run_id=scheduled__2024-07-09T00:00:00+00:00, execution_date=20240709T000000, start_date=20240714T044844, end_date=20240714T044947
[2024-07-14T04:49:47.832+0000] {local_task_job_runner.py:240} INFO - Task exited with return code 0
[2024-07-14T04:49:48.251+0000] {taskinstance.py:3503} INFO - 0 downstream tasks scheduled from follow-on schedule check
[2024-07-14T04:49:48.277+0000] {local_task_job_runner.py:222} INFO - ::endgroup::
