[2024-07-14T04:36:59.135+0000] {local_task_job_runner.py:120} INFO - ::group::Pre task execution logs
[2024-07-14T04:36:59.305+0000] {taskinstance.py:2076} INFO - Dependencies all met for dep_context=non-requeueable deps ti=<TaskInstance: ELT-PROJECT.transform.raw_regions.run scheduled__2024-07-09T00:00:00+00:00 [queued]>
[2024-07-14T04:36:59.361+0000] {taskinstance.py:2076} INFO - Dependencies all met for dep_context=requeueable deps ti=<TaskInstance: ELT-PROJECT.transform.raw_regions.run scheduled__2024-07-09T00:00:00+00:00 [queued]>
[2024-07-14T04:36:59.381+0000] {taskinstance.py:2306} INFO - Starting attempt 1 of 2
[2024-07-14T04:36:59.471+0000] {taskinstance.py:2330} INFO - Executing <Task(DbtRunLocalOperator): transform.raw_regions.run> on 2024-07-09 00:00:00+00:00
[2024-07-14T04:36:59.492+0000] {logging_mixin.py:188} WARNING - /home/airflow/.local/lib/python3.12/site-packages/airflow/task/task_runner/standard_task_runner.py:61 DeprecationWarning: This process (pid=19466) is multi-threaded, use of fork() may lead to deadlocks in the child.
[2024-07-14T04:36:59.505+0000] {standard_task_runner.py:63} INFO - Started process 19494 to run task
[2024-07-14T04:36:59.545+0000] {standard_task_runner.py:90} INFO - Running: ['airflow', 'tasks', 'run', 'ELT-PROJECT', 'transform.raw_regions.run', 'scheduled__2024-07-09T00:00:00+00:00', '--job-id', '1474', '--raw', '--subdir', 'DAGS_FOLDER/elt.py', '--cfg-path', '/tmp/tmpomtgdj7z']
[2024-07-14T04:36:59.558+0000] {standard_task_runner.py:91} INFO - Job 1474: Subtask transform.raw_regions.run
[2024-07-14T04:36:59.688+0000] {logging_mixin.py:188} WARNING - /home/airflow/.local/lib/python3.12/site-packages/airflow/settings.py:195 DeprecationWarning: The sql_alchemy_conn option in [core] has been moved to the sql_alchemy_conn option in [database] - the old setting has been used, but please update your config.
[2024-07-14T04:36:59.873+0000] {task_command.py:426} INFO - Running <TaskInstance: ELT-PROJECT.transform.raw_regions.run scheduled__2024-07-09T00:00:00+00:00 [running]> on host airflow-scheduler
[2024-07-14T04:37:00.587+0000] {taskinstance.py:2648} INFO - Exporting env vars: AIRFLOW_CTX_DAG_OWNER='Data-Ninja' AIRFLOW_CTX_DAG_ID='ELT-PROJECT' AIRFLOW_CTX_TASK_ID='transform.raw_regions.run' AIRFLOW_CTX_EXECUTION_DATE='2024-07-09T00:00:00+00:00' AIRFLOW_CTX_TRY_NUMBER='1' AIRFLOW_CTX_DAG_RUN_ID='scheduled__2024-07-09T00:00:00+00:00'
[2024-07-14T04:37:00.592+0000] {taskinstance.py:430} INFO - ::endgroup::
[2024-07-14T04:37:00.596+0000] {local.py:174} INFO - Could not import dbtRunner. Falling back to subprocess for invoking dbt.
[2024-07-14T04:37:00.599+0000] {local.py:292} INFO - Cloning project to writable temp directory /tmp/tmporc86fof from /opt/airflow/dags/dbt/dbt_project
[2024-07-14T04:37:00.673+0000] {local.py:303} INFO - Partial parse is enabled and the latest partial parse file is /tmp/cosmos/ELT-PROJECT__transform/target/partial_parse.msgpack
[2024-07-14T04:37:00.826+0000] {base.py:84} INFO - Using connection ID 'snow_conn' for task execution.
[2024-07-14T04:37:00.834+0000] {crypto.py:82} WARNING - empty cryptography key - values will not be stored encrypted.
[2024-07-14T04:37:00.840+0000] {config.py:298} INFO - Profile caching is enable.
[2024-07-14T04:37:00.846+0000] {config.py:272} INFO - Profile found in cache using profile: /tmp/cosmos/profile/a0017dab0633177292578162811b91dcb9c56d6e54017e9660056cc364a762ad/profiles.yml.
[2024-07-14T04:37:00.848+0000] {local.py:247} INFO - Trying to run the command:
 ['/opt/airflow/dbt_venv/bin/dbt', 'deps', '--project-dir', '/tmp/tmporc86fof', '--profiles-dir', '/tmp/cosmos/profile/a0017dab0633177292578162811b91dcb9c56d6e54017e9660056cc364a762ad', '--profile', 'dbt_project', '--target', 'dev']
From /tmp/tmporc86fof
[2024-07-14T04:37:00.860+0000] {subprocess.py:60} INFO - Tmp dir root location: 
 /tmp
[2024-07-14T04:37:00.863+0000] {subprocess.py:73} INFO - Running command: ['/opt/airflow/dbt_venv/bin/dbt', 'deps', '--project-dir', '/tmp/tmporc86fof', '--profiles-dir', '/tmp/cosmos/profile/a0017dab0633177292578162811b91dcb9c56d6e54017e9660056cc364a762ad', '--profile', 'dbt_project', '--target', 'dev']
[2024-07-14T04:37:00.914+0000] {subprocess.py:84} INFO - Command output:
[2024-07-14T04:37:15.110+0000] {subprocess.py:94} INFO - [0m04:37:15  Running with dbt=1.8.3
[2024-07-14T04:37:16.427+0000] {subprocess.py:94} INFO - [0m04:37:16  Updating lock file in file path: /tmp/tmporc86fof/package-lock.yml
[2024-07-14T04:37:16.461+0000] {subprocess.py:94} INFO - [0m04:37:16  Installing dbt-labs/dbt_utils
[2024-07-14T04:37:17.448+0000] {subprocess.py:94} INFO - [0m04:37:17  Installed from version 0.8.6
[2024-07-14T04:37:17.464+0000] {subprocess.py:94} INFO - [0m04:37:17  Updated version available: 1.2.0
[2024-07-14T04:37:17.471+0000] {subprocess.py:94} INFO - [0m04:37:17
[2024-07-14T04:37:17.486+0000] {subprocess.py:94} INFO - [0m04:37:17  Updates available for packages: ['dbt-labs/dbt_utils']
[2024-07-14T04:37:17.490+0000] {subprocess.py:94} INFO - Update your versions in packages.yml, then run dbt deps
[2024-07-14T04:37:20.045+0000] {subprocess.py:98} INFO - Command exited with return code 0
[2024-07-14T04:37:20.058+0000] {local.py:254} INFO - Update your versions in packages.yml, then run dbt deps
[2024-07-14T04:37:20.059+0000] {local.py:247} INFO - Trying to run the command:
 ['/opt/airflow/dbt_venv/bin/dbt', 'run', '--models', 'raw_regions', '--project-dir', '/tmp/tmporc86fof', '--profiles-dir', '/tmp/cosmos/profile/a0017dab0633177292578162811b91dcb9c56d6e54017e9660056cc364a762ad', '--profile', 'dbt_project', '--target', 'dev']
From /tmp/tmporc86fof
[2024-07-14T04:37:20.062+0000] {subprocess.py:60} INFO - Tmp dir root location: 
 /tmp
[2024-07-14T04:37:20.064+0000] {subprocess.py:73} INFO - Running command: ['/opt/airflow/dbt_venv/bin/dbt', 'run', '--models', 'raw_regions', '--project-dir', '/tmp/tmporc86fof', '--profiles-dir', '/tmp/cosmos/profile/a0017dab0633177292578162811b91dcb9c56d6e54017e9660056cc364a762ad', '--profile', 'dbt_project', '--target', 'dev']
[2024-07-14T04:37:20.172+0000] {subprocess.py:84} INFO - Command output:
[2024-07-14T04:37:38.761+0000] {subprocess.py:94} INFO - [0m04:37:38  Running with dbt=1.8.3
[2024-07-14T04:37:44.136+0000] {subprocess.py:94} INFO - [0m04:37:44  Registered adapter: snowflake=1.8.3
[2024-07-14T04:37:50.909+0000] {subprocess.py:94} INFO - [0m04:37:50  Found 20 models, 27 data tests, 11 sources, 684 macros
[2024-07-14T04:37:50.952+0000] {subprocess.py:94} INFO - [0m04:37:50
[2024-07-14T04:37:59.451+0000] {subprocess.py:94} INFO - [0m04:37:59  Concurrency: 1 threads (target='dev')
[2024-07-14T04:37:59.463+0000] {subprocess.py:94} INFO - [0m04:37:59
[2024-07-14T04:37:59.680+0000] {subprocess.py:94} INFO - [0m04:37:59  1 of 1 START sql table model raw.raw_regions ................................... [RUN]
[2024-07-14T04:38:02.883+0000] {subprocess.py:94} INFO - [0m04:38:02  1 of 1 OK created sql table model raw.raw_regions .............................. [[32mSUCCESS 1[0m in 3.17s]
[2024-07-14T04:38:02.895+0000] {subprocess.py:94} INFO - [0m04:38:02
[2024-07-14T04:38:02.901+0000] {subprocess.py:94} INFO - [0m04:38:02  Finished running 1 table model in 0 hours 0 minutes and 11.94 seconds (11.94s).
[2024-07-14T04:38:03.468+0000] {subprocess.py:94} INFO - [0m04:38:03
[2024-07-14T04:38:03.472+0000] {subprocess.py:94} INFO - [0m04:38:03  [32mCompleted successfully[0m
[2024-07-14T04:38:03.476+0000] {subprocess.py:94} INFO - [0m04:38:03
[2024-07-14T04:38:03.481+0000] {subprocess.py:94} INFO - [0m04:38:03  Done. PASS=1 WARN=0 ERROR=0 SKIP=0 TOTAL=1
[2024-07-14T04:38:06.823+0000] {subprocess.py:98} INFO - Command exited with return code 0
[2024-07-14T04:38:06.847+0000] {local.py:254} INFO - [0m04:38:03  Done. PASS=1 WARN=0 ERROR=0 SKIP=0 TOTAL=1
[2024-07-14T04:38:08.481+0000] {local.py:196} WARNING - Artifact schema version: https://schemas.getdbt.com/dbt/manifest/v12.json is above dbt-ol supported version 7. This might cause errors.
[2024-07-14T04:38:08.501+0000] {local.py:196} WARNING - Artifact schema version: https://schemas.getdbt.com/dbt/run-results/v6.json is above dbt-ol supported version 5. This might cause errors.
[2024-07-14T04:38:08.559+0000] {local.py:349} INFO - Inlets: [Dataset(uri='snowflake://OU00370.europe-west2.gcp/ELT_BATCH.PUBLIC.regions', extra=None)]
[2024-07-14T04:38:08.566+0000] {local.py:350} INFO - Outlets: [Dataset(uri='snowflake://OU00370.europe-west2.gcp/ELT_BATCH.raw.raw_regions', extra=None)]
[2024-07-14T04:38:08.581+0000] {dag.py:3096} INFO - Sync 1 DAGs
[2024-07-14T04:38:08.941+0000] {taskinstance.py:441} INFO - ::group::Post task execution logs
[2024-07-14T04:38:09.132+0000] {taskinstance.py:1206} INFO - Marking task as SUCCESS. dag_id=ELT-PROJECT, task_id=transform.raw_regions.run, run_id=scheduled__2024-07-09T00:00:00+00:00, execution_date=20240709T000000, start_date=20240714T043659, end_date=20240714T043809
[2024-07-14T04:38:09.573+0000] {local_task_job_runner.py:240} INFO - Task exited with return code 0
[2024-07-14T04:38:09.952+0000] {taskinstance.py:3503} INFO - 1 downstream tasks scheduled from follow-on schedule check
[2024-07-14T04:38:09.973+0000] {local_task_job_runner.py:222} INFO - ::endgroup::
