[2024-07-14T04:22:58.426+0000] {local_task_job_runner.py:120} INFO - ::group::Pre task execution logs
[2024-07-14T04:22:58.626+0000] {taskinstance.py:2076} INFO - Dependencies all met for dep_context=non-requeueable deps ti=<TaskInstance: ELT-PROJECT.transform.fact_orders.run scheduled__2024-06-29T00:00:00+00:00 [queued]>
[2024-07-14T04:22:58.761+0000] {taskinstance.py:2076} INFO - Dependencies all met for dep_context=requeueable deps ti=<TaskInstance: ELT-PROJECT.transform.fact_orders.run scheduled__2024-06-29T00:00:00+00:00 [queued]>
[2024-07-14T04:22:58.770+0000] {taskinstance.py:2306} INFO - Starting attempt 1 of 2
[2024-07-14T04:22:58.894+0000] {taskinstance.py:2330} INFO - Executing <Task(DbtRunLocalOperator): transform.fact_orders.run> on 2024-06-29 00:00:00+00:00
[2024-07-14T04:22:58.969+0000] {logging_mixin.py:188} WARNING - /home/airflow/.local/lib/python3.12/site-packages/airflow/task/task_runner/standard_task_runner.py:61 DeprecationWarning: This process (pid=16607) is multi-threaded, use of fork() may lead to deadlocks in the child.
[2024-07-14T04:22:58.990+0000] {standard_task_runner.py:63} INFO - Started process 16631 to run task
[2024-07-14T04:22:59.002+0000] {standard_task_runner.py:90} INFO - Running: ['airflow', 'tasks', 'run', 'ELT-PROJECT', 'transform.fact_orders.run', 'scheduled__2024-06-29T00:00:00+00:00', '--job-id', '1302', '--raw', '--subdir', 'DAGS_FOLDER/elt.py', '--cfg-path', '/tmp/tmpkwrvrc8m']
[2024-07-14T04:22:59.052+0000] {standard_task_runner.py:91} INFO - Job 1302: Subtask transform.fact_orders.run
[2024-07-14T04:22:59.207+0000] {logging_mixin.py:188} WARNING - /home/airflow/.local/lib/python3.12/site-packages/airflow/settings.py:195 DeprecationWarning: The sql_alchemy_conn option in [core] has been moved to the sql_alchemy_conn option in [database] - the old setting has been used, but please update your config.
[2024-07-14T04:22:59.563+0000] {task_command.py:426} INFO - Running <TaskInstance: ELT-PROJECT.transform.fact_orders.run scheduled__2024-06-29T00:00:00+00:00 [running]> on host airflow-scheduler
[2024-07-14T04:23:00.707+0000] {taskinstance.py:2648} INFO - Exporting env vars: AIRFLOW_CTX_DAG_OWNER='Data-Ninja' AIRFLOW_CTX_DAG_ID='ELT-PROJECT' AIRFLOW_CTX_TASK_ID='transform.fact_orders.run' AIRFLOW_CTX_EXECUTION_DATE='2024-06-29T00:00:00+00:00' AIRFLOW_CTX_TRY_NUMBER='1' AIRFLOW_CTX_DAG_RUN_ID='scheduled__2024-06-29T00:00:00+00:00'
[2024-07-14T04:23:00.723+0000] {taskinstance.py:430} INFO - ::endgroup::
[2024-07-14T04:23:00.735+0000] {local.py:174} INFO - Could not import dbtRunner. Falling back to subprocess for invoking dbt.
[2024-07-14T04:23:00.739+0000] {local.py:292} INFO - Cloning project to writable temp directory /tmp/tmpdlhm_fe7 from /opt/airflow/dags/dbt/dbt_project
[2024-07-14T04:23:00.775+0000] {local.py:303} INFO - Partial parse is enabled and the latest partial parse file is /tmp/cosmos/ELT-PROJECT__transform/target/partial_parse.msgpack
[2024-07-14T04:23:01.072+0000] {base.py:84} INFO - Using connection ID 'snow_conn' for task execution.
[2024-07-14T04:23:01.092+0000] {crypto.py:82} WARNING - empty cryptography key - values will not be stored encrypted.
[2024-07-14T04:23:01.096+0000] {config.py:298} INFO - Profile caching is enable.
[2024-07-14T04:23:01.101+0000] {config.py:272} INFO - Profile found in cache using profile: /tmp/cosmos/profile/a0017dab0633177292578162811b91dcb9c56d6e54017e9660056cc364a762ad/profiles.yml.
[2024-07-14T04:23:01.120+0000] {local.py:247} INFO - Trying to run the command:
 ['/opt/airflow/dbt_venv/bin/dbt', 'deps', '--project-dir', '/tmp/tmpdlhm_fe7', '--profiles-dir', '/tmp/cosmos/profile/a0017dab0633177292578162811b91dcb9c56d6e54017e9660056cc364a762ad', '--profile', 'dbt_project', '--target', 'dev']
From /tmp/tmpdlhm_fe7
[2024-07-14T04:23:01.137+0000] {subprocess.py:60} INFO - Tmp dir root location: 
 /tmp
[2024-07-14T04:23:01.140+0000] {subprocess.py:73} INFO - Running command: ['/opt/airflow/dbt_venv/bin/dbt', 'deps', '--project-dir', '/tmp/tmpdlhm_fe7', '--profiles-dir', '/tmp/cosmos/profile/a0017dab0633177292578162811b91dcb9c56d6e54017e9660056cc364a762ad', '--profile', 'dbt_project', '--target', 'dev']
[2024-07-14T04:23:01.197+0000] {subprocess.py:84} INFO - Command output:
[2024-07-14T04:23:16.707+0000] {subprocess.py:94} INFO - [0m04:23:16  Running with dbt=1.8.3
[2024-07-14T04:23:18.707+0000] {subprocess.py:94} INFO - [0m04:23:18  Updating lock file in file path: /tmp/tmpdlhm_fe7/package-lock.yml
[2024-07-14T04:23:18.731+0000] {subprocess.py:94} INFO - [0m04:23:18  Installing dbt-labs/dbt_utils
[2024-07-14T04:23:19.949+0000] {subprocess.py:94} INFO - [0m04:23:19  Installed from version 0.8.6
[2024-07-14T04:23:19.957+0000] {subprocess.py:94} INFO - [0m04:23:19  Updated version available: 1.2.0
[2024-07-14T04:23:19.972+0000] {subprocess.py:94} INFO - [0m04:23:19
[2024-07-14T04:23:19.988+0000] {subprocess.py:94} INFO - [0m04:23:19  Updates available for packages: ['dbt-labs/dbt_utils']
[2024-07-14T04:23:19.990+0000] {subprocess.py:94} INFO - Update your versions in packages.yml, then run dbt deps
[2024-07-14T04:23:23.616+0000] {subprocess.py:98} INFO - Command exited with return code 0
[2024-07-14T04:23:23.620+0000] {local.py:254} INFO - Update your versions in packages.yml, then run dbt deps
[2024-07-14T04:23:23.623+0000] {local.py:247} INFO - Trying to run the command:
 ['/opt/airflow/dbt_venv/bin/dbt', 'run', '--models', 'fact_orders', '--project-dir', '/tmp/tmpdlhm_fe7', '--profiles-dir', '/tmp/cosmos/profile/a0017dab0633177292578162811b91dcb9c56d6e54017e9660056cc364a762ad', '--profile', 'dbt_project', '--target', 'dev']
From /tmp/tmpdlhm_fe7
[2024-07-14T04:23:23.639+0000] {subprocess.py:60} INFO - Tmp dir root location: 
 /tmp
[2024-07-14T04:23:23.646+0000] {subprocess.py:73} INFO - Running command: ['/opt/airflow/dbt_venv/bin/dbt', 'run', '--models', 'fact_orders', '--project-dir', '/tmp/tmpdlhm_fe7', '--profiles-dir', '/tmp/cosmos/profile/a0017dab0633177292578162811b91dcb9c56d6e54017e9660056cc364a762ad', '--profile', 'dbt_project', '--target', 'dev']
[2024-07-14T04:23:23.740+0000] {subprocess.py:84} INFO - Command output:
[2024-07-14T04:23:39.394+0000] {subprocess.py:94} INFO - [0m04:23:39  Running with dbt=1.8.3
[2024-07-14T04:23:43.320+0000] {subprocess.py:94} INFO - [0m04:23:43  Registered adapter: snowflake=1.8.3
[2024-07-14T04:23:49.789+0000] {subprocess.py:94} INFO - [0m04:23:49  Found 20 models, 27 data tests, 11 sources, 684 macros
[2024-07-14T04:23:49.811+0000] {subprocess.py:94} INFO - [0m04:23:49
[2024-07-14T04:23:58.538+0000] {subprocess.py:94} INFO - [0m04:23:58  Concurrency: 1 threads (target='dev')
[2024-07-14T04:23:58.542+0000] {subprocess.py:94} INFO - [0m04:23:58
[2024-07-14T04:23:58.673+0000] {subprocess.py:94} INFO - [0m04:23:58  1 of 1 START sql table model dwh.fact_orders ................................... [RUN]
[2024-07-14T04:24:01.497+0000] {subprocess.py:94} INFO - [0m04:24:01  1 of 1 OK created sql table model dwh.fact_orders .............................. [[32mSUCCESS 1[0m in 2.78s]
[2024-07-14T04:24:01.513+0000] {subprocess.py:94} INFO - [0m04:24:01
[2024-07-14T04:24:01.528+0000] {subprocess.py:94} INFO - [0m04:24:01  Finished running 1 table model in 0 hours 0 minutes and 11.70 seconds (11.70s).
[2024-07-14T04:24:02.439+0000] {subprocess.py:94} INFO - [0m04:24:02
[2024-07-14T04:24:02.443+0000] {subprocess.py:94} INFO - [0m04:24:02  [32mCompleted successfully[0m
[2024-07-14T04:24:02.447+0000] {subprocess.py:94} INFO - [0m04:24:02
[2024-07-14T04:24:02.450+0000] {subprocess.py:94} INFO - [0m04:24:02  Done. PASS=1 WARN=0 ERROR=0 SKIP=0 TOTAL=1
[2024-07-14T04:24:05.423+0000] {subprocess.py:98} INFO - Command exited with return code 0
[2024-07-14T04:24:05.429+0000] {local.py:254} INFO - [0m04:24:02  Done. PASS=1 WARN=0 ERROR=0 SKIP=0 TOTAL=1
[2024-07-14T04:24:06.724+0000] {local.py:196} WARNING - Artifact schema version: https://schemas.getdbt.com/dbt/manifest/v12.json is above dbt-ol supported version 7. This might cause errors.
[2024-07-14T04:24:06.821+0000] {local.py:196} WARNING - Artifact schema version: https://schemas.getdbt.com/dbt/run-results/v6.json is above dbt-ol supported version 5. This might cause errors.
[2024-07-14T04:24:06.920+0000] {local.py:349} INFO - Inlets: [Dataset(uri='snowflake://OU00370.europe-west2.gcp/ELT_BATCH.dwh.dim_employees', extra=None), Dataset(uri='snowflake://OU00370.europe-west2.gcp/ELT_BATCH.raw.raw_orders', extra=None)]
[2024-07-14T04:24:06.933+0000] {local.py:350} INFO - Outlets: [Dataset(uri='snowflake://OU00370.europe-west2.gcp/ELT_BATCH.dwh.fact_orders', extra=None)]
[2024-07-14T04:24:06.941+0000] {dag.py:3096} INFO - Sync 1 DAGs
[2024-07-14T04:24:07.386+0000] {taskinstance.py:441} INFO - ::group::Post task execution logs
[2024-07-14T04:24:07.564+0000] {taskinstance.py:1206} INFO - Marking task as SUCCESS. dag_id=ELT-PROJECT, task_id=transform.fact_orders.run, run_id=scheduled__2024-06-29T00:00:00+00:00, execution_date=20240629T000000, start_date=20240714T042258, end_date=20240714T042407
[2024-07-14T04:24:07.846+0000] {local_task_job_runner.py:240} INFO - Task exited with return code 0
[2024-07-14T04:24:07.934+0000] {local_task_job_runner.py:222} INFO - ::endgroup::
