[2024-07-14T04:35:41.320+0000] {local_task_job_runner.py:120} INFO - ::group::Pre task execution logs
[2024-07-14T04:35:41.418+0000] {taskinstance.py:2076} INFO - Dependencies all met for dep_context=non-requeueable deps ti=<TaskInstance: ELT-PROJECT.transform.raw_shippers.run scheduled__2024-07-05T00:00:00+00:00 [queued]>
[2024-07-14T04:35:41.479+0000] {taskinstance.py:2076} INFO - Dependencies all met for dep_context=requeueable deps ti=<TaskInstance: ELT-PROJECT.transform.raw_shippers.run scheduled__2024-07-05T00:00:00+00:00 [queued]>
[2024-07-14T04:35:41.487+0000] {taskinstance.py:2306} INFO - Starting attempt 1 of 2
[2024-07-14T04:35:41.562+0000] {taskinstance.py:2330} INFO - Executing <Task(DbtRunLocalOperator): transform.raw_shippers.run> on 2024-07-05 00:00:00+00:00
[2024-07-14T04:35:41.584+0000] {logging_mixin.py:188} WARNING - /home/airflow/.local/lib/python3.12/site-packages/airflow/task/task_runner/standard_task_runner.py:61 DeprecationWarning: This process (pid=19193) is multi-threaded, use of fork() may lead to deadlocks in the child.
[2024-07-14T04:35:41.588+0000] {standard_task_runner.py:63} INFO - Started process 19230 to run task
[2024-07-14T04:35:41.605+0000] {standard_task_runner.py:90} INFO - Running: ['airflow', 'tasks', 'run', 'ELT-PROJECT', 'transform.raw_shippers.run', 'scheduled__2024-07-05T00:00:00+00:00', '--job-id', '1458', '--raw', '--subdir', 'DAGS_FOLDER/elt.py', '--cfg-path', '/tmp/tmpoj8zkhl1']
[2024-07-14T04:35:41.625+0000] {standard_task_runner.py:91} INFO - Job 1458: Subtask transform.raw_shippers.run
[2024-07-14T04:35:41.715+0000] {logging_mixin.py:188} WARNING - /home/airflow/.local/lib/python3.12/site-packages/airflow/settings.py:195 DeprecationWarning: The sql_alchemy_conn option in [core] has been moved to the sql_alchemy_conn option in [database] - the old setting has been used, but please update your config.
[2024-07-14T04:35:41.946+0000] {task_command.py:426} INFO - Running <TaskInstance: ELT-PROJECT.transform.raw_shippers.run scheduled__2024-07-05T00:00:00+00:00 [running]> on host airflow-scheduler
[2024-07-14T04:35:42.809+0000] {taskinstance.py:2648} INFO - Exporting env vars: AIRFLOW_CTX_DAG_OWNER='Data-Ninja' AIRFLOW_CTX_DAG_ID='ELT-PROJECT' AIRFLOW_CTX_TASK_ID='transform.raw_shippers.run' AIRFLOW_CTX_EXECUTION_DATE='2024-07-05T00:00:00+00:00' AIRFLOW_CTX_TRY_NUMBER='1' AIRFLOW_CTX_DAG_RUN_ID='scheduled__2024-07-05T00:00:00+00:00'
[2024-07-14T04:35:42.818+0000] {taskinstance.py:430} INFO - ::endgroup::
[2024-07-14T04:35:42.833+0000] {local.py:174} INFO - Could not import dbtRunner. Falling back to subprocess for invoking dbt.
[2024-07-14T04:35:42.840+0000] {local.py:292} INFO - Cloning project to writable temp directory /tmp/tmpqx3j8o84 from /opt/airflow/dags/dbt/dbt_project
[2024-07-14T04:35:42.872+0000] {local.py:303} INFO - Partial parse is enabled and the latest partial parse file is /tmp/cosmos/ELT-PROJECT__transform/target/partial_parse.msgpack
[2024-07-14T04:35:43.587+0000] {base.py:84} INFO - Using connection ID 'snow_conn' for task execution.
[2024-07-14T04:35:43.599+0000] {crypto.py:82} WARNING - empty cryptography key - values will not be stored encrypted.
[2024-07-14T04:35:43.601+0000] {config.py:298} INFO - Profile caching is enable.
[2024-07-14T04:35:43.606+0000] {config.py:272} INFO - Profile found in cache using profile: /tmp/cosmos/profile/a0017dab0633177292578162811b91dcb9c56d6e54017e9660056cc364a762ad/profiles.yml.
[2024-07-14T04:35:43.608+0000] {local.py:247} INFO - Trying to run the command:
 ['/opt/airflow/dbt_venv/bin/dbt', 'deps', '--project-dir', '/tmp/tmpqx3j8o84', '--profiles-dir', '/tmp/cosmos/profile/a0017dab0633177292578162811b91dcb9c56d6e54017e9660056cc364a762ad', '--profile', 'dbt_project', '--target', 'dev']
From /tmp/tmpqx3j8o84
[2024-07-14T04:35:43.628+0000] {subprocess.py:60} INFO - Tmp dir root location: 
 /tmp
[2024-07-14T04:35:43.633+0000] {subprocess.py:73} INFO - Running command: ['/opt/airflow/dbt_venv/bin/dbt', 'deps', '--project-dir', '/tmp/tmpqx3j8o84', '--profiles-dir', '/tmp/cosmos/profile/a0017dab0633177292578162811b91dcb9c56d6e54017e9660056cc364a762ad', '--profile', 'dbt_project', '--target', 'dev']
[2024-07-14T04:35:43.718+0000] {subprocess.py:84} INFO - Command output:
[2024-07-14T04:36:02.095+0000] {subprocess.py:94} INFO - [0m04:36:02  Running with dbt=1.8.3
[2024-07-14T04:36:04.261+0000] {subprocess.py:94} INFO - [0m04:36:04  Updating lock file in file path: /tmp/tmpqx3j8o84/package-lock.yml
[2024-07-14T04:36:04.324+0000] {subprocess.py:94} INFO - [0m04:36:04  Installing dbt-labs/dbt_utils
[2024-07-14T04:36:05.404+0000] {subprocess.py:94} INFO - [0m04:36:05  Installed from version 0.8.6
[2024-07-14T04:36:05.412+0000] {subprocess.py:94} INFO - [0m04:36:05  Updated version available: 1.2.0
[2024-07-14T04:36:05.416+0000] {subprocess.py:94} INFO - [0m04:36:05
[2024-07-14T04:36:05.419+0000] {subprocess.py:94} INFO - [0m04:36:05  Updates available for packages: ['dbt-labs/dbt_utils']
[2024-07-14T04:36:05.422+0000] {subprocess.py:94} INFO - Update your versions in packages.yml, then run dbt deps
[2024-07-14T04:36:09.389+0000] {subprocess.py:98} INFO - Command exited with return code 0
[2024-07-14T04:36:09.400+0000] {local.py:254} INFO - Update your versions in packages.yml, then run dbt deps
[2024-07-14T04:36:09.404+0000] {local.py:247} INFO - Trying to run the command:
 ['/opt/airflow/dbt_venv/bin/dbt', 'run', '--models', 'raw_shippers', '--project-dir', '/tmp/tmpqx3j8o84', '--profiles-dir', '/tmp/cosmos/profile/a0017dab0633177292578162811b91dcb9c56d6e54017e9660056cc364a762ad', '--profile', 'dbt_project', '--target', 'dev']
From /tmp/tmpqx3j8o84
[2024-07-14T04:36:09.411+0000] {subprocess.py:60} INFO - Tmp dir root location: 
 /tmp
[2024-07-14T04:36:09.417+0000] {subprocess.py:73} INFO - Running command: ['/opt/airflow/dbt_venv/bin/dbt', 'run', '--models', 'raw_shippers', '--project-dir', '/tmp/tmpqx3j8o84', '--profiles-dir', '/tmp/cosmos/profile/a0017dab0633177292578162811b91dcb9c56d6e54017e9660056cc364a762ad', '--profile', 'dbt_project', '--target', 'dev']
[2024-07-14T04:36:09.503+0000] {subprocess.py:84} INFO - Command output:
[2024-07-14T04:36:27.215+0000] {subprocess.py:94} INFO - [0m04:36:27  Running with dbt=1.8.3
[2024-07-14T04:36:32.319+0000] {subprocess.py:94} INFO - [0m04:36:32  Registered adapter: snowflake=1.8.3
[2024-07-14T04:36:37.256+0000] {subprocess.py:94} INFO - [0m04:36:37  Found 20 models, 27 data tests, 11 sources, 684 macros
[2024-07-14T04:36:37.271+0000] {subprocess.py:94} INFO - [0m04:36:37
[2024-07-14T04:36:46.076+0000] {subprocess.py:94} INFO - [0m04:36:46  Concurrency: 1 threads (target='dev')
[2024-07-14T04:36:46.086+0000] {subprocess.py:94} INFO - [0m04:36:46
[2024-07-14T04:36:46.241+0000] {subprocess.py:94} INFO - [0m04:36:46  1 of 1 START sql table model raw.raw_shippers .................................. [RUN]
[2024-07-14T04:36:50.084+0000] {subprocess.py:94} INFO - [0m04:36:50  1 of 1 OK created sql table model raw.raw_shippers ............................. [[32mSUCCESS 1[0m in 3.83s]
[2024-07-14T04:36:50.116+0000] {subprocess.py:94} INFO - [0m04:36:50
[2024-07-14T04:36:50.120+0000] {subprocess.py:94} INFO - [0m04:36:50  Finished running 1 table model in 0 hours 0 minutes and 12.84 seconds (12.84s).
[2024-07-14T04:36:50.978+0000] {subprocess.py:94} INFO - [0m04:36:50
[2024-07-14T04:36:51.031+0000] {subprocess.py:94} INFO - [0m04:36:50  [32mCompleted successfully[0m
[2024-07-14T04:36:51.033+0000] {subprocess.py:94} INFO - [0m04:36:51
[2024-07-14T04:36:51.045+0000] {subprocess.py:94} INFO - [0m04:36:51  Done. PASS=1 WARN=0 ERROR=0 SKIP=0 TOTAL=1
[2024-07-14T04:36:54.986+0000] {subprocess.py:98} INFO - Command exited with return code 0
[2024-07-14T04:36:54.989+0000] {local.py:254} INFO - [0m04:36:51  Done. PASS=1 WARN=0 ERROR=0 SKIP=0 TOTAL=1
[2024-07-14T04:36:55.101+0000] {local.py:196} WARNING - Artifact schema version: https://schemas.getdbt.com/dbt/manifest/v12.json is above dbt-ol supported version 7. This might cause errors.
[2024-07-14T04:36:55.121+0000] {local.py:196} WARNING - Artifact schema version: https://schemas.getdbt.com/dbt/run-results/v6.json is above dbt-ol supported version 5. This might cause errors.
[2024-07-14T04:36:55.171+0000] {local.py:349} INFO - Inlets: [Dataset(uri='snowflake://OU00370.europe-west2.gcp/ELT_BATCH.PUBLIC.shippers', extra=None)]
[2024-07-14T04:36:55.174+0000] {local.py:350} INFO - Outlets: [Dataset(uri='snowflake://OU00370.europe-west2.gcp/ELT_BATCH.raw.raw_shippers', extra=None)]
[2024-07-14T04:36:55.183+0000] {dag.py:3096} INFO - Sync 1 DAGs
[2024-07-14T04:36:55.518+0000] {taskinstance.py:441} INFO - ::group::Post task execution logs
[2024-07-14T04:36:55.748+0000] {taskinstance.py:1206} INFO - Marking task as SUCCESS. dag_id=ELT-PROJECT, task_id=transform.raw_shippers.run, run_id=scheduled__2024-07-05T00:00:00+00:00, execution_date=20240705T000000, start_date=20240714T043541, end_date=20240714T043655
[2024-07-14T04:36:55.955+0000] {local_task_job_runner.py:240} INFO - Task exited with return code 0
[2024-07-14T04:36:56.183+0000] {taskinstance.py:3503} INFO - 1 downstream tasks scheduled from follow-on schedule check
[2024-07-14T04:36:56.226+0000] {local_task_job_runner.py:222} INFO - ::endgroup::
