[2024-07-14T04:39:27.775+0000] {local_task_job_runner.py:120} INFO - ::group::Pre task execution logs
[2024-07-14T04:39:27.919+0000] {taskinstance.py:2076} INFO - Dependencies all met for dep_context=non-requeueable deps ti=<TaskInstance: ELT-PROJECT.transform.popular_product_categories_run scheduled__2024-06-29T00:00:00+00:00 [queued]>
[2024-07-14T04:39:28.003+0000] {taskinstance.py:2076} INFO - Dependencies all met for dep_context=requeueable deps ti=<TaskInstance: ELT-PROJECT.transform.popular_product_categories_run scheduled__2024-06-29T00:00:00+00:00 [queued]>
[2024-07-14T04:39:28.005+0000] {taskinstance.py:2306} INFO - Starting attempt 1 of 2
[2024-07-14T04:39:28.070+0000] {taskinstance.py:2330} INFO - Executing <Task(DbtRunLocalOperator): transform.popular_product_categories_run> on 2024-06-29 00:00:00+00:00
[2024-07-14T04:39:28.108+0000] {logging_mixin.py:188} WARNING - /home/airflow/.local/lib/python3.12/site-packages/airflow/task/task_runner/standard_task_runner.py:61 DeprecationWarning: This process (pid=19995) is multi-threaded, use of fork() may lead to deadlocks in the child.
[2024-07-14T04:39:28.126+0000] {standard_task_runner.py:63} INFO - Started process 20024 to run task
[2024-07-14T04:39:28.112+0000] {standard_task_runner.py:90} INFO - Running: ['airflow', 'tasks', 'run', 'ELT-PROJECT', 'transform.popular_product_categories_run', 'scheduled__2024-06-29T00:00:00+00:00', '--job-id', '1504', '--raw', '--subdir', 'DAGS_FOLDER/elt.py', '--cfg-path', '/tmp/tmpn2xq1wly']
[2024-07-14T04:39:28.152+0000] {standard_task_runner.py:91} INFO - Job 1504: Subtask transform.popular_product_categories_run
[2024-07-14T04:39:28.261+0000] {logging_mixin.py:188} WARNING - /home/airflow/.local/lib/python3.12/site-packages/airflow/settings.py:195 DeprecationWarning: The sql_alchemy_conn option in [core] has been moved to the sql_alchemy_conn option in [database] - the old setting has been used, but please update your config.
[2024-07-14T04:39:28.478+0000] {task_command.py:426} INFO - Running <TaskInstance: ELT-PROJECT.transform.popular_product_categories_run scheduled__2024-06-29T00:00:00+00:00 [running]> on host airflow-scheduler
[2024-07-14T04:39:28.922+0000] {taskinstance.py:2648} INFO - Exporting env vars: AIRFLOW_CTX_DAG_OWNER='Data-Ninja' AIRFLOW_CTX_DAG_ID='ELT-PROJECT' AIRFLOW_CTX_TASK_ID='transform.popular_product_categories_run' AIRFLOW_CTX_EXECUTION_DATE='2024-06-29T00:00:00+00:00' AIRFLOW_CTX_TRY_NUMBER='1' AIRFLOW_CTX_DAG_RUN_ID='scheduled__2024-06-29T00:00:00+00:00'
[2024-07-14T04:39:28.925+0000] {taskinstance.py:430} INFO - ::endgroup::
[2024-07-14T04:39:28.933+0000] {local.py:174} INFO - Could not import dbtRunner. Falling back to subprocess for invoking dbt.
[2024-07-14T04:39:28.936+0000] {local.py:292} INFO - Cloning project to writable temp directory /tmp/tmpwx1287a3 from /opt/airflow/dags/dbt/dbt_project
[2024-07-14T04:39:28.956+0000] {local.py:303} INFO - Partial parse is enabled and the latest partial parse file is /tmp/cosmos/ELT-PROJECT__transform/target/partial_parse.msgpack
[2024-07-14T04:39:29.117+0000] {base.py:84} INFO - Using connection ID 'snow_conn' for task execution.
[2024-07-14T04:39:29.152+0000] {crypto.py:82} WARNING - empty cryptography key - values will not be stored encrypted.
[2024-07-14T04:39:29.154+0000] {config.py:298} INFO - Profile caching is enable.
[2024-07-14T04:39:29.158+0000] {config.py:272} INFO - Profile found in cache using profile: /tmp/cosmos/profile/a0017dab0633177292578162811b91dcb9c56d6e54017e9660056cc364a762ad/profiles.yml.
[2024-07-14T04:39:29.185+0000] {local.py:247} INFO - Trying to run the command:
 ['/opt/airflow/dbt_venv/bin/dbt', 'deps', '--project-dir', '/tmp/tmpwx1287a3', '--profiles-dir', '/tmp/cosmos/profile/a0017dab0633177292578162811b91dcb9c56d6e54017e9660056cc364a762ad', '--profile', 'dbt_project', '--target', 'dev']
From /tmp/tmpwx1287a3
[2024-07-14T04:39:29.187+0000] {subprocess.py:60} INFO - Tmp dir root location: 
 /tmp
[2024-07-14T04:39:29.190+0000] {subprocess.py:73} INFO - Running command: ['/opt/airflow/dbt_venv/bin/dbt', 'deps', '--project-dir', '/tmp/tmpwx1287a3', '--profiles-dir', '/tmp/cosmos/profile/a0017dab0633177292578162811b91dcb9c56d6e54017e9660056cc364a762ad', '--profile', 'dbt_project', '--target', 'dev']
[2024-07-14T04:39:29.247+0000] {subprocess.py:84} INFO - Command output:
[2024-07-14T04:39:46.350+0000] {subprocess.py:94} INFO - [0m04:39:46  Running with dbt=1.8.3
[2024-07-14T04:39:49.134+0000] {subprocess.py:94} INFO - [0m04:39:49  Updating lock file in file path: /tmp/tmpwx1287a3/package-lock.yml
[2024-07-14T04:39:49.155+0000] {subprocess.py:94} INFO - [0m04:39:49  Installing dbt-labs/dbt_utils
[2024-07-14T04:39:49.947+0000] {subprocess.py:94} INFO - [0m04:39:49  Installed from version 0.8.6
[2024-07-14T04:39:49.952+0000] {subprocess.py:94} INFO - [0m04:39:49  Updated version available: 1.2.0
[2024-07-14T04:39:49.958+0000] {subprocess.py:94} INFO - [0m04:39:49
[2024-07-14T04:39:49.966+0000] {subprocess.py:94} INFO - [0m04:39:49  Updates available for packages: ['dbt-labs/dbt_utils']
[2024-07-14T04:39:49.970+0000] {subprocess.py:94} INFO - Update your versions in packages.yml, then run dbt deps
[2024-07-14T04:39:52.148+0000] {subprocess.py:98} INFO - Command exited with return code 0
[2024-07-14T04:39:52.154+0000] {local.py:254} INFO - Update your versions in packages.yml, then run dbt deps
[2024-07-14T04:39:52.159+0000] {local.py:247} INFO - Trying to run the command:
 ['/opt/airflow/dbt_venv/bin/dbt', 'run', '--models', 'popular_product_categories', '--project-dir', '/tmp/tmpwx1287a3', '--profiles-dir', '/tmp/cosmos/profile/a0017dab0633177292578162811b91dcb9c56d6e54017e9660056cc364a762ad', '--profile', 'dbt_project', '--target', 'dev']
From /tmp/tmpwx1287a3
[2024-07-14T04:39:52.165+0000] {subprocess.py:60} INFO - Tmp dir root location: 
 /tmp
[2024-07-14T04:39:52.168+0000] {subprocess.py:73} INFO - Running command: ['/opt/airflow/dbt_venv/bin/dbt', 'run', '--models', 'popular_product_categories', '--project-dir', '/tmp/tmpwx1287a3', '--profiles-dir', '/tmp/cosmos/profile/a0017dab0633177292578162811b91dcb9c56d6e54017e9660056cc364a762ad', '--profile', 'dbt_project', '--target', 'dev']
[2024-07-14T04:39:52.266+0000] {subprocess.py:84} INFO - Command output:
[2024-07-14T04:40:07.841+0000] {subprocess.py:94} INFO - [0m04:40:07  Running with dbt=1.8.3
[2024-07-14T04:40:11.367+0000] {subprocess.py:94} INFO - [0m04:40:11  Registered adapter: snowflake=1.8.3
[2024-07-14T04:40:16.278+0000] {subprocess.py:94} INFO - [0m04:40:16  Found 20 models, 27 data tests, 11 sources, 684 macros
[2024-07-14T04:40:16.299+0000] {subprocess.py:94} INFO - [0m04:40:16
[2024-07-14T04:40:25.094+0000] {subprocess.py:94} INFO - [0m04:40:25  Concurrency: 1 threads (target='dev')
[2024-07-14T04:40:25.098+0000] {subprocess.py:94} INFO - [0m04:40:25
[2024-07-14T04:40:25.213+0000] {subprocess.py:94} INFO - [0m04:40:25  1 of 1 START sql table model dm.popular_product_categories ..................... [RUN]
[2024-07-14T04:40:28.628+0000] {subprocess.py:94} INFO - [0m04:40:28  1 of 1 OK created sql table model dm.popular_product_categories ................ [[32mSUCCESS 1[0m in 3.39s]
[2024-07-14T04:40:28.664+0000] {subprocess.py:94} INFO - [0m04:40:28
[2024-07-14T04:40:28.666+0000] {subprocess.py:94} INFO - [0m04:40:28  Finished running 1 table model in 0 hours 0 minutes and 12.36 seconds (12.36s).
[2024-07-14T04:40:30.093+0000] {subprocess.py:94} INFO - [0m04:40:30
[2024-07-14T04:40:30.128+0000] {subprocess.py:94} INFO - [0m04:40:30  [32mCompleted successfully[0m
[2024-07-14T04:40:30.134+0000] {subprocess.py:94} INFO - [0m04:40:30
[2024-07-14T04:40:30.139+0000] {subprocess.py:94} INFO - [0m04:40:30  Done. PASS=1 WARN=0 ERROR=0 SKIP=0 TOTAL=1
[2024-07-14T04:40:32.486+0000] {subprocess.py:98} INFO - Command exited with return code 0
[2024-07-14T04:40:32.489+0000] {local.py:254} INFO - [0m04:40:30  Done. PASS=1 WARN=0 ERROR=0 SKIP=0 TOTAL=1
[2024-07-14T04:40:33.320+0000] {local.py:196} WARNING - Artifact schema version: https://schemas.getdbt.com/dbt/manifest/v12.json is above dbt-ol supported version 7. This might cause errors.
[2024-07-14T04:40:33.324+0000] {local.py:196} WARNING - Artifact schema version: https://schemas.getdbt.com/dbt/run-results/v6.json is above dbt-ol supported version 5. This might cause errors.
[2024-07-14T04:40:33.356+0000] {local.py:349} INFO - Inlets: [Dataset(uri='snowflake://OU00370.europe-west2.gcp/ELT_BATCH.dwh.dim_categories', extra=None), Dataset(uri='snowflake://OU00370.europe-west2.gcp/ELT_BATCH.dwh.dim_products', extra=None), Dataset(uri='snowflake://OU00370.europe-west2.gcp/ELT_BATCH.dwh.fact_order_details', extra=None), Dataset(uri='snowflake://OU00370.europe-west2.gcp/ELT_BATCH.dwh.fact_orders', extra=None)]
[2024-07-14T04:40:33.361+0000] {local.py:350} INFO - Outlets: [Dataset(uri='snowflake://OU00370.europe-west2.gcp/ELT_BATCH.dm.popular_product_categories', extra=None)]
[2024-07-14T04:40:33.363+0000] {dag.py:3096} INFO - Sync 1 DAGs
[2024-07-14T04:40:33.466+0000] {dag.py:3954} INFO - Setting next_dagrun for ELT-PROJECT to 2024-07-14 00:00:00+00:00, run_after=2024-07-15 00:00:00+00:00
[2024-07-14T04:40:33.725+0000] {taskinstance.py:441} INFO - ::group::Post task execution logs
[2024-07-14T04:40:33.969+0000] {taskinstance.py:1206} INFO - Marking task as SUCCESS. dag_id=ELT-PROJECT, task_id=transform.popular_product_categories_run, run_id=scheduled__2024-06-29T00:00:00+00:00, execution_date=20240629T000000, start_date=20240714T043927, end_date=20240714T044033
[2024-07-14T04:40:34.479+0000] {local_task_job_runner.py:240} INFO - Task exited with return code 0
[2024-07-14T04:40:34.762+0000] {taskinstance.py:3503} INFO - 0 downstream tasks scheduled from follow-on schedule check
[2024-07-14T04:40:34.787+0000] {local_task_job_runner.py:222} INFO - ::endgroup::
