[2024-07-14T04:11:51.588+0000] {local_task_job_runner.py:120} INFO - ::group::Pre task execution logs
[2024-07-14T04:11:51.705+0000] {taskinstance.py:2076} INFO - Dependencies all met for dep_context=non-requeueable deps ti=<TaskInstance: ELT-PROJECT.transform.dim_categories.run scheduled__2024-07-02T00:00:00+00:00 [queued]>
[2024-07-14T04:11:51.778+0000] {taskinstance.py:2076} INFO - Dependencies all met for dep_context=requeueable deps ti=<TaskInstance: ELT-PROJECT.transform.dim_categories.run scheduled__2024-07-02T00:00:00+00:00 [queued]>
[2024-07-14T04:11:51.781+0000] {taskinstance.py:2306} INFO - Starting attempt 1 of 2
[2024-07-14T04:11:51.912+0000] {taskinstance.py:2330} INFO - Executing <Task(DbtRunLocalOperator): transform.dim_categories.run> on 2024-07-02 00:00:00+00:00
[2024-07-14T04:11:51.965+0000] {standard_task_runner.py:90} INFO - Running: ['airflow', 'tasks', 'run', 'ELT-PROJECT', 'transform.dim_categories.run', 'scheduled__2024-07-02T00:00:00+00:00', '--job-id', '1161', '--raw', '--subdir', 'DAGS_FOLDER/elt.py', '--cfg-path', '/tmp/tmpb7chsx5h']
[2024-07-14T04:11:51.971+0000] {standard_task_runner.py:91} INFO - Job 1161: Subtask transform.dim_categories.run
[2024-07-14T04:11:51.940+0000] {logging_mixin.py:188} WARNING - /home/airflow/.local/lib/python3.12/site-packages/airflow/task/task_runner/standard_task_runner.py:61 DeprecationWarning: This process (pid=14311) is multi-threaded, use of fork() may lead to deadlocks in the child.
[2024-07-14T04:11:51.992+0000] {standard_task_runner.py:63} INFO - Started process 14330 to run task
[2024-07-14T04:11:52.110+0000] {logging_mixin.py:188} WARNING - /home/airflow/.local/lib/python3.12/site-packages/airflow/settings.py:195 DeprecationWarning: The sql_alchemy_conn option in [core] has been moved to the sql_alchemy_conn option in [database] - the old setting has been used, but please update your config.
[2024-07-14T04:11:52.442+0000] {task_command.py:426} INFO - Running <TaskInstance: ELT-PROJECT.transform.dim_categories.run scheduled__2024-07-02T00:00:00+00:00 [running]> on host airflow-scheduler
[2024-07-14T04:11:53.242+0000] {taskinstance.py:2648} INFO - Exporting env vars: AIRFLOW_CTX_DAG_OWNER='Data-Ninja' AIRFLOW_CTX_DAG_ID='ELT-PROJECT' AIRFLOW_CTX_TASK_ID='transform.dim_categories.run' AIRFLOW_CTX_EXECUTION_DATE='2024-07-02T00:00:00+00:00' AIRFLOW_CTX_TRY_NUMBER='1' AIRFLOW_CTX_DAG_RUN_ID='scheduled__2024-07-02T00:00:00+00:00'
[2024-07-14T04:11:53.256+0000] {taskinstance.py:430} INFO - ::endgroup::
[2024-07-14T04:11:53.260+0000] {local.py:174} INFO - Could not import dbtRunner. Falling back to subprocess for invoking dbt.
[2024-07-14T04:11:53.263+0000] {local.py:292} INFO - Cloning project to writable temp directory /tmp/tmp6paqzl6m from /opt/airflow/dags/dbt/dbt_project
[2024-07-14T04:11:53.287+0000] {local.py:303} INFO - Partial parse is enabled and the latest partial parse file is /tmp/cosmos/ELT-PROJECT__transform/target/partial_parse.msgpack
[2024-07-14T04:11:53.441+0000] {base.py:84} INFO - Using connection ID 'snow_conn' for task execution.
[2024-07-14T04:11:53.462+0000] {crypto.py:82} WARNING - empty cryptography key - values will not be stored encrypted.
[2024-07-14T04:11:53.465+0000] {config.py:298} INFO - Profile caching is enable.
[2024-07-14T04:11:53.522+0000] {config.py:272} INFO - Profile found in cache using profile: /tmp/cosmos/profile/a0017dab0633177292578162811b91dcb9c56d6e54017e9660056cc364a762ad/profiles.yml.
[2024-07-14T04:11:53.572+0000] {local.py:247} INFO - Trying to run the command:
 ['/opt/airflow/dbt_venv/bin/dbt', 'deps', '--project-dir', '/tmp/tmp6paqzl6m', '--profiles-dir', '/tmp/cosmos/profile/a0017dab0633177292578162811b91dcb9c56d6e54017e9660056cc364a762ad', '--profile', 'dbt_project', '--target', 'dev']
From /tmp/tmp6paqzl6m
[2024-07-14T04:11:53.582+0000] {subprocess.py:60} INFO - Tmp dir root location: 
 /tmp
[2024-07-14T04:11:53.585+0000] {subprocess.py:73} INFO - Running command: ['/opt/airflow/dbt_venv/bin/dbt', 'deps', '--project-dir', '/tmp/tmp6paqzl6m', '--profiles-dir', '/tmp/cosmos/profile/a0017dab0633177292578162811b91dcb9c56d6e54017e9660056cc364a762ad', '--profile', 'dbt_project', '--target', 'dev']
[2024-07-14T04:11:53.693+0000] {subprocess.py:84} INFO - Command output:
[2024-07-14T04:12:10.505+0000] {subprocess.py:94} INFO - [0m04:12:10  Running with dbt=1.8.3
[2024-07-14T04:12:11.888+0000] {subprocess.py:94} INFO - [0m04:12:11  Updating lock file in file path: /tmp/tmp6paqzl6m/package-lock.yml
[2024-07-14T04:12:11.948+0000] {subprocess.py:94} INFO - [0m04:12:11  Installing dbt-labs/dbt_utils
[2024-07-14T04:12:12.723+0000] {subprocess.py:94} INFO - [0m04:12:12  Installed from version 0.8.6
[2024-07-14T04:12:12.727+0000] {subprocess.py:94} INFO - [0m04:12:12  Updated version available: 1.2.0
[2024-07-14T04:12:12.747+0000] {subprocess.py:94} INFO - [0m04:12:12
[2024-07-14T04:12:12.753+0000] {subprocess.py:94} INFO - [0m04:12:12  Updates available for packages: ['dbt-labs/dbt_utils']
[2024-07-14T04:12:12.757+0000] {subprocess.py:94} INFO - Update your versions in packages.yml, then run dbt deps
[2024-07-14T04:12:15.338+0000] {subprocess.py:98} INFO - Command exited with return code 0
[2024-07-14T04:12:15.343+0000] {local.py:254} INFO - Update your versions in packages.yml, then run dbt deps
[2024-07-14T04:12:15.349+0000] {local.py:247} INFO - Trying to run the command:
 ['/opt/airflow/dbt_venv/bin/dbt', 'run', '--models', 'dim_categories', '--project-dir', '/tmp/tmp6paqzl6m', '--profiles-dir', '/tmp/cosmos/profile/a0017dab0633177292578162811b91dcb9c56d6e54017e9660056cc364a762ad', '--profile', 'dbt_project', '--target', 'dev']
From /tmp/tmp6paqzl6m
[2024-07-14T04:12:15.353+0000] {subprocess.py:60} INFO - Tmp dir root location: 
 /tmp
[2024-07-14T04:12:15.357+0000] {subprocess.py:73} INFO - Running command: ['/opt/airflow/dbt_venv/bin/dbt', 'run', '--models', 'dim_categories', '--project-dir', '/tmp/tmp6paqzl6m', '--profiles-dir', '/tmp/cosmos/profile/a0017dab0633177292578162811b91dcb9c56d6e54017e9660056cc364a762ad', '--profile', 'dbt_project', '--target', 'dev']
[2024-07-14T04:12:15.421+0000] {subprocess.py:84} INFO - Command output:
[2024-07-14T04:12:29.549+0000] {subprocess.py:94} INFO - [0m04:12:29  Running with dbt=1.8.3
[2024-07-14T04:12:32.850+0000] {subprocess.py:94} INFO - [0m04:12:32  Registered adapter: snowflake=1.8.3
[2024-07-14T04:12:38.439+0000] {subprocess.py:94} INFO - [0m04:12:38  Found 20 models, 27 data tests, 11 sources, 684 macros
[2024-07-14T04:12:38.454+0000] {subprocess.py:94} INFO - [0m04:12:38
[2024-07-14T04:12:47.131+0000] {subprocess.py:94} INFO - [0m04:12:47  Concurrency: 1 threads (target='dev')
[2024-07-14T04:12:47.137+0000] {subprocess.py:94} INFO - [0m04:12:47
[2024-07-14T04:12:47.217+0000] {subprocess.py:94} INFO - [0m04:12:47  1 of 1 START sql table model dwh.dim_categories ................................ [RUN]
[2024-07-14T04:12:50.132+0000] {subprocess.py:94} INFO - [0m04:12:50  1 of 1 OK created sql table model dwh.dim_categories ........................... [[32mSUCCESS 1[0m in 2.89s]
[2024-07-14T04:12:50.141+0000] {subprocess.py:94} INFO - [0m04:12:50
[2024-07-14T04:12:50.143+0000] {subprocess.py:94} INFO - [0m04:12:50  Finished running 1 table model in 0 hours 0 minutes and 11.69 seconds (11.69s).
[2024-07-14T04:12:50.625+0000] {subprocess.py:94} INFO - [0m04:12:50
[2024-07-14T04:12:50.635+0000] {subprocess.py:94} INFO - [0m04:12:50  [32mCompleted successfully[0m
[2024-07-14T04:12:50.640+0000] {subprocess.py:94} INFO - [0m04:12:50
[2024-07-14T04:12:50.645+0000] {subprocess.py:94} INFO - [0m04:12:50  Done. PASS=1 WARN=0 ERROR=0 SKIP=0 TOTAL=1
[2024-07-14T04:12:53.679+0000] {subprocess.py:98} INFO - Command exited with return code 0
[2024-07-14T04:12:53.682+0000] {local.py:254} INFO - [0m04:12:50  Done. PASS=1 WARN=0 ERROR=0 SKIP=0 TOTAL=1
[2024-07-14T04:12:54.489+0000] {local.py:196} WARNING - Artifact schema version: https://schemas.getdbt.com/dbt/manifest/v12.json is above dbt-ol supported version 7. This might cause errors.
[2024-07-14T04:12:54.490+0000] {local.py:196} WARNING - Artifact schema version: https://schemas.getdbt.com/dbt/run-results/v6.json is above dbt-ol supported version 5. This might cause errors.
[2024-07-14T04:12:54.508+0000] {local.py:349} INFO - Inlets: [Dataset(uri='snowflake://OU00370.europe-west2.gcp/ELT_BATCH.raw.raw_categories', extra=None)]
[2024-07-14T04:12:54.532+0000] {local.py:350} INFO - Outlets: [Dataset(uri='snowflake://OU00370.europe-west2.gcp/ELT_BATCH.dwh.dim_categories', extra=None)]
[2024-07-14T04:12:54.535+0000] {dag.py:3096} INFO - Sync 1 DAGs
[2024-07-14T04:12:55.015+0000] {taskinstance.py:441} INFO - ::group::Post task execution logs
[2024-07-14T04:12:55.251+0000] {taskinstance.py:1206} INFO - Marking task as SUCCESS. dag_id=ELT-PROJECT, task_id=transform.dim_categories.run, run_id=scheduled__2024-07-02T00:00:00+00:00, execution_date=20240702T000000, start_date=20240714T041151, end_date=20240714T041255
[2024-07-14T04:12:55.457+0000] {local_task_job_runner.py:240} INFO - Task exited with return code 0
[2024-07-14T04:12:55.541+0000] {local_task_job_runner.py:222} INFO - ::endgroup::
