[2024-07-14T03:17:57.865+0000] {local_task_job_runner.py:120} INFO - ::group::Pre task execution logs
[2024-07-14T03:17:57.948+0000] {taskinstance.py:2076} INFO - Dependencies all met for dep_context=non-requeueable deps ti=<TaskInstance: ELT-PROJECT.transform.raw_suppliers.run manual__2024-07-14T03:17:17.901957+00:00 [queued]>
[2024-07-14T03:17:57.983+0000] {taskinstance.py:2076} INFO - Dependencies all met for dep_context=requeueable deps ti=<TaskInstance: ELT-PROJECT.transform.raw_suppliers.run manual__2024-07-14T03:17:17.901957+00:00 [queued]>
[2024-07-14T03:17:57.984+0000] {taskinstance.py:2306} INFO - Starting attempt 1 of 2
[2024-07-14T03:17:58.033+0000] {taskinstance.py:2330} INFO - Executing <Task(DbtRunLocalOperator): transform.raw_suppliers.run> on 2024-07-14 03:17:17.901957+00:00
[2024-07-14T03:17:58.054+0000] {logging_mixin.py:188} WARNING - /home/airflow/.local/lib/python3.12/site-packages/airflow/task/task_runner/standard_task_runner.py:61 DeprecationWarning: This process (pid=5910) is multi-threaded, use of fork() may lead to deadlocks in the child.
[2024-07-14T03:17:58.072+0000] {standard_task_runner.py:63} INFO - Started process 5939 to run task
[2024-07-14T03:17:58.080+0000] {standard_task_runner.py:90} INFO - Running: ['airflow', 'tasks', 'run', 'ELT-PROJECT', 'transform.raw_suppliers.run', 'manual__2024-07-14T03:17:17.901957+00:00', '--job-id', '531', '--raw', '--subdir', 'DAGS_FOLDER/elt.py', '--cfg-path', '/tmp/tmpfcgrabbq']
[2024-07-14T03:17:58.099+0000] {standard_task_runner.py:91} INFO - Job 531: Subtask transform.raw_suppliers.run
[2024-07-14T03:17:58.198+0000] {logging_mixin.py:188} WARNING - /home/airflow/.local/lib/python3.12/site-packages/airflow/settings.py:195 DeprecationWarning: The sql_alchemy_conn option in [core] has been moved to the sql_alchemy_conn option in [database] - the old setting has been used, but please update your config.
[2024-07-14T03:17:58.335+0000] {task_command.py:426} INFO - Running <TaskInstance: ELT-PROJECT.transform.raw_suppliers.run manual__2024-07-14T03:17:17.901957+00:00 [running]> on host airflow-scheduler
[2024-07-14T03:17:58.812+0000] {taskinstance.py:2648} INFO - Exporting env vars: AIRFLOW_CTX_DAG_OWNER='Data-Ninja' AIRFLOW_CTX_DAG_ID='ELT-PROJECT' AIRFLOW_CTX_TASK_ID='transform.raw_suppliers.run' AIRFLOW_CTX_EXECUTION_DATE='2024-07-14T03:17:17.901957+00:00' AIRFLOW_CTX_TRY_NUMBER='1' AIRFLOW_CTX_DAG_RUN_ID='manual__2024-07-14T03:17:17.901957+00:00'
[2024-07-14T03:17:58.815+0000] {taskinstance.py:430} INFO - ::endgroup::
[2024-07-14T03:17:58.819+0000] {local.py:174} INFO - Could not import dbtRunner. Falling back to subprocess for invoking dbt.
[2024-07-14T03:17:58.824+0000] {local.py:292} INFO - Cloning project to writable temp directory /tmp/tmpbsgqbxs2 from /opt/airflow/dags/dbt/dbt_project
[2024-07-14T03:17:58.849+0000] {local.py:303} INFO - Partial parse is enabled and the latest partial parse file is /tmp/cosmos/ELT-PROJECT__transform/target/partial_parse.msgpack
[2024-07-14T03:18:00.976+0000] {base.py:84} INFO - Using connection ID 'snow_conn' for task execution.
[2024-07-14T03:18:00.978+0000] {crypto.py:82} WARNING - empty cryptography key - values will not be stored encrypted.
[2024-07-14T03:18:00.979+0000] {config.py:298} INFO - Profile caching is enable.
[2024-07-14T03:18:01.001+0000] {config.py:272} INFO - Profile found in cache using profile: /tmp/cosmos/profile/a0017dab0633177292578162811b91dcb9c56d6e54017e9660056cc364a762ad/profiles.yml.
[2024-07-14T03:18:01.003+0000] {local.py:247} INFO - Trying to run the command:
 ['/opt/airflow/dbt_venv/bin/dbt', 'deps', '--project-dir', '/tmp/tmpbsgqbxs2', '--profiles-dir', '/tmp/cosmos/profile/a0017dab0633177292578162811b91dcb9c56d6e54017e9660056cc364a762ad', '--profile', 'dbt_project', '--target', 'dev']
From /tmp/tmpbsgqbxs2
[2024-07-14T03:18:01.005+0000] {subprocess.py:60} INFO - Tmp dir root location: 
 /tmp
[2024-07-14T03:18:01.007+0000] {subprocess.py:73} INFO - Running command: ['/opt/airflow/dbt_venv/bin/dbt', 'deps', '--project-dir', '/tmp/tmpbsgqbxs2', '--profiles-dir', '/tmp/cosmos/profile/a0017dab0633177292578162811b91dcb9c56d6e54017e9660056cc364a762ad', '--profile', 'dbt_project', '--target', 'dev']
[2024-07-14T03:18:01.055+0000] {subprocess.py:84} INFO - Command output:
[2024-07-14T03:18:11.981+0000] {subprocess.py:94} INFO - [0m03:18:11  Running with dbt=1.8.3
[2024-07-14T03:18:12.846+0000] {subprocess.py:94} INFO - [0m03:18:12  Updating lock file in file path: /tmp/tmpbsgqbxs2/package-lock.yml
[2024-07-14T03:18:12.879+0000] {subprocess.py:94} INFO - [0m03:18:12  Installing dbt-labs/dbt_utils
[2024-07-14T03:18:13.554+0000] {subprocess.py:94} INFO - [0m03:18:13  Installed from version 0.8.6
[2024-07-14T03:18:13.556+0000] {subprocess.py:94} INFO - [0m03:18:13  Updated version available: 1.2.0
[2024-07-14T03:18:13.559+0000] {subprocess.py:94} INFO - [0m03:18:13
[2024-07-14T03:18:13.561+0000] {subprocess.py:94} INFO - [0m03:18:13  Updates available for packages: ['dbt-labs/dbt_utils']
[2024-07-14T03:18:13.563+0000] {subprocess.py:94} INFO - Update your versions in packages.yml, then run dbt deps
[2024-07-14T03:18:15.456+0000] {subprocess.py:98} INFO - Command exited with return code 0
[2024-07-14T03:18:15.463+0000] {local.py:254} INFO - Update your versions in packages.yml, then run dbt deps
[2024-07-14T03:18:15.466+0000] {local.py:247} INFO - Trying to run the command:
 ['/opt/airflow/dbt_venv/bin/dbt', 'run', '--models', 'raw_suppliers', '--project-dir', '/tmp/tmpbsgqbxs2', '--profiles-dir', '/tmp/cosmos/profile/a0017dab0633177292578162811b91dcb9c56d6e54017e9660056cc364a762ad', '--profile', 'dbt_project', '--target', 'dev']
From /tmp/tmpbsgqbxs2
[2024-07-14T03:18:15.468+0000] {subprocess.py:60} INFO - Tmp dir root location: 
 /tmp
[2024-07-14T03:18:15.471+0000] {subprocess.py:73} INFO - Running command: ['/opt/airflow/dbt_venv/bin/dbt', 'run', '--models', 'raw_suppliers', '--project-dir', '/tmp/tmpbsgqbxs2', '--profiles-dir', '/tmp/cosmos/profile/a0017dab0633177292578162811b91dcb9c56d6e54017e9660056cc364a762ad', '--profile', 'dbt_project', '--target', 'dev']
[2024-07-14T03:18:15.528+0000] {subprocess.py:84} INFO - Command output:
[2024-07-14T03:18:25.918+0000] {subprocess.py:94} INFO - [0m03:18:25  Running with dbt=1.8.3
[2024-07-14T03:18:29.197+0000] {subprocess.py:94} INFO - [0m03:18:29  Registered adapter: snowflake=1.8.3
[2024-07-14T03:18:35.439+0000] {subprocess.py:94} INFO - [0m03:18:35  Found 20 models, 27 data tests, 11 sources, 684 macros
[2024-07-14T03:18:35.449+0000] {subprocess.py:94} INFO - [0m03:18:35
[2024-07-14T03:18:42.930+0000] {subprocess.py:94} INFO - [0m03:18:42  Concurrency: 1 threads (target='dev')
[2024-07-14T03:18:42.934+0000] {subprocess.py:94} INFO - [0m03:18:42
[2024-07-14T03:18:42.990+0000] {subprocess.py:94} INFO - [0m03:18:42  1 of 1 START sql table model raw.raw_suppliers ................................. [RUN]
[2024-07-14T03:18:45.540+0000] {subprocess.py:94} INFO - [0m03:18:45  1 of 1 OK created sql table model raw.raw_suppliers ............................ [[32mSUCCESS 1[0m in 2.54s]
[2024-07-14T03:18:45.550+0000] {subprocess.py:94} INFO - [0m03:18:45
[2024-07-14T03:18:45.552+0000] {subprocess.py:94} INFO - [0m03:18:45  Finished running 1 table model in 0 hours 0 minutes and 10.10 seconds (10.10s).
[2024-07-14T03:18:45.737+0000] {subprocess.py:94} INFO - [0m03:18:45
[2024-07-14T03:18:45.741+0000] {subprocess.py:94} INFO - [0m03:18:45  [32mCompleted successfully[0m
[2024-07-14T03:18:45.746+0000] {subprocess.py:94} INFO - [0m03:18:45
[2024-07-14T03:18:45.748+0000] {subprocess.py:94} INFO - [0m03:18:45  Done. PASS=1 WARN=0 ERROR=0 SKIP=0 TOTAL=1
[2024-07-14T03:18:47.827+0000] {subprocess.py:98} INFO - Command exited with return code 0
[2024-07-14T03:18:47.831+0000] {local.py:254} INFO - [0m03:18:45  Done. PASS=1 WARN=0 ERROR=0 SKIP=0 TOTAL=1
[2024-07-14T03:18:47.984+0000] {local.py:196} WARNING - Artifact schema version: https://schemas.getdbt.com/dbt/manifest/v12.json is above dbt-ol supported version 7. This might cause errors.
[2024-07-14T03:18:47.987+0000] {local.py:196} WARNING - Artifact schema version: https://schemas.getdbt.com/dbt/run-results/v6.json is above dbt-ol supported version 5. This might cause errors.
[2024-07-14T03:18:48.024+0000] {local.py:349} INFO - Inlets: [Dataset(uri='snowflake://OU00370.europe-west2.gcp/ELT_BATCH.PUBLIC.suppliers', extra=None)]
[2024-07-14T03:18:48.029+0000] {local.py:350} INFO - Outlets: [Dataset(uri='snowflake://OU00370.europe-west2.gcp/ELT_BATCH.raw.raw_suppliers', extra=None)]
[2024-07-14T03:18:48.035+0000] {dag.py:3096} INFO - Sync 1 DAGs
[2024-07-14T03:18:48.144+0000] {dag.py:3954} INFO - Setting next_dagrun for ELT-PROJECT to None, run_after=None
[2024-07-14T03:18:48.336+0000] {taskinstance.py:441} INFO - ::group::Post task execution logs
[2024-07-14T03:18:48.489+0000] {taskinstance.py:1206} INFO - Marking task as SUCCESS. dag_id=ELT-PROJECT, task_id=transform.raw_suppliers.run, run_id=manual__2024-07-14T03:17:17.901957+00:00, execution_date=20240714T031717, start_date=20240714T031757, end_date=20240714T031848
[2024-07-14T03:18:48.608+0000] {local_task_job_runner.py:240} INFO - Task exited with return code 0
[2024-07-14T03:18:48.661+0000] {local_task_job_runner.py:222} INFO - ::endgroup::
