[2024-07-14T04:01:57.236+0000] {local_task_job_runner.py:120} INFO - ::group::Pre task execution logs
[2024-07-14T04:01:57.300+0000] {taskinstance.py:2076} INFO - Dependencies all met for dep_context=non-requeueable deps ti=<TaskInstance: ELT-PROJECT.load.load_suppliers scheduled__2024-07-07T00:00:00+00:00 [queued]>
[2024-07-14T04:01:57.333+0000] {taskinstance.py:2076} INFO - Dependencies all met for dep_context=requeueable deps ti=<TaskInstance: ELT-PROJECT.load.load_suppliers scheduled__2024-07-07T00:00:00+00:00 [queued]>
[2024-07-14T04:01:57.334+0000] {taskinstance.py:2306} INFO - Starting attempt 1 of 2
[2024-07-14T04:01:57.375+0000] {taskinstance.py:2330} INFO - Executing <Task(_PythonDecoratedOperator): load.load_suppliers> on 2024-07-07 00:00:00+00:00
[2024-07-14T04:01:57.396+0000] {logging_mixin.py:188} WARNING - /home/airflow/.local/lib/python3.12/site-packages/airflow/task/task_runner/standard_task_runner.py:61 DeprecationWarning: This process (pid=11420) is multi-threaded, use of fork() may lead to deadlocks in the child.
[2024-07-14T04:01:57.407+0000] {standard_task_runner.py:63} INFO - Started process 11463 to run task
[2024-07-14T04:01:57.410+0000] {standard_task_runner.py:90} INFO - Running: ['airflow', 'tasks', 'run', 'ELT-PROJECT', 'load.load_suppliers', 'scheduled__2024-07-07T00:00:00+00:00', '--job-id', '955', '--raw', '--subdir', 'DAGS_FOLDER/elt.py', '--cfg-path', '/tmp/tmpoqquurvs']
[2024-07-14T04:01:57.415+0000] {standard_task_runner.py:91} INFO - Job 955: Subtask load.load_suppliers
[2024-07-14T04:01:57.479+0000] {logging_mixin.py:188} WARNING - /home/airflow/.local/lib/python3.12/site-packages/airflow/settings.py:195 DeprecationWarning: The sql_alchemy_conn option in [core] has been moved to the sql_alchemy_conn option in [database] - the old setting has been used, but please update your config.
[2024-07-14T04:01:57.605+0000] {task_command.py:426} INFO - Running <TaskInstance: ELT-PROJECT.load.load_suppliers scheduled__2024-07-07T00:00:00+00:00 [running]> on host airflow-scheduler
[2024-07-14T04:01:58.931+0000] {taskinstance.py:2648} INFO - Exporting env vars: AIRFLOW_CTX_DAG_OWNER='Data-Ninja' AIRFLOW_CTX_DAG_ID='ELT-PROJECT' AIRFLOW_CTX_TASK_ID='load.load_suppliers' AIRFLOW_CTX_EXECUTION_DATE='2024-07-07T00:00:00+00:00' AIRFLOW_CTX_TRY_NUMBER='1' AIRFLOW_CTX_DAG_RUN_ID='scheduled__2024-07-07T00:00:00+00:00'
[2024-07-14T04:01:58.935+0000] {taskinstance.py:430} INFO - ::endgroup::
[2024-07-14T04:01:58.937+0000] {connection.py:399} INFO - Snowflake Connector for Python Version: 3.10.1, Python Version: 3.12.4, Platform: Linux-5.15.133.1-microsoft-standard-WSL2-x86_64-with-glibc2.36
[2024-07-14T04:01:58.940+0000] {connection.py:1249} INFO - THIS CONNECTION IS IN INSECURE MODE. IT MEANS THE CERTIFICATE WILL BE VALIDATED BUT THE CERTIFICATE REVOCATION STATUS WILL NOT BE CHECKED.
[2024-07-14T04:01:59.087+0000] {ssl_wrap_socket.py:100} INFO - THIS CONNECTION IS IN INSECURE MODE. IT MEANS THE CERTIFICATE WILL BE VALIDATED BUT THE CERTIFICATE REVOCATION STATUS WILL NOT BE CHECKED.
[2024-07-14T04:01:59.646+0000] {logging_mixin.py:188} INFO - Nama kolom di DataFrame: Index(['supplierID', 'companyName', 'contactName', 'contactTitle', 'address',
       'city', 'region', 'postalCode', 'country', 'phone', 'fax', 'homePage'],
      dtype='object')
[2024-07-14T04:02:00.103+0000] {cursor.py:1149} INFO - Number of results in first chunk: 1
[2024-07-14T04:02:01.095+0000] {ssl_wrap_socket.py:100} INFO - THIS CONNECTION IS IN INSECURE MODE. IT MEANS THE CERTIFICATE WILL BE VALIDATED BUT THE CERTIFICATE REVOCATION STATUS WILL NOT BE CHECKED.
[2024-07-14T04:02:03.584+0000] {cursor.py:1149} INFO - Number of results in first chunk: 1
[2024-07-14T04:02:04.255+0000] {cursor.py:1149} INFO - Number of results in first chunk: 12
[2024-07-14T04:02:04.853+0000] {cursor.py:1149} INFO - Number of results in first chunk: 1
[2024-07-14T04:02:06.099+0000] {cursor.py:1149} INFO - Number of results in first chunk: 1
[2024-07-14T04:02:07.460+0000] {cursor.py:1149} INFO - Number of results in first chunk: 1
[2024-07-14T04:02:07.462+0000] {logging_mixin.py:188} INFO - Done suppliers.
[2024-07-14T04:02:07.463+0000] {connection.py:762} INFO - closed
[2024-07-14T04:02:07.799+0000] {connection.py:768} INFO - No async queries seem to be running, deleting session
[2024-07-14T04:02:08.134+0000] {python.py:237} INFO - Done. Returned value was: None
[2024-07-14T04:02:08.139+0000] {taskinstance.py:441} INFO - ::group::Post task execution logs
[2024-07-14T04:02:08.173+0000] {taskinstance.py:1206} INFO - Marking task as SUCCESS. dag_id=ELT-PROJECT, task_id=load.load_suppliers, run_id=scheduled__2024-07-07T00:00:00+00:00, execution_date=20240707T000000, start_date=20240714T040157, end_date=20240714T040208
[2024-07-14T04:02:09.195+0000] {local_task_job_runner.py:240} INFO - Task exited with return code 0
[2024-07-14T04:02:09.412+0000] {taskinstance.py:3503} INFO - 0 downstream tasks scheduled from follow-on schedule check
[2024-07-14T04:02:09.451+0000] {local_task_job_runner.py:222} INFO - ::endgroup::
