[2024-07-14T04:02:43.571+0000] {local_task_job_runner.py:120} INFO - ::group::Pre task execution logs
[2024-07-14T04:02:43.637+0000] {taskinstance.py:2076} INFO - Dependencies all met for dep_context=non-requeueable deps ti=<TaskInstance: ELT-PROJECT.load.load_products scheduled__2024-07-10T00:00:00+00:00 [queued]>
[2024-07-14T04:02:43.671+0000] {taskinstance.py:2076} INFO - Dependencies all met for dep_context=requeueable deps ti=<TaskInstance: ELT-PROJECT.load.load_products scheduled__2024-07-10T00:00:00+00:00 [queued]>
[2024-07-14T04:02:43.676+0000] {taskinstance.py:2306} INFO - Starting attempt 1 of 2
[2024-07-14T04:02:43.780+0000] {taskinstance.py:2330} INFO - Executing <Task(_PythonDecoratedOperator): load.load_products> on 2024-07-10 00:00:00+00:00
[2024-07-14T04:02:43.812+0000] {standard_task_runner.py:90} INFO - Running: ['airflow', 'tasks', 'run', 'ELT-PROJECT', 'load.load_products', 'scheduled__2024-07-10T00:00:00+00:00', '--job-id', '999', '--raw', '--subdir', 'DAGS_FOLDER/elt.py', '--cfg-path', '/tmp/tmp8cswb9ol']
[2024-07-14T04:02:43.818+0000] {standard_task_runner.py:91} INFO - Job 999: Subtask load.load_products
[2024-07-14T04:02:43.831+0000] {logging_mixin.py:188} WARNING - /home/airflow/.local/lib/python3.12/site-packages/airflow/task/task_runner/standard_task_runner.py:61 DeprecationWarning: This process (pid=12026) is multi-threaded, use of fork() may lead to deadlocks in the child.
[2024-07-14T04:02:43.847+0000] {standard_task_runner.py:63} INFO - Started process 12058 to run task
[2024-07-14T04:02:43.879+0000] {logging_mixin.py:188} WARNING - /home/airflow/.local/lib/python3.12/site-packages/airflow/settings.py:195 DeprecationWarning: The sql_alchemy_conn option in [core] has been moved to the sql_alchemy_conn option in [database] - the old setting has been used, but please update your config.
[2024-07-14T04:02:44.035+0000] {task_command.py:426} INFO - Running <TaskInstance: ELT-PROJECT.load.load_products scheduled__2024-07-10T00:00:00+00:00 [running]> on host airflow-scheduler
[2024-07-14T04:02:45.246+0000] {taskinstance.py:2648} INFO - Exporting env vars: AIRFLOW_CTX_DAG_OWNER='Data-Ninja' AIRFLOW_CTX_DAG_ID='ELT-PROJECT' AIRFLOW_CTX_TASK_ID='load.load_products' AIRFLOW_CTX_EXECUTION_DATE='2024-07-10T00:00:00+00:00' AIRFLOW_CTX_TRY_NUMBER='1' AIRFLOW_CTX_DAG_RUN_ID='scheduled__2024-07-10T00:00:00+00:00'
[2024-07-14T04:02:45.250+0000] {taskinstance.py:430} INFO - ::endgroup::
[2024-07-14T04:02:45.252+0000] {connection.py:399} INFO - Snowflake Connector for Python Version: 3.10.1, Python Version: 3.12.4, Platform: Linux-5.15.133.1-microsoft-standard-WSL2-x86_64-with-glibc2.36
[2024-07-14T04:02:45.254+0000] {connection.py:1249} INFO - THIS CONNECTION IS IN INSECURE MODE. IT MEANS THE CERTIFICATE WILL BE VALIDATED BUT THE CERTIFICATE REVOCATION STATUS WILL NOT BE CHECKED.
[2024-07-14T04:02:45.433+0000] {ssl_wrap_socket.py:100} INFO - THIS CONNECTION IS IN INSECURE MODE. IT MEANS THE CERTIFICATE WILL BE VALIDATED BUT THE CERTIFICATE REVOCATION STATUS WILL NOT BE CHECKED.
[2024-07-14T04:02:46.026+0000] {logging_mixin.py:188} INFO - Nama kolom di DataFrame: Index(['productID', 'productName', 'supplierID', 'categoryID',
       'quantityPerUnit', 'unitPrice', 'unitsInStock', 'unitsOnOrder',
       'reorderLevel', 'discontinued'],
      dtype='object')
[2024-07-14T04:02:46.447+0000] {cursor.py:1149} INFO - Number of results in first chunk: 1
[2024-07-14T04:02:47.160+0000] {ssl_wrap_socket.py:100} INFO - THIS CONNECTION IS IN INSECURE MODE. IT MEANS THE CERTIFICATE WILL BE VALIDATED BUT THE CERTIFICATE REVOCATION STATUS WILL NOT BE CHECKED.
[2024-07-14T04:02:49.511+0000] {cursor.py:1149} INFO - Number of results in first chunk: 1
[2024-07-14T04:02:50.179+0000] {cursor.py:1149} INFO - Number of results in first chunk: 10
[2024-07-14T04:02:50.547+0000] {cursor.py:1149} INFO - Number of results in first chunk: 1
[2024-07-14T04:02:51.211+0000] {cursor.py:1149} INFO - Number of results in first chunk: 1
[2024-07-14T04:02:52.495+0000] {cursor.py:1149} INFO - Number of results in first chunk: 1
[2024-07-14T04:02:52.497+0000] {logging_mixin.py:188} INFO - Done products.
[2024-07-14T04:02:52.498+0000] {connection.py:762} INFO - closed
[2024-07-14T04:02:52.843+0000] {connection.py:768} INFO - No async queries seem to be running, deleting session
[2024-07-14T04:02:53.203+0000] {python.py:237} INFO - Done. Returned value was: None
[2024-07-14T04:02:53.207+0000] {taskinstance.py:441} INFO - ::group::Post task execution logs
[2024-07-14T04:02:53.250+0000] {taskinstance.py:1206} INFO - Marking task as SUCCESS. dag_id=ELT-PROJECT, task_id=load.load_products, run_id=scheduled__2024-07-10T00:00:00+00:00, execution_date=20240710T000000, start_date=20240714T040243, end_date=20240714T040253
[2024-07-14T04:02:53.343+0000] {local_task_job_runner.py:240} INFO - Task exited with return code 0
[2024-07-14T04:02:53.397+0000] {local_task_job_runner.py:222} INFO - ::endgroup::
