[2024-07-14T04:36:18.015+0000] {local_task_job_runner.py:120} INFO - ::group::Pre task execution logs
[2024-07-14T04:36:18.186+0000] {taskinstance.py:2076} INFO - Dependencies all met for dep_context=non-requeueable deps ti=<TaskInstance: ELT-PROJECT.transform.raw_shippers.run scheduled__2024-07-07T00:00:00+00:00 [queued]>
[2024-07-14T04:36:18.288+0000] {taskinstance.py:2076} INFO - Dependencies all met for dep_context=requeueable deps ti=<TaskInstance: ELT-PROJECT.transform.raw_shippers.run scheduled__2024-07-07T00:00:00+00:00 [queued]>
[2024-07-14T04:36:18.290+0000] {taskinstance.py:2306} INFO - Starting attempt 1 of 2
[2024-07-14T04:36:18.451+0000] {taskinstance.py:2330} INFO - Executing <Task(DbtRunLocalOperator): transform.raw_shippers.run> on 2024-07-07 00:00:00+00:00
[2024-07-14T04:36:18.490+0000] {standard_task_runner.py:90} INFO - Running: ['airflow', 'tasks', 'run', 'ELT-PROJECT', 'transform.raw_shippers.run', 'scheduled__2024-07-07T00:00:00+00:00', '--job-id', '1466', '--raw', '--subdir', 'DAGS_FOLDER/elt.py', '--cfg-path', '/tmp/tmposa_rga_']
[2024-07-14T04:36:18.491+0000] {logging_mixin.py:188} WARNING - /home/airflow/.local/lib/python3.12/site-packages/airflow/task/task_runner/standard_task_runner.py:61 DeprecationWarning: This process (pid=19330) is multi-threaded, use of fork() may lead to deadlocks in the child.
[2024-07-14T04:36:18.514+0000] {standard_task_runner.py:63} INFO - Started process 19356 to run task
[2024-07-14T04:36:18.513+0000] {standard_task_runner.py:91} INFO - Job 1466: Subtask transform.raw_shippers.run
[2024-07-14T04:36:18.638+0000] {logging_mixin.py:188} WARNING - /home/airflow/.local/lib/python3.12/site-packages/airflow/settings.py:195 DeprecationWarning: The sql_alchemy_conn option in [core] has been moved to the sql_alchemy_conn option in [database] - the old setting has been used, but please update your config.
[2024-07-14T04:36:18.877+0000] {task_command.py:426} INFO - Running <TaskInstance: ELT-PROJECT.transform.raw_shippers.run scheduled__2024-07-07T00:00:00+00:00 [running]> on host airflow-scheduler
[2024-07-14T04:36:19.517+0000] {taskinstance.py:2648} INFO - Exporting env vars: AIRFLOW_CTX_DAG_OWNER='Data-Ninja' AIRFLOW_CTX_DAG_ID='ELT-PROJECT' AIRFLOW_CTX_TASK_ID='transform.raw_shippers.run' AIRFLOW_CTX_EXECUTION_DATE='2024-07-07T00:00:00+00:00' AIRFLOW_CTX_TRY_NUMBER='1' AIRFLOW_CTX_DAG_RUN_ID='scheduled__2024-07-07T00:00:00+00:00'
[2024-07-14T04:36:19.520+0000] {taskinstance.py:430} INFO - ::endgroup::
[2024-07-14T04:36:19.555+0000] {local.py:174} INFO - Could not import dbtRunner. Falling back to subprocess for invoking dbt.
[2024-07-14T04:36:19.571+0000] {local.py:292} INFO - Cloning project to writable temp directory /tmp/tmprsizdhfr from /opt/airflow/dags/dbt/dbt_project
[2024-07-14T04:36:19.620+0000] {local.py:303} INFO - Partial parse is enabled and the latest partial parse file is /tmp/cosmos/ELT-PROJECT__transform/target/partial_parse.msgpack
[2024-07-14T04:36:21.049+0000] {base.py:84} INFO - Using connection ID 'snow_conn' for task execution.
[2024-07-14T04:36:21.058+0000] {crypto.py:82} WARNING - empty cryptography key - values will not be stored encrypted.
[2024-07-14T04:36:21.063+0000] {config.py:298} INFO - Profile caching is enable.
[2024-07-14T04:36:21.070+0000] {config.py:272} INFO - Profile found in cache using profile: /tmp/cosmos/profile/a0017dab0633177292578162811b91dcb9c56d6e54017e9660056cc364a762ad/profiles.yml.
[2024-07-14T04:36:21.072+0000] {local.py:247} INFO - Trying to run the command:
 ['/opt/airflow/dbt_venv/bin/dbt', 'deps', '--project-dir', '/tmp/tmprsizdhfr', '--profiles-dir', '/tmp/cosmos/profile/a0017dab0633177292578162811b91dcb9c56d6e54017e9660056cc364a762ad', '--profile', 'dbt_project', '--target', 'dev']
From /tmp/tmprsizdhfr
[2024-07-14T04:36:21.076+0000] {subprocess.py:60} INFO - Tmp dir root location: 
 /tmp
[2024-07-14T04:36:21.081+0000] {subprocess.py:73} INFO - Running command: ['/opt/airflow/dbt_venv/bin/dbt', 'deps', '--project-dir', '/tmp/tmprsizdhfr', '--profiles-dir', '/tmp/cosmos/profile/a0017dab0633177292578162811b91dcb9c56d6e54017e9660056cc364a762ad', '--profile', 'dbt_project', '--target', 'dev']
[2024-07-14T04:36:21.237+0000] {subprocess.py:84} INFO - Command output:
[2024-07-14T04:36:37.926+0000] {subprocess.py:94} INFO - [0m04:36:37  Running with dbt=1.8.3
[2024-07-14T04:36:39.669+0000] {subprocess.py:94} INFO - [0m04:36:39  Updating lock file in file path: /tmp/tmprsizdhfr/package-lock.yml
[2024-07-14T04:36:39.768+0000] {subprocess.py:94} INFO - [0m04:36:39  Installing dbt-labs/dbt_utils
[2024-07-14T04:36:40.946+0000] {subprocess.py:94} INFO - [0m04:36:40  Installed from version 0.8.6
[2024-07-14T04:36:40.950+0000] {subprocess.py:94} INFO - [0m04:36:40  Updated version available: 1.2.0
[2024-07-14T04:36:40.959+0000] {subprocess.py:94} INFO - [0m04:36:40
[2024-07-14T04:36:40.965+0000] {subprocess.py:94} INFO - [0m04:36:40  Updates available for packages: ['dbt-labs/dbt_utils']
[2024-07-14T04:36:40.969+0000] {subprocess.py:94} INFO - Update your versions in packages.yml, then run dbt deps
[2024-07-14T04:36:43.593+0000] {subprocess.py:98} INFO - Command exited with return code 0
[2024-07-14T04:36:43.597+0000] {local.py:254} INFO - Update your versions in packages.yml, then run dbt deps
[2024-07-14T04:36:43.600+0000] {local.py:247} INFO - Trying to run the command:
 ['/opt/airflow/dbt_venv/bin/dbt', 'run', '--models', 'raw_shippers', '--project-dir', '/tmp/tmprsizdhfr', '--profiles-dir', '/tmp/cosmos/profile/a0017dab0633177292578162811b91dcb9c56d6e54017e9660056cc364a762ad', '--profile', 'dbt_project', '--target', 'dev']
From /tmp/tmprsizdhfr
[2024-07-14T04:36:43.610+0000] {subprocess.py:60} INFO - Tmp dir root location: 
 /tmp
[2024-07-14T04:36:43.616+0000] {subprocess.py:73} INFO - Running command: ['/opt/airflow/dbt_venv/bin/dbt', 'run', '--models', 'raw_shippers', '--project-dir', '/tmp/tmprsizdhfr', '--profiles-dir', '/tmp/cosmos/profile/a0017dab0633177292578162811b91dcb9c56d6e54017e9660056cc364a762ad', '--profile', 'dbt_project', '--target', 'dev']
[2024-07-14T04:36:43.719+0000] {subprocess.py:84} INFO - Command output:
[2024-07-14T04:36:59.310+0000] {subprocess.py:94} INFO - [0m04:36:59  Running with dbt=1.8.3
[2024-07-14T04:37:02.742+0000] {subprocess.py:94} INFO - [0m04:37:02  Registered adapter: snowflake=1.8.3
[2024-07-14T04:37:07.896+0000] {subprocess.py:94} INFO - [0m04:37:07  Found 20 models, 27 data tests, 11 sources, 684 macros
[2024-07-14T04:37:07.919+0000] {subprocess.py:94} INFO - [0m04:37:07
[2024-07-14T04:37:21.186+0000] {subprocess.py:94} INFO - [0m04:37:21  Concurrency: 1 threads (target='dev')
[2024-07-14T04:37:21.190+0000] {subprocess.py:94} INFO - [0m04:37:21
[2024-07-14T04:37:21.295+0000] {subprocess.py:94} INFO - [0m04:37:21  1 of 1 START sql table model raw.raw_shippers .................................. [RUN]
[2024-07-14T04:37:24.490+0000] {subprocess.py:94} INFO - [0m04:37:24  1 of 1 OK created sql table model raw.raw_shippers ............................. [[32mSUCCESS 1[0m in 3.19s]
[2024-07-14T04:37:24.511+0000] {subprocess.py:94} INFO - [0m04:37:24
[2024-07-14T04:37:24.515+0000] {subprocess.py:94} INFO - [0m04:37:24  Finished running 1 table model in 0 hours 0 minutes and 16.59 seconds (16.59s).
[2024-07-14T04:37:25.555+0000] {subprocess.py:94} INFO - [0m04:37:25
[2024-07-14T04:37:25.586+0000] {subprocess.py:94} INFO - [0m04:37:25  [32mCompleted successfully[0m
[2024-07-14T04:37:25.605+0000] {subprocess.py:94} INFO - [0m04:37:25
[2024-07-14T04:37:25.621+0000] {subprocess.py:94} INFO - [0m04:37:25  Done. PASS=1 WARN=0 ERROR=0 SKIP=0 TOTAL=1
[2024-07-14T04:37:29.366+0000] {subprocess.py:98} INFO - Command exited with return code 0
[2024-07-14T04:37:29.369+0000] {local.py:254} INFO - [0m04:37:25  Done. PASS=1 WARN=0 ERROR=0 SKIP=0 TOTAL=1
[2024-07-14T04:37:29.528+0000] {local.py:196} WARNING - Artifact schema version: https://schemas.getdbt.com/dbt/manifest/v12.json is above dbt-ol supported version 7. This might cause errors.
[2024-07-14T04:37:29.540+0000] {local.py:196} WARNING - Artifact schema version: https://schemas.getdbt.com/dbt/run-results/v6.json is above dbt-ol supported version 5. This might cause errors.
[2024-07-14T04:37:29.563+0000] {local.py:349} INFO - Inlets: [Dataset(uri='snowflake://OU00370.europe-west2.gcp/ELT_BATCH.PUBLIC.shippers', extra=None)]
[2024-07-14T04:37:29.565+0000] {local.py:350} INFO - Outlets: [Dataset(uri='snowflake://OU00370.europe-west2.gcp/ELT_BATCH.raw.raw_shippers', extra=None)]
[2024-07-14T04:37:29.572+0000] {dag.py:3096} INFO - Sync 1 DAGs
[2024-07-14T04:37:30.149+0000] {taskinstance.py:441} INFO - ::group::Post task execution logs
[2024-07-14T04:37:30.405+0000] {taskinstance.py:1206} INFO - Marking task as SUCCESS. dag_id=ELT-PROJECT, task_id=transform.raw_shippers.run, run_id=scheduled__2024-07-07T00:00:00+00:00, execution_date=20240707T000000, start_date=20240714T043618, end_date=20240714T043730
[2024-07-14T04:37:30.629+0000] {local_task_job_runner.py:240} INFO - Task exited with return code 0
[2024-07-14T04:37:30.959+0000] {taskinstance.py:3503} INFO - 1 downstream tasks scheduled from follow-on schedule check
[2024-07-14T04:37:30.977+0000] {local_task_job_runner.py:222} INFO - ::endgroup::
