[2024-07-14T04:00:50.939+0000] {local_task_job_runner.py:120} INFO - ::group::Pre task execution logs
[2024-07-14T04:00:51.000+0000] {taskinstance.py:2076} INFO - Dependencies all met for dep_context=non-requeueable deps ti=<TaskInstance: ELT-PROJECT.load.load_suppliers scheduled__2024-07-01T00:00:00+00:00 [queued]>
[2024-07-14T04:00:51.030+0000] {taskinstance.py:2076} INFO - Dependencies all met for dep_context=requeueable deps ti=<TaskInstance: ELT-PROJECT.load.load_suppliers scheduled__2024-07-01T00:00:00+00:00 [queued]>
[2024-07-14T04:00:51.031+0000] {taskinstance.py:2306} INFO - Starting attempt 1 of 2
[2024-07-14T04:00:51.078+0000] {taskinstance.py:2330} INFO - Executing <Task(_PythonDecoratedOperator): load.load_suppliers> on 2024-07-01 00:00:00+00:00
[2024-07-14T04:00:51.096+0000] {logging_mixin.py:188} WARNING - /home/airflow/.local/lib/python3.12/site-packages/airflow/task/task_runner/standard_task_runner.py:61 DeprecationWarning: This process (pid=10598) is multi-threaded, use of fork() may lead to deadlocks in the child.
[2024-07-14T04:00:51.098+0000] {standard_task_runner.py:63} INFO - Started process 10663 to run task
[2024-07-14T04:00:51.096+0000] {standard_task_runner.py:90} INFO - Running: ['airflow', 'tasks', 'run', 'ELT-PROJECT', 'load.load_suppliers', 'scheduled__2024-07-01T00:00:00+00:00', '--job-id', '893', '--raw', '--subdir', 'DAGS_FOLDER/elt.py', '--cfg-path', '/tmp/tmpcuseovp3']
[2024-07-14T04:00:51.101+0000] {standard_task_runner.py:91} INFO - Job 893: Subtask load.load_suppliers
[2024-07-14T04:00:51.145+0000] {logging_mixin.py:188} WARNING - /home/airflow/.local/lib/python3.12/site-packages/airflow/settings.py:195 DeprecationWarning: The sql_alchemy_conn option in [core] has been moved to the sql_alchemy_conn option in [database] - the old setting has been used, but please update your config.
[2024-07-14T04:00:51.252+0000] {task_command.py:426} INFO - Running <TaskInstance: ELT-PROJECT.load.load_suppliers scheduled__2024-07-01T00:00:00+00:00 [running]> on host airflow-scheduler
[2024-07-14T04:00:52.336+0000] {taskinstance.py:2648} INFO - Exporting env vars: AIRFLOW_CTX_DAG_OWNER='Data-Ninja' AIRFLOW_CTX_DAG_ID='ELT-PROJECT' AIRFLOW_CTX_TASK_ID='load.load_suppliers' AIRFLOW_CTX_EXECUTION_DATE='2024-07-01T00:00:00+00:00' AIRFLOW_CTX_TRY_NUMBER='1' AIRFLOW_CTX_DAG_RUN_ID='scheduled__2024-07-01T00:00:00+00:00'
[2024-07-14T04:00:52.338+0000] {taskinstance.py:430} INFO - ::endgroup::
[2024-07-14T04:00:52.341+0000] {connection.py:399} INFO - Snowflake Connector for Python Version: 3.10.1, Python Version: 3.12.4, Platform: Linux-5.15.133.1-microsoft-standard-WSL2-x86_64-with-glibc2.36
[2024-07-14T04:00:52.343+0000] {connection.py:1249} INFO - THIS CONNECTION IS IN INSECURE MODE. IT MEANS THE CERTIFICATE WILL BE VALIDATED BUT THE CERTIFICATE REVOCATION STATUS WILL NOT BE CHECKED.
[2024-07-14T04:00:52.812+0000] {ssl_wrap_socket.py:100} INFO - THIS CONNECTION IS IN INSECURE MODE. IT MEANS THE CERTIFICATE WILL BE VALIDATED BUT THE CERTIFICATE REVOCATION STATUS WILL NOT BE CHECKED.
[2024-07-14T04:00:53.479+0000] {logging_mixin.py:188} INFO - Nama kolom di DataFrame: Index(['supplierID', 'companyName', 'contactName', 'contactTitle', 'address',
       'city', 'region', 'postalCode', 'country', 'phone', 'fax', 'homePage'],
      dtype='object')
[2024-07-14T04:00:53.972+0000] {cursor.py:1149} INFO - Number of results in first chunk: 1
[2024-07-14T04:00:54.626+0000] {ssl_wrap_socket.py:100} INFO - THIS CONNECTION IS IN INSECURE MODE. IT MEANS THE CERTIFICATE WILL BE VALIDATED BUT THE CERTIFICATE REVOCATION STATUS WILL NOT BE CHECKED.
[2024-07-14T04:00:57.461+0000] {cursor.py:1149} INFO - Number of results in first chunk: 1
[2024-07-14T04:00:58.141+0000] {cursor.py:1149} INFO - Number of results in first chunk: 12
[2024-07-14T04:00:58.539+0000] {cursor.py:1149} INFO - Number of results in first chunk: 1
[2024-07-14T04:00:59.598+0000] {cursor.py:1149} INFO - Number of results in first chunk: 1
[2024-07-14T04:01:01.217+0000] {cursor.py:1149} INFO - Number of results in first chunk: 1
[2024-07-14T04:01:01.218+0000] {logging_mixin.py:188} INFO - Done suppliers.
[2024-07-14T04:01:01.219+0000] {connection.py:762} INFO - closed
[2024-07-14T04:01:01.624+0000] {connection.py:768} INFO - No async queries seem to be running, deleting session
[2024-07-14T04:01:01.971+0000] {python.py:237} INFO - Done. Returned value was: None
[2024-07-14T04:01:01.973+0000] {taskinstance.py:441} INFO - ::group::Post task execution logs
[2024-07-14T04:01:02.040+0000] {taskinstance.py:1206} INFO - Marking task as SUCCESS. dag_id=ELT-PROJECT, task_id=load.load_suppliers, run_id=scheduled__2024-07-01T00:00:00+00:00, execution_date=20240701T000000, start_date=20240714T040051, end_date=20240714T040102
[2024-07-14T04:01:03.849+0000] {local_task_job_runner.py:240} INFO - Task exited with return code 0
[2024-07-14T04:01:04.190+0000] {taskinstance.py:3503} INFO - 0 downstream tasks scheduled from follow-on schedule check
[2024-07-14T04:01:04.198+0000] {local_task_job_runner.py:222} INFO - ::endgroup::
