[2024-07-14T04:39:51.983+0000] {local_task_job_runner.py:120} INFO - ::group::Pre task execution logs
[2024-07-14T04:39:52.132+0000] {taskinstance.py:2076} INFO - Dependencies all met for dep_context=non-requeueable deps ti=<TaskInstance: ELT-PROJECT.transform.popular_product_categories_run scheduled__2024-06-30T00:00:00+00:00 [queued]>
[2024-07-14T04:39:52.216+0000] {taskinstance.py:2076} INFO - Dependencies all met for dep_context=requeueable deps ti=<TaskInstance: ELT-PROJECT.transform.popular_product_categories_run scheduled__2024-06-30T00:00:00+00:00 [queued]>
[2024-07-14T04:39:52.230+0000] {taskinstance.py:2306} INFO - Starting attempt 1 of 2
[2024-07-14T04:39:52.334+0000] {taskinstance.py:2330} INFO - Executing <Task(DbtRunLocalOperator): transform.popular_product_categories_run> on 2024-06-30 00:00:00+00:00
[2024-07-14T04:39:52.387+0000] {standard_task_runner.py:90} INFO - Running: ['airflow', 'tasks', 'run', 'ELT-PROJECT', 'transform.popular_product_categories_run', 'scheduled__2024-06-30T00:00:00+00:00', '--job-id', '1512', '--raw', '--subdir', 'DAGS_FOLDER/elt.py', '--cfg-path', '/tmp/tmpp7mhn6zc']
[2024-07-14T04:39:52.409+0000] {standard_task_runner.py:91} INFO - Job 1512: Subtask transform.popular_product_categories_run
[2024-07-14T04:39:52.396+0000] {logging_mixin.py:188} WARNING - /home/airflow/.local/lib/python3.12/site-packages/airflow/task/task_runner/standard_task_runner.py:61 DeprecationWarning: This process (pid=20078) is multi-threaded, use of fork() may lead to deadlocks in the child.
[2024-07-14T04:39:52.428+0000] {standard_task_runner.py:63} INFO - Started process 20106 to run task
[2024-07-14T04:39:52.530+0000] {logging_mixin.py:188} WARNING - /home/airflow/.local/lib/python3.12/site-packages/airflow/settings.py:195 DeprecationWarning: The sql_alchemy_conn option in [core] has been moved to the sql_alchemy_conn option in [database] - the old setting has been used, but please update your config.
[2024-07-14T04:39:52.847+0000] {task_command.py:426} INFO - Running <TaskInstance: ELT-PROJECT.transform.popular_product_categories_run scheduled__2024-06-30T00:00:00+00:00 [running]> on host airflow-scheduler
[2024-07-14T04:39:53.420+0000] {taskinstance.py:2648} INFO - Exporting env vars: AIRFLOW_CTX_DAG_OWNER='Data-Ninja' AIRFLOW_CTX_DAG_ID='ELT-PROJECT' AIRFLOW_CTX_TASK_ID='transform.popular_product_categories_run' AIRFLOW_CTX_EXECUTION_DATE='2024-06-30T00:00:00+00:00' AIRFLOW_CTX_TRY_NUMBER='1' AIRFLOW_CTX_DAG_RUN_ID='scheduled__2024-06-30T00:00:00+00:00'
[2024-07-14T04:39:53.427+0000] {taskinstance.py:430} INFO - ::endgroup::
[2024-07-14T04:39:53.434+0000] {local.py:174} INFO - Could not import dbtRunner. Falling back to subprocess for invoking dbt.
[2024-07-14T04:39:53.450+0000] {local.py:292} INFO - Cloning project to writable temp directory /tmp/tmp3fbyx3tk from /opt/airflow/dags/dbt/dbt_project
[2024-07-14T04:39:53.500+0000] {local.py:303} INFO - Partial parse is enabled and the latest partial parse file is /tmp/cosmos/ELT-PROJECT__transform/target/partial_parse.msgpack
[2024-07-14T04:39:53.812+0000] {base.py:84} INFO - Using connection ID 'snow_conn' for task execution.
[2024-07-14T04:39:53.822+0000] {crypto.py:82} WARNING - empty cryptography key - values will not be stored encrypted.
[2024-07-14T04:39:53.824+0000] {config.py:298} INFO - Profile caching is enable.
[2024-07-14T04:39:53.887+0000] {config.py:272} INFO - Profile found in cache using profile: /tmp/cosmos/profile/a0017dab0633177292578162811b91dcb9c56d6e54017e9660056cc364a762ad/profiles.yml.
[2024-07-14T04:39:53.895+0000] {local.py:247} INFO - Trying to run the command:
 ['/opt/airflow/dbt_venv/bin/dbt', 'deps', '--project-dir', '/tmp/tmp3fbyx3tk', '--profiles-dir', '/tmp/cosmos/profile/a0017dab0633177292578162811b91dcb9c56d6e54017e9660056cc364a762ad', '--profile', 'dbt_project', '--target', 'dev']
From /tmp/tmp3fbyx3tk
[2024-07-14T04:39:53.929+0000] {subprocess.py:60} INFO - Tmp dir root location: 
 /tmp
[2024-07-14T04:39:53.944+0000] {subprocess.py:73} INFO - Running command: ['/opt/airflow/dbt_venv/bin/dbt', 'deps', '--project-dir', '/tmp/tmp3fbyx3tk', '--profiles-dir', '/tmp/cosmos/profile/a0017dab0633177292578162811b91dcb9c56d6e54017e9660056cc364a762ad', '--profile', 'dbt_project', '--target', 'dev']
[2024-07-14T04:39:54.094+0000] {subprocess.py:84} INFO - Command output:
[2024-07-14T04:40:10.994+0000] {subprocess.py:94} INFO - [0m04:40:10  Running with dbt=1.8.3
[2024-07-14T04:40:12.859+0000] {subprocess.py:94} INFO - [0m04:40:12  Updating lock file in file path: /tmp/tmp3fbyx3tk/package-lock.yml
[2024-07-14T04:40:12.885+0000] {subprocess.py:94} INFO - [0m04:40:12  Installing dbt-labs/dbt_utils
[2024-07-14T04:40:13.681+0000] {subprocess.py:94} INFO - [0m04:40:13  Installed from version 0.8.6
[2024-07-14T04:40:13.694+0000] {subprocess.py:94} INFO - [0m04:40:13  Updated version available: 1.2.0
[2024-07-14T04:40:13.701+0000] {subprocess.py:94} INFO - [0m04:40:13
[2024-07-14T04:40:13.707+0000] {subprocess.py:94} INFO - [0m04:40:13  Updates available for packages: ['dbt-labs/dbt_utils']
[2024-07-14T04:40:13.710+0000] {subprocess.py:94} INFO - Update your versions in packages.yml, then run dbt deps
[2024-07-14T04:40:15.949+0000] {subprocess.py:98} INFO - Command exited with return code 0
[2024-07-14T04:40:15.952+0000] {local.py:254} INFO - Update your versions in packages.yml, then run dbt deps
[2024-07-14T04:40:15.958+0000] {local.py:247} INFO - Trying to run the command:
 ['/opt/airflow/dbt_venv/bin/dbt', 'run', '--models', 'popular_product_categories', '--project-dir', '/tmp/tmp3fbyx3tk', '--profiles-dir', '/tmp/cosmos/profile/a0017dab0633177292578162811b91dcb9c56d6e54017e9660056cc364a762ad', '--profile', 'dbt_project', '--target', 'dev']
From /tmp/tmp3fbyx3tk
[2024-07-14T04:40:15.961+0000] {subprocess.py:60} INFO - Tmp dir root location: 
 /tmp
[2024-07-14T04:40:15.963+0000] {subprocess.py:73} INFO - Running command: ['/opt/airflow/dbt_venv/bin/dbt', 'run', '--models', 'popular_product_categories', '--project-dir', '/tmp/tmp3fbyx3tk', '--profiles-dir', '/tmp/cosmos/profile/a0017dab0633177292578162811b91dcb9c56d6e54017e9660056cc364a762ad', '--profile', 'dbt_project', '--target', 'dev']
[2024-07-14T04:40:16.089+0000] {subprocess.py:84} INFO - Command output:
[2024-07-14T04:40:31.145+0000] {subprocess.py:94} INFO - [0m04:40:31  Running with dbt=1.8.3
[2024-07-14T04:40:33.665+0000] {subprocess.py:94} INFO - [0m04:40:33  Registered adapter: snowflake=1.8.3
[2024-07-14T04:40:38.164+0000] {subprocess.py:94} INFO - [0m04:40:38  Found 20 models, 27 data tests, 11 sources, 684 macros
[2024-07-14T04:40:38.177+0000] {subprocess.py:94} INFO - [0m04:40:38
[2024-07-14T04:40:46.475+0000] {subprocess.py:94} INFO - [0m04:40:46  Concurrency: 1 threads (target='dev')
[2024-07-14T04:40:46.482+0000] {subprocess.py:94} INFO - [0m04:40:46
[2024-07-14T04:40:46.578+0000] {subprocess.py:94} INFO - [0m04:40:46  1 of 1 START sql table model dm.popular_product_categories ..................... [RUN]
[2024-07-14T04:40:50.018+0000] {subprocess.py:94} INFO - [0m04:40:50  1 of 1 OK created sql table model dm.popular_product_categories ................ [[32mSUCCESS 1[0m in 3.42s]
[2024-07-14T04:40:50.035+0000] {subprocess.py:94} INFO - [0m04:40:50
[2024-07-14T04:40:50.038+0000] {subprocess.py:94} INFO - [0m04:40:50  Finished running 1 table model in 0 hours 0 minutes and 11.85 seconds (11.85s).
[2024-07-14T04:40:50.438+0000] {subprocess.py:94} INFO - [0m04:40:50
[2024-07-14T04:40:50.445+0000] {subprocess.py:94} INFO - [0m04:40:50  [32mCompleted successfully[0m
[2024-07-14T04:40:50.449+0000] {subprocess.py:94} INFO - [0m04:40:50
[2024-07-14T04:40:50.451+0000] {subprocess.py:94} INFO - [0m04:40:50  Done. PASS=1 WARN=0 ERROR=0 SKIP=0 TOTAL=1
[2024-07-14T04:40:52.662+0000] {subprocess.py:98} INFO - Command exited with return code 0
[2024-07-14T04:40:52.664+0000] {local.py:254} INFO - [0m04:40:50  Done. PASS=1 WARN=0 ERROR=0 SKIP=0 TOTAL=1
[2024-07-14T04:40:53.349+0000] {local.py:196} WARNING - Artifact schema version: https://schemas.getdbt.com/dbt/manifest/v12.json is above dbt-ol supported version 7. This might cause errors.
[2024-07-14T04:40:53.353+0000] {local.py:196} WARNING - Artifact schema version: https://schemas.getdbt.com/dbt/run-results/v6.json is above dbt-ol supported version 5. This might cause errors.
[2024-07-14T04:40:53.383+0000] {local.py:349} INFO - Inlets: [Dataset(uri='snowflake://OU00370.europe-west2.gcp/ELT_BATCH.dwh.dim_categories', extra=None), Dataset(uri='snowflake://OU00370.europe-west2.gcp/ELT_BATCH.dwh.dim_products', extra=None), Dataset(uri='snowflake://OU00370.europe-west2.gcp/ELT_BATCH.dwh.fact_order_details', extra=None), Dataset(uri='snowflake://OU00370.europe-west2.gcp/ELT_BATCH.dwh.fact_orders', extra=None)]
[2024-07-14T04:40:53.386+0000] {local.py:350} INFO - Outlets: [Dataset(uri='snowflake://OU00370.europe-west2.gcp/ELT_BATCH.dm.popular_product_categories', extra=None)]
[2024-07-14T04:40:53.391+0000] {dag.py:3096} INFO - Sync 1 DAGs
[2024-07-14T04:40:53.484+0000] {dag.py:3954} INFO - Setting next_dagrun for ELT-PROJECT to 2024-07-14 00:00:00+00:00, run_after=2024-07-15 00:00:00+00:00
[2024-07-14T04:40:53.698+0000] {taskinstance.py:441} INFO - ::group::Post task execution logs
[2024-07-14T04:40:53.902+0000] {taskinstance.py:1206} INFO - Marking task as SUCCESS. dag_id=ELT-PROJECT, task_id=transform.popular_product_categories_run, run_id=scheduled__2024-06-30T00:00:00+00:00, execution_date=20240630T000000, start_date=20240714T043952, end_date=20240714T044053
[2024-07-14T04:40:54.036+0000] {local_task_job_runner.py:240} INFO - Task exited with return code 0
[2024-07-14T04:40:54.098+0000] {local_task_job_runner.py:222} INFO - ::endgroup::
