[2024-07-14T04:48:47.049+0000] {local_task_job_runner.py:120} INFO - ::group::Pre task execution logs
[2024-07-14T04:48:47.233+0000] {taskinstance.py:2076} INFO - Dependencies all met for dep_context=non-requeueable deps ti=<TaskInstance: ELT-PROJECT.transform.best_employee_run scheduled__2024-07-09T00:00:00+00:00 [queued]>
[2024-07-14T04:48:47.323+0000] {taskinstance.py:2076} INFO - Dependencies all met for dep_context=requeueable deps ti=<TaskInstance: ELT-PROJECT.transform.best_employee_run scheduled__2024-07-09T00:00:00+00:00 [queued]>
[2024-07-14T04:48:47.351+0000] {taskinstance.py:2306} INFO - Starting attempt 1 of 2
[2024-07-14T04:48:47.440+0000] {taskinstance.py:2330} INFO - Executing <Task(DbtRunLocalOperator): transform.best_employee_run> on 2024-07-09 00:00:00+00:00
[2024-07-14T04:48:47.476+0000] {logging_mixin.py:188} WARNING - /home/airflow/.local/lib/python3.12/site-packages/airflow/task/task_runner/standard_task_runner.py:61 DeprecationWarning: This process (pid=22015) is multi-threaded, use of fork() may lead to deadlocks in the child.
[2024-07-14T04:48:47.487+0000] {standard_task_runner.py:63} INFO - Started process 22041 to run task
[2024-07-14T04:48:47.486+0000] {standard_task_runner.py:90} INFO - Running: ['airflow', 'tasks', 'run', 'ELT-PROJECT', 'transform.best_employee_run', 'scheduled__2024-07-09T00:00:00+00:00', '--job-id', '1638', '--raw', '--subdir', 'DAGS_FOLDER/elt.py', '--cfg-path', '/tmp/tmp9itoinmv']
[2024-07-14T04:48:47.502+0000] {standard_task_runner.py:91} INFO - Job 1638: Subtask transform.best_employee_run
[2024-07-14T04:48:47.761+0000] {logging_mixin.py:188} WARNING - /home/airflow/.local/lib/python3.12/site-packages/airflow/settings.py:195 DeprecationWarning: The sql_alchemy_conn option in [core] has been moved to the sql_alchemy_conn option in [database] - the old setting has been used, but please update your config.
[2024-07-14T04:48:48.224+0000] {task_command.py:426} INFO - Running <TaskInstance: ELT-PROJECT.transform.best_employee_run scheduled__2024-07-09T00:00:00+00:00 [running]> on host airflow-scheduler
[2024-07-14T04:48:48.843+0000] {taskinstance.py:2648} INFO - Exporting env vars: AIRFLOW_CTX_DAG_OWNER='Data-Ninja' AIRFLOW_CTX_DAG_ID='ELT-PROJECT' AIRFLOW_CTX_TASK_ID='transform.best_employee_run' AIRFLOW_CTX_EXECUTION_DATE='2024-07-09T00:00:00+00:00' AIRFLOW_CTX_TRY_NUMBER='1' AIRFLOW_CTX_DAG_RUN_ID='scheduled__2024-07-09T00:00:00+00:00'
[2024-07-14T04:48:48.854+0000] {taskinstance.py:430} INFO - ::endgroup::
[2024-07-14T04:48:48.876+0000] {local.py:174} INFO - Could not import dbtRunner. Falling back to subprocess for invoking dbt.
[2024-07-14T04:48:48.881+0000] {local.py:292} INFO - Cloning project to writable temp directory /tmp/tmpxwxxg8j9 from /opt/airflow/dags/dbt/dbt_project
[2024-07-14T04:48:48.900+0000] {local.py:303} INFO - Partial parse is enabled and the latest partial parse file is /tmp/cosmos/ELT-PROJECT__transform/target/partial_parse.msgpack
[2024-07-14T04:48:49.015+0000] {base.py:84} INFO - Using connection ID 'snow_conn' for task execution.
[2024-07-14T04:48:49.018+0000] {crypto.py:82} WARNING - empty cryptography key - values will not be stored encrypted.
[2024-07-14T04:48:49.019+0000] {config.py:298} INFO - Profile caching is enable.
[2024-07-14T04:48:49.026+0000] {config.py:272} INFO - Profile found in cache using profile: /tmp/cosmos/profile/a0017dab0633177292578162811b91dcb9c56d6e54017e9660056cc364a762ad/profiles.yml.
[2024-07-14T04:48:49.038+0000] {local.py:247} INFO - Trying to run the command:
 ['/opt/airflow/dbt_venv/bin/dbt', 'deps', '--project-dir', '/tmp/tmpxwxxg8j9', '--profiles-dir', '/tmp/cosmos/profile/a0017dab0633177292578162811b91dcb9c56d6e54017e9660056cc364a762ad', '--profile', 'dbt_project', '--target', 'dev']
From /tmp/tmpxwxxg8j9
[2024-07-14T04:48:49.055+0000] {subprocess.py:60} INFO - Tmp dir root location: 
 /tmp
[2024-07-14T04:48:49.064+0000] {subprocess.py:73} INFO - Running command: ['/opt/airflow/dbt_venv/bin/dbt', 'deps', '--project-dir', '/tmp/tmpxwxxg8j9', '--profiles-dir', '/tmp/cosmos/profile/a0017dab0633177292578162811b91dcb9c56d6e54017e9660056cc364a762ad', '--profile', 'dbt_project', '--target', 'dev']
[2024-07-14T04:48:49.140+0000] {subprocess.py:84} INFO - Command output:
[2024-07-14T04:49:02.447+0000] {subprocess.py:94} INFO - [0m04:49:02  Running with dbt=1.8.3
[2024-07-14T04:49:03.644+0000] {subprocess.py:94} INFO - [0m04:49:03  Updating lock file in file path: /tmp/tmpxwxxg8j9/package-lock.yml
[2024-07-14T04:49:03.732+0000] {subprocess.py:94} INFO - [0m04:49:03  Installing dbt-labs/dbt_utils
[2024-07-14T04:49:04.769+0000] {subprocess.py:94} INFO - [0m04:49:04  Installed from version 0.8.6
[2024-07-14T04:49:04.773+0000] {subprocess.py:94} INFO - [0m04:49:04  Updated version available: 1.2.0
[2024-07-14T04:49:04.781+0000] {subprocess.py:94} INFO - [0m04:49:04
[2024-07-14T04:49:04.785+0000] {subprocess.py:94} INFO - [0m04:49:04  Updates available for packages: ['dbt-labs/dbt_utils']
[2024-07-14T04:49:04.787+0000] {subprocess.py:94} INFO - Update your versions in packages.yml, then run dbt deps
[2024-07-14T04:49:08.489+0000] {subprocess.py:98} INFO - Command exited with return code 0
[2024-07-14T04:49:08.492+0000] {local.py:254} INFO - Update your versions in packages.yml, then run dbt deps
[2024-07-14T04:49:08.494+0000] {local.py:247} INFO - Trying to run the command:
 ['/opt/airflow/dbt_venv/bin/dbt', 'run', '--models', 'best_employee', '--project-dir', '/tmp/tmpxwxxg8j9', '--profiles-dir', '/tmp/cosmos/profile/a0017dab0633177292578162811b91dcb9c56d6e54017e9660056cc364a762ad', '--profile', 'dbt_project', '--target', 'dev']
From /tmp/tmpxwxxg8j9
[2024-07-14T04:49:08.497+0000] {subprocess.py:60} INFO - Tmp dir root location: 
 /tmp
[2024-07-14T04:49:08.500+0000] {subprocess.py:73} INFO - Running command: ['/opt/airflow/dbt_venv/bin/dbt', 'run', '--models', 'best_employee', '--project-dir', '/tmp/tmpxwxxg8j9', '--profiles-dir', '/tmp/cosmos/profile/a0017dab0633177292578162811b91dcb9c56d6e54017e9660056cc364a762ad', '--profile', 'dbt_project', '--target', 'dev']
[2024-07-14T04:49:08.580+0000] {subprocess.py:84} INFO - Command output:
[2024-07-14T04:49:24.366+0000] {subprocess.py:94} INFO - [0m04:49:24  Running with dbt=1.8.3
[2024-07-14T04:49:26.994+0000] {subprocess.py:94} INFO - [0m04:49:26  Registered adapter: snowflake=1.8.3
[2024-07-14T04:49:30.684+0000] {subprocess.py:94} INFO - [0m04:49:30  Found 20 models, 27 data tests, 11 sources, 684 macros
[2024-07-14T04:49:30.725+0000] {subprocess.py:94} INFO - [0m04:49:30
[2024-07-14T04:49:38.971+0000] {subprocess.py:94} INFO - [0m04:49:38  Concurrency: 1 threads (target='dev')
[2024-07-14T04:49:38.982+0000] {subprocess.py:94} INFO - [0m04:49:38
[2024-07-14T04:49:39.118+0000] {subprocess.py:94} INFO - [0m04:49:39  1 of 1 START sql table model dm.best_employee .................................. [RUN]
[2024-07-14T04:49:42.393+0000] {subprocess.py:94} INFO - [0m04:49:42  1 of 1 OK created sql table model dm.best_employee ............................. [[32mSUCCESS 1[0m in 3.25s]
[2024-07-14T04:49:42.406+0000] {subprocess.py:94} INFO - [0m04:49:42
[2024-07-14T04:49:42.410+0000] {subprocess.py:94} INFO - [0m04:49:42  Finished running 1 table model in 0 hours 0 minutes and 11.68 seconds (11.68s).
[2024-07-14T04:49:43.156+0000] {subprocess.py:94} INFO - [0m04:49:43
[2024-07-14T04:49:43.175+0000] {subprocess.py:94} INFO - [0m04:49:43  [32mCompleted successfully[0m
[2024-07-14T04:49:43.180+0000] {subprocess.py:94} INFO - [0m04:49:43
[2024-07-14T04:49:43.200+0000] {subprocess.py:94} INFO - [0m04:49:43  Done. PASS=1 WARN=0 ERROR=0 SKIP=0 TOTAL=1
[2024-07-14T04:49:46.618+0000] {subprocess.py:98} INFO - Command exited with return code 0
[2024-07-14T04:49:46.620+0000] {local.py:254} INFO - [0m04:49:43  Done. PASS=1 WARN=0 ERROR=0 SKIP=0 TOTAL=1
[2024-07-14T04:49:47.355+0000] {local.py:196} WARNING - Artifact schema version: https://schemas.getdbt.com/dbt/manifest/v12.json is above dbt-ol supported version 7. This might cause errors.
[2024-07-14T04:49:47.378+0000] {local.py:196} WARNING - Artifact schema version: https://schemas.getdbt.com/dbt/run-results/v6.json is above dbt-ol supported version 5. This might cause errors.
[2024-07-14T04:49:47.439+0000] {local.py:349} INFO - Inlets: [Dataset(uri='snowflake://OU00370.europe-west2.gcp/ELT_BATCH.dwh.dim_employees', extra=None), Dataset(uri='snowflake://OU00370.europe-west2.gcp/ELT_BATCH.dwh.fact_order_details', extra=None), Dataset(uri='snowflake://OU00370.europe-west2.gcp/ELT_BATCH.dwh.fact_orders', extra=None)]
[2024-07-14T04:49:47.453+0000] {local.py:350} INFO - Outlets: [Dataset(uri='snowflake://OU00370.europe-west2.gcp/ELT_BATCH.dm.best_employee', extra=None)]
[2024-07-14T04:49:47.459+0000] {dag.py:3096} INFO - Sync 1 DAGs
[2024-07-14T04:49:47.717+0000] {dag.py:3954} INFO - Setting next_dagrun for ELT-PROJECT to 2024-07-14 00:00:00+00:00, run_after=2024-07-15 00:00:00+00:00
[2024-07-14T04:49:48.069+0000] {taskinstance.py:441} INFO - ::group::Post task execution logs
[2024-07-14T04:49:48.396+0000] {taskinstance.py:1206} INFO - Marking task as SUCCESS. dag_id=ELT-PROJECT, task_id=transform.best_employee_run, run_id=scheduled__2024-07-09T00:00:00+00:00, execution_date=20240709T000000, start_date=20240714T044847, end_date=20240714T044948
[2024-07-14T04:49:48.644+0000] {local_task_job_runner.py:240} INFO - Task exited with return code 0
[2024-07-14T04:49:48.922+0000] {taskinstance.py:3503} INFO - 0 downstream tasks scheduled from follow-on schedule check
[2024-07-14T04:49:48.934+0000] {local_task_job_runner.py:222} INFO - ::endgroup::
