[2024-07-14T04:33:56.581+0000] {local_task_job_runner.py:120} INFO - ::group::Pre task execution logs
[2024-07-14T04:33:56.837+0000] {taskinstance.py:2076} INFO - Dependencies all met for dep_context=non-requeueable deps ti=<TaskInstance: ELT-PROJECT.transform.raw_regions.run scheduled__2024-06-30T00:00:00+00:00 [queued]>
[2024-07-14T04:33:56.917+0000] {taskinstance.py:2076} INFO - Dependencies all met for dep_context=requeueable deps ti=<TaskInstance: ELT-PROJECT.transform.raw_regions.run scheduled__2024-06-30T00:00:00+00:00 [queued]>
[2024-07-14T04:33:56.918+0000] {taskinstance.py:2306} INFO - Starting attempt 1 of 2
[2024-07-14T04:33:56.997+0000] {taskinstance.py:2330} INFO - Executing <Task(DbtRunLocalOperator): transform.raw_regions.run> on 2024-06-30 00:00:00+00:00
[2024-07-14T04:33:57.028+0000] {logging_mixin.py:188} WARNING - /home/airflow/.local/lib/python3.12/site-packages/airflow/task/task_runner/standard_task_runner.py:61 DeprecationWarning: This process (pid=18842) is multi-threaded, use of fork() may lead to deadlocks in the child.
[2024-07-14T04:33:57.039+0000] {standard_task_runner.py:63} INFO - Started process 18863 to run task
[2024-07-14T04:33:57.045+0000] {standard_task_runner.py:90} INFO - Running: ['airflow', 'tasks', 'run', 'ELT-PROJECT', 'transform.raw_regions.run', 'scheduled__2024-06-30T00:00:00+00:00', '--job-id', '1437', '--raw', '--subdir', 'DAGS_FOLDER/elt.py', '--cfg-path', '/tmp/tmpi8a2w4yf']
[2024-07-14T04:33:57.064+0000] {standard_task_runner.py:91} INFO - Job 1437: Subtask transform.raw_regions.run
[2024-07-14T04:33:57.153+0000] {logging_mixin.py:188} WARNING - /home/airflow/.local/lib/python3.12/site-packages/airflow/settings.py:195 DeprecationWarning: The sql_alchemy_conn option in [core] has been moved to the sql_alchemy_conn option in [database] - the old setting has been used, but please update your config.
[2024-07-14T04:33:57.389+0000] {task_command.py:426} INFO - Running <TaskInstance: ELT-PROJECT.transform.raw_regions.run scheduled__2024-06-30T00:00:00+00:00 [running]> on host airflow-scheduler
[2024-07-14T04:33:58.036+0000] {taskinstance.py:2648} INFO - Exporting env vars: AIRFLOW_CTX_DAG_OWNER='Data-Ninja' AIRFLOW_CTX_DAG_ID='ELT-PROJECT' AIRFLOW_CTX_TASK_ID='transform.raw_regions.run' AIRFLOW_CTX_EXECUTION_DATE='2024-06-30T00:00:00+00:00' AIRFLOW_CTX_TRY_NUMBER='1' AIRFLOW_CTX_DAG_RUN_ID='scheduled__2024-06-30T00:00:00+00:00'
[2024-07-14T04:33:58.043+0000] {taskinstance.py:430} INFO - ::endgroup::
[2024-07-14T04:33:58.086+0000] {local.py:174} INFO - Could not import dbtRunner. Falling back to subprocess for invoking dbt.
[2024-07-14T04:33:58.091+0000] {local.py:292} INFO - Cloning project to writable temp directory /tmp/tmpiggmtcm3 from /opt/airflow/dags/dbt/dbt_project
[2024-07-14T04:33:58.125+0000] {local.py:303} INFO - Partial parse is enabled and the latest partial parse file is /tmp/cosmos/ELT-PROJECT__transform/target/partial_parse.msgpack
[2024-07-14T04:33:58.244+0000] {base.py:84} INFO - Using connection ID 'snow_conn' for task execution.
[2024-07-14T04:33:58.246+0000] {crypto.py:82} WARNING - empty cryptography key - values will not be stored encrypted.
[2024-07-14T04:33:58.252+0000] {config.py:298} INFO - Profile caching is enable.
[2024-07-14T04:33:58.257+0000] {config.py:272} INFO - Profile found in cache using profile: /tmp/cosmos/profile/a0017dab0633177292578162811b91dcb9c56d6e54017e9660056cc364a762ad/profiles.yml.
[2024-07-14T04:33:58.258+0000] {local.py:247} INFO - Trying to run the command:
 ['/opt/airflow/dbt_venv/bin/dbt', 'deps', '--project-dir', '/tmp/tmpiggmtcm3', '--profiles-dir', '/tmp/cosmos/profile/a0017dab0633177292578162811b91dcb9c56d6e54017e9660056cc364a762ad', '--profile', 'dbt_project', '--target', 'dev']
From /tmp/tmpiggmtcm3
[2024-07-14T04:33:58.275+0000] {subprocess.py:60} INFO - Tmp dir root location: 
 /tmp
[2024-07-14T04:33:58.278+0000] {subprocess.py:73} INFO - Running command: ['/opt/airflow/dbt_venv/bin/dbt', 'deps', '--project-dir', '/tmp/tmpiggmtcm3', '--profiles-dir', '/tmp/cosmos/profile/a0017dab0633177292578162811b91dcb9c56d6e54017e9660056cc364a762ad', '--profile', 'dbt_project', '--target', 'dev']
[2024-07-14T04:33:58.366+0000] {subprocess.py:84} INFO - Command output:
[2024-07-14T04:34:15.979+0000] {subprocess.py:94} INFO - [0m04:34:15  Running with dbt=1.8.3
[2024-07-14T04:34:18.080+0000] {subprocess.py:94} INFO - [0m04:34:18  Updating lock file in file path: /tmp/tmpiggmtcm3/package-lock.yml
[2024-07-14T04:34:18.111+0000] {subprocess.py:94} INFO - [0m04:34:18  Installing dbt-labs/dbt_utils
[2024-07-14T04:34:19.106+0000] {subprocess.py:94} INFO - [0m04:34:19  Installed from version 0.8.6
[2024-07-14T04:34:19.112+0000] {subprocess.py:94} INFO - [0m04:34:19  Updated version available: 1.2.0
[2024-07-14T04:34:19.119+0000] {subprocess.py:94} INFO - [0m04:34:19
[2024-07-14T04:34:19.128+0000] {subprocess.py:94} INFO - [0m04:34:19  Updates available for packages: ['dbt-labs/dbt_utils']
[2024-07-14T04:34:19.131+0000] {subprocess.py:94} INFO - Update your versions in packages.yml, then run dbt deps
[2024-07-14T04:34:21.497+0000] {subprocess.py:98} INFO - Command exited with return code 0
[2024-07-14T04:34:21.499+0000] {local.py:254} INFO - Update your versions in packages.yml, then run dbt deps
[2024-07-14T04:34:21.502+0000] {local.py:247} INFO - Trying to run the command:
 ['/opt/airflow/dbt_venv/bin/dbt', 'run', '--models', 'raw_regions', '--project-dir', '/tmp/tmpiggmtcm3', '--profiles-dir', '/tmp/cosmos/profile/a0017dab0633177292578162811b91dcb9c56d6e54017e9660056cc364a762ad', '--profile', 'dbt_project', '--target', 'dev']
From /tmp/tmpiggmtcm3
[2024-07-14T04:34:21.504+0000] {subprocess.py:60} INFO - Tmp dir root location: 
 /tmp
[2024-07-14T04:34:21.527+0000] {subprocess.py:73} INFO - Running command: ['/opt/airflow/dbt_venv/bin/dbt', 'run', '--models', 'raw_regions', '--project-dir', '/tmp/tmpiggmtcm3', '--profiles-dir', '/tmp/cosmos/profile/a0017dab0633177292578162811b91dcb9c56d6e54017e9660056cc364a762ad', '--profile', 'dbt_project', '--target', 'dev']
[2024-07-14T04:34:21.618+0000] {subprocess.py:84} INFO - Command output:
[2024-07-14T04:34:37.445+0000] {subprocess.py:94} INFO - [0m04:34:37  Running with dbt=1.8.3
[2024-07-14T04:34:40.349+0000] {subprocess.py:94} INFO - [0m04:34:40  Registered adapter: snowflake=1.8.3
[2024-07-14T04:34:47.615+0000] {subprocess.py:94} INFO - [0m04:34:47  Found 20 models, 27 data tests, 11 sources, 684 macros
[2024-07-14T04:34:47.637+0000] {subprocess.py:94} INFO - [0m04:34:47
[2024-07-14T04:34:57.002+0000] {subprocess.py:94} INFO - [0m04:34:57  Concurrency: 1 threads (target='dev')
[2024-07-14T04:34:57.013+0000] {subprocess.py:94} INFO - [0m04:34:57
[2024-07-14T04:34:57.208+0000] {subprocess.py:94} INFO - [0m04:34:57  1 of 1 START sql table model raw.raw_regions ................................... [RUN]
[2024-07-14T04:35:01.372+0000] {subprocess.py:94} INFO - [0m04:35:01  1 of 1 OK created sql table model raw.raw_regions .............................. [[32mSUCCESS 1[0m in 4.16s]
[2024-07-14T04:35:01.398+0000] {subprocess.py:94} INFO - [0m04:35:01
[2024-07-14T04:35:01.405+0000] {subprocess.py:94} INFO - [0m04:35:01  Finished running 1 table model in 0 hours 0 minutes and 13.75 seconds (13.75s).
[2024-07-14T04:35:02.206+0000] {subprocess.py:94} INFO - [0m04:35:02
[2024-07-14T04:35:02.210+0000] {subprocess.py:94} INFO - [0m04:35:02  [32mCompleted successfully[0m
[2024-07-14T04:35:02.216+0000] {subprocess.py:94} INFO - [0m04:35:02
[2024-07-14T04:35:02.217+0000] {subprocess.py:94} INFO - [0m04:35:02  Done. PASS=1 WARN=0 ERROR=0 SKIP=0 TOTAL=1
[2024-07-14T04:35:04.507+0000] {subprocess.py:98} INFO - Command exited with return code 0
[2024-07-14T04:35:04.511+0000] {local.py:254} INFO - [0m04:35:02  Done. PASS=1 WARN=0 ERROR=0 SKIP=0 TOTAL=1
[2024-07-14T04:35:06.086+0000] {local.py:196} WARNING - Artifact schema version: https://schemas.getdbt.com/dbt/manifest/v12.json is above dbt-ol supported version 7. This might cause errors.
[2024-07-14T04:35:06.101+0000] {local.py:196} WARNING - Artifact schema version: https://schemas.getdbt.com/dbt/run-results/v6.json is above dbt-ol supported version 5. This might cause errors.
[2024-07-14T04:35:06.147+0000] {local.py:349} INFO - Inlets: [Dataset(uri='snowflake://OU00370.europe-west2.gcp/ELT_BATCH.PUBLIC.regions', extra=None)]
[2024-07-14T04:35:06.160+0000] {local.py:350} INFO - Outlets: [Dataset(uri='snowflake://OU00370.europe-west2.gcp/ELT_BATCH.raw.raw_regions', extra=None)]
[2024-07-14T04:35:06.162+0000] {dag.py:3096} INFO - Sync 1 DAGs
[2024-07-14T04:35:06.604+0000] {taskinstance.py:441} INFO - ::group::Post task execution logs
[2024-07-14T04:35:07.346+0000] {taskinstance.py:1206} INFO - Marking task as SUCCESS. dag_id=ELT-PROJECT, task_id=transform.raw_regions.run, run_id=scheduled__2024-06-30T00:00:00+00:00, execution_date=20240630T000000, start_date=20240714T043356, end_date=20240714T043507
[2024-07-14T04:35:07.582+0000] {local_task_job_runner.py:240} INFO - Task exited with return code 0
[2024-07-14T04:35:07.886+0000] {taskinstance.py:3503} INFO - 1 downstream tasks scheduled from follow-on schedule check
[2024-07-14T04:35:07.909+0000] {local_task_job_runner.py:222} INFO - ::endgroup::
