[2024-07-13T14:27:01.286+0000] {local_task_job_runner.py:120} INFO - ::group::Pre task execution logs
[2024-07-13T14:27:01.479+0000] {taskinstance.py:2076} INFO - Dependencies all met for dep_context=non-requeueable deps ti=<TaskInstance: ELT-PROJECT.extract.extract_regions scheduled__2024-07-09T00:00:00+00:00 [queued]>
[2024-07-13T14:27:01.520+0000] {taskinstance.py:2076} INFO - Dependencies all met for dep_context=requeueable deps ti=<TaskInstance: ELT-PROJECT.extract.extract_regions scheduled__2024-07-09T00:00:00+00:00 [queued]>
[2024-07-13T14:27:01.523+0000] {taskinstance.py:2306} INFO - Starting attempt 1 of 2
[2024-07-13T14:27:01.655+0000] {taskinstance.py:2330} INFO - Executing <Task(_PythonDecoratedOperator): extract.extract_regions> on 2024-07-09 00:00:00+00:00
[2024-07-13T14:27:01.676+0000] {standard_task_runner.py:90} INFO - Running: ['airflow', 'tasks', 'run', 'ELT-PROJECT', 'extract.extract_regions', 'scheduled__2024-07-09T00:00:00+00:00', '--job-id', '285', '--raw', '--subdir', 'DAGS_FOLDER/elt.py', '--cfg-path', '/tmp/tmpjpurh7et']
[2024-07-13T14:27:01.687+0000] {standard_task_runner.py:91} INFO - Job 285: Subtask extract.extract_regions
[2024-07-13T14:27:01.681+0000] {logging_mixin.py:188} WARNING - /home/airflow/.local/lib/python3.12/site-packages/airflow/task/task_runner/standard_task_runner.py:61 DeprecationWarning: This process (pid=4245) is multi-threaded, use of fork() may lead to deadlocks in the child.
[2024-07-13T14:27:01.695+0000] {standard_task_runner.py:63} INFO - Started process 4291 to run task
[2024-07-13T14:27:01.806+0000] {logging_mixin.py:188} WARNING - /home/airflow/.local/lib/python3.12/site-packages/airflow/settings.py:195 DeprecationWarning: The sql_alchemy_conn option in [core] has been moved to the sql_alchemy_conn option in [database] - the old setting has been used, but please update your config.
[2024-07-13T14:27:02.070+0000] {task_command.py:426} INFO - Running <TaskInstance: ELT-PROJECT.extract.extract_regions scheduled__2024-07-09T00:00:00+00:00 [running]> on host airflow-scheduler
[2024-07-13T14:27:02.921+0000] {taskinstance.py:2648} INFO - Exporting env vars: AIRFLOW_CTX_DAG_OWNER='Data-Ninja' AIRFLOW_CTX_DAG_ID='ELT-PROJECT' AIRFLOW_CTX_TASK_ID='extract.extract_regions' AIRFLOW_CTX_EXECUTION_DATE='2024-07-09T00:00:00+00:00' AIRFLOW_CTX_TRY_NUMBER='1' AIRFLOW_CTX_DAG_RUN_ID='scheduled__2024-07-09T00:00:00+00:00'
[2024-07-13T14:27:02.924+0000] {taskinstance.py:430} INFO - ::endgroup::
[2024-07-13T14:27:02.984+0000] {base.py:84} INFO - Using connection ID 'post_conn' for task execution.
[2024-07-13T14:27:03.239+0000] {taskinstance.py:441} INFO - ::group::Post task execution logs
[2024-07-13T14:27:03.242+0000] {taskinstance.py:2905} ERROR - Task failed with exception
Traceback (most recent call last):
  File "/home/airflow/.local/lib/python3.12/site-packages/airflow/models/taskinstance.py", line 465, in _execute_task
    result = _execute_callable(context=context, **execute_callable_kwargs)
             ^^^^^^^^^^^^^^^^^^^^^^^^^^^^^^^^^^^^^^^^^^^^^^^^^^^^^^^^^^^^^
  File "/home/airflow/.local/lib/python3.12/site-packages/airflow/models/taskinstance.py", line 432, in _execute_callable
    return execute_callable(context=context, **execute_callable_kwargs)
           ^^^^^^^^^^^^^^^^^^^^^^^^^^^^^^^^^^^^^^^^^^^^^^^^^^^^^^^^^^^^
  File "/home/airflow/.local/lib/python3.12/site-packages/airflow/models/baseoperator.py", line 401, in wrapper
    return func(self, *args, **kwargs)
           ^^^^^^^^^^^^^^^^^^^^^^^^^^^
  File "/home/airflow/.local/lib/python3.12/site-packages/airflow/decorators/base.py", line 265, in execute
    return_value = super().execute(context)
                   ^^^^^^^^^^^^^^^^^^^^^^^^
  File "/home/airflow/.local/lib/python3.12/site-packages/airflow/models/baseoperator.py", line 401, in wrapper
    return func(self, *args, **kwargs)
           ^^^^^^^^^^^^^^^^^^^^^^^^^^^
  File "/home/airflow/.local/lib/python3.12/site-packages/airflow/operators/python.py", line 235, in execute
    return_value = self.execute_callable()
                   ^^^^^^^^^^^^^^^^^^^^^^^
  File "/home/airflow/.local/lib/python3.12/site-packages/airflow/operators/python.py", line 252, in execute_callable
    return self.python_callable(*self.op_args, **self.op_kwargs)
           ^^^^^^^^^^^^^^^^^^^^^^^^^^^^^^^^^^^^^^^^^^^^^^^^^^^^^
  File "/opt/airflow/dags/elt.py", line 49, in extract
    return extract_func(
           ^^^^^^^^^^^^^
  File "/opt/airflow/dags/el_module/extractors.py", line 11, in extract_func
    ).get_conn()
      ^^^^^^^^^^
  File "/home/airflow/.local/lib/python3.12/site-packages/airflow/providers/postgres/hooks/postgres.py", line 175, in get_conn
    self.conn = psycopg2.connect(**conn_args)
                ^^^^^^^^^^^^^^^^^^^^^^^^^^^^^
  File "/home/airflow/.local/lib/python3.12/site-packages/psycopg2/__init__.py", line 122, in connect
    conn = _connect(dsn, connection_factory=connection_factory, **kwasync)
           ^^^^^^^^^^^^^^^^^^^^^^^^^^^^^^^^^^^^^^^^^^^^^^^^^^^^^^^^^^^^^^^
psycopg2.OperationalError: connection to server at "ep-bold-forest-89569418.ap-southeast-1.aws.neon.tech" (13.228.184.177), port 5432 failed: ERROR:  password authentication failed for user 'dataninja'
connection to server at "ep-bold-forest-89569418.ap-southeast-1.aws.neon.tech" (13.228.184.177), port 5432 failed: ERROR:  connection is insecure (try using `sslmode=require`)

[2024-07-13T14:27:03.338+0000] {taskinstance.py:1206} INFO - Marking task as UP_FOR_RETRY. dag_id=ELT-PROJECT, task_id=extract.extract_regions, run_id=scheduled__2024-07-09T00:00:00+00:00, execution_date=20240709T000000, start_date=20240713T142701, end_date=20240713T142703
[2024-07-13T14:27:03.406+0000] {standard_task_runner.py:110} ERROR - Failed to execute job 285 for task extract.extract_regions (connection to server at "ep-bold-forest-89569418.ap-southeast-1.aws.neon.tech" (13.228.184.177), port 5432 failed: ERROR:  password authentication failed for user 'dataninja'
connection to server at "ep-bold-forest-89569418.ap-southeast-1.aws.neon.tech" (13.228.184.177), port 5432 failed: ERROR:  connection is insecure (try using `sslmode=require`)
; 4291)
[2024-07-13T14:27:03.437+0000] {local_task_job_runner.py:240} INFO - Task exited with return code 1
[2024-07-13T14:27:03.484+0000] {local_task_job_runner.py:222} INFO - ::endgroup::
[2024-07-14T03:59:36.002+0000] {local_task_job_runner.py:120} INFO - ::group::Pre task execution logs
[2024-07-14T03:59:36.152+0000] {taskinstance.py:2076} INFO - Dependencies all met for dep_context=non-requeueable deps ti=<TaskInstance: ELT-PROJECT.extract.extract_regions scheduled__2024-07-09T00:00:00+00:00 [queued]>
[2024-07-14T03:59:36.267+0000] {taskinstance.py:2076} INFO - Dependencies all met for dep_context=requeueable deps ti=<TaskInstance: ELT-PROJECT.extract.extract_regions scheduled__2024-07-09T00:00:00+00:00 [queued]>
[2024-07-14T03:59:36.268+0000] {taskinstance.py:2306} INFO - Starting attempt 1 of 2
[2024-07-14T03:59:36.413+0000] {taskinstance.py:2330} INFO - Executing <Task(_PythonDecoratedOperator): extract.extract_regions> on 2024-07-09 00:00:00+00:00
[2024-07-14T03:59:36.457+0000] {standard_task_runner.py:90} INFO - Running: ['airflow', 'tasks', 'run', 'ELT-PROJECT', 'extract.extract_regions', 'scheduled__2024-07-09T00:00:00+00:00', '--job-id', '803', '--raw', '--subdir', 'DAGS_FOLDER/elt.py', '--cfg-path', '/tmp/tmpspwdk9ea']
[2024-07-14T03:59:36.475+0000] {standard_task_runner.py:91} INFO - Job 803: Subtask extract.extract_regions
[2024-07-14T03:59:36.480+0000] {logging_mixin.py:188} WARNING - /home/airflow/.local/lib/python3.12/site-packages/airflow/task/task_runner/standard_task_runner.py:61 DeprecationWarning: This process (pid=9925) is multi-threaded, use of fork() may lead to deadlocks in the child.
[2024-07-14T03:59:36.497+0000] {standard_task_runner.py:63} INFO - Started process 9963 to run task
[2024-07-14T03:59:36.623+0000] {logging_mixin.py:188} WARNING - /home/airflow/.local/lib/python3.12/site-packages/airflow/settings.py:195 DeprecationWarning: The sql_alchemy_conn option in [core] has been moved to the sql_alchemy_conn option in [database] - the old setting has been used, but please update your config.
[2024-07-14T03:59:36.961+0000] {task_command.py:426} INFO - Running <TaskInstance: ELT-PROJECT.extract.extract_regions scheduled__2024-07-09T00:00:00+00:00 [running]> on host airflow-scheduler
[2024-07-14T03:59:37.592+0000] {taskinstance.py:2648} INFO - Exporting env vars: AIRFLOW_CTX_DAG_OWNER='Data-Ninja' AIRFLOW_CTX_DAG_ID='ELT-PROJECT' AIRFLOW_CTX_TASK_ID='extract.extract_regions' AIRFLOW_CTX_EXECUTION_DATE='2024-07-09T00:00:00+00:00' AIRFLOW_CTX_TRY_NUMBER='1' AIRFLOW_CTX_DAG_RUN_ID='scheduled__2024-07-09T00:00:00+00:00'
[2024-07-14T03:59:37.601+0000] {taskinstance.py:430} INFO - ::endgroup::
[2024-07-14T03:59:37.664+0000] {base.py:84} INFO - Using connection ID 'post_conn' for task execution.
[2024-07-14T03:59:37.943+0000] {python.py:237} INFO - Done. Returned value was:    regionID regionDescription
0         3          Northern
1         4          Southern
2         1           Eastern
3         2           Western
[2024-07-14T03:59:38.020+0000] {taskinstance.py:441} INFO - ::group::Post task execution logs
[2024-07-14T03:59:39.268+0000] {taskinstance.py:1206} INFO - Marking task as SUCCESS. dag_id=ELT-PROJECT, task_id=extract.extract_regions, run_id=scheduled__2024-07-09T00:00:00+00:00, execution_date=20240709T000000, start_date=20240714T035936, end_date=20240714T035939
[2024-07-14T03:59:41.073+0000] {local_task_job_runner.py:240} INFO - Task exited with return code 0
[2024-07-14T03:59:41.121+0000] {local_task_job_runner.py:222} INFO - ::endgroup::
