[2024-07-13T15:48:25.496+0000] {local_task_job_runner.py:120} INFO - ::group::Pre task execution logs
[2024-07-13T15:48:25.586+0000] {taskinstance.py:2076} INFO - Dependencies all met for dep_context=non-requeueable deps ti=<TaskInstance: ELT-PROJECT.transform.raw_suppliers.run manual__2024-07-13T15:47:53.906361+00:00 [queued]>
[2024-07-13T15:48:25.628+0000] {taskinstance.py:2076} INFO - Dependencies all met for dep_context=requeueable deps ti=<TaskInstance: ELT-PROJECT.transform.raw_suppliers.run manual__2024-07-13T15:47:53.906361+00:00 [queued]>
[2024-07-13T15:48:25.630+0000] {taskinstance.py:2306} INFO - Starting attempt 1 of 2
[2024-07-13T15:48:25.763+0000] {taskinstance.py:2330} INFO - Executing <Task(DbtRunLocalOperator): transform.raw_suppliers.run> on 2024-07-13 15:47:53.906361+00:00
[2024-07-13T15:48:25.785+0000] {logging_mixin.py:188} WARNING - /home/airflow/.local/lib/python3.12/site-packages/airflow/task/task_runner/standard_task_runner.py:61 DeprecationWarning: This process (pid=2927) is multi-threaded, use of fork() may lead to deadlocks in the child.
[2024-07-13T15:48:25.805+0000] {standard_task_runner.py:63} INFO - Started process 2951 to run task
[2024-07-13T15:48:25.793+0000] {standard_task_runner.py:90} INFO - Running: ['airflow', 'tasks', 'run', 'ELT-PROJECT', 'transform.raw_suppliers.run', 'manual__2024-07-13T15:47:53.906361+00:00', '--job-id', '476', '--raw', '--subdir', 'DAGS_FOLDER/elt.py', '--cfg-path', '/tmp/tmpnjma2vvz']
[2024-07-13T15:48:25.824+0000] {standard_task_runner.py:91} INFO - Job 476: Subtask transform.raw_suppliers.run
[2024-07-13T15:48:25.866+0000] {logging_mixin.py:188} WARNING - /home/airflow/.local/lib/python3.12/site-packages/airflow/settings.py:195 DeprecationWarning: The sql_alchemy_conn option in [core] has been moved to the sql_alchemy_conn option in [database] - the old setting has been used, but please update your config.
[2024-07-13T15:48:26.012+0000] {task_command.py:426} INFO - Running <TaskInstance: ELT-PROJECT.transform.raw_suppliers.run manual__2024-07-13T15:47:53.906361+00:00 [running]> on host airflow-scheduler
[2024-07-13T15:48:26.378+0000] {taskinstance.py:2648} INFO - Exporting env vars: AIRFLOW_CTX_DAG_OWNER='Data-Ninja' AIRFLOW_CTX_DAG_ID='ELT-PROJECT' AIRFLOW_CTX_TASK_ID='transform.raw_suppliers.run' AIRFLOW_CTX_EXECUTION_DATE='2024-07-13T15:47:53.906361+00:00' AIRFLOW_CTX_TRY_NUMBER='1' AIRFLOW_CTX_DAG_RUN_ID='manual__2024-07-13T15:47:53.906361+00:00'
[2024-07-13T15:48:26.381+0000] {taskinstance.py:430} INFO - ::endgroup::
[2024-07-13T15:48:26.385+0000] {local.py:174} INFO - Could not import dbtRunner. Falling back to subprocess for invoking dbt.
[2024-07-13T15:48:26.392+0000] {local.py:292} INFO - Cloning project to writable temp directory /tmp/tmp_renfg05 from /opt/airflow/dags/dbt/dbt_project
[2024-07-13T15:48:26.420+0000] {local.py:303} INFO - Partial parse is enabled and the latest partial parse file is /tmp/cosmos/ELT-PROJECT__transform/target/partial_parse.msgpack
[2024-07-13T15:48:27.033+0000] {base.py:84} INFO - Using connection ID 'snow_conn' for task execution.
[2024-07-13T15:48:27.035+0000] {crypto.py:82} WARNING - empty cryptography key - values will not be stored encrypted.
[2024-07-13T15:48:27.037+0000] {config.py:298} INFO - Profile caching is enable.
[2024-07-13T15:48:27.046+0000] {config.py:272} INFO - Profile found in cache using profile: /tmp/cosmos/profile/a0017dab0633177292578162811b91dcb9c56d6e54017e9660056cc364a762ad/profiles.yml.
[2024-07-13T15:48:27.051+0000] {local.py:247} INFO - Trying to run the command:
 ['/opt/airflow/dbt_venv/bin/dbt', 'deps', '--project-dir', '/tmp/tmp_renfg05', '--profiles-dir', '/tmp/cosmos/profile/a0017dab0633177292578162811b91dcb9c56d6e54017e9660056cc364a762ad', '--profile', 'dbt_project', '--target', 'dev']
From /tmp/tmp_renfg05
[2024-07-13T15:48:27.054+0000] {subprocess.py:60} INFO - Tmp dir root location: 
 /tmp
[2024-07-13T15:48:27.061+0000] {subprocess.py:73} INFO - Running command: ['/opt/airflow/dbt_venv/bin/dbt', 'deps', '--project-dir', '/tmp/tmp_renfg05', '--profiles-dir', '/tmp/cosmos/profile/a0017dab0633177292578162811b91dcb9c56d6e54017e9660056cc364a762ad', '--profile', 'dbt_project', '--target', 'dev']
[2024-07-13T15:48:27.113+0000] {subprocess.py:84} INFO - Command output:
[2024-07-13T15:48:37.823+0000] {subprocess.py:94} INFO - [0m15:48:37  Running with dbt=1.8.3
[2024-07-13T15:48:39.455+0000] {subprocess.py:94} INFO - [0m15:48:39  Updating lock file in file path: /tmp/tmp_renfg05/package-lock.yml
[2024-07-13T15:48:39.566+0000] {subprocess.py:94} INFO - [0m15:48:39  Installing dbt-labs/dbt_utils
[2024-07-13T15:48:40.552+0000] {subprocess.py:94} INFO - [0m15:48:40  Installed from version 0.8.6
[2024-07-13T15:48:40.559+0000] {subprocess.py:94} INFO - [0m15:48:40  Updated version available: 1.2.0
[2024-07-13T15:48:40.565+0000] {subprocess.py:94} INFO - [0m15:48:40
[2024-07-13T15:48:40.587+0000] {subprocess.py:94} INFO - [0m15:48:40  Updates available for packages: ['dbt-labs/dbt_utils']
[2024-07-13T15:48:40.602+0000] {subprocess.py:94} INFO - Update your versions in packages.yml, then run dbt deps
[2024-07-13T15:48:43.359+0000] {subprocess.py:98} INFO - Command exited with return code 0
[2024-07-13T15:48:43.363+0000] {local.py:254} INFO - Update your versions in packages.yml, then run dbt deps
[2024-07-13T15:48:43.365+0000] {local.py:247} INFO - Trying to run the command:
 ['/opt/airflow/dbt_venv/bin/dbt', 'run', '--models', 'raw_suppliers', '--project-dir', '/tmp/tmp_renfg05', '--profiles-dir', '/tmp/cosmos/profile/a0017dab0633177292578162811b91dcb9c56d6e54017e9660056cc364a762ad', '--profile', 'dbt_project', '--target', 'dev']
From /tmp/tmp_renfg05
[2024-07-13T15:48:43.368+0000] {subprocess.py:60} INFO - Tmp dir root location: 
 /tmp
[2024-07-13T15:48:43.373+0000] {subprocess.py:73} INFO - Running command: ['/opt/airflow/dbt_venv/bin/dbt', 'run', '--models', 'raw_suppliers', '--project-dir', '/tmp/tmp_renfg05', '--profiles-dir', '/tmp/cosmos/profile/a0017dab0633177292578162811b91dcb9c56d6e54017e9660056cc364a762ad', '--profile', 'dbt_project', '--target', 'dev']
[2024-07-13T15:48:43.399+0000] {subprocess.py:84} INFO - Command output:
[2024-07-13T15:48:54.320+0000] {subprocess.py:94} INFO - [0m15:48:54  Running with dbt=1.8.3
[2024-07-13T15:48:57.619+0000] {subprocess.py:94} INFO - [0m15:48:57  Registered adapter: snowflake=1.8.3
[2024-07-13T15:49:02.138+0000] {subprocess.py:94} INFO - [0m15:49:02  Found 20 models, 27 data tests, 11 sources, 684 macros
[2024-07-13T15:49:02.154+0000] {subprocess.py:94} INFO - [0m15:49:02
[2024-07-13T15:49:10.906+0000] {subprocess.py:94} INFO - [0m15:49:10  Concurrency: 1 threads (target='dev')
[2024-07-13T15:49:10.908+0000] {subprocess.py:94} INFO - [0m15:49:10
[2024-07-13T15:49:10.934+0000] {subprocess.py:94} INFO - [0m15:49:10  1 of 1 START sql table model raw.raw_suppliers ................................. [RUN]
[2024-07-13T15:49:13.033+0000] {subprocess.py:94} INFO - [0m15:49:13  1 of 1 OK created sql table model raw.raw_suppliers ............................ [[32mSUCCESS 1[0m in 2.09s]
[2024-07-13T15:49:13.043+0000] {subprocess.py:94} INFO - [0m15:49:13
[2024-07-13T15:49:13.045+0000] {subprocess.py:94} INFO - [0m15:49:13  Finished running 1 table model in 0 hours 0 minutes and 10.89 seconds (10.89s).
[2024-07-13T15:49:13.211+0000] {subprocess.py:94} INFO - [0m15:49:13
[2024-07-13T15:49:13.212+0000] {subprocess.py:94} INFO - [0m15:49:13  [32mCompleted successfully[0m
[2024-07-13T15:49:13.213+0000] {subprocess.py:94} INFO - [0m15:49:13
[2024-07-13T15:49:13.214+0000] {subprocess.py:94} INFO - [0m15:49:13  Done. PASS=1 WARN=0 ERROR=0 SKIP=0 TOTAL=1
[2024-07-13T15:49:18.770+0000] {subprocess.py:98} INFO - Command exited with return code 0
[2024-07-13T15:49:18.772+0000] {local.py:254} INFO - [0m15:49:13  Done. PASS=1 WARN=0 ERROR=0 SKIP=0 TOTAL=1
[2024-07-13T15:49:18.805+0000] {local.py:196} WARNING - Artifact schema version: https://schemas.getdbt.com/dbt/manifest/v12.json is above dbt-ol supported version 7. This might cause errors.
[2024-07-13T15:49:18.806+0000] {local.py:196} WARNING - Artifact schema version: https://schemas.getdbt.com/dbt/run-results/v6.json is above dbt-ol supported version 5. This might cause errors.
[2024-07-13T15:49:18.817+0000] {local.py:349} INFO - Inlets: [Dataset(uri='snowflake://OU00370.europe-west2.gcp/ELT_BATCH.PUBLIC.suppliers', extra=None)]
[2024-07-13T15:49:18.819+0000] {local.py:350} INFO - Outlets: [Dataset(uri='snowflake://OU00370.europe-west2.gcp/ELT_BATCH.raw.raw_suppliers', extra=None)]
[2024-07-13T15:49:18.821+0000] {dag.py:3096} INFO - Sync 1 DAGs
[2024-07-13T15:49:18.860+0000] {dag.py:3954} INFO - Setting next_dagrun for ELT-PROJECT to None, run_after=None
[2024-07-13T15:49:18.939+0000] {taskinstance.py:441} INFO - ::group::Post task execution logs
[2024-07-13T15:49:19.015+0000] {taskinstance.py:1206} INFO - Marking task as SUCCESS. dag_id=ELT-PROJECT, task_id=transform.raw_suppliers.run, run_id=manual__2024-07-13T15:47:53.906361+00:00, execution_date=20240713T154753, start_date=20240713T154825, end_date=20240713T154919
[2024-07-13T15:49:19.067+0000] {local_task_job_runner.py:240} INFO - Task exited with return code 0
[2024-07-13T15:49:19.160+0000] {taskinstance.py:3503} INFO - 1 downstream tasks scheduled from follow-on schedule check
[2024-07-13T15:49:19.164+0000] {local_task_job_runner.py:222} INFO - ::endgroup::
