[2024-07-14T04:47:31.869+0000] {local_task_job_runner.py:120} INFO - ::group::Pre task execution logs
[2024-07-14T04:47:32.033+0000] {taskinstance.py:2076} INFO - Dependencies all met for dep_context=non-requeueable deps ti=<TaskInstance: ELT-PROJECT.transform.gross_revenue_run scheduled__2024-07-07T00:00:00+00:00 [queued]>
[2024-07-14T04:47:32.200+0000] {taskinstance.py:2076} INFO - Dependencies all met for dep_context=requeueable deps ti=<TaskInstance: ELT-PROJECT.transform.gross_revenue_run scheduled__2024-07-07T00:00:00+00:00 [queued]>
[2024-07-14T04:47:32.207+0000] {taskinstance.py:2306} INFO - Starting attempt 1 of 2
[2024-07-14T04:47:32.253+0000] {taskinstance.py:2330} INFO - Executing <Task(DbtRunLocalOperator): transform.gross_revenue_run> on 2024-07-07 00:00:00+00:00
[2024-07-14T04:47:32.314+0000] {logging_mixin.py:188} WARNING - /home/airflow/.local/lib/python3.12/site-packages/airflow/task/task_runner/standard_task_runner.py:61 DeprecationWarning: This process (pid=21725) is multi-threaded, use of fork() may lead to deadlocks in the child.
[2024-07-14T04:47:32.327+0000] {standard_task_runner.py:63} INFO - Started process 21760 to run task
[2024-07-14T04:47:32.314+0000] {standard_task_runner.py:90} INFO - Running: ['airflow', 'tasks', 'run', 'ELT-PROJECT', 'transform.gross_revenue_run', 'scheduled__2024-07-07T00:00:00+00:00', '--job-id', '1621', '--raw', '--subdir', 'DAGS_FOLDER/elt.py', '--cfg-path', '/tmp/tmp4uv468vq']
[2024-07-14T04:47:32.331+0000] {standard_task_runner.py:91} INFO - Job 1621: Subtask transform.gross_revenue_run
[2024-07-14T04:47:32.409+0000] {logging_mixin.py:188} WARNING - /home/airflow/.local/lib/python3.12/site-packages/airflow/settings.py:195 DeprecationWarning: The sql_alchemy_conn option in [core] has been moved to the sql_alchemy_conn option in [database] - the old setting has been used, but please update your config.
[2024-07-14T04:47:32.654+0000] {task_command.py:426} INFO - Running <TaskInstance: ELT-PROJECT.transform.gross_revenue_run scheduled__2024-07-07T00:00:00+00:00 [running]> on host airflow-scheduler
[2024-07-14T04:47:33.301+0000] {taskinstance.py:2648} INFO - Exporting env vars: AIRFLOW_CTX_DAG_OWNER='Data-Ninja' AIRFLOW_CTX_DAG_ID='ELT-PROJECT' AIRFLOW_CTX_TASK_ID='transform.gross_revenue_run' AIRFLOW_CTX_EXECUTION_DATE='2024-07-07T00:00:00+00:00' AIRFLOW_CTX_TRY_NUMBER='1' AIRFLOW_CTX_DAG_RUN_ID='scheduled__2024-07-07T00:00:00+00:00'
[2024-07-14T04:47:33.306+0000] {taskinstance.py:430} INFO - ::endgroup::
[2024-07-14T04:47:33.318+0000] {local.py:174} INFO - Could not import dbtRunner. Falling back to subprocess for invoking dbt.
[2024-07-14T04:47:33.340+0000] {local.py:292} INFO - Cloning project to writable temp directory /tmp/tmptxpajuig from /opt/airflow/dags/dbt/dbt_project
[2024-07-14T04:47:33.395+0000] {local.py:303} INFO - Partial parse is enabled and the latest partial parse file is /tmp/cosmos/ELT-PROJECT__transform/target/partial_parse.msgpack
[2024-07-14T04:47:33.499+0000] {base.py:84} INFO - Using connection ID 'snow_conn' for task execution.
[2024-07-14T04:47:33.501+0000] {crypto.py:82} WARNING - empty cryptography key - values will not be stored encrypted.
[2024-07-14T04:47:33.503+0000] {config.py:298} INFO - Profile caching is enable.
[2024-07-14T04:47:33.508+0000] {config.py:272} INFO - Profile found in cache using profile: /tmp/cosmos/profile/a0017dab0633177292578162811b91dcb9c56d6e54017e9660056cc364a762ad/profiles.yml.
[2024-07-14T04:47:33.512+0000] {local.py:247} INFO - Trying to run the command:
 ['/opt/airflow/dbt_venv/bin/dbt', 'deps', '--project-dir', '/tmp/tmptxpajuig', '--profiles-dir', '/tmp/cosmos/profile/a0017dab0633177292578162811b91dcb9c56d6e54017e9660056cc364a762ad', '--profile', 'dbt_project', '--target', 'dev']
From /tmp/tmptxpajuig
[2024-07-14T04:47:33.516+0000] {subprocess.py:60} INFO - Tmp dir root location: 
 /tmp
[2024-07-14T04:47:33.518+0000] {subprocess.py:73} INFO - Running command: ['/opt/airflow/dbt_venv/bin/dbt', 'deps', '--project-dir', '/tmp/tmptxpajuig', '--profiles-dir', '/tmp/cosmos/profile/a0017dab0633177292578162811b91dcb9c56d6e54017e9660056cc364a762ad', '--profile', 'dbt_project', '--target', 'dev']
[2024-07-14T04:47:33.557+0000] {subprocess.py:84} INFO - Command output:
[2024-07-14T04:47:45.986+0000] {subprocess.py:94} INFO - [0m04:47:45  Running with dbt=1.8.3
[2024-07-14T04:47:47.566+0000] {subprocess.py:94} INFO - [0m04:47:47  Updating lock file in file path: /tmp/tmptxpajuig/package-lock.yml
[2024-07-14T04:47:47.623+0000] {subprocess.py:94} INFO - [0m04:47:47  Installing dbt-labs/dbt_utils
[2024-07-14T04:47:48.717+0000] {subprocess.py:94} INFO - [0m04:47:48  Installed from version 0.8.6
[2024-07-14T04:47:48.720+0000] {subprocess.py:94} INFO - [0m04:47:48  Updated version available: 1.2.0
[2024-07-14T04:47:48.725+0000] {subprocess.py:94} INFO - [0m04:47:48
[2024-07-14T04:47:48.728+0000] {subprocess.py:94} INFO - [0m04:47:48  Updates available for packages: ['dbt-labs/dbt_utils']
[2024-07-14T04:47:48.732+0000] {subprocess.py:94} INFO - Update your versions in packages.yml, then run dbt deps
[2024-07-14T04:47:51.330+0000] {subprocess.py:98} INFO - Command exited with return code 0
[2024-07-14T04:47:51.335+0000] {local.py:254} INFO - Update your versions in packages.yml, then run dbt deps
[2024-07-14T04:47:51.338+0000] {local.py:247} INFO - Trying to run the command:
 ['/opt/airflow/dbt_venv/bin/dbt', 'run', '--models', 'gross_revenue', '--project-dir', '/tmp/tmptxpajuig', '--profiles-dir', '/tmp/cosmos/profile/a0017dab0633177292578162811b91dcb9c56d6e54017e9660056cc364a762ad', '--profile', 'dbt_project', '--target', 'dev']
From /tmp/tmptxpajuig
[2024-07-14T04:47:51.341+0000] {subprocess.py:60} INFO - Tmp dir root location: 
 /tmp
[2024-07-14T04:47:51.350+0000] {subprocess.py:73} INFO - Running command: ['/opt/airflow/dbt_venv/bin/dbt', 'run', '--models', 'gross_revenue', '--project-dir', '/tmp/tmptxpajuig', '--profiles-dir', '/tmp/cosmos/profile/a0017dab0633177292578162811b91dcb9c56d6e54017e9660056cc364a762ad', '--profile', 'dbt_project', '--target', 'dev']
[2024-07-14T04:47:51.441+0000] {subprocess.py:84} INFO - Command output:
[2024-07-14T04:48:08.561+0000] {subprocess.py:94} INFO - [0m04:48:08  Running with dbt=1.8.3
[2024-07-14T04:48:13.257+0000] {subprocess.py:94} INFO - [0m04:48:13  Registered adapter: snowflake=1.8.3
[2024-07-14T04:48:18.326+0000] {subprocess.py:94} INFO - [0m04:48:18  Found 20 models, 27 data tests, 11 sources, 684 macros
[2024-07-14T04:48:18.336+0000] {subprocess.py:94} INFO - [0m04:48:18
[2024-07-14T04:48:27.019+0000] {subprocess.py:94} INFO - [0m04:48:27  Concurrency: 1 threads (target='dev')
[2024-07-14T04:48:27.023+0000] {subprocess.py:94} INFO - [0m04:48:27
[2024-07-14T04:48:27.214+0000] {subprocess.py:94} INFO - [0m04:48:27  1 of 1 START sql table model dm.gross_revenue .................................. [RUN]
[2024-07-14T04:48:31.027+0000] {subprocess.py:94} INFO - [0m04:48:31  1 of 1 OK created sql table model dm.gross_revenue ............................. [[32mSUCCESS 1[0m in 3.79s]
[2024-07-14T04:48:31.055+0000] {subprocess.py:94} INFO - [0m04:48:31
[2024-07-14T04:48:31.071+0000] {subprocess.py:94} INFO - [0m04:48:31  Finished running 1 table model in 0 hours 0 minutes and 12.71 seconds (12.71s).
[2024-07-14T04:48:31.836+0000] {subprocess.py:94} INFO - [0m04:48:31
[2024-07-14T04:48:31.860+0000] {subprocess.py:94} INFO - [0m04:48:31  [32mCompleted successfully[0m
[2024-07-14T04:48:31.866+0000] {subprocess.py:94} INFO - [0m04:48:31
[2024-07-14T04:48:31.872+0000] {subprocess.py:94} INFO - [0m04:48:31  Done. PASS=1 WARN=0 ERROR=0 SKIP=0 TOTAL=1
[2024-07-14T04:48:34.828+0000] {subprocess.py:98} INFO - Command exited with return code 0
[2024-07-14T04:48:34.839+0000] {local.py:254} INFO - [0m04:48:31  Done. PASS=1 WARN=0 ERROR=0 SKIP=0 TOTAL=1
[2024-07-14T04:48:35.747+0000] {local.py:196} WARNING - Artifact schema version: https://schemas.getdbt.com/dbt/manifest/v12.json is above dbt-ol supported version 7. This might cause errors.
[2024-07-14T04:48:35.755+0000] {local.py:196} WARNING - Artifact schema version: https://schemas.getdbt.com/dbt/run-results/v6.json is above dbt-ol supported version 5. This might cause errors.
[2024-07-14T04:48:35.796+0000] {local.py:349} INFO - Inlets: [Dataset(uri='snowflake://OU00370.europe-west2.gcp/ELT_BATCH.dwh.dim_products', extra=None), Dataset(uri='snowflake://OU00370.europe-west2.gcp/ELT_BATCH.dwh.dim_suppliers', extra=None), Dataset(uri='snowflake://OU00370.europe-west2.gcp/ELT_BATCH.dwh.fact_order_details', extra=None), Dataset(uri='snowflake://OU00370.europe-west2.gcp/ELT_BATCH.dwh.fact_orders', extra=None)]
[2024-07-14T04:48:35.804+0000] {local.py:350} INFO - Outlets: [Dataset(uri='snowflake://OU00370.europe-west2.gcp/ELT_BATCH.dm.gross_revenue', extra=None)]
[2024-07-14T04:48:35.824+0000] {dag.py:3096} INFO - Sync 1 DAGs
[2024-07-14T04:48:36.036+0000] {dag.py:3954} INFO - Setting next_dagrun for ELT-PROJECT to 2024-07-14 00:00:00+00:00, run_after=2024-07-15 00:00:00+00:00
[2024-07-14T04:48:36.416+0000] {taskinstance.py:441} INFO - ::group::Post task execution logs
[2024-07-14T04:48:36.765+0000] {taskinstance.py:1206} INFO - Marking task as SUCCESS. dag_id=ELT-PROJECT, task_id=transform.gross_revenue_run, run_id=scheduled__2024-07-07T00:00:00+00:00, execution_date=20240707T000000, start_date=20240714T044732, end_date=20240714T044836
[2024-07-14T04:48:37.450+0000] {local_task_job_runner.py:240} INFO - Task exited with return code 0
[2024-07-14T04:48:37.770+0000] {taskinstance.py:3503} INFO - 0 downstream tasks scheduled from follow-on schedule check
[2024-07-14T04:48:37.792+0000] {local_task_job_runner.py:222} INFO - ::endgroup::
