[2024-07-14T04:00:48.443+0000] {local_task_job_runner.py:120} INFO - ::group::Pre task execution logs
[2024-07-14T04:00:48.554+0000] {taskinstance.py:2076} INFO - Dependencies all met for dep_context=non-requeueable deps ti=<TaskInstance: ELT-PROJECT.load.load_order_details scheduled__2024-06-30T00:00:00+00:00 [queued]>
[2024-07-14T04:00:48.587+0000] {taskinstance.py:2076} INFO - Dependencies all met for dep_context=requeueable deps ti=<TaskInstance: ELT-PROJECT.load.load_order_details scheduled__2024-06-30T00:00:00+00:00 [queued]>
[2024-07-14T04:00:48.589+0000] {taskinstance.py:2306} INFO - Starting attempt 1 of 2
[2024-07-14T04:00:48.625+0000] {taskinstance.py:2330} INFO - Executing <Task(_PythonDecoratedOperator): load.load_order_details> on 2024-06-30 00:00:00+00:00
[2024-07-14T04:00:48.670+0000] {logging_mixin.py:188} WARNING - /home/airflow/.local/lib/python3.12/site-packages/airflow/task/task_runner/standard_task_runner.py:61 DeprecationWarning: This process (pid=10566) is multi-threaded, use of fork() may lead to deadlocks in the child.
[2024-07-14T04:00:48.681+0000] {standard_task_runner.py:90} INFO - Running: ['airflow', 'tasks', 'run', 'ELT-PROJECT', 'load.load_order_details', 'scheduled__2024-06-30T00:00:00+00:00', '--job-id', '885', '--raw', '--subdir', 'DAGS_FOLDER/elt.py', '--cfg-path', '/tmp/tmpuc9ze7q0']
[2024-07-14T04:00:48.705+0000] {standard_task_runner.py:63} INFO - Started process 10611 to run task
[2024-07-14T04:00:48.705+0000] {standard_task_runner.py:91} INFO - Job 885: Subtask load.load_order_details
[2024-07-14T04:00:48.776+0000] {logging_mixin.py:188} WARNING - /home/airflow/.local/lib/python3.12/site-packages/airflow/settings.py:195 DeprecationWarning: The sql_alchemy_conn option in [core] has been moved to the sql_alchemy_conn option in [database] - the old setting has been used, but please update your config.
[2024-07-14T04:00:48.982+0000] {task_command.py:426} INFO - Running <TaskInstance: ELT-PROJECT.load.load_order_details scheduled__2024-06-30T00:00:00+00:00 [running]> on host airflow-scheduler
[2024-07-14T04:00:50.267+0000] {taskinstance.py:2648} INFO - Exporting env vars: AIRFLOW_CTX_DAG_OWNER='Data-Ninja' AIRFLOW_CTX_DAG_ID='ELT-PROJECT' AIRFLOW_CTX_TASK_ID='load.load_order_details' AIRFLOW_CTX_EXECUTION_DATE='2024-06-30T00:00:00+00:00' AIRFLOW_CTX_TRY_NUMBER='1' AIRFLOW_CTX_DAG_RUN_ID='scheduled__2024-06-30T00:00:00+00:00'
[2024-07-14T04:00:50.273+0000] {taskinstance.py:430} INFO - ::endgroup::
[2024-07-14T04:00:50.281+0000] {connection.py:399} INFO - Snowflake Connector for Python Version: 3.10.1, Python Version: 3.12.4, Platform: Linux-5.15.133.1-microsoft-standard-WSL2-x86_64-with-glibc2.36
[2024-07-14T04:00:50.284+0000] {connection.py:1249} INFO - THIS CONNECTION IS IN INSECURE MODE. IT MEANS THE CERTIFICATE WILL BE VALIDATED BUT THE CERTIFICATE REVOCATION STATUS WILL NOT BE CHECKED.
[2024-07-14T04:00:50.883+0000] {ssl_wrap_socket.py:100} INFO - THIS CONNECTION IS IN INSECURE MODE. IT MEANS THE CERTIFICATE WILL BE VALIDATED BUT THE CERTIFICATE REVOCATION STATUS WILL NOT BE CHECKED.
[2024-07-14T04:00:51.292+0000] {logging_mixin.py:188} INFO - Nama kolom di DataFrame: Index(['orderID', 'productID', 'unitPrice', 'quantity', 'discount'], dtype='object')
[2024-07-14T04:00:51.708+0000] {cursor.py:1149} INFO - Number of results in first chunk: 1
[2024-07-14T04:00:52.810+0000] {ssl_wrap_socket.py:100} INFO - THIS CONNECTION IS IN INSECURE MODE. IT MEANS THE CERTIFICATE WILL BE VALIDATED BUT THE CERTIFICATE REVOCATION STATUS WILL NOT BE CHECKED.
[2024-07-14T04:00:55.186+0000] {cursor.py:1149} INFO - Number of results in first chunk: 1
[2024-07-14T04:00:55.854+0000] {cursor.py:1149} INFO - Number of results in first chunk: 5
[2024-07-14T04:00:56.267+0000] {cursor.py:1149} INFO - Number of results in first chunk: 1
[2024-07-14T04:00:57.193+0000] {cursor.py:1149} INFO - Number of results in first chunk: 1
[2024-07-14T04:00:58.954+0000] {cursor.py:1149} INFO - Number of results in first chunk: 1
[2024-07-14T04:00:58.957+0000] {logging_mixin.py:188} INFO - Done order_details.
[2024-07-14T04:00:58.958+0000] {connection.py:762} INFO - closed
[2024-07-14T04:00:59.308+0000] {connection.py:768} INFO - No async queries seem to be running, deleting session
[2024-07-14T04:00:59.658+0000] {python.py:237} INFO - Done. Returned value was: None
[2024-07-14T04:00:59.664+0000] {taskinstance.py:441} INFO - ::group::Post task execution logs
[2024-07-14T04:00:59.715+0000] {taskinstance.py:1206} INFO - Marking task as SUCCESS. dag_id=ELT-PROJECT, task_id=load.load_order_details, run_id=scheduled__2024-06-30T00:00:00+00:00, execution_date=20240630T000000, start_date=20240714T040048, end_date=20240714T040059
[2024-07-14T04:01:00.501+0000] {local_task_job_runner.py:240} INFO - Task exited with return code 0
[2024-07-14T04:01:00.594+0000] {local_task_job_runner.py:222} INFO - ::endgroup::
