[2024-07-14T04:37:18.317+0000] {local_task_job_runner.py:120} INFO - ::group::Pre task execution logs
[2024-07-14T04:37:18.546+0000] {taskinstance.py:2076} INFO - Dependencies all met for dep_context=non-requeueable deps ti=<TaskInstance: ELT-PROJECT.transform.raw_regions.run scheduled__2024-07-10T00:00:00+00:00 [queued]>
[2024-07-14T04:37:18.654+0000] {taskinstance.py:2076} INFO - Dependencies all met for dep_context=requeueable deps ti=<TaskInstance: ELT-PROJECT.transform.raw_regions.run scheduled__2024-07-10T00:00:00+00:00 [queued]>
[2024-07-14T04:37:18.656+0000] {taskinstance.py:2306} INFO - Starting attempt 1 of 2
[2024-07-14T04:37:18.775+0000] {taskinstance.py:2330} INFO - Executing <Task(DbtRunLocalOperator): transform.raw_regions.run> on 2024-07-10 00:00:00+00:00
[2024-07-14T04:37:18.793+0000] {logging_mixin.py:188} WARNING - /home/airflow/.local/lib/python3.12/site-packages/airflow/task/task_runner/standard_task_runner.py:61 DeprecationWarning: This process (pid=19543) is multi-threaded, use of fork() may lead to deadlocks in the child.
[2024-07-14T04:37:18.815+0000] {standard_task_runner.py:63} INFO - Started process 19569 to run task
[2024-07-14T04:37:18.806+0000] {standard_task_runner.py:90} INFO - Running: ['airflow', 'tasks', 'run', 'ELT-PROJECT', 'transform.raw_regions.run', 'scheduled__2024-07-10T00:00:00+00:00', '--job-id', '1479', '--raw', '--subdir', 'DAGS_FOLDER/elt.py', '--cfg-path', '/tmp/tmpfzievnsc']
[2024-07-14T04:37:18.836+0000] {standard_task_runner.py:91} INFO - Job 1479: Subtask transform.raw_regions.run
[2024-07-14T04:37:18.955+0000] {logging_mixin.py:188} WARNING - /home/airflow/.local/lib/python3.12/site-packages/airflow/settings.py:195 DeprecationWarning: The sql_alchemy_conn option in [core] has been moved to the sql_alchemy_conn option in [database] - the old setting has been used, but please update your config.
[2024-07-14T04:37:19.131+0000] {task_command.py:426} INFO - Running <TaskInstance: ELT-PROJECT.transform.raw_regions.run scheduled__2024-07-10T00:00:00+00:00 [running]> on host airflow-scheduler
[2024-07-14T04:37:19.789+0000] {taskinstance.py:2648} INFO - Exporting env vars: AIRFLOW_CTX_DAG_OWNER='Data-Ninja' AIRFLOW_CTX_DAG_ID='ELT-PROJECT' AIRFLOW_CTX_TASK_ID='transform.raw_regions.run' AIRFLOW_CTX_EXECUTION_DATE='2024-07-10T00:00:00+00:00' AIRFLOW_CTX_TRY_NUMBER='1' AIRFLOW_CTX_DAG_RUN_ID='scheduled__2024-07-10T00:00:00+00:00'
[2024-07-14T04:37:19.801+0000] {taskinstance.py:430} INFO - ::endgroup::
[2024-07-14T04:37:19.811+0000] {local.py:174} INFO - Could not import dbtRunner. Falling back to subprocess for invoking dbt.
[2024-07-14T04:37:19.814+0000] {local.py:292} INFO - Cloning project to writable temp directory /tmp/tmpp921k62q from /opt/airflow/dags/dbt/dbt_project
[2024-07-14T04:37:19.832+0000] {local.py:303} INFO - Partial parse is enabled and the latest partial parse file is /tmp/cosmos/ELT-PROJECT__transform/target/partial_parse.msgpack
[2024-07-14T04:37:20.076+0000] {base.py:84} INFO - Using connection ID 'snow_conn' for task execution.
[2024-07-14T04:37:20.078+0000] {crypto.py:82} WARNING - empty cryptography key - values will not be stored encrypted.
[2024-07-14T04:37:20.079+0000] {config.py:298} INFO - Profile caching is enable.
[2024-07-14T04:37:20.087+0000] {config.py:272} INFO - Profile found in cache using profile: /tmp/cosmos/profile/a0017dab0633177292578162811b91dcb9c56d6e54017e9660056cc364a762ad/profiles.yml.
[2024-07-14T04:37:20.097+0000] {local.py:247} INFO - Trying to run the command:
 ['/opt/airflow/dbt_venv/bin/dbt', 'deps', '--project-dir', '/tmp/tmpp921k62q', '--profiles-dir', '/tmp/cosmos/profile/a0017dab0633177292578162811b91dcb9c56d6e54017e9660056cc364a762ad', '--profile', 'dbt_project', '--target', 'dev']
From /tmp/tmpp921k62q
[2024-07-14T04:37:20.102+0000] {subprocess.py:60} INFO - Tmp dir root location: 
 /tmp
[2024-07-14T04:37:20.131+0000] {subprocess.py:73} INFO - Running command: ['/opt/airflow/dbt_venv/bin/dbt', 'deps', '--project-dir', '/tmp/tmpp921k62q', '--profiles-dir', '/tmp/cosmos/profile/a0017dab0633177292578162811b91dcb9c56d6e54017e9660056cc364a762ad', '--profile', 'dbt_project', '--target', 'dev']
[2024-07-14T04:37:20.220+0000] {subprocess.py:84} INFO - Command output:
[2024-07-14T04:37:39.028+0000] {subprocess.py:94} INFO - [0m04:37:39  Running with dbt=1.8.3
[2024-07-14T04:37:41.862+0000] {subprocess.py:94} INFO - [0m04:37:41  Updating lock file in file path: /tmp/tmpp921k62q/package-lock.yml
[2024-07-14T04:37:41.950+0000] {subprocess.py:94} INFO - [0m04:37:41  Installing dbt-labs/dbt_utils
[2024-07-14T04:37:43.919+0000] {subprocess.py:94} INFO - [0m04:37:43  Installed from version 0.8.6
[2024-07-14T04:37:43.923+0000] {subprocess.py:94} INFO - [0m04:37:43  Updated version available: 1.2.0
[2024-07-14T04:37:43.934+0000] {subprocess.py:94} INFO - [0m04:37:43
[2024-07-14T04:37:43.936+0000] {subprocess.py:94} INFO - [0m04:37:43  Updates available for packages: ['dbt-labs/dbt_utils']
[2024-07-14T04:37:43.939+0000] {subprocess.py:94} INFO - Update your versions in packages.yml, then run dbt deps
[2024-07-14T04:37:46.720+0000] {subprocess.py:98} INFO - Command exited with return code 0
[2024-07-14T04:37:46.723+0000] {local.py:254} INFO - Update your versions in packages.yml, then run dbt deps
[2024-07-14T04:37:46.725+0000] {local.py:247} INFO - Trying to run the command:
 ['/opt/airflow/dbt_venv/bin/dbt', 'run', '--models', 'raw_regions', '--project-dir', '/tmp/tmpp921k62q', '--profiles-dir', '/tmp/cosmos/profile/a0017dab0633177292578162811b91dcb9c56d6e54017e9660056cc364a762ad', '--profile', 'dbt_project', '--target', 'dev']
From /tmp/tmpp921k62q
[2024-07-14T04:37:46.728+0000] {subprocess.py:60} INFO - Tmp dir root location: 
 /tmp
[2024-07-14T04:37:46.740+0000] {subprocess.py:73} INFO - Running command: ['/opt/airflow/dbt_venv/bin/dbt', 'run', '--models', 'raw_regions', '--project-dir', '/tmp/tmpp921k62q', '--profiles-dir', '/tmp/cosmos/profile/a0017dab0633177292578162811b91dcb9c56d6e54017e9660056cc364a762ad', '--profile', 'dbt_project', '--target', 'dev']
[2024-07-14T04:37:46.885+0000] {subprocess.py:84} INFO - Command output:
[2024-07-14T04:38:01.474+0000] {subprocess.py:94} INFO - [0m04:38:01  Running with dbt=1.8.3
[2024-07-14T04:38:06.120+0000] {subprocess.py:94} INFO - [0m04:38:06  Registered adapter: snowflake=1.8.3
[2024-07-14T04:38:10.994+0000] {subprocess.py:94} INFO - [0m04:38:10  Found 20 models, 27 data tests, 11 sources, 684 macros
[2024-07-14T04:38:11.004+0000] {subprocess.py:94} INFO - [0m04:38:11
[2024-07-14T04:38:19.071+0000] {subprocess.py:94} INFO - [0m04:38:19  Concurrency: 1 threads (target='dev')
[2024-07-14T04:38:19.078+0000] {subprocess.py:94} INFO - [0m04:38:19
[2024-07-14T04:38:19.207+0000] {subprocess.py:94} INFO - [0m04:38:19  1 of 1 START sql table model raw.raw_regions ................................... [RUN]
[2024-07-14T04:38:22.295+0000] {subprocess.py:94} INFO - [0m04:38:22  1 of 1 OK created sql table model raw.raw_regions .............................. [[32mSUCCESS 1[0m in 3.08s]
[2024-07-14T04:38:22.318+0000] {subprocess.py:94} INFO - [0m04:38:22
[2024-07-14T04:38:22.320+0000] {subprocess.py:94} INFO - [0m04:38:22  Finished running 1 table model in 0 hours 0 minutes and 11.31 seconds (11.31s).
[2024-07-14T04:38:22.978+0000] {subprocess.py:94} INFO - [0m04:38:22
[2024-07-14T04:38:22.983+0000] {subprocess.py:94} INFO - [0m04:38:22  [32mCompleted successfully[0m
[2024-07-14T04:38:22.985+0000] {subprocess.py:94} INFO - [0m04:38:22
[2024-07-14T04:38:22.991+0000] {subprocess.py:94} INFO - [0m04:38:22  Done. PASS=1 WARN=0 ERROR=0 SKIP=0 TOTAL=1
[2024-07-14T04:38:25.302+0000] {subprocess.py:98} INFO - Command exited with return code 0
[2024-07-14T04:38:25.306+0000] {local.py:254} INFO - [0m04:38:22  Done. PASS=1 WARN=0 ERROR=0 SKIP=0 TOTAL=1
[2024-07-14T04:38:26.459+0000] {local.py:196} WARNING - Artifact schema version: https://schemas.getdbt.com/dbt/manifest/v12.json is above dbt-ol supported version 7. This might cause errors.
[2024-07-14T04:38:26.464+0000] {local.py:196} WARNING - Artifact schema version: https://schemas.getdbt.com/dbt/run-results/v6.json is above dbt-ol supported version 5. This might cause errors.
[2024-07-14T04:38:26.531+0000] {local.py:349} INFO - Inlets: [Dataset(uri='snowflake://OU00370.europe-west2.gcp/ELT_BATCH.PUBLIC.regions', extra=None)]
[2024-07-14T04:38:26.555+0000] {local.py:350} INFO - Outlets: [Dataset(uri='snowflake://OU00370.europe-west2.gcp/ELT_BATCH.raw.raw_regions', extra=None)]
[2024-07-14T04:38:26.579+0000] {dag.py:3096} INFO - Sync 1 DAGs
[2024-07-14T04:38:27.172+0000] {taskinstance.py:441} INFO - ::group::Post task execution logs
[2024-07-14T04:38:27.417+0000] {taskinstance.py:1206} INFO - Marking task as SUCCESS. dag_id=ELT-PROJECT, task_id=transform.raw_regions.run, run_id=scheduled__2024-07-10T00:00:00+00:00, execution_date=20240710T000000, start_date=20240714T043718, end_date=20240714T043827
[2024-07-14T04:38:27.642+0000] {local_task_job_runner.py:240} INFO - Task exited with return code 0
[2024-07-14T04:38:27.711+0000] {local_task_job_runner.py:222} INFO - ::endgroup::
