[2024-07-14T03:47:19.816+0000] {local_task_job_runner.py:120} INFO - ::group::Pre task execution logs
[2024-07-14T03:47:19.927+0000] {taskinstance.py:2076} INFO - Dependencies all met for dep_context=non-requeueable deps ti=<TaskInstance: ELT-PROJECT.load.load_territories manual__2024-07-14T03:47:05.410676+00:00 [queued]>
[2024-07-14T03:47:19.978+0000] {taskinstance.py:2076} INFO - Dependencies all met for dep_context=requeueable deps ti=<TaskInstance: ELT-PROJECT.load.load_territories manual__2024-07-14T03:47:05.410676+00:00 [queued]>
[2024-07-14T03:47:19.983+0000] {taskinstance.py:2306} INFO - Starting attempt 1 of 2
[2024-07-14T03:47:20.055+0000] {taskinstance.py:2330} INFO - Executing <Task(_PythonDecoratedOperator): load.load_territories> on 2024-07-14 03:47:05.410676+00:00
[2024-07-14T03:47:20.081+0000] {logging_mixin.py:188} WARNING - /home/airflow/.local/lib/python3.12/site-packages/airflow/task/task_runner/standard_task_runner.py:61 DeprecationWarning: This process (pid=8329) is multi-threaded, use of fork() may lead to deadlocks in the child.
[2024-07-14T03:47:20.085+0000] {standard_task_runner.py:63} INFO - Started process 8353 to run task
[2024-07-14T03:47:20.085+0000] {standard_task_runner.py:90} INFO - Running: ['airflow', 'tasks', 'run', 'ELT-PROJECT', 'load.load_territories', 'manual__2024-07-14T03:47:05.410676+00:00', '--job-id', '627', '--raw', '--subdir', 'DAGS_FOLDER/elt.py', '--cfg-path', '/tmp/tmpvxsqluoc']
[2024-07-14T03:47:20.095+0000] {standard_task_runner.py:91} INFO - Job 627: Subtask load.load_territories
[2024-07-14T03:47:20.160+0000] {logging_mixin.py:188} WARNING - /home/airflow/.local/lib/python3.12/site-packages/airflow/settings.py:195 DeprecationWarning: The sql_alchemy_conn option in [core] has been moved to the sql_alchemy_conn option in [database] - the old setting has been used, but please update your config.
[2024-07-14T03:47:20.353+0000] {task_command.py:426} INFO - Running <TaskInstance: ELT-PROJECT.load.load_territories manual__2024-07-14T03:47:05.410676+00:00 [running]> on host airflow-scheduler
[2024-07-14T03:47:21.952+0000] {taskinstance.py:2648} INFO - Exporting env vars: AIRFLOW_CTX_DAG_OWNER='Data-Ninja' AIRFLOW_CTX_DAG_ID='ELT-PROJECT' AIRFLOW_CTX_TASK_ID='load.load_territories' AIRFLOW_CTX_EXECUTION_DATE='2024-07-14T03:47:05.410676+00:00' AIRFLOW_CTX_TRY_NUMBER='1' AIRFLOW_CTX_DAG_RUN_ID='manual__2024-07-14T03:47:05.410676+00:00'
[2024-07-14T03:47:21.954+0000] {taskinstance.py:430} INFO - ::endgroup::
[2024-07-14T03:47:21.958+0000] {connection.py:399} INFO - Snowflake Connector for Python Version: 3.10.1, Python Version: 3.12.4, Platform: Linux-5.15.133.1-microsoft-standard-WSL2-x86_64-with-glibc2.36
[2024-07-14T03:47:21.963+0000] {connection.py:1249} INFO - THIS CONNECTION IS IN INSECURE MODE. IT MEANS THE CERTIFICATE WILL BE VALIDATED BUT THE CERTIFICATE REVOCATION STATUS WILL NOT BE CHECKED.
[2024-07-14T03:47:22.186+0000] {ssl_wrap_socket.py:100} INFO - THIS CONNECTION IS IN INSECURE MODE. IT MEANS THE CERTIFICATE WILL BE VALIDATED BUT THE CERTIFICATE REVOCATION STATUS WILL NOT BE CHECKED.
[2024-07-14T03:47:22.581+0000] {logging_mixin.py:188} INFO - Nama kolom di DataFrame: Index(['territoryID', 'territoryDescription', 'regionID'], dtype='object')
[2024-07-14T03:47:23.011+0000] {cursor.py:1149} INFO - Number of results in first chunk: 1
[2024-07-14T03:47:23.674+0000] {ssl_wrap_socket.py:100} INFO - THIS CONNECTION IS IN INSECURE MODE. IT MEANS THE CERTIFICATE WILL BE VALIDATED BUT THE CERTIFICATE REVOCATION STATUS WILL NOT BE CHECKED.
[2024-07-14T03:47:26.395+0000] {cursor.py:1149} INFO - Number of results in first chunk: 1
[2024-07-14T03:47:27.681+0000] {cursor.py:1149} INFO - Number of results in first chunk: 3
[2024-07-14T03:47:28.074+0000] {cursor.py:1149} INFO - Number of results in first chunk: 1
[2024-07-14T03:47:28.635+0000] {cursor.py:1149} INFO - Number of results in first chunk: 1
[2024-07-14T03:47:30.083+0000] {cursor.py:1149} INFO - Number of results in first chunk: 1
[2024-07-14T03:47:30.087+0000] {logging_mixin.py:188} INFO - Done territories.
[2024-07-14T03:47:30.089+0000] {connection.py:762} INFO - closed
[2024-07-14T03:47:30.576+0000] {connection.py:768} INFO - No async queries seem to be running, deleting session
[2024-07-14T03:47:31.204+0000] {python.py:237} INFO - Done. Returned value was: None
[2024-07-14T03:47:31.210+0000] {taskinstance.py:441} INFO - ::group::Post task execution logs
[2024-07-14T03:47:31.302+0000] {taskinstance.py:1206} INFO - Marking task as SUCCESS. dag_id=ELT-PROJECT, task_id=load.load_territories, run_id=manual__2024-07-14T03:47:05.410676+00:00, execution_date=20240714T034705, start_date=20240714T034719, end_date=20240714T034731
[2024-07-14T03:47:31.375+0000] {local_task_job_runner.py:240} INFO - Task exited with return code 0
[2024-07-14T03:47:31.405+0000] {local_task_job_runner.py:222} INFO - ::endgroup::
