[2024-06-22T22:07:39.281+0000] {local_task_job_runner.py:120} INFO - ::group::Pre task execution logs
[2024-06-22T22:07:39.803+0000] {taskinstance.py:2076} INFO - Dependencies all met for dep_context=non-requeueable deps ti=<TaskInstance: ELT-PROJECT.extract.extract_regions manual__2024-06-22T22:07:07.994851+00:00 [queued]>
[2024-06-22T22:07:40.081+0000] {taskinstance.py:2076} INFO - Dependencies all met for dep_context=requeueable deps ti=<TaskInstance: ELT-PROJECT.extract.extract_regions manual__2024-06-22T22:07:07.994851+00:00 [queued]>
[2024-06-22T22:07:40.087+0000] {taskinstance.py:2306} INFO - Starting attempt 1 of 2
[2024-06-22T22:07:40.313+0000] {taskinstance.py:2330} INFO - Executing <Task(_PythonDecoratedOperator): extract.extract_regions> on 2024-06-22 22:07:07.994851+00:00
[2024-06-22T22:07:40.600+0000] {logging_mixin.py:188} WARNING - /home/airflow/.local/lib/python3.12/site-packages/airflow/task/task_runner/standard_task_runner.py:61 DeprecationWarning: This process (pid=317) is multi-threaded, use of fork() may lead to deadlocks in the child.
[2024-06-22T22:07:40.623+0000] {standard_task_runner.py:63} INFO - Started process 348 to run task
[2024-06-22T22:07:40.598+0000] {standard_task_runner.py:90} INFO - Running: ['airflow', 'tasks', 'run', 'ELT-PROJECT', 'extract.extract_regions', 'manual__2024-06-22T22:07:07.994851+00:00', '--job-id', '12', '--raw', '--subdir', 'DAGS_FOLDER/elt.py', '--cfg-path', '/tmp/tmpkd31a_qn']
[2024-06-22T22:07:40.720+0000] {standard_task_runner.py:91} INFO - Job 12: Subtask extract.extract_regions
[2024-06-22T22:07:41.366+0000] {logging_mixin.py:188} WARNING - /home/airflow/.local/lib/python3.12/site-packages/airflow/settings.py:195 DeprecationWarning: The sql_alchemy_conn option in [core] has been moved to the sql_alchemy_conn option in [database] - the old setting has been used, but please update your config.
[2024-06-22T22:07:41.884+0000] {task_command.py:426} INFO - Running <TaskInstance: ELT-PROJECT.extract.extract_regions manual__2024-06-22T22:07:07.994851+00:00 [running]> on host airflow-scheduler
[2024-06-22T22:07:44.486+0000] {taskinstance.py:2648} INFO - Exporting env vars: AIRFLOW_CTX_DAG_OWNER='Data-Ninja' AIRFLOW_CTX_DAG_ID='ELT-PROJECT' AIRFLOW_CTX_TASK_ID='extract.extract_regions' AIRFLOW_CTX_EXECUTION_DATE='2024-06-22T22:07:07.994851+00:00' AIRFLOW_CTX_TRY_NUMBER='1' AIRFLOW_CTX_DAG_RUN_ID='manual__2024-06-22T22:07:07.994851+00:00'
[2024-06-22T22:07:44.601+0000] {taskinstance.py:430} INFO - ::endgroup::
[2024-06-22T22:07:46.833+0000] {python.py:237} INFO - Done. Returned value was:    regionID regionDescription
0         1           Eastern
1         2           Western
2         3          Northern
3         4          Southern
[2024-06-22T22:07:47.172+0000] {taskinstance.py:441} INFO - ::group::Post task execution logs
[2024-06-22T22:07:54.245+0000] {taskinstance.py:1206} INFO - Marking task as SUCCESS. dag_id=ELT-PROJECT, task_id=extract.extract_regions, run_id=manual__2024-06-22T22:07:07.994851+00:00, execution_date=20240622T220707, start_date=20240622T220739, end_date=20240622T220754
[2024-06-22T22:07:54.536+0000] {local_task_job_runner.py:240} INFO - Task exited with return code 0
[2024-06-22T22:07:55.146+0000] {taskinstance.py:3503} INFO - 1 downstream tasks scheduled from follow-on schedule check
[2024-06-22T22:07:55.160+0000] {local_task_job_runner.py:222} INFO - ::endgroup::
