[2024-07-14T04:37:55.027+0000] {local_task_job_runner.py:120} INFO - ::group::Pre task execution logs
[2024-07-14T04:37:55.198+0000] {taskinstance.py:2076} INFO - Dependencies all met for dep_context=non-requeueable deps ti=<TaskInstance: ELT-PROJECT.transform.raw_regions.run scheduled__2024-07-12T00:00:00+00:00 [queued]>
[2024-07-14T04:37:55.292+0000] {taskinstance.py:2076} INFO - Dependencies all met for dep_context=requeueable deps ti=<TaskInstance: ELT-PROJECT.transform.raw_regions.run scheduled__2024-07-12T00:00:00+00:00 [queued]>
[2024-07-14T04:37:55.293+0000] {taskinstance.py:2306} INFO - Starting attempt 1 of 2
[2024-07-14T04:37:55.345+0000] {taskinstance.py:2330} INFO - Executing <Task(DbtRunLocalOperator): transform.raw_regions.run> on 2024-07-12 00:00:00+00:00
[2024-07-14T04:37:55.404+0000] {standard_task_runner.py:90} INFO - Running: ['airflow', 'tasks', 'run', 'ELT-PROJECT', 'transform.raw_regions.run', 'scheduled__2024-07-12T00:00:00+00:00', '--job-id', '1486', '--raw', '--subdir', 'DAGS_FOLDER/elt.py', '--cfg-path', '/tmp/tmprao4g7uv']
[2024-07-14T04:37:55.429+0000] {standard_task_runner.py:91} INFO - Job 1486: Subtask transform.raw_regions.run
[2024-07-14T04:37:55.441+0000] {logging_mixin.py:188} WARNING - /home/airflow/.local/lib/python3.12/site-packages/airflow/task/task_runner/standard_task_runner.py:61 DeprecationWarning: This process (pid=19656) is multi-threaded, use of fork() may lead to deadlocks in the child.
[2024-07-14T04:37:55.448+0000] {standard_task_runner.py:63} INFO - Started process 19686 to run task
[2024-07-14T04:37:55.518+0000] {logging_mixin.py:188} WARNING - /home/airflow/.local/lib/python3.12/site-packages/airflow/settings.py:195 DeprecationWarning: The sql_alchemy_conn option in [core] has been moved to the sql_alchemy_conn option in [database] - the old setting has been used, but please update your config.
[2024-07-14T04:37:55.755+0000] {task_command.py:426} INFO - Running <TaskInstance: ELT-PROJECT.transform.raw_regions.run scheduled__2024-07-12T00:00:00+00:00 [running]> on host airflow-scheduler
[2024-07-14T04:37:56.248+0000] {taskinstance.py:2648} INFO - Exporting env vars: AIRFLOW_CTX_DAG_OWNER='Data-Ninja' AIRFLOW_CTX_DAG_ID='ELT-PROJECT' AIRFLOW_CTX_TASK_ID='transform.raw_regions.run' AIRFLOW_CTX_EXECUTION_DATE='2024-07-12T00:00:00+00:00' AIRFLOW_CTX_TRY_NUMBER='1' AIRFLOW_CTX_DAG_RUN_ID='scheduled__2024-07-12T00:00:00+00:00'
[2024-07-14T04:37:56.255+0000] {taskinstance.py:430} INFO - ::endgroup::
[2024-07-14T04:37:56.277+0000] {local.py:174} INFO - Could not import dbtRunner. Falling back to subprocess for invoking dbt.
[2024-07-14T04:37:56.286+0000] {local.py:292} INFO - Cloning project to writable temp directory /tmp/tmpz1mlvxfb from /opt/airflow/dags/dbt/dbt_project
[2024-07-14T04:37:56.327+0000] {local.py:303} INFO - Partial parse is enabled and the latest partial parse file is /tmp/cosmos/ELT-PROJECT__transform/target/partial_parse.msgpack
[2024-07-14T04:37:56.483+0000] {base.py:84} INFO - Using connection ID 'snow_conn' for task execution.
[2024-07-14T04:37:56.485+0000] {crypto.py:82} WARNING - empty cryptography key - values will not be stored encrypted.
[2024-07-14T04:37:56.491+0000] {config.py:298} INFO - Profile caching is enable.
[2024-07-14T04:37:56.497+0000] {config.py:272} INFO - Profile found in cache using profile: /tmp/cosmos/profile/a0017dab0633177292578162811b91dcb9c56d6e54017e9660056cc364a762ad/profiles.yml.
[2024-07-14T04:37:56.518+0000] {local.py:247} INFO - Trying to run the command:
 ['/opt/airflow/dbt_venv/bin/dbt', 'deps', '--project-dir', '/tmp/tmpz1mlvxfb', '--profiles-dir', '/tmp/cosmos/profile/a0017dab0633177292578162811b91dcb9c56d6e54017e9660056cc364a762ad', '--profile', 'dbt_project', '--target', 'dev']
From /tmp/tmpz1mlvxfb
[2024-07-14T04:37:56.530+0000] {subprocess.py:60} INFO - Tmp dir root location: 
 /tmp
[2024-07-14T04:37:56.534+0000] {subprocess.py:73} INFO - Running command: ['/opt/airflow/dbt_venv/bin/dbt', 'deps', '--project-dir', '/tmp/tmpz1mlvxfb', '--profiles-dir', '/tmp/cosmos/profile/a0017dab0633177292578162811b91dcb9c56d6e54017e9660056cc364a762ad', '--profile', 'dbt_project', '--target', 'dev']
[2024-07-14T04:37:56.608+0000] {subprocess.py:84} INFO - Command output:
[2024-07-14T04:38:10.461+0000] {subprocess.py:94} INFO - [0m04:38:10  Running with dbt=1.8.3
[2024-07-14T04:38:12.175+0000] {subprocess.py:94} INFO - [0m04:38:12  Updating lock file in file path: /tmp/tmpz1mlvxfb/package-lock.yml
[2024-07-14T04:38:12.237+0000] {subprocess.py:94} INFO - [0m04:38:12  Installing dbt-labs/dbt_utils
[2024-07-14T04:38:12.936+0000] {subprocess.py:94} INFO - [0m04:38:12  Installed from version 0.8.6
[2024-07-14T04:38:12.945+0000] {subprocess.py:94} INFO - [0m04:38:12  Updated version available: 1.2.0
[2024-07-14T04:38:12.950+0000] {subprocess.py:94} INFO - [0m04:38:12
[2024-07-14T04:38:12.955+0000] {subprocess.py:94} INFO - [0m04:38:12  Updates available for packages: ['dbt-labs/dbt_utils']
[2024-07-14T04:38:12.963+0000] {subprocess.py:94} INFO - Update your versions in packages.yml, then run dbt deps
[2024-07-14T04:38:15.525+0000] {subprocess.py:98} INFO - Command exited with return code 0
[2024-07-14T04:38:15.527+0000] {local.py:254} INFO - Update your versions in packages.yml, then run dbt deps
[2024-07-14T04:38:15.528+0000] {local.py:247} INFO - Trying to run the command:
 ['/opt/airflow/dbt_venv/bin/dbt', 'run', '--models', 'raw_regions', '--project-dir', '/tmp/tmpz1mlvxfb', '--profiles-dir', '/tmp/cosmos/profile/a0017dab0633177292578162811b91dcb9c56d6e54017e9660056cc364a762ad', '--profile', 'dbt_project', '--target', 'dev']
From /tmp/tmpz1mlvxfb
[2024-07-14T04:38:15.530+0000] {subprocess.py:60} INFO - Tmp dir root location: 
 /tmp
[2024-07-14T04:38:15.533+0000] {subprocess.py:73} INFO - Running command: ['/opt/airflow/dbt_venv/bin/dbt', 'run', '--models', 'raw_regions', '--project-dir', '/tmp/tmpz1mlvxfb', '--profiles-dir', '/tmp/cosmos/profile/a0017dab0633177292578162811b91dcb9c56d6e54017e9660056cc364a762ad', '--profile', 'dbt_project', '--target', 'dev']
[2024-07-14T04:38:15.603+0000] {subprocess.py:84} INFO - Command output:
[2024-07-14T04:38:32.257+0000] {subprocess.py:94} INFO - [0m04:38:32  Running with dbt=1.8.3
[2024-07-14T04:38:36.887+0000] {subprocess.py:94} INFO - [0m04:38:36  Registered adapter: snowflake=1.8.3
[2024-07-14T04:38:43.290+0000] {subprocess.py:94} INFO - [0m04:38:43  Found 20 models, 27 data tests, 11 sources, 684 macros
[2024-07-14T04:38:43.308+0000] {subprocess.py:94} INFO - [0m04:38:43
[2024-07-14T04:38:51.507+0000] {subprocess.py:94} INFO - [0m04:38:51  Concurrency: 1 threads (target='dev')
[2024-07-14T04:38:51.510+0000] {subprocess.py:94} INFO - [0m04:38:51
[2024-07-14T04:38:51.634+0000] {subprocess.py:94} INFO - [0m04:38:51  1 of 1 START sql table model raw.raw_regions ................................... [RUN]
[2024-07-14T04:38:54.332+0000] {subprocess.py:94} INFO - [0m04:38:54  1 of 1 OK created sql table model raw.raw_regions .............................. [[32mSUCCESS 1[0m in 2.68s]
[2024-07-14T04:38:54.361+0000] {subprocess.py:94} INFO - [0m04:38:54
[2024-07-14T04:38:54.365+0000] {subprocess.py:94} INFO - [0m04:38:54  Finished running 1 table model in 0 hours 0 minutes and 11.05 seconds (11.05s).
[2024-07-14T04:38:55.213+0000] {subprocess.py:94} INFO - [0m04:38:55
[2024-07-14T04:38:55.224+0000] {subprocess.py:94} INFO - [0m04:38:55  [32mCompleted successfully[0m
[2024-07-14T04:38:55.227+0000] {subprocess.py:94} INFO - [0m04:38:55
[2024-07-14T04:38:55.231+0000] {subprocess.py:94} INFO - [0m04:38:55  Done. PASS=1 WARN=0 ERROR=0 SKIP=0 TOTAL=1
[2024-07-14T04:38:58.643+0000] {subprocess.py:98} INFO - Command exited with return code 0
[2024-07-14T04:38:58.646+0000] {local.py:254} INFO - [0m04:38:55  Done. PASS=1 WARN=0 ERROR=0 SKIP=0 TOTAL=1
[2024-07-14T04:38:59.655+0000] {local.py:196} WARNING - Artifact schema version: https://schemas.getdbt.com/dbt/manifest/v12.json is above dbt-ol supported version 7. This might cause errors.
[2024-07-14T04:38:59.668+0000] {local.py:196} WARNING - Artifact schema version: https://schemas.getdbt.com/dbt/run-results/v6.json is above dbt-ol supported version 5. This might cause errors.
[2024-07-14T04:38:59.747+0000] {local.py:349} INFO - Inlets: [Dataset(uri='snowflake://OU00370.europe-west2.gcp/ELT_BATCH.PUBLIC.regions', extra=None)]
[2024-07-14T04:38:59.764+0000] {local.py:350} INFO - Outlets: [Dataset(uri='snowflake://OU00370.europe-west2.gcp/ELT_BATCH.raw.raw_regions', extra=None)]
[2024-07-14T04:38:59.771+0000] {dag.py:3096} INFO - Sync 1 DAGs
[2024-07-14T04:39:00.355+0000] {taskinstance.py:441} INFO - ::group::Post task execution logs
[2024-07-14T04:39:00.760+0000] {taskinstance.py:1206} INFO - Marking task as SUCCESS. dag_id=ELT-PROJECT, task_id=transform.raw_regions.run, run_id=scheduled__2024-07-12T00:00:00+00:00, execution_date=20240712T000000, start_date=20240714T043755, end_date=20240714T043900
[2024-07-14T04:39:01.002+0000] {local_task_job_runner.py:240} INFO - Task exited with return code 0
[2024-07-14T04:39:01.509+0000] {taskinstance.py:3503} INFO - 1 downstream tasks scheduled from follow-on schedule check
[2024-07-14T04:39:01.523+0000] {local_task_job_runner.py:222} INFO - ::endgroup::
