[2024-07-14T04:46:45.585+0000] {local_task_job_runner.py:120} INFO - ::group::Pre task execution logs
[2024-07-14T04:46:45.698+0000] {taskinstance.py:2076} INFO - Dependencies all met for dep_context=non-requeueable deps ti=<TaskInstance: ELT-PROJECT.transform.popular_product_categories_run scheduled__2024-07-07T00:00:00+00:00 [queued]>
[2024-07-14T04:46:45.822+0000] {taskinstance.py:2076} INFO - Dependencies all met for dep_context=requeueable deps ti=<TaskInstance: ELT-PROJECT.transform.popular_product_categories_run scheduled__2024-07-07T00:00:00+00:00 [queued]>
[2024-07-14T04:46:45.828+0000] {taskinstance.py:2306} INFO - Starting attempt 1 of 2
[2024-07-14T04:46:46.021+0000] {taskinstance.py:2330} INFO - Executing <Task(DbtRunLocalOperator): transform.popular_product_categories_run> on 2024-07-07 00:00:00+00:00
[2024-07-14T04:46:46.138+0000] {standard_task_runner.py:90} INFO - Running: ['airflow', 'tasks', 'run', 'ELT-PROJECT', 'transform.popular_product_categories_run', 'scheduled__2024-07-07T00:00:00+00:00', '--job-id', '1616', '--raw', '--subdir', 'DAGS_FOLDER/elt.py', '--cfg-path', '/tmp/tmp0_vaz36w']
[2024-07-14T04:46:46.140+0000] {logging_mixin.py:188} WARNING - /home/airflow/.local/lib/python3.12/site-packages/airflow/task/task_runner/standard_task_runner.py:61 DeprecationWarning: This process (pid=21584) is multi-threaded, use of fork() may lead to deadlocks in the child.
[2024-07-14T04:46:46.161+0000] {standard_task_runner.py:91} INFO - Job 1616: Subtask transform.popular_product_categories_run
[2024-07-14T04:46:46.162+0000] {standard_task_runner.py:63} INFO - Started process 21607 to run task
[2024-07-14T04:46:46.325+0000] {logging_mixin.py:188} WARNING - /home/airflow/.local/lib/python3.12/site-packages/airflow/settings.py:195 DeprecationWarning: The sql_alchemy_conn option in [core] has been moved to the sql_alchemy_conn option in [database] - the old setting has been used, but please update your config.
[2024-07-14T04:46:46.588+0000] {task_command.py:426} INFO - Running <TaskInstance: ELT-PROJECT.transform.popular_product_categories_run scheduled__2024-07-07T00:00:00+00:00 [running]> on host airflow-scheduler
[2024-07-14T04:46:47.669+0000] {taskinstance.py:2648} INFO - Exporting env vars: AIRFLOW_CTX_DAG_OWNER='Data-Ninja' AIRFLOW_CTX_DAG_ID='ELT-PROJECT' AIRFLOW_CTX_TASK_ID='transform.popular_product_categories_run' AIRFLOW_CTX_EXECUTION_DATE='2024-07-07T00:00:00+00:00' AIRFLOW_CTX_TRY_NUMBER='1' AIRFLOW_CTX_DAG_RUN_ID='scheduled__2024-07-07T00:00:00+00:00'
[2024-07-14T04:46:47.672+0000] {taskinstance.py:430} INFO - ::endgroup::
[2024-07-14T04:46:47.691+0000] {local.py:174} INFO - Could not import dbtRunner. Falling back to subprocess for invoking dbt.
[2024-07-14T04:46:47.701+0000] {local.py:292} INFO - Cloning project to writable temp directory /tmp/tmpdtlii661 from /opt/airflow/dags/dbt/dbt_project
[2024-07-14T04:46:47.728+0000] {local.py:303} INFO - Partial parse is enabled and the latest partial parse file is /tmp/cosmos/ELT-PROJECT__transform/target/partial_parse.msgpack
[2024-07-14T04:46:47.848+0000] {base.py:84} INFO - Using connection ID 'snow_conn' for task execution.
[2024-07-14T04:46:47.849+0000] {crypto.py:82} WARNING - empty cryptography key - values will not be stored encrypted.
[2024-07-14T04:46:47.851+0000] {config.py:298} INFO - Profile caching is enable.
[2024-07-14T04:46:47.856+0000] {config.py:272} INFO - Profile found in cache using profile: /tmp/cosmos/profile/a0017dab0633177292578162811b91dcb9c56d6e54017e9660056cc364a762ad/profiles.yml.
[2024-07-14T04:46:47.859+0000] {local.py:247} INFO - Trying to run the command:
 ['/opt/airflow/dbt_venv/bin/dbt', 'deps', '--project-dir', '/tmp/tmpdtlii661', '--profiles-dir', '/tmp/cosmos/profile/a0017dab0633177292578162811b91dcb9c56d6e54017e9660056cc364a762ad', '--profile', 'dbt_project', '--target', 'dev']
From /tmp/tmpdtlii661
[2024-07-14T04:46:47.864+0000] {subprocess.py:60} INFO - Tmp dir root location: 
 /tmp
[2024-07-14T04:46:47.867+0000] {subprocess.py:73} INFO - Running command: ['/opt/airflow/dbt_venv/bin/dbt', 'deps', '--project-dir', '/tmp/tmpdtlii661', '--profiles-dir', '/tmp/cosmos/profile/a0017dab0633177292578162811b91dcb9c56d6e54017e9660056cc364a762ad', '--profile', 'dbt_project', '--target', 'dev']
[2024-07-14T04:46:47.959+0000] {subprocess.py:84} INFO - Command output:
[2024-07-14T04:47:01.477+0000] {subprocess.py:94} INFO - [0m04:47:01  Running with dbt=1.8.3
[2024-07-14T04:47:02.665+0000] {subprocess.py:94} INFO - [0m04:47:02  Updating lock file in file path: /tmp/tmpdtlii661/package-lock.yml
[2024-07-14T04:47:02.689+0000] {subprocess.py:94} INFO - [0m04:47:02  Installing dbt-labs/dbt_utils
[2024-07-14T04:47:03.489+0000] {subprocess.py:94} INFO - [0m04:47:03  Installed from version 0.8.6
[2024-07-14T04:47:03.511+0000] {subprocess.py:94} INFO - [0m04:47:03  Updated version available: 1.2.0
[2024-07-14T04:47:03.518+0000] {subprocess.py:94} INFO - [0m04:47:03
[2024-07-14T04:47:03.525+0000] {subprocess.py:94} INFO - [0m04:47:03  Updates available for packages: ['dbt-labs/dbt_utils']
[2024-07-14T04:47:03.527+0000] {subprocess.py:94} INFO - Update your versions in packages.yml, then run dbt deps
[2024-07-14T04:47:05.999+0000] {subprocess.py:98} INFO - Command exited with return code 0
[2024-07-14T04:47:06.002+0000] {local.py:254} INFO - Update your versions in packages.yml, then run dbt deps
[2024-07-14T04:47:06.005+0000] {local.py:247} INFO - Trying to run the command:
 ['/opt/airflow/dbt_venv/bin/dbt', 'run', '--models', 'popular_product_categories', '--project-dir', '/tmp/tmpdtlii661', '--profiles-dir', '/tmp/cosmos/profile/a0017dab0633177292578162811b91dcb9c56d6e54017e9660056cc364a762ad', '--profile', 'dbt_project', '--target', 'dev']
From /tmp/tmpdtlii661
[2024-07-14T04:47:06.008+0000] {subprocess.py:60} INFO - Tmp dir root location: 
 /tmp
[2024-07-14T04:47:06.012+0000] {subprocess.py:73} INFO - Running command: ['/opt/airflow/dbt_venv/bin/dbt', 'run', '--models', 'popular_product_categories', '--project-dir', '/tmp/tmpdtlii661', '--profiles-dir', '/tmp/cosmos/profile/a0017dab0633177292578162811b91dcb9c56d6e54017e9660056cc364a762ad', '--profile', 'dbt_project', '--target', 'dev']
[2024-07-14T04:47:06.100+0000] {subprocess.py:84} INFO - Command output:
[2024-07-14T04:47:23.598+0000] {subprocess.py:94} INFO - [0m04:47:23  Running with dbt=1.8.3
[2024-07-14T04:47:28.367+0000] {subprocess.py:94} INFO - [0m04:47:28  Registered adapter: snowflake=1.8.3
[2024-07-14T04:47:32.831+0000] {subprocess.py:94} INFO - [0m04:47:32  Found 20 models, 27 data tests, 11 sources, 684 macros
[2024-07-14T04:47:32.847+0000] {subprocess.py:94} INFO - [0m04:47:32
[2024-07-14T04:47:40.474+0000] {subprocess.py:94} INFO - [0m04:47:40  Concurrency: 1 threads (target='dev')
[2024-07-14T04:47:40.479+0000] {subprocess.py:94} INFO - [0m04:47:40
[2024-07-14T04:47:40.629+0000] {subprocess.py:94} INFO - [0m04:47:40  1 of 1 START sql table model dm.popular_product_categories ..................... [RUN]
[2024-07-14T04:47:44.621+0000] {subprocess.py:94} INFO - [0m04:47:44  1 of 1 OK created sql table model dm.popular_product_categories ................ [[32mSUCCESS 1[0m in 3.98s]
[2024-07-14T04:47:44.645+0000] {subprocess.py:94} INFO - [0m04:47:44
[2024-07-14T04:47:44.651+0000] {subprocess.py:94} INFO - [0m04:47:44  Finished running 1 table model in 0 hours 0 minutes and 11.79 seconds (11.79s).
[2024-07-14T04:47:46.008+0000] {subprocess.py:94} INFO - [0m04:47:45
[2024-07-14T04:47:46.011+0000] {subprocess.py:94} INFO - [0m04:47:46  [32mCompleted successfully[0m
[2024-07-14T04:47:46.018+0000] {subprocess.py:94} INFO - [0m04:47:46
[2024-07-14T04:47:46.022+0000] {subprocess.py:94} INFO - [0m04:47:46  Done. PASS=1 WARN=0 ERROR=0 SKIP=0 TOTAL=1
[2024-07-14T04:47:49.746+0000] {subprocess.py:98} INFO - Command exited with return code 0
[2024-07-14T04:47:49.748+0000] {local.py:254} INFO - [0m04:47:46  Done. PASS=1 WARN=0 ERROR=0 SKIP=0 TOTAL=1
[2024-07-14T04:47:50.534+0000] {local.py:196} WARNING - Artifact schema version: https://schemas.getdbt.com/dbt/manifest/v12.json is above dbt-ol supported version 7. This might cause errors.
[2024-07-14T04:47:50.535+0000] {local.py:196} WARNING - Artifact schema version: https://schemas.getdbt.com/dbt/run-results/v6.json is above dbt-ol supported version 5. This might cause errors.
[2024-07-14T04:47:50.584+0000] {local.py:349} INFO - Inlets: [Dataset(uri='snowflake://OU00370.europe-west2.gcp/ELT_BATCH.dwh.dim_categories', extra=None), Dataset(uri='snowflake://OU00370.europe-west2.gcp/ELT_BATCH.dwh.dim_products', extra=None), Dataset(uri='snowflake://OU00370.europe-west2.gcp/ELT_BATCH.dwh.fact_order_details', extra=None), Dataset(uri='snowflake://OU00370.europe-west2.gcp/ELT_BATCH.dwh.fact_orders', extra=None)]
[2024-07-14T04:47:50.601+0000] {local.py:350} INFO - Outlets: [Dataset(uri='snowflake://OU00370.europe-west2.gcp/ELT_BATCH.dm.popular_product_categories', extra=None)]
[2024-07-14T04:47:50.609+0000] {dag.py:3096} INFO - Sync 1 DAGs
[2024-07-14T04:47:50.775+0000] {dag.py:3954} INFO - Setting next_dagrun for ELT-PROJECT to 2024-07-14 00:00:00+00:00, run_after=2024-07-15 00:00:00+00:00
[2024-07-14T04:47:51.102+0000] {taskinstance.py:441} INFO - ::group::Post task execution logs
[2024-07-14T04:47:51.301+0000] {taskinstance.py:1206} INFO - Marking task as SUCCESS. dag_id=ELT-PROJECT, task_id=transform.popular_product_categories_run, run_id=scheduled__2024-07-07T00:00:00+00:00, execution_date=20240707T000000, start_date=20240714T044645, end_date=20240714T044751
[2024-07-14T04:47:51.580+0000] {local_task_job_runner.py:240} INFO - Task exited with return code 0
[2024-07-14T04:47:51.812+0000] {taskinstance.py:3503} INFO - 0 downstream tasks scheduled from follow-on schedule check
[2024-07-14T04:47:51.849+0000] {local_task_job_runner.py:222} INFO - ::endgroup::
