[2024-06-24T13:16:12.573+0000] {local_task_job_runner.py:120} INFO - ::group::Pre task execution logs
[2024-06-24T13:16:12.864+0000] {taskinstance.py:2076} INFO - Dependencies all met for dep_context=non-requeueable deps ti=<TaskInstance: ELT-PROJECT.load.load_employee_territories manual__2024-06-24T13:15:08.740845+00:00 [queued]>
[2024-06-24T13:16:12.927+0000] {taskinstance.py:2076} INFO - Dependencies all met for dep_context=requeueable deps ti=<TaskInstance: ELT-PROJECT.load.load_employee_territories manual__2024-06-24T13:15:08.740845+00:00 [queued]>
[2024-06-24T13:16:12.930+0000] {taskinstance.py:2306} INFO - Starting attempt 1 of 2
[2024-06-24T13:16:13.034+0000] {taskinstance.py:2330} INFO - Executing <Task(_PythonDecoratedOperator): load.load_employee_territories> on 2024-06-24 13:15:08.740845+00:00
[2024-06-24T13:16:13.111+0000] {standard_task_runner.py:90} INFO - Running: ['airflow', 'tasks', 'run', 'ELT-PROJECT', 'load.load_employee_territories', 'manual__2024-06-24T13:15:08.740845+00:00', '--job-id', '24', '--raw', '--subdir', 'DAGS_FOLDER/elt.py', '--cfg-path', '/tmp/tmpck5o92ir']
[2024-06-24T13:16:13.123+0000] {standard_task_runner.py:91} INFO - Job 24: Subtask load.load_employee_territories
[2024-06-24T13:16:13.131+0000] {logging_mixin.py:188} WARNING - /home/airflow/.local/lib/python3.12/site-packages/airflow/task/task_runner/standard_task_runner.py:61 DeprecationWarning: This process (pid=767) is multi-threaded, use of fork() may lead to deadlocks in the child.
[2024-06-24T13:16:13.137+0000] {standard_task_runner.py:63} INFO - Started process 798 to run task
[2024-06-24T13:16:13.267+0000] {logging_mixin.py:188} WARNING - /home/airflow/.local/lib/python3.12/site-packages/airflow/settings.py:195 DeprecationWarning: The sql_alchemy_conn option in [core] has been moved to the sql_alchemy_conn option in [database] - the old setting has been used, but please update your config.
[2024-06-24T13:16:13.757+0000] {task_command.py:426} INFO - Running <TaskInstance: ELT-PROJECT.load.load_employee_territories manual__2024-06-24T13:15:08.740845+00:00 [running]> on host airflow-scheduler
[2024-06-24T13:16:16.352+0000] {taskinstance.py:2648} INFO - Exporting env vars: AIRFLOW_CTX_DAG_OWNER='Data-Ninja' AIRFLOW_CTX_DAG_ID='ELT-PROJECT' AIRFLOW_CTX_TASK_ID='load.load_employee_territories' AIRFLOW_CTX_EXECUTION_DATE='2024-06-24T13:15:08.740845+00:00' AIRFLOW_CTX_TRY_NUMBER='1' AIRFLOW_CTX_DAG_RUN_ID='manual__2024-06-24T13:15:08.740845+00:00'
[2024-06-24T13:16:16.356+0000] {taskinstance.py:430} INFO - ::endgroup::
[2024-06-24T13:16:16.361+0000] {connection.py:399} INFO - Snowflake Connector for Python Version: 3.10.1, Python Version: 3.12.4, Platform: Linux-5.15.133.1-microsoft-standard-WSL2-x86_64-with-glibc2.36
[2024-06-24T13:16:16.368+0000] {connection.py:1249} INFO - THIS CONNECTION IS IN INSECURE MODE. IT MEANS THE CERTIFICATE WILL BE VALIDATED BUT THE CERTIFICATE REVOCATION STATUS WILL NOT BE CHECKED.
[2024-06-24T13:16:16.767+0000] {ssl_wrap_socket.py:100} INFO - THIS CONNECTION IS IN INSECURE MODE. IT MEANS THE CERTIFICATE WILL BE VALIDATED BUT THE CERTIFICATE REVOCATION STATUS WILL NOT BE CHECKED.
[2024-06-24T13:16:17.419+0000] {logging_mixin.py:188} INFO - Nama kolom di DataFrame: Index(['employeeID', 'territoryID'], dtype='object')
[2024-06-24T13:16:17.872+0000] {cursor.py:1149} INFO - Number of results in first chunk: 1
[2024-06-24T13:16:18.921+0000] {ssl_wrap_socket.py:100} INFO - THIS CONNECTION IS IN INSECURE MODE. IT MEANS THE CERTIFICATE WILL BE VALIDATED BUT THE CERTIFICATE REVOCATION STATUS WILL NOT BE CHECKED.
[2024-06-24T13:16:21.592+0000] {cursor.py:1149} INFO - Number of results in first chunk: 1
[2024-06-24T13:16:22.779+0000] {cursor.py:1149} INFO - Number of results in first chunk: 2
[2024-06-24T13:16:23.154+0000] {cursor.py:1149} INFO - Number of results in first chunk: 1
[2024-06-24T13:16:24.007+0000] {cursor.py:1149} INFO - Number of results in first chunk: 1
[2024-06-24T13:16:25.668+0000] {cursor.py:1149} INFO - Number of results in first chunk: 1
[2024-06-24T13:16:25.669+0000] {logging_mixin.py:188} INFO - Done employee_territories.
[2024-06-24T13:16:25.670+0000] {connection.py:762} INFO - closed
[2024-06-24T13:16:26.011+0000] {connection.py:768} INFO - No async queries seem to be running, deleting session
[2024-06-24T13:16:26.381+0000] {python.py:237} INFO - Done. Returned value was: None
[2024-06-24T13:16:26.384+0000] {taskinstance.py:441} INFO - ::group::Post task execution logs
[2024-06-24T13:16:26.438+0000] {taskinstance.py:1206} INFO - Marking task as SUCCESS. dag_id=ELT-PROJECT, task_id=load.load_employee_territories, run_id=manual__2024-06-24T13:15:08.740845+00:00, execution_date=20240624T131508, start_date=20240624T131612, end_date=20240624T131626
[2024-06-24T13:16:26.557+0000] {local_task_job_runner.py:240} INFO - Task exited with return code 0
[2024-06-24T13:16:26.614+0000] {local_task_job_runner.py:222} INFO - ::endgroup::
