[2024-07-14T04:15:08.732+0000] {local_task_job_runner.py:120} INFO - ::group::Pre task execution logs
[2024-07-14T04:15:08.938+0000] {taskinstance.py:2076} INFO - Dependencies all met for dep_context=non-requeueable deps ti=<TaskInstance: ELT-PROJECT.transform.dim_employees.run scheduled__2024-07-10T00:00:00+00:00 [queued]>
[2024-07-14T04:15:09.017+0000] {taskinstance.py:2076} INFO - Dependencies all met for dep_context=requeueable deps ti=<TaskInstance: ELT-PROJECT.transform.dim_employees.run scheduled__2024-07-10T00:00:00+00:00 [queued]>
[2024-07-14T04:15:09.021+0000] {taskinstance.py:2306} INFO - Starting attempt 1 of 2
[2024-07-14T04:15:09.139+0000] {taskinstance.py:2330} INFO - Executing <Task(DbtRunLocalOperator): transform.dim_employees.run> on 2024-07-10 00:00:00+00:00
[2024-07-14T04:15:09.214+0000] {logging_mixin.py:188} WARNING - /home/airflow/.local/lib/python3.12/site-packages/airflow/task/task_runner/standard_task_runner.py:61 DeprecationWarning: This process (pid=14997) is multi-threaded, use of fork() may lead to deadlocks in the child.
[2024-07-14T04:15:09.225+0000] {standard_task_runner.py:63} INFO - Started process 15030 to run task
[2024-07-14T04:15:09.218+0000] {standard_task_runner.py:90} INFO - Running: ['airflow', 'tasks', 'run', 'ELT-PROJECT', 'transform.dim_employees.run', 'scheduled__2024-07-10T00:00:00+00:00', '--job-id', '1205', '--raw', '--subdir', 'DAGS_FOLDER/elt.py', '--cfg-path', '/tmp/tmp61uvm3sm']
[2024-07-14T04:15:09.235+0000] {standard_task_runner.py:91} INFO - Job 1205: Subtask transform.dim_employees.run
[2024-07-14T04:15:09.403+0000] {logging_mixin.py:188} WARNING - /home/airflow/.local/lib/python3.12/site-packages/airflow/settings.py:195 DeprecationWarning: The sql_alchemy_conn option in [core] has been moved to the sql_alchemy_conn option in [database] - the old setting has been used, but please update your config.
[2024-07-14T04:15:09.777+0000] {task_command.py:426} INFO - Running <TaskInstance: ELT-PROJECT.transform.dim_employees.run scheduled__2024-07-10T00:00:00+00:00 [running]> on host airflow-scheduler
[2024-07-14T04:15:10.685+0000] {taskinstance.py:2648} INFO - Exporting env vars: AIRFLOW_CTX_DAG_OWNER='Data-Ninja' AIRFLOW_CTX_DAG_ID='ELT-PROJECT' AIRFLOW_CTX_TASK_ID='transform.dim_employees.run' AIRFLOW_CTX_EXECUTION_DATE='2024-07-10T00:00:00+00:00' AIRFLOW_CTX_TRY_NUMBER='1' AIRFLOW_CTX_DAG_RUN_ID='scheduled__2024-07-10T00:00:00+00:00'
[2024-07-14T04:15:10.705+0000] {taskinstance.py:430} INFO - ::endgroup::
[2024-07-14T04:15:10.709+0000] {local.py:174} INFO - Could not import dbtRunner. Falling back to subprocess for invoking dbt.
[2024-07-14T04:15:10.716+0000] {local.py:292} INFO - Cloning project to writable temp directory /tmp/tmpgbyynu7a from /opt/airflow/dags/dbt/dbt_project
[2024-07-14T04:15:10.744+0000] {local.py:303} INFO - Partial parse is enabled and the latest partial parse file is /tmp/cosmos/ELT-PROJECT__transform/target/partial_parse.msgpack
[2024-07-14T04:15:10.885+0000] {base.py:84} INFO - Using connection ID 'snow_conn' for task execution.
[2024-07-14T04:15:10.893+0000] {crypto.py:82} WARNING - empty cryptography key - values will not be stored encrypted.
[2024-07-14T04:15:10.898+0000] {config.py:298} INFO - Profile caching is enable.
[2024-07-14T04:15:10.907+0000] {config.py:272} INFO - Profile found in cache using profile: /tmp/cosmos/profile/a0017dab0633177292578162811b91dcb9c56d6e54017e9660056cc364a762ad/profiles.yml.
[2024-07-14T04:15:10.914+0000] {local.py:247} INFO - Trying to run the command:
 ['/opt/airflow/dbt_venv/bin/dbt', 'deps', '--project-dir', '/tmp/tmpgbyynu7a', '--profiles-dir', '/tmp/cosmos/profile/a0017dab0633177292578162811b91dcb9c56d6e54017e9660056cc364a762ad', '--profile', 'dbt_project', '--target', 'dev']
From /tmp/tmpgbyynu7a
[2024-07-14T04:15:10.919+0000] {subprocess.py:60} INFO - Tmp dir root location: 
 /tmp
[2024-07-14T04:15:10.930+0000] {subprocess.py:73} INFO - Running command: ['/opt/airflow/dbt_venv/bin/dbt', 'deps', '--project-dir', '/tmp/tmpgbyynu7a', '--profiles-dir', '/tmp/cosmos/profile/a0017dab0633177292578162811b91dcb9c56d6e54017e9660056cc364a762ad', '--profile', 'dbt_project', '--target', 'dev']
[2024-07-14T04:15:10.984+0000] {subprocess.py:84} INFO - Command output:
[2024-07-14T04:15:19.222+0000] {subprocess.py:94} INFO - [0m04:15:19  Running with dbt=1.8.3
[2024-07-14T04:15:20.183+0000] {subprocess.py:94} INFO - [0m04:15:20  Updating lock file in file path: /tmp/tmpgbyynu7a/package-lock.yml
[2024-07-14T04:15:20.221+0000] {subprocess.py:94} INFO - [0m04:15:20  Installing dbt-labs/dbt_utils
[2024-07-14T04:15:20.918+0000] {subprocess.py:94} INFO - [0m04:15:20  Installed from version 0.8.6
[2024-07-14T04:15:20.925+0000] {subprocess.py:94} INFO - [0m04:15:20  Updated version available: 1.2.0
[2024-07-14T04:15:20.936+0000] {subprocess.py:94} INFO - [0m04:15:20
[2024-07-14T04:15:20.948+0000] {subprocess.py:94} INFO - [0m04:15:20  Updates available for packages: ['dbt-labs/dbt_utils']
[2024-07-14T04:15:20.951+0000] {subprocess.py:94} INFO - Update your versions in packages.yml, then run dbt deps
[2024-07-14T04:15:22.820+0000] {subprocess.py:98} INFO - Command exited with return code 0
[2024-07-14T04:15:22.823+0000] {local.py:254} INFO - Update your versions in packages.yml, then run dbt deps
[2024-07-14T04:15:22.825+0000] {local.py:247} INFO - Trying to run the command:
 ['/opt/airflow/dbt_venv/bin/dbt', 'run', '--models', 'dim_employees', '--project-dir', '/tmp/tmpgbyynu7a', '--profiles-dir', '/tmp/cosmos/profile/a0017dab0633177292578162811b91dcb9c56d6e54017e9660056cc364a762ad', '--profile', 'dbt_project', '--target', 'dev']
From /tmp/tmpgbyynu7a
[2024-07-14T04:15:22.829+0000] {subprocess.py:60} INFO - Tmp dir root location: 
 /tmp
[2024-07-14T04:15:22.832+0000] {subprocess.py:73} INFO - Running command: ['/opt/airflow/dbt_venv/bin/dbt', 'run', '--models', 'dim_employees', '--project-dir', '/tmp/tmpgbyynu7a', '--profiles-dir', '/tmp/cosmos/profile/a0017dab0633177292578162811b91dcb9c56d6e54017e9660056cc364a762ad', '--profile', 'dbt_project', '--target', 'dev']
[2024-07-14T04:15:22.941+0000] {subprocess.py:84} INFO - Command output:
[2024-07-14T04:15:36.695+0000] {subprocess.py:94} INFO - [0m04:15:36  Running with dbt=1.8.3
[2024-07-14T04:15:41.759+0000] {subprocess.py:94} INFO - [0m04:15:41  Registered adapter: snowflake=1.8.3
[2024-07-14T04:15:45.720+0000] {subprocess.py:94} INFO - [0m04:15:45  Found 20 models, 27 data tests, 11 sources, 684 macros
[2024-07-14T04:15:45.731+0000] {subprocess.py:94} INFO - [0m04:15:45
[2024-07-14T04:15:53.556+0000] {subprocess.py:94} INFO - [0m04:15:53  Concurrency: 1 threads (target='dev')
[2024-07-14T04:15:53.560+0000] {subprocess.py:94} INFO - [0m04:15:53
[2024-07-14T04:15:53.706+0000] {subprocess.py:94} INFO - [0m04:15:53  1 of 1 START sql table model dwh.dim_employees ................................. [RUN]
[2024-07-14T04:15:56.575+0000] {subprocess.py:94} INFO - [0m04:15:56  1 of 1 OK created sql table model dwh.dim_employees ............................ [[32mSUCCESS 1[0m in 2.83s]
[2024-07-14T04:15:56.601+0000] {subprocess.py:94} INFO - [0m04:15:56
[2024-07-14T04:15:56.604+0000] {subprocess.py:94} INFO - [0m04:15:56  Finished running 1 table model in 0 hours 0 minutes and 10.86 seconds (10.86s).
[2024-07-14T04:15:57.553+0000] {subprocess.py:94} INFO - [0m04:15:57
[2024-07-14T04:15:57.566+0000] {subprocess.py:94} INFO - [0m04:15:57  [32mCompleted successfully[0m
[2024-07-14T04:15:57.596+0000] {subprocess.py:94} INFO - [0m04:15:57
[2024-07-14T04:15:57.615+0000] {subprocess.py:94} INFO - [0m04:15:57  Done. PASS=1 WARN=0 ERROR=0 SKIP=0 TOTAL=1
[2024-07-14T04:16:00.465+0000] {subprocess.py:98} INFO - Command exited with return code 0
[2024-07-14T04:16:00.469+0000] {local.py:254} INFO - [0m04:15:57  Done. PASS=1 WARN=0 ERROR=0 SKIP=0 TOTAL=1
[2024-07-14T04:16:01.439+0000] {local.py:196} WARNING - Artifact schema version: https://schemas.getdbt.com/dbt/manifest/v12.json is above dbt-ol supported version 7. This might cause errors.
[2024-07-14T04:16:01.442+0000] {local.py:196} WARNING - Artifact schema version: https://schemas.getdbt.com/dbt/run-results/v6.json is above dbt-ol supported version 5. This might cause errors.
[2024-07-14T04:16:01.514+0000] {local.py:349} INFO - Inlets: [Dataset(uri='snowflake://OU00370.europe-west2.gcp/ELT_BATCH.raw.raw_employees', extra=None)]
[2024-07-14T04:16:01.541+0000] {local.py:350} INFO - Outlets: [Dataset(uri='snowflake://OU00370.europe-west2.gcp/ELT_BATCH.dwh.dim_employees', extra=None)]
[2024-07-14T04:16:01.551+0000] {dag.py:3096} INFO - Sync 1 DAGs
[2024-07-14T04:16:02.097+0000] {taskinstance.py:441} INFO - ::group::Post task execution logs
[2024-07-14T04:16:02.372+0000] {taskinstance.py:1206} INFO - Marking task as SUCCESS. dag_id=ELT-PROJECT, task_id=transform.dim_employees.run, run_id=scheduled__2024-07-10T00:00:00+00:00, execution_date=20240710T000000, start_date=20240714T041508, end_date=20240714T041602
[2024-07-14T04:16:03.701+0000] {local_task_job_runner.py:240} INFO - Task exited with return code 0
[2024-07-14T04:16:04.062+0000] {taskinstance.py:3503} INFO - 1 downstream tasks scheduled from follow-on schedule check
[2024-07-14T04:16:04.086+0000] {local_task_job_runner.py:222} INFO - ::endgroup::
