[2024-07-14T04:24:17.082+0000] {local_task_job_runner.py:120} INFO - ::group::Pre task execution logs
[2024-07-14T04:24:17.166+0000] {taskinstance.py:2076} INFO - Dependencies all met for dep_context=non-requeueable deps ti=<TaskInstance: ELT-PROJECT.transform.fact_orders.run scheduled__2024-07-04T00:00:00+00:00 [queued]>
[2024-07-14T04:24:17.213+0000] {taskinstance.py:2076} INFO - Dependencies all met for dep_context=requeueable deps ti=<TaskInstance: ELT-PROJECT.transform.fact_orders.run scheduled__2024-07-04T00:00:00+00:00 [queued]>
[2024-07-14T04:24:17.214+0000] {taskinstance.py:2306} INFO - Starting attempt 1 of 2
[2024-07-14T04:24:17.303+0000] {taskinstance.py:2330} INFO - Executing <Task(DbtRunLocalOperator): transform.fact_orders.run> on 2024-07-04 00:00:00+00:00
[2024-07-14T04:24:17.327+0000] {standard_task_runner.py:90} INFO - Running: ['airflow', 'tasks', 'run', 'ELT-PROJECT', 'transform.fact_orders.run', 'scheduled__2024-07-04T00:00:00+00:00', '--job-id', '1319', '--raw', '--subdir', 'DAGS_FOLDER/elt.py', '--cfg-path', '/tmp/tmpxg46x1rv']
[2024-07-14T04:24:17.336+0000] {standard_task_runner.py:91} INFO - Job 1319: Subtask transform.fact_orders.run
[2024-07-14T04:24:17.340+0000] {logging_mixin.py:188} WARNING - /home/airflow/.local/lib/python3.12/site-packages/airflow/task/task_runner/standard_task_runner.py:61 DeprecationWarning: This process (pid=16883) is multi-threaded, use of fork() may lead to deadlocks in the child.
[2024-07-14T04:24:17.360+0000] {standard_task_runner.py:63} INFO - Started process 16906 to run task
[2024-07-14T04:24:17.443+0000] {logging_mixin.py:188} WARNING - /home/airflow/.local/lib/python3.12/site-packages/airflow/settings.py:195 DeprecationWarning: The sql_alchemy_conn option in [core] has been moved to the sql_alchemy_conn option in [database] - the old setting has been used, but please update your config.
[2024-07-14T04:24:17.663+0000] {task_command.py:426} INFO - Running <TaskInstance: ELT-PROJECT.transform.fact_orders.run scheduled__2024-07-04T00:00:00+00:00 [running]> on host airflow-scheduler
[2024-07-14T04:24:18.298+0000] {taskinstance.py:2648} INFO - Exporting env vars: AIRFLOW_CTX_DAG_OWNER='Data-Ninja' AIRFLOW_CTX_DAG_ID='ELT-PROJECT' AIRFLOW_CTX_TASK_ID='transform.fact_orders.run' AIRFLOW_CTX_EXECUTION_DATE='2024-07-04T00:00:00+00:00' AIRFLOW_CTX_TRY_NUMBER='1' AIRFLOW_CTX_DAG_RUN_ID='scheduled__2024-07-04T00:00:00+00:00'
[2024-07-14T04:24:18.310+0000] {taskinstance.py:430} INFO - ::endgroup::
[2024-07-14T04:24:18.327+0000] {local.py:174} INFO - Could not import dbtRunner. Falling back to subprocess for invoking dbt.
[2024-07-14T04:24:18.332+0000] {local.py:292} INFO - Cloning project to writable temp directory /tmp/tmpjcwlo48q from /opt/airflow/dags/dbt/dbt_project
[2024-07-14T04:24:18.354+0000] {local.py:303} INFO - Partial parse is enabled and the latest partial parse file is /tmp/cosmos/ELT-PROJECT__transform/target/partial_parse.msgpack
[2024-07-14T04:24:18.574+0000] {base.py:84} INFO - Using connection ID 'snow_conn' for task execution.
[2024-07-14T04:24:18.588+0000] {crypto.py:82} WARNING - empty cryptography key - values will not be stored encrypted.
[2024-07-14T04:24:18.594+0000] {config.py:298} INFO - Profile caching is enable.
[2024-07-14T04:24:18.602+0000] {config.py:272} INFO - Profile found in cache using profile: /tmp/cosmos/profile/a0017dab0633177292578162811b91dcb9c56d6e54017e9660056cc364a762ad/profiles.yml.
[2024-07-14T04:24:18.616+0000] {local.py:247} INFO - Trying to run the command:
 ['/opt/airflow/dbt_venv/bin/dbt', 'deps', '--project-dir', '/tmp/tmpjcwlo48q', '--profiles-dir', '/tmp/cosmos/profile/a0017dab0633177292578162811b91dcb9c56d6e54017e9660056cc364a762ad', '--profile', 'dbt_project', '--target', 'dev']
From /tmp/tmpjcwlo48q
[2024-07-14T04:24:18.634+0000] {subprocess.py:60} INFO - Tmp dir root location: 
 /tmp
[2024-07-14T04:24:18.641+0000] {subprocess.py:73} INFO - Running command: ['/opt/airflow/dbt_venv/bin/dbt', 'deps', '--project-dir', '/tmp/tmpjcwlo48q', '--profiles-dir', '/tmp/cosmos/profile/a0017dab0633177292578162811b91dcb9c56d6e54017e9660056cc364a762ad', '--profile', 'dbt_project', '--target', 'dev']
[2024-07-14T04:24:18.713+0000] {subprocess.py:84} INFO - Command output:
[2024-07-14T04:24:35.716+0000] {subprocess.py:94} INFO - [0m04:24:35  Running with dbt=1.8.3
[2024-07-14T04:24:38.002+0000] {subprocess.py:94} INFO - [0m04:24:38  Updating lock file in file path: /tmp/tmpjcwlo48q/package-lock.yml
[2024-07-14T04:24:38.085+0000] {subprocess.py:94} INFO - [0m04:24:38  Installing dbt-labs/dbt_utils
[2024-07-14T04:24:39.193+0000] {subprocess.py:94} INFO - [0m04:24:39  Installed from version 0.8.6
[2024-07-14T04:24:39.247+0000] {subprocess.py:94} INFO - [0m04:24:39  Updated version available: 1.2.0
[2024-07-14T04:24:39.256+0000] {subprocess.py:94} INFO - [0m04:24:39
[2024-07-14T04:24:39.264+0000] {subprocess.py:94} INFO - [0m04:24:39  Updates available for packages: ['dbt-labs/dbt_utils']
[2024-07-14T04:24:39.273+0000] {subprocess.py:94} INFO - Update your versions in packages.yml, then run dbt deps
[2024-07-14T04:24:41.719+0000] {subprocess.py:98} INFO - Command exited with return code 0
[2024-07-14T04:24:41.721+0000] {local.py:254} INFO - Update your versions in packages.yml, then run dbt deps
[2024-07-14T04:24:41.723+0000] {local.py:247} INFO - Trying to run the command:
 ['/opt/airflow/dbt_venv/bin/dbt', 'run', '--models', 'fact_orders', '--project-dir', '/tmp/tmpjcwlo48q', '--profiles-dir', '/tmp/cosmos/profile/a0017dab0633177292578162811b91dcb9c56d6e54017e9660056cc364a762ad', '--profile', 'dbt_project', '--target', 'dev']
From /tmp/tmpjcwlo48q
[2024-07-14T04:24:41.725+0000] {subprocess.py:60} INFO - Tmp dir root location: 
 /tmp
[2024-07-14T04:24:41.727+0000] {subprocess.py:73} INFO - Running command: ['/opt/airflow/dbt_venv/bin/dbt', 'run', '--models', 'fact_orders', '--project-dir', '/tmp/tmpjcwlo48q', '--profiles-dir', '/tmp/cosmos/profile/a0017dab0633177292578162811b91dcb9c56d6e54017e9660056cc364a762ad', '--profile', 'dbt_project', '--target', 'dev']
[2024-07-14T04:24:41.790+0000] {subprocess.py:84} INFO - Command output:
[2024-07-14T04:24:58.720+0000] {subprocess.py:94} INFO - [0m04:24:58  Running with dbt=1.8.3
[2024-07-14T04:25:04.442+0000] {subprocess.py:94} INFO - [0m04:25:04  Registered adapter: snowflake=1.8.3
[2024-07-14T04:25:09.786+0000] {subprocess.py:94} INFO - [0m04:25:09  Found 20 models, 27 data tests, 11 sources, 684 macros
[2024-07-14T04:25:09.884+0000] {subprocess.py:94} INFO - [0m04:25:09
[2024-07-14T04:25:18.591+0000] {subprocess.py:94} INFO - [0m04:25:18  Concurrency: 1 threads (target='dev')
[2024-07-14T04:25:18.608+0000] {subprocess.py:94} INFO - [0m04:25:18
[2024-07-14T04:25:18.781+0000] {subprocess.py:94} INFO - [0m04:25:18  1 of 1 START sql table model dwh.fact_orders ................................... [RUN]
[2024-07-14T04:25:21.581+0000] {subprocess.py:94} INFO - [0m04:25:21  1 of 1 OK created sql table model dwh.fact_orders .............................. [[32mSUCCESS 1[0m in 2.77s]
[2024-07-14T04:25:21.629+0000] {subprocess.py:94} INFO - [0m04:25:21
[2024-07-14T04:25:21.645+0000] {subprocess.py:94} INFO - [0m04:25:21  Finished running 1 table model in 0 hours 0 minutes and 11.74 seconds (11.74s).
[2024-07-14T04:25:22.262+0000] {subprocess.py:94} INFO - [0m04:25:22
[2024-07-14T04:25:22.266+0000] {subprocess.py:94} INFO - [0m04:25:22  [32mCompleted successfully[0m
[2024-07-14T04:25:22.270+0000] {subprocess.py:94} INFO - [0m04:25:22
[2024-07-14T04:25:22.276+0000] {subprocess.py:94} INFO - [0m04:25:22  Done. PASS=1 WARN=0 ERROR=0 SKIP=0 TOTAL=1
[2024-07-14T04:25:25.402+0000] {subprocess.py:98} INFO - Command exited with return code 0
[2024-07-14T04:25:25.404+0000] {local.py:254} INFO - [0m04:25:22  Done. PASS=1 WARN=0 ERROR=0 SKIP=0 TOTAL=1
[2024-07-14T04:25:26.802+0000] {local.py:196} WARNING - Artifact schema version: https://schemas.getdbt.com/dbt/manifest/v12.json is above dbt-ol supported version 7. This might cause errors.
[2024-07-14T04:25:26.822+0000] {local.py:196} WARNING - Artifact schema version: https://schemas.getdbt.com/dbt/run-results/v6.json is above dbt-ol supported version 5. This might cause errors.
[2024-07-14T04:25:26.892+0000] {local.py:349} INFO - Inlets: [Dataset(uri='snowflake://OU00370.europe-west2.gcp/ELT_BATCH.dwh.dim_employees', extra=None), Dataset(uri='snowflake://OU00370.europe-west2.gcp/ELT_BATCH.raw.raw_orders', extra=None)]
[2024-07-14T04:25:26.915+0000] {local.py:350} INFO - Outlets: [Dataset(uri='snowflake://OU00370.europe-west2.gcp/ELT_BATCH.dwh.fact_orders', extra=None)]
[2024-07-14T04:25:26.925+0000] {dag.py:3096} INFO - Sync 1 DAGs
[2024-07-14T04:25:27.791+0000] {taskinstance.py:441} INFO - ::group::Post task execution logs
[2024-07-14T04:25:28.052+0000] {taskinstance.py:1206} INFO - Marking task as SUCCESS. dag_id=ELT-PROJECT, task_id=transform.fact_orders.run, run_id=scheduled__2024-07-04T00:00:00+00:00, execution_date=20240704T000000, start_date=20240714T042417, end_date=20240714T042528
[2024-07-14T04:25:28.280+0000] {local_task_job_runner.py:240} INFO - Task exited with return code 0
[2024-07-14T04:25:28.646+0000] {taskinstance.py:3503} INFO - 1 downstream tasks scheduled from follow-on schedule check
[2024-07-14T04:25:28.677+0000] {local_task_job_runner.py:222} INFO - ::endgroup::
