[2024-07-14T04:15:31.148+0000] {local_task_job_runner.py:120} INFO - ::group::Pre task execution logs
[2024-07-14T04:15:31.373+0000] {taskinstance.py:2076} INFO - Dependencies all met for dep_context=non-requeueable deps ti=<TaskInstance: ELT-PROJECT.transform.raw_orders.run scheduled__2024-07-11T00:00:00+00:00 [queued]>
[2024-07-14T04:15:31.459+0000] {taskinstance.py:2076} INFO - Dependencies all met for dep_context=requeueable deps ti=<TaskInstance: ELT-PROJECT.transform.raw_orders.run scheduled__2024-07-11T00:00:00+00:00 [queued]>
[2024-07-14T04:15:31.463+0000] {taskinstance.py:2306} INFO - Starting attempt 1 of 2
[2024-07-14T04:15:32.914+0000] {taskinstance.py:2330} INFO - Executing <Task(DbtRunLocalOperator): transform.raw_orders.run> on 2024-07-11 00:00:00+00:00
[2024-07-14T04:15:32.969+0000] {logging_mixin.py:188} WARNING - /home/airflow/.local/lib/python3.12/site-packages/airflow/task/task_runner/standard_task_runner.py:61 DeprecationWarning: This process (pid=15116) is multi-threaded, use of fork() may lead to deadlocks in the child.
[2024-07-14T04:15:33.001+0000] {standard_task_runner.py:63} INFO - Started process 15147 to run task
[2024-07-14T04:15:33.010+0000] {standard_task_runner.py:90} INFO - Running: ['airflow', 'tasks', 'run', 'ELT-PROJECT', 'transform.raw_orders.run', 'scheduled__2024-07-11T00:00:00+00:00', '--job-id', '1207', '--raw', '--subdir', 'DAGS_FOLDER/elt.py', '--cfg-path', '/tmp/tmpp5nztfws']
[2024-07-14T04:15:33.034+0000] {standard_task_runner.py:91} INFO - Job 1207: Subtask transform.raw_orders.run
[2024-07-14T04:15:33.152+0000] {logging_mixin.py:188} WARNING - /home/airflow/.local/lib/python3.12/site-packages/airflow/settings.py:195 DeprecationWarning: The sql_alchemy_conn option in [core] has been moved to the sql_alchemy_conn option in [database] - the old setting has been used, but please update your config.
[2024-07-14T04:15:33.332+0000] {task_command.py:426} INFO - Running <TaskInstance: ELT-PROJECT.transform.raw_orders.run scheduled__2024-07-11T00:00:00+00:00 [running]> on host airflow-scheduler
[2024-07-14T04:15:33.854+0000] {taskinstance.py:2648} INFO - Exporting env vars: AIRFLOW_CTX_DAG_OWNER='Data-Ninja' AIRFLOW_CTX_DAG_ID='ELT-PROJECT' AIRFLOW_CTX_TASK_ID='transform.raw_orders.run' AIRFLOW_CTX_EXECUTION_DATE='2024-07-11T00:00:00+00:00' AIRFLOW_CTX_TRY_NUMBER='1' AIRFLOW_CTX_DAG_RUN_ID='scheduled__2024-07-11T00:00:00+00:00'
[2024-07-14T04:15:33.864+0000] {taskinstance.py:430} INFO - ::endgroup::
[2024-07-14T04:15:33.893+0000] {local.py:174} INFO - Could not import dbtRunner. Falling back to subprocess for invoking dbt.
[2024-07-14T04:15:33.928+0000] {local.py:292} INFO - Cloning project to writable temp directory /tmp/tmp7qjma5j4 from /opt/airflow/dags/dbt/dbt_project
[2024-07-14T04:15:33.964+0000] {local.py:303} INFO - Partial parse is enabled and the latest partial parse file is /tmp/cosmos/ELT-PROJECT__transform/target/partial_parse.msgpack
[2024-07-14T04:15:34.211+0000] {base.py:84} INFO - Using connection ID 'snow_conn' for task execution.
[2024-07-14T04:15:34.215+0000] {crypto.py:82} WARNING - empty cryptography key - values will not be stored encrypted.
[2024-07-14T04:15:34.229+0000] {config.py:298} INFO - Profile caching is enable.
[2024-07-14T04:15:34.237+0000] {config.py:272} INFO - Profile found in cache using profile: /tmp/cosmos/profile/a0017dab0633177292578162811b91dcb9c56d6e54017e9660056cc364a762ad/profiles.yml.
[2024-07-14T04:15:34.251+0000] {local.py:247} INFO - Trying to run the command:
 ['/opt/airflow/dbt_venv/bin/dbt', 'deps', '--project-dir', '/tmp/tmp7qjma5j4', '--profiles-dir', '/tmp/cosmos/profile/a0017dab0633177292578162811b91dcb9c56d6e54017e9660056cc364a762ad', '--profile', 'dbt_project', '--target', 'dev']
From /tmp/tmp7qjma5j4
[2024-07-14T04:15:34.256+0000] {subprocess.py:60} INFO - Tmp dir root location: 
 /tmp
[2024-07-14T04:15:34.260+0000] {subprocess.py:73} INFO - Running command: ['/opt/airflow/dbt_venv/bin/dbt', 'deps', '--project-dir', '/tmp/tmp7qjma5j4', '--profiles-dir', '/tmp/cosmos/profile/a0017dab0633177292578162811b91dcb9c56d6e54017e9660056cc364a762ad', '--profile', 'dbt_project', '--target', 'dev']
[2024-07-14T04:15:34.351+0000] {subprocess.py:84} INFO - Command output:
[2024-07-14T04:15:51.152+0000] {subprocess.py:94} INFO - [0m04:15:51  Running with dbt=1.8.3
[2024-07-14T04:15:52.908+0000] {subprocess.py:94} INFO - [0m04:15:52  Updating lock file in file path: /tmp/tmp7qjma5j4/package-lock.yml
[2024-07-14T04:15:52.960+0000] {subprocess.py:94} INFO - [0m04:15:52  Installing dbt-labs/dbt_utils
[2024-07-14T04:15:53.957+0000] {subprocess.py:94} INFO - [0m04:15:53  Installed from version 0.8.6
[2024-07-14T04:15:53.963+0000] {subprocess.py:94} INFO - [0m04:15:53  Updated version available: 1.2.0
[2024-07-14T04:15:53.987+0000] {subprocess.py:94} INFO - [0m04:15:53
[2024-07-14T04:15:53.991+0000] {subprocess.py:94} INFO - [0m04:15:53  Updates available for packages: ['dbt-labs/dbt_utils']
[2024-07-14T04:15:53.998+0000] {subprocess.py:94} INFO - Update your versions in packages.yml, then run dbt deps
[2024-07-14T04:15:55.949+0000] {subprocess.py:98} INFO - Command exited with return code 0
[2024-07-14T04:15:55.951+0000] {local.py:254} INFO - Update your versions in packages.yml, then run dbt deps
[2024-07-14T04:15:55.953+0000] {local.py:247} INFO - Trying to run the command:
 ['/opt/airflow/dbt_venv/bin/dbt', 'run', '--models', 'raw_orders', '--project-dir', '/tmp/tmp7qjma5j4', '--profiles-dir', '/tmp/cosmos/profile/a0017dab0633177292578162811b91dcb9c56d6e54017e9660056cc364a762ad', '--profile', 'dbt_project', '--target', 'dev']
From /tmp/tmp7qjma5j4
[2024-07-14T04:15:55.958+0000] {subprocess.py:60} INFO - Tmp dir root location: 
 /tmp
[2024-07-14T04:15:55.961+0000] {subprocess.py:73} INFO - Running command: ['/opt/airflow/dbt_venv/bin/dbt', 'run', '--models', 'raw_orders', '--project-dir', '/tmp/tmp7qjma5j4', '--profiles-dir', '/tmp/cosmos/profile/a0017dab0633177292578162811b91dcb9c56d6e54017e9660056cc364a762ad', '--profile', 'dbt_project', '--target', 'dev']
[2024-07-14T04:15:56.032+0000] {subprocess.py:84} INFO - Command output:
[2024-07-14T04:16:12.324+0000] {subprocess.py:94} INFO - [0m04:16:12  Running with dbt=1.8.3
[2024-07-14T04:16:17.294+0000] {subprocess.py:94} INFO - [0m04:16:17  Registered adapter: snowflake=1.8.3
[2024-07-14T04:16:24.297+0000] {subprocess.py:94} INFO - [0m04:16:24  Found 20 models, 27 data tests, 11 sources, 684 macros
[2024-07-14T04:16:24.318+0000] {subprocess.py:94} INFO - [0m04:16:24
[2024-07-14T04:16:32.999+0000] {subprocess.py:94} INFO - [0m04:16:32  Concurrency: 1 threads (target='dev')
[2024-07-14T04:16:33.005+0000] {subprocess.py:94} INFO - [0m04:16:33
[2024-07-14T04:16:33.194+0000] {subprocess.py:94} INFO - [0m04:16:33  1 of 1 START sql table model raw.raw_orders .................................... [RUN]
[2024-07-14T04:16:36.458+0000] {subprocess.py:94} INFO - [0m04:16:36  1 of 1 OK created sql table model raw.raw_orders ............................... [[32mSUCCESS 1[0m in 3.25s]
[2024-07-14T04:16:36.494+0000] {subprocess.py:94} INFO - [0m04:16:36
[2024-07-14T04:16:36.498+0000] {subprocess.py:94} INFO - [0m04:16:36  Finished running 1 table model in 0 hours 0 minutes and 12.15 seconds (12.15s).
[2024-07-14T04:16:36.942+0000] {subprocess.py:94} INFO - [0m04:16:36
[2024-07-14T04:16:36.952+0000] {subprocess.py:94} INFO - [0m04:16:36  [32mCompleted successfully[0m
[2024-07-14T04:16:36.969+0000] {subprocess.py:94} INFO - [0m04:16:36
[2024-07-14T04:16:36.971+0000] {subprocess.py:94} INFO - [0m04:16:36  Done. PASS=1 WARN=0 ERROR=0 SKIP=0 TOTAL=1
[2024-07-14T04:16:39.373+0000] {subprocess.py:98} INFO - Command exited with return code 0
[2024-07-14T04:16:39.430+0000] {local.py:254} INFO - [0m04:16:36  Done. PASS=1 WARN=0 ERROR=0 SKIP=0 TOTAL=1
[2024-07-14T04:16:40.124+0000] {local.py:196} WARNING - Artifact schema version: https://schemas.getdbt.com/dbt/manifest/v12.json is above dbt-ol supported version 7. This might cause errors.
[2024-07-14T04:16:40.129+0000] {local.py:196} WARNING - Artifact schema version: https://schemas.getdbt.com/dbt/run-results/v6.json is above dbt-ol supported version 5. This might cause errors.
[2024-07-14T04:16:40.143+0000] {local.py:349} INFO - Inlets: [Dataset(uri='snowflake://OU00370.europe-west2.gcp/ELT_BATCH.PUBLIC.orders', extra=None)]
[2024-07-14T04:16:40.147+0000] {local.py:350} INFO - Outlets: [Dataset(uri='snowflake://OU00370.europe-west2.gcp/ELT_BATCH.raw.raw_orders', extra=None)]
[2024-07-14T04:16:40.151+0000] {dag.py:3096} INFO - Sync 1 DAGs
[2024-07-14T04:16:40.389+0000] {taskinstance.py:441} INFO - ::group::Post task execution logs
[2024-07-14T04:16:40.632+0000] {taskinstance.py:1206} INFO - Marking task as SUCCESS. dag_id=ELT-PROJECT, task_id=transform.raw_orders.run, run_id=scheduled__2024-07-11T00:00:00+00:00, execution_date=20240711T000000, start_date=20240714T041531, end_date=20240714T041640
[2024-07-14T04:16:41.356+0000] {local_task_job_runner.py:240} INFO - Task exited with return code 0
[2024-07-14T04:16:41.663+0000] {taskinstance.py:3503} INFO - 1 downstream tasks scheduled from follow-on schedule check
[2024-07-14T04:16:41.692+0000] {local_task_job_runner.py:222} INFO - ::endgroup::
