[2024-06-22T14:00:26.963+0000] {local_task_job_runner.py:120} INFO - ::group::Pre task execution logs
[2024-06-22T14:00:27.293+0000] {taskinstance.py:2076} INFO - Dependencies all met for dep_context=non-requeueable deps ti=<TaskInstance: ELT-PROJECT.extract.extract_categories manual__2024-06-22T14:00:08.796342+00:00 [queued]>
[2024-06-22T14:00:27.503+0000] {taskinstance.py:2076} INFO - Dependencies all met for dep_context=requeueable deps ti=<TaskInstance: ELT-PROJECT.extract.extract_categories manual__2024-06-22T14:00:08.796342+00:00 [queued]>
[2024-06-22T14:00:27.511+0000] {taskinstance.py:2306} INFO - Starting attempt 1 of 2
[2024-06-22T14:00:27.659+0000] {taskinstance.py:2330} INFO - Executing <Task(_PythonDecoratedOperator): extract.extract_categories> on 2024-06-22 14:00:08.796342+00:00
[2024-06-22T14:00:27.818+0000] {logging_mixin.py:188} WARNING - /home/airflow/.local/lib/python3.12/site-packages/airflow/task/task_runner/standard_task_runner.py:61 DeprecationWarning: This process (pid=2000) is multi-threaded, use of fork() may lead to deadlocks in the child.
[2024-06-22T14:00:27.871+0000] {standard_task_runner.py:63} INFO - Started process 2028 to run task
[2024-06-22T14:00:27.911+0000] {standard_task_runner.py:90} INFO - Running: ['airflow', 'tasks', 'run', 'ELT-PROJECT', 'extract.extract_categories', 'manual__2024-06-22T14:00:08.796342+00:00', '--job-id', '38', '--raw', '--subdir', 'DAGS_FOLDER/elt.py', '--cfg-path', '/tmp/tmp3gxv663i']
[2024-06-22T14:00:27.947+0000] {standard_task_runner.py:91} INFO - Job 38: Subtask extract.extract_categories
[2024-06-22T14:00:28.426+0000] {logging_mixin.py:188} WARNING - /home/airflow/.local/lib/python3.12/site-packages/airflow/settings.py:195 DeprecationWarning: The sql_alchemy_conn option in [core] has been moved to the sql_alchemy_conn option in [database] - the old setting has been used, but please update your config.
[2024-06-22T14:00:29.608+0000] {task_command.py:426} INFO - Running <TaskInstance: ELT-PROJECT.extract.extract_categories manual__2024-06-22T14:00:08.796342+00:00 [running]> on host airflow-scheduler
[2024-06-22T14:01:01.397+0000] {taskinstance.py:2648} INFO - Exporting env vars: AIRFLOW_CTX_DAG_OWNER='Data-Ninja' AIRFLOW_CTX_DAG_ID='ELT-PROJECT' AIRFLOW_CTX_TASK_ID='extract.extract_categories' AIRFLOW_CTX_EXECUTION_DATE='2024-06-22T14:00:08.796342+00:00' AIRFLOW_CTX_TRY_NUMBER='1' AIRFLOW_CTX_DAG_RUN_ID='manual__2024-06-22T14:00:08.796342+00:00'
[2024-06-22T14:01:01.485+0000] {taskinstance.py:430} INFO - ::endgroup::
[2024-06-22T14:02:19.239+0000] {local_task_job_runner.py:310} WARNING - State of this instance has been externally set to failed. Terminating instance.
[2024-06-22T14:02:20.209+0000] {local_task_job_runner.py:222} INFO - ::endgroup::
[2024-06-22T14:02:20.459+0000] {process_utils.py:132} INFO - Sending 15 to group 2028. PIDs of all processes in the group: [2046, 2028]
[2024-06-22T14:02:20.526+0000] {process_utils.py:87} INFO - Sending the signal 15 to group 2028
[2024-06-22T14:02:20.827+0000] {taskinstance.py:2611} ERROR - Received SIGTERM. Terminating subprocesses.
[2024-06-22T14:02:21.800+0000] {taskinstance.py:441} INFO - ::group::Post task execution logs
[2024-06-22T14:02:27.124+0000] {clientserver.py:538} INFO - Error while receiving.
Traceback (most recent call last):
  File "/home/airflow/.local/lib/python3.12/site-packages/py4j/clientserver.py", line 516, in send_command
    raise Py4JNetworkError("Answer from Java side is empty")
py4j.protocol.Py4JNetworkError: Answer from Java side is empty
[2024-06-22T14:02:27.331+0000] {clientserver.py:543} INFO - Closing down clientserver connection
[2024-06-22T14:02:27.369+0000] {java_gateway.py:1055} ERROR - Exception while sending command.
Traceback (most recent call last):
  File "/home/airflow/.local/lib/python3.12/site-packages/py4j/clientserver.py", line 516, in send_command
    raise Py4JNetworkError("Answer from Java side is empty")
py4j.protocol.Py4JNetworkError: Answer from Java side is empty

During handling of the above exception, another exception occurred:

Traceback (most recent call last):
  File "/home/airflow/.local/lib/python3.12/site-packages/py4j/java_gateway.py", line 1038, in send_command
    response = connection.send_command(command)
               ^^^^^^^^^^^^^^^^^^^^^^^^^^^^^^^^
  File "/home/airflow/.local/lib/python3.12/site-packages/py4j/clientserver.py", line 539, in send_command
    raise Py4JNetworkError(
py4j.protocol.Py4JNetworkError: Error while sending or receiving
[2024-06-22T14:02:27.407+0000] {clientserver.py:543} INFO - Closing down clientserver connection
[2024-06-22T14:02:27.412+0000] {clientserver.py:543} INFO - Closing down clientserver connection
[2024-06-22T14:02:27.416+0000] {clientserver.py:543} INFO - Closing down clientserver connection
[2024-06-22T14:02:27.421+0000] {clientserver.py:543} INFO - Closing down clientserver connection
[2024-06-22T14:02:27.432+0000] {clientserver.py:543} INFO - Closing down clientserver connection
[2024-06-22T14:02:27.437+0000] {clientserver.py:543} INFO - Closing down clientserver connection
[2024-06-22T14:02:27.444+0000] {clientserver.py:543} INFO - Closing down clientserver connection
[2024-06-22T14:02:27.446+0000] {clientserver.py:543} INFO - Closing down clientserver connection
[2024-06-22T14:02:27.454+0000] {clientserver.py:543} INFO - Closing down clientserver connection
[2024-06-22T14:02:27.479+0000] {clientserver.py:543} INFO - Closing down clientserver connection
[2024-06-22T14:02:27.483+0000] {clientserver.py:543} INFO - Closing down clientserver connection
[2024-06-22T14:02:27.486+0000] {clientserver.py:543} INFO - Closing down clientserver connection
[2024-06-22T14:02:27.488+0000] {clientserver.py:543} INFO - Closing down clientserver connection
[2024-06-22T14:02:27.495+0000] {clientserver.py:543} INFO - Closing down clientserver connection
[2024-06-22T14:02:27.512+0000] {clientserver.py:543} INFO - Closing down clientserver connection
[2024-06-22T14:02:27.521+0000] {clientserver.py:543} INFO - Closing down clientserver connection
[2024-06-22T14:02:27.534+0000] {clientserver.py:543} INFO - Closing down clientserver connection
[2024-06-22T14:02:27.563+0000] {clientserver.py:543} INFO - Closing down clientserver connection
[2024-06-22T14:02:27.574+0000] {clientserver.py:543} INFO - Closing down clientserver connection
[2024-06-22T14:02:27.601+0000] {clientserver.py:543} INFO - Closing down clientserver connection
[2024-06-22T14:02:27.605+0000] {clientserver.py:543} INFO - Closing down clientserver connection
[2024-06-22T14:02:27.631+0000] {clientserver.py:543} INFO - Closing down clientserver connection
[2024-06-22T14:02:27.633+0000] {clientserver.py:543} INFO - Closing down clientserver connection
[2024-06-22T14:02:28.885+0000] {clientserver.py:543} INFO - Closing down clientserver connection
[2024-06-22T14:02:29.419+0000] {process_utils.py:80} INFO - Process psutil.Process(pid=2046, status='terminated', started='14:01:01') (2046) terminated with exit code None
[2024-06-22T14:02:29.425+0000] {process_utils.py:80} INFO - Process psutil.Process(pid=2028, status='terminated', exitcode=0, started='14:00:27') (2028) terminated with exit code 0
