[2024-07-14T03:47:44.283+0000] {local_task_job_runner.py:120} INFO - ::group::Pre task execution logs
[2024-07-14T03:47:44.457+0000] {taskinstance.py:2076} INFO - Dependencies all met for dep_context=non-requeueable deps ti=<TaskInstance: ELT-PROJECT.transform.raw_order_details.run manual__2024-07-14T03:47:05.410676+00:00 [queued]>
[2024-07-14T03:47:44.562+0000] {taskinstance.py:2076} INFO - Dependencies all met for dep_context=requeueable deps ti=<TaskInstance: ELT-PROJECT.transform.raw_order_details.run manual__2024-07-14T03:47:05.410676+00:00 [queued]>
[2024-07-14T03:47:44.567+0000] {taskinstance.py:2306} INFO - Starting attempt 1 of 2
[2024-07-14T03:47:44.660+0000] {taskinstance.py:2330} INFO - Executing <Task(DbtRunLocalOperator): transform.raw_order_details.run> on 2024-07-14 03:47:05.410676+00:00
[2024-07-14T03:47:44.682+0000] {logging_mixin.py:188} WARNING - /home/airflow/.local/lib/python3.12/site-packages/airflow/task/task_runner/standard_task_runner.py:61 DeprecationWarning: This process (pid=8487) is multi-threaded, use of fork() may lead to deadlocks in the child.
[2024-07-14T03:47:44.700+0000] {standard_task_runner.py:63} INFO - Started process 8511 to run task
[2024-07-14T03:47:44.709+0000] {standard_task_runner.py:90} INFO - Running: ['airflow', 'tasks', 'run', 'ELT-PROJECT', 'transform.raw_order_details.run', 'manual__2024-07-14T03:47:05.410676+00:00', '--job-id', '640', '--raw', '--subdir', 'DAGS_FOLDER/elt.py', '--cfg-path', '/tmp/tmpme288c9t']
[2024-07-14T03:47:44.717+0000] {standard_task_runner.py:91} INFO - Job 640: Subtask transform.raw_order_details.run
[2024-07-14T03:47:44.823+0000] {logging_mixin.py:188} WARNING - /home/airflow/.local/lib/python3.12/site-packages/airflow/settings.py:195 DeprecationWarning: The sql_alchemy_conn option in [core] has been moved to the sql_alchemy_conn option in [database] - the old setting has been used, but please update your config.
[2024-07-14T03:47:45.035+0000] {task_command.py:426} INFO - Running <TaskInstance: ELT-PROJECT.transform.raw_order_details.run manual__2024-07-14T03:47:05.410676+00:00 [running]> on host airflow-scheduler
[2024-07-14T03:47:45.557+0000] {taskinstance.py:2648} INFO - Exporting env vars: AIRFLOW_CTX_DAG_OWNER='Data-Ninja' AIRFLOW_CTX_DAG_ID='ELT-PROJECT' AIRFLOW_CTX_TASK_ID='transform.raw_order_details.run' AIRFLOW_CTX_EXECUTION_DATE='2024-07-14T03:47:05.410676+00:00' AIRFLOW_CTX_TRY_NUMBER='1' AIRFLOW_CTX_DAG_RUN_ID='manual__2024-07-14T03:47:05.410676+00:00'
[2024-07-14T03:47:45.565+0000] {taskinstance.py:430} INFO - ::endgroup::
[2024-07-14T03:47:45.601+0000] {local.py:174} INFO - Could not import dbtRunner. Falling back to subprocess for invoking dbt.
[2024-07-14T03:47:45.605+0000] {local.py:292} INFO - Cloning project to writable temp directory /tmp/tmpfj9yp03t from /opt/airflow/dags/dbt/dbt_project
[2024-07-14T03:47:45.649+0000] {local.py:303} INFO - Partial parse is enabled and the latest partial parse file is /tmp/cosmos/ELT-PROJECT__transform/target/partial_parse.msgpack
[2024-07-14T03:47:46.542+0000] {base.py:84} INFO - Using connection ID 'snow_conn' for task execution.
[2024-07-14T03:47:46.555+0000] {crypto.py:82} WARNING - empty cryptography key - values will not be stored encrypted.
[2024-07-14T03:47:46.556+0000] {config.py:298} INFO - Profile caching is enable.
[2024-07-14T03:47:46.562+0000] {config.py:272} INFO - Profile found in cache using profile: /tmp/cosmos/profile/a0017dab0633177292578162811b91dcb9c56d6e54017e9660056cc364a762ad/profiles.yml.
[2024-07-14T03:47:46.566+0000] {local.py:247} INFO - Trying to run the command:
 ['/opt/airflow/dbt_venv/bin/dbt', 'deps', '--project-dir', '/tmp/tmpfj9yp03t', '--profiles-dir', '/tmp/cosmos/profile/a0017dab0633177292578162811b91dcb9c56d6e54017e9660056cc364a762ad', '--profile', 'dbt_project', '--target', 'dev']
From /tmp/tmpfj9yp03t
[2024-07-14T03:47:46.576+0000] {subprocess.py:60} INFO - Tmp dir root location: 
 /tmp
[2024-07-14T03:47:46.579+0000] {subprocess.py:73} INFO - Running command: ['/opt/airflow/dbt_venv/bin/dbt', 'deps', '--project-dir', '/tmp/tmpfj9yp03t', '--profiles-dir', '/tmp/cosmos/profile/a0017dab0633177292578162811b91dcb9c56d6e54017e9660056cc364a762ad', '--profile', 'dbt_project', '--target', 'dev']
[2024-07-14T03:47:46.627+0000] {subprocess.py:84} INFO - Command output:
[2024-07-14T03:47:57.291+0000] {subprocess.py:94} INFO - [0m03:47:57  Running with dbt=1.8.3
[2024-07-14T03:47:58.433+0000] {subprocess.py:94} INFO - [0m03:47:58  Updating lock file in file path: /tmp/tmpfj9yp03t/package-lock.yml
[2024-07-14T03:47:58.493+0000] {subprocess.py:94} INFO - [0m03:47:58  Installing dbt-labs/dbt_utils
[2024-07-14T03:47:59.100+0000] {subprocess.py:94} INFO - [0m03:47:59  Installed from version 0.8.6
[2024-07-14T03:47:59.102+0000] {subprocess.py:94} INFO - [0m03:47:59  Updated version available: 1.2.0
[2024-07-14T03:47:59.105+0000] {subprocess.py:94} INFO - [0m03:47:59
[2024-07-14T03:47:59.107+0000] {subprocess.py:94} INFO - [0m03:47:59  Updates available for packages: ['dbt-labs/dbt_utils']
[2024-07-14T03:47:59.109+0000] {subprocess.py:94} INFO - Update your versions in packages.yml, then run dbt deps
[2024-07-14T03:48:00.833+0000] {subprocess.py:98} INFO - Command exited with return code 0
[2024-07-14T03:48:00.835+0000] {local.py:254} INFO - Update your versions in packages.yml, then run dbt deps
[2024-07-14T03:48:00.837+0000] {local.py:247} INFO - Trying to run the command:
 ['/opt/airflow/dbt_venv/bin/dbt', 'run', '--models', 'raw_order_details', '--project-dir', '/tmp/tmpfj9yp03t', '--profiles-dir', '/tmp/cosmos/profile/a0017dab0633177292578162811b91dcb9c56d6e54017e9660056cc364a762ad', '--profile', 'dbt_project', '--target', 'dev']
From /tmp/tmpfj9yp03t
[2024-07-14T03:48:00.841+0000] {subprocess.py:60} INFO - Tmp dir root location: 
 /tmp
[2024-07-14T03:48:00.844+0000] {subprocess.py:73} INFO - Running command: ['/opt/airflow/dbt_venv/bin/dbt', 'run', '--models', 'raw_order_details', '--project-dir', '/tmp/tmpfj9yp03t', '--profiles-dir', '/tmp/cosmos/profile/a0017dab0633177292578162811b91dcb9c56d6e54017e9660056cc364a762ad', '--profile', 'dbt_project', '--target', 'dev']
[2024-07-14T03:48:00.913+0000] {subprocess.py:84} INFO - Command output:
[2024-07-14T03:48:11.149+0000] {subprocess.py:94} INFO - [0m03:48:11  Running with dbt=1.8.3
[2024-07-14T03:48:14.509+0000] {subprocess.py:94} INFO - [0m03:48:14  Registered adapter: snowflake=1.8.3
[2024-07-14T03:48:20.142+0000] {subprocess.py:94} INFO - [0m03:48:20  Found 20 models, 27 data tests, 11 sources, 684 macros
[2024-07-14T03:48:20.152+0000] {subprocess.py:94} INFO - [0m03:48:20
[2024-07-14T03:48:28.493+0000] {subprocess.py:94} INFO - [0m03:48:28  Concurrency: 1 threads (target='dev')
[2024-07-14T03:48:28.498+0000] {subprocess.py:94} INFO - [0m03:48:28
[2024-07-14T03:48:28.572+0000] {subprocess.py:94} INFO - [0m03:48:28  1 of 1 START sql table model raw.raw_order_details ............................. [RUN]
[2024-07-14T03:48:30.934+0000] {subprocess.py:94} INFO - [0m03:48:30  1 of 1 OK created sql table model raw.raw_order_details ........................ [[32mSUCCESS 1[0m in 2.35s]
[2024-07-14T03:48:30.955+0000] {subprocess.py:94} INFO - [0m03:48:30
[2024-07-14T03:48:30.959+0000] {subprocess.py:94} INFO - [0m03:48:30  Finished running 1 table model in 0 hours 0 minutes and 10.80 seconds (10.80s).
[2024-07-14T03:48:31.230+0000] {subprocess.py:94} INFO - [0m03:48:31
[2024-07-14T03:48:31.235+0000] {subprocess.py:94} INFO - [0m03:48:31  [32mCompleted successfully[0m
[2024-07-14T03:48:31.240+0000] {subprocess.py:94} INFO - [0m03:48:31
[2024-07-14T03:48:31.249+0000] {subprocess.py:94} INFO - [0m03:48:31  Done. PASS=1 WARN=0 ERROR=0 SKIP=0 TOTAL=1
[2024-07-14T03:48:33.750+0000] {subprocess.py:98} INFO - Command exited with return code 0
[2024-07-14T03:48:33.753+0000] {local.py:254} INFO - [0m03:48:31  Done. PASS=1 WARN=0 ERROR=0 SKIP=0 TOTAL=1
[2024-07-14T03:48:33.816+0000] {local.py:196} WARNING - Artifact schema version: https://schemas.getdbt.com/dbt/manifest/v12.json is above dbt-ol supported version 7. This might cause errors.
[2024-07-14T03:48:33.818+0000] {local.py:196} WARNING - Artifact schema version: https://schemas.getdbt.com/dbt/run-results/v6.json is above dbt-ol supported version 5. This might cause errors.
[2024-07-14T03:48:33.835+0000] {local.py:349} INFO - Inlets: [Dataset(uri='snowflake://OU00370.europe-west2.gcp/ELT_BATCH.PUBLIC.order_details', extra=None)]
[2024-07-14T03:48:33.837+0000] {local.py:350} INFO - Outlets: [Dataset(uri='snowflake://OU00370.europe-west2.gcp/ELT_BATCH.raw.raw_order_details', extra=None)]
[2024-07-14T03:48:33.841+0000] {dag.py:3096} INFO - Sync 1 DAGs
[2024-07-14T03:48:33.902+0000] {dag.py:3954} INFO - Setting next_dagrun for ELT-PROJECT to None, run_after=None
[2024-07-14T03:48:34.097+0000] {taskinstance.py:441} INFO - ::group::Post task execution logs
[2024-07-14T03:48:34.275+0000] {taskinstance.py:1206} INFO - Marking task as SUCCESS. dag_id=ELT-PROJECT, task_id=transform.raw_order_details.run, run_id=manual__2024-07-14T03:47:05.410676+00:00, execution_date=20240714T034705, start_date=20240714T034744, end_date=20240714T034834
[2024-07-14T03:48:34.425+0000] {local_task_job_runner.py:240} INFO - Task exited with return code 0
[2024-07-14T03:48:34.589+0000] {taskinstance.py:3503} INFO - 1 downstream tasks scheduled from follow-on schedule check
[2024-07-14T03:48:34.611+0000] {local_task_job_runner.py:222} INFO - ::endgroup::
