[2024-07-13T14:26:34.103+0000] {local_task_job_runner.py:120} INFO - ::group::Pre task execution logs
[2024-07-13T14:26:34.205+0000] {taskinstance.py:2076} INFO - Dependencies all met for dep_context=non-requeueable deps ti=<TaskInstance: ELT-PROJECT.extract.extract_suppliers scheduled__2024-07-06T00:00:00+00:00 [queued]>
[2024-07-13T14:26:34.231+0000] {taskinstance.py:2076} INFO - Dependencies all met for dep_context=requeueable deps ti=<TaskInstance: ELT-PROJECT.extract.extract_suppliers scheduled__2024-07-06T00:00:00+00:00 [queued]>
[2024-07-13T14:26:34.238+0000] {taskinstance.py:2306} INFO - Starting attempt 1 of 2
[2024-07-13T14:26:34.297+0000] {taskinstance.py:2330} INFO - Executing <Task(_PythonDecoratedOperator): extract.extract_suppliers> on 2024-07-06 00:00:00+00:00
[2024-07-13T14:26:34.322+0000] {logging_mixin.py:188} WARNING - /home/airflow/.local/lib/python3.12/site-packages/airflow/task/task_runner/standard_task_runner.py:61 DeprecationWarning: This process (pid=4111) is multi-threaded, use of fork() may lead to deadlocks in the child.
[2024-07-13T14:26:34.327+0000] {standard_task_runner.py:63} INFO - Started process 4134 to run task
[2024-07-13T14:26:34.328+0000] {standard_task_runner.py:90} INFO - Running: ['airflow', 'tasks', 'run', 'ELT-PROJECT', 'extract.extract_suppliers', 'scheduled__2024-07-06T00:00:00+00:00', '--job-id', '243', '--raw', '--subdir', 'DAGS_FOLDER/elt.py', '--cfg-path', '/tmp/tmpualknmfh']
[2024-07-13T14:26:34.337+0000] {standard_task_runner.py:91} INFO - Job 243: Subtask extract.extract_suppliers
[2024-07-13T14:26:34.418+0000] {logging_mixin.py:188} WARNING - /home/airflow/.local/lib/python3.12/site-packages/airflow/settings.py:195 DeprecationWarning: The sql_alchemy_conn option in [core] has been moved to the sql_alchemy_conn option in [database] - the old setting has been used, but please update your config.
[2024-07-13T14:26:34.555+0000] {task_command.py:426} INFO - Running <TaskInstance: ELT-PROJECT.extract.extract_suppliers scheduled__2024-07-06T00:00:00+00:00 [running]> on host airflow-scheduler
[2024-07-13T14:26:34.878+0000] {taskinstance.py:2648} INFO - Exporting env vars: AIRFLOW_CTX_DAG_OWNER='Data-Ninja' AIRFLOW_CTX_DAG_ID='ELT-PROJECT' AIRFLOW_CTX_TASK_ID='extract.extract_suppliers' AIRFLOW_CTX_EXECUTION_DATE='2024-07-06T00:00:00+00:00' AIRFLOW_CTX_TRY_NUMBER='1' AIRFLOW_CTX_DAG_RUN_ID='scheduled__2024-07-06T00:00:00+00:00'
[2024-07-13T14:26:34.882+0000] {taskinstance.py:430} INFO - ::endgroup::
[2024-07-13T14:26:34.919+0000] {base.py:84} INFO - Using connection ID 'post_conn' for task execution.
[2024-07-13T14:26:35.128+0000] {taskinstance.py:441} INFO - ::group::Post task execution logs
[2024-07-13T14:26:35.130+0000] {taskinstance.py:2905} ERROR - Task failed with exception
Traceback (most recent call last):
  File "/home/airflow/.local/lib/python3.12/site-packages/airflow/models/taskinstance.py", line 465, in _execute_task
    result = _execute_callable(context=context, **execute_callable_kwargs)
             ^^^^^^^^^^^^^^^^^^^^^^^^^^^^^^^^^^^^^^^^^^^^^^^^^^^^^^^^^^^^^
  File "/home/airflow/.local/lib/python3.12/site-packages/airflow/models/taskinstance.py", line 432, in _execute_callable
    return execute_callable(context=context, **execute_callable_kwargs)
           ^^^^^^^^^^^^^^^^^^^^^^^^^^^^^^^^^^^^^^^^^^^^^^^^^^^^^^^^^^^^
  File "/home/airflow/.local/lib/python3.12/site-packages/airflow/models/baseoperator.py", line 401, in wrapper
    return func(self, *args, **kwargs)
           ^^^^^^^^^^^^^^^^^^^^^^^^^^^
  File "/home/airflow/.local/lib/python3.12/site-packages/airflow/decorators/base.py", line 265, in execute
    return_value = super().execute(context)
                   ^^^^^^^^^^^^^^^^^^^^^^^^
  File "/home/airflow/.local/lib/python3.12/site-packages/airflow/models/baseoperator.py", line 401, in wrapper
    return func(self, *args, **kwargs)
           ^^^^^^^^^^^^^^^^^^^^^^^^^^^
  File "/home/airflow/.local/lib/python3.12/site-packages/airflow/operators/python.py", line 235, in execute
    return_value = self.execute_callable()
                   ^^^^^^^^^^^^^^^^^^^^^^^
  File "/home/airflow/.local/lib/python3.12/site-packages/airflow/operators/python.py", line 252, in execute_callable
    return self.python_callable(*self.op_args, **self.op_kwargs)
           ^^^^^^^^^^^^^^^^^^^^^^^^^^^^^^^^^^^^^^^^^^^^^^^^^^^^^
  File "/opt/airflow/dags/elt.py", line 49, in extract
    return extract_func(
           ^^^^^^^^^^^^^
  File "/opt/airflow/dags/el_module/extractors.py", line 11, in extract_func
    ).get_conn()
      ^^^^^^^^^^
  File "/home/airflow/.local/lib/python3.12/site-packages/airflow/providers/postgres/hooks/postgres.py", line 175, in get_conn
    self.conn = psycopg2.connect(**conn_args)
                ^^^^^^^^^^^^^^^^^^^^^^^^^^^^^
  File "/home/airflow/.local/lib/python3.12/site-packages/psycopg2/__init__.py", line 122, in connect
    conn = _connect(dsn, connection_factory=connection_factory, **kwasync)
           ^^^^^^^^^^^^^^^^^^^^^^^^^^^^^^^^^^^^^^^^^^^^^^^^^^^^^^^^^^^^^^^
psycopg2.OperationalError: connection to server at "ep-bold-forest-89569418.ap-southeast-1.aws.neon.tech" (13.228.184.177), port 5432 failed: ERROR:  password authentication failed for user 'dataninja'
connection to server at "ep-bold-forest-89569418.ap-southeast-1.aws.neon.tech" (13.228.184.177), port 5432 failed: ERROR:  connection is insecure (try using `sslmode=require`)

[2024-07-13T14:26:35.222+0000] {taskinstance.py:1206} INFO - Marking task as UP_FOR_RETRY. dag_id=ELT-PROJECT, task_id=extract.extract_suppliers, run_id=scheduled__2024-07-06T00:00:00+00:00, execution_date=20240706T000000, start_date=20240713T142634, end_date=20240713T142635
[2024-07-13T14:26:35.357+0000] {standard_task_runner.py:110} ERROR - Failed to execute job 243 for task extract.extract_suppliers (connection to server at "ep-bold-forest-89569418.ap-southeast-1.aws.neon.tech" (13.228.184.177), port 5432 failed: ERROR:  password authentication failed for user 'dataninja'
connection to server at "ep-bold-forest-89569418.ap-southeast-1.aws.neon.tech" (13.228.184.177), port 5432 failed: ERROR:  connection is insecure (try using `sslmode=require`)
; 4134)
[2024-07-13T14:26:35.453+0000] {local_task_job_runner.py:240} INFO - Task exited with return code 1
[2024-07-13T14:26:35.556+0000] {local_task_job_runner.py:222} INFO - ::endgroup::
[2024-07-14T03:59:20.927+0000] {local_task_job_runner.py:120} INFO - ::group::Pre task execution logs
[2024-07-14T03:59:21.009+0000] {taskinstance.py:2076} INFO - Dependencies all met for dep_context=non-requeueable deps ti=<TaskInstance: ELT-PROJECT.extract.extract_suppliers scheduled__2024-07-06T00:00:00+00:00 [queued]>
[2024-07-14T03:59:21.064+0000] {taskinstance.py:2076} INFO - Dependencies all met for dep_context=requeueable deps ti=<TaskInstance: ELT-PROJECT.extract.extract_suppliers scheduled__2024-07-06T00:00:00+00:00 [queued]>
[2024-07-14T03:59:21.070+0000] {taskinstance.py:2306} INFO - Starting attempt 1 of 2
[2024-07-14T03:59:21.159+0000] {taskinstance.py:2330} INFO - Executing <Task(_PythonDecoratedOperator): extract.extract_suppliers> on 2024-07-06 00:00:00+00:00
[2024-07-14T03:59:21.191+0000] {standard_task_runner.py:90} INFO - Running: ['airflow', 'tasks', 'run', 'ELT-PROJECT', 'extract.extract_suppliers', 'scheduled__2024-07-06T00:00:00+00:00', '--job-id', '777', '--raw', '--subdir', 'DAGS_FOLDER/elt.py', '--cfg-path', '/tmp/tmpfo8hyq8n']
[2024-07-14T03:59:21.202+0000] {logging_mixin.py:188} WARNING - /home/airflow/.local/lib/python3.12/site-packages/airflow/task/task_runner/standard_task_runner.py:61 DeprecationWarning: This process (pid=9850) is multi-threaded, use of fork() may lead to deadlocks in the child.
[2024-07-14T03:59:21.204+0000] {standard_task_runner.py:63} INFO - Started process 9878 to run task
[2024-07-14T03:59:21.203+0000] {standard_task_runner.py:91} INFO - Job 777: Subtask extract.extract_suppliers
[2024-07-14T03:59:21.340+0000] {logging_mixin.py:188} WARNING - /home/airflow/.local/lib/python3.12/site-packages/airflow/settings.py:195 DeprecationWarning: The sql_alchemy_conn option in [core] has been moved to the sql_alchemy_conn option in [database] - the old setting has been used, but please update your config.
[2024-07-14T03:59:21.657+0000] {task_command.py:426} INFO - Running <TaskInstance: ELT-PROJECT.extract.extract_suppliers scheduled__2024-07-06T00:00:00+00:00 [running]> on host airflow-scheduler
[2024-07-14T03:59:22.243+0000] {taskinstance.py:2648} INFO - Exporting env vars: AIRFLOW_CTX_DAG_OWNER='Data-Ninja' AIRFLOW_CTX_DAG_ID='ELT-PROJECT' AIRFLOW_CTX_TASK_ID='extract.extract_suppliers' AIRFLOW_CTX_EXECUTION_DATE='2024-07-06T00:00:00+00:00' AIRFLOW_CTX_TRY_NUMBER='1' AIRFLOW_CTX_DAG_RUN_ID='scheduled__2024-07-06T00:00:00+00:00'
[2024-07-14T03:59:22.247+0000] {taskinstance.py:430} INFO - ::endgroup::
[2024-07-14T03:59:22.300+0000] {base.py:84} INFO - Using connection ID 'post_conn' for task execution.
[2024-07-14T03:59:22.539+0000] {python.py:237} INFO - Done. Returned value was:     supplierID  ...                                           homePage
0           15  ...                                                NaN
1           16  ...                                                NaN
2           17  ...                                                NaN
3           18  ...                                                NaN
4           19  ...                                                NaN
5           20  ...                                                NaN
6           21  ...                                                NaN
7           22  ...                                                NaN
8           23  ...                                                NaN
9           24  ...  G'day Mate (on the World Wide Web)#http://www....
10          25  ...                                                NaN
11          26  ...                                                NaN
12          27  ...                                                NaN
13          28  ...                                                NaN
14          29  ...                                                NaN
15           1  ...                                                NaN
16           2  ...                                        #CAJUN.HTM#
17           3  ...                                                NaN
18           4  ...                                                NaN
19           5  ...                                                NaN
20           6  ...  Mayumi's (on the World Wide Web)#http://www.mi...
21           7  ...                                                NaN
22           8  ...                                                NaN
23           9  ...                                                NaN
24          10  ...                                                NaN
25          11  ...                                                NaN
26          12  ...  Plutzer (on the World Wide Web)#http://www.mic...
27          13  ...                                                NaN
28          14  ...                                     #FORMAGGI.HTM#

[29 rows x 12 columns]
[2024-07-14T03:59:22.661+0000] {taskinstance.py:441} INFO - ::group::Post task execution logs
[2024-07-14T03:59:23.430+0000] {taskinstance.py:1206} INFO - Marking task as SUCCESS. dag_id=ELT-PROJECT, task_id=extract.extract_suppliers, run_id=scheduled__2024-07-06T00:00:00+00:00, execution_date=20240706T000000, start_date=20240714T035921, end_date=20240714T035923
[2024-07-14T03:59:23.547+0000] {local_task_job_runner.py:240} INFO - Task exited with return code 0
[2024-07-14T03:59:23.878+0000] {taskinstance.py:3503} INFO - 1 downstream tasks scheduled from follow-on schedule check
[2024-07-14T03:59:23.914+0000] {local_task_job_runner.py:222} INFO - ::endgroup::
