[2024-07-14T04:50:19.615+0000] {local_task_job_runner.py:120} INFO - ::group::Pre task execution logs
[2024-07-14T04:50:19.864+0000] {taskinstance.py:2076} INFO - Dependencies all met for dep_context=non-requeueable deps ti=<TaskInstance: ELT-PROJECT.transform.raw_employee_territories_run scheduled__2024-07-12T00:00:00+00:00 [queued]>
[2024-07-14T04:50:19.986+0000] {taskinstance.py:2076} INFO - Dependencies all met for dep_context=requeueable deps ti=<TaskInstance: ELT-PROJECT.transform.raw_employee_territories_run scheduled__2024-07-12T00:00:00+00:00 [queued]>
[2024-07-14T04:50:19.987+0000] {taskinstance.py:2306} INFO - Starting attempt 1 of 2
[2024-07-14T04:50:20.124+0000] {taskinstance.py:2330} INFO - Executing <Task(DbtRunLocalOperator): transform.raw_employee_territories_run> on 2024-07-12 00:00:00+00:00
[2024-07-14T04:50:20.161+0000] {logging_mixin.py:188} WARNING - /home/airflow/.local/lib/python3.12/site-packages/airflow/task/task_runner/standard_task_runner.py:61 DeprecationWarning: This process (pid=22366) is multi-threaded, use of fork() may lead to deadlocks in the child.
[2024-07-14T04:50:20.162+0000] {standard_task_runner.py:90} INFO - Running: ['airflow', 'tasks', 'run', 'ELT-PROJECT', 'transform.raw_employee_territories_run', 'scheduled__2024-07-12T00:00:00+00:00', '--job-id', '1663', '--raw', '--subdir', 'DAGS_FOLDER/elt.py', '--cfg-path', '/tmp/tmp6duqvlgo']
[2024-07-14T04:50:20.178+0000] {standard_task_runner.py:91} INFO - Job 1663: Subtask transform.raw_employee_territories_run
[2024-07-14T04:50:20.166+0000] {standard_task_runner.py:63} INFO - Started process 22392 to run task
[2024-07-14T04:50:20.278+0000] {logging_mixin.py:188} WARNING - /home/airflow/.local/lib/python3.12/site-packages/airflow/settings.py:195 DeprecationWarning: The sql_alchemy_conn option in [core] has been moved to the sql_alchemy_conn option in [database] - the old setting has been used, but please update your config.
[2024-07-14T04:50:20.618+0000] {task_command.py:426} INFO - Running <TaskInstance: ELT-PROJECT.transform.raw_employee_territories_run scheduled__2024-07-12T00:00:00+00:00 [running]> on host airflow-scheduler
[2024-07-14T04:50:21.513+0000] {taskinstance.py:2648} INFO - Exporting env vars: AIRFLOW_CTX_DAG_OWNER='Data-Ninja' AIRFLOW_CTX_DAG_ID='ELT-PROJECT' AIRFLOW_CTX_TASK_ID='transform.raw_employee_territories_run' AIRFLOW_CTX_EXECUTION_DATE='2024-07-12T00:00:00+00:00' AIRFLOW_CTX_TRY_NUMBER='1' AIRFLOW_CTX_DAG_RUN_ID='scheduled__2024-07-12T00:00:00+00:00'
[2024-07-14T04:50:21.522+0000] {taskinstance.py:430} INFO - ::endgroup::
[2024-07-14T04:50:21.537+0000] {local.py:174} INFO - Could not import dbtRunner. Falling back to subprocess for invoking dbt.
[2024-07-14T04:50:21.548+0000] {local.py:292} INFO - Cloning project to writable temp directory /tmp/tmp11epbwq1 from /opt/airflow/dags/dbt/dbt_project
[2024-07-14T04:50:21.596+0000] {local.py:303} INFO - Partial parse is enabled and the latest partial parse file is /tmp/cosmos/ELT-PROJECT__transform/target/partial_parse.msgpack
[2024-07-14T04:50:23.117+0000] {base.py:84} INFO - Using connection ID 'snow_conn' for task execution.
[2024-07-14T04:50:23.120+0000] {crypto.py:82} WARNING - empty cryptography key - values will not be stored encrypted.
[2024-07-14T04:50:23.125+0000] {config.py:298} INFO - Profile caching is enable.
[2024-07-14T04:50:23.148+0000] {config.py:272} INFO - Profile found in cache using profile: /tmp/cosmos/profile/a0017dab0633177292578162811b91dcb9c56d6e54017e9660056cc364a762ad/profiles.yml.
[2024-07-14T04:50:23.153+0000] {local.py:247} INFO - Trying to run the command:
 ['/opt/airflow/dbt_venv/bin/dbt', 'deps', '--project-dir', '/tmp/tmp11epbwq1', '--profiles-dir', '/tmp/cosmos/profile/a0017dab0633177292578162811b91dcb9c56d6e54017e9660056cc364a762ad', '--profile', 'dbt_project', '--target', 'dev']
From /tmp/tmp11epbwq1
[2024-07-14T04:50:23.157+0000] {subprocess.py:60} INFO - Tmp dir root location: 
 /tmp
[2024-07-14T04:50:23.161+0000] {subprocess.py:73} INFO - Running command: ['/opt/airflow/dbt_venv/bin/dbt', 'deps', '--project-dir', '/tmp/tmp11epbwq1', '--profiles-dir', '/tmp/cosmos/profile/a0017dab0633177292578162811b91dcb9c56d6e54017e9660056cc364a762ad', '--profile', 'dbt_project', '--target', 'dev']
[2024-07-14T04:50:23.246+0000] {subprocess.py:84} INFO - Command output:
[2024-07-14T04:50:35.985+0000] {subprocess.py:94} INFO - [0m04:50:35  Running with dbt=1.8.3
[2024-07-14T04:50:37.596+0000] {subprocess.py:94} INFO - [0m04:50:37  Updating lock file in file path: /tmp/tmp11epbwq1/package-lock.yml
[2024-07-14T04:50:37.655+0000] {subprocess.py:94} INFO - [0m04:50:37  Installing dbt-labs/dbt_utils
[2024-07-14T04:50:38.604+0000] {subprocess.py:94} INFO - [0m04:50:38  Installed from version 0.8.6
[2024-07-14T04:50:38.612+0000] {subprocess.py:94} INFO - [0m04:50:38  Updated version available: 1.2.0
[2024-07-14T04:50:38.618+0000] {subprocess.py:94} INFO - [0m04:50:38
[2024-07-14T04:50:38.622+0000] {subprocess.py:94} INFO - [0m04:50:38  Updates available for packages: ['dbt-labs/dbt_utils']
[2024-07-14T04:50:38.626+0000] {subprocess.py:94} INFO - Update your versions in packages.yml, then run dbt deps
[2024-07-14T04:50:40.872+0000] {subprocess.py:98} INFO - Command exited with return code 0
[2024-07-14T04:50:40.877+0000] {local.py:254} INFO - Update your versions in packages.yml, then run dbt deps
[2024-07-14T04:50:40.891+0000] {local.py:247} INFO - Trying to run the command:
 ['/opt/airflow/dbt_venv/bin/dbt', 'run', '--models', 'raw_employee_territories', '--project-dir', '/tmp/tmp11epbwq1', '--profiles-dir', '/tmp/cosmos/profile/a0017dab0633177292578162811b91dcb9c56d6e54017e9660056cc364a762ad', '--profile', 'dbt_project', '--target', 'dev']
From /tmp/tmp11epbwq1
[2024-07-14T04:50:40.895+0000] {subprocess.py:60} INFO - Tmp dir root location: 
 /tmp
[2024-07-14T04:50:40.911+0000] {subprocess.py:73} INFO - Running command: ['/opt/airflow/dbt_venv/bin/dbt', 'run', '--models', 'raw_employee_territories', '--project-dir', '/tmp/tmp11epbwq1', '--profiles-dir', '/tmp/cosmos/profile/a0017dab0633177292578162811b91dcb9c56d6e54017e9660056cc364a762ad', '--profile', 'dbt_project', '--target', 'dev']
[2024-07-14T04:50:40.992+0000] {subprocess.py:84} INFO - Command output:
[2024-07-14T04:50:57.247+0000] {subprocess.py:94} INFO - [0m04:50:57  Running with dbt=1.8.3
[2024-07-14T04:51:01.311+0000] {subprocess.py:94} INFO - [0m04:51:01  Registered adapter: snowflake=1.8.3
[2024-07-14T04:51:06.574+0000] {subprocess.py:94} INFO - [0m04:51:06  Found 20 models, 27 data tests, 11 sources, 684 macros
[2024-07-14T04:51:06.627+0000] {subprocess.py:94} INFO - [0m04:51:06
[2024-07-14T04:51:15.841+0000] {subprocess.py:94} INFO - [0m04:51:15  Concurrency: 1 threads (target='dev')
[2024-07-14T04:51:15.845+0000] {subprocess.py:94} INFO - [0m04:51:15
[2024-07-14T04:51:15.963+0000] {subprocess.py:94} INFO - [0m04:51:15  1 of 1 START sql table model raw.raw_employee_territories ...................... [RUN]
[2024-07-14T04:51:18.736+0000] {subprocess.py:94} INFO - [0m04:51:18  1 of 1 OK created sql table model raw.raw_employee_territories ................. [[32mSUCCESS 1[0m in 2.72s]
[2024-07-14T04:51:18.779+0000] {subprocess.py:94} INFO - [0m04:51:18
[2024-07-14T04:51:18.785+0000] {subprocess.py:94} INFO - [0m04:51:18  Finished running 1 table model in 0 hours 0 minutes and 12.15 seconds (12.15s).
[2024-07-14T04:51:19.776+0000] {subprocess.py:94} INFO - [0m04:51:19
[2024-07-14T04:51:19.780+0000] {subprocess.py:94} INFO - [0m04:51:19  [32mCompleted successfully[0m
[2024-07-14T04:51:19.783+0000] {subprocess.py:94} INFO - [0m04:51:19
[2024-07-14T04:51:19.792+0000] {subprocess.py:94} INFO - [0m04:51:19  Done. PASS=1 WARN=0 ERROR=0 SKIP=0 TOTAL=1
[2024-07-14T04:51:22.031+0000] {subprocess.py:98} INFO - Command exited with return code 0
[2024-07-14T04:51:22.035+0000] {local.py:254} INFO - [0m04:51:19  Done. PASS=1 WARN=0 ERROR=0 SKIP=0 TOTAL=1
[2024-07-14T04:51:22.159+0000] {local.py:196} WARNING - Artifact schema version: https://schemas.getdbt.com/dbt/manifest/v12.json is above dbt-ol supported version 7. This might cause errors.
[2024-07-14T04:51:22.163+0000] {local.py:196} WARNING - Artifact schema version: https://schemas.getdbt.com/dbt/run-results/v6.json is above dbt-ol supported version 5. This might cause errors.
[2024-07-14T04:51:22.219+0000] {local.py:349} INFO - Inlets: [Dataset(uri='snowflake://OU00370.europe-west2.gcp/ELT_BATCH.PUBLIC.employee_territories', extra=None)]
[2024-07-14T04:51:22.223+0000] {local.py:350} INFO - Outlets: [Dataset(uri='snowflake://OU00370.europe-west2.gcp/ELT_BATCH.raw.raw_employee_territories', extra=None)]
[2024-07-14T04:51:22.226+0000] {dag.py:3096} INFO - Sync 1 DAGs
[2024-07-14T04:51:22.330+0000] {dag.py:3954} INFO - Setting next_dagrun for ELT-PROJECT to 2024-07-14 00:00:00+00:00, run_after=2024-07-15 00:00:00+00:00
[2024-07-14T04:51:22.510+0000] {taskinstance.py:441} INFO - ::group::Post task execution logs
[2024-07-14T04:51:22.704+0000] {taskinstance.py:1206} INFO - Marking task as SUCCESS. dag_id=ELT-PROJECT, task_id=transform.raw_employee_territories_run, run_id=scheduled__2024-07-12T00:00:00+00:00, execution_date=20240712T000000, start_date=20240714T045019, end_date=20240714T045122
[2024-07-14T04:51:22.891+0000] {local_task_job_runner.py:240} INFO - Task exited with return code 0
[2024-07-14T04:51:23.025+0000] {taskinstance.py:3503} INFO - 0 downstream tasks scheduled from follow-on schedule check
[2024-07-14T04:51:23.030+0000] {local_task_job_runner.py:222} INFO - ::endgroup::
