[2024-06-22T22:11:02.756+0000] {local_task_job_runner.py:120} INFO - ::group::Pre task execution logs
[2024-06-22T22:11:02.971+0000] {taskinstance.py:2076} INFO - Dependencies all met for dep_context=non-requeueable deps ti=<TaskInstance: ELT-PROJECT.load.load_shippers manual__2024-06-22T22:10:39.567739+00:00 [queued]>
[2024-06-22T22:11:03.004+0000] {taskinstance.py:2076} INFO - Dependencies all met for dep_context=requeueable deps ti=<TaskInstance: ELT-PROJECT.load.load_shippers manual__2024-06-22T22:10:39.567739+00:00 [queued]>
[2024-06-22T22:11:03.006+0000] {taskinstance.py:2306} INFO - Starting attempt 1 of 2
[2024-06-22T22:11:03.078+0000] {taskinstance.py:2330} INFO - Executing <Task(_PythonDecoratedOperator): load.load_shippers> on 2024-06-22 22:10:39.567739+00:00
[2024-06-22T22:11:03.107+0000] {logging_mixin.py:188} WARNING - /home/airflow/.local/lib/python3.12/site-packages/airflow/task/task_runner/standard_task_runner.py:61 DeprecationWarning: This process (pid=660) is multi-threaded, use of fork() may lead to deadlocks in the child.
[2024-06-22T22:11:03.112+0000] {standard_task_runner.py:63} INFO - Started process 695 to run task
[2024-06-22T22:11:03.107+0000] {standard_task_runner.py:90} INFO - Running: ['airflow', 'tasks', 'run', 'ELT-PROJECT', 'load.load_shippers', 'manual__2024-06-22T22:10:39.567739+00:00', '--job-id', '56', '--raw', '--subdir', 'DAGS_FOLDER/elt.py', '--cfg-path', '/tmp/tmp2o62c5wx']
[2024-06-22T22:11:03.130+0000] {standard_task_runner.py:91} INFO - Job 56: Subtask load.load_shippers
[2024-06-22T22:11:03.231+0000] {logging_mixin.py:188} WARNING - /home/airflow/.local/lib/python3.12/site-packages/airflow/settings.py:195 DeprecationWarning: The sql_alchemy_conn option in [core] has been moved to the sql_alchemy_conn option in [database] - the old setting has been used, but please update your config.
[2024-06-22T22:11:03.460+0000] {task_command.py:426} INFO - Running <TaskInstance: ELT-PROJECT.load.load_shippers manual__2024-06-22T22:10:39.567739+00:00 [running]> on host airflow-scheduler
[2024-06-22T22:11:05.370+0000] {taskinstance.py:2648} INFO - Exporting env vars: AIRFLOW_CTX_DAG_OWNER='Data-Ninja' AIRFLOW_CTX_DAG_ID='ELT-PROJECT' AIRFLOW_CTX_TASK_ID='load.load_shippers' AIRFLOW_CTX_EXECUTION_DATE='2024-06-22T22:10:39.567739+00:00' AIRFLOW_CTX_TRY_NUMBER='1' AIRFLOW_CTX_DAG_RUN_ID='manual__2024-06-22T22:10:39.567739+00:00'
[2024-06-22T22:11:05.376+0000] {taskinstance.py:430} INFO - ::endgroup::
[2024-06-22T22:11:05.383+0000] {connection.py:399} INFO - Snowflake Connector for Python Version: 3.10.1, Python Version: 3.12.4, Platform: Linux-5.15.133.1-microsoft-standard-WSL2-x86_64-with-glibc2.36
[2024-06-22T22:11:05.389+0000] {connection.py:1249} INFO - THIS CONNECTION IS IN INSECURE MODE. IT MEANS THE CERTIFICATE WILL BE VALIDATED BUT THE CERTIFICATE REVOCATION STATUS WILL NOT BE CHECKED.
[2024-06-22T22:11:05.628+0000] {ssl_wrap_socket.py:100} INFO - THIS CONNECTION IS IN INSECURE MODE. IT MEANS THE CERTIFICATE WILL BE VALIDATED BUT THE CERTIFICATE REVOCATION STATUS WILL NOT BE CHECKED.
[2024-06-22T22:11:06.033+0000] {logging_mixin.py:188} INFO - Nama kolom di DataFrame: Index(['shipperID', 'companyName', 'phone'], dtype='object')
[2024-06-22T22:11:06.433+0000] {cursor.py:1149} INFO - Number of results in first chunk: 1
[2024-06-22T22:11:07.080+0000] {ssl_wrap_socket.py:100} INFO - THIS CONNECTION IS IN INSECURE MODE. IT MEANS THE CERTIFICATE WILL BE VALIDATED BUT THE CERTIFICATE REVOCATION STATUS WILL NOT BE CHECKED.
[2024-06-22T22:11:09.780+0000] {cursor.py:1149} INFO - Number of results in first chunk: 1
[2024-06-22T22:11:10.450+0000] {cursor.py:1149} INFO - Number of results in first chunk: 3
[2024-06-22T22:11:11.263+0000] {cursor.py:1149} INFO - Number of results in first chunk: 1
[2024-06-22T22:11:11.799+0000] {cursor.py:1149} INFO - Number of results in first chunk: 1
[2024-06-22T22:11:13.086+0000] {cursor.py:1149} INFO - Number of results in first chunk: 1
[2024-06-22T22:11:13.087+0000] {logging_mixin.py:188} INFO - Done shippers.
[2024-06-22T22:11:13.089+0000] {connection.py:762} INFO - closed
[2024-06-22T22:11:13.553+0000] {connection.py:768} INFO - No async queries seem to be running, deleting session
[2024-06-22T22:11:14.838+0000] {python.py:237} INFO - Done. Returned value was: None
[2024-06-22T22:11:14.846+0000] {taskinstance.py:441} INFO - ::group::Post task execution logs
[2024-06-22T22:11:14.909+0000] {taskinstance.py:1206} INFO - Marking task as SUCCESS. dag_id=ELT-PROJECT, task_id=load.load_shippers, run_id=manual__2024-06-22T22:10:39.567739+00:00, execution_date=20240622T221039, start_date=20240622T221102, end_date=20240622T221114
[2024-06-22T22:11:15.029+0000] {local_task_job_runner.py:240} INFO - Task exited with return code 0
[2024-06-22T22:11:15.312+0000] {taskinstance.py:3503} INFO - 0 downstream tasks scheduled from follow-on schedule check
[2024-06-22T22:11:15.321+0000] {local_task_job_runner.py:222} INFO - ::endgroup::
