[2024-07-14T04:04:30.819+0000] {local_task_job_runner.py:120} INFO - ::group::Pre task execution logs
[2024-07-14T04:04:31.028+0000] {taskinstance.py:2076} INFO - Dependencies all met for dep_context=non-requeueable deps ti=<TaskInstance: ELT-PROJECT.transform.raw_employees.run scheduled__2024-07-04T00:00:00+00:00 [queued]>
[2024-07-14T04:04:31.190+0000] {taskinstance.py:2076} INFO - Dependencies all met for dep_context=requeueable deps ti=<TaskInstance: ELT-PROJECT.transform.raw_employees.run scheduled__2024-07-04T00:00:00+00:00 [queued]>
[2024-07-14T04:04:31.208+0000] {taskinstance.py:2306} INFO - Starting attempt 1 of 2
[2024-07-14T04:04:31.371+0000] {taskinstance.py:2330} INFO - Executing <Task(DbtRunLocalOperator): transform.raw_employees.run> on 2024-07-04 00:00:00+00:00
[2024-07-14T04:04:31.409+0000] {logging_mixin.py:188} WARNING - /home/airflow/.local/lib/python3.12/site-packages/airflow/task/task_runner/standard_task_runner.py:61 DeprecationWarning: This process (pid=12676) is multi-threaded, use of fork() may lead to deadlocks in the child.
[2024-07-14T04:04:31.425+0000] {standard_task_runner.py:63} INFO - Started process 12699 to run task
[2024-07-14T04:04:31.409+0000] {standard_task_runner.py:90} INFO - Running: ['airflow', 'tasks', 'run', 'ELT-PROJECT', 'transform.raw_employees.run', 'scheduled__2024-07-04T00:00:00+00:00', '--job-id', '1061', '--raw', '--subdir', 'DAGS_FOLDER/elt.py', '--cfg-path', '/tmp/tmp7y_wz1sh']
[2024-07-14T04:04:31.460+0000] {standard_task_runner.py:91} INFO - Job 1061: Subtask transform.raw_employees.run
[2024-07-14T04:04:31.518+0000] {logging_mixin.py:188} WARNING - /home/airflow/.local/lib/python3.12/site-packages/airflow/settings.py:195 DeprecationWarning: The sql_alchemy_conn option in [core] has been moved to the sql_alchemy_conn option in [database] - the old setting has been used, but please update your config.
[2024-07-14T04:04:31.743+0000] {task_command.py:426} INFO - Running <TaskInstance: ELT-PROJECT.transform.raw_employees.run scheduled__2024-07-04T00:00:00+00:00 [running]> on host airflow-scheduler
[2024-07-14T04:04:32.298+0000] {taskinstance.py:2648} INFO - Exporting env vars: AIRFLOW_CTX_DAG_OWNER='Data-Ninja' AIRFLOW_CTX_DAG_ID='ELT-PROJECT' AIRFLOW_CTX_TASK_ID='transform.raw_employees.run' AIRFLOW_CTX_EXECUTION_DATE='2024-07-04T00:00:00+00:00' AIRFLOW_CTX_TRY_NUMBER='1' AIRFLOW_CTX_DAG_RUN_ID='scheduled__2024-07-04T00:00:00+00:00'
[2024-07-14T04:04:32.303+0000] {taskinstance.py:430} INFO - ::endgroup::
[2024-07-14T04:04:32.306+0000] {local.py:174} INFO - Could not import dbtRunner. Falling back to subprocess for invoking dbt.
[2024-07-14T04:04:32.330+0000] {local.py:292} INFO - Cloning project to writable temp directory /tmp/tmpc9ljc9s1 from /opt/airflow/dags/dbt/dbt_project
[2024-07-14T04:04:32.349+0000] {local.py:303} INFO - Partial parse is enabled and the latest partial parse file is /tmp/cosmos/ELT-PROJECT__transform/target/partial_parse.msgpack
[2024-07-14T04:04:32.477+0000] {base.py:84} INFO - Using connection ID 'snow_conn' for task execution.
[2024-07-14T04:04:32.486+0000] {crypto.py:82} WARNING - empty cryptography key - values will not be stored encrypted.
[2024-07-14T04:04:32.489+0000] {config.py:298} INFO - Profile caching is enable.
[2024-07-14T04:04:32.495+0000] {config.py:272} INFO - Profile found in cache using profile: /tmp/cosmos/profile/a0017dab0633177292578162811b91dcb9c56d6e54017e9660056cc364a762ad/profiles.yml.
[2024-07-14T04:04:32.505+0000] {local.py:247} INFO - Trying to run the command:
 ['/opt/airflow/dbt_venv/bin/dbt', 'deps', '--project-dir', '/tmp/tmpc9ljc9s1', '--profiles-dir', '/tmp/cosmos/profile/a0017dab0633177292578162811b91dcb9c56d6e54017e9660056cc364a762ad', '--profile', 'dbt_project', '--target', 'dev']
From /tmp/tmpc9ljc9s1
[2024-07-14T04:04:32.512+0000] {subprocess.py:60} INFO - Tmp dir root location: 
 /tmp
[2024-07-14T04:04:32.514+0000] {subprocess.py:73} INFO - Running command: ['/opt/airflow/dbt_venv/bin/dbt', 'deps', '--project-dir', '/tmp/tmpc9ljc9s1', '--profiles-dir', '/tmp/cosmos/profile/a0017dab0633177292578162811b91dcb9c56d6e54017e9660056cc364a762ad', '--profile', 'dbt_project', '--target', 'dev']
[2024-07-14T04:04:32.589+0000] {subprocess.py:84} INFO - Command output:
[2024-07-14T04:04:47.753+0000] {subprocess.py:94} INFO - [0m04:04:47  Running with dbt=1.8.3
[2024-07-14T04:04:50.660+0000] {subprocess.py:94} INFO - [0m04:04:50  Updating lock file in file path: /tmp/tmpc9ljc9s1/package-lock.yml
[2024-07-14T04:04:50.705+0000] {subprocess.py:94} INFO - [0m04:04:50  Installing dbt-labs/dbt_utils
[2024-07-14T04:04:52.161+0000] {subprocess.py:94} INFO - [0m04:04:52  Installed from version 0.8.6
[2024-07-14T04:04:52.164+0000] {subprocess.py:94} INFO - [0m04:04:52  Updated version available: 1.2.0
[2024-07-14T04:04:52.170+0000] {subprocess.py:94} INFO - [0m04:04:52
[2024-07-14T04:04:52.190+0000] {subprocess.py:94} INFO - [0m04:04:52  Updates available for packages: ['dbt-labs/dbt_utils']
[2024-07-14T04:04:52.192+0000] {subprocess.py:94} INFO - Update your versions in packages.yml, then run dbt deps
[2024-07-14T04:04:54.751+0000] {subprocess.py:98} INFO - Command exited with return code 0
[2024-07-14T04:04:54.753+0000] {local.py:254} INFO - Update your versions in packages.yml, then run dbt deps
[2024-07-14T04:04:54.756+0000] {local.py:247} INFO - Trying to run the command:
 ['/opt/airflow/dbt_venv/bin/dbt', 'run', '--models', 'raw_employees', '--project-dir', '/tmp/tmpc9ljc9s1', '--profiles-dir', '/tmp/cosmos/profile/a0017dab0633177292578162811b91dcb9c56d6e54017e9660056cc364a762ad', '--profile', 'dbt_project', '--target', 'dev']
From /tmp/tmpc9ljc9s1
[2024-07-14T04:04:54.760+0000] {subprocess.py:60} INFO - Tmp dir root location: 
 /tmp
[2024-07-14T04:04:54.762+0000] {subprocess.py:73} INFO - Running command: ['/opt/airflow/dbt_venv/bin/dbt', 'run', '--models', 'raw_employees', '--project-dir', '/tmp/tmpc9ljc9s1', '--profiles-dir', '/tmp/cosmos/profile/a0017dab0633177292578162811b91dcb9c56d6e54017e9660056cc364a762ad', '--profile', 'dbt_project', '--target', 'dev']
[2024-07-14T04:04:54.813+0000] {subprocess.py:84} INFO - Command output:
[2024-07-14T04:05:12.117+0000] {subprocess.py:94} INFO - [0m04:05:12  Running with dbt=1.8.3
[2024-07-14T04:05:15.832+0000] {subprocess.py:94} INFO - [0m04:05:15  Registered adapter: snowflake=1.8.3
[2024-07-14T04:05:20.313+0000] {subprocess.py:94} INFO - [0m04:05:20  Found 20 models, 27 data tests, 11 sources, 684 macros
[2024-07-14T04:05:20.347+0000] {subprocess.py:94} INFO - [0m04:05:20
[2024-07-14T04:05:28.195+0000] {subprocess.py:94} INFO - [0m04:05:28  Concurrency: 1 threads (target='dev')
[2024-07-14T04:05:28.201+0000] {subprocess.py:94} INFO - [0m04:05:28
[2024-07-14T04:05:28.256+0000] {subprocess.py:94} INFO - [0m04:05:28  1 of 1 START sql table model raw.raw_employees ................................. [RUN]
[2024-07-14T04:05:30.789+0000] {subprocess.py:94} INFO - [0m04:05:30  1 of 1 OK created sql table model raw.raw_employees ............................ [[32mSUCCESS 1[0m in 2.52s]
[2024-07-14T04:05:30.804+0000] {subprocess.py:94} INFO - [0m04:05:30
[2024-07-14T04:05:30.808+0000] {subprocess.py:94} INFO - [0m04:05:30  Finished running 1 table model in 0 hours 0 minutes and 10.46 seconds (10.46s).
[2024-07-14T04:05:31.143+0000] {subprocess.py:94} INFO - [0m04:05:31
[2024-07-14T04:05:31.147+0000] {subprocess.py:94} INFO - [0m04:05:31  [32mCompleted successfully[0m
[2024-07-14T04:05:31.150+0000] {subprocess.py:94} INFO - [0m04:05:31
[2024-07-14T04:05:31.153+0000] {subprocess.py:94} INFO - [0m04:05:31  Done. PASS=1 WARN=0 ERROR=0 SKIP=0 TOTAL=1
[2024-07-14T04:05:32.990+0000] {subprocess.py:98} INFO - Command exited with return code 0
[2024-07-14T04:05:32.993+0000] {local.py:254} INFO - [0m04:05:31  Done. PASS=1 WARN=0 ERROR=0 SKIP=0 TOTAL=1
[2024-07-14T04:05:33.701+0000] {local.py:196} WARNING - Artifact schema version: https://schemas.getdbt.com/dbt/manifest/v12.json is above dbt-ol supported version 7. This might cause errors.
[2024-07-14T04:05:33.702+0000] {local.py:196} WARNING - Artifact schema version: https://schemas.getdbt.com/dbt/run-results/v6.json is above dbt-ol supported version 5. This might cause errors.
[2024-07-14T04:05:33.721+0000] {local.py:349} INFO - Inlets: [Dataset(uri='snowflake://OU00370.europe-west2.gcp/ELT_BATCH.PUBLIC.employees', extra=None)]
[2024-07-14T04:05:33.724+0000] {local.py:350} INFO - Outlets: [Dataset(uri='snowflake://OU00370.europe-west2.gcp/ELT_BATCH.raw.raw_employees', extra=None)]
[2024-07-14T04:05:33.731+0000] {dag.py:3096} INFO - Sync 1 DAGs
[2024-07-14T04:05:34.075+0000] {taskinstance.py:441} INFO - ::group::Post task execution logs
[2024-07-14T04:05:34.302+0000] {taskinstance.py:1206} INFO - Marking task as SUCCESS. dag_id=ELT-PROJECT, task_id=transform.raw_employees.run, run_id=scheduled__2024-07-04T00:00:00+00:00, execution_date=20240704T000000, start_date=20240714T040431, end_date=20240714T040534
[2024-07-14T04:05:34.799+0000] {local_task_job_runner.py:240} INFO - Task exited with return code 0
[2024-07-14T04:05:35.024+0000] {taskinstance.py:3503} INFO - 1 downstream tasks scheduled from follow-on schedule check
[2024-07-14T04:05:35.036+0000] {local_task_job_runner.py:222} INFO - ::endgroup::
