[2024-07-14T03:17:57.564+0000] {local_task_job_runner.py:120} INFO - ::group::Pre task execution logs
[2024-07-14T03:17:57.663+0000] {taskinstance.py:2076} INFO - Dependencies all met for dep_context=non-requeueable deps ti=<TaskInstance: ELT-PROJECT.transform.raw_customers.run manual__2024-07-14T03:17:17.901957+00:00 [queued]>
[2024-07-14T03:17:57.717+0000] {taskinstance.py:2076} INFO - Dependencies all met for dep_context=requeueable deps ti=<TaskInstance: ELT-PROJECT.transform.raw_customers.run manual__2024-07-14T03:17:17.901957+00:00 [queued]>
[2024-07-14T03:17:57.720+0000] {taskinstance.py:2306} INFO - Starting attempt 1 of 2
[2024-07-14T03:17:57.772+0000] {taskinstance.py:2330} INFO - Executing <Task(DbtRunLocalOperator): transform.raw_customers.run> on 2024-07-14 03:17:17.901957+00:00
[2024-07-14T03:17:57.802+0000] {logging_mixin.py:188} WARNING - /home/airflow/.local/lib/python3.12/site-packages/airflow/task/task_runner/standard_task_runner.py:61 DeprecationWarning: This process (pid=5918) is multi-threaded, use of fork() may lead to deadlocks in the child.
[2024-07-14T03:17:57.804+0000] {standard_task_runner.py:63} INFO - Started process 5933 to run task
[2024-07-14T03:17:57.793+0000] {standard_task_runner.py:90} INFO - Running: ['airflow', 'tasks', 'run', 'ELT-PROJECT', 'transform.raw_customers.run', 'manual__2024-07-14T03:17:17.901957+00:00', '--job-id', '526', '--raw', '--subdir', 'DAGS_FOLDER/elt.py', '--cfg-path', '/tmp/tmpkii36ie_']
[2024-07-14T03:17:57.809+0000] {standard_task_runner.py:91} INFO - Job 526: Subtask transform.raw_customers.run
[2024-07-14T03:17:57.860+0000] {logging_mixin.py:188} WARNING - /home/airflow/.local/lib/python3.12/site-packages/airflow/settings.py:195 DeprecationWarning: The sql_alchemy_conn option in [core] has been moved to the sql_alchemy_conn option in [database] - the old setting has been used, but please update your config.
[2024-07-14T03:17:58.013+0000] {task_command.py:426} INFO - Running <TaskInstance: ELT-PROJECT.transform.raw_customers.run manual__2024-07-14T03:17:17.901957+00:00 [running]> on host airflow-scheduler
[2024-07-14T03:17:58.359+0000] {taskinstance.py:2648} INFO - Exporting env vars: AIRFLOW_CTX_DAG_OWNER='Data-Ninja' AIRFLOW_CTX_DAG_ID='ELT-PROJECT' AIRFLOW_CTX_TASK_ID='transform.raw_customers.run' AIRFLOW_CTX_EXECUTION_DATE='2024-07-14T03:17:17.901957+00:00' AIRFLOW_CTX_TRY_NUMBER='1' AIRFLOW_CTX_DAG_RUN_ID='manual__2024-07-14T03:17:17.901957+00:00'
[2024-07-14T03:17:58.365+0000] {taskinstance.py:430} INFO - ::endgroup::
[2024-07-14T03:17:58.370+0000] {local.py:174} INFO - Could not import dbtRunner. Falling back to subprocess for invoking dbt.
[2024-07-14T03:17:58.373+0000] {local.py:292} INFO - Cloning project to writable temp directory /tmp/tmpgm1jrbav from /opt/airflow/dags/dbt/dbt_project
[2024-07-14T03:17:58.387+0000] {local.py:303} INFO - Partial parse is enabled and the latest partial parse file is /tmp/cosmos/ELT-PROJECT__transform/target/partial_parse.msgpack
[2024-07-14T03:17:59.032+0000] {base.py:84} INFO - Using connection ID 'snow_conn' for task execution.
[2024-07-14T03:17:59.034+0000] {crypto.py:82} WARNING - empty cryptography key - values will not be stored encrypted.
[2024-07-14T03:17:59.036+0000] {config.py:298} INFO - Profile caching is enable.
[2024-07-14T03:17:59.046+0000] {config.py:272} INFO - Profile found in cache using profile: /tmp/cosmos/profile/a0017dab0633177292578162811b91dcb9c56d6e54017e9660056cc364a762ad/profiles.yml.
[2024-07-14T03:17:59.051+0000] {local.py:247} INFO - Trying to run the command:
 ['/opt/airflow/dbt_venv/bin/dbt', 'deps', '--project-dir', '/tmp/tmpgm1jrbav', '--profiles-dir', '/tmp/cosmos/profile/a0017dab0633177292578162811b91dcb9c56d6e54017e9660056cc364a762ad', '--profile', 'dbt_project', '--target', 'dev']
From /tmp/tmpgm1jrbav
[2024-07-14T03:17:59.054+0000] {subprocess.py:60} INFO - Tmp dir root location: 
 /tmp
[2024-07-14T03:17:59.057+0000] {subprocess.py:73} INFO - Running command: ['/opt/airflow/dbt_venv/bin/dbt', 'deps', '--project-dir', '/tmp/tmpgm1jrbav', '--profiles-dir', '/tmp/cosmos/profile/a0017dab0633177292578162811b91dcb9c56d6e54017e9660056cc364a762ad', '--profile', 'dbt_project', '--target', 'dev']
[2024-07-14T03:17:59.095+0000] {subprocess.py:84} INFO - Command output:
[2024-07-14T03:18:11.018+0000] {subprocess.py:94} INFO - [0m03:18:11  Running with dbt=1.8.3
[2024-07-14T03:18:12.126+0000] {subprocess.py:94} INFO - [0m03:18:12  Updating lock file in file path: /tmp/tmpgm1jrbav/package-lock.yml
[2024-07-14T03:18:12.163+0000] {subprocess.py:94} INFO - [0m03:18:12  Installing dbt-labs/dbt_utils
[2024-07-14T03:18:12.925+0000] {subprocess.py:94} INFO - [0m03:18:12  Installed from version 0.8.6
[2024-07-14T03:18:12.929+0000] {subprocess.py:94} INFO - [0m03:18:12  Updated version available: 1.2.0
[2024-07-14T03:18:12.932+0000] {subprocess.py:94} INFO - [0m03:18:12
[2024-07-14T03:18:12.934+0000] {subprocess.py:94} INFO - [0m03:18:12  Updates available for packages: ['dbt-labs/dbt_utils']
[2024-07-14T03:18:12.936+0000] {subprocess.py:94} INFO - Update your versions in packages.yml, then run dbt deps
[2024-07-14T03:18:14.820+0000] {subprocess.py:98} INFO - Command exited with return code 0
[2024-07-14T03:18:14.825+0000] {local.py:254} INFO - Update your versions in packages.yml, then run dbt deps
[2024-07-14T03:18:14.828+0000] {local.py:247} INFO - Trying to run the command:
 ['/opt/airflow/dbt_venv/bin/dbt', 'run', '--models', 'raw_customers', '--project-dir', '/tmp/tmpgm1jrbav', '--profiles-dir', '/tmp/cosmos/profile/a0017dab0633177292578162811b91dcb9c56d6e54017e9660056cc364a762ad', '--profile', 'dbt_project', '--target', 'dev']
From /tmp/tmpgm1jrbav
[2024-07-14T03:18:14.858+0000] {subprocess.py:60} INFO - Tmp dir root location: 
 /tmp
[2024-07-14T03:18:14.861+0000] {subprocess.py:73} INFO - Running command: ['/opt/airflow/dbt_venv/bin/dbt', 'run', '--models', 'raw_customers', '--project-dir', '/tmp/tmpgm1jrbav', '--profiles-dir', '/tmp/cosmos/profile/a0017dab0633177292578162811b91dcb9c56d6e54017e9660056cc364a762ad', '--profile', 'dbt_project', '--target', 'dev']
[2024-07-14T03:18:14.960+0000] {subprocess.py:84} INFO - Command output:
[2024-07-14T03:18:25.390+0000] {subprocess.py:94} INFO - [0m03:18:25  Running with dbt=1.8.3
[2024-07-14T03:18:27.677+0000] {subprocess.py:94} INFO - [0m03:18:27  Registered adapter: snowflake=1.8.3
[2024-07-14T03:18:35.338+0000] {subprocess.py:94} INFO - [0m03:18:35  Found 20 models, 27 data tests, 11 sources, 684 macros
[2024-07-14T03:18:35.352+0000] {subprocess.py:94} INFO - [0m03:18:35
[2024-07-14T03:18:43.250+0000] {subprocess.py:94} INFO - [0m03:18:43  Concurrency: 1 threads (target='dev')
[2024-07-14T03:18:43.252+0000] {subprocess.py:94} INFO - [0m03:18:43
[2024-07-14T03:18:43.283+0000] {subprocess.py:94} INFO - [0m03:18:43  1 of 1 START sql table model raw.raw_customers ................................. [RUN]
[2024-07-14T03:18:45.723+0000] {subprocess.py:94} INFO - [0m03:18:45  1 of 1 OK created sql table model raw.raw_customers ............................ [[32mSUCCESS 1[0m in 2.43s]
[2024-07-14T03:18:45.741+0000] {subprocess.py:94} INFO - [0m03:18:45
[2024-07-14T03:18:45.746+0000] {subprocess.py:94} INFO - [0m03:18:45  Finished running 1 table model in 0 hours 0 minutes and 10.38 seconds (10.38s).
[2024-07-14T03:18:45.982+0000] {subprocess.py:94} INFO - [0m03:18:45
[2024-07-14T03:18:45.985+0000] {subprocess.py:94} INFO - [0m03:18:45  [32mCompleted successfully[0m
[2024-07-14T03:18:45.987+0000] {subprocess.py:94} INFO - [0m03:18:45
[2024-07-14T03:18:45.989+0000] {subprocess.py:94} INFO - [0m03:18:45  Done. PASS=1 WARN=0 ERROR=0 SKIP=0 TOTAL=1
[2024-07-14T03:18:48.355+0000] {subprocess.py:98} INFO - Command exited with return code 0
[2024-07-14T03:18:48.358+0000] {local.py:254} INFO - [0m03:18:45  Done. PASS=1 WARN=0 ERROR=0 SKIP=0 TOTAL=1
[2024-07-14T03:18:48.435+0000] {local.py:196} WARNING - Artifact schema version: https://schemas.getdbt.com/dbt/manifest/v12.json is above dbt-ol supported version 7. This might cause errors.
[2024-07-14T03:18:48.437+0000] {local.py:196} WARNING - Artifact schema version: https://schemas.getdbt.com/dbt/run-results/v6.json is above dbt-ol supported version 5. This might cause errors.
[2024-07-14T03:18:48.458+0000] {local.py:349} INFO - Inlets: [Dataset(uri='snowflake://OU00370.europe-west2.gcp/ELT_BATCH.PUBLIC.customers', extra=None)]
[2024-07-14T03:18:48.460+0000] {local.py:350} INFO - Outlets: [Dataset(uri='snowflake://OU00370.europe-west2.gcp/ELT_BATCH.raw.raw_customers', extra=None)]
[2024-07-14T03:18:48.464+0000] {dag.py:3096} INFO - Sync 1 DAGs
[2024-07-14T03:18:48.575+0000] {dag.py:3954} INFO - Setting next_dagrun for ELT-PROJECT to None, run_after=None
[2024-07-14T03:18:48.661+0000] {logging_mixin.py:188} WARNING - /home/airflow/.local/lib/python3.12/site-packages/airflow/datasets/manager.py:53 SAWarning: DELETE statement on table 'task_outlet_dataset_reference' expected to delete 1 row(s); 0 were matched.  Please set confirm_deleted_rows=False within the mapper configuration to prevent this warning.
[2024-07-14T03:18:48.794+0000] {taskinstance.py:441} INFO - ::group::Post task execution logs
[2024-07-14T03:18:49.111+0000] {taskinstance.py:1206} INFO - Marking task as SUCCESS. dag_id=ELT-PROJECT, task_id=transform.raw_customers.run, run_id=manual__2024-07-14T03:17:17.901957+00:00, execution_date=20240714T031717, start_date=20240714T031757, end_date=20240714T031849
[2024-07-14T03:18:49.289+0000] {local_task_job_runner.py:240} INFO - Task exited with return code 0
[2024-07-14T03:18:49.453+0000] {taskinstance.py:3503} INFO - 1 downstream tasks scheduled from follow-on schedule check
[2024-07-14T03:18:49.458+0000] {local_task_job_runner.py:222} INFO - ::endgroup::
