[2024-07-14T03:47:11.753+0000] {local_task_job_runner.py:120} INFO - ::group::Pre task execution logs
[2024-07-14T03:47:11.839+0000] {taskinstance.py:2076} INFO - Dependencies all met for dep_context=non-requeueable deps ti=<TaskInstance: ELT-PROJECT.extract.extract_products manual__2024-07-14T03:47:05.410676+00:00 [queued]>
[2024-07-14T03:47:11.882+0000] {taskinstance.py:2076} INFO - Dependencies all met for dep_context=requeueable deps ti=<TaskInstance: ELT-PROJECT.extract.extract_products manual__2024-07-14T03:47:05.410676+00:00 [queued]>
[2024-07-14T03:47:11.886+0000] {taskinstance.py:2306} INFO - Starting attempt 1 of 2
[2024-07-14T03:47:11.979+0000] {taskinstance.py:2330} INFO - Executing <Task(_PythonDecoratedOperator): extract.extract_products> on 2024-07-14 03:47:05.410676+00:00
[2024-07-14T03:47:12.005+0000] {logging_mixin.py:188} WARNING - /home/airflow/.local/lib/python3.12/site-packages/airflow/task/task_runner/standard_task_runner.py:61 DeprecationWarning: This process (pid=8290) is multi-threaded, use of fork() may lead to deadlocks in the child.
[2024-07-14T03:47:12.012+0000] {standard_task_runner.py:63} INFO - Started process 8316 to run task
[2024-07-14T03:47:12.012+0000] {standard_task_runner.py:90} INFO - Running: ['airflow', 'tasks', 'run', 'ELT-PROJECT', 'extract.extract_products', 'manual__2024-07-14T03:47:05.410676+00:00', '--job-id', '615', '--raw', '--subdir', 'DAGS_FOLDER/elt.py', '--cfg-path', '/tmp/tmp62rzph2v']
[2024-07-14T03:47:12.040+0000] {standard_task_runner.py:91} INFO - Job 615: Subtask extract.extract_products
[2024-07-14T03:47:12.144+0000] {logging_mixin.py:188} WARNING - /home/airflow/.local/lib/python3.12/site-packages/airflow/settings.py:195 DeprecationWarning: The sql_alchemy_conn option in [core] has been moved to the sql_alchemy_conn option in [database] - the old setting has been used, but please update your config.
[2024-07-14T03:47:12.350+0000] {task_command.py:426} INFO - Running <TaskInstance: ELT-PROJECT.extract.extract_products manual__2024-07-14T03:47:05.410676+00:00 [running]> on host airflow-scheduler
[2024-07-14T03:47:12.821+0000] {taskinstance.py:2648} INFO - Exporting env vars: AIRFLOW_CTX_DAG_OWNER='Data-Ninja' AIRFLOW_CTX_DAG_ID='ELT-PROJECT' AIRFLOW_CTX_TASK_ID='extract.extract_products' AIRFLOW_CTX_EXECUTION_DATE='2024-07-14T03:47:05.410676+00:00' AIRFLOW_CTX_TRY_NUMBER='1' AIRFLOW_CTX_DAG_RUN_ID='manual__2024-07-14T03:47:05.410676+00:00'
[2024-07-14T03:47:12.837+0000] {taskinstance.py:430} INFO - ::endgroup::
[2024-07-14T03:47:12.904+0000] {base.py:84} INFO - Using connection ID 'post_conn' for task execution.
[2024-07-14T03:47:14.029+0000] {python.py:237} INFO - Done. Returned value was:     productID                      productName  ...  reorderLevel  discontinued
0          39                 Chartreuse verte  ...             5             0
1          40                 Boston Crab Meat  ...            30             0
2          41  Jack's New England Clam Chowder  ...            10             0
3          42    Singaporean Hokkien Fried Mee  ...             0             1
4          43                      Ipoh Coffee  ...            25             0
..        ...                              ...  ...           ...           ...
72         34                    Sasquatch Ale  ...            15             0
73         35                   Steeleye Stout  ...            15             0
74         36                      Inlagd Sill  ...            20             0
75         37                       Gravad lax  ...            25             0
76         38                    Côte de Blaye  ...            15             0

[77 rows x 10 columns]
[2024-07-14T03:47:14.251+0000] {taskinstance.py:441} INFO - ::group::Post task execution logs
[2024-07-14T03:47:15.110+0000] {taskinstance.py:1206} INFO - Marking task as SUCCESS. dag_id=ELT-PROJECT, task_id=extract.extract_products, run_id=manual__2024-07-14T03:47:05.410676+00:00, execution_date=20240714T034705, start_date=20240714T034711, end_date=20240714T034715
[2024-07-14T03:47:15.297+0000] {local_task_job_runner.py:240} INFO - Task exited with return code 0
[2024-07-14T03:47:15.342+0000] {local_task_job_runner.py:222} INFO - ::endgroup::
