[2024-07-14T04:51:52.857+0000] {local_task_job_runner.py:120} INFO - ::group::Pre task execution logs
[2024-07-14T04:51:52.936+0000] {taskinstance.py:2076} INFO - Dependencies all met for dep_context=non-requeueable deps ti=<TaskInstance: ELT-PROJECT.transform.gross_revenue_run scheduled__2024-07-13T00:00:00+00:00 [queued]>
[2024-07-14T04:51:53.015+0000] {taskinstance.py:2076} INFO - Dependencies all met for dep_context=requeueable deps ti=<TaskInstance: ELT-PROJECT.transform.gross_revenue_run scheduled__2024-07-13T00:00:00+00:00 [queued]>
[2024-07-14T04:51:53.022+0000] {taskinstance.py:2306} INFO - Starting attempt 1 of 2
[2024-07-14T04:51:53.056+0000] {taskinstance.py:2330} INFO - Executing <Task(DbtRunLocalOperator): transform.gross_revenue_run> on 2024-07-13 00:00:00+00:00
[2024-07-14T04:51:53.071+0000] {logging_mixin.py:188} WARNING - /home/airflow/.local/lib/python3.12/site-packages/airflow/task/task_runner/standard_task_runner.py:61 DeprecationWarning: This process (pid=22684) is multi-threaded, use of fork() may lead to deadlocks in the child.
[2024-07-14T04:51:53.073+0000] {standard_task_runner.py:63} INFO - Started process 22689 to run task
[2024-07-14T04:51:53.071+0000] {standard_task_runner.py:90} INFO - Running: ['airflow', 'tasks', 'run', 'ELT-PROJECT', 'transform.gross_revenue_run', 'scheduled__2024-07-13T00:00:00+00:00', '--job-id', '1673', '--raw', '--subdir', 'DAGS_FOLDER/elt.py', '--cfg-path', '/tmp/tmp7j_e4eis']
[2024-07-14T04:51:53.075+0000] {standard_task_runner.py:91} INFO - Job 1673: Subtask transform.gross_revenue_run
[2024-07-14T04:51:53.105+0000] {logging_mixin.py:188} WARNING - /home/airflow/.local/lib/python3.12/site-packages/airflow/settings.py:195 DeprecationWarning: The sql_alchemy_conn option in [core] has been moved to the sql_alchemy_conn option in [database] - the old setting has been used, but please update your config.
[2024-07-14T04:51:53.176+0000] {task_command.py:426} INFO - Running <TaskInstance: ELT-PROJECT.transform.gross_revenue_run scheduled__2024-07-13T00:00:00+00:00 [running]> on host airflow-scheduler
[2024-07-14T04:51:53.357+0000] {taskinstance.py:2648} INFO - Exporting env vars: AIRFLOW_CTX_DAG_OWNER='Data-Ninja' AIRFLOW_CTX_DAG_ID='ELT-PROJECT' AIRFLOW_CTX_TASK_ID='transform.gross_revenue_run' AIRFLOW_CTX_EXECUTION_DATE='2024-07-13T00:00:00+00:00' AIRFLOW_CTX_TRY_NUMBER='1' AIRFLOW_CTX_DAG_RUN_ID='scheduled__2024-07-13T00:00:00+00:00'
[2024-07-14T04:51:53.359+0000] {taskinstance.py:430} INFO - ::endgroup::
[2024-07-14T04:51:53.362+0000] {local.py:174} INFO - Could not import dbtRunner. Falling back to subprocess for invoking dbt.
[2024-07-14T04:51:53.364+0000] {local.py:292} INFO - Cloning project to writable temp directory /tmp/tmpi45q_h05 from /opt/airflow/dags/dbt/dbt_project
[2024-07-14T04:51:53.371+0000] {local.py:303} INFO - Partial parse is enabled and the latest partial parse file is /tmp/cosmos/ELT-PROJECT__transform/target/partial_parse.msgpack
[2024-07-14T04:51:53.731+0000] {base.py:84} INFO - Using connection ID 'snow_conn' for task execution.
[2024-07-14T04:51:53.732+0000] {crypto.py:82} WARNING - empty cryptography key - values will not be stored encrypted.
[2024-07-14T04:51:53.733+0000] {config.py:298} INFO - Profile caching is enable.
[2024-07-14T04:51:53.735+0000] {config.py:272} INFO - Profile found in cache using profile: /tmp/cosmos/profile/a0017dab0633177292578162811b91dcb9c56d6e54017e9660056cc364a762ad/profiles.yml.
[2024-07-14T04:51:53.737+0000] {local.py:247} INFO - Trying to run the command:
 ['/opt/airflow/dbt_venv/bin/dbt', 'deps', '--project-dir', '/tmp/tmpi45q_h05', '--profiles-dir', '/tmp/cosmos/profile/a0017dab0633177292578162811b91dcb9c56d6e54017e9660056cc364a762ad', '--profile', 'dbt_project', '--target', 'dev']
From /tmp/tmpi45q_h05
[2024-07-14T04:51:53.738+0000] {subprocess.py:60} INFO - Tmp dir root location: 
 /tmp
[2024-07-14T04:51:53.739+0000] {subprocess.py:73} INFO - Running command: ['/opt/airflow/dbt_venv/bin/dbt', 'deps', '--project-dir', '/tmp/tmpi45q_h05', '--profiles-dir', '/tmp/cosmos/profile/a0017dab0633177292578162811b91dcb9c56d6e54017e9660056cc364a762ad', '--profile', 'dbt_project', '--target', 'dev']
[2024-07-14T04:51:53.756+0000] {subprocess.py:84} INFO - Command output:
[2024-07-14T04:51:58.719+0000] {subprocess.py:94} INFO - [0m04:51:58  Running with dbt=1.8.3
[2024-07-14T04:51:59.251+0000] {subprocess.py:94} INFO - [0m04:51:59  Updating lock file in file path: /tmp/tmpi45q_h05/package-lock.yml
[2024-07-14T04:51:59.269+0000] {subprocess.py:94} INFO - [0m04:51:59  Installing dbt-labs/dbt_utils
[2024-07-14T04:51:59.819+0000] {subprocess.py:94} INFO - [0m04:51:59  Installed from version 0.8.6
[2024-07-14T04:51:59.820+0000] {subprocess.py:94} INFO - [0m04:51:59  Updated version available: 1.2.0
[2024-07-14T04:51:59.822+0000] {subprocess.py:94} INFO - [0m04:51:59
[2024-07-14T04:51:59.824+0000] {subprocess.py:94} INFO - [0m04:51:59  Updates available for packages: ['dbt-labs/dbt_utils']
[2024-07-14T04:51:59.825+0000] {subprocess.py:94} INFO - Update your versions in packages.yml, then run dbt deps
[2024-07-14T04:52:01.373+0000] {subprocess.py:98} INFO - Command exited with return code 0
[2024-07-14T04:52:01.374+0000] {local.py:254} INFO - Update your versions in packages.yml, then run dbt deps
[2024-07-14T04:52:01.376+0000] {local.py:247} INFO - Trying to run the command:
 ['/opt/airflow/dbt_venv/bin/dbt', 'run', '--models', 'gross_revenue', '--project-dir', '/tmp/tmpi45q_h05', '--profiles-dir', '/tmp/cosmos/profile/a0017dab0633177292578162811b91dcb9c56d6e54017e9660056cc364a762ad', '--profile', 'dbt_project', '--target', 'dev']
From /tmp/tmpi45q_h05
[2024-07-14T04:52:01.377+0000] {subprocess.py:60} INFO - Tmp dir root location: 
 /tmp
[2024-07-14T04:52:01.378+0000] {subprocess.py:73} INFO - Running command: ['/opt/airflow/dbt_venv/bin/dbt', 'run', '--models', 'gross_revenue', '--project-dir', '/tmp/tmpi45q_h05', '--profiles-dir', '/tmp/cosmos/profile/a0017dab0633177292578162811b91dcb9c56d6e54017e9660056cc364a762ad', '--profile', 'dbt_project', '--target', 'dev']
[2024-07-14T04:52:01.397+0000] {subprocess.py:84} INFO - Command output:
[2024-07-14T04:52:05.154+0000] {subprocess.py:94} INFO - [0m04:52:05  Running with dbt=1.8.3
[2024-07-14T04:52:06.144+0000] {subprocess.py:94} INFO - [0m04:52:06  Registered adapter: snowflake=1.8.3
[2024-07-14T04:52:08.035+0000] {subprocess.py:94} INFO - [0m04:52:08  Found 20 models, 27 data tests, 11 sources, 684 macros
[2024-07-14T04:52:08.044+0000] {subprocess.py:94} INFO - [0m04:52:08
[2024-07-14T04:52:15.721+0000] {subprocess.py:94} INFO - [0m04:52:15  Concurrency: 1 threads (target='dev')
[2024-07-14T04:52:15.722+0000] {subprocess.py:94} INFO - [0m04:52:15
[2024-07-14T04:52:15.734+0000] {subprocess.py:94} INFO - [0m04:52:15  1 of 1 START sql table model dm.gross_revenue .................................. [RUN]
[2024-07-14T04:52:18.830+0000] {subprocess.py:94} INFO - [0m04:52:18  1 of 1 OK created sql table model dm.gross_revenue ............................. [[32mSUCCESS 1[0m in 3.08s]
[2024-07-14T04:52:18.846+0000] {subprocess.py:94} INFO - [0m04:52:18
[2024-07-14T04:52:18.848+0000] {subprocess.py:94} INFO - [0m04:52:18  Finished running 1 table model in 0 hours 0 minutes and 10.80 seconds (10.80s).
[2024-07-14T04:52:19.019+0000] {subprocess.py:94} INFO - [0m04:52:19
[2024-07-14T04:52:19.020+0000] {subprocess.py:94} INFO - [0m04:52:19  [32mCompleted successfully[0m
[2024-07-14T04:52:19.021+0000] {subprocess.py:94} INFO - [0m04:52:19
[2024-07-14T04:52:19.022+0000] {subprocess.py:94} INFO - [0m04:52:19  Done. PASS=1 WARN=0 ERROR=0 SKIP=0 TOTAL=1
[2024-07-14T04:52:20.631+0000] {subprocess.py:98} INFO - Command exited with return code 0
[2024-07-14T04:52:20.633+0000] {local.py:254} INFO - [0m04:52:19  Done. PASS=1 WARN=0 ERROR=0 SKIP=0 TOTAL=1
[2024-07-14T04:52:20.667+0000] {local.py:196} WARNING - Artifact schema version: https://schemas.getdbt.com/dbt/manifest/v12.json is above dbt-ol supported version 7. This might cause errors.
[2024-07-14T04:52:20.668+0000] {local.py:196} WARNING - Artifact schema version: https://schemas.getdbt.com/dbt/run-results/v6.json is above dbt-ol supported version 5. This might cause errors.
[2024-07-14T04:52:20.680+0000] {local.py:349} INFO - Inlets: [Dataset(uri='snowflake://OU00370.europe-west2.gcp/ELT_BATCH.dwh.dim_products', extra=None), Dataset(uri='snowflake://OU00370.europe-west2.gcp/ELT_BATCH.dwh.dim_suppliers', extra=None), Dataset(uri='snowflake://OU00370.europe-west2.gcp/ELT_BATCH.dwh.fact_order_details', extra=None), Dataset(uri='snowflake://OU00370.europe-west2.gcp/ELT_BATCH.dwh.fact_orders', extra=None)]
[2024-07-14T04:52:20.681+0000] {local.py:350} INFO - Outlets: [Dataset(uri='snowflake://OU00370.europe-west2.gcp/ELT_BATCH.dm.gross_revenue', extra=None)]
[2024-07-14T04:52:20.683+0000] {dag.py:3096} INFO - Sync 1 DAGs
[2024-07-14T04:52:20.730+0000] {dag.py:3954} INFO - Setting next_dagrun for ELT-PROJECT to 2024-07-14 00:00:00+00:00, run_after=2024-07-15 00:00:00+00:00
[2024-07-14T04:52:20.812+0000] {taskinstance.py:441} INFO - ::group::Post task execution logs
[2024-07-14T04:52:20.877+0000] {taskinstance.py:1206} INFO - Marking task as SUCCESS. dag_id=ELT-PROJECT, task_id=transform.gross_revenue_run, run_id=scheduled__2024-07-13T00:00:00+00:00, execution_date=20240713T000000, start_date=20240714T045152, end_date=20240714T045220
[2024-07-14T04:52:20.924+0000] {local_task_job_runner.py:240} INFO - Task exited with return code 0
[2024-07-14T04:52:20.978+0000] {taskinstance.py:3503} INFO - 0 downstream tasks scheduled from follow-on schedule check
[2024-07-14T04:52:20.982+0000] {local_task_job_runner.py:222} INFO - ::endgroup::
