[2024-07-14T04:42:20.164+0000] {local_task_job_runner.py:120} INFO - ::group::Pre task execution logs
[2024-07-14T04:42:20.412+0000] {taskinstance.py:2076} INFO - Dependencies all met for dep_context=non-requeueable deps ti=<TaskInstance: ELT-PROJECT.transform.raw_customers.run scheduled__2024-07-13T00:00:00+00:00 [queued]>
[2024-07-14T04:42:20.539+0000] {taskinstance.py:2076} INFO - Dependencies all met for dep_context=requeueable deps ti=<TaskInstance: ELT-PROJECT.transform.raw_customers.run scheduled__2024-07-13T00:00:00+00:00 [queued]>
[2024-07-14T04:42:20.540+0000] {taskinstance.py:2306} INFO - Starting attempt 1 of 2
[2024-07-14T04:42:21.446+0000] {taskinstance.py:2330} INFO - Executing <Task(DbtRunLocalOperator): transform.raw_customers.run> on 2024-07-13 00:00:00+00:00
[2024-07-14T04:42:21.526+0000] {logging_mixin.py:188} WARNING - /home/airflow/.local/lib/python3.12/site-packages/airflow/task/task_runner/standard_task_runner.py:61 DeprecationWarning: This process (pid=20730) is multi-threaded, use of fork() may lead to deadlocks in the child.
[2024-07-14T04:42:21.542+0000] {standard_task_runner.py:63} INFO - Started process 20763 to run task
[2024-07-14T04:42:21.525+0000] {standard_task_runner.py:90} INFO - Running: ['airflow', 'tasks', 'run', 'ELT-PROJECT', 'transform.raw_customers.run', 'scheduled__2024-07-13T00:00:00+00:00', '--job-id', '1561', '--raw', '--subdir', 'DAGS_FOLDER/elt.py', '--cfg-path', '/tmp/tmpnoyb4hgl']
[2024-07-14T04:42:21.555+0000] {standard_task_runner.py:91} INFO - Job 1561: Subtask transform.raw_customers.run
[2024-07-14T04:42:21.675+0000] {logging_mixin.py:188} WARNING - /home/airflow/.local/lib/python3.12/site-packages/airflow/settings.py:195 DeprecationWarning: The sql_alchemy_conn option in [core] has been moved to the sql_alchemy_conn option in [database] - the old setting has been used, but please update your config.
[2024-07-14T04:42:21.893+0000] {task_command.py:426} INFO - Running <TaskInstance: ELT-PROJECT.transform.raw_customers.run scheduled__2024-07-13T00:00:00+00:00 [running]> on host airflow-scheduler
[2024-07-14T04:42:22.298+0000] {taskinstance.py:2648} INFO - Exporting env vars: AIRFLOW_CTX_DAG_OWNER='Data-Ninja' AIRFLOW_CTX_DAG_ID='ELT-PROJECT' AIRFLOW_CTX_TASK_ID='transform.raw_customers.run' AIRFLOW_CTX_EXECUTION_DATE='2024-07-13T00:00:00+00:00' AIRFLOW_CTX_TRY_NUMBER='1' AIRFLOW_CTX_DAG_RUN_ID='scheduled__2024-07-13T00:00:00+00:00'
[2024-07-14T04:42:22.305+0000] {taskinstance.py:430} INFO - ::endgroup::
[2024-07-14T04:42:22.310+0000] {local.py:174} INFO - Could not import dbtRunner. Falling back to subprocess for invoking dbt.
[2024-07-14T04:42:22.320+0000] {local.py:292} INFO - Cloning project to writable temp directory /tmp/tmpiimtn4qt from /opt/airflow/dags/dbt/dbt_project
[2024-07-14T04:42:22.342+0000] {local.py:303} INFO - Partial parse is enabled and the latest partial parse file is /tmp/cosmos/ELT-PROJECT__transform/target/partial_parse.msgpack
[2024-07-14T04:42:23.449+0000] {base.py:84} INFO - Using connection ID 'snow_conn' for task execution.
[2024-07-14T04:42:23.458+0000] {crypto.py:82} WARNING - empty cryptography key - values will not be stored encrypted.
[2024-07-14T04:42:23.459+0000] {config.py:298} INFO - Profile caching is enable.
[2024-07-14T04:42:23.464+0000] {config.py:272} INFO - Profile found in cache using profile: /tmp/cosmos/profile/a0017dab0633177292578162811b91dcb9c56d6e54017e9660056cc364a762ad/profiles.yml.
[2024-07-14T04:42:23.488+0000] {local.py:247} INFO - Trying to run the command:
 ['/opt/airflow/dbt_venv/bin/dbt', 'deps', '--project-dir', '/tmp/tmpiimtn4qt', '--profiles-dir', '/tmp/cosmos/profile/a0017dab0633177292578162811b91dcb9c56d6e54017e9660056cc364a762ad', '--profile', 'dbt_project', '--target', 'dev']
From /tmp/tmpiimtn4qt
[2024-07-14T04:42:23.514+0000] {subprocess.py:60} INFO - Tmp dir root location: 
 /tmp
[2024-07-14T04:42:23.527+0000] {subprocess.py:73} INFO - Running command: ['/opt/airflow/dbt_venv/bin/dbt', 'deps', '--project-dir', '/tmp/tmpiimtn4qt', '--profiles-dir', '/tmp/cosmos/profile/a0017dab0633177292578162811b91dcb9c56d6e54017e9660056cc364a762ad', '--profile', 'dbt_project', '--target', 'dev']
[2024-07-14T04:42:23.660+0000] {subprocess.py:84} INFO - Command output:
[2024-07-14T04:42:41.340+0000] {subprocess.py:94} INFO - [0m04:42:41  Running with dbt=1.8.3
[2024-07-14T04:42:44.407+0000] {subprocess.py:94} INFO - [0m04:42:44  Updating lock file in file path: /tmp/tmpiimtn4qt/package-lock.yml
[2024-07-14T04:42:44.546+0000] {subprocess.py:94} INFO - [0m04:42:44  Installing dbt-labs/dbt_utils
[2024-07-14T04:42:45.975+0000] {subprocess.py:94} INFO - [0m04:42:45  Installed from version 0.8.6
[2024-07-14T04:42:45.977+0000] {subprocess.py:94} INFO - [0m04:42:45  Updated version available: 1.2.0
[2024-07-14T04:42:46.000+0000] {subprocess.py:94} INFO - [0m04:42:45
[2024-07-14T04:42:46.002+0000] {subprocess.py:94} INFO - [0m04:42:46  Updates available for packages: ['dbt-labs/dbt_utils']
[2024-07-14T04:42:46.005+0000] {subprocess.py:94} INFO - Update your versions in packages.yml, then run dbt deps
[2024-07-14T04:42:48.482+0000] {subprocess.py:98} INFO - Command exited with return code 0
[2024-07-14T04:42:48.485+0000] {local.py:254} INFO - Update your versions in packages.yml, then run dbt deps
[2024-07-14T04:42:48.487+0000] {local.py:247} INFO - Trying to run the command:
 ['/opt/airflow/dbt_venv/bin/dbt', 'run', '--models', 'raw_customers', '--project-dir', '/tmp/tmpiimtn4qt', '--profiles-dir', '/tmp/cosmos/profile/a0017dab0633177292578162811b91dcb9c56d6e54017e9660056cc364a762ad', '--profile', 'dbt_project', '--target', 'dev']
From /tmp/tmpiimtn4qt
[2024-07-14T04:42:48.489+0000] {subprocess.py:60} INFO - Tmp dir root location: 
 /tmp
[2024-07-14T04:42:48.513+0000] {subprocess.py:73} INFO - Running command: ['/opt/airflow/dbt_venv/bin/dbt', 'run', '--models', 'raw_customers', '--project-dir', '/tmp/tmpiimtn4qt', '--profiles-dir', '/tmp/cosmos/profile/a0017dab0633177292578162811b91dcb9c56d6e54017e9660056cc364a762ad', '--profile', 'dbt_project', '--target', 'dev']
[2024-07-14T04:42:48.597+0000] {subprocess.py:84} INFO - Command output:
[2024-07-14T04:43:09.380+0000] {subprocess.py:94} INFO - [0m04:43:09  Running with dbt=1.8.3
[2024-07-14T04:43:12.458+0000] {subprocess.py:94} INFO - [0m04:43:12  Registered adapter: snowflake=1.8.3
[2024-07-14T04:43:15.804+0000] {subprocess.py:94} INFO - [0m04:43:15  Found 20 models, 27 data tests, 11 sources, 684 macros
[2024-07-14T04:43:15.817+0000] {subprocess.py:94} INFO - [0m04:43:15
[2024-07-14T04:43:25.448+0000] {subprocess.py:94} INFO - [0m04:43:25  Concurrency: 1 threads (target='dev')
[2024-07-14T04:43:25.469+0000] {subprocess.py:94} INFO - [0m04:43:25
[2024-07-14T04:43:25.553+0000] {subprocess.py:94} INFO - [0m04:43:25  1 of 1 START sql table model raw.raw_customers ................................. [RUN]
[2024-07-14T04:43:28.847+0000] {subprocess.py:94} INFO - [0m04:43:28  1 of 1 OK created sql table model raw.raw_customers ............................ [[32mSUCCESS 1[0m in 3.28s]
[2024-07-14T04:43:28.857+0000] {subprocess.py:94} INFO - [0m04:43:28
[2024-07-14T04:43:28.859+0000] {subprocess.py:94} INFO - [0m04:43:28  Finished running 1 table model in 0 hours 0 minutes and 13.04 seconds (13.04s).
[2024-07-14T04:43:29.389+0000] {subprocess.py:94} INFO - [0m04:43:29
[2024-07-14T04:43:29.402+0000] {subprocess.py:94} INFO - [0m04:43:29  [32mCompleted successfully[0m
[2024-07-14T04:43:29.410+0000] {subprocess.py:94} INFO - [0m04:43:29
[2024-07-14T04:43:29.415+0000] {subprocess.py:94} INFO - [0m04:43:29  Done. PASS=1 WARN=0 ERROR=0 SKIP=0 TOTAL=1
[2024-07-14T04:43:31.630+0000] {subprocess.py:98} INFO - Command exited with return code 0
[2024-07-14T04:43:31.633+0000] {local.py:254} INFO - [0m04:43:29  Done. PASS=1 WARN=0 ERROR=0 SKIP=0 TOTAL=1
[2024-07-14T04:43:31.745+0000] {local.py:196} WARNING - Artifact schema version: https://schemas.getdbt.com/dbt/manifest/v12.json is above dbt-ol supported version 7. This might cause errors.
[2024-07-14T04:43:31.766+0000] {local.py:196} WARNING - Artifact schema version: https://schemas.getdbt.com/dbt/run-results/v6.json is above dbt-ol supported version 5. This might cause errors.
[2024-07-14T04:43:31.785+0000] {local.py:349} INFO - Inlets: [Dataset(uri='snowflake://OU00370.europe-west2.gcp/ELT_BATCH.PUBLIC.customers', extra=None)]
[2024-07-14T04:43:31.805+0000] {local.py:350} INFO - Outlets: [Dataset(uri='snowflake://OU00370.europe-west2.gcp/ELT_BATCH.raw.raw_customers', extra=None)]
[2024-07-14T04:43:31.808+0000] {dag.py:3096} INFO - Sync 1 DAGs
[2024-07-14T04:43:32.113+0000] {dag.py:3954} INFO - Setting next_dagrun for ELT-PROJECT to 2024-07-14 00:00:00+00:00, run_after=2024-07-15 00:00:00+00:00
[2024-07-14T04:43:32.242+0000] {logging_mixin.py:188} WARNING - /home/airflow/.local/lib/python3.12/site-packages/airflow/datasets/manager.py:53 SAWarning: DELETE statement on table 'task_outlet_dataset_reference' expected to delete 1 row(s); 0 were matched.  Please set confirm_deleted_rows=False within the mapper configuration to prevent this warning.
[2024-07-14T04:43:32.430+0000] {taskinstance.py:441} INFO - ::group::Post task execution logs
[2024-07-14T04:43:32.680+0000] {taskinstance.py:1206} INFO - Marking task as SUCCESS. dag_id=ELT-PROJECT, task_id=transform.raw_customers.run, run_id=scheduled__2024-07-13T00:00:00+00:00, execution_date=20240713T000000, start_date=20240714T044220, end_date=20240714T044332
[2024-07-14T04:43:32.826+0000] {local_task_job_runner.py:240} INFO - Task exited with return code 0
[2024-07-14T04:43:33.024+0000] {taskinstance.py:3503} INFO - 1 downstream tasks scheduled from follow-on schedule check
[2024-07-14T04:43:33.051+0000] {local_task_job_runner.py:222} INFO - ::endgroup::
