[2024-07-14T04:41:03.044+0000] {local_task_job_runner.py:120} INFO - ::group::Pre task execution logs
[2024-07-14T04:41:03.282+0000] {taskinstance.py:2076} INFO - Dependencies all met for dep_context=non-requeueable deps ti=<TaskInstance: ELT-PROJECT.transform.popular_product_categories_run scheduled__2024-07-01T00:00:00+00:00 [queued]>
[2024-07-14T04:41:03.463+0000] {taskinstance.py:2076} INFO - Dependencies all met for dep_context=requeueable deps ti=<TaskInstance: ELT-PROJECT.transform.popular_product_categories_run scheduled__2024-07-01T00:00:00+00:00 [queued]>
[2024-07-14T04:41:03.470+0000] {taskinstance.py:2306} INFO - Starting attempt 1 of 2
[2024-07-14T04:41:03.578+0000] {taskinstance.py:2330} INFO - Executing <Task(DbtRunLocalOperator): transform.popular_product_categories_run> on 2024-07-01 00:00:00+00:00
[2024-07-14T04:41:03.643+0000] {logging_mixin.py:188} WARNING - /home/airflow/.local/lib/python3.12/site-packages/airflow/task/task_runner/standard_task_runner.py:61 DeprecationWarning: This process (pid=20456) is multi-threaded, use of fork() may lead to deadlocks in the child.
[2024-07-14T04:41:03.660+0000] {standard_task_runner.py:90} INFO - Running: ['airflow', 'tasks', 'run', 'ELT-PROJECT', 'transform.popular_product_categories_run', 'scheduled__2024-07-01T00:00:00+00:00', '--job-id', '1545', '--raw', '--subdir', 'DAGS_FOLDER/elt.py', '--cfg-path', '/tmp/tmp2qyfc90p']
[2024-07-14T04:41:03.655+0000] {standard_task_runner.py:63} INFO - Started process 20489 to run task
[2024-07-14T04:41:03.710+0000] {standard_task_runner.py:91} INFO - Job 1545: Subtask transform.popular_product_categories_run
[2024-07-14T04:41:03.902+0000] {logging_mixin.py:188} WARNING - /home/airflow/.local/lib/python3.12/site-packages/airflow/settings.py:195 DeprecationWarning: The sql_alchemy_conn option in [core] has been moved to the sql_alchemy_conn option in [database] - the old setting has been used, but please update your config.
[2024-07-14T04:41:04.287+0000] {task_command.py:426} INFO - Running <TaskInstance: ELT-PROJECT.transform.popular_product_categories_run scheduled__2024-07-01T00:00:00+00:00 [running]> on host airflow-scheduler
[2024-07-14T04:41:05.089+0000] {taskinstance.py:2648} INFO - Exporting env vars: AIRFLOW_CTX_DAG_OWNER='Data-Ninja' AIRFLOW_CTX_DAG_ID='ELT-PROJECT' AIRFLOW_CTX_TASK_ID='transform.popular_product_categories_run' AIRFLOW_CTX_EXECUTION_DATE='2024-07-01T00:00:00+00:00' AIRFLOW_CTX_TRY_NUMBER='1' AIRFLOW_CTX_DAG_RUN_ID='scheduled__2024-07-01T00:00:00+00:00'
[2024-07-14T04:41:05.093+0000] {taskinstance.py:430} INFO - ::endgroup::
[2024-07-14T04:41:05.099+0000] {local.py:174} INFO - Could not import dbtRunner. Falling back to subprocess for invoking dbt.
[2024-07-14T04:41:05.103+0000] {local.py:292} INFO - Cloning project to writable temp directory /tmp/tmp9puinq74 from /opt/airflow/dags/dbt/dbt_project
[2024-07-14T04:41:05.155+0000] {local.py:303} INFO - Partial parse is enabled and the latest partial parse file is /tmp/cosmos/ELT-PROJECT__transform/target/partial_parse.msgpack
[2024-07-14T04:41:05.375+0000] {base.py:84} INFO - Using connection ID 'snow_conn' for task execution.
[2024-07-14T04:41:05.382+0000] {crypto.py:82} WARNING - empty cryptography key - values will not be stored encrypted.
[2024-07-14T04:41:05.384+0000] {config.py:298} INFO - Profile caching is enable.
[2024-07-14T04:41:05.409+0000] {config.py:272} INFO - Profile found in cache using profile: /tmp/cosmos/profile/a0017dab0633177292578162811b91dcb9c56d6e54017e9660056cc364a762ad/profiles.yml.
[2024-07-14T04:41:05.415+0000] {local.py:247} INFO - Trying to run the command:
 ['/opt/airflow/dbt_venv/bin/dbt', 'deps', '--project-dir', '/tmp/tmp9puinq74', '--profiles-dir', '/tmp/cosmos/profile/a0017dab0633177292578162811b91dcb9c56d6e54017e9660056cc364a762ad', '--profile', 'dbt_project', '--target', 'dev']
From /tmp/tmp9puinq74
[2024-07-14T04:41:05.423+0000] {subprocess.py:60} INFO - Tmp dir root location: 
 /tmp
[2024-07-14T04:41:05.436+0000] {subprocess.py:73} INFO - Running command: ['/opt/airflow/dbt_venv/bin/dbt', 'deps', '--project-dir', '/tmp/tmp9puinq74', '--profiles-dir', '/tmp/cosmos/profile/a0017dab0633177292578162811b91dcb9c56d6e54017e9660056cc364a762ad', '--profile', 'dbt_project', '--target', 'dev']
[2024-07-14T04:41:05.619+0000] {subprocess.py:84} INFO - Command output:
[2024-07-14T04:41:24.824+0000] {subprocess.py:94} INFO - [0m04:41:24  Running with dbt=1.8.3
[2024-07-14T04:41:26.835+0000] {subprocess.py:94} INFO - [0m04:41:26  Updating lock file in file path: /tmp/tmp9puinq74/package-lock.yml
[2024-07-14T04:41:26.858+0000] {subprocess.py:94} INFO - [0m04:41:26  Installing dbt-labs/dbt_utils
[2024-07-14T04:41:27.687+0000] {subprocess.py:94} INFO - [0m04:41:27  Installed from version 0.8.6
[2024-07-14T04:41:27.696+0000] {subprocess.py:94} INFO - [0m04:41:27  Updated version available: 1.2.0
[2024-07-14T04:41:27.700+0000] {subprocess.py:94} INFO - [0m04:41:27
[2024-07-14T04:41:27.706+0000] {subprocess.py:94} INFO - [0m04:41:27  Updates available for packages: ['dbt-labs/dbt_utils']
[2024-07-14T04:41:27.712+0000] {subprocess.py:94} INFO - Update your versions in packages.yml, then run dbt deps
[2024-07-14T04:41:30.094+0000] {subprocess.py:98} INFO - Command exited with return code 0
[2024-07-14T04:41:30.100+0000] {local.py:254} INFO - Update your versions in packages.yml, then run dbt deps
[2024-07-14T04:41:30.103+0000] {local.py:247} INFO - Trying to run the command:
 ['/opt/airflow/dbt_venv/bin/dbt', 'run', '--models', 'popular_product_categories', '--project-dir', '/tmp/tmp9puinq74', '--profiles-dir', '/tmp/cosmos/profile/a0017dab0633177292578162811b91dcb9c56d6e54017e9660056cc364a762ad', '--profile', 'dbt_project', '--target', 'dev']
From /tmp/tmp9puinq74
[2024-07-14T04:41:30.106+0000] {subprocess.py:60} INFO - Tmp dir root location: 
 /tmp
[2024-07-14T04:41:30.108+0000] {subprocess.py:73} INFO - Running command: ['/opt/airflow/dbt_venv/bin/dbt', 'run', '--models', 'popular_product_categories', '--project-dir', '/tmp/tmp9puinq74', '--profiles-dir', '/tmp/cosmos/profile/a0017dab0633177292578162811b91dcb9c56d6e54017e9660056cc364a762ad', '--profile', 'dbt_project', '--target', 'dev']
[2024-07-14T04:41:30.181+0000] {subprocess.py:84} INFO - Command output:
[2024-07-14T04:41:50.298+0000] {subprocess.py:94} INFO - [0m04:41:50  Running with dbt=1.8.3
[2024-07-14T04:41:55.094+0000] {subprocess.py:94} INFO - [0m04:41:55  Registered adapter: snowflake=1.8.3
[2024-07-14T04:42:00.765+0000] {subprocess.py:94} INFO - [0m04:42:00  Found 20 models, 27 data tests, 11 sources, 684 macros
[2024-07-14T04:42:00.846+0000] {subprocess.py:94} INFO - [0m04:42:00
[2024-07-14T04:42:09.228+0000] {subprocess.py:94} INFO - [0m04:42:09  Concurrency: 1 threads (target='dev')
[2024-07-14T04:42:09.232+0000] {subprocess.py:94} INFO - [0m04:42:09
[2024-07-14T04:42:09.288+0000] {subprocess.py:94} INFO - [0m04:42:09  1 of 1 START sql table model dm.popular_product_categories ..................... [RUN]
[2024-07-14T04:42:13.676+0000] {subprocess.py:94} INFO - [0m04:42:13  1 of 1 OK created sql table model dm.popular_product_categories ................ [[32mSUCCESS 1[0m in 4.35s]
[2024-07-14T04:42:13.689+0000] {subprocess.py:94} INFO - [0m04:42:13
[2024-07-14T04:42:13.692+0000] {subprocess.py:94} INFO - [0m04:42:13  Finished running 1 table model in 0 hours 0 minutes and 12.84 seconds (12.84s).
[2024-07-14T04:42:14.500+0000] {subprocess.py:94} INFO - [0m04:42:14
[2024-07-14T04:42:14.505+0000] {subprocess.py:94} INFO - [0m04:42:14  [32mCompleted successfully[0m
[2024-07-14T04:42:14.509+0000] {subprocess.py:94} INFO - [0m04:42:14
[2024-07-14T04:42:14.512+0000] {subprocess.py:94} INFO - [0m04:42:14  Done. PASS=1 WARN=0 ERROR=0 SKIP=0 TOTAL=1
[2024-07-14T04:42:17.258+0000] {subprocess.py:98} INFO - Command exited with return code 0
[2024-07-14T04:42:17.260+0000] {local.py:254} INFO - [0m04:42:14  Done. PASS=1 WARN=0 ERROR=0 SKIP=0 TOTAL=1
[2024-07-14T04:42:18.373+0000] {local.py:196} WARNING - Artifact schema version: https://schemas.getdbt.com/dbt/manifest/v12.json is above dbt-ol supported version 7. This might cause errors.
[2024-07-14T04:42:18.379+0000] {local.py:196} WARNING - Artifact schema version: https://schemas.getdbt.com/dbt/run-results/v6.json is above dbt-ol supported version 5. This might cause errors.
[2024-07-14T04:42:18.427+0000] {local.py:349} INFO - Inlets: [Dataset(uri='snowflake://OU00370.europe-west2.gcp/ELT_BATCH.dwh.dim_categories', extra=None), Dataset(uri='snowflake://OU00370.europe-west2.gcp/ELT_BATCH.dwh.dim_products', extra=None), Dataset(uri='snowflake://OU00370.europe-west2.gcp/ELT_BATCH.dwh.fact_order_details', extra=None), Dataset(uri='snowflake://OU00370.europe-west2.gcp/ELT_BATCH.dwh.fact_orders', extra=None)]
[2024-07-14T04:42:18.474+0000] {local.py:350} INFO - Outlets: [Dataset(uri='snowflake://OU00370.europe-west2.gcp/ELT_BATCH.dm.popular_product_categories', extra=None)]
[2024-07-14T04:42:18.507+0000] {dag.py:3096} INFO - Sync 1 DAGs
[2024-07-14T04:42:18.736+0000] {dag.py:3954} INFO - Setting next_dagrun for ELT-PROJECT to 2024-07-14 00:00:00+00:00, run_after=2024-07-15 00:00:00+00:00
[2024-07-14T04:42:18.976+0000] {taskinstance.py:441} INFO - ::group::Post task execution logs
[2024-07-14T04:42:19.226+0000] {taskinstance.py:1206} INFO - Marking task as SUCCESS. dag_id=ELT-PROJECT, task_id=transform.popular_product_categories_run, run_id=scheduled__2024-07-01T00:00:00+00:00, execution_date=20240701T000000, start_date=20240714T044103, end_date=20240714T044219
[2024-07-14T04:42:19.382+0000] {local_task_job_runner.py:240} INFO - Task exited with return code 0
[2024-07-14T04:42:19.463+0000] {local_task_job_runner.py:222} INFO - ::endgroup::
