[2024-07-14T04:22:20.586+0000] {local_task_job_runner.py:120} INFO - ::group::Pre task execution logs
[2024-07-14T04:22:20.722+0000] {taskinstance.py:2076} INFO - Dependencies all met for dep_context=non-requeueable deps ti=<TaskInstance: ELT-PROJECT.transform.raw_order_details.run scheduled__2024-06-27T00:00:00+00:00 [queued]>
[2024-07-14T04:22:20.812+0000] {taskinstance.py:2076} INFO - Dependencies all met for dep_context=requeueable deps ti=<TaskInstance: ELT-PROJECT.transform.raw_order_details.run scheduled__2024-06-27T00:00:00+00:00 [queued]>
[2024-07-14T04:22:20.813+0000] {taskinstance.py:2306} INFO - Starting attempt 1 of 2
[2024-07-14T04:22:20.882+0000] {taskinstance.py:2330} INFO - Executing <Task(DbtRunLocalOperator): transform.raw_order_details.run> on 2024-06-27 00:00:00+00:00
[2024-07-14T04:22:20.919+0000] {logging_mixin.py:188} WARNING - /home/airflow/.local/lib/python3.12/site-packages/airflow/task/task_runner/standard_task_runner.py:61 DeprecationWarning: This process (pid=16479) is multi-threaded, use of fork() may lead to deadlocks in the child.
[2024-07-14T04:22:20.932+0000] {standard_task_runner.py:63} INFO - Started process 16506 to run task
[2024-07-14T04:22:20.930+0000] {standard_task_runner.py:90} INFO - Running: ['airflow', 'tasks', 'run', 'ELT-PROJECT', 'transform.raw_order_details.run', 'scheduled__2024-06-27T00:00:00+00:00', '--job-id', '1296', '--raw', '--subdir', 'DAGS_FOLDER/elt.py', '--cfg-path', '/tmp/tmpk7rc1goc']
[2024-07-14T04:22:20.970+0000] {standard_task_runner.py:91} INFO - Job 1296: Subtask transform.raw_order_details.run
[2024-07-14T04:22:21.070+0000] {logging_mixin.py:188} WARNING - /home/airflow/.local/lib/python3.12/site-packages/airflow/settings.py:195 DeprecationWarning: The sql_alchemy_conn option in [core] has been moved to the sql_alchemy_conn option in [database] - the old setting has been used, but please update your config.
[2024-07-14T04:22:21.367+0000] {task_command.py:426} INFO - Running <TaskInstance: ELT-PROJECT.transform.raw_order_details.run scheduled__2024-06-27T00:00:00+00:00 [running]> on host airflow-scheduler
[2024-07-14T04:22:21.909+0000] {taskinstance.py:2648} INFO - Exporting env vars: AIRFLOW_CTX_DAG_OWNER='Data-Ninja' AIRFLOW_CTX_DAG_ID='ELT-PROJECT' AIRFLOW_CTX_TASK_ID='transform.raw_order_details.run' AIRFLOW_CTX_EXECUTION_DATE='2024-06-27T00:00:00+00:00' AIRFLOW_CTX_TRY_NUMBER='1' AIRFLOW_CTX_DAG_RUN_ID='scheduled__2024-06-27T00:00:00+00:00'
[2024-07-14T04:22:21.925+0000] {taskinstance.py:430} INFO - ::endgroup::
[2024-07-14T04:22:21.932+0000] {local.py:174} INFO - Could not import dbtRunner. Falling back to subprocess for invoking dbt.
[2024-07-14T04:22:21.939+0000] {local.py:292} INFO - Cloning project to writable temp directory /tmp/tmp8n96px9k from /opt/airflow/dags/dbt/dbt_project
[2024-07-14T04:22:21.956+0000] {local.py:303} INFO - Partial parse is enabled and the latest partial parse file is /tmp/cosmos/ELT-PROJECT__transform/target/partial_parse.msgpack
[2024-07-14T04:22:23.347+0000] {base.py:84} INFO - Using connection ID 'snow_conn' for task execution.
[2024-07-14T04:22:23.353+0000] {crypto.py:82} WARNING - empty cryptography key - values will not be stored encrypted.
[2024-07-14T04:22:23.373+0000] {config.py:298} INFO - Profile caching is enable.
[2024-07-14T04:22:23.384+0000] {config.py:272} INFO - Profile found in cache using profile: /tmp/cosmos/profile/a0017dab0633177292578162811b91dcb9c56d6e54017e9660056cc364a762ad/profiles.yml.
[2024-07-14T04:22:23.436+0000] {local.py:247} INFO - Trying to run the command:
 ['/opt/airflow/dbt_venv/bin/dbt', 'deps', '--project-dir', '/tmp/tmp8n96px9k', '--profiles-dir', '/tmp/cosmos/profile/a0017dab0633177292578162811b91dcb9c56d6e54017e9660056cc364a762ad', '--profile', 'dbt_project', '--target', 'dev']
From /tmp/tmp8n96px9k
[2024-07-14T04:22:23.439+0000] {subprocess.py:60} INFO - Tmp dir root location: 
 /tmp
[2024-07-14T04:22:23.445+0000] {subprocess.py:73} INFO - Running command: ['/opt/airflow/dbt_venv/bin/dbt', 'deps', '--project-dir', '/tmp/tmp8n96px9k', '--profiles-dir', '/tmp/cosmos/profile/a0017dab0633177292578162811b91dcb9c56d6e54017e9660056cc364a762ad', '--profile', 'dbt_project', '--target', 'dev']
[2024-07-14T04:22:23.577+0000] {subprocess.py:84} INFO - Command output:
[2024-07-14T04:22:40.049+0000] {subprocess.py:94} INFO - [0m04:22:40  Running with dbt=1.8.3
[2024-07-14T04:22:41.150+0000] {subprocess.py:94} INFO - [0m04:22:41  Updating lock file in file path: /tmp/tmp8n96px9k/package-lock.yml
[2024-07-14T04:22:41.173+0000] {subprocess.py:94} INFO - [0m04:22:41  Installing dbt-labs/dbt_utils
[2024-07-14T04:22:42.011+0000] {subprocess.py:94} INFO - [0m04:22:42  Installed from version 0.8.6
[2024-07-14T04:22:42.017+0000] {subprocess.py:94} INFO - [0m04:22:42  Updated version available: 1.2.0
[2024-07-14T04:22:42.022+0000] {subprocess.py:94} INFO - [0m04:22:42
[2024-07-14T04:22:42.027+0000] {subprocess.py:94} INFO - [0m04:22:42  Updates available for packages: ['dbt-labs/dbt_utils']
[2024-07-14T04:22:42.029+0000] {subprocess.py:94} INFO - Update your versions in packages.yml, then run dbt deps
[2024-07-14T04:22:44.234+0000] {subprocess.py:98} INFO - Command exited with return code 0
[2024-07-14T04:22:44.235+0000] {local.py:254} INFO - Update your versions in packages.yml, then run dbt deps
[2024-07-14T04:22:44.237+0000] {local.py:247} INFO - Trying to run the command:
 ['/opt/airflow/dbt_venv/bin/dbt', 'run', '--models', 'raw_order_details', '--project-dir', '/tmp/tmp8n96px9k', '--profiles-dir', '/tmp/cosmos/profile/a0017dab0633177292578162811b91dcb9c56d6e54017e9660056cc364a762ad', '--profile', 'dbt_project', '--target', 'dev']
From /tmp/tmp8n96px9k
[2024-07-14T04:22:44.239+0000] {subprocess.py:60} INFO - Tmp dir root location: 
 /tmp
[2024-07-14T04:22:44.240+0000] {subprocess.py:73} INFO - Running command: ['/opt/airflow/dbt_venv/bin/dbt', 'run', '--models', 'raw_order_details', '--project-dir', '/tmp/tmp8n96px9k', '--profiles-dir', '/tmp/cosmos/profile/a0017dab0633177292578162811b91dcb9c56d6e54017e9660056cc364a762ad', '--profile', 'dbt_project', '--target', 'dev']
[2024-07-14T04:22:44.295+0000] {subprocess.py:84} INFO - Command output:
[2024-07-14T04:22:58.935+0000] {subprocess.py:94} INFO - [0m04:22:58  Running with dbt=1.8.3
[2024-07-14T04:23:02.159+0000] {subprocess.py:94} INFO - [0m04:23:02  Registered adapter: snowflake=1.8.3
[2024-07-14T04:23:07.291+0000] {subprocess.py:94} INFO - [0m04:23:07  Found 20 models, 27 data tests, 11 sources, 684 macros
[2024-07-14T04:23:07.302+0000] {subprocess.py:94} INFO - [0m04:23:07
[2024-07-14T04:23:16.624+0000] {subprocess.py:94} INFO - [0m04:23:16  Concurrency: 1 threads (target='dev')
[2024-07-14T04:23:16.639+0000] {subprocess.py:94} INFO - [0m04:23:16
[2024-07-14T04:23:16.794+0000] {subprocess.py:94} INFO - [0m04:23:16  1 of 1 START sql table model raw.raw_order_details ............................. [RUN]
[2024-07-14T04:23:20.084+0000] {subprocess.py:94} INFO - [0m04:23:20  1 of 1 OK created sql table model raw.raw_order_details ........................ [[32mSUCCESS 1[0m in 3.27s]
[2024-07-14T04:23:20.118+0000] {subprocess.py:94} INFO - [0m04:23:20
[2024-07-14T04:23:20.124+0000] {subprocess.py:94} INFO - [0m04:23:20  Finished running 1 table model in 0 hours 0 minutes and 12.81 seconds (12.81s).
[2024-07-14T04:23:20.726+0000] {subprocess.py:94} INFO - [0m04:23:20
[2024-07-14T04:23:20.730+0000] {subprocess.py:94} INFO - [0m04:23:20  [32mCompleted successfully[0m
[2024-07-14T04:23:20.733+0000] {subprocess.py:94} INFO - [0m04:23:20
[2024-07-14T04:23:20.739+0000] {subprocess.py:94} INFO - [0m04:23:20  Done. PASS=1 WARN=0 ERROR=0 SKIP=0 TOTAL=1
[2024-07-14T04:23:23.673+0000] {subprocess.py:98} INFO - Command exited with return code 0
[2024-07-14T04:23:23.676+0000] {local.py:254} INFO - [0m04:23:20  Done. PASS=1 WARN=0 ERROR=0 SKIP=0 TOTAL=1
[2024-07-14T04:23:23.885+0000] {local.py:196} WARNING - Artifact schema version: https://schemas.getdbt.com/dbt/manifest/v12.json is above dbt-ol supported version 7. This might cause errors.
[2024-07-14T04:23:23.887+0000] {local.py:196} WARNING - Artifact schema version: https://schemas.getdbt.com/dbt/run-results/v6.json is above dbt-ol supported version 5. This might cause errors.
[2024-07-14T04:23:23.907+0000] {local.py:349} INFO - Inlets: [Dataset(uri='snowflake://OU00370.europe-west2.gcp/ELT_BATCH.PUBLIC.order_details', extra=None)]
[2024-07-14T04:23:23.934+0000] {local.py:350} INFO - Outlets: [Dataset(uri='snowflake://OU00370.europe-west2.gcp/ELT_BATCH.raw.raw_order_details', extra=None)]
[2024-07-14T04:23:23.937+0000] {dag.py:3096} INFO - Sync 1 DAGs
[2024-07-14T04:23:24.240+0000] {taskinstance.py:441} INFO - ::group::Post task execution logs
[2024-07-14T04:23:24.429+0000] {taskinstance.py:1206} INFO - Marking task as SUCCESS. dag_id=ELT-PROJECT, task_id=transform.raw_order_details.run, run_id=scheduled__2024-06-27T00:00:00+00:00, execution_date=20240627T000000, start_date=20240714T042220, end_date=20240714T042324
[2024-07-14T04:23:25.158+0000] {local_task_job_runner.py:240} INFO - Task exited with return code 0
[2024-07-14T04:23:25.488+0000] {taskinstance.py:3503} INFO - 1 downstream tasks scheduled from follow-on schedule check
[2024-07-14T04:23:25.514+0000] {local_task_job_runner.py:222} INFO - ::endgroup::
