[2024-06-26T23:19:34.920+0000] {local_task_job_runner.py:120} INFO - ::group::Pre task execution logs
[2024-06-26T23:19:35.004+0000] {taskinstance.py:2076} INFO - Dependencies all met for dep_context=non-requeueable deps ti=<TaskInstance: ELT-PROJECT.extract.extract_shippers scheduled__2024-06-25T00:00:00+00:00 [queued]>
[2024-06-26T23:19:35.033+0000] {taskinstance.py:2076} INFO - Dependencies all met for dep_context=requeueable deps ti=<TaskInstance: ELT-PROJECT.extract.extract_shippers scheduled__2024-06-25T00:00:00+00:00 [queued]>
[2024-06-26T23:19:35.034+0000] {taskinstance.py:2306} INFO - Starting attempt 1 of 2
[2024-06-26T23:19:35.115+0000] {taskinstance.py:2330} INFO - Executing <Task(_PythonDecoratedOperator): extract.extract_shippers> on 2024-06-25 00:00:00+00:00
[2024-06-26T23:19:35.133+0000] {logging_mixin.py:188} WARNING - /home/airflow/.local/lib/python3.12/site-packages/airflow/task/task_runner/standard_task_runner.py:61 DeprecationWarning: This process (pid=394) is multi-threaded, use of fork() may lead to deadlocks in the child.
[2024-06-26T23:19:35.143+0000] {standard_task_runner.py:63} INFO - Started process 413 to run task
[2024-06-26T23:19:35.138+0000] {standard_task_runner.py:90} INFO - Running: ['airflow', 'tasks', 'run', 'ELT-PROJECT', 'extract.extract_shippers', 'scheduled__2024-06-25T00:00:00+00:00', '--job-id', '258', '--raw', '--subdir', 'DAGS_FOLDER/elt.py', '--cfg-path', '/tmp/tmperxp6fyj']
[2024-06-26T23:19:35.151+0000] {standard_task_runner.py:91} INFO - Job 258: Subtask extract.extract_shippers
[2024-06-26T23:19:35.248+0000] {logging_mixin.py:188} WARNING - /home/airflow/.local/lib/python3.12/site-packages/airflow/settings.py:195 DeprecationWarning: The sql_alchemy_conn option in [core] has been moved to the sql_alchemy_conn option in [database] - the old setting has been used, but please update your config.
[2024-06-26T23:19:35.546+0000] {task_command.py:426} INFO - Running <TaskInstance: ELT-PROJECT.extract.extract_shippers scheduled__2024-06-25T00:00:00+00:00 [running]> on host airflow-scheduler
[2024-06-26T23:19:36.066+0000] {taskinstance.py:2648} INFO - Exporting env vars: AIRFLOW_CTX_DAG_OWNER='Data-Ninja' AIRFLOW_CTX_DAG_ID='ELT-PROJECT' AIRFLOW_CTX_TASK_ID='extract.extract_shippers' AIRFLOW_CTX_EXECUTION_DATE='2024-06-25T00:00:00+00:00' AIRFLOW_CTX_TRY_NUMBER='1' AIRFLOW_CTX_DAG_RUN_ID='scheduled__2024-06-25T00:00:00+00:00'
[2024-06-26T23:19:36.081+0000] {taskinstance.py:430} INFO - ::endgroup::
[2024-06-26T23:19:36.845+0000] {python.py:237} INFO - Done. Returned value was:    shipperID       companyName           phone
0          1    Speedy Express  (503) 555-9831
1          2    United Package  (503) 555-3199
2          3  Federal Shipping  (503) 555-9931
[2024-06-26T23:19:36.884+0000] {taskinstance.py:441} INFO - ::group::Post task execution logs
[2024-06-26T23:19:37.114+0000] {taskinstance.py:1206} INFO - Marking task as SUCCESS. dag_id=ELT-PROJECT, task_id=extract.extract_shippers, run_id=scheduled__2024-06-25T00:00:00+00:00, execution_date=20240625T000000, start_date=20240626T231935, end_date=20240626T231937
[2024-06-26T23:19:37.169+0000] {local_task_job_runner.py:240} INFO - Task exited with return code 0
[2024-06-26T23:19:37.208+0000] {local_task_job_runner.py:222} INFO - ::endgroup::
