[2024-07-14T04:34:40.389+0000] {local_task_job_runner.py:120} INFO - ::group::Pre task execution logs
[2024-07-14T04:34:40.561+0000] {taskinstance.py:2076} INFO - Dependencies all met for dep_context=non-requeueable deps ti=<TaskInstance: ELT-PROJECT.transform.raw_regions.run scheduled__2024-07-02T00:00:00+00:00 [queued]>
[2024-07-14T04:34:40.679+0000] {taskinstance.py:2076} INFO - Dependencies all met for dep_context=requeueable deps ti=<TaskInstance: ELT-PROJECT.transform.raw_regions.run scheduled__2024-07-02T00:00:00+00:00 [queued]>
[2024-07-14T04:34:40.682+0000] {taskinstance.py:2306} INFO - Starting attempt 1 of 2
[2024-07-14T04:34:40.773+0000] {taskinstance.py:2330} INFO - Executing <Task(DbtRunLocalOperator): transform.raw_regions.run> on 2024-07-02 00:00:00+00:00
[2024-07-14T04:34:40.801+0000] {logging_mixin.py:188} WARNING - /home/airflow/.local/lib/python3.12/site-packages/airflow/task/task_runner/standard_task_runner.py:61 DeprecationWarning: This process (pid=18999) is multi-threaded, use of fork() may lead to deadlocks in the child.
[2024-07-14T04:34:40.838+0000] {standard_task_runner.py:63} INFO - Started process 19023 to run task
[2024-07-14T04:34:40.825+0000] {standard_task_runner.py:90} INFO - Running: ['airflow', 'tasks', 'run', 'ELT-PROJECT', 'transform.raw_regions.run', 'scheduled__2024-07-02T00:00:00+00:00', '--job-id', '1447', '--raw', '--subdir', 'DAGS_FOLDER/elt.py', '--cfg-path', '/tmp/tmposj3fqaw']
[2024-07-14T04:34:40.857+0000] {standard_task_runner.py:91} INFO - Job 1447: Subtask transform.raw_regions.run
[2024-07-14T04:34:40.999+0000] {logging_mixin.py:188} WARNING - /home/airflow/.local/lib/python3.12/site-packages/airflow/settings.py:195 DeprecationWarning: The sql_alchemy_conn option in [core] has been moved to the sql_alchemy_conn option in [database] - the old setting has been used, but please update your config.
[2024-07-14T04:34:41.300+0000] {task_command.py:426} INFO - Running <TaskInstance: ELT-PROJECT.transform.raw_regions.run scheduled__2024-07-02T00:00:00+00:00 [running]> on host airflow-scheduler
[2024-07-14T04:34:41.688+0000] {taskinstance.py:2648} INFO - Exporting env vars: AIRFLOW_CTX_DAG_OWNER='Data-Ninja' AIRFLOW_CTX_DAG_ID='ELT-PROJECT' AIRFLOW_CTX_TASK_ID='transform.raw_regions.run' AIRFLOW_CTX_EXECUTION_DATE='2024-07-02T00:00:00+00:00' AIRFLOW_CTX_TRY_NUMBER='1' AIRFLOW_CTX_DAG_RUN_ID='scheduled__2024-07-02T00:00:00+00:00'
[2024-07-14T04:34:41.701+0000] {taskinstance.py:430} INFO - ::endgroup::
[2024-07-14T04:34:41.719+0000] {local.py:174} INFO - Could not import dbtRunner. Falling back to subprocess for invoking dbt.
[2024-07-14T04:34:41.724+0000] {local.py:292} INFO - Cloning project to writable temp directory /tmp/tmpz4qqt09j from /opt/airflow/dags/dbt/dbt_project
[2024-07-14T04:34:41.748+0000] {local.py:303} INFO - Partial parse is enabled and the latest partial parse file is /tmp/cosmos/ELT-PROJECT__transform/target/partial_parse.msgpack
[2024-07-14T04:34:41.902+0000] {base.py:84} INFO - Using connection ID 'snow_conn' for task execution.
[2024-07-14T04:34:41.912+0000] {crypto.py:82} WARNING - empty cryptography key - values will not be stored encrypted.
[2024-07-14T04:34:41.913+0000] {config.py:298} INFO - Profile caching is enable.
[2024-07-14T04:34:41.920+0000] {config.py:272} INFO - Profile found in cache using profile: /tmp/cosmos/profile/a0017dab0633177292578162811b91dcb9c56d6e54017e9660056cc364a762ad/profiles.yml.
[2024-07-14T04:34:41.947+0000] {local.py:247} INFO - Trying to run the command:
 ['/opt/airflow/dbt_venv/bin/dbt', 'deps', '--project-dir', '/tmp/tmpz4qqt09j', '--profiles-dir', '/tmp/cosmos/profile/a0017dab0633177292578162811b91dcb9c56d6e54017e9660056cc364a762ad', '--profile', 'dbt_project', '--target', 'dev']
From /tmp/tmpz4qqt09j
[2024-07-14T04:34:41.950+0000] {subprocess.py:60} INFO - Tmp dir root location: 
 /tmp
[2024-07-14T04:34:41.952+0000] {subprocess.py:73} INFO - Running command: ['/opt/airflow/dbt_venv/bin/dbt', 'deps', '--project-dir', '/tmp/tmpz4qqt09j', '--profiles-dir', '/tmp/cosmos/profile/a0017dab0633177292578162811b91dcb9c56d6e54017e9660056cc364a762ad', '--profile', 'dbt_project', '--target', 'dev']
[2024-07-14T04:34:42.068+0000] {subprocess.py:84} INFO - Command output:
[2024-07-14T04:35:02.284+0000] {subprocess.py:94} INFO - [0m04:35:02  Running with dbt=1.8.3
[2024-07-14T04:35:04.104+0000] {subprocess.py:94} INFO - [0m04:35:04  Updating lock file in file path: /tmp/tmpz4qqt09j/package-lock.yml
[2024-07-14T04:35:04.135+0000] {subprocess.py:94} INFO - [0m04:35:04  Installing dbt-labs/dbt_utils
[2024-07-14T04:35:05.054+0000] {subprocess.py:94} INFO - [0m04:35:05  Installed from version 0.8.6
[2024-07-14T04:35:05.099+0000] {subprocess.py:94} INFO - [0m04:35:05  Updated version available: 1.2.0
[2024-07-14T04:35:05.105+0000] {subprocess.py:94} INFO - [0m04:35:05
[2024-07-14T04:35:05.123+0000] {subprocess.py:94} INFO - [0m04:35:05  Updates available for packages: ['dbt-labs/dbt_utils']
[2024-07-14T04:35:05.128+0000] {subprocess.py:94} INFO - Update your versions in packages.yml, then run dbt deps
[2024-07-14T04:35:08.069+0000] {subprocess.py:98} INFO - Command exited with return code 0
[2024-07-14T04:35:08.089+0000] {local.py:254} INFO - Update your versions in packages.yml, then run dbt deps
[2024-07-14T04:35:08.096+0000] {local.py:247} INFO - Trying to run the command:
 ['/opt/airflow/dbt_venv/bin/dbt', 'run', '--models', 'raw_regions', '--project-dir', '/tmp/tmpz4qqt09j', '--profiles-dir', '/tmp/cosmos/profile/a0017dab0633177292578162811b91dcb9c56d6e54017e9660056cc364a762ad', '--profile', 'dbt_project', '--target', 'dev']
From /tmp/tmpz4qqt09j
[2024-07-14T04:35:08.109+0000] {subprocess.py:60} INFO - Tmp dir root location: 
 /tmp
[2024-07-14T04:35:08.112+0000] {subprocess.py:73} INFO - Running command: ['/opt/airflow/dbt_venv/bin/dbt', 'run', '--models', 'raw_regions', '--project-dir', '/tmp/tmpz4qqt09j', '--profiles-dir', '/tmp/cosmos/profile/a0017dab0633177292578162811b91dcb9c56d6e54017e9660056cc364a762ad', '--profile', 'dbt_project', '--target', 'dev']
[2024-07-14T04:35:08.189+0000] {subprocess.py:84} INFO - Command output:
[2024-07-14T04:35:22.706+0000] {subprocess.py:94} INFO - [0m04:35:22  Running with dbt=1.8.3
[2024-07-14T04:35:26.518+0000] {subprocess.py:94} INFO - [0m04:35:26  Registered adapter: snowflake=1.8.3
[2024-07-14T04:35:32.073+0000] {subprocess.py:94} INFO - [0m04:35:32  Found 20 models, 27 data tests, 11 sources, 684 macros
[2024-07-14T04:35:32.086+0000] {subprocess.py:94} INFO - [0m04:35:32
[2024-07-14T04:35:40.574+0000] {subprocess.py:94} INFO - [0m04:35:40  Concurrency: 1 threads (target='dev')
[2024-07-14T04:35:40.583+0000] {subprocess.py:94} INFO - [0m04:35:40
[2024-07-14T04:35:40.677+0000] {subprocess.py:94} INFO - [0m04:35:40  1 of 1 START sql table model raw.raw_regions ................................... [RUN]
[2024-07-14T04:35:43.723+0000] {subprocess.py:94} INFO - [0m04:35:43  1 of 1 OK created sql table model raw.raw_regions .............................. [[32mSUCCESS 1[0m in 3.03s]
[2024-07-14T04:35:43.741+0000] {subprocess.py:94} INFO - [0m04:35:43
[2024-07-14T04:35:43.743+0000] {subprocess.py:94} INFO - [0m04:35:43  Finished running 1 table model in 0 hours 0 minutes and 11.65 seconds (11.65s).
[2024-07-14T04:35:44.440+0000] {subprocess.py:94} INFO - [0m04:35:44
[2024-07-14T04:35:44.452+0000] {subprocess.py:94} INFO - [0m04:35:44  [32mCompleted successfully[0m
[2024-07-14T04:35:44.455+0000] {subprocess.py:94} INFO - [0m04:35:44
[2024-07-14T04:35:44.459+0000] {subprocess.py:94} INFO - [0m04:35:44  Done. PASS=1 WARN=0 ERROR=0 SKIP=0 TOTAL=1
[2024-07-14T04:35:47.714+0000] {subprocess.py:98} INFO - Command exited with return code 0
[2024-07-14T04:35:47.716+0000] {local.py:254} INFO - [0m04:35:44  Done. PASS=1 WARN=0 ERROR=0 SKIP=0 TOTAL=1
[2024-07-14T04:35:48.716+0000] {local.py:196} WARNING - Artifact schema version: https://schemas.getdbt.com/dbt/manifest/v12.json is above dbt-ol supported version 7. This might cause errors.
[2024-07-14T04:35:48.721+0000] {local.py:196} WARNING - Artifact schema version: https://schemas.getdbt.com/dbt/run-results/v6.json is above dbt-ol supported version 5. This might cause errors.
[2024-07-14T04:35:48.780+0000] {local.py:349} INFO - Inlets: [Dataset(uri='snowflake://OU00370.europe-west2.gcp/ELT_BATCH.PUBLIC.regions', extra=None)]
[2024-07-14T04:35:48.799+0000] {local.py:350} INFO - Outlets: [Dataset(uri='snowflake://OU00370.europe-west2.gcp/ELT_BATCH.raw.raw_regions', extra=None)]
[2024-07-14T04:35:48.802+0000] {dag.py:3096} INFO - Sync 1 DAGs
[2024-07-14T04:35:49.272+0000] {taskinstance.py:441} INFO - ::group::Post task execution logs
[2024-07-14T04:35:49.578+0000] {taskinstance.py:1206} INFO - Marking task as SUCCESS. dag_id=ELT-PROJECT, task_id=transform.raw_regions.run, run_id=scheduled__2024-07-02T00:00:00+00:00, execution_date=20240702T000000, start_date=20240714T043440, end_date=20240714T043549
[2024-07-14T04:35:49.864+0000] {local_task_job_runner.py:240} INFO - Task exited with return code 0
[2024-07-14T04:35:49.943+0000] {local_task_job_runner.py:222} INFO - ::endgroup::
