[2024-07-14T04:36:56.465+0000] {local_task_job_runner.py:120} INFO - ::group::Pre task execution logs
[2024-07-14T04:36:56.573+0000] {taskinstance.py:2076} INFO - Dependencies all met for dep_context=non-requeueable deps ti=<TaskInstance: ELT-PROJECT.transform.raw_shippers.run scheduled__2024-07-09T00:00:00+00:00 [queued]>
[2024-07-14T04:36:56.624+0000] {taskinstance.py:2076} INFO - Dependencies all met for dep_context=requeueable deps ti=<TaskInstance: ELT-PROJECT.transform.raw_shippers.run scheduled__2024-07-09T00:00:00+00:00 [queued]>
[2024-07-14T04:36:56.626+0000] {taskinstance.py:2306} INFO - Starting attempt 1 of 2
[2024-07-14T04:36:57.527+0000] {taskinstance.py:2330} INFO - Executing <Task(DbtRunLocalOperator): transform.raw_shippers.run> on 2024-07-09 00:00:00+00:00
[2024-07-14T04:36:57.598+0000] {logging_mixin.py:188} WARNING - /home/airflow/.local/lib/python3.12/site-packages/airflow/task/task_runner/standard_task_runner.py:61 DeprecationWarning: This process (pid=19464) is multi-threaded, use of fork() may lead to deadlocks in the child.
[2024-07-14T04:36:57.615+0000] {standard_task_runner.py:63} INFO - Started process 19481 to run task
[2024-07-14T04:36:57.627+0000] {standard_task_runner.py:90} INFO - Running: ['airflow', 'tasks', 'run', 'ELT-PROJECT', 'transform.raw_shippers.run', 'scheduled__2024-07-09T00:00:00+00:00', '--job-id', '1473', '--raw', '--subdir', 'DAGS_FOLDER/elt.py', '--cfg-path', '/tmp/tmpfq3fyllf']
[2024-07-14T04:36:57.648+0000] {standard_task_runner.py:91} INFO - Job 1473: Subtask transform.raw_shippers.run
[2024-07-14T04:36:57.839+0000] {logging_mixin.py:188} WARNING - /home/airflow/.local/lib/python3.12/site-packages/airflow/settings.py:195 DeprecationWarning: The sql_alchemy_conn option in [core] has been moved to the sql_alchemy_conn option in [database] - the old setting has been used, but please update your config.
[2024-07-14T04:36:58.172+0000] {task_command.py:426} INFO - Running <TaskInstance: ELT-PROJECT.transform.raw_shippers.run scheduled__2024-07-09T00:00:00+00:00 [running]> on host airflow-scheduler
[2024-07-14T04:36:58.832+0000] {taskinstance.py:2648} INFO - Exporting env vars: AIRFLOW_CTX_DAG_OWNER='Data-Ninja' AIRFLOW_CTX_DAG_ID='ELT-PROJECT' AIRFLOW_CTX_TASK_ID='transform.raw_shippers.run' AIRFLOW_CTX_EXECUTION_DATE='2024-07-09T00:00:00+00:00' AIRFLOW_CTX_TRY_NUMBER='1' AIRFLOW_CTX_DAG_RUN_ID='scheduled__2024-07-09T00:00:00+00:00'
[2024-07-14T04:36:58.842+0000] {taskinstance.py:430} INFO - ::endgroup::
[2024-07-14T04:36:58.846+0000] {local.py:174} INFO - Could not import dbtRunner. Falling back to subprocess for invoking dbt.
[2024-07-14T04:36:58.851+0000] {local.py:292} INFO - Cloning project to writable temp directory /tmp/tmpliqot6rf from /opt/airflow/dags/dbt/dbt_project
[2024-07-14T04:36:58.889+0000] {local.py:303} INFO - Partial parse is enabled and the latest partial parse file is /tmp/cosmos/ELT-PROJECT__transform/target/partial_parse.msgpack
[2024-07-14T04:36:59.101+0000] {base.py:84} INFO - Using connection ID 'snow_conn' for task execution.
[2024-07-14T04:36:59.116+0000] {crypto.py:82} WARNING - empty cryptography key - values will not be stored encrypted.
[2024-07-14T04:36:59.126+0000] {config.py:298} INFO - Profile caching is enable.
[2024-07-14T04:36:59.131+0000] {config.py:272} INFO - Profile found in cache using profile: /tmp/cosmos/profile/a0017dab0633177292578162811b91dcb9c56d6e54017e9660056cc364a762ad/profiles.yml.
[2024-07-14T04:36:59.135+0000] {local.py:247} INFO - Trying to run the command:
 ['/opt/airflow/dbt_venv/bin/dbt', 'deps', '--project-dir', '/tmp/tmpliqot6rf', '--profiles-dir', '/tmp/cosmos/profile/a0017dab0633177292578162811b91dcb9c56d6e54017e9660056cc364a762ad', '--profile', 'dbt_project', '--target', 'dev']
From /tmp/tmpliqot6rf
[2024-07-14T04:36:59.138+0000] {subprocess.py:60} INFO - Tmp dir root location: 
 /tmp
[2024-07-14T04:36:59.144+0000] {subprocess.py:73} INFO - Running command: ['/opt/airflow/dbt_venv/bin/dbt', 'deps', '--project-dir', '/tmp/tmpliqot6rf', '--profiles-dir', '/tmp/cosmos/profile/a0017dab0633177292578162811b91dcb9c56d6e54017e9660056cc364a762ad', '--profile', 'dbt_project', '--target', 'dev']
[2024-07-14T04:36:59.206+0000] {subprocess.py:84} INFO - Command output:
[2024-07-14T04:37:13.333+0000] {subprocess.py:94} INFO - [0m04:37:13  Running with dbt=1.8.3
[2024-07-14T04:37:14.640+0000] {subprocess.py:94} INFO - [0m04:37:14  Updating lock file in file path: /tmp/tmpliqot6rf/package-lock.yml
[2024-07-14T04:37:14.684+0000] {subprocess.py:94} INFO - [0m04:37:14  Installing dbt-labs/dbt_utils
[2024-07-14T04:37:15.617+0000] {subprocess.py:94} INFO - [0m04:37:15  Installed from version 0.8.6
[2024-07-14T04:37:15.631+0000] {subprocess.py:94} INFO - [0m04:37:15  Updated version available: 1.2.0
[2024-07-14T04:37:15.651+0000] {subprocess.py:94} INFO - [0m04:37:15
[2024-07-14T04:37:15.654+0000] {subprocess.py:94} INFO - [0m04:37:15  Updates available for packages: ['dbt-labs/dbt_utils']
[2024-07-14T04:37:15.665+0000] {subprocess.py:94} INFO - Update your versions in packages.yml, then run dbt deps
[2024-07-14T04:37:18.261+0000] {subprocess.py:98} INFO - Command exited with return code 0
[2024-07-14T04:37:18.264+0000] {local.py:254} INFO - Update your versions in packages.yml, then run dbt deps
[2024-07-14T04:37:18.266+0000] {local.py:247} INFO - Trying to run the command:
 ['/opt/airflow/dbt_venv/bin/dbt', 'run', '--models', 'raw_shippers', '--project-dir', '/tmp/tmpliqot6rf', '--profiles-dir', '/tmp/cosmos/profile/a0017dab0633177292578162811b91dcb9c56d6e54017e9660056cc364a762ad', '--profile', 'dbt_project', '--target', 'dev']
From /tmp/tmpliqot6rf
[2024-07-14T04:37:18.270+0000] {subprocess.py:60} INFO - Tmp dir root location: 
 /tmp
[2024-07-14T04:37:18.274+0000] {subprocess.py:73} INFO - Running command: ['/opt/airflow/dbt_venv/bin/dbt', 'run', '--models', 'raw_shippers', '--project-dir', '/tmp/tmpliqot6rf', '--profiles-dir', '/tmp/cosmos/profile/a0017dab0633177292578162811b91dcb9c56d6e54017e9660056cc364a762ad', '--profile', 'dbt_project', '--target', 'dev']
[2024-07-14T04:37:18.313+0000] {subprocess.py:84} INFO - Command output:
[2024-07-14T04:37:35.930+0000] {subprocess.py:94} INFO - [0m04:37:35  Running with dbt=1.8.3
[2024-07-14T04:37:40.476+0000] {subprocess.py:94} INFO - [0m04:37:40  Registered adapter: snowflake=1.8.3
[2024-07-14T04:37:46.369+0000] {subprocess.py:94} INFO - [0m04:37:46  Found 20 models, 27 data tests, 11 sources, 684 macros
[2024-07-14T04:37:46.387+0000] {subprocess.py:94} INFO - [0m04:37:46
[2024-07-14T04:37:55.633+0000] {subprocess.py:94} INFO - [0m04:37:55  Concurrency: 1 threads (target='dev')
[2024-07-14T04:37:55.658+0000] {subprocess.py:94} INFO - [0m04:37:55
[2024-07-14T04:37:55.819+0000] {subprocess.py:94} INFO - [0m04:37:55  1 of 1 START sql table model raw.raw_shippers .................................. [RUN]
[2024-07-14T04:37:58.697+0000] {subprocess.py:94} INFO - [0m04:37:58  1 of 1 OK created sql table model raw.raw_shippers ............................. [[32mSUCCESS 1[0m in 2.86s]
[2024-07-14T04:37:58.727+0000] {subprocess.py:94} INFO - [0m04:37:58
[2024-07-14T04:37:58.730+0000] {subprocess.py:94} INFO - [0m04:37:58  Finished running 1 table model in 0 hours 0 minutes and 12.34 seconds (12.34s).
[2024-07-14T04:37:59.505+0000] {subprocess.py:94} INFO - [0m04:37:59
[2024-07-14T04:37:59.515+0000] {subprocess.py:94} INFO - [0m04:37:59  [32mCompleted successfully[0m
[2024-07-14T04:37:59.522+0000] {subprocess.py:94} INFO - [0m04:37:59
[2024-07-14T04:37:59.526+0000] {subprocess.py:94} INFO - [0m04:37:59  Done. PASS=1 WARN=0 ERROR=0 SKIP=0 TOTAL=1
[2024-07-14T04:38:03.236+0000] {subprocess.py:98} INFO - Command exited with return code 0
[2024-07-14T04:38:03.239+0000] {local.py:254} INFO - [0m04:37:59  Done. PASS=1 WARN=0 ERROR=0 SKIP=0 TOTAL=1
[2024-07-14T04:38:04.253+0000] {local.py:196} WARNING - Artifact schema version: https://schemas.getdbt.com/dbt/manifest/v12.json is above dbt-ol supported version 7. This might cause errors.
[2024-07-14T04:38:04.268+0000] {local.py:196} WARNING - Artifact schema version: https://schemas.getdbt.com/dbt/run-results/v6.json is above dbt-ol supported version 5. This might cause errors.
[2024-07-14T04:38:04.286+0000] {local.py:349} INFO - Inlets: [Dataset(uri='snowflake://OU00370.europe-west2.gcp/ELT_BATCH.PUBLIC.shippers', extra=None)]
[2024-07-14T04:38:04.307+0000] {local.py:350} INFO - Outlets: [Dataset(uri='snowflake://OU00370.europe-west2.gcp/ELT_BATCH.raw.raw_shippers', extra=None)]
[2024-07-14T04:38:04.318+0000] {dag.py:3096} INFO - Sync 1 DAGs
[2024-07-14T04:38:04.750+0000] {taskinstance.py:441} INFO - ::group::Post task execution logs
[2024-07-14T04:38:04.994+0000] {taskinstance.py:1206} INFO - Marking task as SUCCESS. dag_id=ELT-PROJECT, task_id=transform.raw_shippers.run, run_id=scheduled__2024-07-09T00:00:00+00:00, execution_date=20240709T000000, start_date=20240714T043656, end_date=20240714T043804
[2024-07-14T04:38:05.430+0000] {local_task_job_runner.py:240} INFO - Task exited with return code 0
[2024-07-14T04:38:05.678+0000] {taskinstance.py:3503} INFO - 1 downstream tasks scheduled from follow-on schedule check
[2024-07-14T04:38:05.691+0000] {local_task_job_runner.py:222} INFO - ::endgroup::
