[2024-07-09T12:45:25.247+0000] {local_task_job_runner.py:120} INFO - ::group::Pre task execution logs
[2024-07-09T12:45:25.427+0000] {taskinstance.py:2076} INFO - Dependencies all met for dep_context=non-requeueable deps ti=<TaskInstance: SPARK_JOBS.submit_job manual__2024-07-09T12:39:57.350665+00:00 [queued]>
[2024-07-09T12:45:25.547+0000] {taskinstance.py:2076} INFO - Dependencies all met for dep_context=requeueable deps ti=<TaskInstance: SPARK_JOBS.submit_job manual__2024-07-09T12:39:57.350665+00:00 [queued]>
[2024-07-09T12:45:25.566+0000] {taskinstance.py:2306} INFO - Starting attempt 2 of 2
[2024-07-09T12:45:25.776+0000] {taskinstance.py:2330} INFO - Executing <Task(SparkSubmitOperator): submit_job> on 2024-07-09 12:39:57.350665+00:00
[2024-07-09T12:45:25.841+0000] {standard_task_runner.py:90} INFO - Running: ['airflow', 'tasks', 'run', 'SPARK_JOBS', 'submit_job', 'manual__2024-07-09T12:39:57.350665+00:00', '--job-id', '33', '--raw', '--subdir', 'DAGS_FOLDER/elt-spark copy.py', '--cfg-path', '/tmp/tmpmn1y8b1s']
[2024-07-09T12:45:25.832+0000] {logging_mixin.py:188} WARNING - /home/airflow/.local/lib/python3.12/site-packages/airflow/task/task_runner/standard_task_runner.py:61 DeprecationWarning: This process (pid=513) is multi-threaded, use of fork() may lead to deadlocks in the child.
[2024-07-09T12:45:25.875+0000] {standard_task_runner.py:91} INFO - Job 33: Subtask submit_job
[2024-07-09T12:45:25.889+0000] {standard_task_runner.py:63} INFO - Started process 514 to run task
[2024-07-09T12:45:26.003+0000] {logging_mixin.py:188} WARNING - /home/airflow/.local/lib/python3.12/site-packages/airflow/settings.py:195 DeprecationWarning: The sql_alchemy_conn option in [core] has been moved to the sql_alchemy_conn option in [database] - the old setting has been used, but please update your config.
[2024-07-09T12:45:26.604+0000] {task_command.py:426} INFO - Running <TaskInstance: SPARK_JOBS.submit_job manual__2024-07-09T12:39:57.350665+00:00 [running]> on host airflow-scheduler
[2024-07-09T12:45:28.060+0000] {taskinstance.py:2648} INFO - Exporting env vars: AIRFLOW_CTX_DAG_OWNER='Data-Ninja' AIRFLOW_CTX_DAG_ID='SPARK_JOBS' AIRFLOW_CTX_TASK_ID='submit_job' AIRFLOW_CTX_EXECUTION_DATE='2024-07-09T12:39:57.350665+00:00' AIRFLOW_CTX_TRY_NUMBER='2' AIRFLOW_CTX_DAG_RUN_ID='manual__2024-07-09T12:39:57.350665+00:00'
[2024-07-09T12:45:28.076+0000] {taskinstance.py:430} INFO - ::endgroup::
[2024-07-09T12:45:28.185+0000] {spark_submit.py:271} INFO - Could not load connection string local[*], defaulting to yarn
[2024-07-09T12:45:28.198+0000] {spark_submit.py:401} INFO - Spark-Submit cmd: spark-submit --master yarn --name arrow-spark /opt/airflow/spark/extractors.py
[2024-07-09T12:45:28.952+0000] {spark_submit.py:571} INFO - /home/airflow/.local/lib/python3.12/site-packages/pyspark/bin/load-spark-env.sh: line 68: ps: command not found
[2024-07-09T12:45:42.728+0000] {spark_submit.py:571} INFO - Exception in thread "main" org.apache.spark.SparkException: When running with master 'yarn' either HADOOP_CONF_DIR or YARN_CONF_DIR must be set in the environment.
[2024-07-09T12:45:42.731+0000] {spark_submit.py:571} INFO - at org.apache.spark.deploy.SparkSubmitArguments.error(SparkSubmitArguments.scala:650)
[2024-07-09T12:45:42.738+0000] {spark_submit.py:571} INFO - at org.apache.spark.deploy.SparkSubmitArguments.validateSubmitArguments(SparkSubmitArguments.scala:281)
[2024-07-09T12:45:42.744+0000] {spark_submit.py:571} INFO - at org.apache.spark.deploy.SparkSubmitArguments.validateArguments(SparkSubmitArguments.scala:237)
[2024-07-09T12:45:42.750+0000] {spark_submit.py:571} INFO - at org.apache.spark.deploy.SparkSubmitArguments.<init>(SparkSubmitArguments.scala:122)
[2024-07-09T12:45:42.757+0000] {spark_submit.py:571} INFO - at org.apache.spark.deploy.SparkSubmit$$anon$2$$anon$3.<init>(SparkSubmit.scala:1103)
[2024-07-09T12:45:42.774+0000] {spark_submit.py:571} INFO - at org.apache.spark.deploy.SparkSubmit$$anon$2.parseArguments(SparkSubmit.scala:1103)
[2024-07-09T12:45:42.802+0000] {spark_submit.py:571} INFO - at org.apache.spark.deploy.SparkSubmit.doSubmit(SparkSubmit.scala:86)
[2024-07-09T12:45:42.826+0000] {spark_submit.py:571} INFO - at org.apache.spark.deploy.SparkSubmit$$anon$2.doSubmit(SparkSubmit.scala:1120)
[2024-07-09T12:45:42.833+0000] {spark_submit.py:571} INFO - at org.apache.spark.deploy.SparkSubmit$.main(SparkSubmit.scala:1129)
[2024-07-09T12:45:42.840+0000] {spark_submit.py:571} INFO - at org.apache.spark.deploy.SparkSubmit.main(SparkSubmit.scala)
[2024-07-09T12:45:42.890+0000] {taskinstance.py:441} INFO - ::group::Post task execution logs
[2024-07-09T12:45:43.024+0000] {taskinstance.py:2905} ERROR - Task failed with exception
Traceback (most recent call last):
  File "/home/airflow/.local/lib/python3.12/site-packages/airflow/models/taskinstance.py", line 465, in _execute_task
    result = _execute_callable(context=context, **execute_callable_kwargs)
             ^^^^^^^^^^^^^^^^^^^^^^^^^^^^^^^^^^^^^^^^^^^^^^^^^^^^^^^^^^^^^
  File "/home/airflow/.local/lib/python3.12/site-packages/airflow/models/taskinstance.py", line 432, in _execute_callable
    return execute_callable(context=context, **execute_callable_kwargs)
           ^^^^^^^^^^^^^^^^^^^^^^^^^^^^^^^^^^^^^^^^^^^^^^^^^^^^^^^^^^^^
  File "/home/airflow/.local/lib/python3.12/site-packages/airflow/models/baseoperator.py", line 401, in wrapper
    return func(self, *args, **kwargs)
           ^^^^^^^^^^^^^^^^^^^^^^^^^^^
  File "/home/airflow/.local/lib/python3.12/site-packages/airflow/providers/apache/spark/operators/spark_submit.py", line 174, in execute
    self._hook.submit(self.application)
  File "/home/airflow/.local/lib/python3.12/site-packages/airflow/providers/apache/spark/hooks/spark_submit.py", line 502, in submit
    raise AirflowException(
airflow.exceptions.AirflowException: Cannot execute: spark-submit --master yarn --name arrow-spark /opt/airflow/spark/extractors.py. Error code is: 1.
[2024-07-09T12:45:43.066+0000] {taskinstance.py:1206} INFO - Marking task as FAILED. dag_id=SPARK_JOBS, task_id=submit_job, run_id=manual__2024-07-09T12:39:57.350665+00:00, execution_date=20240709T123957, start_date=20240709T124525, end_date=20240709T124543
[2024-07-09T12:45:43.185+0000] {standard_task_runner.py:110} ERROR - Failed to execute job 33 for task submit_job (Cannot execute: spark-submit --master yarn --name arrow-spark /opt/airflow/spark/extractors.py. Error code is: 1.; 514)
[2024-07-09T12:45:43.226+0000] {local_task_job_runner.py:240} INFO - Task exited with return code 1
[2024-07-09T12:45:43.398+0000] {taskinstance.py:3503} INFO - 0 downstream tasks scheduled from follow-on schedule check
[2024-07-09T12:45:43.412+0000] {local_task_job_runner.py:222} INFO - ::endgroup::
