[2024-07-13T15:47:58.479+0000] {local_task_job_runner.py:120} INFO - ::group::Pre task execution logs
[2024-07-13T15:47:58.551+0000] {taskinstance.py:2076} INFO - Dependencies all met for dep_context=non-requeueable deps ti=<TaskInstance: ELT-PROJECT.extract.extract_shippers manual__2024-07-13T15:47:53.906361+00:00 [queued]>
[2024-07-13T15:47:58.605+0000] {taskinstance.py:2076} INFO - Dependencies all met for dep_context=requeueable deps ti=<TaskInstance: ELT-PROJECT.extract.extract_shippers manual__2024-07-13T15:47:53.906361+00:00 [queued]>
[2024-07-13T15:47:58.606+0000] {taskinstance.py:2306} INFO - Starting attempt 1 of 2
[2024-07-13T15:47:58.651+0000] {taskinstance.py:2330} INFO - Executing <Task(_PythonDecoratedOperator): extract.extract_shippers> on 2024-07-13 15:47:53.906361+00:00
[2024-07-13T15:47:58.684+0000] {logging_mixin.py:188} WARNING - /home/airflow/.local/lib/python3.12/site-packages/airflow/task/task_runner/standard_task_runner.py:61 DeprecationWarning: This process (pid=2739) is multi-threaded, use of fork() may lead to deadlocks in the child.
[2024-07-13T15:47:58.687+0000] {standard_task_runner.py:63} INFO - Started process 2757 to run task
[2024-07-13T15:47:58.677+0000] {standard_task_runner.py:90} INFO - Running: ['airflow', 'tasks', 'run', 'ELT-PROJECT', 'extract.extract_shippers', 'manual__2024-07-13T15:47:53.906361+00:00', '--job-id', '449', '--raw', '--subdir', 'DAGS_FOLDER/elt.py', '--cfg-path', '/tmp/tmpa28hvuzs']
[2024-07-13T15:47:58.693+0000] {standard_task_runner.py:91} INFO - Job 449: Subtask extract.extract_shippers
[2024-07-13T15:47:58.760+0000] {logging_mixin.py:188} WARNING - /home/airflow/.local/lib/python3.12/site-packages/airflow/settings.py:195 DeprecationWarning: The sql_alchemy_conn option in [core] has been moved to the sql_alchemy_conn option in [database] - the old setting has been used, but please update your config.
[2024-07-13T15:47:58.917+0000] {task_command.py:426} INFO - Running <TaskInstance: ELT-PROJECT.extract.extract_shippers manual__2024-07-13T15:47:53.906361+00:00 [running]> on host airflow-scheduler
[2024-07-13T15:47:59.319+0000] {taskinstance.py:2648} INFO - Exporting env vars: AIRFLOW_CTX_DAG_OWNER='Data-Ninja' AIRFLOW_CTX_DAG_ID='ELT-PROJECT' AIRFLOW_CTX_TASK_ID='extract.extract_shippers' AIRFLOW_CTX_EXECUTION_DATE='2024-07-13T15:47:53.906361+00:00' AIRFLOW_CTX_TRY_NUMBER='1' AIRFLOW_CTX_DAG_RUN_ID='manual__2024-07-13T15:47:53.906361+00:00'
[2024-07-13T15:47:59.324+0000] {taskinstance.py:430} INFO - ::endgroup::
[2024-07-13T15:47:59.394+0000] {base.py:84} INFO - Using connection ID 'post_conn' for task execution.
[2024-07-13T15:48:01.394+0000] {python.py:237} INFO - Done. Returned value was:    shipperID       companyName           phone
0          1    Speedy Express  (503) 555-9831
1          2    United Package  (503) 555-3199
2          3  Federal Shipping  (503) 555-9931
[2024-07-13T15:48:01.577+0000] {taskinstance.py:441} INFO - ::group::Post task execution logs
[2024-07-13T15:48:02.393+0000] {taskinstance.py:1206} INFO - Marking task as SUCCESS. dag_id=ELT-PROJECT, task_id=extract.extract_shippers, run_id=manual__2024-07-13T15:47:53.906361+00:00, execution_date=20240713T154753, start_date=20240713T154758, end_date=20240713T154802
[2024-07-13T15:48:02.475+0000] {local_task_job_runner.py:240} INFO - Task exited with return code 0
[2024-07-13T15:48:02.546+0000] {local_task_job_runner.py:222} INFO - ::endgroup::
