[2024-06-24T13:24:45.493+0000] {local_task_job_runner.py:120} INFO - ::group::Pre task execution logs
[2024-06-24T13:24:45.658+0000] {taskinstance.py:2076} INFO - Dependencies all met for dep_context=non-requeueable deps ti=<TaskInstance: ELT-PROJECT.load.load_orders manual__2024-06-24T13:24:24.964468+00:00 [queued]>
[2024-06-24T13:24:45.739+0000] {taskinstance.py:2076} INFO - Dependencies all met for dep_context=requeueable deps ti=<TaskInstance: ELT-PROJECT.load.load_orders manual__2024-06-24T13:24:24.964468+00:00 [queued]>
[2024-06-24T13:24:45.743+0000] {taskinstance.py:2306} INFO - Starting attempt 1 of 2
[2024-06-24T13:24:45.799+0000] {taskinstance.py:2330} INFO - Executing <Task(_PythonDecoratedOperator): load.load_orders> on 2024-06-24 13:24:24.964468+00:00
[2024-06-24T13:24:45.836+0000] {logging_mixin.py:188} WARNING - /home/airflow/.local/lib/python3.12/site-packages/airflow/task/task_runner/standard_task_runner.py:61 DeprecationWarning: This process (pid=1272) is multi-threaded, use of fork() may lead to deadlocks in the child.
[2024-06-24T13:24:45.852+0000] {standard_task_runner.py:63} INFO - Started process 1285 to run task
[2024-06-24T13:24:45.838+0000] {standard_task_runner.py:90} INFO - Running: ['airflow', 'tasks', 'run', 'ELT-PROJECT', 'load.load_orders', 'manual__2024-06-24T13:24:24.964468+00:00', '--job-id', '52', '--raw', '--subdir', 'DAGS_FOLDER/elt.py', '--cfg-path', '/tmp/tmpikcob4bg']
[2024-06-24T13:24:45.855+0000] {standard_task_runner.py:91} INFO - Job 52: Subtask load.load_orders
[2024-06-24T13:24:45.990+0000] {logging_mixin.py:188} WARNING - /home/airflow/.local/lib/python3.12/site-packages/airflow/settings.py:195 DeprecationWarning: The sql_alchemy_conn option in [core] has been moved to the sql_alchemy_conn option in [database] - the old setting has been used, but please update your config.
[2024-06-24T13:24:46.220+0000] {task_command.py:426} INFO - Running <TaskInstance: ELT-PROJECT.load.load_orders manual__2024-06-24T13:24:24.964468+00:00 [running]> on host airflow-scheduler
[2024-06-24T13:24:48.002+0000] {taskinstance.py:2648} INFO - Exporting env vars: AIRFLOW_CTX_DAG_OWNER='Data-Ninja' AIRFLOW_CTX_DAG_ID='ELT-PROJECT' AIRFLOW_CTX_TASK_ID='load.load_orders' AIRFLOW_CTX_EXECUTION_DATE='2024-06-24T13:24:24.964468+00:00' AIRFLOW_CTX_TRY_NUMBER='1' AIRFLOW_CTX_DAG_RUN_ID='manual__2024-06-24T13:24:24.964468+00:00'
[2024-06-24T13:24:48.009+0000] {taskinstance.py:430} INFO - ::endgroup::
[2024-06-24T13:24:48.011+0000] {connection.py:399} INFO - Snowflake Connector for Python Version: 3.10.1, Python Version: 3.12.4, Platform: Linux-5.15.133.1-microsoft-standard-WSL2-x86_64-with-glibc2.36
[2024-06-24T13:24:48.033+0000] {connection.py:1249} INFO - THIS CONNECTION IS IN INSECURE MODE. IT MEANS THE CERTIFICATE WILL BE VALIDATED BUT THE CERTIFICATE REVOCATION STATUS WILL NOT BE CHECKED.
[2024-06-24T13:24:48.612+0000] {ssl_wrap_socket.py:100} INFO - THIS CONNECTION IS IN INSECURE MODE. IT MEANS THE CERTIFICATE WILL BE VALIDATED BUT THE CERTIFICATE REVOCATION STATUS WILL NOT BE CHECKED.
[2024-06-24T13:24:49.154+0000] {logging_mixin.py:188} INFO - Nama kolom di DataFrame: Index(['orderID', 'customerID', 'employeeID', 'orderDate', 'requiredDate',
       'shippedDate', 'shipVia', 'freight', 'shipName', 'shipAddress',
       'shipCity', 'shipRegion', 'shipPostalCode', 'shipCountry'],
      dtype='object')
[2024-06-24T13:24:49.600+0000] {cursor.py:1149} INFO - Number of results in first chunk: 1
[2024-06-24T13:24:50.251+0000] {ssl_wrap_socket.py:100} INFO - THIS CONNECTION IS IN INSECURE MODE. IT MEANS THE CERTIFICATE WILL BE VALIDATED BUT THE CERTIFICATE REVOCATION STATUS WILL NOT BE CHECKED.
[2024-06-24T13:24:53.240+0000] {cursor.py:1149} INFO - Number of results in first chunk: 1
[2024-06-24T13:24:54.884+0000] {cursor.py:1149} INFO - Number of results in first chunk: 14
[2024-06-24T13:24:55.242+0000] {cursor.py:1149} INFO - Number of results in first chunk: 1
[2024-06-24T13:24:56.079+0000] {cursor.py:1149} INFO - Number of results in first chunk: 1
[2024-06-24T13:24:57.497+0000] {cursor.py:1149} INFO - Number of results in first chunk: 1
[2024-06-24T13:24:57.499+0000] {logging_mixin.py:188} INFO - Done orders.
[2024-06-24T13:24:57.499+0000] {connection.py:762} INFO - closed
[2024-06-24T13:24:57.847+0000] {connection.py:768} INFO - No async queries seem to be running, deleting session
[2024-06-24T13:24:58.220+0000] {python.py:237} INFO - Done. Returned value was: None
[2024-06-24T13:24:58.223+0000] {taskinstance.py:441} INFO - ::group::Post task execution logs
[2024-06-24T13:24:58.252+0000] {taskinstance.py:1206} INFO - Marking task as SUCCESS. dag_id=ELT-PROJECT, task_id=load.load_orders, run_id=manual__2024-06-24T13:24:24.964468+00:00, execution_date=20240624T132424, start_date=20240624T132445, end_date=20240624T132458
[2024-06-24T13:24:58.352+0000] {local_task_job_runner.py:240} INFO - Task exited with return code 0
[2024-06-24T13:24:58.513+0000] {taskinstance.py:3503} INFO - 0 downstream tasks scheduled from follow-on schedule check
[2024-06-24T13:24:58.518+0000] {local_task_job_runner.py:222} INFO - ::endgroup::
