[2024-07-09T20:27:34.339+0000] {local_task_job_runner.py:120} INFO - ::group::Pre task execution logs
[2024-07-09T20:27:34.654+0000] {taskinstance.py:2076} INFO - Dependencies all met for dep_context=non-requeueable deps ti=<TaskInstance: ELT-PROJECT.transform.raw_employee_territories_run manual__2024-07-09T20:27:28.353351+00:00 [queued]>
[2024-07-09T20:27:34.760+0000] {taskinstance.py:2076} INFO - Dependencies all met for dep_context=requeueable deps ti=<TaskInstance: ELT-PROJECT.transform.raw_employee_territories_run manual__2024-07-09T20:27:28.353351+00:00 [queued]>
[2024-07-09T20:27:34.769+0000] {taskinstance.py:2306} INFO - Starting attempt 1 of 2
[2024-07-09T20:27:34.995+0000] {taskinstance.py:2330} INFO - Executing <Task(DbtRunLocalOperator): transform.raw_employee_territories_run> on 2024-07-09 20:27:28.353351+00:00
[2024-07-09T20:27:35.014+0000] {logging_mixin.py:188} WARNING - /home/airflow/.local/lib/python3.12/site-packages/airflow/task/task_runner/standard_task_runner.py:61 DeprecationWarning: This process (pid=8165) is multi-threaded, use of fork() may lead to deadlocks in the child.
[2024-07-09T20:27:35.065+0000] {standard_task_runner.py:63} INFO - Started process 8194 to run task
[2024-07-09T20:27:35.037+0000] {standard_task_runner.py:90} INFO - Running: ['airflow', 'tasks', 'run', 'ELT-PROJECT', 'transform.raw_employee_territories_run', 'manual__2024-07-09T20:27:28.353351+00:00', '--job-id', '107', '--raw', '--subdir', 'DAGS_FOLDER/elt.py', '--cfg-path', '/tmp/tmpppnat9vo']
[2024-07-09T20:27:35.074+0000] {standard_task_runner.py:91} INFO - Job 107: Subtask transform.raw_employee_territories_run
[2024-07-09T20:27:35.399+0000] {logging_mixin.py:188} WARNING - /home/airflow/.local/lib/python3.12/site-packages/airflow/settings.py:195 DeprecationWarning: The sql_alchemy_conn option in [core] has been moved to the sql_alchemy_conn option in [database] - the old setting has been used, but please update your config.
[2024-07-09T20:27:35.783+0000] {task_command.py:426} INFO - Running <TaskInstance: ELT-PROJECT.transform.raw_employee_territories_run manual__2024-07-09T20:27:28.353351+00:00 [running]> on host airflow-scheduler
[2024-07-09T20:27:36.516+0000] {taskinstance.py:2648} INFO - Exporting env vars: AIRFLOW_CTX_DAG_OWNER='Data-Ninja' AIRFLOW_CTX_DAG_ID='ELT-PROJECT' AIRFLOW_CTX_TASK_ID='transform.raw_employee_territories_run' AIRFLOW_CTX_EXECUTION_DATE='2024-07-09T20:27:28.353351+00:00' AIRFLOW_CTX_TRY_NUMBER='1' AIRFLOW_CTX_DAG_RUN_ID='manual__2024-07-09T20:27:28.353351+00:00'
[2024-07-09T20:27:36.519+0000] {taskinstance.py:430} INFO - ::endgroup::
[2024-07-09T20:27:36.536+0000] {local.py:174} INFO - Could not import dbtRunner. Falling back to subprocess for invoking dbt.
[2024-07-09T20:27:36.558+0000] {local.py:292} INFO - Cloning project to writable temp directory /tmp/tmp1qnaunki from /opt/airflow/dags/dbt/dbt_project
[2024-07-09T20:27:36.594+0000] {local.py:303} INFO - Partial parse is enabled and the latest partial parse file is /opt/airflow/dags/dbt/dbt_project/target/partial_parse.msgpack
[2024-07-09T20:27:36.963+0000] {taskinstance.py:441} INFO - ::group::Post task execution logs
[2024-07-09T20:27:37.073+0000] {taskinstance.py:2905} ERROR - Task failed with exception
Traceback (most recent call last):
  File "/home/airflow/.local/lib/python3.12/site-packages/airflow/models/taskinstance.py", line 465, in _execute_task
    result = _execute_callable(context=context, **execute_callable_kwargs)
             ^^^^^^^^^^^^^^^^^^^^^^^^^^^^^^^^^^^^^^^^^^^^^^^^^^^^^^^^^^^^^
  File "/home/airflow/.local/lib/python3.12/site-packages/airflow/models/taskinstance.py", line 432, in _execute_callable
    return execute_callable(context=context, **execute_callable_kwargs)
           ^^^^^^^^^^^^^^^^^^^^^^^^^^^^^^^^^^^^^^^^^^^^^^^^^^^^^^^^^^^^
  File "/home/airflow/.local/lib/python3.12/site-packages/airflow/models/baseoperator.py", line 401, in wrapper
    return func(self, *args, **kwargs)
           ^^^^^^^^^^^^^^^^^^^^^^^^^^^
  File "/home/airflow/.local/lib/python3.12/site-packages/cosmos/operators/base.py", line 270, in execute
    self.build_and_run_cmd(context=context, cmd_flags=self.add_cmd_flags())
  File "/home/airflow/.local/lib/python3.12/site-packages/cosmos/operators/local.py", line 489, in build_and_run_cmd
    result = self.run_command(cmd=dbt_cmd, env=env, context=context)
             ^^^^^^^^^^^^^^^^^^^^^^^^^^^^^^^^^^^^^^^^^^^^^^^^^^^^^^^
  File "/home/airflow/.local/lib/python3.12/site-packages/cosmos/operators/local.py", line 307, in run_command
    with self.profile_config.ensure_profile() as profile_values:
  File "/usr/local/lib/python3.12/contextlib.py", line 137, in __enter__
    return next(self.gen)
           ^^^^^^^^^^^^^^
  File "/home/airflow/.local/lib/python3.12/site-packages/cosmos/config.py", line 295, in ensure_profile
    env_vars = self.profile_mapping.env_vars
               ^^^^^^^^^^^^^^^^^^^^^^^^^^^^^
  File "/home/airflow/.local/lib/python3.12/site-packages/cosmos/profiles/base.py", line 224, in env_vars
    value = self.get_dbt_value(field)
            ^^^^^^^^^^^^^^^^^^^^^^^^^
  File "/home/airflow/.local/lib/python3.12/site-packages/cosmos/profiles/base.py", line 295, in get_dbt_value
    value = self._get_airflow_conn_field(airflow_field)
            ^^^^^^^^^^^^^^^^^^^^^^^^^^^^^^^^^^^^^^^^^^^
  File "/home/airflow/.local/lib/python3.12/site-packages/cosmos/profiles/base.py", line 272, in _get_airflow_conn_field
    value = getattr(self.conn, airflow_field, None)
                    ^^^^^^^^^
  File "/home/airflow/.local/lib/python3.12/site-packages/cosmos/profiles/snowflake/user_pass.py", line 65, in conn
    conn = super().conn
           ^^^^^^^^^^^^
  File "/home/airflow/.local/lib/python3.12/site-packages/cosmos/profiles/base.py", line 146, in conn
    conn = BaseHook.get_connection(self.conn_id)
           ^^^^^^^^^^^^^^^^^^^^^^^^^^^^^^^^^^^^^
  File "/home/airflow/.local/lib/python3.12/site-packages/airflow/hooks/base.py", line 83, in get_connection
    conn = Connection.get_connection_from_secrets(conn_id)
           ^^^^^^^^^^^^^^^^^^^^^^^^^^^^^^^^^^^^^^^^^^^^^^^
  File "/home/airflow/.local/lib/python3.12/site-packages/airflow/models/connection.py", line 519, in get_connection_from_secrets
    raise AirflowNotFoundException(f"The conn_id `{conn_id}` isn't defined")
airflow.exceptions.AirflowNotFoundException: The conn_id `snow_conn` isn't defined
[2024-07-09T20:27:37.097+0000] {taskinstance.py:1206} INFO - Marking task as UP_FOR_RETRY. dag_id=ELT-PROJECT, task_id=transform.raw_employee_territories_run, run_id=manual__2024-07-09T20:27:28.353351+00:00, execution_date=20240709T202728, start_date=20240709T202734, end_date=20240709T202737
[2024-07-09T20:27:37.200+0000] {standard_task_runner.py:110} ERROR - Failed to execute job 107 for task transform.raw_employee_territories_run (The conn_id `snow_conn` isn't defined; 8194)
[2024-07-09T20:27:37.226+0000] {local_task_job_runner.py:240} INFO - Task exited with return code 1
[2024-07-09T20:27:37.460+0000] {taskinstance.py:3503} INFO - 0 downstream tasks scheduled from follow-on schedule check
[2024-07-09T20:27:37.474+0000] {local_task_job_runner.py:222} INFO - ::endgroup::
