[2024-06-24T14:39:50.067+0000] {local_task_job_runner.py:120} INFO - ::group::Pre task execution logs
[2024-06-24T14:39:50.192+0000] {taskinstance.py:2076} INFO - Dependencies all met for dep_context=non-requeueable deps ti=<TaskInstance: ELT-PROJECT.load.load_territories manual__2024-06-24T14:38:58.078871+00:00 [queued]>
[2024-06-24T14:39:50.360+0000] {taskinstance.py:2076} INFO - Dependencies all met for dep_context=requeueable deps ti=<TaskInstance: ELT-PROJECT.load.load_territories manual__2024-06-24T14:38:58.078871+00:00 [queued]>
[2024-06-24T14:39:50.364+0000] {taskinstance.py:2306} INFO - Starting attempt 1 of 2
[2024-06-24T14:39:50.492+0000] {taskinstance.py:2330} INFO - Executing <Task(_PythonDecoratedOperator): load.load_territories> on 2024-06-24 14:38:58.078871+00:00
[2024-06-24T14:39:50.554+0000] {standard_task_runner.py:90} INFO - Running: ['airflow', 'tasks', 'run', 'ELT-PROJECT', 'load.load_territories', 'manual__2024-06-24T14:38:58.078871+00:00', '--job-id', '202', '--raw', '--subdir', 'DAGS_FOLDER/elt.py', '--cfg-path', '/tmp/tmp91gjqgxt']
[2024-06-24T14:39:50.572+0000] {logging_mixin.py:188} WARNING - /home/airflow/.local/lib/python3.12/site-packages/airflow/task/task_runner/standard_task_runner.py:61 DeprecationWarning: This process (pid=2532) is multi-threaded, use of fork() may lead to deadlocks in the child.
[2024-06-24T14:39:50.585+0000] {standard_task_runner.py:91} INFO - Job 202: Subtask load.load_territories
[2024-06-24T14:39:50.586+0000] {standard_task_runner.py:63} INFO - Started process 2571 to run task
[2024-06-24T14:39:50.752+0000] {logging_mixin.py:188} WARNING - /home/airflow/.local/lib/python3.12/site-packages/airflow/settings.py:195 DeprecationWarning: The sql_alchemy_conn option in [core] has been moved to the sql_alchemy_conn option in [database] - the old setting has been used, but please update your config.
[2024-06-24T14:39:51.153+0000] {task_command.py:426} INFO - Running <TaskInstance: ELT-PROJECT.load.load_territories manual__2024-06-24T14:38:58.078871+00:00 [running]> on host airflow-scheduler
[2024-06-24T14:39:52.670+0000] {taskinstance.py:2648} INFO - Exporting env vars: AIRFLOW_CTX_DAG_OWNER='Data-Ninja' AIRFLOW_CTX_DAG_ID='ELT-PROJECT' AIRFLOW_CTX_TASK_ID='load.load_territories' AIRFLOW_CTX_EXECUTION_DATE='2024-06-24T14:38:58.078871+00:00' AIRFLOW_CTX_TRY_NUMBER='1' AIRFLOW_CTX_DAG_RUN_ID='manual__2024-06-24T14:38:58.078871+00:00'
[2024-06-24T14:39:52.681+0000] {taskinstance.py:430} INFO - ::endgroup::
[2024-06-24T14:39:52.695+0000] {connection.py:399} INFO - Snowflake Connector for Python Version: 3.10.1, Python Version: 3.12.4, Platform: Linux-5.15.133.1-microsoft-standard-WSL2-x86_64-with-glibc2.36
[2024-06-24T14:39:52.713+0000] {connection.py:1249} INFO - THIS CONNECTION IS IN INSECURE MODE. IT MEANS THE CERTIFICATE WILL BE VALIDATED BUT THE CERTIFICATE REVOCATION STATUS WILL NOT BE CHECKED.
[2024-06-24T14:39:54.417+0000] {ssl_wrap_socket.py:100} INFO - THIS CONNECTION IS IN INSECURE MODE. IT MEANS THE CERTIFICATE WILL BE VALIDATED BUT THE CERTIFICATE REVOCATION STATUS WILL NOT BE CHECKED.
[2024-06-24T14:39:54.872+0000] {logging_mixin.py:188} INFO - Nama kolom di DataFrame: Index(['territoryID', 'territoryDescription', 'regionID'], dtype='object')
[2024-06-24T14:39:55.300+0000] {cursor.py:1149} INFO - Number of results in first chunk: 1
[2024-06-24T14:39:56.109+0000] {ssl_wrap_socket.py:100} INFO - THIS CONNECTION IS IN INSECURE MODE. IT MEANS THE CERTIFICATE WILL BE VALIDATED BUT THE CERTIFICATE REVOCATION STATUS WILL NOT BE CHECKED.
[2024-06-24T14:39:58.804+0000] {cursor.py:1149} INFO - Number of results in first chunk: 1
[2024-06-24T14:39:59.484+0000] {cursor.py:1149} INFO - Number of results in first chunk: 3
[2024-06-24T14:39:59.857+0000] {cursor.py:1149} INFO - Number of results in first chunk: 1
[2024-06-24T14:40:00.417+0000] {cursor.py:1149} INFO - Number of results in first chunk: 1
[2024-06-24T14:40:01.933+0000] {cursor.py:1149} INFO - Number of results in first chunk: 1
[2024-06-24T14:40:01.939+0000] {logging_mixin.py:188} INFO - Done territories.
[2024-06-24T14:40:01.941+0000] {connection.py:762} INFO - closed
[2024-06-24T14:40:02.277+0000] {connection.py:768} INFO - No async queries seem to be running, deleting session
[2024-06-24T14:40:02.618+0000] {python.py:237} INFO - Done. Returned value was: None
[2024-06-24T14:40:02.628+0000] {taskinstance.py:441} INFO - ::group::Post task execution logs
[2024-06-24T14:40:02.693+0000] {taskinstance.py:1206} INFO - Marking task as SUCCESS. dag_id=ELT-PROJECT, task_id=load.load_territories, run_id=manual__2024-06-24T14:38:58.078871+00:00, execution_date=20240624T143858, start_date=20240624T143950, end_date=20240624T144002
[2024-06-24T14:40:02.864+0000] {local_task_job_runner.py:240} INFO - Task exited with return code 0
[2024-06-24T14:40:03.174+0000] {taskinstance.py:3503} INFO - 0 downstream tasks scheduled from follow-on schedule check
[2024-06-24T14:40:03.178+0000] {local_task_job_runner.py:222} INFO - ::endgroup::
