[2024-06-24T14:06:05.721+0000] {local_task_job_runner.py:120} INFO - ::group::Pre task execution logs
[2024-06-24T14:06:05.846+0000] {taskinstance.py:2076} INFO - Dependencies all met for dep_context=non-requeueable deps ti=<TaskInstance: ELT-PROJECT.load.load_suppliers manual__2024-06-24T14:05:31.711528+00:00 [queued]>
[2024-06-24T14:06:05.896+0000] {taskinstance.py:2076} INFO - Dependencies all met for dep_context=requeueable deps ti=<TaskInstance: ELT-PROJECT.load.load_suppliers manual__2024-06-24T14:05:31.711528+00:00 [queued]>
[2024-06-24T14:06:05.905+0000] {taskinstance.py:2306} INFO - Starting attempt 1 of 2
[2024-06-24T14:06:05.965+0000] {taskinstance.py:2330} INFO - Executing <Task(_PythonDecoratedOperator): load.load_suppliers> on 2024-06-24 14:05:31.711528+00:00
[2024-06-24T14:06:05.984+0000] {logging_mixin.py:188} WARNING - /home/airflow/.local/lib/python3.12/site-packages/airflow/task/task_runner/standard_task_runner.py:61 DeprecationWarning: This process (pid=601) is multi-threaded, use of fork() may lead to deadlocks in the child.
[2024-06-24T14:06:05.987+0000] {standard_task_runner.py:63} INFO - Started process 623 to run task
[2024-06-24T14:06:05.995+0000] {standard_task_runner.py:90} INFO - Running: ['airflow', 'tasks', 'run', 'ELT-PROJECT', 'load.load_suppliers', 'manual__2024-06-24T14:05:31.711528+00:00', '--job-id', '117', '--raw', '--subdir', 'DAGS_FOLDER/elt.py', '--cfg-path', '/tmp/tmpwkhwvjrh']
[2024-06-24T14:06:06.005+0000] {standard_task_runner.py:91} INFO - Job 117: Subtask load.load_suppliers
[2024-06-24T14:06:06.184+0000] {logging_mixin.py:188} WARNING - /home/airflow/.local/lib/python3.12/site-packages/airflow/settings.py:195 DeprecationWarning: The sql_alchemy_conn option in [core] has been moved to the sql_alchemy_conn option in [database] - the old setting has been used, but please update your config.
[2024-06-24T14:06:06.633+0000] {task_command.py:426} INFO - Running <TaskInstance: ELT-PROJECT.load.load_suppliers manual__2024-06-24T14:05:31.711528+00:00 [running]> on host airflow-scheduler
[2024-06-24T14:06:09.210+0000] {taskinstance.py:2648} INFO - Exporting env vars: AIRFLOW_CTX_DAG_OWNER='Data-Ninja' AIRFLOW_CTX_DAG_ID='ELT-PROJECT' AIRFLOW_CTX_TASK_ID='load.load_suppliers' AIRFLOW_CTX_EXECUTION_DATE='2024-06-24T14:05:31.711528+00:00' AIRFLOW_CTX_TRY_NUMBER='1' AIRFLOW_CTX_DAG_RUN_ID='manual__2024-06-24T14:05:31.711528+00:00'
[2024-06-24T14:06:09.216+0000] {taskinstance.py:430} INFO - ::endgroup::
[2024-06-24T14:06:09.223+0000] {connection.py:399} INFO - Snowflake Connector for Python Version: 3.10.1, Python Version: 3.12.4, Platform: Linux-5.15.133.1-microsoft-standard-WSL2-x86_64-with-glibc2.36
[2024-06-24T14:06:09.229+0000] {connection.py:1249} INFO - THIS CONNECTION IS IN INSECURE MODE. IT MEANS THE CERTIFICATE WILL BE VALIDATED BUT THE CERTIFICATE REVOCATION STATUS WILL NOT BE CHECKED.
[2024-06-24T14:06:09.515+0000] {ssl_wrap_socket.py:100} INFO - THIS CONNECTION IS IN INSECURE MODE. IT MEANS THE CERTIFICATE WILL BE VALIDATED BUT THE CERTIFICATE REVOCATION STATUS WILL NOT BE CHECKED.
[2024-06-24T14:06:09.942+0000] {logging_mixin.py:188} INFO - Nama kolom di DataFrame: Index(['supplierID', 'companyName', 'contactName', 'contactTitle', 'address',
       'city', 'region', 'postalCode', 'country', 'phone', 'fax', 'homePage'],
      dtype='object')
[2024-06-24T14:06:10.360+0000] {cursor.py:1149} INFO - Number of results in first chunk: 1
[2024-06-24T14:06:11.337+0000] {ssl_wrap_socket.py:100} INFO - THIS CONNECTION IS IN INSECURE MODE. IT MEANS THE CERTIFICATE WILL BE VALIDATED BUT THE CERTIFICATE REVOCATION STATUS WILL NOT BE CHECKED.
[2024-06-24T14:06:14.049+0000] {cursor.py:1149} INFO - Number of results in first chunk: 1
[2024-06-24T14:06:15.046+0000] {cursor.py:1149} INFO - Number of results in first chunk: 12
[2024-06-24T14:06:15.433+0000] {cursor.py:1149} INFO - Number of results in first chunk: 1
[2024-06-24T14:06:16.284+0000] {cursor.py:1149} INFO - Number of results in first chunk: 1
[2024-06-24T14:06:17.603+0000] {cursor.py:1149} INFO - Number of results in first chunk: 1
[2024-06-24T14:06:17.605+0000] {logging_mixin.py:188} INFO - Done suppliers.
[2024-06-24T14:06:17.606+0000] {connection.py:762} INFO - closed
[2024-06-24T14:06:17.943+0000] {connection.py:768} INFO - No async queries seem to be running, deleting session
[2024-06-24T14:06:18.285+0000] {python.py:237} INFO - Done. Returned value was: None
[2024-06-24T14:06:18.288+0000] {taskinstance.py:441} INFO - ::group::Post task execution logs
[2024-06-24T14:06:18.325+0000] {taskinstance.py:1206} INFO - Marking task as SUCCESS. dag_id=ELT-PROJECT, task_id=load.load_suppliers, run_id=manual__2024-06-24T14:05:31.711528+00:00, execution_date=20240624T140531, start_date=20240624T140605, end_date=20240624T140618
[2024-06-24T14:06:18.465+0000] {local_task_job_runner.py:240} INFO - Task exited with return code 0
[2024-06-24T14:06:18.628+0000] {taskinstance.py:3503} INFO - 0 downstream tasks scheduled from follow-on schedule check
[2024-06-24T14:06:18.633+0000] {local_task_job_runner.py:222} INFO - ::endgroup::
