[2024-07-14T04:22:33.548+0000] {local_task_job_runner.py:120} INFO - ::group::Pre task execution logs
[2024-07-14T04:22:33.783+0000] {taskinstance.py:2076} INFO - Dependencies all met for dep_context=non-requeueable deps ti=<TaskInstance: ELT-PROJECT.transform.fact_orders.run scheduled__2024-06-27T00:00:00+00:00 [queued]>
[2024-07-14T04:22:33.916+0000] {taskinstance.py:2076} INFO - Dependencies all met for dep_context=requeueable deps ti=<TaskInstance: ELT-PROJECT.transform.fact_orders.run scheduled__2024-06-27T00:00:00+00:00 [queued]>
[2024-07-14T04:22:33.930+0000] {taskinstance.py:2306} INFO - Starting attempt 1 of 2
[2024-07-14T04:22:35.496+0000] {taskinstance.py:2330} INFO - Executing <Task(DbtRunLocalOperator): transform.fact_orders.run> on 2024-06-27 00:00:00+00:00
[2024-07-14T04:22:35.528+0000] {logging_mixin.py:188} WARNING - /home/airflow/.local/lib/python3.12/site-packages/airflow/task/task_runner/standard_task_runner.py:61 DeprecationWarning: This process (pid=16520) is multi-threaded, use of fork() may lead to deadlocks in the child.
[2024-07-14T04:22:35.532+0000] {standard_task_runner.py:63} INFO - Started process 16543 to run task
[2024-07-14T04:22:35.540+0000] {standard_task_runner.py:90} INFO - Running: ['airflow', 'tasks', 'run', 'ELT-PROJECT', 'transform.fact_orders.run', 'scheduled__2024-06-27T00:00:00+00:00', '--job-id', '1298', '--raw', '--subdir', 'DAGS_FOLDER/elt.py', '--cfg-path', '/tmp/tmprkiajseu']
[2024-07-14T04:22:35.549+0000] {standard_task_runner.py:91} INFO - Job 1298: Subtask transform.fact_orders.run
[2024-07-14T04:22:35.621+0000] {logging_mixin.py:188} WARNING - /home/airflow/.local/lib/python3.12/site-packages/airflow/settings.py:195 DeprecationWarning: The sql_alchemy_conn option in [core] has been moved to the sql_alchemy_conn option in [database] - the old setting has been used, but please update your config.
[2024-07-14T04:22:35.810+0000] {task_command.py:426} INFO - Running <TaskInstance: ELT-PROJECT.transform.fact_orders.run scheduled__2024-06-27T00:00:00+00:00 [running]> on host airflow-scheduler
[2024-07-14T04:22:36.297+0000] {taskinstance.py:2648} INFO - Exporting env vars: AIRFLOW_CTX_DAG_OWNER='Data-Ninja' AIRFLOW_CTX_DAG_ID='ELT-PROJECT' AIRFLOW_CTX_TASK_ID='transform.fact_orders.run' AIRFLOW_CTX_EXECUTION_DATE='2024-06-27T00:00:00+00:00' AIRFLOW_CTX_TRY_NUMBER='1' AIRFLOW_CTX_DAG_RUN_ID='scheduled__2024-06-27T00:00:00+00:00'
[2024-07-14T04:22:36.309+0000] {taskinstance.py:430} INFO - ::endgroup::
[2024-07-14T04:22:36.327+0000] {local.py:174} INFO - Could not import dbtRunner. Falling back to subprocess for invoking dbt.
[2024-07-14T04:22:36.353+0000] {local.py:292} INFO - Cloning project to writable temp directory /tmp/tmp63a_o0h5 from /opt/airflow/dags/dbt/dbt_project
[2024-07-14T04:22:36.373+0000] {local.py:303} INFO - Partial parse is enabled and the latest partial parse file is /tmp/cosmos/ELT-PROJECT__transform/target/partial_parse.msgpack
[2024-07-14T04:22:36.581+0000] {base.py:84} INFO - Using connection ID 'snow_conn' for task execution.
[2024-07-14T04:22:36.594+0000] {crypto.py:82} WARNING - empty cryptography key - values will not be stored encrypted.
[2024-07-14T04:22:36.597+0000] {config.py:298} INFO - Profile caching is enable.
[2024-07-14T04:22:36.624+0000] {config.py:272} INFO - Profile found in cache using profile: /tmp/cosmos/profile/a0017dab0633177292578162811b91dcb9c56d6e54017e9660056cc364a762ad/profiles.yml.
[2024-07-14T04:22:36.630+0000] {local.py:247} INFO - Trying to run the command:
 ['/opt/airflow/dbt_venv/bin/dbt', 'deps', '--project-dir', '/tmp/tmp63a_o0h5', '--profiles-dir', '/tmp/cosmos/profile/a0017dab0633177292578162811b91dcb9c56d6e54017e9660056cc364a762ad', '--profile', 'dbt_project', '--target', 'dev']
From /tmp/tmp63a_o0h5
[2024-07-14T04:22:36.636+0000] {subprocess.py:60} INFO - Tmp dir root location: 
 /tmp
[2024-07-14T04:22:36.644+0000] {subprocess.py:73} INFO - Running command: ['/opt/airflow/dbt_venv/bin/dbt', 'deps', '--project-dir', '/tmp/tmp63a_o0h5', '--profiles-dir', '/tmp/cosmos/profile/a0017dab0633177292578162811b91dcb9c56d6e54017e9660056cc364a762ad', '--profile', 'dbt_project', '--target', 'dev']
[2024-07-14T04:22:36.712+0000] {subprocess.py:84} INFO - Command output:
[2024-07-14T04:22:48.220+0000] {subprocess.py:94} INFO - [0m04:22:48  Running with dbt=1.8.3
[2024-07-14T04:22:49.817+0000] {subprocess.py:94} INFO - [0m04:22:49  Updating lock file in file path: /tmp/tmp63a_o0h5/package-lock.yml
[2024-07-14T04:22:49.865+0000] {subprocess.py:94} INFO - [0m04:22:49  Installing dbt-labs/dbt_utils
[2024-07-14T04:22:50.798+0000] {subprocess.py:94} INFO - [0m04:22:50  Installed from version 0.8.6
[2024-07-14T04:22:50.806+0000] {subprocess.py:94} INFO - [0m04:22:50  Updated version available: 1.2.0
[2024-07-14T04:22:50.811+0000] {subprocess.py:94} INFO - [0m04:22:50
[2024-07-14T04:22:50.823+0000] {subprocess.py:94} INFO - [0m04:22:50  Updates available for packages: ['dbt-labs/dbt_utils']
[2024-07-14T04:22:50.826+0000] {subprocess.py:94} INFO - Update your versions in packages.yml, then run dbt deps
[2024-07-14T04:22:53.297+0000] {subprocess.py:98} INFO - Command exited with return code 0
[2024-07-14T04:22:53.300+0000] {local.py:254} INFO - Update your versions in packages.yml, then run dbt deps
[2024-07-14T04:22:53.303+0000] {local.py:247} INFO - Trying to run the command:
 ['/opt/airflow/dbt_venv/bin/dbt', 'run', '--models', 'fact_orders', '--project-dir', '/tmp/tmp63a_o0h5', '--profiles-dir', '/tmp/cosmos/profile/a0017dab0633177292578162811b91dcb9c56d6e54017e9660056cc364a762ad', '--profile', 'dbt_project', '--target', 'dev']
From /tmp/tmp63a_o0h5
[2024-07-14T04:22:53.306+0000] {subprocess.py:60} INFO - Tmp dir root location: 
 /tmp
[2024-07-14T04:22:53.308+0000] {subprocess.py:73} INFO - Running command: ['/opt/airflow/dbt_venv/bin/dbt', 'run', '--models', 'fact_orders', '--project-dir', '/tmp/tmp63a_o0h5', '--profiles-dir', '/tmp/cosmos/profile/a0017dab0633177292578162811b91dcb9c56d6e54017e9660056cc364a762ad', '--profile', 'dbt_project', '--target', 'dev']
[2024-07-14T04:22:53.370+0000] {subprocess.py:84} INFO - Command output:
[2024-07-14T04:23:08.508+0000] {subprocess.py:94} INFO - [0m04:23:08  Running with dbt=1.8.3
[2024-07-14T04:23:10.884+0000] {subprocess.py:94} INFO - [0m04:23:10  Registered adapter: snowflake=1.8.3
[2024-07-14T04:23:15.586+0000] {subprocess.py:94} INFO - [0m04:23:15  Found 20 models, 27 data tests, 11 sources, 684 macros
[2024-07-14T04:23:15.604+0000] {subprocess.py:94} INFO - [0m04:23:15
[2024-07-14T04:23:24.606+0000] {subprocess.py:94} INFO - [0m04:23:24  Concurrency: 1 threads (target='dev')
[2024-07-14T04:23:24.616+0000] {subprocess.py:94} INFO - [0m04:23:24
[2024-07-14T04:23:24.714+0000] {subprocess.py:94} INFO - [0m04:23:24  1 of 1 START sql table model dwh.fact_orders ................................... [RUN]
[2024-07-14T04:23:28.541+0000] {subprocess.py:94} INFO - [0m04:23:28  1 of 1 OK created sql table model dwh.fact_orders .............................. [[32mSUCCESS 1[0m in 3.82s]
[2024-07-14T04:23:28.596+0000] {subprocess.py:94} INFO - [0m04:23:28
[2024-07-14T04:23:28.598+0000] {subprocess.py:94} INFO - [0m04:23:28  Finished running 1 table model in 0 hours 0 minutes and 12.99 seconds (12.99s).
[2024-07-14T04:23:29.439+0000] {subprocess.py:94} INFO - [0m04:23:29
[2024-07-14T04:23:29.443+0000] {subprocess.py:94} INFO - [0m04:23:29  [32mCompleted successfully[0m
[2024-07-14T04:23:29.445+0000] {subprocess.py:94} INFO - [0m04:23:29
[2024-07-14T04:23:29.452+0000] {subprocess.py:94} INFO - [0m04:23:29  Done. PASS=1 WARN=0 ERROR=0 SKIP=0 TOTAL=1
[2024-07-14T04:23:32.293+0000] {subprocess.py:98} INFO - Command exited with return code 0
[2024-07-14T04:23:32.297+0000] {local.py:254} INFO - [0m04:23:29  Done. PASS=1 WARN=0 ERROR=0 SKIP=0 TOTAL=1
[2024-07-14T04:23:33.575+0000] {local.py:196} WARNING - Artifact schema version: https://schemas.getdbt.com/dbt/manifest/v12.json is above dbt-ol supported version 7. This might cause errors.
[2024-07-14T04:23:33.591+0000] {local.py:196} WARNING - Artifact schema version: https://schemas.getdbt.com/dbt/run-results/v6.json is above dbt-ol supported version 5. This might cause errors.
[2024-07-14T04:23:33.665+0000] {local.py:349} INFO - Inlets: [Dataset(uri='snowflake://OU00370.europe-west2.gcp/ELT_BATCH.dwh.dim_employees', extra=None), Dataset(uri='snowflake://OU00370.europe-west2.gcp/ELT_BATCH.raw.raw_orders', extra=None)]
[2024-07-14T04:23:33.677+0000] {local.py:350} INFO - Outlets: [Dataset(uri='snowflake://OU00370.europe-west2.gcp/ELT_BATCH.dwh.fact_orders', extra=None)]
[2024-07-14T04:23:33.702+0000] {dag.py:3096} INFO - Sync 1 DAGs
[2024-07-14T04:23:34.225+0000] {taskinstance.py:441} INFO - ::group::Post task execution logs
[2024-07-14T04:23:34.438+0000] {taskinstance.py:1206} INFO - Marking task as SUCCESS. dag_id=ELT-PROJECT, task_id=transform.fact_orders.run, run_id=scheduled__2024-06-27T00:00:00+00:00, execution_date=20240627T000000, start_date=20240714T042233, end_date=20240714T042334
[2024-07-14T04:23:36.695+0000] {local_task_job_runner.py:240} INFO - Task exited with return code 0
[2024-07-14T04:23:36.960+0000] {taskinstance.py:3503} INFO - 1 downstream tasks scheduled from follow-on schedule check
[2024-07-14T04:23:36.994+0000] {local_task_job_runner.py:222} INFO - ::endgroup::
