[2024-07-14T03:25:34.082+0000] {local_task_job_runner.py:120} INFO - ::group::Pre task execution logs
[2024-07-14T03:25:34.170+0000] {taskinstance.py:2076} INFO - Dependencies all met for dep_context=non-requeueable deps ti=<TaskInstance: ELT-PROJECT.load.load_categories manual__2024-07-14T03:25:17.009601+00:00 [queued]>
[2024-07-14T03:25:34.249+0000] {taskinstance.py:2076} INFO - Dependencies all met for dep_context=requeueable deps ti=<TaskInstance: ELT-PROJECT.load.load_categories manual__2024-07-14T03:25:17.009601+00:00 [queued]>
[2024-07-14T03:25:34.264+0000] {taskinstance.py:2306} INFO - Starting attempt 1 of 2
[2024-07-14T03:25:34.356+0000] {taskinstance.py:2330} INFO - Executing <Task(_PythonDecoratedOperator): load.load_categories> on 2024-07-14 03:25:17.009601+00:00
[2024-07-14T03:25:34.432+0000] {logging_mixin.py:188} WARNING - /home/airflow/.local/lib/python3.12/site-packages/airflow/task/task_runner/standard_task_runner.py:61 DeprecationWarning: This process (pid=6716) is multi-threaded, use of fork() may lead to deadlocks in the child.
[2024-07-14T03:25:34.440+0000] {standard_task_runner.py:63} INFO - Started process 6757 to run task
[2024-07-14T03:25:34.410+0000] {standard_task_runner.py:90} INFO - Running: ['airflow', 'tasks', 'run', 'ELT-PROJECT', 'load.load_categories', 'manual__2024-07-14T03:25:17.009601+00:00', '--job-id', '568', '--raw', '--subdir', 'DAGS_FOLDER/elt.py', '--cfg-path', '/tmp/tmpt_dgbsqn']
[2024-07-14T03:25:34.460+0000] {standard_task_runner.py:91} INFO - Job 568: Subtask load.load_categories
[2024-07-14T03:25:34.544+0000] {logging_mixin.py:188} WARNING - /home/airflow/.local/lib/python3.12/site-packages/airflow/settings.py:195 DeprecationWarning: The sql_alchemy_conn option in [core] has been moved to the sql_alchemy_conn option in [database] - the old setting has been used, but please update your config.
[2024-07-14T03:25:34.791+0000] {task_command.py:426} INFO - Running <TaskInstance: ELT-PROJECT.load.load_categories manual__2024-07-14T03:25:17.009601+00:00 [running]> on host airflow-scheduler
[2024-07-14T03:25:36.354+0000] {taskinstance.py:2648} INFO - Exporting env vars: AIRFLOW_CTX_DAG_OWNER='Data-Ninja' AIRFLOW_CTX_DAG_ID='ELT-PROJECT' AIRFLOW_CTX_TASK_ID='load.load_categories' AIRFLOW_CTX_EXECUTION_DATE='2024-07-14T03:25:17.009601+00:00' AIRFLOW_CTX_TRY_NUMBER='1' AIRFLOW_CTX_DAG_RUN_ID='manual__2024-07-14T03:25:17.009601+00:00'
[2024-07-14T03:25:36.359+0000] {taskinstance.py:430} INFO - ::endgroup::
[2024-07-14T03:25:36.361+0000] {connection.py:399} INFO - Snowflake Connector for Python Version: 3.10.1, Python Version: 3.12.4, Platform: Linux-5.15.133.1-microsoft-standard-WSL2-x86_64-with-glibc2.36
[2024-07-14T03:25:36.375+0000] {connection.py:1249} INFO - THIS CONNECTION IS IN INSECURE MODE. IT MEANS THE CERTIFICATE WILL BE VALIDATED BUT THE CERTIFICATE REVOCATION STATUS WILL NOT BE CHECKED.
[2024-07-14T03:25:36.483+0000] {ssl_wrap_socket.py:100} INFO - THIS CONNECTION IS IN INSECURE MODE. IT MEANS THE CERTIFICATE WILL BE VALIDATED BUT THE CERTIFICATE REVOCATION STATUS WILL NOT BE CHECKED.
[2024-07-14T03:25:37.043+0000] {logging_mixin.py:188} INFO - Nama kolom di DataFrame: Index(['categoryID', 'categoryName', 'description', 'picture'], dtype='object')
[2024-07-14T03:25:37.471+0000] {cursor.py:1149} INFO - Number of results in first chunk: 1
[2024-07-14T03:25:38.139+0000] {ssl_wrap_socket.py:100} INFO - THIS CONNECTION IS IN INSECURE MODE. IT MEANS THE CERTIFICATE WILL BE VALIDATED BUT THE CERTIFICATE REVOCATION STATUS WILL NOT BE CHECKED.
[2024-07-14T03:25:40.780+0000] {cursor.py:1149} INFO - Number of results in first chunk: 1
[2024-07-14T03:25:41.714+0000] {cursor.py:1149} INFO - Number of results in first chunk: 4
[2024-07-14T03:25:42.089+0000] {cursor.py:1149} INFO - Number of results in first chunk: 1
[2024-07-14T03:25:42.638+0000] {cursor.py:1149} INFO - Number of results in first chunk: 1
[2024-07-14T03:25:43.962+0000] {cursor.py:1149} INFO - Number of results in first chunk: 1
[2024-07-14T03:25:43.965+0000] {logging_mixin.py:188} INFO - Done categories.
[2024-07-14T03:25:43.968+0000] {connection.py:762} INFO - closed
[2024-07-14T03:25:44.329+0000] {connection.py:768} INFO - No async queries seem to be running, deleting session
[2024-07-14T03:25:44.683+0000] {python.py:237} INFO - Done. Returned value was: None
[2024-07-14T03:25:44.687+0000] {taskinstance.py:441} INFO - ::group::Post task execution logs
[2024-07-14T03:25:44.730+0000] {taskinstance.py:1206} INFO - Marking task as SUCCESS. dag_id=ELT-PROJECT, task_id=load.load_categories, run_id=manual__2024-07-14T03:25:17.009601+00:00, execution_date=20240714T032517, start_date=20240714T032534, end_date=20240714T032544
[2024-07-14T03:25:44.819+0000] {local_task_job_runner.py:240} INFO - Task exited with return code 0
[2024-07-14T03:25:44.876+0000] {local_task_job_runner.py:222} INFO - ::endgroup::
