[2024-07-14T03:25:55.794+0000] {local_task_job_runner.py:120} INFO - ::group::Pre task execution logs
[2024-07-14T03:25:55.911+0000] {taskinstance.py:2076} INFO - Dependencies all met for dep_context=non-requeueable deps ti=<TaskInstance: ELT-PROJECT.transform.raw_suppliers.run manual__2024-07-14T03:25:17.009601+00:00 [queued]>
[2024-07-14T03:25:55.979+0000] {taskinstance.py:2076} INFO - Dependencies all met for dep_context=requeueable deps ti=<TaskInstance: ELT-PROJECT.transform.raw_suppliers.run manual__2024-07-14T03:25:17.009601+00:00 [queued]>
[2024-07-14T03:25:55.981+0000] {taskinstance.py:2306} INFO - Starting attempt 1 of 2
[2024-07-14T03:25:56.048+0000] {taskinstance.py:2330} INFO - Executing <Task(DbtRunLocalOperator): transform.raw_suppliers.run> on 2024-07-14 03:25:17.009601+00:00
[2024-07-14T03:25:56.077+0000] {logging_mixin.py:188} WARNING - /home/airflow/.local/lib/python3.12/site-packages/airflow/task/task_runner/standard_task_runner.py:61 DeprecationWarning: This process (pid=6879) is multi-threaded, use of fork() may lead to deadlocks in the child.
[2024-07-14T03:25:56.080+0000] {standard_task_runner.py:63} INFO - Started process 6898 to run task
[2024-07-14T03:25:56.081+0000] {standard_task_runner.py:90} INFO - Running: ['airflow', 'tasks', 'run', 'ELT-PROJECT', 'transform.raw_suppliers.run', 'manual__2024-07-14T03:25:17.009601+00:00', '--job-id', '580', '--raw', '--subdir', 'DAGS_FOLDER/elt.py', '--cfg-path', '/tmp/tmpmueg5r5c']
[2024-07-14T03:25:56.116+0000] {standard_task_runner.py:91} INFO - Job 580: Subtask transform.raw_suppliers.run
[2024-07-14T03:25:56.218+0000] {logging_mixin.py:188} WARNING - /home/airflow/.local/lib/python3.12/site-packages/airflow/settings.py:195 DeprecationWarning: The sql_alchemy_conn option in [core] has been moved to the sql_alchemy_conn option in [database] - the old setting has been used, but please update your config.
[2024-07-14T03:25:56.389+0000] {task_command.py:426} INFO - Running <TaskInstance: ELT-PROJECT.transform.raw_suppliers.run manual__2024-07-14T03:25:17.009601+00:00 [running]> on host airflow-scheduler
[2024-07-14T03:25:56.822+0000] {taskinstance.py:2648} INFO - Exporting env vars: AIRFLOW_CTX_DAG_OWNER='Data-Ninja' AIRFLOW_CTX_DAG_ID='ELT-PROJECT' AIRFLOW_CTX_TASK_ID='transform.raw_suppliers.run' AIRFLOW_CTX_EXECUTION_DATE='2024-07-14T03:25:17.009601+00:00' AIRFLOW_CTX_TRY_NUMBER='1' AIRFLOW_CTX_DAG_RUN_ID='manual__2024-07-14T03:25:17.009601+00:00'
[2024-07-14T03:25:56.826+0000] {taskinstance.py:430} INFO - ::endgroup::
[2024-07-14T03:25:56.831+0000] {local.py:174} INFO - Could not import dbtRunner. Falling back to subprocess for invoking dbt.
[2024-07-14T03:25:56.834+0000] {local.py:292} INFO - Cloning project to writable temp directory /tmp/tmpk1ruexi6 from /opt/airflow/dags/dbt/dbt_project
[2024-07-14T03:25:56.857+0000] {local.py:303} INFO - Partial parse is enabled and the latest partial parse file is /tmp/cosmos/ELT-PROJECT__transform/target/partial_parse.msgpack
[2024-07-14T03:25:57.797+0000] {base.py:84} INFO - Using connection ID 'snow_conn' for task execution.
[2024-07-14T03:25:57.799+0000] {crypto.py:82} WARNING - empty cryptography key - values will not be stored encrypted.
[2024-07-14T03:25:57.803+0000] {config.py:298} INFO - Profile caching is enable.
[2024-07-14T03:25:57.810+0000] {config.py:272} INFO - Profile found in cache using profile: /tmp/cosmos/profile/a0017dab0633177292578162811b91dcb9c56d6e54017e9660056cc364a762ad/profiles.yml.
[2024-07-14T03:25:57.819+0000] {local.py:247} INFO - Trying to run the command:
 ['/opt/airflow/dbt_venv/bin/dbt', 'deps', '--project-dir', '/tmp/tmpk1ruexi6', '--profiles-dir', '/tmp/cosmos/profile/a0017dab0633177292578162811b91dcb9c56d6e54017e9660056cc364a762ad', '--profile', 'dbt_project', '--target', 'dev']
From /tmp/tmpk1ruexi6
[2024-07-14T03:25:57.825+0000] {subprocess.py:60} INFO - Tmp dir root location: 
 /tmp
[2024-07-14T03:25:57.831+0000] {subprocess.py:73} INFO - Running command: ['/opt/airflow/dbt_venv/bin/dbt', 'deps', '--project-dir', '/tmp/tmpk1ruexi6', '--profiles-dir', '/tmp/cosmos/profile/a0017dab0633177292578162811b91dcb9c56d6e54017e9660056cc364a762ad', '--profile', 'dbt_project', '--target', 'dev']
[2024-07-14T03:25:57.917+0000] {subprocess.py:84} INFO - Command output:
[2024-07-14T03:26:09.513+0000] {subprocess.py:94} INFO - [0m03:26:09  Running with dbt=1.8.3
[2024-07-14T03:26:10.324+0000] {subprocess.py:94} INFO - [0m03:26:10  Updating lock file in file path: /tmp/tmpk1ruexi6/package-lock.yml
[2024-07-14T03:26:10.346+0000] {subprocess.py:94} INFO - [0m03:26:10  Installing dbt-labs/dbt_utils
[2024-07-14T03:26:14.892+0000] {subprocess.py:94} INFO - [0m03:26:14  Installed from version 0.8.6
[2024-07-14T03:26:14.895+0000] {subprocess.py:94} INFO - [0m03:26:14  Updated version available: 1.2.0
[2024-07-14T03:26:14.897+0000] {subprocess.py:94} INFO - [0m03:26:14
[2024-07-14T03:26:14.900+0000] {subprocess.py:94} INFO - [0m03:26:14  Updates available for packages: ['dbt-labs/dbt_utils']
[2024-07-14T03:26:14.903+0000] {subprocess.py:94} INFO - Update your versions in packages.yml, then run dbt deps
[2024-07-14T03:26:17.289+0000] {subprocess.py:98} INFO - Command exited with return code 0
[2024-07-14T03:26:17.294+0000] {local.py:254} INFO - Update your versions in packages.yml, then run dbt deps
[2024-07-14T03:26:17.307+0000] {local.py:247} INFO - Trying to run the command:
 ['/opt/airflow/dbt_venv/bin/dbt', 'run', '--models', 'raw_suppliers', '--project-dir', '/tmp/tmpk1ruexi6', '--profiles-dir', '/tmp/cosmos/profile/a0017dab0633177292578162811b91dcb9c56d6e54017e9660056cc364a762ad', '--profile', 'dbt_project', '--target', 'dev']
From /tmp/tmpk1ruexi6
[2024-07-14T03:26:17.334+0000] {subprocess.py:60} INFO - Tmp dir root location: 
 /tmp
[2024-07-14T03:26:17.345+0000] {subprocess.py:73} INFO - Running command: ['/opt/airflow/dbt_venv/bin/dbt', 'run', '--models', 'raw_suppliers', '--project-dir', '/tmp/tmpk1ruexi6', '--profiles-dir', '/tmp/cosmos/profile/a0017dab0633177292578162811b91dcb9c56d6e54017e9660056cc364a762ad', '--profile', 'dbt_project', '--target', 'dev']
[2024-07-14T03:26:17.433+0000] {subprocess.py:84} INFO - Command output:
[2024-07-14T03:26:29.622+0000] {subprocess.py:94} INFO - [0m03:26:29  Running with dbt=1.8.3
[2024-07-14T03:26:32.171+0000] {subprocess.py:94} INFO - [0m03:26:32  Registered adapter: snowflake=1.8.3
[2024-07-14T03:26:39.487+0000] {subprocess.py:94} INFO - [0m03:26:39  Found 20 models, 27 data tests, 11 sources, 684 macros
[2024-07-14T03:26:39.502+0000] {subprocess.py:94} INFO - [0m03:26:39
[2024-07-14T03:26:47.371+0000] {subprocess.py:94} INFO - [0m03:26:47  Concurrency: 1 threads (target='dev')
[2024-07-14T03:26:47.380+0000] {subprocess.py:94} INFO - [0m03:26:47
[2024-07-14T03:26:47.465+0000] {subprocess.py:94} INFO - [0m03:26:47  1 of 1 START sql table model raw.raw_suppliers ................................. [RUN]
[2024-07-14T03:26:50.707+0000] {subprocess.py:94} INFO - [0m03:26:50  1 of 1 OK created sql table model raw.raw_suppliers ............................ [[32mSUCCESS 1[0m in 3.23s]
[2024-07-14T03:26:50.720+0000] {subprocess.py:94} INFO - [0m03:26:50
[2024-07-14T03:26:50.722+0000] {subprocess.py:94} INFO - [0m03:26:50  Finished running 1 table model in 0 hours 0 minutes and 11.21 seconds (11.21s).
[2024-07-14T03:26:50.903+0000] {subprocess.py:94} INFO - [0m03:26:50
[2024-07-14T03:26:50.905+0000] {subprocess.py:94} INFO - [0m03:26:50  [32mCompleted successfully[0m
[2024-07-14T03:26:50.907+0000] {subprocess.py:94} INFO - [0m03:26:50
[2024-07-14T03:26:50.909+0000] {subprocess.py:94} INFO - [0m03:26:50  Done. PASS=1 WARN=0 ERROR=0 SKIP=0 TOTAL=1
[2024-07-14T03:26:53.254+0000] {subprocess.py:98} INFO - Command exited with return code 0
[2024-07-14T03:26:53.261+0000] {local.py:254} INFO - [0m03:26:50  Done. PASS=1 WARN=0 ERROR=0 SKIP=0 TOTAL=1
[2024-07-14T03:26:53.408+0000] {local.py:196} WARNING - Artifact schema version: https://schemas.getdbt.com/dbt/manifest/v12.json is above dbt-ol supported version 7. This might cause errors.
[2024-07-14T03:26:53.409+0000] {local.py:196} WARNING - Artifact schema version: https://schemas.getdbt.com/dbt/run-results/v6.json is above dbt-ol supported version 5. This might cause errors.
[2024-07-14T03:26:53.450+0000] {local.py:349} INFO - Inlets: [Dataset(uri='snowflake://OU00370.europe-west2.gcp/ELT_BATCH.PUBLIC.suppliers', extra=None)]
[2024-07-14T03:26:53.458+0000] {local.py:350} INFO - Outlets: [Dataset(uri='snowflake://OU00370.europe-west2.gcp/ELT_BATCH.raw.raw_suppliers', extra=None)]
[2024-07-14T03:26:53.461+0000] {dag.py:3096} INFO - Sync 1 DAGs
[2024-07-14T03:26:53.804+0000] {dag.py:3954} INFO - Setting next_dagrun for ELT-PROJECT to None, run_after=None
[2024-07-14T03:26:54.208+0000] {taskinstance.py:441} INFO - ::group::Post task execution logs
[2024-07-14T03:26:54.383+0000] {taskinstance.py:1206} INFO - Marking task as SUCCESS. dag_id=ELT-PROJECT, task_id=transform.raw_suppliers.run, run_id=manual__2024-07-14T03:25:17.009601+00:00, execution_date=20240714T032517, start_date=20240714T032555, end_date=20240714T032654
[2024-07-14T03:26:54.581+0000] {local_task_job_runner.py:240} INFO - Task exited with return code 0
[2024-07-14T03:26:54.663+0000] {local_task_job_runner.py:222} INFO - ::endgroup::
