[2024-07-14T04:04:35.821+0000] {local_task_job_runner.py:120} INFO - ::group::Pre task execution logs
[2024-07-14T04:04:36.057+0000] {taskinstance.py:2076} INFO - Dependencies all met for dep_context=non-requeueable deps ti=<TaskInstance: ELT-PROJECT.transform.raw_employees.run scheduled__2024-07-05T00:00:00+00:00 [queued]>
[2024-07-14T04:04:36.181+0000] {taskinstance.py:2076} INFO - Dependencies all met for dep_context=requeueable deps ti=<TaskInstance: ELT-PROJECT.transform.raw_employees.run scheduled__2024-07-05T00:00:00+00:00 [queued]>
[2024-07-14T04:04:36.183+0000] {taskinstance.py:2306} INFO - Starting attempt 1 of 2
[2024-07-14T04:04:37.467+0000] {taskinstance.py:2330} INFO - Executing <Task(DbtRunLocalOperator): transform.raw_employees.run> on 2024-07-05 00:00:00+00:00
[2024-07-14T04:04:37.511+0000] {logging_mixin.py:188} WARNING - /home/airflow/.local/lib/python3.12/site-packages/airflow/task/task_runner/standard_task_runner.py:61 DeprecationWarning: This process (pid=12686) is multi-threaded, use of fork() may lead to deadlocks in the child.
[2024-07-14T04:04:37.520+0000] {standard_task_runner.py:90} INFO - Running: ['airflow', 'tasks', 'run', 'ELT-PROJECT', 'transform.raw_employees.run', 'scheduled__2024-07-05T00:00:00+00:00', '--job-id', '1065', '--raw', '--subdir', 'DAGS_FOLDER/elt.py', '--cfg-path', '/tmp/tmpqgnpl_gr']
[2024-07-14T04:04:37.543+0000] {standard_task_runner.py:91} INFO - Job 1065: Subtask transform.raw_employees.run
[2024-07-14T04:04:37.542+0000] {standard_task_runner.py:63} INFO - Started process 12729 to run task
[2024-07-14T04:04:37.591+0000] {logging_mixin.py:188} WARNING - /home/airflow/.local/lib/python3.12/site-packages/airflow/settings.py:195 DeprecationWarning: The sql_alchemy_conn option in [core] has been moved to the sql_alchemy_conn option in [database] - the old setting has been used, but please update your config.
[2024-07-14T04:04:37.824+0000] {task_command.py:426} INFO - Running <TaskInstance: ELT-PROJECT.transform.raw_employees.run scheduled__2024-07-05T00:00:00+00:00 [running]> on host airflow-scheduler
[2024-07-14T04:04:38.598+0000] {taskinstance.py:2648} INFO - Exporting env vars: AIRFLOW_CTX_DAG_OWNER='Data-Ninja' AIRFLOW_CTX_DAG_ID='ELT-PROJECT' AIRFLOW_CTX_TASK_ID='transform.raw_employees.run' AIRFLOW_CTX_EXECUTION_DATE='2024-07-05T00:00:00+00:00' AIRFLOW_CTX_TRY_NUMBER='1' AIRFLOW_CTX_DAG_RUN_ID='scheduled__2024-07-05T00:00:00+00:00'
[2024-07-14T04:04:38.617+0000] {taskinstance.py:430} INFO - ::endgroup::
[2024-07-14T04:04:38.648+0000] {local.py:174} INFO - Could not import dbtRunner. Falling back to subprocess for invoking dbt.
[2024-07-14T04:04:38.669+0000] {local.py:292} INFO - Cloning project to writable temp directory /tmp/tmpfnb0d4ta from /opt/airflow/dags/dbt/dbt_project
[2024-07-14T04:04:38.705+0000] {local.py:303} INFO - Partial parse is enabled and the latest partial parse file is /tmp/cosmos/ELT-PROJECT__transform/target/partial_parse.msgpack
[2024-07-14T04:04:38.904+0000] {base.py:84} INFO - Using connection ID 'snow_conn' for task execution.
[2024-07-14T04:04:38.911+0000] {crypto.py:82} WARNING - empty cryptography key - values will not be stored encrypted.
[2024-07-14T04:04:38.914+0000] {config.py:298} INFO - Profile caching is enable.
[2024-07-14T04:04:38.929+0000] {config.py:272} INFO - Profile found in cache using profile: /tmp/cosmos/profile/a0017dab0633177292578162811b91dcb9c56d6e54017e9660056cc364a762ad/profiles.yml.
[2024-07-14T04:04:38.953+0000] {local.py:247} INFO - Trying to run the command:
 ['/opt/airflow/dbt_venv/bin/dbt', 'deps', '--project-dir', '/tmp/tmpfnb0d4ta', '--profiles-dir', '/tmp/cosmos/profile/a0017dab0633177292578162811b91dcb9c56d6e54017e9660056cc364a762ad', '--profile', 'dbt_project', '--target', 'dev']
From /tmp/tmpfnb0d4ta
[2024-07-14T04:04:38.987+0000] {subprocess.py:60} INFO - Tmp dir root location: 
 /tmp
[2024-07-14T04:04:38.994+0000] {subprocess.py:73} INFO - Running command: ['/opt/airflow/dbt_venv/bin/dbt', 'deps', '--project-dir', '/tmp/tmpfnb0d4ta', '--profiles-dir', '/tmp/cosmos/profile/a0017dab0633177292578162811b91dcb9c56d6e54017e9660056cc364a762ad', '--profile', 'dbt_project', '--target', 'dev']
[2024-07-14T04:04:39.144+0000] {subprocess.py:84} INFO - Command output:
[2024-07-14T04:04:55.044+0000] {subprocess.py:94} INFO - [0m04:04:55  Running with dbt=1.8.3
[2024-07-14T04:04:56.494+0000] {subprocess.py:94} INFO - [0m04:04:56  Updating lock file in file path: /tmp/tmpfnb0d4ta/package-lock.yml
[2024-07-14T04:04:56.563+0000] {subprocess.py:94} INFO - [0m04:04:56  Installing dbt-labs/dbt_utils
[2024-07-14T04:04:57.433+0000] {subprocess.py:94} INFO - [0m04:04:57  Installed from version 0.8.6
[2024-07-14T04:04:57.437+0000] {subprocess.py:94} INFO - [0m04:04:57  Updated version available: 1.2.0
[2024-07-14T04:04:57.443+0000] {subprocess.py:94} INFO - [0m04:04:57
[2024-07-14T04:04:57.448+0000] {subprocess.py:94} INFO - [0m04:04:57  Updates available for packages: ['dbt-labs/dbt_utils']
[2024-07-14T04:04:57.450+0000] {subprocess.py:94} INFO - Update your versions in packages.yml, then run dbt deps
[2024-07-14T04:04:59.352+0000] {subprocess.py:98} INFO - Command exited with return code 0
[2024-07-14T04:04:59.354+0000] {local.py:254} INFO - Update your versions in packages.yml, then run dbt deps
[2024-07-14T04:04:59.356+0000] {local.py:247} INFO - Trying to run the command:
 ['/opt/airflow/dbt_venv/bin/dbt', 'run', '--models', 'raw_employees', '--project-dir', '/tmp/tmpfnb0d4ta', '--profiles-dir', '/tmp/cosmos/profile/a0017dab0633177292578162811b91dcb9c56d6e54017e9660056cc364a762ad', '--profile', 'dbt_project', '--target', 'dev']
From /tmp/tmpfnb0d4ta
[2024-07-14T04:04:59.359+0000] {subprocess.py:60} INFO - Tmp dir root location: 
 /tmp
[2024-07-14T04:04:59.362+0000] {subprocess.py:73} INFO - Running command: ['/opt/airflow/dbt_venv/bin/dbt', 'run', '--models', 'raw_employees', '--project-dir', '/tmp/tmpfnb0d4ta', '--profiles-dir', '/tmp/cosmos/profile/a0017dab0633177292578162811b91dcb9c56d6e54017e9660056cc364a762ad', '--profile', 'dbt_project', '--target', 'dev']
[2024-07-14T04:04:59.411+0000] {subprocess.py:84} INFO - Command output:
[2024-07-14T04:05:18.478+0000] {subprocess.py:94} INFO - [0m04:05:18  Running with dbt=1.8.3
[2024-07-14T04:05:21.797+0000] {subprocess.py:94} INFO - [0m04:05:21  Registered adapter: snowflake=1.8.3
[2024-07-14T04:05:25.557+0000] {subprocess.py:94} INFO - [0m04:05:25  Found 20 models, 27 data tests, 11 sources, 684 macros
[2024-07-14T04:05:25.570+0000] {subprocess.py:94} INFO - [0m04:05:25
[2024-07-14T04:05:33.483+0000] {subprocess.py:94} INFO - [0m04:05:33  Concurrency: 1 threads (target='dev')
[2024-07-14T04:05:33.491+0000] {subprocess.py:94} INFO - [0m04:05:33
[2024-07-14T04:05:33.542+0000] {subprocess.py:94} INFO - [0m04:05:33  1 of 1 START sql table model raw.raw_employees ................................. [RUN]
[2024-07-14T04:05:36.735+0000] {subprocess.py:94} INFO - [0m04:05:36  1 of 1 OK created sql table model raw.raw_employees ............................ [[32mSUCCESS 1[0m in 3.18s]
[2024-07-14T04:05:36.759+0000] {subprocess.py:94} INFO - [0m04:05:36
[2024-07-14T04:05:36.763+0000] {subprocess.py:94} INFO - [0m04:05:36  Finished running 1 table model in 0 hours 0 minutes and 11.19 seconds (11.19s).
[2024-07-14T04:05:37.408+0000] {subprocess.py:94} INFO - [0m04:05:37
[2024-07-14T04:05:37.412+0000] {subprocess.py:94} INFO - [0m04:05:37  [32mCompleted successfully[0m
[2024-07-14T04:05:37.415+0000] {subprocess.py:94} INFO - [0m04:05:37
[2024-07-14T04:05:37.419+0000] {subprocess.py:94} INFO - [0m04:05:37  Done. PASS=1 WARN=0 ERROR=0 SKIP=0 TOTAL=1
[2024-07-14T04:05:39.588+0000] {subprocess.py:98} INFO - Command exited with return code 0
[2024-07-14T04:05:39.590+0000] {local.py:254} INFO - [0m04:05:37  Done. PASS=1 WARN=0 ERROR=0 SKIP=0 TOTAL=1
[2024-07-14T04:05:40.490+0000] {local.py:196} WARNING - Artifact schema version: https://schemas.getdbt.com/dbt/manifest/v12.json is above dbt-ol supported version 7. This might cause errors.
[2024-07-14T04:05:40.493+0000] {local.py:196} WARNING - Artifact schema version: https://schemas.getdbt.com/dbt/run-results/v6.json is above dbt-ol supported version 5. This might cause errors.
[2024-07-14T04:05:40.546+0000] {local.py:349} INFO - Inlets: [Dataset(uri='snowflake://OU00370.europe-west2.gcp/ELT_BATCH.PUBLIC.employees', extra=None)]
[2024-07-14T04:05:40.597+0000] {local.py:350} INFO - Outlets: [Dataset(uri='snowflake://OU00370.europe-west2.gcp/ELT_BATCH.raw.raw_employees', extra=None)]
[2024-07-14T04:05:40.599+0000] {dag.py:3096} INFO - Sync 1 DAGs
[2024-07-14T04:05:41.001+0000] {taskinstance.py:441} INFO - ::group::Post task execution logs
[2024-07-14T04:05:41.282+0000] {taskinstance.py:1206} INFO - Marking task as SUCCESS. dag_id=ELT-PROJECT, task_id=transform.raw_employees.run, run_id=scheduled__2024-07-05T00:00:00+00:00, execution_date=20240705T000000, start_date=20240714T040436, end_date=20240714T040541
[2024-07-14T04:05:41.509+0000] {local_task_job_runner.py:240} INFO - Task exited with return code 0
[2024-07-14T04:05:42.007+0000] {taskinstance.py:3503} INFO - 1 downstream tasks scheduled from follow-on schedule check
[2024-07-14T04:05:42.019+0000] {local_task_job_runner.py:222} INFO - ::endgroup::
