[2024-07-13T14:27:11.546+0000] {local_task_job_runner.py:120} INFO - ::group::Pre task execution logs
[2024-07-13T14:27:11.746+0000] {taskinstance.py:2076} INFO - Dependencies all met for dep_context=non-requeueable deps ti=<TaskInstance: ELT-PROJECT.extract.extract_customers scheduled__2024-07-11T00:00:00+00:00 [queued]>
[2024-07-13T14:27:11.901+0000] {taskinstance.py:2076} INFO - Dependencies all met for dep_context=requeueable deps ti=<TaskInstance: ELT-PROJECT.extract.extract_customers scheduled__2024-07-11T00:00:00+00:00 [queued]>
[2024-07-13T14:27:11.934+0000] {taskinstance.py:2306} INFO - Starting attempt 1 of 2
[2024-07-13T14:27:12.027+0000] {taskinstance.py:2330} INFO - Executing <Task(_PythonDecoratedOperator): extract.extract_customers> on 2024-07-11 00:00:00+00:00
[2024-07-13T14:27:12.109+0000] {logging_mixin.py:188} WARNING - /home/airflow/.local/lib/python3.12/site-packages/airflow/task/task_runner/standard_task_runner.py:61 DeprecationWarning: This process (pid=4301) is multi-threaded, use of fork() may lead to deadlocks in the child.
[2024-07-13T14:27:12.143+0000] {standard_task_runner.py:63} INFO - Started process 4340 to run task
[2024-07-13T14:27:12.121+0000] {standard_task_runner.py:90} INFO - Running: ['airflow', 'tasks', 'run', 'ELT-PROJECT', 'extract.extract_customers', 'scheduled__2024-07-11T00:00:00+00:00', '--job-id', '297', '--raw', '--subdir', 'DAGS_FOLDER/elt.py', '--cfg-path', '/tmp/tmp365i38xo']
[2024-07-13T14:27:12.178+0000] {standard_task_runner.py:91} INFO - Job 297: Subtask extract.extract_customers
[2024-07-13T14:27:12.246+0000] {logging_mixin.py:188} WARNING - /home/airflow/.local/lib/python3.12/site-packages/airflow/settings.py:195 DeprecationWarning: The sql_alchemy_conn option in [core] has been moved to the sql_alchemy_conn option in [database] - the old setting has been used, but please update your config.
[2024-07-13T14:27:12.464+0000] {task_command.py:426} INFO - Running <TaskInstance: ELT-PROJECT.extract.extract_customers scheduled__2024-07-11T00:00:00+00:00 [running]> on host airflow-scheduler
[2024-07-13T14:27:13.089+0000] {taskinstance.py:2648} INFO - Exporting env vars: AIRFLOW_CTX_DAG_OWNER='Data-Ninja' AIRFLOW_CTX_DAG_ID='ELT-PROJECT' AIRFLOW_CTX_TASK_ID='extract.extract_customers' AIRFLOW_CTX_EXECUTION_DATE='2024-07-11T00:00:00+00:00' AIRFLOW_CTX_TRY_NUMBER='1' AIRFLOW_CTX_DAG_RUN_ID='scheduled__2024-07-11T00:00:00+00:00'
[2024-07-13T14:27:13.097+0000] {taskinstance.py:430} INFO - ::endgroup::
[2024-07-13T14:27:13.199+0000] {base.py:84} INFO - Using connection ID 'post_conn' for task execution.
[2024-07-13T14:27:13.453+0000] {taskinstance.py:441} INFO - ::group::Post task execution logs
[2024-07-13T14:27:13.458+0000] {taskinstance.py:2905} ERROR - Task failed with exception
Traceback (most recent call last):
  File "/home/airflow/.local/lib/python3.12/site-packages/airflow/models/taskinstance.py", line 465, in _execute_task
    result = _execute_callable(context=context, **execute_callable_kwargs)
             ^^^^^^^^^^^^^^^^^^^^^^^^^^^^^^^^^^^^^^^^^^^^^^^^^^^^^^^^^^^^^
  File "/home/airflow/.local/lib/python3.12/site-packages/airflow/models/taskinstance.py", line 432, in _execute_callable
    return execute_callable(context=context, **execute_callable_kwargs)
           ^^^^^^^^^^^^^^^^^^^^^^^^^^^^^^^^^^^^^^^^^^^^^^^^^^^^^^^^^^^^
  File "/home/airflow/.local/lib/python3.12/site-packages/airflow/models/baseoperator.py", line 401, in wrapper
    return func(self, *args, **kwargs)
           ^^^^^^^^^^^^^^^^^^^^^^^^^^^
  File "/home/airflow/.local/lib/python3.12/site-packages/airflow/decorators/base.py", line 265, in execute
    return_value = super().execute(context)
                   ^^^^^^^^^^^^^^^^^^^^^^^^
  File "/home/airflow/.local/lib/python3.12/site-packages/airflow/models/baseoperator.py", line 401, in wrapper
    return func(self, *args, **kwargs)
           ^^^^^^^^^^^^^^^^^^^^^^^^^^^
  File "/home/airflow/.local/lib/python3.12/site-packages/airflow/operators/python.py", line 235, in execute
    return_value = self.execute_callable()
                   ^^^^^^^^^^^^^^^^^^^^^^^
  File "/home/airflow/.local/lib/python3.12/site-packages/airflow/operators/python.py", line 252, in execute_callable
    return self.python_callable(*self.op_args, **self.op_kwargs)
           ^^^^^^^^^^^^^^^^^^^^^^^^^^^^^^^^^^^^^^^^^^^^^^^^^^^^^
  File "/opt/airflow/dags/elt.py", line 49, in extract
    return extract_func(
           ^^^^^^^^^^^^^
  File "/opt/airflow/dags/el_module/extractors.py", line 11, in extract_func
    ).get_conn()
      ^^^^^^^^^^
  File "/home/airflow/.local/lib/python3.12/site-packages/airflow/providers/postgres/hooks/postgres.py", line 175, in get_conn
    self.conn = psycopg2.connect(**conn_args)
                ^^^^^^^^^^^^^^^^^^^^^^^^^^^^^
  File "/home/airflow/.local/lib/python3.12/site-packages/psycopg2/__init__.py", line 122, in connect
    conn = _connect(dsn, connection_factory=connection_factory, **kwasync)
           ^^^^^^^^^^^^^^^^^^^^^^^^^^^^^^^^^^^^^^^^^^^^^^^^^^^^^^^^^^^^^^^
psycopg2.OperationalError: connection to server at "ep-bold-forest-89569418.ap-southeast-1.aws.neon.tech" (13.228.184.177), port 5432 failed: ERROR:  password authentication failed for user 'dataninja'
connection to server at "ep-bold-forest-89569418.ap-southeast-1.aws.neon.tech" (13.228.184.177), port 5432 failed: ERROR:  connection is insecure (try using `sslmode=require`)

[2024-07-13T14:27:15.151+0000] {taskinstance.py:1206} INFO - Marking task as UP_FOR_RETRY. dag_id=ELT-PROJECT, task_id=extract.extract_customers, run_id=scheduled__2024-07-11T00:00:00+00:00, execution_date=20240711T000000, start_date=20240713T142711, end_date=20240713T142715
[2024-07-13T14:27:15.222+0000] {standard_task_runner.py:110} ERROR - Failed to execute job 297 for task extract.extract_customers (connection to server at "ep-bold-forest-89569418.ap-southeast-1.aws.neon.tech" (13.228.184.177), port 5432 failed: ERROR:  password authentication failed for user 'dataninja'
connection to server at "ep-bold-forest-89569418.ap-southeast-1.aws.neon.tech" (13.228.184.177), port 5432 failed: ERROR:  connection is insecure (try using `sslmode=require`)
; 4340)
[2024-07-13T14:27:15.288+0000] {local_task_job_runner.py:240} INFO - Task exited with return code 1
[2024-07-13T14:27:15.353+0000] {local_task_job_runner.py:222} INFO - ::endgroup::
[2024-07-14T03:59:52.674+0000] {local_task_job_runner.py:120} INFO - ::group::Pre task execution logs
[2024-07-14T03:59:52.777+0000] {taskinstance.py:2076} INFO - Dependencies all met for dep_context=non-requeueable deps ti=<TaskInstance: ELT-PROJECT.extract.extract_customers scheduled__2024-07-11T00:00:00+00:00 [queued]>
[2024-07-14T03:59:52.827+0000] {taskinstance.py:2076} INFO - Dependencies all met for dep_context=requeueable deps ti=<TaskInstance: ELT-PROJECT.extract.extract_customers scheduled__2024-07-11T00:00:00+00:00 [queued]>
[2024-07-14T03:59:52.832+0000] {taskinstance.py:2306} INFO - Starting attempt 1 of 2
[2024-07-14T03:59:52.957+0000] {taskinstance.py:2330} INFO - Executing <Task(_PythonDecoratedOperator): extract.extract_customers> on 2024-07-11 00:00:00+00:00
[2024-07-14T03:59:53.068+0000] {logging_mixin.py:188} WARNING - /home/airflow/.local/lib/python3.12/site-packages/airflow/task/task_runner/standard_task_runner.py:61 DeprecationWarning: This process (pid=10023) is multi-threaded, use of fork() may lead to deadlocks in the child.
[2024-07-14T03:59:53.071+0000] {standard_task_runner.py:90} INFO - Running: ['airflow', 'tasks', 'run', 'ELT-PROJECT', 'extract.extract_customers', 'scheduled__2024-07-11T00:00:00+00:00', '--job-id', '828', '--raw', '--subdir', 'DAGS_FOLDER/elt.py', '--cfg-path', '/tmp/tmptaa5js9g']
[2024-07-14T03:59:53.099+0000] {standard_task_runner.py:91} INFO - Job 828: Subtask extract.extract_customers
[2024-07-14T03:59:53.097+0000] {standard_task_runner.py:63} INFO - Started process 10051 to run task
[2024-07-14T03:59:53.180+0000] {logging_mixin.py:188} WARNING - /home/airflow/.local/lib/python3.12/site-packages/airflow/settings.py:195 DeprecationWarning: The sql_alchemy_conn option in [core] has been moved to the sql_alchemy_conn option in [database] - the old setting has been used, but please update your config.
[2024-07-14T03:59:53.353+0000] {task_command.py:426} INFO - Running <TaskInstance: ELT-PROJECT.extract.extract_customers scheduled__2024-07-11T00:00:00+00:00 [running]> on host airflow-scheduler
[2024-07-14T03:59:54.032+0000] {taskinstance.py:2648} INFO - Exporting env vars: AIRFLOW_CTX_DAG_OWNER='Data-Ninja' AIRFLOW_CTX_DAG_ID='ELT-PROJECT' AIRFLOW_CTX_TASK_ID='extract.extract_customers' AIRFLOW_CTX_EXECUTION_DATE='2024-07-11T00:00:00+00:00' AIRFLOW_CTX_TRY_NUMBER='1' AIRFLOW_CTX_DAG_RUN_ID='scheduled__2024-07-11T00:00:00+00:00'
[2024-07-14T03:59:54.044+0000] {taskinstance.py:430} INFO - ::endgroup::
[2024-07-14T03:59:54.133+0000] {base.py:84} INFO - Using connection ID 'post_conn' for task execution.
[2024-07-14T03:59:54.441+0000] {python.py:237} INFO - Done. Returned value was:    customerID                    companyName  ...           phone             fax
0       LILAS              LILA-Supermercado  ...    (9) 331-6954    (9) 331-7256
1       LINOD               LINO-Delicateses  ...    (8) 34-56-12    (8) 34-93-93
2       LONEP       Lonesome Pine Restaurant  ...  (503) 555-9573  (503) 555-9646
3       MAGAA   Magazzini Alimentari Riuniti  ...      035-640230      035-640231
4       MAISD                   Maison Dewey  ...  (02) 201 24 67  (02) 201 24 68
..        ...                            ...  ...             ...             ...
86      LAMAI               La maison d'Asie  ...     61.77.61.10     61.77.61.11
87      LAUGB  Laughing Bacchus Wine Cellars  ...  (604) 555-3392  (604) 555-7293
88      LAZYK           Lazy K Kountry Store  ...  (509) 555-7969  (509) 555-6221
89      LEHMS            Lehmanns Marktstand  ...     069-0245984     069-0245874
90      LETSS              Let's Stop N Shop  ...  (415) 555-5938             NaN

[91 rows x 11 columns]
[2024-07-14T03:59:54.522+0000] {taskinstance.py:441} INFO - ::group::Post task execution logs
[2024-07-14T03:59:55.250+0000] {taskinstance.py:1206} INFO - Marking task as SUCCESS. dag_id=ELT-PROJECT, task_id=extract.extract_customers, run_id=scheduled__2024-07-11T00:00:00+00:00, execution_date=20240711T000000, start_date=20240714T035952, end_date=20240714T035955
[2024-07-14T03:59:55.428+0000] {local_task_job_runner.py:240} INFO - Task exited with return code 0
[2024-07-14T03:59:55.483+0000] {local_task_job_runner.py:222} INFO - ::endgroup::
