[2024-07-14T04:51:01.386+0000] {local_task_job_runner.py:120} INFO - ::group::Pre task execution logs
[2024-07-14T04:51:01.532+0000] {taskinstance.py:2076} INFO - Dependencies all met for dep_context=non-requeueable deps ti=<TaskInstance: ELT-PROJECT.transform.raw_employee_territories_run scheduled__2024-07-13T00:00:00+00:00 [queued]>
[2024-07-14T04:51:01.588+0000] {taskinstance.py:2076} INFO - Dependencies all met for dep_context=requeueable deps ti=<TaskInstance: ELT-PROJECT.transform.raw_employee_territories_run scheduled__2024-07-13T00:00:00+00:00 [queued]>
[2024-07-14T04:51:01.589+0000] {taskinstance.py:2306} INFO - Starting attempt 1 of 2
[2024-07-14T04:51:01.697+0000] {taskinstance.py:2330} INFO - Executing <Task(DbtRunLocalOperator): transform.raw_employee_territories_run> on 2024-07-13 00:00:00+00:00
[2024-07-14T04:51:01.735+0000] {logging_mixin.py:188} WARNING - /home/airflow/.local/lib/python3.12/site-packages/airflow/task/task_runner/standard_task_runner.py:61 DeprecationWarning: This process (pid=22509) is multi-threaded, use of fork() may lead to deadlocks in the child.
[2024-07-14T04:51:01.742+0000] {standard_task_runner.py:63} INFO - Started process 22534 to run task
[2024-07-14T04:51:01.730+0000] {standard_task_runner.py:90} INFO - Running: ['airflow', 'tasks', 'run', 'ELT-PROJECT', 'transform.raw_employee_territories_run', 'scheduled__2024-07-13T00:00:00+00:00', '--job-id', '1670', '--raw', '--subdir', 'DAGS_FOLDER/elt.py', '--cfg-path', '/tmp/tmpy4y4g49_']
[2024-07-14T04:51:01.767+0000] {standard_task_runner.py:91} INFO - Job 1670: Subtask transform.raw_employee_territories_run
[2024-07-14T04:51:01.867+0000] {logging_mixin.py:188} WARNING - /home/airflow/.local/lib/python3.12/site-packages/airflow/settings.py:195 DeprecationWarning: The sql_alchemy_conn option in [core] has been moved to the sql_alchemy_conn option in [database] - the old setting has been used, but please update your config.
[2024-07-14T04:51:02.204+0000] {task_command.py:426} INFO - Running <TaskInstance: ELT-PROJECT.transform.raw_employee_territories_run scheduled__2024-07-13T00:00:00+00:00 [running]> on host airflow-scheduler
[2024-07-14T04:51:02.855+0000] {taskinstance.py:2648} INFO - Exporting env vars: AIRFLOW_CTX_DAG_OWNER='Data-Ninja' AIRFLOW_CTX_DAG_ID='ELT-PROJECT' AIRFLOW_CTX_TASK_ID='transform.raw_employee_territories_run' AIRFLOW_CTX_EXECUTION_DATE='2024-07-13T00:00:00+00:00' AIRFLOW_CTX_TRY_NUMBER='1' AIRFLOW_CTX_DAG_RUN_ID='scheduled__2024-07-13T00:00:00+00:00'
[2024-07-14T04:51:02.867+0000] {taskinstance.py:430} INFO - ::endgroup::
[2024-07-14T04:51:02.878+0000] {local.py:174} INFO - Could not import dbtRunner. Falling back to subprocess for invoking dbt.
[2024-07-14T04:51:02.883+0000] {local.py:292} INFO - Cloning project to writable temp directory /tmp/tmp902hp62g from /opt/airflow/dags/dbt/dbt_project
[2024-07-14T04:51:02.907+0000] {local.py:303} INFO - Partial parse is enabled and the latest partial parse file is /tmp/cosmos/ELT-PROJECT__transform/target/partial_parse.msgpack
[2024-07-14T04:51:04.106+0000] {base.py:84} INFO - Using connection ID 'snow_conn' for task execution.
[2024-07-14T04:51:04.109+0000] {crypto.py:82} WARNING - empty cryptography key - values will not be stored encrypted.
[2024-07-14T04:51:04.112+0000] {config.py:298} INFO - Profile caching is enable.
[2024-07-14T04:51:04.120+0000] {config.py:272} INFO - Profile found in cache using profile: /tmp/cosmos/profile/a0017dab0633177292578162811b91dcb9c56d6e54017e9660056cc364a762ad/profiles.yml.
[2024-07-14T04:51:04.126+0000] {local.py:247} INFO - Trying to run the command:
 ['/opt/airflow/dbt_venv/bin/dbt', 'deps', '--project-dir', '/tmp/tmp902hp62g', '--profiles-dir', '/tmp/cosmos/profile/a0017dab0633177292578162811b91dcb9c56d6e54017e9660056cc364a762ad', '--profile', 'dbt_project', '--target', 'dev']
From /tmp/tmp902hp62g
[2024-07-14T04:51:04.134+0000] {subprocess.py:60} INFO - Tmp dir root location: 
 /tmp
[2024-07-14T04:51:04.138+0000] {subprocess.py:73} INFO - Running command: ['/opt/airflow/dbt_venv/bin/dbt', 'deps', '--project-dir', '/tmp/tmp902hp62g', '--profiles-dir', '/tmp/cosmos/profile/a0017dab0633177292578162811b91dcb9c56d6e54017e9660056cc364a762ad', '--profile', 'dbt_project', '--target', 'dev']
[2024-07-14T04:51:04.260+0000] {subprocess.py:84} INFO - Command output:
[2024-07-14T04:51:19.648+0000] {subprocess.py:94} INFO - [0m04:51:19  Running with dbt=1.8.3
[2024-07-14T04:51:21.217+0000] {subprocess.py:94} INFO - [0m04:51:21  Updating lock file in file path: /tmp/tmp902hp62g/package-lock.yml
[2024-07-14T04:51:21.242+0000] {subprocess.py:94} INFO - [0m04:51:21  Installing dbt-labs/dbt_utils
[2024-07-14T04:51:22.020+0000] {subprocess.py:94} INFO - [0m04:51:22  Installed from version 0.8.6
[2024-07-14T04:51:22.024+0000] {subprocess.py:94} INFO - [0m04:51:22  Updated version available: 1.2.0
[2024-07-14T04:51:22.029+0000] {subprocess.py:94} INFO - [0m04:51:22
[2024-07-14T04:51:22.032+0000] {subprocess.py:94} INFO - [0m04:51:22  Updates available for packages: ['dbt-labs/dbt_utils']
[2024-07-14T04:51:22.037+0000] {subprocess.py:94} INFO - Update your versions in packages.yml, then run dbt deps
[2024-07-14T04:51:24.291+0000] {subprocess.py:98} INFO - Command exited with return code 0
[2024-07-14T04:51:24.294+0000] {local.py:254} INFO - Update your versions in packages.yml, then run dbt deps
[2024-07-14T04:51:24.297+0000] {local.py:247} INFO - Trying to run the command:
 ['/opt/airflow/dbt_venv/bin/dbt', 'run', '--models', 'raw_employee_territories', '--project-dir', '/tmp/tmp902hp62g', '--profiles-dir', '/tmp/cosmos/profile/a0017dab0633177292578162811b91dcb9c56d6e54017e9660056cc364a762ad', '--profile', 'dbt_project', '--target', 'dev']
From /tmp/tmp902hp62g
[2024-07-14T04:51:24.301+0000] {subprocess.py:60} INFO - Tmp dir root location: 
 /tmp
[2024-07-14T04:51:24.309+0000] {subprocess.py:73} INFO - Running command: ['/opt/airflow/dbt_venv/bin/dbt', 'run', '--models', 'raw_employee_territories', '--project-dir', '/tmp/tmp902hp62g', '--profiles-dir', '/tmp/cosmos/profile/a0017dab0633177292578162811b91dcb9c56d6e54017e9660056cc364a762ad', '--profile', 'dbt_project', '--target', 'dev']
[2024-07-14T04:51:24.336+0000] {subprocess.py:84} INFO - Command output:
[2024-07-14T04:51:33.096+0000] {subprocess.py:94} INFO - [0m04:51:33  Running with dbt=1.8.3
[2024-07-14T04:51:34.445+0000] {subprocess.py:94} INFO - [0m04:51:34  Registered adapter: snowflake=1.8.3
[2024-07-14T04:51:36.045+0000] {subprocess.py:94} INFO - [0m04:51:36  Found 20 models, 27 data tests, 11 sources, 684 macros
[2024-07-14T04:51:36.049+0000] {subprocess.py:94} INFO - [0m04:51:36
[2024-07-14T04:51:42.506+0000] {subprocess.py:94} INFO - [0m04:51:42  Concurrency: 1 threads (target='dev')
[2024-07-14T04:51:42.508+0000] {subprocess.py:94} INFO - [0m04:51:42
[2024-07-14T04:51:42.528+0000] {subprocess.py:94} INFO - [0m04:51:42  1 of 1 START sql table model raw.raw_employee_territories ...................... [RUN]
[2024-07-14T04:51:44.663+0000] {subprocess.py:94} INFO - [0m04:51:44  1 of 1 OK created sql table model raw.raw_employee_territories ................. [[32mSUCCESS 1[0m in 2.12s]
[2024-07-14T04:51:44.673+0000] {subprocess.py:94} INFO - [0m04:51:44
[2024-07-14T04:51:44.675+0000] {subprocess.py:94} INFO - [0m04:51:44  Finished running 1 table model in 0 hours 0 minutes and 8.62 seconds (8.62s).
[2024-07-14T04:51:44.822+0000] {subprocess.py:94} INFO - [0m04:51:44
[2024-07-14T04:51:44.822+0000] {subprocess.py:94} INFO - [0m04:51:44  [32mCompleted successfully[0m
[2024-07-14T04:51:44.823+0000] {subprocess.py:94} INFO - [0m04:51:44
[2024-07-14T04:51:44.824+0000] {subprocess.py:94} INFO - [0m04:51:44  Done. PASS=1 WARN=0 ERROR=0 SKIP=0 TOTAL=1
[2024-07-14T04:51:46.316+0000] {subprocess.py:98} INFO - Command exited with return code 0
[2024-07-14T04:51:46.317+0000] {local.py:254} INFO - [0m04:51:44  Done. PASS=1 WARN=0 ERROR=0 SKIP=0 TOTAL=1
[2024-07-14T04:51:46.339+0000] {local.py:196} WARNING - Artifact schema version: https://schemas.getdbt.com/dbt/manifest/v12.json is above dbt-ol supported version 7. This might cause errors.
[2024-07-14T04:51:46.340+0000] {local.py:196} WARNING - Artifact schema version: https://schemas.getdbt.com/dbt/run-results/v6.json is above dbt-ol supported version 5. This might cause errors.
[2024-07-14T04:51:46.346+0000] {local.py:349} INFO - Inlets: [Dataset(uri='snowflake://OU00370.europe-west2.gcp/ELT_BATCH.PUBLIC.employee_territories', extra=None)]
[2024-07-14T04:51:46.347+0000] {local.py:350} INFO - Outlets: [Dataset(uri='snowflake://OU00370.europe-west2.gcp/ELT_BATCH.raw.raw_employee_territories', extra=None)]
[2024-07-14T04:51:46.348+0000] {dag.py:3096} INFO - Sync 1 DAGs
[2024-07-14T04:51:46.382+0000] {dag.py:3954} INFO - Setting next_dagrun for ELT-PROJECT to 2024-07-14 00:00:00+00:00, run_after=2024-07-15 00:00:00+00:00
[2024-07-14T04:51:46.436+0000] {taskinstance.py:441} INFO - ::group::Post task execution logs
[2024-07-14T04:51:46.492+0000] {taskinstance.py:1206} INFO - Marking task as SUCCESS. dag_id=ELT-PROJECT, task_id=transform.raw_employee_territories_run, run_id=scheduled__2024-07-13T00:00:00+00:00, execution_date=20240713T000000, start_date=20240714T045101, end_date=20240714T045146
[2024-07-14T04:51:46.549+0000] {local_task_job_runner.py:240} INFO - Task exited with return code 0
[2024-07-14T04:51:46.603+0000] {taskinstance.py:3503} INFO - 0 downstream tasks scheduled from follow-on schedule check
[2024-07-14T04:51:46.607+0000] {local_task_job_runner.py:222} INFO - ::endgroup::
