[2024-07-14T04:32:04.884+0000] {local_task_job_runner.py:120} INFO - ::group::Pre task execution logs
[2024-07-14T04:32:05.139+0000] {taskinstance.py:2076} INFO - Dependencies all met for dep_context=non-requeueable deps ti=<TaskInstance: ELT-PROJECT.transform.raw_shippers.run scheduled__2024-06-27T00:00:00+00:00 [queued]>
[2024-07-14T04:32:05.336+0000] {taskinstance.py:2076} INFO - Dependencies all met for dep_context=requeueable deps ti=<TaskInstance: ELT-PROJECT.transform.raw_shippers.run scheduled__2024-06-27T00:00:00+00:00 [queued]>
[2024-07-14T04:32:05.380+0000] {taskinstance.py:2306} INFO - Starting attempt 1 of 2
[2024-07-14T04:32:07.996+0000] {taskinstance.py:2330} INFO - Executing <Task(DbtRunLocalOperator): transform.raw_shippers.run> on 2024-06-27 00:00:00+00:00
[2024-07-14T04:32:08.096+0000] {logging_mixin.py:188} WARNING - /home/airflow/.local/lib/python3.12/site-packages/airflow/task/task_runner/standard_task_runner.py:61 DeprecationWarning: This process (pid=18469) is multi-threaded, use of fork() may lead to deadlocks in the child.
[2024-07-14T04:32:08.103+0000] {standard_task_runner.py:63} INFO - Started process 18501 to run task
[2024-07-14T04:32:08.058+0000] {standard_task_runner.py:90} INFO - Running: ['airflow', 'tasks', 'run', 'ELT-PROJECT', 'transform.raw_shippers.run', 'scheduled__2024-06-27T00:00:00+00:00', '--job-id', '1416', '--raw', '--subdir', 'DAGS_FOLDER/elt.py', '--cfg-path', '/tmp/tmpcl4axlu7']
[2024-07-14T04:32:08.111+0000] {standard_task_runner.py:91} INFO - Job 1416: Subtask transform.raw_shippers.run
[2024-07-14T04:32:08.184+0000] {logging_mixin.py:188} WARNING - /home/airflow/.local/lib/python3.12/site-packages/airflow/settings.py:195 DeprecationWarning: The sql_alchemy_conn option in [core] has been moved to the sql_alchemy_conn option in [database] - the old setting has been used, but please update your config.
[2024-07-14T04:32:08.557+0000] {task_command.py:426} INFO - Running <TaskInstance: ELT-PROJECT.transform.raw_shippers.run scheduled__2024-06-27T00:00:00+00:00 [running]> on host airflow-scheduler
[2024-07-14T04:32:09.165+0000] {taskinstance.py:2648} INFO - Exporting env vars: AIRFLOW_CTX_DAG_OWNER='Data-Ninja' AIRFLOW_CTX_DAG_ID='ELT-PROJECT' AIRFLOW_CTX_TASK_ID='transform.raw_shippers.run' AIRFLOW_CTX_EXECUTION_DATE='2024-06-27T00:00:00+00:00' AIRFLOW_CTX_TRY_NUMBER='1' AIRFLOW_CTX_DAG_RUN_ID='scheduled__2024-06-27T00:00:00+00:00'
[2024-07-14T04:32:09.169+0000] {taskinstance.py:430} INFO - ::endgroup::
[2024-07-14T04:32:09.174+0000] {local.py:174} INFO - Could not import dbtRunner. Falling back to subprocess for invoking dbt.
[2024-07-14T04:32:09.184+0000] {local.py:292} INFO - Cloning project to writable temp directory /tmp/tmpd8tdbse5 from /opt/airflow/dags/dbt/dbt_project
[2024-07-14T04:32:09.226+0000] {local.py:303} INFO - Partial parse is enabled and the latest partial parse file is /tmp/cosmos/ELT-PROJECT__transform/target/partial_parse.msgpack
[2024-07-14T04:32:09.747+0000] {base.py:84} INFO - Using connection ID 'snow_conn' for task execution.
[2024-07-14T04:32:09.764+0000] {crypto.py:82} WARNING - empty cryptography key - values will not be stored encrypted.
[2024-07-14T04:32:09.781+0000] {config.py:298} INFO - Profile caching is enable.
[2024-07-14T04:32:09.788+0000] {config.py:272} INFO - Profile found in cache using profile: /tmp/cosmos/profile/a0017dab0633177292578162811b91dcb9c56d6e54017e9660056cc364a762ad/profiles.yml.
[2024-07-14T04:32:09.795+0000] {local.py:247} INFO - Trying to run the command:
 ['/opt/airflow/dbt_venv/bin/dbt', 'deps', '--project-dir', '/tmp/tmpd8tdbse5', '--profiles-dir', '/tmp/cosmos/profile/a0017dab0633177292578162811b91dcb9c56d6e54017e9660056cc364a762ad', '--profile', 'dbt_project', '--target', 'dev']
From /tmp/tmpd8tdbse5
[2024-07-14T04:32:09.798+0000] {subprocess.py:60} INFO - Tmp dir root location: 
 /tmp
[2024-07-14T04:32:09.801+0000] {subprocess.py:73} INFO - Running command: ['/opt/airflow/dbt_venv/bin/dbt', 'deps', '--project-dir', '/tmp/tmpd8tdbse5', '--profiles-dir', '/tmp/cosmos/profile/a0017dab0633177292578162811b91dcb9c56d6e54017e9660056cc364a762ad', '--profile', 'dbt_project', '--target', 'dev']
[2024-07-14T04:32:09.863+0000] {subprocess.py:84} INFO - Command output:
[2024-07-14T04:32:26.838+0000] {subprocess.py:94} INFO - [0m04:32:26  Running with dbt=1.8.3
[2024-07-14T04:32:28.416+0000] {subprocess.py:94} INFO - [0m04:32:28  Updating lock file in file path: /tmp/tmpd8tdbse5/package-lock.yml
[2024-07-14T04:32:28.459+0000] {subprocess.py:94} INFO - [0m04:32:28  Installing dbt-labs/dbt_utils
[2024-07-14T04:32:29.327+0000] {subprocess.py:94} INFO - [0m04:32:29  Installed from version 0.8.6
[2024-07-14T04:32:29.360+0000] {subprocess.py:94} INFO - [0m04:32:29  Updated version available: 1.2.0
[2024-07-14T04:32:29.378+0000] {subprocess.py:94} INFO - [0m04:32:29
[2024-07-14T04:32:29.399+0000] {subprocess.py:94} INFO - [0m04:32:29  Updates available for packages: ['dbt-labs/dbt_utils']
[2024-07-14T04:32:29.404+0000] {subprocess.py:94} INFO - Update your versions in packages.yml, then run dbt deps
[2024-07-14T04:32:31.662+0000] {subprocess.py:98} INFO - Command exited with return code 0
[2024-07-14T04:32:31.665+0000] {local.py:254} INFO - Update your versions in packages.yml, then run dbt deps
[2024-07-14T04:32:31.668+0000] {local.py:247} INFO - Trying to run the command:
 ['/opt/airflow/dbt_venv/bin/dbt', 'run', '--models', 'raw_shippers', '--project-dir', '/tmp/tmpd8tdbse5', '--profiles-dir', '/tmp/cosmos/profile/a0017dab0633177292578162811b91dcb9c56d6e54017e9660056cc364a762ad', '--profile', 'dbt_project', '--target', 'dev']
From /tmp/tmpd8tdbse5
[2024-07-14T04:32:31.676+0000] {subprocess.py:60} INFO - Tmp dir root location: 
 /tmp
[2024-07-14T04:32:31.681+0000] {subprocess.py:73} INFO - Running command: ['/opt/airflow/dbt_venv/bin/dbt', 'run', '--models', 'raw_shippers', '--project-dir', '/tmp/tmpd8tdbse5', '--profiles-dir', '/tmp/cosmos/profile/a0017dab0633177292578162811b91dcb9c56d6e54017e9660056cc364a762ad', '--profile', 'dbt_project', '--target', 'dev']
[2024-07-14T04:32:31.783+0000] {subprocess.py:84} INFO - Command output:
[2024-07-14T04:32:46.177+0000] {subprocess.py:94} INFO - [0m04:32:46  Running with dbt=1.8.3
[2024-07-14T04:32:49.335+0000] {subprocess.py:94} INFO - [0m04:32:49  Registered adapter: snowflake=1.8.3
[2024-07-14T04:32:55.110+0000] {subprocess.py:94} INFO - [0m04:32:55  Found 20 models, 27 data tests, 11 sources, 684 macros
[2024-07-14T04:32:55.176+0000] {subprocess.py:94} INFO - [0m04:32:55
[2024-07-14T04:33:03.643+0000] {subprocess.py:94} INFO - [0m04:33:03  Concurrency: 1 threads (target='dev')
[2024-07-14T04:33:03.646+0000] {subprocess.py:94} INFO - [0m04:33:03
[2024-07-14T04:33:03.768+0000] {subprocess.py:94} INFO - [0m04:33:03  1 of 1 START sql table model raw.raw_shippers .................................. [RUN]
[2024-07-14T04:33:07.503+0000] {subprocess.py:94} INFO - [0m04:33:07  1 of 1 OK created sql table model raw.raw_shippers ............................. [[32mSUCCESS 1[0m in 3.71s]
[2024-07-14T04:33:07.528+0000] {subprocess.py:94} INFO - [0m04:33:07
[2024-07-14T04:33:07.531+0000] {subprocess.py:94} INFO - [0m04:33:07  Finished running 1 table model in 0 hours 0 minutes and 12.34 seconds (12.34s).
[2024-07-14T04:33:08.438+0000] {subprocess.py:94} INFO - [0m04:33:08
[2024-07-14T04:33:08.448+0000] {subprocess.py:94} INFO - [0m04:33:08  [32mCompleted successfully[0m
[2024-07-14T04:33:08.452+0000] {subprocess.py:94} INFO - [0m04:33:08
[2024-07-14T04:33:08.469+0000] {subprocess.py:94} INFO - [0m04:33:08  Done. PASS=1 WARN=0 ERROR=0 SKIP=0 TOTAL=1
[2024-07-14T04:33:12.359+0000] {subprocess.py:98} INFO - Command exited with return code 0
[2024-07-14T04:33:12.545+0000] {local.py:254} INFO - [0m04:33:08  Done. PASS=1 WARN=0 ERROR=0 SKIP=0 TOTAL=1
[2024-07-14T04:33:14.546+0000] {local.py:196} WARNING - Artifact schema version: https://schemas.getdbt.com/dbt/manifest/v12.json is above dbt-ol supported version 7. This might cause errors.
[2024-07-14T04:33:14.559+0000] {local.py:196} WARNING - Artifact schema version: https://schemas.getdbt.com/dbt/run-results/v6.json is above dbt-ol supported version 5. This might cause errors.
[2024-07-14T04:33:14.608+0000] {local.py:349} INFO - Inlets: [Dataset(uri='snowflake://OU00370.europe-west2.gcp/ELT_BATCH.PUBLIC.shippers', extra=None)]
[2024-07-14T04:33:14.615+0000] {local.py:350} INFO - Outlets: [Dataset(uri='snowflake://OU00370.europe-west2.gcp/ELT_BATCH.raw.raw_shippers', extra=None)]
[2024-07-14T04:33:14.623+0000] {dag.py:3096} INFO - Sync 1 DAGs
[2024-07-14T04:33:15.042+0000] {taskinstance.py:441} INFO - ::group::Post task execution logs
[2024-07-14T04:33:15.358+0000] {taskinstance.py:1206} INFO - Marking task as SUCCESS. dag_id=ELT-PROJECT, task_id=transform.raw_shippers.run, run_id=scheduled__2024-06-27T00:00:00+00:00, execution_date=20240627T000000, start_date=20240714T043205, end_date=20240714T043315
[2024-07-14T04:33:15.659+0000] {local_task_job_runner.py:240} INFO - Task exited with return code 0
[2024-07-14T04:33:15.748+0000] {local_task_job_runner.py:222} INFO - ::endgroup::
