[2024-07-14T04:25:00.695+0000] {local_task_job_runner.py:120} INFO - ::group::Pre task execution logs
[2024-07-14T04:25:00.815+0000] {taskinstance.py:2076} INFO - Dependencies all met for dep_context=non-requeueable deps ti=<TaskInstance: ELT-PROJECT.transform.dim_products.run scheduled__2024-07-08T00:00:00+00:00 [queued]>
[2024-07-14T04:25:00.876+0000] {taskinstance.py:2076} INFO - Dependencies all met for dep_context=requeueable deps ti=<TaskInstance: ELT-PROJECT.transform.dim_products.run scheduled__2024-07-08T00:00:00+00:00 [queued]>
[2024-07-14T04:25:00.878+0000] {taskinstance.py:2306} INFO - Starting attempt 1 of 2
[2024-07-14T04:25:00.965+0000] {taskinstance.py:2330} INFO - Executing <Task(DbtRunLocalOperator): transform.dim_products.run> on 2024-07-08 00:00:00+00:00
[2024-07-14T04:25:01.064+0000] {logging_mixin.py:188} WARNING - /home/airflow/.local/lib/python3.12/site-packages/airflow/task/task_runner/standard_task_runner.py:61 DeprecationWarning: This process (pid=17047) is multi-threaded, use of fork() may lead to deadlocks in the child.
[2024-07-14T04:25:01.084+0000] {standard_task_runner.py:63} INFO - Started process 17073 to run task
[2024-07-14T04:25:01.079+0000] {standard_task_runner.py:90} INFO - Running: ['airflow', 'tasks', 'run', 'ELT-PROJECT', 'transform.dim_products.run', 'scheduled__2024-07-08T00:00:00+00:00', '--job-id', '1331', '--raw', '--subdir', 'DAGS_FOLDER/elt.py', '--cfg-path', '/tmp/tmppokvear8']
[2024-07-14T04:25:01.106+0000] {standard_task_runner.py:91} INFO - Job 1331: Subtask transform.dim_products.run
[2024-07-14T04:25:01.216+0000] {logging_mixin.py:188} WARNING - /home/airflow/.local/lib/python3.12/site-packages/airflow/settings.py:195 DeprecationWarning: The sql_alchemy_conn option in [core] has been moved to the sql_alchemy_conn option in [database] - the old setting has been used, but please update your config.
[2024-07-14T04:25:01.427+0000] {task_command.py:426} INFO - Running <TaskInstance: ELT-PROJECT.transform.dim_products.run scheduled__2024-07-08T00:00:00+00:00 [running]> on host airflow-scheduler
[2024-07-14T04:25:01.915+0000] {taskinstance.py:2648} INFO - Exporting env vars: AIRFLOW_CTX_DAG_OWNER='Data-Ninja' AIRFLOW_CTX_DAG_ID='ELT-PROJECT' AIRFLOW_CTX_TASK_ID='transform.dim_products.run' AIRFLOW_CTX_EXECUTION_DATE='2024-07-08T00:00:00+00:00' AIRFLOW_CTX_TRY_NUMBER='1' AIRFLOW_CTX_DAG_RUN_ID='scheduled__2024-07-08T00:00:00+00:00'
[2024-07-14T04:25:01.926+0000] {taskinstance.py:430} INFO - ::endgroup::
[2024-07-14T04:25:01.932+0000] {local.py:174} INFO - Could not import dbtRunner. Falling back to subprocess for invoking dbt.
[2024-07-14T04:25:01.936+0000] {local.py:292} INFO - Cloning project to writable temp directory /tmp/tmpv4grdj4k from /opt/airflow/dags/dbt/dbt_project
[2024-07-14T04:25:01.975+0000] {local.py:303} INFO - Partial parse is enabled and the latest partial parse file is /tmp/cosmos/ELT-PROJECT__transform/target/partial_parse.msgpack
[2024-07-14T04:25:02.126+0000] {base.py:84} INFO - Using connection ID 'snow_conn' for task execution.
[2024-07-14T04:25:02.147+0000] {crypto.py:82} WARNING - empty cryptography key - values will not be stored encrypted.
[2024-07-14T04:25:02.149+0000] {config.py:298} INFO - Profile caching is enable.
[2024-07-14T04:25:02.156+0000] {config.py:272} INFO - Profile found in cache using profile: /tmp/cosmos/profile/a0017dab0633177292578162811b91dcb9c56d6e54017e9660056cc364a762ad/profiles.yml.
[2024-07-14T04:25:02.159+0000] {local.py:247} INFO - Trying to run the command:
 ['/opt/airflow/dbt_venv/bin/dbt', 'deps', '--project-dir', '/tmp/tmpv4grdj4k', '--profiles-dir', '/tmp/cosmos/profile/a0017dab0633177292578162811b91dcb9c56d6e54017e9660056cc364a762ad', '--profile', 'dbt_project', '--target', 'dev']
From /tmp/tmpv4grdj4k
[2024-07-14T04:25:02.168+0000] {subprocess.py:60} INFO - Tmp dir root location: 
 /tmp
[2024-07-14T04:25:02.176+0000] {subprocess.py:73} INFO - Running command: ['/opt/airflow/dbt_venv/bin/dbt', 'deps', '--project-dir', '/tmp/tmpv4grdj4k', '--profiles-dir', '/tmp/cosmos/profile/a0017dab0633177292578162811b91dcb9c56d6e54017e9660056cc364a762ad', '--profile', 'dbt_project', '--target', 'dev']
[2024-07-14T04:25:02.277+0000] {subprocess.py:84} INFO - Command output:
[2024-07-14T04:25:19.249+0000] {subprocess.py:94} INFO - [0m04:25:19  Running with dbt=1.8.3
[2024-07-14T04:25:21.052+0000] {subprocess.py:94} INFO - [0m04:25:21  Updating lock file in file path: /tmp/tmpv4grdj4k/package-lock.yml
[2024-07-14T04:25:21.082+0000] {subprocess.py:94} INFO - [0m04:25:21  Installing dbt-labs/dbt_utils
[2024-07-14T04:25:21.781+0000] {subprocess.py:94} INFO - [0m04:25:21  Installed from version 0.8.6
[2024-07-14T04:25:21.784+0000] {subprocess.py:94} INFO - [0m04:25:21  Updated version available: 1.2.0
[2024-07-14T04:25:21.790+0000] {subprocess.py:94} INFO - [0m04:25:21
[2024-07-14T04:25:21.793+0000] {subprocess.py:94} INFO - [0m04:25:21  Updates available for packages: ['dbt-labs/dbt_utils']
[2024-07-14T04:25:21.799+0000] {subprocess.py:94} INFO - Update your versions in packages.yml, then run dbt deps
[2024-07-14T04:25:23.696+0000] {subprocess.py:98} INFO - Command exited with return code 0
[2024-07-14T04:25:23.699+0000] {local.py:254} INFO - Update your versions in packages.yml, then run dbt deps
[2024-07-14T04:25:23.703+0000] {local.py:247} INFO - Trying to run the command:
 ['/opt/airflow/dbt_venv/bin/dbt', 'run', '--models', 'dim_products', '--project-dir', '/tmp/tmpv4grdj4k', '--profiles-dir', '/tmp/cosmos/profile/a0017dab0633177292578162811b91dcb9c56d6e54017e9660056cc364a762ad', '--profile', 'dbt_project', '--target', 'dev']
From /tmp/tmpv4grdj4k
[2024-07-14T04:25:23.706+0000] {subprocess.py:60} INFO - Tmp dir root location: 
 /tmp
[2024-07-14T04:25:23.710+0000] {subprocess.py:73} INFO - Running command: ['/opt/airflow/dbt_venv/bin/dbt', 'run', '--models', 'dim_products', '--project-dir', '/tmp/tmpv4grdj4k', '--profiles-dir', '/tmp/cosmos/profile/a0017dab0633177292578162811b91dcb9c56d6e54017e9660056cc364a762ad', '--profile', 'dbt_project', '--target', 'dev']
[2024-07-14T04:25:23.810+0000] {subprocess.py:84} INFO - Command output:
[2024-07-14T04:25:38.387+0000] {subprocess.py:94} INFO - [0m04:25:38  Running with dbt=1.8.3
[2024-07-14T04:25:43.254+0000] {subprocess.py:94} INFO - [0m04:25:43  Registered adapter: snowflake=1.8.3
[2024-07-14T04:25:47.447+0000] {subprocess.py:94} INFO - [0m04:25:47  Found 20 models, 27 data tests, 11 sources, 684 macros
[2024-07-14T04:25:47.499+0000] {subprocess.py:94} INFO - [0m04:25:47
[2024-07-14T04:25:55.481+0000] {subprocess.py:94} INFO - [0m04:25:55  Concurrency: 1 threads (target='dev')
[2024-07-14T04:25:55.491+0000] {subprocess.py:94} INFO - [0m04:25:55
[2024-07-14T04:25:55.568+0000] {subprocess.py:94} INFO - [0m04:25:55  1 of 1 START sql table model dwh.dim_products .................................. [RUN]
[2024-07-14T04:25:58.619+0000] {subprocess.py:94} INFO - [0m04:25:58  1 of 1 OK created sql table model dwh.dim_products ............................. [[32mSUCCESS 1[0m in 3.04s]
[2024-07-14T04:25:58.668+0000] {subprocess.py:94} INFO - [0m04:25:58
[2024-07-14T04:25:58.686+0000] {subprocess.py:94} INFO - [0m04:25:58  Finished running 1 table model in 0 hours 0 minutes and 11.16 seconds (11.16s).
[2024-07-14T04:25:59.498+0000] {subprocess.py:94} INFO - [0m04:25:59
[2024-07-14T04:25:59.501+0000] {subprocess.py:94} INFO - [0m04:25:59  [32mCompleted successfully[0m
[2024-07-14T04:25:59.510+0000] {subprocess.py:94} INFO - [0m04:25:59
[2024-07-14T04:25:59.512+0000] {subprocess.py:94} INFO - [0m04:25:59  Done. PASS=1 WARN=0 ERROR=0 SKIP=0 TOTAL=1
[2024-07-14T04:26:02.129+0000] {subprocess.py:98} INFO - Command exited with return code 0
[2024-07-14T04:26:02.134+0000] {local.py:254} INFO - [0m04:25:59  Done. PASS=1 WARN=0 ERROR=0 SKIP=0 TOTAL=1
[2024-07-14T04:26:03.225+0000] {local.py:196} WARNING - Artifact schema version: https://schemas.getdbt.com/dbt/manifest/v12.json is above dbt-ol supported version 7. This might cause errors.
[2024-07-14T04:26:03.245+0000] {local.py:196} WARNING - Artifact schema version: https://schemas.getdbt.com/dbt/run-results/v6.json is above dbt-ol supported version 5. This might cause errors.
[2024-07-14T04:26:03.287+0000] {local.py:349} INFO - Inlets: [Dataset(uri='snowflake://OU00370.europe-west2.gcp/ELT_BATCH.dwh.dim_categories', extra=None), Dataset(uri='snowflake://OU00370.europe-west2.gcp/ELT_BATCH.dwh.dim_suppliers', extra=None), Dataset(uri='snowflake://OU00370.europe-west2.gcp/ELT_BATCH.raw.raw_products', extra=None)]
[2024-07-14T04:26:03.289+0000] {local.py:350} INFO - Outlets: [Dataset(uri='snowflake://OU00370.europe-west2.gcp/ELT_BATCH.dwh.dim_products', extra=None)]
[2024-07-14T04:26:03.291+0000] {dag.py:3096} INFO - Sync 1 DAGs
[2024-07-14T04:26:03.610+0000] {logging_mixin.py:188} WARNING - /home/airflow/.local/lib/python3.12/site-packages/airflow/datasets/manager.py:53 SAWarning: DELETE statement on table 'task_outlet_dataset_reference' expected to delete 1 row(s); 0 were matched.  Please set confirm_deleted_rows=False within the mapper configuration to prevent this warning.
[2024-07-14T04:26:03.903+0000] {taskinstance.py:441} INFO - ::group::Post task execution logs
[2024-07-14T04:26:04.136+0000] {taskinstance.py:1206} INFO - Marking task as SUCCESS. dag_id=ELT-PROJECT, task_id=transform.dim_products.run, run_id=scheduled__2024-07-08T00:00:00+00:00, execution_date=20240708T000000, start_date=20240714T042500, end_date=20240714T042604
[2024-07-14T04:26:05.130+0000] {local_task_job_runner.py:240} INFO - Task exited with return code 0
[2024-07-14T04:26:05.186+0000] {local_task_job_runner.py:222} INFO - ::endgroup::
