[2024-07-14T04:13:43.583+0000] {local_task_job_runner.py:120} INFO - ::group::Pre task execution logs
[2024-07-14T04:13:43.734+0000] {taskinstance.py:2076} INFO - Dependencies all met for dep_context=non-requeueable deps ti=<TaskInstance: ELT-PROJECT.transform.raw_orders.run scheduled__2024-07-06T00:00:00+00:00 [queued]>
[2024-07-14T04:13:43.858+0000] {taskinstance.py:2076} INFO - Dependencies all met for dep_context=requeueable deps ti=<TaskInstance: ELT-PROJECT.transform.raw_orders.run scheduled__2024-07-06T00:00:00+00:00 [queued]>
[2024-07-14T04:13:43.877+0000] {taskinstance.py:2306} INFO - Starting attempt 1 of 2
[2024-07-14T04:13:44.002+0000] {taskinstance.py:2330} INFO - Executing <Task(DbtRunLocalOperator): transform.raw_orders.run> on 2024-07-06 00:00:00+00:00
[2024-07-14T04:13:44.044+0000] {logging_mixin.py:188} WARNING - /home/airflow/.local/lib/python3.12/site-packages/airflow/task/task_runner/standard_task_runner.py:61 DeprecationWarning: This process (pid=14706) is multi-threaded, use of fork() may lead to deadlocks in the child.
[2024-07-14T04:13:44.047+0000] {standard_task_runner.py:63} INFO - Started process 14728 to run task
[2024-07-14T04:13:44.044+0000] {standard_task_runner.py:90} INFO - Running: ['airflow', 'tasks', 'run', 'ELT-PROJECT', 'transform.raw_orders.run', 'scheduled__2024-07-06T00:00:00+00:00', '--job-id', '1186', '--raw', '--subdir', 'DAGS_FOLDER/elt.py', '--cfg-path', '/tmp/tmpsrxkoj3d']
[2024-07-14T04:13:44.061+0000] {standard_task_runner.py:91} INFO - Job 1186: Subtask transform.raw_orders.run
[2024-07-14T04:13:44.146+0000] {logging_mixin.py:188} WARNING - /home/airflow/.local/lib/python3.12/site-packages/airflow/settings.py:195 DeprecationWarning: The sql_alchemy_conn option in [core] has been moved to the sql_alchemy_conn option in [database] - the old setting has been used, but please update your config.
[2024-07-14T04:13:44.363+0000] {task_command.py:426} INFO - Running <TaskInstance: ELT-PROJECT.transform.raw_orders.run scheduled__2024-07-06T00:00:00+00:00 [running]> on host airflow-scheduler
[2024-07-14T04:13:45.113+0000] {taskinstance.py:2648} INFO - Exporting env vars: AIRFLOW_CTX_DAG_OWNER='Data-Ninja' AIRFLOW_CTX_DAG_ID='ELT-PROJECT' AIRFLOW_CTX_TASK_ID='transform.raw_orders.run' AIRFLOW_CTX_EXECUTION_DATE='2024-07-06T00:00:00+00:00' AIRFLOW_CTX_TRY_NUMBER='1' AIRFLOW_CTX_DAG_RUN_ID='scheduled__2024-07-06T00:00:00+00:00'
[2024-07-14T04:13:45.140+0000] {taskinstance.py:430} INFO - ::endgroup::
[2024-07-14T04:13:45.145+0000] {local.py:174} INFO - Could not import dbtRunner. Falling back to subprocess for invoking dbt.
[2024-07-14T04:13:45.149+0000] {local.py:292} INFO - Cloning project to writable temp directory /tmp/tmps15ii6_p from /opt/airflow/dags/dbt/dbt_project
[2024-07-14T04:13:45.166+0000] {local.py:303} INFO - Partial parse is enabled and the latest partial parse file is /tmp/cosmos/ELT-PROJECT__transform/target/partial_parse.msgpack
[2024-07-14T04:13:45.342+0000] {base.py:84} INFO - Using connection ID 'snow_conn' for task execution.
[2024-07-14T04:13:45.358+0000] {crypto.py:82} WARNING - empty cryptography key - values will not be stored encrypted.
[2024-07-14T04:13:45.367+0000] {config.py:298} INFO - Profile caching is enable.
[2024-07-14T04:13:45.374+0000] {config.py:272} INFO - Profile found in cache using profile: /tmp/cosmos/profile/a0017dab0633177292578162811b91dcb9c56d6e54017e9660056cc364a762ad/profiles.yml.
[2024-07-14T04:13:45.387+0000] {local.py:247} INFO - Trying to run the command:
 ['/opt/airflow/dbt_venv/bin/dbt', 'deps', '--project-dir', '/tmp/tmps15ii6_p', '--profiles-dir', '/tmp/cosmos/profile/a0017dab0633177292578162811b91dcb9c56d6e54017e9660056cc364a762ad', '--profile', 'dbt_project', '--target', 'dev']
From /tmp/tmps15ii6_p
[2024-07-14T04:13:45.397+0000] {subprocess.py:60} INFO - Tmp dir root location: 
 /tmp
[2024-07-14T04:13:45.399+0000] {subprocess.py:73} INFO - Running command: ['/opt/airflow/dbt_venv/bin/dbt', 'deps', '--project-dir', '/tmp/tmps15ii6_p', '--profiles-dir', '/tmp/cosmos/profile/a0017dab0633177292578162811b91dcb9c56d6e54017e9660056cc364a762ad', '--profile', 'dbt_project', '--target', 'dev']
[2024-07-14T04:13:45.455+0000] {subprocess.py:84} INFO - Command output:
[2024-07-14T04:13:58.955+0000] {subprocess.py:94} INFO - [0m04:13:58  Running with dbt=1.8.3
[2024-07-14T04:13:59.747+0000] {subprocess.py:94} INFO - [0m04:13:59  Updating lock file in file path: /tmp/tmps15ii6_p/package-lock.yml
[2024-07-14T04:13:59.773+0000] {subprocess.py:94} INFO - [0m04:13:59  Installing dbt-labs/dbt_utils
[2024-07-14T04:14:00.349+0000] {subprocess.py:94} INFO - [0m04:14:00  Installed from version 0.8.6
[2024-07-14T04:14:00.351+0000] {subprocess.py:94} INFO - [0m04:14:00  Updated version available: 1.2.0
[2024-07-14T04:14:00.355+0000] {subprocess.py:94} INFO - [0m04:14:00
[2024-07-14T04:14:00.357+0000] {subprocess.py:94} INFO - [0m04:14:00  Updates available for packages: ['dbt-labs/dbt_utils']
[2024-07-14T04:14:00.365+0000] {subprocess.py:94} INFO - Update your versions in packages.yml, then run dbt deps
[2024-07-14T04:14:05.278+0000] {subprocess.py:98} INFO - Command exited with return code 0
[2024-07-14T04:14:05.282+0000] {local.py:254} INFO - Update your versions in packages.yml, then run dbt deps
[2024-07-14T04:14:05.285+0000] {local.py:247} INFO - Trying to run the command:
 ['/opt/airflow/dbt_venv/bin/dbt', 'run', '--models', 'raw_orders', '--project-dir', '/tmp/tmps15ii6_p', '--profiles-dir', '/tmp/cosmos/profile/a0017dab0633177292578162811b91dcb9c56d6e54017e9660056cc364a762ad', '--profile', 'dbt_project', '--target', 'dev']
From /tmp/tmps15ii6_p
[2024-07-14T04:14:05.289+0000] {subprocess.py:60} INFO - Tmp dir root location: 
 /tmp
[2024-07-14T04:14:05.305+0000] {subprocess.py:73} INFO - Running command: ['/opt/airflow/dbt_venv/bin/dbt', 'run', '--models', 'raw_orders', '--project-dir', '/tmp/tmps15ii6_p', '--profiles-dir', '/tmp/cosmos/profile/a0017dab0633177292578162811b91dcb9c56d6e54017e9660056cc364a762ad', '--profile', 'dbt_project', '--target', 'dev']
[2024-07-14T04:14:05.477+0000] {subprocess.py:84} INFO - Command output:
[2024-07-14T04:14:24.433+0000] {subprocess.py:94} INFO - [0m04:14:24  Running with dbt=1.8.3
[2024-07-14T04:14:28.495+0000] {subprocess.py:94} INFO - [0m04:14:28  Registered adapter: snowflake=1.8.3
[2024-07-14T04:14:34.741+0000] {subprocess.py:94} INFO - [0m04:14:34  Found 20 models, 27 data tests, 11 sources, 684 macros
[2024-07-14T04:14:34.806+0000] {subprocess.py:94} INFO - [0m04:14:34
[2024-07-14T04:14:43.628+0000] {subprocess.py:94} INFO - [0m04:14:43  Concurrency: 1 threads (target='dev')
[2024-07-14T04:14:43.634+0000] {subprocess.py:94} INFO - [0m04:14:43
[2024-07-14T04:14:43.830+0000] {subprocess.py:94} INFO - [0m04:14:43  1 of 1 START sql table model raw.raw_orders .................................... [RUN]
[2024-07-14T04:14:47.619+0000] {subprocess.py:94} INFO - [0m04:14:47  1 of 1 OK created sql table model raw.raw_orders ............................... [[32mSUCCESS 1[0m in 3.75s]
[2024-07-14T04:14:47.641+0000] {subprocess.py:94} INFO - [0m04:14:47
[2024-07-14T04:14:47.667+0000] {subprocess.py:94} INFO - [0m04:14:47  Finished running 1 table model in 0 hours 0 minutes and 12.82 seconds (12.82s).
[2024-07-14T04:14:48.230+0000] {subprocess.py:94} INFO - [0m04:14:48
[2024-07-14T04:14:48.236+0000] {subprocess.py:94} INFO - [0m04:14:48  [32mCompleted successfully[0m
[2024-07-14T04:14:48.252+0000] {subprocess.py:94} INFO - [0m04:14:48
[2024-07-14T04:14:48.257+0000] {subprocess.py:94} INFO - [0m04:14:48  Done. PASS=1 WARN=0 ERROR=0 SKIP=0 TOTAL=1
[2024-07-14T04:14:51.393+0000] {subprocess.py:98} INFO - Command exited with return code 0
[2024-07-14T04:14:51.395+0000] {local.py:254} INFO - [0m04:14:48  Done. PASS=1 WARN=0 ERROR=0 SKIP=0 TOTAL=1
[2024-07-14T04:14:52.717+0000] {local.py:196} WARNING - Artifact schema version: https://schemas.getdbt.com/dbt/manifest/v12.json is above dbt-ol supported version 7. This might cause errors.
[2024-07-14T04:14:52.744+0000] {local.py:196} WARNING - Artifact schema version: https://schemas.getdbt.com/dbt/run-results/v6.json is above dbt-ol supported version 5. This might cause errors.
[2024-07-14T04:14:52.804+0000] {local.py:349} INFO - Inlets: [Dataset(uri='snowflake://OU00370.europe-west2.gcp/ELT_BATCH.PUBLIC.orders', extra=None)]
[2024-07-14T04:14:52.807+0000] {local.py:350} INFO - Outlets: [Dataset(uri='snowflake://OU00370.europe-west2.gcp/ELT_BATCH.raw.raw_orders', extra=None)]
[2024-07-14T04:14:52.810+0000] {dag.py:3096} INFO - Sync 1 DAGs
[2024-07-14T04:14:53.075+0000] {taskinstance.py:441} INFO - ::group::Post task execution logs
[2024-07-14T04:14:53.313+0000] {taskinstance.py:1206} INFO - Marking task as SUCCESS. dag_id=ELT-PROJECT, task_id=transform.raw_orders.run, run_id=scheduled__2024-07-06T00:00:00+00:00, execution_date=20240706T000000, start_date=20240714T041343, end_date=20240714T041453
[2024-07-14T04:14:53.876+0000] {local_task_job_runner.py:240} INFO - Task exited with return code 0
[2024-07-14T04:14:54.023+0000] {taskinstance.py:3503} INFO - 1 downstream tasks scheduled from follow-on schedule check
[2024-07-14T04:14:54.049+0000] {local_task_job_runner.py:222} INFO - ::endgroup::
