[2024-07-14T04:41:02.332+0000] {local_task_job_runner.py:120} INFO - ::group::Pre task execution logs
[2024-07-14T04:41:02.536+0000] {taskinstance.py:2076} INFO - Dependencies all met for dep_context=non-requeueable deps ti=<TaskInstance: ELT-PROJECT.transform.best_employee_run scheduled__2024-07-01T00:00:00+00:00 [queued]>
[2024-07-14T04:41:02.599+0000] {taskinstance.py:2076} INFO - Dependencies all met for dep_context=requeueable deps ti=<TaskInstance: ELT-PROJECT.transform.best_employee_run scheduled__2024-07-01T00:00:00+00:00 [queued]>
[2024-07-14T04:41:02.607+0000] {taskinstance.py:2306} INFO - Starting attempt 1 of 2
[2024-07-14T04:41:02.663+0000] {taskinstance.py:2330} INFO - Executing <Task(DbtRunLocalOperator): transform.best_employee_run> on 2024-07-01 00:00:00+00:00
[2024-07-14T04:41:02.876+0000] {standard_task_runner.py:90} INFO - Running: ['airflow', 'tasks', 'run', 'ELT-PROJECT', 'transform.best_employee_run', 'scheduled__2024-07-01T00:00:00+00:00', '--job-id', '1543', '--raw', '--subdir', 'DAGS_FOLDER/elt.py', '--cfg-path', '/tmp/tmpy_jqylt9']
[2024-07-14T04:41:02.878+0000] {logging_mixin.py:188} WARNING - /home/airflow/.local/lib/python3.12/site-packages/airflow/task/task_runner/standard_task_runner.py:61 DeprecationWarning: This process (pid=20455) is multi-threaded, use of fork() may lead to deadlocks in the child.
[2024-07-14T04:41:02.902+0000] {standard_task_runner.py:63} INFO - Started process 20487 to run task
[2024-07-14T04:41:02.900+0000] {standard_task_runner.py:91} INFO - Job 1543: Subtask transform.best_employee_run
[2024-07-14T04:41:03.043+0000] {logging_mixin.py:188} WARNING - /home/airflow/.local/lib/python3.12/site-packages/airflow/settings.py:195 DeprecationWarning: The sql_alchemy_conn option in [core] has been moved to the sql_alchemy_conn option in [database] - the old setting has been used, but please update your config.
[2024-07-14T04:41:03.379+0000] {task_command.py:426} INFO - Running <TaskInstance: ELT-PROJECT.transform.best_employee_run scheduled__2024-07-01T00:00:00+00:00 [running]> on host airflow-scheduler
[2024-07-14T04:41:03.949+0000] {taskinstance.py:2648} INFO - Exporting env vars: AIRFLOW_CTX_DAG_OWNER='Data-Ninja' AIRFLOW_CTX_DAG_ID='ELT-PROJECT' AIRFLOW_CTX_TASK_ID='transform.best_employee_run' AIRFLOW_CTX_EXECUTION_DATE='2024-07-01T00:00:00+00:00' AIRFLOW_CTX_TRY_NUMBER='1' AIRFLOW_CTX_DAG_RUN_ID='scheduled__2024-07-01T00:00:00+00:00'
[2024-07-14T04:41:03.972+0000] {taskinstance.py:430} INFO - ::endgroup::
[2024-07-14T04:41:03.986+0000] {local.py:174} INFO - Could not import dbtRunner. Falling back to subprocess for invoking dbt.
[2024-07-14T04:41:04.009+0000] {local.py:292} INFO - Cloning project to writable temp directory /tmp/tmpfkzbkd3d from /opt/airflow/dags/dbt/dbt_project
[2024-07-14T04:41:04.061+0000] {local.py:303} INFO - Partial parse is enabled and the latest partial parse file is /tmp/cosmos/ELT-PROJECT__transform/target/partial_parse.msgpack
[2024-07-14T04:41:04.409+0000] {base.py:84} INFO - Using connection ID 'snow_conn' for task execution.
[2024-07-14T04:41:04.411+0000] {crypto.py:82} WARNING - empty cryptography key - values will not be stored encrypted.
[2024-07-14T04:41:04.413+0000] {config.py:298} INFO - Profile caching is enable.
[2024-07-14T04:41:04.422+0000] {config.py:272} INFO - Profile found in cache using profile: /tmp/cosmos/profile/a0017dab0633177292578162811b91dcb9c56d6e54017e9660056cc364a762ad/profiles.yml.
[2024-07-14T04:41:04.425+0000] {local.py:247} INFO - Trying to run the command:
 ['/opt/airflow/dbt_venv/bin/dbt', 'deps', '--project-dir', '/tmp/tmpfkzbkd3d', '--profiles-dir', '/tmp/cosmos/profile/a0017dab0633177292578162811b91dcb9c56d6e54017e9660056cc364a762ad', '--profile', 'dbt_project', '--target', 'dev']
From /tmp/tmpfkzbkd3d
[2024-07-14T04:41:04.435+0000] {subprocess.py:60} INFO - Tmp dir root location: 
 /tmp
[2024-07-14T04:41:04.439+0000] {subprocess.py:73} INFO - Running command: ['/opt/airflow/dbt_venv/bin/dbt', 'deps', '--project-dir', '/tmp/tmpfkzbkd3d', '--profiles-dir', '/tmp/cosmos/profile/a0017dab0633177292578162811b91dcb9c56d6e54017e9660056cc364a762ad', '--profile', 'dbt_project', '--target', 'dev']
[2024-07-14T04:41:04.618+0000] {subprocess.py:84} INFO - Command output:
[2024-07-14T04:41:24.139+0000] {subprocess.py:94} INFO - [0m04:41:24  Running with dbt=1.8.3
[2024-07-14T04:41:25.317+0000] {subprocess.py:94} INFO - [0m04:41:25  Updating lock file in file path: /tmp/tmpfkzbkd3d/package-lock.yml
[2024-07-14T04:41:25.376+0000] {subprocess.py:94} INFO - [0m04:41:25  Installing dbt-labs/dbt_utils
[2024-07-14T04:41:26.095+0000] {subprocess.py:94} INFO - [0m04:41:26  Installed from version 0.8.6
[2024-07-14T04:41:26.118+0000] {subprocess.py:94} INFO - [0m04:41:26  Updated version available: 1.2.0
[2024-07-14T04:41:26.141+0000] {subprocess.py:94} INFO - [0m04:41:26
[2024-07-14T04:41:26.153+0000] {subprocess.py:94} INFO - [0m04:41:26  Updates available for packages: ['dbt-labs/dbt_utils']
[2024-07-14T04:41:26.155+0000] {subprocess.py:94} INFO - Update your versions in packages.yml, then run dbt deps
[2024-07-14T04:41:28.464+0000] {subprocess.py:98} INFO - Command exited with return code 0
[2024-07-14T04:41:28.466+0000] {local.py:254} INFO - Update your versions in packages.yml, then run dbt deps
[2024-07-14T04:41:28.468+0000] {local.py:247} INFO - Trying to run the command:
 ['/opt/airflow/dbt_venv/bin/dbt', 'run', '--models', 'best_employee', '--project-dir', '/tmp/tmpfkzbkd3d', '--profiles-dir', '/tmp/cosmos/profile/a0017dab0633177292578162811b91dcb9c56d6e54017e9660056cc364a762ad', '--profile', 'dbt_project', '--target', 'dev']
From /tmp/tmpfkzbkd3d
[2024-07-14T04:41:28.470+0000] {subprocess.py:60} INFO - Tmp dir root location: 
 /tmp
[2024-07-14T04:41:28.472+0000] {subprocess.py:73} INFO - Running command: ['/opt/airflow/dbt_venv/bin/dbt', 'run', '--models', 'best_employee', '--project-dir', '/tmp/tmpfkzbkd3d', '--profiles-dir', '/tmp/cosmos/profile/a0017dab0633177292578162811b91dcb9c56d6e54017e9660056cc364a762ad', '--profile', 'dbt_project', '--target', 'dev']
[2024-07-14T04:41:28.562+0000] {subprocess.py:84} INFO - Command output:
[2024-07-14T04:41:49.004+0000] {subprocess.py:94} INFO - [0m04:41:49  Running with dbt=1.8.3
[2024-07-14T04:41:54.615+0000] {subprocess.py:94} INFO - [0m04:41:54  Registered adapter: snowflake=1.8.3
[2024-07-14T04:42:00.175+0000] {subprocess.py:94} INFO - [0m04:42:00  Found 20 models, 27 data tests, 11 sources, 684 macros
[2024-07-14T04:42:00.194+0000] {subprocess.py:94} INFO - [0m04:42:00
[2024-07-14T04:42:08.970+0000] {subprocess.py:94} INFO - [0m04:42:08  Concurrency: 1 threads (target='dev')
[2024-07-14T04:42:08.990+0000] {subprocess.py:94} INFO - [0m04:42:08
[2024-07-14T04:42:09.054+0000] {subprocess.py:94} INFO - [0m04:42:09  1 of 1 START sql table model dm.best_employee .................................. [RUN]
[2024-07-14T04:42:13.768+0000] {subprocess.py:94} INFO - [0m04:42:13  1 of 1 OK created sql table model dm.best_employee ............................. [[32mSUCCESS 1[0m in 4.70s]
[2024-07-14T04:42:13.793+0000] {subprocess.py:94} INFO - [0m04:42:13
[2024-07-14T04:42:13.797+0000] {subprocess.py:94} INFO - [0m04:42:13  Finished running 1 table model in 0 hours 0 minutes and 13.60 seconds (13.60s).
[2024-07-14T04:42:14.798+0000] {subprocess.py:94} INFO - [0m04:42:14
[2024-07-14T04:42:14.802+0000] {subprocess.py:94} INFO - [0m04:42:14  [32mCompleted successfully[0m
[2024-07-14T04:42:14.806+0000] {subprocess.py:94} INFO - [0m04:42:14
[2024-07-14T04:42:14.812+0000] {subprocess.py:94} INFO - [0m04:42:14  Done. PASS=1 WARN=0 ERROR=0 SKIP=0 TOTAL=1
[2024-07-14T04:42:16.916+0000] {subprocess.py:98} INFO - Command exited with return code 0
[2024-07-14T04:42:16.920+0000] {local.py:254} INFO - [0m04:42:14  Done. PASS=1 WARN=0 ERROR=0 SKIP=0 TOTAL=1
[2024-07-14T04:42:18.274+0000] {local.py:196} WARNING - Artifact schema version: https://schemas.getdbt.com/dbt/manifest/v12.json is above dbt-ol supported version 7. This might cause errors.
[2024-07-14T04:42:18.276+0000] {local.py:196} WARNING - Artifact schema version: https://schemas.getdbt.com/dbt/run-results/v6.json is above dbt-ol supported version 5. This might cause errors.
[2024-07-14T04:42:18.324+0000] {local.py:349} INFO - Inlets: [Dataset(uri='snowflake://OU00370.europe-west2.gcp/ELT_BATCH.dwh.dim_employees', extra=None), Dataset(uri='snowflake://OU00370.europe-west2.gcp/ELT_BATCH.dwh.fact_order_details', extra=None), Dataset(uri='snowflake://OU00370.europe-west2.gcp/ELT_BATCH.dwh.fact_orders', extra=None)]
[2024-07-14T04:42:18.352+0000] {local.py:350} INFO - Outlets: [Dataset(uri='snowflake://OU00370.europe-west2.gcp/ELT_BATCH.dm.best_employee', extra=None)]
[2024-07-14T04:42:18.377+0000] {dag.py:3096} INFO - Sync 1 DAGs
[2024-07-14T04:42:18.584+0000] {dag.py:3954} INFO - Setting next_dagrun for ELT-PROJECT to 2024-07-14 00:00:00+00:00, run_after=2024-07-15 00:00:00+00:00
[2024-07-14T04:42:18.797+0000] {taskinstance.py:441} INFO - ::group::Post task execution logs
[2024-07-14T04:42:19.096+0000] {taskinstance.py:1206} INFO - Marking task as SUCCESS. dag_id=ELT-PROJECT, task_id=transform.best_employee_run, run_id=scheduled__2024-07-01T00:00:00+00:00, execution_date=20240701T000000, start_date=20240714T044102, end_date=20240714T044219
[2024-07-14T04:42:19.231+0000] {local_task_job_runner.py:240} INFO - Task exited with return code 0
[2024-07-14T04:42:19.444+0000] {taskinstance.py:3503} INFO - 0 downstream tasks scheduled from follow-on schedule check
[2024-07-14T04:42:19.467+0000] {local_task_job_runner.py:222} INFO - ::endgroup::
