[2024-07-14T04:10:17.640+0000] {local_task_job_runner.py:120} INFO - ::group::Pre task execution logs
[2024-07-14T04:10:17.888+0000] {taskinstance.py:2076} INFO - Dependencies all met for dep_context=non-requeueable deps ti=<TaskInstance: ELT-PROJECT.transform.raw_products.run scheduled__2024-06-28T00:00:00+00:00 [queued]>
[2024-07-14T04:10:17.945+0000] {taskinstance.py:2076} INFO - Dependencies all met for dep_context=requeueable deps ti=<TaskInstance: ELT-PROJECT.transform.raw_products.run scheduled__2024-06-28T00:00:00+00:00 [queued]>
[2024-07-14T04:10:17.961+0000] {taskinstance.py:2306} INFO - Starting attempt 1 of 2
[2024-07-14T04:10:18.017+0000] {taskinstance.py:2330} INFO - Executing <Task(DbtRunLocalOperator): transform.raw_products.run> on 2024-06-28 00:00:00+00:00
[2024-07-14T04:10:18.038+0000] {logging_mixin.py:188} WARNING - /home/airflow/.local/lib/python3.12/site-packages/airflow/task/task_runner/standard_task_runner.py:61 DeprecationWarning: This process (pid=13922) is multi-threaded, use of fork() may lead to deadlocks in the child.
[2024-07-14T04:10:18.042+0000] {standard_task_runner.py:63} INFO - Started process 13958 to run task
[2024-07-14T04:10:18.057+0000] {standard_task_runner.py:90} INFO - Running: ['airflow', 'tasks', 'run', 'ELT-PROJECT', 'transform.raw_products.run', 'scheduled__2024-06-28T00:00:00+00:00', '--job-id', '1141', '--raw', '--subdir', 'DAGS_FOLDER/elt.py', '--cfg-path', '/tmp/tmpiy2leqvg']
[2024-07-14T04:10:18.069+0000] {standard_task_runner.py:91} INFO - Job 1141: Subtask transform.raw_products.run
[2024-07-14T04:10:18.157+0000] {logging_mixin.py:188} WARNING - /home/airflow/.local/lib/python3.12/site-packages/airflow/settings.py:195 DeprecationWarning: The sql_alchemy_conn option in [core] has been moved to the sql_alchemy_conn option in [database] - the old setting has been used, but please update your config.
[2024-07-14T04:10:18.422+0000] {task_command.py:426} INFO - Running <TaskInstance: ELT-PROJECT.transform.raw_products.run scheduled__2024-06-28T00:00:00+00:00 [running]> on host airflow-scheduler
[2024-07-14T04:10:18.806+0000] {taskinstance.py:2648} INFO - Exporting env vars: AIRFLOW_CTX_DAG_OWNER='Data-Ninja' AIRFLOW_CTX_DAG_ID='ELT-PROJECT' AIRFLOW_CTX_TASK_ID='transform.raw_products.run' AIRFLOW_CTX_EXECUTION_DATE='2024-06-28T00:00:00+00:00' AIRFLOW_CTX_TRY_NUMBER='1' AIRFLOW_CTX_DAG_RUN_ID='scheduled__2024-06-28T00:00:00+00:00'
[2024-07-14T04:10:18.810+0000] {taskinstance.py:430} INFO - ::endgroup::
[2024-07-14T04:10:18.813+0000] {local.py:174} INFO - Could not import dbtRunner. Falling back to subprocess for invoking dbt.
[2024-07-14T04:10:18.820+0000] {local.py:292} INFO - Cloning project to writable temp directory /tmp/tmpvl7t77ht from /opt/airflow/dags/dbt/dbt_project
[2024-07-14T04:10:18.839+0000] {local.py:303} INFO - Partial parse is enabled and the latest partial parse file is /tmp/cosmos/ELT-PROJECT__transform/target/partial_parse.msgpack
[2024-07-14T04:10:19.382+0000] {base.py:84} INFO - Using connection ID 'snow_conn' for task execution.
[2024-07-14T04:10:19.384+0000] {crypto.py:82} WARNING - empty cryptography key - values will not be stored encrypted.
[2024-07-14T04:10:19.385+0000] {config.py:298} INFO - Profile caching is enable.
[2024-07-14T04:10:19.392+0000] {config.py:272} INFO - Profile found in cache using profile: /tmp/cosmos/profile/a0017dab0633177292578162811b91dcb9c56d6e54017e9660056cc364a762ad/profiles.yml.
[2024-07-14T04:10:19.394+0000] {local.py:247} INFO - Trying to run the command:
 ['/opt/airflow/dbt_venv/bin/dbt', 'deps', '--project-dir', '/tmp/tmpvl7t77ht', '--profiles-dir', '/tmp/cosmos/profile/a0017dab0633177292578162811b91dcb9c56d6e54017e9660056cc364a762ad', '--profile', 'dbt_project', '--target', 'dev']
From /tmp/tmpvl7t77ht
[2024-07-14T04:10:19.397+0000] {subprocess.py:60} INFO - Tmp dir root location: 
 /tmp
[2024-07-14T04:10:19.400+0000] {subprocess.py:73} INFO - Running command: ['/opt/airflow/dbt_venv/bin/dbt', 'deps', '--project-dir', '/tmp/tmpvl7t77ht', '--profiles-dir', '/tmp/cosmos/profile/a0017dab0633177292578162811b91dcb9c56d6e54017e9660056cc364a762ad', '--profile', 'dbt_project', '--target', 'dev']
[2024-07-14T04:10:19.438+0000] {subprocess.py:84} INFO - Command output:
[2024-07-14T04:10:32.044+0000] {subprocess.py:94} INFO - [0m04:10:32  Running with dbt=1.8.3
[2024-07-14T04:10:33.255+0000] {subprocess.py:94} INFO - [0m04:10:33  Updating lock file in file path: /tmp/tmpvl7t77ht/package-lock.yml
[2024-07-14T04:10:33.301+0000] {subprocess.py:94} INFO - [0m04:10:33  Installing dbt-labs/dbt_utils
[2024-07-14T04:10:33.976+0000] {subprocess.py:94} INFO - [0m04:10:33  Installed from version 0.8.6
[2024-07-14T04:10:33.982+0000] {subprocess.py:94} INFO - [0m04:10:33  Updated version available: 1.2.0
[2024-07-14T04:10:33.988+0000] {subprocess.py:94} INFO - [0m04:10:33
[2024-07-14T04:10:33.991+0000] {subprocess.py:94} INFO - [0m04:10:33  Updates available for packages: ['dbt-labs/dbt_utils']
[2024-07-14T04:10:33.995+0000] {subprocess.py:94} INFO - Update your versions in packages.yml, then run dbt deps
[2024-07-14T04:10:36.469+0000] {subprocess.py:98} INFO - Command exited with return code 0
[2024-07-14T04:10:36.474+0000] {local.py:254} INFO - Update your versions in packages.yml, then run dbt deps
[2024-07-14T04:10:36.476+0000] {local.py:247} INFO - Trying to run the command:
 ['/opt/airflow/dbt_venv/bin/dbt', 'run', '--models', 'raw_products', '--project-dir', '/tmp/tmpvl7t77ht', '--profiles-dir', '/tmp/cosmos/profile/a0017dab0633177292578162811b91dcb9c56d6e54017e9660056cc364a762ad', '--profile', 'dbt_project', '--target', 'dev']
From /tmp/tmpvl7t77ht
[2024-07-14T04:10:36.479+0000] {subprocess.py:60} INFO - Tmp dir root location: 
 /tmp
[2024-07-14T04:10:36.496+0000] {subprocess.py:73} INFO - Running command: ['/opt/airflow/dbt_venv/bin/dbt', 'run', '--models', 'raw_products', '--project-dir', '/tmp/tmpvl7t77ht', '--profiles-dir', '/tmp/cosmos/profile/a0017dab0633177292578162811b91dcb9c56d6e54017e9660056cc364a762ad', '--profile', 'dbt_project', '--target', 'dev']
[2024-07-14T04:10:36.561+0000] {subprocess.py:84} INFO - Command output:
[2024-07-14T04:10:49.578+0000] {subprocess.py:94} INFO - [0m04:10:49  Running with dbt=1.8.3
[2024-07-14T04:10:53.184+0000] {subprocess.py:94} INFO - [0m04:10:53  Registered adapter: snowflake=1.8.3
[2024-07-14T04:10:58.323+0000] {subprocess.py:94} INFO - [0m04:10:58  Found 20 models, 27 data tests, 11 sources, 684 macros
[2024-07-14T04:10:58.353+0000] {subprocess.py:94} INFO - [0m04:10:58
[2024-07-14T04:11:06.535+0000] {subprocess.py:94} INFO - [0m04:11:06  Concurrency: 1 threads (target='dev')
[2024-07-14T04:11:06.540+0000] {subprocess.py:94} INFO - [0m04:11:06
[2024-07-14T04:11:06.698+0000] {subprocess.py:94} INFO - [0m04:11:06  1 of 1 START sql table model raw.raw_products .................................. [RUN]
[2024-07-14T04:11:09.711+0000] {subprocess.py:94} INFO - [0m04:11:09  1 of 1 OK created sql table model raw.raw_products ............................. [[32mSUCCESS 1[0m in 3.00s]
[2024-07-14T04:11:09.749+0000] {subprocess.py:94} INFO - [0m04:11:09
[2024-07-14T04:11:09.752+0000] {subprocess.py:94} INFO - [0m04:11:09  Finished running 1 table model in 0 hours 0 minutes and 11.39 seconds (11.39s).
[2024-07-14T04:11:10.458+0000] {subprocess.py:94} INFO - [0m04:11:10
[2024-07-14T04:11:10.461+0000] {subprocess.py:94} INFO - [0m04:11:10  [32mCompleted successfully[0m
[2024-07-14T04:11:10.469+0000] {subprocess.py:94} INFO - [0m04:11:10
[2024-07-14T04:11:10.473+0000] {subprocess.py:94} INFO - [0m04:11:10  Done. PASS=1 WARN=0 ERROR=0 SKIP=0 TOTAL=1
[2024-07-14T04:11:13.235+0000] {subprocess.py:98} INFO - Command exited with return code 0
[2024-07-14T04:11:13.238+0000] {local.py:254} INFO - [0m04:11:10  Done. PASS=1 WARN=0 ERROR=0 SKIP=0 TOTAL=1
[2024-07-14T04:11:13.328+0000] {local.py:196} WARNING - Artifact schema version: https://schemas.getdbt.com/dbt/manifest/v12.json is above dbt-ol supported version 7. This might cause errors.
[2024-07-14T04:11:13.343+0000] {local.py:196} WARNING - Artifact schema version: https://schemas.getdbt.com/dbt/run-results/v6.json is above dbt-ol supported version 5. This might cause errors.
[2024-07-14T04:11:13.421+0000] {local.py:349} INFO - Inlets: [Dataset(uri='snowflake://OU00370.europe-west2.gcp/ELT_BATCH.PUBLIC.products', extra=None)]
[2024-07-14T04:11:13.424+0000] {local.py:350} INFO - Outlets: [Dataset(uri='snowflake://OU00370.europe-west2.gcp/ELT_BATCH.raw.raw_products', extra=None)]
[2024-07-14T04:11:13.476+0000] {dag.py:3096} INFO - Sync 1 DAGs
[2024-07-14T04:11:13.921+0000] {taskinstance.py:441} INFO - ::group::Post task execution logs
[2024-07-14T04:11:14.099+0000] {taskinstance.py:1206} INFO - Marking task as SUCCESS. dag_id=ELT-PROJECT, task_id=transform.raw_products.run, run_id=scheduled__2024-06-28T00:00:00+00:00, execution_date=20240628T000000, start_date=20240714T041017, end_date=20240714T041114
[2024-07-14T04:11:16.135+0000] {local_task_job_runner.py:240} INFO - Task exited with return code 0
[2024-07-14T04:11:16.684+0000] {taskinstance.py:3503} INFO - 1 downstream tasks scheduled from follow-on schedule check
[2024-07-14T04:11:16.695+0000] {local_task_job_runner.py:222} INFO - ::endgroup::
