[2024-07-14T03:25:55.481+0000] {local_task_job_runner.py:120} INFO - ::group::Pre task execution logs
[2024-07-14T03:25:55.574+0000] {taskinstance.py:2076} INFO - Dependencies all met for dep_context=non-requeueable deps ti=<TaskInstance: ELT-PROJECT.transform.raw_employee_territories_run manual__2024-07-14T03:25:17.009601+00:00 [queued]>
[2024-07-14T03:25:55.660+0000] {taskinstance.py:2076} INFO - Dependencies all met for dep_context=requeueable deps ti=<TaskInstance: ELT-PROJECT.transform.raw_employee_territories_run manual__2024-07-14T03:25:17.009601+00:00 [queued]>
[2024-07-14T03:25:55.665+0000] {taskinstance.py:2306} INFO - Starting attempt 1 of 2
[2024-07-14T03:25:55.868+0000] {taskinstance.py:2330} INFO - Executing <Task(DbtRunLocalOperator): transform.raw_employee_territories_run> on 2024-07-14 03:25:17.009601+00:00
[2024-07-14T03:25:55.891+0000] {logging_mixin.py:188} WARNING - /home/airflow/.local/lib/python3.12/site-packages/airflow/task/task_runner/standard_task_runner.py:61 DeprecationWarning: This process (pid=6877) is multi-threaded, use of fork() may lead to deadlocks in the child.
[2024-07-14T03:25:55.896+0000] {standard_task_runner.py:63} INFO - Started process 6897 to run task
[2024-07-14T03:25:55.897+0000] {standard_task_runner.py:90} INFO - Running: ['airflow', 'tasks', 'run', 'ELT-PROJECT', 'transform.raw_employee_territories_run', 'manual__2024-07-14T03:25:17.009601+00:00', '--job-id', '575', '--raw', '--subdir', 'DAGS_FOLDER/elt.py', '--cfg-path', '/tmp/tmplqpgpxtr']
[2024-07-14T03:25:55.906+0000] {standard_task_runner.py:91} INFO - Job 575: Subtask transform.raw_employee_territories_run
[2024-07-14T03:25:55.993+0000] {logging_mixin.py:188} WARNING - /home/airflow/.local/lib/python3.12/site-packages/airflow/settings.py:195 DeprecationWarning: The sql_alchemy_conn option in [core] has been moved to the sql_alchemy_conn option in [database] - the old setting has been used, but please update your config.
[2024-07-14T03:25:56.148+0000] {task_command.py:426} INFO - Running <TaskInstance: ELT-PROJECT.transform.raw_employee_territories_run manual__2024-07-14T03:25:17.009601+00:00 [running]> on host airflow-scheduler
[2024-07-14T03:25:56.564+0000] {taskinstance.py:2648} INFO - Exporting env vars: AIRFLOW_CTX_DAG_OWNER='Data-Ninja' AIRFLOW_CTX_DAG_ID='ELT-PROJECT' AIRFLOW_CTX_TASK_ID='transform.raw_employee_territories_run' AIRFLOW_CTX_EXECUTION_DATE='2024-07-14T03:25:17.009601+00:00' AIRFLOW_CTX_TRY_NUMBER='1' AIRFLOW_CTX_DAG_RUN_ID='manual__2024-07-14T03:25:17.009601+00:00'
[2024-07-14T03:25:56.571+0000] {taskinstance.py:430} INFO - ::endgroup::
[2024-07-14T03:25:56.577+0000] {local.py:174} INFO - Could not import dbtRunner. Falling back to subprocess for invoking dbt.
[2024-07-14T03:25:56.581+0000] {local.py:292} INFO - Cloning project to writable temp directory /tmp/tmpmsvb53lx from /opt/airflow/dags/dbt/dbt_project
[2024-07-14T03:25:56.613+0000] {local.py:303} INFO - Partial parse is enabled and the latest partial parse file is /tmp/cosmos/ELT-PROJECT__transform/target/partial_parse.msgpack
[2024-07-14T03:25:57.199+0000] {base.py:84} INFO - Using connection ID 'snow_conn' for task execution.
[2024-07-14T03:25:57.214+0000] {crypto.py:82} WARNING - empty cryptography key - values will not be stored encrypted.
[2024-07-14T03:25:57.216+0000] {config.py:298} INFO - Profile caching is enable.
[2024-07-14T03:25:57.221+0000] {config.py:272} INFO - Profile found in cache using profile: /tmp/cosmos/profile/a0017dab0633177292578162811b91dcb9c56d6e54017e9660056cc364a762ad/profiles.yml.
[2024-07-14T03:25:57.226+0000] {local.py:247} INFO - Trying to run the command:
 ['/opt/airflow/dbt_venv/bin/dbt', 'deps', '--project-dir', '/tmp/tmpmsvb53lx', '--profiles-dir', '/tmp/cosmos/profile/a0017dab0633177292578162811b91dcb9c56d6e54017e9660056cc364a762ad', '--profile', 'dbt_project', '--target', 'dev']
From /tmp/tmpmsvb53lx
[2024-07-14T03:25:57.229+0000] {subprocess.py:60} INFO - Tmp dir root location: 
 /tmp
[2024-07-14T03:25:57.231+0000] {subprocess.py:73} INFO - Running command: ['/opt/airflow/dbt_venv/bin/dbt', 'deps', '--project-dir', '/tmp/tmpmsvb53lx', '--profiles-dir', '/tmp/cosmos/profile/a0017dab0633177292578162811b91dcb9c56d6e54017e9660056cc364a762ad', '--profile', 'dbt_project', '--target', 'dev']
[2024-07-14T03:25:57.271+0000] {subprocess.py:84} INFO - Command output:
[2024-07-14T03:26:09.894+0000] {subprocess.py:94} INFO - [0m03:26:09  Running with dbt=1.8.3
[2024-07-14T03:26:10.568+0000] {subprocess.py:94} INFO - [0m03:26:10  Updating lock file in file path: /tmp/tmpmsvb53lx/package-lock.yml
[2024-07-14T03:26:10.585+0000] {subprocess.py:94} INFO - [0m03:26:10  Installing dbt-labs/dbt_utils
[2024-07-14T03:26:16.069+0000] {subprocess.py:94} INFO - [0m03:26:16  Installed from version 0.8.6
[2024-07-14T03:26:16.090+0000] {subprocess.py:94} INFO - [0m03:26:16  Updated version available: 1.2.0
[2024-07-14T03:26:16.104+0000] {subprocess.py:94} INFO - [0m03:26:16
[2024-07-14T03:26:16.110+0000] {subprocess.py:94} INFO - [0m03:26:16  Updates available for packages: ['dbt-labs/dbt_utils']
[2024-07-14T03:26:16.122+0000] {subprocess.py:94} INFO - Update your versions in packages.yml, then run dbt deps
[2024-07-14T03:26:18.807+0000] {subprocess.py:98} INFO - Command exited with return code 0
[2024-07-14T03:26:18.812+0000] {local.py:254} INFO - Update your versions in packages.yml, then run dbt deps
[2024-07-14T03:26:18.825+0000] {local.py:247} INFO - Trying to run the command:
 ['/opt/airflow/dbt_venv/bin/dbt', 'run', '--models', 'raw_employee_territories', '--project-dir', '/tmp/tmpmsvb53lx', '--profiles-dir', '/tmp/cosmos/profile/a0017dab0633177292578162811b91dcb9c56d6e54017e9660056cc364a762ad', '--profile', 'dbt_project', '--target', 'dev']
From /tmp/tmpmsvb53lx
[2024-07-14T03:26:18.837+0000] {subprocess.py:60} INFO - Tmp dir root location: 
 /tmp
[2024-07-14T03:26:18.841+0000] {subprocess.py:73} INFO - Running command: ['/opt/airflow/dbt_venv/bin/dbt', 'run', '--models', 'raw_employee_territories', '--project-dir', '/tmp/tmpmsvb53lx', '--profiles-dir', '/tmp/cosmos/profile/a0017dab0633177292578162811b91dcb9c56d6e54017e9660056cc364a762ad', '--profile', 'dbt_project', '--target', 'dev']
[2024-07-14T03:26:18.929+0000] {subprocess.py:84} INFO - Command output:
[2024-07-14T03:26:30.506+0000] {subprocess.py:94} INFO - [0m03:26:30  Running with dbt=1.8.3
[2024-07-14T03:26:33.487+0000] {subprocess.py:94} INFO - [0m03:26:33  Registered adapter: snowflake=1.8.3
[2024-07-14T03:26:40.173+0000] {subprocess.py:94} INFO - [0m03:26:40  Found 20 models, 27 data tests, 11 sources, 684 macros
[2024-07-14T03:26:40.186+0000] {subprocess.py:94} INFO - [0m03:26:40
[2024-07-14T03:26:47.708+0000] {subprocess.py:94} INFO - [0m03:26:47  Concurrency: 1 threads (target='dev')
[2024-07-14T03:26:47.709+0000] {subprocess.py:94} INFO - [0m03:26:47
[2024-07-14T03:26:47.734+0000] {subprocess.py:94} INFO - [0m03:26:47  1 of 1 START sql table model raw.raw_employee_territories ...................... [RUN]
[2024-07-14T03:26:50.085+0000] {subprocess.py:94} INFO - [0m03:26:50  1 of 1 OK created sql table model raw.raw_employee_territories ................. [[32mSUCCESS 1[0m in 2.34s]
[2024-07-14T03:26:50.097+0000] {subprocess.py:94} INFO - [0m03:26:50
[2024-07-14T03:26:50.099+0000] {subprocess.py:94} INFO - [0m03:26:50  Finished running 1 table model in 0 hours 0 minutes and 9.91 seconds (9.91s).
[2024-07-14T03:26:50.250+0000] {subprocess.py:94} INFO - [0m03:26:50
[2024-07-14T03:26:50.252+0000] {subprocess.py:94} INFO - [0m03:26:50  [32mCompleted successfully[0m
[2024-07-14T03:26:50.253+0000] {subprocess.py:94} INFO - [0m03:26:50
[2024-07-14T03:26:50.255+0000] {subprocess.py:94} INFO - [0m03:26:50  Done. PASS=1 WARN=0 ERROR=0 SKIP=0 TOTAL=1
[2024-07-14T03:26:52.786+0000] {subprocess.py:98} INFO - Command exited with return code 0
[2024-07-14T03:26:52.791+0000] {local.py:254} INFO - [0m03:26:50  Done. PASS=1 WARN=0 ERROR=0 SKIP=0 TOTAL=1
[2024-07-14T03:26:52.892+0000] {local.py:196} WARNING - Artifact schema version: https://schemas.getdbt.com/dbt/manifest/v12.json is above dbt-ol supported version 7. This might cause errors.
[2024-07-14T03:26:52.897+0000] {local.py:196} WARNING - Artifact schema version: https://schemas.getdbt.com/dbt/run-results/v6.json is above dbt-ol supported version 5. This might cause errors.
[2024-07-14T03:26:52.954+0000] {local.py:349} INFO - Inlets: [Dataset(uri='snowflake://OU00370.europe-west2.gcp/ELT_BATCH.PUBLIC.employee_territories', extra=None)]
[2024-07-14T03:26:52.957+0000] {local.py:350} INFO - Outlets: [Dataset(uri='snowflake://OU00370.europe-west2.gcp/ELT_BATCH.raw.raw_employee_territories', extra=None)]
[2024-07-14T03:26:52.961+0000] {dag.py:3096} INFO - Sync 1 DAGs
[2024-07-14T03:26:53.116+0000] {dag.py:3954} INFO - Setting next_dagrun for ELT-PROJECT to None, run_after=None
[2024-07-14T03:26:53.458+0000] {taskinstance.py:441} INFO - ::group::Post task execution logs
[2024-07-14T03:26:53.950+0000] {taskinstance.py:1206} INFO - Marking task as SUCCESS. dag_id=ELT-PROJECT, task_id=transform.raw_employee_territories_run, run_id=manual__2024-07-14T03:25:17.009601+00:00, execution_date=20240714T032517, start_date=20240714T032555, end_date=20240714T032653
[2024-07-14T03:26:54.108+0000] {local_task_job_runner.py:240} INFO - Task exited with return code 0
[2024-07-14T03:26:54.160+0000] {local_task_job_runner.py:222} INFO - ::endgroup::
