[2024-07-14T04:45:08.559+0000] {local_task_job_runner.py:120} INFO - ::group::Pre task execution logs
[2024-07-14T04:45:08.684+0000] {taskinstance.py:2076} INFO - Dependencies all met for dep_context=non-requeueable deps ti=<TaskInstance: ELT-PROJECT.transform.best_employee_run scheduled__2024-07-04T00:00:00+00:00 [queued]>
[2024-07-14T04:45:08.792+0000] {taskinstance.py:2076} INFO - Dependencies all met for dep_context=requeueable deps ti=<TaskInstance: ELT-PROJECT.transform.best_employee_run scheduled__2024-07-04T00:00:00+00:00 [queued]>
[2024-07-14T04:45:08.803+0000] {taskinstance.py:2306} INFO - Starting attempt 1 of 2
[2024-07-14T04:45:08.955+0000] {taskinstance.py:2330} INFO - Executing <Task(DbtRunLocalOperator): transform.best_employee_run> on 2024-07-04 00:00:00+00:00
[2024-07-14T04:45:08.996+0000] {standard_task_runner.py:90} INFO - Running: ['airflow', 'tasks', 'run', 'ELT-PROJECT', 'transform.best_employee_run', 'scheduled__2024-07-04T00:00:00+00:00', '--job-id', '1592', '--raw', '--subdir', 'DAGS_FOLDER/elt.py', '--cfg-path', '/tmp/tmphjb1zki_']
[2024-07-14T04:45:09.010+0000] {standard_task_runner.py:91} INFO - Job 1592: Subtask transform.best_employee_run
[2024-07-14T04:45:09.025+0000] {logging_mixin.py:188} WARNING - /home/airflow/.local/lib/python3.12/site-packages/airflow/task/task_runner/standard_task_runner.py:61 DeprecationWarning: This process (pid=21256) is multi-threaded, use of fork() may lead to deadlocks in the child.
[2024-07-14T04:45:09.048+0000] {standard_task_runner.py:63} INFO - Started process 21290 to run task
[2024-07-14T04:45:09.080+0000] {logging_mixin.py:188} WARNING - /home/airflow/.local/lib/python3.12/site-packages/airflow/settings.py:195 DeprecationWarning: The sql_alchemy_conn option in [core] has been moved to the sql_alchemy_conn option in [database] - the old setting has been used, but please update your config.
[2024-07-14T04:45:09.254+0000] {task_command.py:426} INFO - Running <TaskInstance: ELT-PROJECT.transform.best_employee_run scheduled__2024-07-04T00:00:00+00:00 [running]> on host airflow-scheduler
[2024-07-14T04:45:10.129+0000] {taskinstance.py:2648} INFO - Exporting env vars: AIRFLOW_CTX_DAG_OWNER='Data-Ninja' AIRFLOW_CTX_DAG_ID='ELT-PROJECT' AIRFLOW_CTX_TASK_ID='transform.best_employee_run' AIRFLOW_CTX_EXECUTION_DATE='2024-07-04T00:00:00+00:00' AIRFLOW_CTX_TRY_NUMBER='1' AIRFLOW_CTX_DAG_RUN_ID='scheduled__2024-07-04T00:00:00+00:00'
[2024-07-14T04:45:10.134+0000] {taskinstance.py:430} INFO - ::endgroup::
[2024-07-14T04:45:10.139+0000] {local.py:174} INFO - Could not import dbtRunner. Falling back to subprocess for invoking dbt.
[2024-07-14T04:45:10.146+0000] {local.py:292} INFO - Cloning project to writable temp directory /tmp/tmp9jzvk5nj from /opt/airflow/dags/dbt/dbt_project
[2024-07-14T04:45:10.172+0000] {local.py:303} INFO - Partial parse is enabled and the latest partial parse file is /tmp/cosmos/ELT-PROJECT__transform/target/partial_parse.msgpack
[2024-07-14T04:45:10.459+0000] {base.py:84} INFO - Using connection ID 'snow_conn' for task execution.
[2024-07-14T04:45:10.461+0000] {crypto.py:82} WARNING - empty cryptography key - values will not be stored encrypted.
[2024-07-14T04:45:10.466+0000] {config.py:298} INFO - Profile caching is enable.
[2024-07-14T04:45:10.477+0000] {config.py:272} INFO - Profile found in cache using profile: /tmp/cosmos/profile/a0017dab0633177292578162811b91dcb9c56d6e54017e9660056cc364a762ad/profiles.yml.
[2024-07-14T04:45:10.479+0000] {local.py:247} INFO - Trying to run the command:
 ['/opt/airflow/dbt_venv/bin/dbt', 'deps', '--project-dir', '/tmp/tmp9jzvk5nj', '--profiles-dir', '/tmp/cosmos/profile/a0017dab0633177292578162811b91dcb9c56d6e54017e9660056cc364a762ad', '--profile', 'dbt_project', '--target', 'dev']
From /tmp/tmp9jzvk5nj
[2024-07-14T04:45:10.491+0000] {subprocess.py:60} INFO - Tmp dir root location: 
 /tmp
[2024-07-14T04:45:10.508+0000] {subprocess.py:73} INFO - Running command: ['/opt/airflow/dbt_venv/bin/dbt', 'deps', '--project-dir', '/tmp/tmp9jzvk5nj', '--profiles-dir', '/tmp/cosmos/profile/a0017dab0633177292578162811b91dcb9c56d6e54017e9660056cc364a762ad', '--profile', 'dbt_project', '--target', 'dev']
[2024-07-14T04:45:10.614+0000] {subprocess.py:84} INFO - Command output:
[2024-07-14T04:45:31.093+0000] {subprocess.py:94} INFO - [0m04:45:31  Running with dbt=1.8.3
[2024-07-14T04:45:32.725+0000] {subprocess.py:94} INFO - [0m04:45:32  Updating lock file in file path: /tmp/tmp9jzvk5nj/package-lock.yml
[2024-07-14T04:45:32.771+0000] {subprocess.py:94} INFO - [0m04:45:32  Installing dbt-labs/dbt_utils
[2024-07-14T04:45:33.834+0000] {subprocess.py:94} INFO - [0m04:45:33  Installed from version 0.8.6
[2024-07-14T04:45:33.838+0000] {subprocess.py:94} INFO - [0m04:45:33  Updated version available: 1.2.0
[2024-07-14T04:45:33.862+0000] {subprocess.py:94} INFO - [0m04:45:33
[2024-07-14T04:45:33.866+0000] {subprocess.py:94} INFO - [0m04:45:33  Updates available for packages: ['dbt-labs/dbt_utils']
[2024-07-14T04:45:33.869+0000] {subprocess.py:94} INFO - Update your versions in packages.yml, then run dbt deps
[2024-07-14T04:45:36.492+0000] {subprocess.py:98} INFO - Command exited with return code 0
[2024-07-14T04:45:36.494+0000] {local.py:254} INFO - Update your versions in packages.yml, then run dbt deps
[2024-07-14T04:45:36.497+0000] {local.py:247} INFO - Trying to run the command:
 ['/opt/airflow/dbt_venv/bin/dbt', 'run', '--models', 'best_employee', '--project-dir', '/tmp/tmp9jzvk5nj', '--profiles-dir', '/tmp/cosmos/profile/a0017dab0633177292578162811b91dcb9c56d6e54017e9660056cc364a762ad', '--profile', 'dbt_project', '--target', 'dev']
From /tmp/tmp9jzvk5nj
[2024-07-14T04:45:36.499+0000] {subprocess.py:60} INFO - Tmp dir root location: 
 /tmp
[2024-07-14T04:45:36.501+0000] {subprocess.py:73} INFO - Running command: ['/opt/airflow/dbt_venv/bin/dbt', 'run', '--models', 'best_employee', '--project-dir', '/tmp/tmp9jzvk5nj', '--profiles-dir', '/tmp/cosmos/profile/a0017dab0633177292578162811b91dcb9c56d6e54017e9660056cc364a762ad', '--profile', 'dbt_project', '--target', 'dev']
[2024-07-14T04:45:36.565+0000] {subprocess.py:84} INFO - Command output:
[2024-07-14T04:45:56.647+0000] {subprocess.py:94} INFO - [0m04:45:56  Running with dbt=1.8.3
[2024-07-14T04:46:00.973+0000] {subprocess.py:94} INFO - [0m04:46:00  Registered adapter: snowflake=1.8.3
[2024-07-14T04:46:07.978+0000] {subprocess.py:94} INFO - [0m04:46:07  Found 20 models, 27 data tests, 11 sources, 684 macros
[2024-07-14T04:46:07.994+0000] {subprocess.py:94} INFO - [0m04:46:07
[2024-07-14T04:46:19.276+0000] {subprocess.py:94} INFO - [0m04:46:19  Concurrency: 1 threads (target='dev')
[2024-07-14T04:46:19.280+0000] {subprocess.py:94} INFO - [0m04:46:19
[2024-07-14T04:46:19.349+0000] {subprocess.py:94} INFO - [0m04:46:19  1 of 1 START sql table model dm.best_employee .................................. [RUN]
[2024-07-14T04:46:22.473+0000] {subprocess.py:94} INFO - [0m04:46:22  1 of 1 OK created sql table model dm.best_employee ............................. [[32mSUCCESS 1[0m in 3.10s]
[2024-07-14T04:46:22.493+0000] {subprocess.py:94} INFO - [0m04:46:22
[2024-07-14T04:46:22.522+0000] {subprocess.py:94} INFO - [0m04:46:22  Finished running 1 table model in 0 hours 0 minutes and 14.50 seconds (14.50s).
[2024-07-14T04:46:23.211+0000] {subprocess.py:94} INFO - [0m04:46:23
[2024-07-14T04:46:23.214+0000] {subprocess.py:94} INFO - [0m04:46:23  [32mCompleted successfully[0m
[2024-07-14T04:46:23.217+0000] {subprocess.py:94} INFO - [0m04:46:23
[2024-07-14T04:46:23.219+0000] {subprocess.py:94} INFO - [0m04:46:23  Done. PASS=1 WARN=0 ERROR=0 SKIP=0 TOTAL=1
[2024-07-14T04:46:25.476+0000] {subprocess.py:98} INFO - Command exited with return code 0
[2024-07-14T04:46:25.491+0000] {local.py:254} INFO - [0m04:46:23  Done. PASS=1 WARN=0 ERROR=0 SKIP=0 TOTAL=1
[2024-07-14T04:46:26.469+0000] {local.py:196} WARNING - Artifact schema version: https://schemas.getdbt.com/dbt/manifest/v12.json is above dbt-ol supported version 7. This might cause errors.
[2024-07-14T04:46:26.484+0000] {local.py:196} WARNING - Artifact schema version: https://schemas.getdbt.com/dbt/run-results/v6.json is above dbt-ol supported version 5. This might cause errors.
[2024-07-14T04:46:26.526+0000] {local.py:349} INFO - Inlets: [Dataset(uri='snowflake://OU00370.europe-west2.gcp/ELT_BATCH.dwh.dim_employees', extra=None), Dataset(uri='snowflake://OU00370.europe-west2.gcp/ELT_BATCH.dwh.fact_order_details', extra=None), Dataset(uri='snowflake://OU00370.europe-west2.gcp/ELT_BATCH.dwh.fact_orders', extra=None)]
[2024-07-14T04:46:26.532+0000] {local.py:350} INFO - Outlets: [Dataset(uri='snowflake://OU00370.europe-west2.gcp/ELT_BATCH.dm.best_employee', extra=None)]
[2024-07-14T04:46:26.538+0000] {dag.py:3096} INFO - Sync 1 DAGs
[2024-07-14T04:46:26.683+0000] {dag.py:3954} INFO - Setting next_dagrun for ELT-PROJECT to 2024-07-14 00:00:00+00:00, run_after=2024-07-15 00:00:00+00:00
[2024-07-14T04:46:26.892+0000] {taskinstance.py:441} INFO - ::group::Post task execution logs
[2024-07-14T04:46:27.095+0000] {taskinstance.py:1206} INFO - Marking task as SUCCESS. dag_id=ELT-PROJECT, task_id=transform.best_employee_run, run_id=scheduled__2024-07-04T00:00:00+00:00, execution_date=20240704T000000, start_date=20240714T044508, end_date=20240714T044627
[2024-07-14T04:46:28.124+0000] {local_task_job_runner.py:240} INFO - Task exited with return code 0
[2024-07-14T04:46:28.371+0000] {taskinstance.py:3503} INFO - 0 downstream tasks scheduled from follow-on schedule check
[2024-07-14T04:46:28.385+0000] {local_task_job_runner.py:222} INFO - ::endgroup::
