[2024-07-14T04:35:56.733+0000] {local_task_job_runner.py:120} INFO - ::group::Pre task execution logs
[2024-07-14T04:35:57.172+0000] {taskinstance.py:2076} INFO - Dependencies all met for dep_context=non-requeueable deps ti=<TaskInstance: ELT-PROJECT.transform.raw_customers.run scheduled__2024-07-06T00:00:00+00:00 [queued]>
[2024-07-14T04:35:57.580+0000] {taskinstance.py:2076} INFO - Dependencies all met for dep_context=requeueable deps ti=<TaskInstance: ELT-PROJECT.transform.raw_customers.run scheduled__2024-07-06T00:00:00+00:00 [queued]>
[2024-07-14T04:35:57.590+0000] {taskinstance.py:2306} INFO - Starting attempt 1 of 2
[2024-07-14T04:35:57.721+0000] {taskinstance.py:2330} INFO - Executing <Task(DbtRunLocalOperator): transform.raw_customers.run> on 2024-07-06 00:00:00+00:00
[2024-07-14T04:35:57.775+0000] {standard_task_runner.py:90} INFO - Running: ['airflow', 'tasks', 'run', 'ELT-PROJECT', 'transform.raw_customers.run', 'scheduled__2024-07-06T00:00:00+00:00', '--job-id', '1461', '--raw', '--subdir', 'DAGS_FOLDER/elt.py', '--cfg-path', '/tmp/tmp99jyt9og']
[2024-07-14T04:35:57.772+0000] {logging_mixin.py:188} WARNING - /home/airflow/.local/lib/python3.12/site-packages/airflow/task/task_runner/standard_task_runner.py:61 DeprecationWarning: This process (pid=19267) is multi-threaded, use of fork() may lead to deadlocks in the child.
[2024-07-14T04:35:57.788+0000] {standard_task_runner.py:91} INFO - Job 1461: Subtask transform.raw_customers.run
[2024-07-14T04:35:57.790+0000] {standard_task_runner.py:63} INFO - Started process 19293 to run task
[2024-07-14T04:35:57.855+0000] {logging_mixin.py:188} WARNING - /home/airflow/.local/lib/python3.12/site-packages/airflow/settings.py:195 DeprecationWarning: The sql_alchemy_conn option in [core] has been moved to the sql_alchemy_conn option in [database] - the old setting has been used, but please update your config.
[2024-07-14T04:35:58.012+0000] {task_command.py:426} INFO - Running <TaskInstance: ELT-PROJECT.transform.raw_customers.run scheduled__2024-07-06T00:00:00+00:00 [running]> on host airflow-scheduler
[2024-07-14T04:35:58.635+0000] {taskinstance.py:2648} INFO - Exporting env vars: AIRFLOW_CTX_DAG_OWNER='Data-Ninja' AIRFLOW_CTX_DAG_ID='ELT-PROJECT' AIRFLOW_CTX_TASK_ID='transform.raw_customers.run' AIRFLOW_CTX_EXECUTION_DATE='2024-07-06T00:00:00+00:00' AIRFLOW_CTX_TRY_NUMBER='1' AIRFLOW_CTX_DAG_RUN_ID='scheduled__2024-07-06T00:00:00+00:00'
[2024-07-14T04:35:58.644+0000] {taskinstance.py:430} INFO - ::endgroup::
[2024-07-14T04:35:58.648+0000] {local.py:174} INFO - Could not import dbtRunner. Falling back to subprocess for invoking dbt.
[2024-07-14T04:35:58.653+0000] {local.py:292} INFO - Cloning project to writable temp directory /tmp/tmp9xqrn04w from /opt/airflow/dags/dbt/dbt_project
[2024-07-14T04:35:58.675+0000] {local.py:303} INFO - Partial parse is enabled and the latest partial parse file is /tmp/cosmos/ELT-PROJECT__transform/target/partial_parse.msgpack
[2024-07-14T04:35:58.916+0000] {base.py:84} INFO - Using connection ID 'snow_conn' for task execution.
[2024-07-14T04:35:58.930+0000] {crypto.py:82} WARNING - empty cryptography key - values will not be stored encrypted.
[2024-07-14T04:35:58.933+0000] {config.py:298} INFO - Profile caching is enable.
[2024-07-14T04:35:58.961+0000] {config.py:272} INFO - Profile found in cache using profile: /tmp/cosmos/profile/a0017dab0633177292578162811b91dcb9c56d6e54017e9660056cc364a762ad/profiles.yml.
[2024-07-14T04:35:58.963+0000] {local.py:247} INFO - Trying to run the command:
 ['/opt/airflow/dbt_venv/bin/dbt', 'deps', '--project-dir', '/tmp/tmp9xqrn04w', '--profiles-dir', '/tmp/cosmos/profile/a0017dab0633177292578162811b91dcb9c56d6e54017e9660056cc364a762ad', '--profile', 'dbt_project', '--target', 'dev']
From /tmp/tmp9xqrn04w
[2024-07-14T04:35:58.969+0000] {subprocess.py:60} INFO - Tmp dir root location: 
 /tmp
[2024-07-14T04:35:58.972+0000] {subprocess.py:73} INFO - Running command: ['/opt/airflow/dbt_venv/bin/dbt', 'deps', '--project-dir', '/tmp/tmp9xqrn04w', '--profiles-dir', '/tmp/cosmos/profile/a0017dab0633177292578162811b91dcb9c56d6e54017e9660056cc364a762ad', '--profile', 'dbt_project', '--target', 'dev']
[2024-07-14T04:35:59.041+0000] {subprocess.py:84} INFO - Command output:
[2024-07-14T04:36:14.533+0000] {subprocess.py:94} INFO - [0m04:36:14  Running with dbt=1.8.3
[2024-07-14T04:36:15.785+0000] {subprocess.py:94} INFO - [0m04:36:15  Updating lock file in file path: /tmp/tmp9xqrn04w/package-lock.yml
[2024-07-14T04:36:15.831+0000] {subprocess.py:94} INFO - [0m04:36:15  Installing dbt-labs/dbt_utils
[2024-07-14T04:36:16.701+0000] {subprocess.py:94} INFO - [0m04:36:16  Installed from version 0.8.6
[2024-07-14T04:36:16.752+0000] {subprocess.py:94} INFO - [0m04:36:16  Updated version available: 1.2.0
[2024-07-14T04:36:16.769+0000] {subprocess.py:94} INFO - [0m04:36:16
[2024-07-14T04:36:16.784+0000] {subprocess.py:94} INFO - [0m04:36:16  Updates available for packages: ['dbt-labs/dbt_utils']
[2024-07-14T04:36:16.800+0000] {subprocess.py:94} INFO - Update your versions in packages.yml, then run dbt deps
[2024-07-14T04:36:20.943+0000] {subprocess.py:98} INFO - Command exited with return code 0
[2024-07-14T04:36:20.957+0000] {local.py:254} INFO - Update your versions in packages.yml, then run dbt deps
[2024-07-14T04:36:20.968+0000] {local.py:247} INFO - Trying to run the command:
 ['/opt/airflow/dbt_venv/bin/dbt', 'run', '--models', 'raw_customers', '--project-dir', '/tmp/tmp9xqrn04w', '--profiles-dir', '/tmp/cosmos/profile/a0017dab0633177292578162811b91dcb9c56d6e54017e9660056cc364a762ad', '--profile', 'dbt_project', '--target', 'dev']
From /tmp/tmp9xqrn04w
[2024-07-14T04:36:20.973+0000] {subprocess.py:60} INFO - Tmp dir root location: 
 /tmp
[2024-07-14T04:36:20.991+0000] {subprocess.py:73} INFO - Running command: ['/opt/airflow/dbt_venv/bin/dbt', 'run', '--models', 'raw_customers', '--project-dir', '/tmp/tmp9xqrn04w', '--profiles-dir', '/tmp/cosmos/profile/a0017dab0633177292578162811b91dcb9c56d6e54017e9660056cc364a762ad', '--profile', 'dbt_project', '--target', 'dev']
[2024-07-14T04:36:21.070+0000] {subprocess.py:84} INFO - Command output:
[2024-07-14T04:36:38.531+0000] {subprocess.py:94} INFO - [0m04:36:38  Running with dbt=1.8.3
[2024-07-14T04:36:41.407+0000] {subprocess.py:94} INFO - [0m04:36:41  Registered adapter: snowflake=1.8.3
[2024-07-14T04:36:46.084+0000] {subprocess.py:94} INFO - [0m04:36:46  Found 20 models, 27 data tests, 11 sources, 684 macros
[2024-07-14T04:36:46.096+0000] {subprocess.py:94} INFO - [0m04:36:46
[2024-07-14T04:36:55.612+0000] {subprocess.py:94} INFO - [0m04:36:55  Concurrency: 1 threads (target='dev')
[2024-07-14T04:36:55.621+0000] {subprocess.py:94} INFO - [0m04:36:55
[2024-07-14T04:36:55.734+0000] {subprocess.py:94} INFO - [0m04:36:55  1 of 1 START sql table model raw.raw_customers ................................. [RUN]
[2024-07-14T04:36:58.729+0000] {subprocess.py:94} INFO - [0m04:36:58  1 of 1 OK created sql table model raw.raw_customers ............................ [[32mSUCCESS 1[0m in 2.96s]
[2024-07-14T04:36:58.738+0000] {subprocess.py:94} INFO - [0m04:36:58
[2024-07-14T04:36:58.751+0000] {subprocess.py:94} INFO - [0m04:36:58  Finished running 1 table model in 0 hours 0 minutes and 12.63 seconds (12.63s).
[2024-07-14T04:36:59.420+0000] {subprocess.py:94} INFO - [0m04:36:59
[2024-07-14T04:36:59.427+0000] {subprocess.py:94} INFO - [0m04:36:59  [32mCompleted successfully[0m
[2024-07-14T04:36:59.433+0000] {subprocess.py:94} INFO - [0m04:36:59
[2024-07-14T04:36:59.438+0000] {subprocess.py:94} INFO - [0m04:36:59  Done. PASS=1 WARN=0 ERROR=0 SKIP=0 TOTAL=1
[2024-07-14T04:37:02.111+0000] {subprocess.py:98} INFO - Command exited with return code 0
[2024-07-14T04:37:02.114+0000] {local.py:254} INFO - [0m04:36:59  Done. PASS=1 WARN=0 ERROR=0 SKIP=0 TOTAL=1
[2024-07-14T04:37:03.408+0000] {local.py:196} WARNING - Artifact schema version: https://schemas.getdbt.com/dbt/manifest/v12.json is above dbt-ol supported version 7. This might cause errors.
[2024-07-14T04:37:03.429+0000] {local.py:196} WARNING - Artifact schema version: https://schemas.getdbt.com/dbt/run-results/v6.json is above dbt-ol supported version 5. This might cause errors.
[2024-07-14T04:37:03.456+0000] {local.py:349} INFO - Inlets: [Dataset(uri='snowflake://OU00370.europe-west2.gcp/ELT_BATCH.PUBLIC.customers', extra=None)]
[2024-07-14T04:37:03.458+0000] {local.py:350} INFO - Outlets: [Dataset(uri='snowflake://OU00370.europe-west2.gcp/ELT_BATCH.raw.raw_customers', extra=None)]
[2024-07-14T04:37:03.472+0000] {dag.py:3096} INFO - Sync 1 DAGs
[2024-07-14T04:37:03.817+0000] {taskinstance.py:441} INFO - ::group::Post task execution logs
[2024-07-14T04:37:04.090+0000] {taskinstance.py:1206} INFO - Marking task as SUCCESS. dag_id=ELT-PROJECT, task_id=transform.raw_customers.run, run_id=scheduled__2024-07-06T00:00:00+00:00, execution_date=20240706T000000, start_date=20240714T043557, end_date=20240714T043704
[2024-07-14T04:37:04.450+0000] {local_task_job_runner.py:240} INFO - Task exited with return code 0
[2024-07-14T04:37:04.973+0000] {taskinstance.py:3503} INFO - 1 downstream tasks scheduled from follow-on schedule check
[2024-07-14T04:37:04.993+0000] {local_task_job_runner.py:222} INFO - ::endgroup::
