[2024-07-14T03:30:44.158+0000] {local_task_job_runner.py:120} INFO - ::group::Pre task execution logs
[2024-07-14T03:30:44.202+0000] {taskinstance.py:2076} INFO - Dependencies all met for dep_context=non-requeueable deps ti=<TaskInstance: ELT-PROJECT.transform.fact_order_details.run manual__2024-07-14T03:25:17.009601+00:00 [queued]>
[2024-07-14T03:30:44.230+0000] {taskinstance.py:2076} INFO - Dependencies all met for dep_context=requeueable deps ti=<TaskInstance: ELT-PROJECT.transform.fact_order_details.run manual__2024-07-14T03:25:17.009601+00:00 [queued]>
[2024-07-14T03:30:44.232+0000] {taskinstance.py:2306} INFO - Starting attempt 1 of 2
[2024-07-14T03:30:44.267+0000] {taskinstance.py:2330} INFO - Executing <Task(DbtRunLocalOperator): transform.fact_order_details.run> on 2024-07-14 03:25:17.009601+00:00
[2024-07-14T03:30:44.283+0000] {standard_task_runner.py:90} INFO - Running: ['airflow', 'tasks', 'run', 'ELT-PROJECT', 'transform.fact_order_details.run', 'manual__2024-07-14T03:25:17.009601+00:00', '--job-id', '606', '--raw', '--subdir', 'DAGS_FOLDER/elt.py', '--cfg-path', '/tmp/tmpu1nnvd9d']
[2024-07-14T03:30:44.287+0000] {logging_mixin.py:188} WARNING - /home/airflow/.local/lib/python3.12/site-packages/airflow/task/task_runner/standard_task_runner.py:61 DeprecationWarning: This process (pid=7562) is multi-threaded, use of fork() may lead to deadlocks in the child.
[2024-07-14T03:30:44.289+0000] {standard_task_runner.py:91} INFO - Job 606: Subtask transform.fact_order_details.run
[2024-07-14T03:30:44.290+0000] {standard_task_runner.py:63} INFO - Started process 7564 to run task
[2024-07-14T03:30:44.331+0000] {logging_mixin.py:188} WARNING - /home/airflow/.local/lib/python3.12/site-packages/airflow/settings.py:195 DeprecationWarning: The sql_alchemy_conn option in [core] has been moved to the sql_alchemy_conn option in [database] - the old setting has been used, but please update your config.
[2024-07-14T03:30:44.420+0000] {task_command.py:426} INFO - Running <TaskInstance: ELT-PROJECT.transform.fact_order_details.run manual__2024-07-14T03:25:17.009601+00:00 [running]> on host airflow-scheduler
[2024-07-14T03:30:44.665+0000] {taskinstance.py:2648} INFO - Exporting env vars: AIRFLOW_CTX_DAG_OWNER='Data-Ninja' AIRFLOW_CTX_DAG_ID='ELT-PROJECT' AIRFLOW_CTX_TASK_ID='transform.fact_order_details.run' AIRFLOW_CTX_EXECUTION_DATE='2024-07-14T03:25:17.009601+00:00' AIRFLOW_CTX_TRY_NUMBER='1' AIRFLOW_CTX_DAG_RUN_ID='manual__2024-07-14T03:25:17.009601+00:00'
[2024-07-14T03:30:44.671+0000] {taskinstance.py:430} INFO - ::endgroup::
[2024-07-14T03:30:44.680+0000] {local.py:174} INFO - Could not import dbtRunner. Falling back to subprocess for invoking dbt.
[2024-07-14T03:30:44.686+0000] {local.py:292} INFO - Cloning project to writable temp directory /tmp/tmpe_7vzucn from /opt/airflow/dags/dbt/dbt_project
[2024-07-14T03:30:44.718+0000] {local.py:303} INFO - Partial parse is enabled and the latest partial parse file is /tmp/cosmos/ELT-PROJECT__transform/target/partial_parse.msgpack
[2024-07-14T03:30:44.868+0000] {base.py:84} INFO - Using connection ID 'snow_conn' for task execution.
[2024-07-14T03:30:44.872+0000] {crypto.py:82} WARNING - empty cryptography key - values will not be stored encrypted.
[2024-07-14T03:30:44.874+0000] {config.py:298} INFO - Profile caching is enable.
[2024-07-14T03:30:44.882+0000] {config.py:272} INFO - Profile found in cache using profile: /tmp/cosmos/profile/a0017dab0633177292578162811b91dcb9c56d6e54017e9660056cc364a762ad/profiles.yml.
[2024-07-14T03:30:44.887+0000] {local.py:247} INFO - Trying to run the command:
 ['/opt/airflow/dbt_venv/bin/dbt', 'deps', '--project-dir', '/tmp/tmpe_7vzucn', '--profiles-dir', '/tmp/cosmos/profile/a0017dab0633177292578162811b91dcb9c56d6e54017e9660056cc364a762ad', '--profile', 'dbt_project', '--target', 'dev']
From /tmp/tmpe_7vzucn
[2024-07-14T03:30:44.891+0000] {subprocess.py:60} INFO - Tmp dir root location: 
 /tmp
[2024-07-14T03:30:44.894+0000] {subprocess.py:73} INFO - Running command: ['/opt/airflow/dbt_venv/bin/dbt', 'deps', '--project-dir', '/tmp/tmpe_7vzucn', '--profiles-dir', '/tmp/cosmos/profile/a0017dab0633177292578162811b91dcb9c56d6e54017e9660056cc364a762ad', '--profile', 'dbt_project', '--target', 'dev']
[2024-07-14T03:30:44.935+0000] {subprocess.py:84} INFO - Command output:
[2024-07-14T03:30:52.881+0000] {subprocess.py:94} INFO - [0m03:30:52  Running with dbt=1.8.3
[2024-07-14T03:30:54.145+0000] {subprocess.py:94} INFO - [0m03:30:54  Updating lock file in file path: /tmp/tmpe_7vzucn/package-lock.yml
[2024-07-14T03:30:54.182+0000] {subprocess.py:94} INFO - [0m03:30:54  Installing dbt-labs/dbt_utils
[2024-07-14T03:30:54.897+0000] {subprocess.py:94} INFO - [0m03:30:54  Installed from version 0.8.6
[2024-07-14T03:30:54.901+0000] {subprocess.py:94} INFO - [0m03:30:54  Updated version available: 1.2.0
[2024-07-14T03:30:54.907+0000] {subprocess.py:94} INFO - [0m03:30:54
[2024-07-14T03:30:54.911+0000] {subprocess.py:94} INFO - [0m03:30:54  Updates available for packages: ['dbt-labs/dbt_utils']
[2024-07-14T03:30:54.916+0000] {subprocess.py:94} INFO - Update your versions in packages.yml, then run dbt deps
[2024-07-14T03:30:57.090+0000] {subprocess.py:98} INFO - Command exited with return code 0
[2024-07-14T03:30:57.095+0000] {local.py:254} INFO - Update your versions in packages.yml, then run dbt deps
[2024-07-14T03:30:57.100+0000] {local.py:247} INFO - Trying to run the command:
 ['/opt/airflow/dbt_venv/bin/dbt', 'run', '--models', 'fact_order_details', '--project-dir', '/tmp/tmpe_7vzucn', '--profiles-dir', '/tmp/cosmos/profile/a0017dab0633177292578162811b91dcb9c56d6e54017e9660056cc364a762ad', '--profile', 'dbt_project', '--target', 'dev']
From /tmp/tmpe_7vzucn
[2024-07-14T03:30:57.104+0000] {subprocess.py:60} INFO - Tmp dir root location: 
 /tmp
[2024-07-14T03:30:57.109+0000] {subprocess.py:73} INFO - Running command: ['/opt/airflow/dbt_venv/bin/dbt', 'run', '--models', 'fact_order_details', '--project-dir', '/tmp/tmpe_7vzucn', '--profiles-dir', '/tmp/cosmos/profile/a0017dab0633177292578162811b91dcb9c56d6e54017e9660056cc364a762ad', '--profile', 'dbt_project', '--target', 'dev']
[2024-07-14T03:30:57.159+0000] {subprocess.py:84} INFO - Command output:
[2024-07-14T03:31:03.617+0000] {subprocess.py:94} INFO - [0m03:31:03  Running with dbt=1.8.3
[2024-07-14T03:31:05.014+0000] {subprocess.py:94} INFO - [0m03:31:05  Registered adapter: snowflake=1.8.3
[2024-07-14T03:31:08.604+0000] {subprocess.py:94} INFO - [0m03:31:08  Found 20 models, 27 data tests, 11 sources, 684 macros
[2024-07-14T03:31:08.611+0000] {subprocess.py:94} INFO - [0m03:31:08
[2024-07-14T03:31:17.294+0000] {subprocess.py:94} INFO - [0m03:31:17  Concurrency: 1 threads (target='dev')
[2024-07-14T03:31:17.303+0000] {subprocess.py:94} INFO - [0m03:31:17
[2024-07-14T03:31:17.359+0000] {subprocess.py:94} INFO - [0m03:31:17  1 of 1 START sql table model dwh.fact_order_details ............................ [RUN]
[2024-07-14T03:31:20.548+0000] {subprocess.py:94} INFO - [0m03:31:20  1 of 1 OK created sql table model dwh.fact_order_details ....................... [[32mSUCCESS 1[0m in 3.17s]
[2024-07-14T03:31:20.572+0000] {subprocess.py:94} INFO - [0m03:31:20
[2024-07-14T03:31:20.577+0000] {subprocess.py:94} INFO - [0m03:31:20  Finished running 1 table model in 0 hours 0 minutes and 11.96 seconds (11.96s).
[2024-07-14T03:31:21.128+0000] {subprocess.py:94} INFO - [0m03:31:21
[2024-07-14T03:31:21.134+0000] {subprocess.py:94} INFO - [0m03:31:21  [32mCompleted successfully[0m
[2024-07-14T03:31:21.141+0000] {subprocess.py:94} INFO - [0m03:31:21
[2024-07-14T03:31:21.146+0000] {subprocess.py:94} INFO - [0m03:31:21  Done. PASS=1 WARN=0 ERROR=0 SKIP=0 TOTAL=1
[2024-07-14T03:31:22.889+0000] {subprocess.py:98} INFO - Command exited with return code 0
[2024-07-14T03:31:22.892+0000] {local.py:254} INFO - [0m03:31:21  Done. PASS=1 WARN=0 ERROR=0 SKIP=0 TOTAL=1
[2024-07-14T03:31:23.485+0000] {local.py:196} WARNING - Artifact schema version: https://schemas.getdbt.com/dbt/manifest/v12.json is above dbt-ol supported version 7. This might cause errors.
[2024-07-14T03:31:23.487+0000] {local.py:196} WARNING - Artifact schema version: https://schemas.getdbt.com/dbt/run-results/v6.json is above dbt-ol supported version 5. This might cause errors.
[2024-07-14T03:31:23.514+0000] {local.py:349} INFO - Inlets: [Dataset(uri='snowflake://OU00370.europe-west2.gcp/ELT_BATCH.dwh.dim_products', extra=None), Dataset(uri='snowflake://OU00370.europe-west2.gcp/ELT_BATCH.dwh.fact_orders', extra=None), Dataset(uri='snowflake://OU00370.europe-west2.gcp/ELT_BATCH.raw.raw_order_details', extra=None)]
[2024-07-14T03:31:23.518+0000] {local.py:350} INFO - Outlets: [Dataset(uri='snowflake://OU00370.europe-west2.gcp/ELT_BATCH.dwh.fact_order_details', extra=None)]
[2024-07-14T03:31:23.522+0000] {dag.py:3096} INFO - Sync 1 DAGs
[2024-07-14T03:31:23.581+0000] {dag.py:3954} INFO - Setting next_dagrun for ELT-PROJECT to None, run_after=None
[2024-07-14T03:31:23.751+0000] {taskinstance.py:441} INFO - ::group::Post task execution logs
[2024-07-14T03:31:23.898+0000] {taskinstance.py:1206} INFO - Marking task as SUCCESS. dag_id=ELT-PROJECT, task_id=transform.fact_order_details.run, run_id=manual__2024-07-14T03:25:17.009601+00:00, execution_date=20240714T032517, start_date=20240714T033044, end_date=20240714T033123
[2024-07-14T03:31:24.019+0000] {local_task_job_runner.py:240} INFO - Task exited with return code 0
[2024-07-14T03:31:24.232+0000] {taskinstance.py:3503} INFO - 1 downstream tasks scheduled from follow-on schedule check
[2024-07-14T03:31:24.248+0000] {local_task_job_runner.py:222} INFO - ::endgroup::
