[2024-07-14T04:11:26.002+0000] {local_task_job_runner.py:120} INFO - ::group::Pre task execution logs
[2024-07-14T04:11:26.118+0000] {taskinstance.py:2076} INFO - Dependencies all met for dep_context=non-requeueable deps ti=<TaskInstance: ELT-PROJECT.transform.dim_categories.run scheduled__2024-06-30T00:00:00+00:00 [queued]>
[2024-07-14T04:11:26.202+0000] {taskinstance.py:2076} INFO - Dependencies all met for dep_context=requeueable deps ti=<TaskInstance: ELT-PROJECT.transform.dim_categories.run scheduled__2024-06-30T00:00:00+00:00 [queued]>
[2024-07-14T04:11:26.214+0000] {taskinstance.py:2306} INFO - Starting attempt 1 of 2
[2024-07-14T04:11:26.263+0000] {taskinstance.py:2330} INFO - Executing <Task(DbtRunLocalOperator): transform.dim_categories.run> on 2024-06-30 00:00:00+00:00
[2024-07-14T04:11:26.374+0000] {standard_task_runner.py:90} INFO - Running: ['airflow', 'tasks', 'run', 'ELT-PROJECT', 'transform.dim_categories.run', 'scheduled__2024-06-30T00:00:00+00:00', '--job-id', '1157', '--raw', '--subdir', 'DAGS_FOLDER/elt.py', '--cfg-path', '/tmp/tmpni96z2zr']
[2024-07-14T04:11:26.407+0000] {standard_task_runner.py:91} INFO - Job 1157: Subtask transform.dim_categories.run
[2024-07-14T04:11:26.400+0000] {logging_mixin.py:188} WARNING - /home/airflow/.local/lib/python3.12/site-packages/airflow/task/task_runner/standard_task_runner.py:61 DeprecationWarning: This process (pid=14176) is multi-threaded, use of fork() may lead to deadlocks in the child.
[2024-07-14T04:11:26.426+0000] {standard_task_runner.py:63} INFO - Started process 14207 to run task
[2024-07-14T04:11:26.525+0000] {logging_mixin.py:188} WARNING - /home/airflow/.local/lib/python3.12/site-packages/airflow/settings.py:195 DeprecationWarning: The sql_alchemy_conn option in [core] has been moved to the sql_alchemy_conn option in [database] - the old setting has been used, but please update your config.
[2024-07-14T04:11:26.762+0000] {task_command.py:426} INFO - Running <TaskInstance: ELT-PROJECT.transform.dim_categories.run scheduled__2024-06-30T00:00:00+00:00 [running]> on host airflow-scheduler
[2024-07-14T04:11:27.425+0000] {taskinstance.py:2648} INFO - Exporting env vars: AIRFLOW_CTX_DAG_OWNER='Data-Ninja' AIRFLOW_CTX_DAG_ID='ELT-PROJECT' AIRFLOW_CTX_TASK_ID='transform.dim_categories.run' AIRFLOW_CTX_EXECUTION_DATE='2024-06-30T00:00:00+00:00' AIRFLOW_CTX_TRY_NUMBER='1' AIRFLOW_CTX_DAG_RUN_ID='scheduled__2024-06-30T00:00:00+00:00'
[2024-07-14T04:11:27.432+0000] {taskinstance.py:430} INFO - ::endgroup::
[2024-07-14T04:11:27.455+0000] {local.py:174} INFO - Could not import dbtRunner. Falling back to subprocess for invoking dbt.
[2024-07-14T04:11:27.466+0000] {local.py:292} INFO - Cloning project to writable temp directory /tmp/tmpysag7cuy from /opt/airflow/dags/dbt/dbt_project
[2024-07-14T04:11:27.520+0000] {local.py:303} INFO - Partial parse is enabled and the latest partial parse file is /tmp/cosmos/ELT-PROJECT__transform/target/partial_parse.msgpack
[2024-07-14T04:11:27.687+0000] {base.py:84} INFO - Using connection ID 'snow_conn' for task execution.
[2024-07-14T04:11:27.688+0000] {crypto.py:82} WARNING - empty cryptography key - values will not be stored encrypted.
[2024-07-14T04:11:27.690+0000] {config.py:298} INFO - Profile caching is enable.
[2024-07-14T04:11:27.702+0000] {config.py:272} INFO - Profile found in cache using profile: /tmp/cosmos/profile/a0017dab0633177292578162811b91dcb9c56d6e54017e9660056cc364a762ad/profiles.yml.
[2024-07-14T04:11:27.704+0000] {local.py:247} INFO - Trying to run the command:
 ['/opt/airflow/dbt_venv/bin/dbt', 'deps', '--project-dir', '/tmp/tmpysag7cuy', '--profiles-dir', '/tmp/cosmos/profile/a0017dab0633177292578162811b91dcb9c56d6e54017e9660056cc364a762ad', '--profile', 'dbt_project', '--target', 'dev']
From /tmp/tmpysag7cuy
[2024-07-14T04:11:27.722+0000] {subprocess.py:60} INFO - Tmp dir root location: 
 /tmp
[2024-07-14T04:11:27.724+0000] {subprocess.py:73} INFO - Running command: ['/opt/airflow/dbt_venv/bin/dbt', 'deps', '--project-dir', '/tmp/tmpysag7cuy', '--profiles-dir', '/tmp/cosmos/profile/a0017dab0633177292578162811b91dcb9c56d6e54017e9660056cc364a762ad', '--profile', 'dbt_project', '--target', 'dev']
[2024-07-14T04:11:27.786+0000] {subprocess.py:84} INFO - Command output:
[2024-07-14T04:11:38.780+0000] {subprocess.py:94} INFO - [0m04:11:38  Running with dbt=1.8.3
[2024-07-14T04:11:40.495+0000] {subprocess.py:94} INFO - [0m04:11:40  Updating lock file in file path: /tmp/tmpysag7cuy/package-lock.yml
[2024-07-14T04:11:40.545+0000] {subprocess.py:94} INFO - [0m04:11:40  Installing dbt-labs/dbt_utils
[2024-07-14T04:11:41.176+0000] {subprocess.py:94} INFO - [0m04:11:41  Installed from version 0.8.6
[2024-07-14T04:11:41.181+0000] {subprocess.py:94} INFO - [0m04:11:41  Updated version available: 1.2.0
[2024-07-14T04:11:41.195+0000] {subprocess.py:94} INFO - [0m04:11:41
[2024-07-14T04:11:41.200+0000] {subprocess.py:94} INFO - [0m04:11:41  Updates available for packages: ['dbt-labs/dbt_utils']
[2024-07-14T04:11:41.210+0000] {subprocess.py:94} INFO - Update your versions in packages.yml, then run dbt deps
[2024-07-14T04:11:43.660+0000] {subprocess.py:98} INFO - Command exited with return code 0
[2024-07-14T04:11:43.663+0000] {local.py:254} INFO - Update your versions in packages.yml, then run dbt deps
[2024-07-14T04:11:43.664+0000] {local.py:247} INFO - Trying to run the command:
 ['/opt/airflow/dbt_venv/bin/dbt', 'run', '--models', 'dim_categories', '--project-dir', '/tmp/tmpysag7cuy', '--profiles-dir', '/tmp/cosmos/profile/a0017dab0633177292578162811b91dcb9c56d6e54017e9660056cc364a762ad', '--profile', 'dbt_project', '--target', 'dev']
From /tmp/tmpysag7cuy
[2024-07-14T04:11:43.666+0000] {subprocess.py:60} INFO - Tmp dir root location: 
 /tmp
[2024-07-14T04:11:43.669+0000] {subprocess.py:73} INFO - Running command: ['/opt/airflow/dbt_venv/bin/dbt', 'run', '--models', 'dim_categories', '--project-dir', '/tmp/tmpysag7cuy', '--profiles-dir', '/tmp/cosmos/profile/a0017dab0633177292578162811b91dcb9c56d6e54017e9660056cc364a762ad', '--profile', 'dbt_project', '--target', 'dev']
[2024-07-14T04:11:43.764+0000] {subprocess.py:84} INFO - Command output:
[2024-07-14T04:12:01.010+0000] {subprocess.py:94} INFO - [0m04:12:01  Running with dbt=1.8.3
[2024-07-14T04:12:05.275+0000] {subprocess.py:94} INFO - [0m04:12:05  Registered adapter: snowflake=1.8.3
[2024-07-14T04:12:10.583+0000] {subprocess.py:94} INFO - [0m04:12:10  Found 20 models, 27 data tests, 11 sources, 684 macros
[2024-07-14T04:12:10.602+0000] {subprocess.py:94} INFO - [0m04:12:10
[2024-07-14T04:12:18.609+0000] {subprocess.py:94} INFO - [0m04:12:18  Concurrency: 1 threads (target='dev')
[2024-07-14T04:12:18.614+0000] {subprocess.py:94} INFO - [0m04:12:18
[2024-07-14T04:12:18.826+0000] {subprocess.py:94} INFO - [0m04:12:18  1 of 1 START sql table model dwh.dim_categories ................................ [RUN]
[2024-07-14T04:12:22.181+0000] {subprocess.py:94} INFO - [0m04:12:22  1 of 1 OK created sql table model dwh.dim_categories ........................... [[32mSUCCESS 1[0m in 3.29s]
[2024-07-14T04:12:22.207+0000] {subprocess.py:94} INFO - [0m04:12:22
[2024-07-14T04:12:22.218+0000] {subprocess.py:94} INFO - [0m04:12:22  Finished running 1 table model in 0 hours 0 minutes and 11.60 seconds (11.60s).
[2024-07-14T04:12:23.107+0000] {subprocess.py:94} INFO - [0m04:12:23
[2024-07-14T04:12:23.113+0000] {subprocess.py:94} INFO - [0m04:12:23  [32mCompleted successfully[0m
[2024-07-14T04:12:23.115+0000] {subprocess.py:94} INFO - [0m04:12:23
[2024-07-14T04:12:23.117+0000] {subprocess.py:94} INFO - [0m04:12:23  Done. PASS=1 WARN=0 ERROR=0 SKIP=0 TOTAL=1
[2024-07-14T04:12:25.427+0000] {subprocess.py:98} INFO - Command exited with return code 0
[2024-07-14T04:12:25.429+0000] {local.py:254} INFO - [0m04:12:23  Done. PASS=1 WARN=0 ERROR=0 SKIP=0 TOTAL=1
[2024-07-14T04:12:26.552+0000] {local.py:196} WARNING - Artifact schema version: https://schemas.getdbt.com/dbt/manifest/v12.json is above dbt-ol supported version 7. This might cause errors.
[2024-07-14T04:12:26.554+0000] {local.py:196} WARNING - Artifact schema version: https://schemas.getdbt.com/dbt/run-results/v6.json is above dbt-ol supported version 5. This might cause errors.
[2024-07-14T04:12:26.592+0000] {local.py:349} INFO - Inlets: [Dataset(uri='snowflake://OU00370.europe-west2.gcp/ELT_BATCH.raw.raw_categories', extra=None)]
[2024-07-14T04:12:26.594+0000] {local.py:350} INFO - Outlets: [Dataset(uri='snowflake://OU00370.europe-west2.gcp/ELT_BATCH.dwh.dim_categories', extra=None)]
[2024-07-14T04:12:26.596+0000] {dag.py:3096} INFO - Sync 1 DAGs
[2024-07-14T04:12:26.889+0000] {taskinstance.py:441} INFO - ::group::Post task execution logs
[2024-07-14T04:12:27.119+0000] {taskinstance.py:1206} INFO - Marking task as SUCCESS. dag_id=ELT-PROJECT, task_id=transform.dim_categories.run, run_id=scheduled__2024-06-30T00:00:00+00:00, execution_date=20240630T000000, start_date=20240714T041126, end_date=20240714T041227
[2024-07-14T04:12:27.711+0000] {local_task_job_runner.py:240} INFO - Task exited with return code 0
[2024-07-14T04:12:28.010+0000] {taskinstance.py:3503} INFO - 1 downstream tasks scheduled from follow-on schedule check
[2024-07-14T04:12:28.030+0000] {local_task_job_runner.py:222} INFO - ::endgroup::
