[2024-07-14T04:15:07.790+0000] {local_task_job_runner.py:120} INFO - ::group::Pre task execution logs
[2024-07-14T04:15:08.024+0000] {taskinstance.py:2076} INFO - Dependencies all met for dep_context=non-requeueable deps ti=<TaskInstance: ELT-PROJECT.transform.raw_orders.run scheduled__2024-07-10T00:00:00+00:00 [queued]>
[2024-07-14T04:15:08.125+0000] {taskinstance.py:2076} INFO - Dependencies all met for dep_context=requeueable deps ti=<TaskInstance: ELT-PROJECT.transform.raw_orders.run scheduled__2024-07-10T00:00:00+00:00 [queued]>
[2024-07-14T04:15:08.131+0000] {taskinstance.py:2306} INFO - Starting attempt 1 of 2
[2024-07-14T04:15:08.194+0000] {taskinstance.py:2330} INFO - Executing <Task(DbtRunLocalOperator): transform.raw_orders.run> on 2024-07-10 00:00:00+00:00
[2024-07-14T04:15:08.236+0000] {logging_mixin.py:188} WARNING - /home/airflow/.local/lib/python3.12/site-packages/airflow/task/task_runner/standard_task_runner.py:61 DeprecationWarning: This process (pid=14995) is multi-threaded, use of fork() may lead to deadlocks in the child.
[2024-07-14T04:15:08.254+0000] {standard_task_runner.py:63} INFO - Started process 15026 to run task
[2024-07-14T04:15:08.252+0000] {standard_task_runner.py:90} INFO - Running: ['airflow', 'tasks', 'run', 'ELT-PROJECT', 'transform.raw_orders.run', 'scheduled__2024-07-10T00:00:00+00:00', '--job-id', '1203', '--raw', '--subdir', 'DAGS_FOLDER/elt.py', '--cfg-path', '/tmp/tmpdi7sk79d']
[2024-07-14T04:15:08.273+0000] {standard_task_runner.py:91} INFO - Job 1203: Subtask transform.raw_orders.run
[2024-07-14T04:15:08.349+0000] {logging_mixin.py:188} WARNING - /home/airflow/.local/lib/python3.12/site-packages/airflow/settings.py:195 DeprecationWarning: The sql_alchemy_conn option in [core] has been moved to the sql_alchemy_conn option in [database] - the old setting has been used, but please update your config.
[2024-07-14T04:15:08.602+0000] {task_command.py:426} INFO - Running <TaskInstance: ELT-PROJECT.transform.raw_orders.run scheduled__2024-07-10T00:00:00+00:00 [running]> on host airflow-scheduler
[2024-07-14T04:15:09.339+0000] {taskinstance.py:2648} INFO - Exporting env vars: AIRFLOW_CTX_DAG_OWNER='Data-Ninja' AIRFLOW_CTX_DAG_ID='ELT-PROJECT' AIRFLOW_CTX_TASK_ID='transform.raw_orders.run' AIRFLOW_CTX_EXECUTION_DATE='2024-07-10T00:00:00+00:00' AIRFLOW_CTX_TRY_NUMBER='1' AIRFLOW_CTX_DAG_RUN_ID='scheduled__2024-07-10T00:00:00+00:00'
[2024-07-14T04:15:09.348+0000] {taskinstance.py:430} INFO - ::endgroup::
[2024-07-14T04:15:09.355+0000] {local.py:174} INFO - Could not import dbtRunner. Falling back to subprocess for invoking dbt.
[2024-07-14T04:15:09.375+0000] {local.py:292} INFO - Cloning project to writable temp directory /tmp/tmpgy8w9e6a from /opt/airflow/dags/dbt/dbt_project
[2024-07-14T04:15:09.405+0000] {local.py:303} INFO - Partial parse is enabled and the latest partial parse file is /tmp/cosmos/ELT-PROJECT__transform/target/partial_parse.msgpack
[2024-07-14T04:15:09.620+0000] {base.py:84} INFO - Using connection ID 'snow_conn' for task execution.
[2024-07-14T04:15:09.625+0000] {crypto.py:82} WARNING - empty cryptography key - values will not be stored encrypted.
[2024-07-14T04:15:09.630+0000] {config.py:298} INFO - Profile caching is enable.
[2024-07-14T04:15:09.638+0000] {config.py:272} INFO - Profile found in cache using profile: /tmp/cosmos/profile/a0017dab0633177292578162811b91dcb9c56d6e54017e9660056cc364a762ad/profiles.yml.
[2024-07-14T04:15:09.641+0000] {local.py:247} INFO - Trying to run the command:
 ['/opt/airflow/dbt_venv/bin/dbt', 'deps', '--project-dir', '/tmp/tmpgy8w9e6a', '--profiles-dir', '/tmp/cosmos/profile/a0017dab0633177292578162811b91dcb9c56d6e54017e9660056cc364a762ad', '--profile', 'dbt_project', '--target', 'dev']
From /tmp/tmpgy8w9e6a
[2024-07-14T04:15:09.662+0000] {subprocess.py:60} INFO - Tmp dir root location: 
 /tmp
[2024-07-14T04:15:09.665+0000] {subprocess.py:73} INFO - Running command: ['/opt/airflow/dbt_venv/bin/dbt', 'deps', '--project-dir', '/tmp/tmpgy8w9e6a', '--profiles-dir', '/tmp/cosmos/profile/a0017dab0633177292578162811b91dcb9c56d6e54017e9660056cc364a762ad', '--profile', 'dbt_project', '--target', 'dev']
[2024-07-14T04:15:09.725+0000] {subprocess.py:84} INFO - Command output:
[2024-07-14T04:15:18.176+0000] {subprocess.py:94} INFO - [0m04:15:18  Running with dbt=1.8.3
[2024-07-14T04:15:18.963+0000] {subprocess.py:94} INFO - [0m04:15:18  Updating lock file in file path: /tmp/tmpgy8w9e6a/package-lock.yml
[2024-07-14T04:15:18.983+0000] {subprocess.py:94} INFO - [0m04:15:18  Installing dbt-labs/dbt_utils
[2024-07-14T04:15:19.535+0000] {subprocess.py:94} INFO - [0m04:15:19  Installed from version 0.8.6
[2024-07-14T04:15:19.538+0000] {subprocess.py:94} INFO - [0m04:15:19  Updated version available: 1.2.0
[2024-07-14T04:15:19.541+0000] {subprocess.py:94} INFO - [0m04:15:19
[2024-07-14T04:15:19.544+0000] {subprocess.py:94} INFO - [0m04:15:19  Updates available for packages: ['dbt-labs/dbt_utils']
[2024-07-14T04:15:19.547+0000] {subprocess.py:94} INFO - Update your versions in packages.yml, then run dbt deps
[2024-07-14T04:15:21.452+0000] {subprocess.py:98} INFO - Command exited with return code 0
[2024-07-14T04:15:21.455+0000] {local.py:254} INFO - Update your versions in packages.yml, then run dbt deps
[2024-07-14T04:15:21.457+0000] {local.py:247} INFO - Trying to run the command:
 ['/opt/airflow/dbt_venv/bin/dbt', 'run', '--models', 'raw_orders', '--project-dir', '/tmp/tmpgy8w9e6a', '--profiles-dir', '/tmp/cosmos/profile/a0017dab0633177292578162811b91dcb9c56d6e54017e9660056cc364a762ad', '--profile', 'dbt_project', '--target', 'dev']
From /tmp/tmpgy8w9e6a
[2024-07-14T04:15:21.459+0000] {subprocess.py:60} INFO - Tmp dir root location: 
 /tmp
[2024-07-14T04:15:21.467+0000] {subprocess.py:73} INFO - Running command: ['/opt/airflow/dbt_venv/bin/dbt', 'run', '--models', 'raw_orders', '--project-dir', '/tmp/tmpgy8w9e6a', '--profiles-dir', '/tmp/cosmos/profile/a0017dab0633177292578162811b91dcb9c56d6e54017e9660056cc364a762ad', '--profile', 'dbt_project', '--target', 'dev']
[2024-07-14T04:15:21.495+0000] {subprocess.py:84} INFO - Command output:
[2024-07-14T04:15:33.808+0000] {subprocess.py:94} INFO - [0m04:15:33  Running with dbt=1.8.3
[2024-07-14T04:15:39.624+0000] {subprocess.py:94} INFO - [0m04:15:39  Registered adapter: snowflake=1.8.3
[2024-07-14T04:15:44.278+0000] {subprocess.py:94} INFO - [0m04:15:44  Found 20 models, 27 data tests, 11 sources, 684 macros
[2024-07-14T04:15:44.288+0000] {subprocess.py:94} INFO - [0m04:15:44
[2024-07-14T04:15:53.135+0000] {subprocess.py:94} INFO - [0m04:15:53  Concurrency: 1 threads (target='dev')
[2024-07-14T04:15:53.137+0000] {subprocess.py:94} INFO - [0m04:15:53
[2024-07-14T04:15:53.253+0000] {subprocess.py:94} INFO - [0m04:15:53  1 of 1 START sql table model raw.raw_orders .................................... [RUN]
[2024-07-14T04:15:55.947+0000] {subprocess.py:94} INFO - [0m04:15:55  1 of 1 OK created sql table model raw.raw_orders ............................... [[32mSUCCESS 1[0m in 2.68s]
[2024-07-14T04:15:55.971+0000] {subprocess.py:94} INFO - [0m04:15:55
[2024-07-14T04:15:55.974+0000] {subprocess.py:94} INFO - [0m04:15:55  Finished running 1 table model in 0 hours 0 minutes and 11.66 seconds (11.66s).
[2024-07-14T04:15:56.535+0000] {subprocess.py:94} INFO - [0m04:15:56
[2024-07-14T04:15:56.539+0000] {subprocess.py:94} INFO - [0m04:15:56  [32mCompleted successfully[0m
[2024-07-14T04:15:56.543+0000] {subprocess.py:94} INFO - [0m04:15:56
[2024-07-14T04:15:56.548+0000] {subprocess.py:94} INFO - [0m04:15:56  Done. PASS=1 WARN=0 ERROR=0 SKIP=0 TOTAL=1
[2024-07-14T04:15:59.858+0000] {subprocess.py:98} INFO - Command exited with return code 0
[2024-07-14T04:15:59.862+0000] {local.py:254} INFO - [0m04:15:56  Done. PASS=1 WARN=0 ERROR=0 SKIP=0 TOTAL=1
[2024-07-14T04:16:01.599+0000] {local.py:196} WARNING - Artifact schema version: https://schemas.getdbt.com/dbt/manifest/v12.json is above dbt-ol supported version 7. This might cause errors.
[2024-07-14T04:16:01.621+0000] {local.py:196} WARNING - Artifact schema version: https://schemas.getdbt.com/dbt/run-results/v6.json is above dbt-ol supported version 5. This might cause errors.
[2024-07-14T04:16:01.666+0000] {local.py:349} INFO - Inlets: [Dataset(uri='snowflake://OU00370.europe-west2.gcp/ELT_BATCH.PUBLIC.orders', extra=None)]
[2024-07-14T04:16:01.692+0000] {local.py:350} INFO - Outlets: [Dataset(uri='snowflake://OU00370.europe-west2.gcp/ELT_BATCH.raw.raw_orders', extra=None)]
[2024-07-14T04:16:01.696+0000] {dag.py:3096} INFO - Sync 1 DAGs
[2024-07-14T04:16:02.288+0000] {taskinstance.py:441} INFO - ::group::Post task execution logs
[2024-07-14T04:16:02.938+0000] {taskinstance.py:1206} INFO - Marking task as SUCCESS. dag_id=ELT-PROJECT, task_id=transform.raw_orders.run, run_id=scheduled__2024-07-10T00:00:00+00:00, execution_date=20240710T000000, start_date=20240714T041508, end_date=20240714T041602
[2024-07-14T04:16:03.860+0000] {local_task_job_runner.py:240} INFO - Task exited with return code 0
[2024-07-14T04:16:03.961+0000] {local_task_job_runner.py:222} INFO - ::endgroup::
