[2024-07-14T04:05:39.774+0000] {local_task_job_runner.py:120} INFO - ::group::Pre task execution logs
[2024-07-14T04:05:39.950+0000] {taskinstance.py:2076} INFO - Dependencies all met for dep_context=non-requeueable deps ti=<TaskInstance: ELT-PROJECT.transform.raw_employees.run scheduled__2024-07-09T00:00:00+00:00 [queued]>
[2024-07-14T04:05:40.039+0000] {taskinstance.py:2076} INFO - Dependencies all met for dep_context=requeueable deps ti=<TaskInstance: ELT-PROJECT.transform.raw_employees.run scheduled__2024-07-09T00:00:00+00:00 [queued]>
[2024-07-14T04:05:40.045+0000] {taskinstance.py:2306} INFO - Starting attempt 1 of 2
[2024-07-14T04:05:40.122+0000] {taskinstance.py:2330} INFO - Executing <Task(DbtRunLocalOperator): transform.raw_employees.run> on 2024-07-09 00:00:00+00:00
[2024-07-14T04:05:40.170+0000] {logging_mixin.py:188} WARNING - /home/airflow/.local/lib/python3.12/site-packages/airflow/task/task_runner/standard_task_runner.py:61 DeprecationWarning: This process (pid=12946) is multi-threaded, use of fork() may lead to deadlocks in the child.
[2024-07-14T04:05:40.178+0000] {standard_task_runner.py:90} INFO - Running: ['airflow', 'tasks', 'run', 'ELT-PROJECT', 'transform.raw_employees.run', 'scheduled__2024-07-09T00:00:00+00:00', '--job-id', '1074', '--raw', '--subdir', 'DAGS_FOLDER/elt.py', '--cfg-path', '/tmp/tmp634hgmiz']
[2024-07-14T04:05:40.196+0000] {standard_task_runner.py:91} INFO - Job 1074: Subtask transform.raw_employees.run
[2024-07-14T04:05:40.196+0000] {standard_task_runner.py:63} INFO - Started process 12963 to run task
[2024-07-14T04:05:40.293+0000] {logging_mixin.py:188} WARNING - /home/airflow/.local/lib/python3.12/site-packages/airflow/settings.py:195 DeprecationWarning: The sql_alchemy_conn option in [core] has been moved to the sql_alchemy_conn option in [database] - the old setting has been used, but please update your config.
[2024-07-14T04:05:40.563+0000] {task_command.py:426} INFO - Running <TaskInstance: ELT-PROJECT.transform.raw_employees.run scheduled__2024-07-09T00:00:00+00:00 [running]> on host airflow-scheduler
[2024-07-14T04:05:41.300+0000] {taskinstance.py:2648} INFO - Exporting env vars: AIRFLOW_CTX_DAG_OWNER='Data-Ninja' AIRFLOW_CTX_DAG_ID='ELT-PROJECT' AIRFLOW_CTX_TASK_ID='transform.raw_employees.run' AIRFLOW_CTX_EXECUTION_DATE='2024-07-09T00:00:00+00:00' AIRFLOW_CTX_TRY_NUMBER='1' AIRFLOW_CTX_DAG_RUN_ID='scheduled__2024-07-09T00:00:00+00:00'
[2024-07-14T04:05:41.309+0000] {taskinstance.py:430} INFO - ::endgroup::
[2024-07-14T04:05:41.329+0000] {local.py:174} INFO - Could not import dbtRunner. Falling back to subprocess for invoking dbt.
[2024-07-14T04:05:41.357+0000] {local.py:292} INFO - Cloning project to writable temp directory /tmp/tmpq1kju481 from /opt/airflow/dags/dbt/dbt_project
[2024-07-14T04:05:41.392+0000] {local.py:303} INFO - Partial parse is enabled and the latest partial parse file is /tmp/cosmos/ELT-PROJECT__transform/target/partial_parse.msgpack
[2024-07-14T04:05:41.639+0000] {base.py:84} INFO - Using connection ID 'snow_conn' for task execution.
[2024-07-14T04:05:41.641+0000] {crypto.py:82} WARNING - empty cryptography key - values will not be stored encrypted.
[2024-07-14T04:05:41.643+0000] {config.py:298} INFO - Profile caching is enable.
[2024-07-14T04:05:41.662+0000] {config.py:272} INFO - Profile found in cache using profile: /tmp/cosmos/profile/a0017dab0633177292578162811b91dcb9c56d6e54017e9660056cc364a762ad/profiles.yml.
[2024-07-14T04:05:41.666+0000] {local.py:247} INFO - Trying to run the command:
 ['/opt/airflow/dbt_venv/bin/dbt', 'deps', '--project-dir', '/tmp/tmpq1kju481', '--profiles-dir', '/tmp/cosmos/profile/a0017dab0633177292578162811b91dcb9c56d6e54017e9660056cc364a762ad', '--profile', 'dbt_project', '--target', 'dev']
From /tmp/tmpq1kju481
[2024-07-14T04:05:41.669+0000] {subprocess.py:60} INFO - Tmp dir root location: 
 /tmp
[2024-07-14T04:05:41.671+0000] {subprocess.py:73} INFO - Running command: ['/opt/airflow/dbt_venv/bin/dbt', 'deps', '--project-dir', '/tmp/tmpq1kju481', '--profiles-dir', '/tmp/cosmos/profile/a0017dab0633177292578162811b91dcb9c56d6e54017e9660056cc364a762ad', '--profile', 'dbt_project', '--target', 'dev']
[2024-07-14T04:05:41.722+0000] {subprocess.py:84} INFO - Command output:
[2024-07-14T04:06:00.888+0000] {subprocess.py:94} INFO - [0m04:06:00  Running with dbt=1.8.3
[2024-07-14T04:06:02.755+0000] {subprocess.py:94} INFO - [0m04:06:02  Updating lock file in file path: /tmp/tmpq1kju481/package-lock.yml
[2024-07-14T04:06:02.828+0000] {subprocess.py:94} INFO - [0m04:06:02  Installing dbt-labs/dbt_utils
[2024-07-14T04:06:03.714+0000] {subprocess.py:94} INFO - [0m04:06:03  Installed from version 0.8.6
[2024-07-14T04:06:03.735+0000] {subprocess.py:94} INFO - [0m04:06:03  Updated version available: 1.2.0
[2024-07-14T04:06:03.741+0000] {subprocess.py:94} INFO - [0m04:06:03
[2024-07-14T04:06:03.759+0000] {subprocess.py:94} INFO - [0m04:06:03  Updates available for packages: ['dbt-labs/dbt_utils']
[2024-07-14T04:06:03.762+0000] {subprocess.py:94} INFO - Update your versions in packages.yml, then run dbt deps
[2024-07-14T04:06:05.953+0000] {subprocess.py:98} INFO - Command exited with return code 0
[2024-07-14T04:06:05.955+0000] {local.py:254} INFO - Update your versions in packages.yml, then run dbt deps
[2024-07-14T04:06:05.957+0000] {local.py:247} INFO - Trying to run the command:
 ['/opt/airflow/dbt_venv/bin/dbt', 'run', '--models', 'raw_employees', '--project-dir', '/tmp/tmpq1kju481', '--profiles-dir', '/tmp/cosmos/profile/a0017dab0633177292578162811b91dcb9c56d6e54017e9660056cc364a762ad', '--profile', 'dbt_project', '--target', 'dev']
From /tmp/tmpq1kju481
[2024-07-14T04:06:05.959+0000] {subprocess.py:60} INFO - Tmp dir root location: 
 /tmp
[2024-07-14T04:06:05.967+0000] {subprocess.py:73} INFO - Running command: ['/opt/airflow/dbt_venv/bin/dbt', 'run', '--models', 'raw_employees', '--project-dir', '/tmp/tmpq1kju481', '--profiles-dir', '/tmp/cosmos/profile/a0017dab0633177292578162811b91dcb9c56d6e54017e9660056cc364a762ad', '--profile', 'dbt_project', '--target', 'dev']
[2024-07-14T04:06:06.072+0000] {subprocess.py:84} INFO - Command output:
[2024-07-14T04:06:18.276+0000] {subprocess.py:94} INFO - [0m04:06:18  Running with dbt=1.8.3
[2024-07-14T04:06:22.277+0000] {subprocess.py:94} INFO - [0m04:06:22  Registered adapter: snowflake=1.8.3
[2024-07-14T04:06:27.408+0000] {subprocess.py:94} INFO - [0m04:06:27  Found 20 models, 27 data tests, 11 sources, 684 macros
[2024-07-14T04:06:27.430+0000] {subprocess.py:94} INFO - [0m04:06:27
[2024-07-14T04:06:35.654+0000] {subprocess.py:94} INFO - [0m04:06:35  Concurrency: 1 threads (target='dev')
[2024-07-14T04:06:35.660+0000] {subprocess.py:94} INFO - [0m04:06:35
[2024-07-14T04:06:35.839+0000] {subprocess.py:94} INFO - [0m04:06:35  1 of 1 START sql table model raw.raw_employees ................................. [RUN]
[2024-07-14T04:06:38.763+0000] {subprocess.py:94} INFO - [0m04:06:38  1 of 1 OK created sql table model raw.raw_employees ............................ [[32mSUCCESS 1[0m in 2.91s]
[2024-07-14T04:06:38.788+0000] {subprocess.py:94} INFO - [0m04:06:38
[2024-07-14T04:06:38.802+0000] {subprocess.py:94} INFO - [0m04:06:38  Finished running 1 table model in 0 hours 0 minutes and 11.36 seconds (11.36s).
[2024-07-14T04:06:39.198+0000] {subprocess.py:94} INFO - [0m04:06:39
[2024-07-14T04:06:39.202+0000] {subprocess.py:94} INFO - [0m04:06:39  [32mCompleted successfully[0m
[2024-07-14T04:06:39.207+0000] {subprocess.py:94} INFO - [0m04:06:39
[2024-07-14T04:06:39.211+0000] {subprocess.py:94} INFO - [0m04:06:39  Done. PASS=1 WARN=0 ERROR=0 SKIP=0 TOTAL=1
[2024-07-14T04:06:41.161+0000] {subprocess.py:98} INFO - Command exited with return code 0
[2024-07-14T04:06:41.163+0000] {local.py:254} INFO - [0m04:06:39  Done. PASS=1 WARN=0 ERROR=0 SKIP=0 TOTAL=1
[2024-07-14T04:06:41.682+0000] {local.py:196} WARNING - Artifact schema version: https://schemas.getdbt.com/dbt/manifest/v12.json is above dbt-ol supported version 7. This might cause errors.
[2024-07-14T04:06:41.684+0000] {local.py:196} WARNING - Artifact schema version: https://schemas.getdbt.com/dbt/run-results/v6.json is above dbt-ol supported version 5. This might cause errors.
[2024-07-14T04:06:41.704+0000] {local.py:349} INFO - Inlets: [Dataset(uri='snowflake://OU00370.europe-west2.gcp/ELT_BATCH.PUBLIC.employees', extra=None)]
[2024-07-14T04:06:41.707+0000] {local.py:350} INFO - Outlets: [Dataset(uri='snowflake://OU00370.europe-west2.gcp/ELT_BATCH.raw.raw_employees', extra=None)]
[2024-07-14T04:06:41.710+0000] {dag.py:3096} INFO - Sync 1 DAGs
[2024-07-14T04:06:41.930+0000] {taskinstance.py:441} INFO - ::group::Post task execution logs
[2024-07-14T04:06:42.060+0000] {taskinstance.py:1206} INFO - Marking task as SUCCESS. dag_id=ELT-PROJECT, task_id=transform.raw_employees.run, run_id=scheduled__2024-07-09T00:00:00+00:00, execution_date=20240709T000000, start_date=20240714T040539, end_date=20240714T040642
[2024-07-14T04:06:43.074+0000] {local_task_job_runner.py:240} INFO - Task exited with return code 0
[2024-07-14T04:06:43.129+0000] {local_task_job_runner.py:222} INFO - ::endgroup::
