[2024-07-13T15:50:00.737+0000] {local_task_job_runner.py:120} INFO - ::group::Pre task execution logs
[2024-07-13T15:50:00.780+0000] {taskinstance.py:2076} INFO - Dependencies all met for dep_context=non-requeueable deps ti=<TaskInstance: ELT-PROJECT.transform.dim_suppliers.run manual__2024-07-13T15:47:53.906361+00:00 [queued]>
[2024-07-13T15:50:00.805+0000] {taskinstance.py:2076} INFO - Dependencies all met for dep_context=requeueable deps ti=<TaskInstance: ELT-PROJECT.transform.dim_suppliers.run manual__2024-07-13T15:47:53.906361+00:00 [queued]>
[2024-07-13T15:50:00.806+0000] {taskinstance.py:2306} INFO - Starting attempt 1 of 2
[2024-07-13T15:50:00.837+0000] {taskinstance.py:2330} INFO - Executing <Task(DbtRunLocalOperator): transform.dim_suppliers.run> on 2024-07-13 15:47:53.906361+00:00
[2024-07-13T15:50:00.851+0000] {logging_mixin.py:188} WARNING - /home/airflow/.local/lib/python3.12/site-packages/airflow/task/task_runner/standard_task_runner.py:61 DeprecationWarning: This process (pid=3248) is multi-threaded, use of fork() may lead to deadlocks in the child.
[2024-07-13T15:50:00.852+0000] {standard_task_runner.py:63} INFO - Started process 3251 to run task
[2024-07-13T15:50:00.851+0000] {standard_task_runner.py:90} INFO - Running: ['airflow', 'tasks', 'run', 'ELT-PROJECT', 'transform.dim_suppliers.run', 'manual__2024-07-13T15:47:53.906361+00:00', '--job-id', '492', '--raw', '--subdir', 'DAGS_FOLDER/elt.py', '--cfg-path', '/tmp/tmpix58nh1x']
[2024-07-13T15:50:00.854+0000] {standard_task_runner.py:91} INFO - Job 492: Subtask transform.dim_suppliers.run
[2024-07-13T15:50:00.879+0000] {logging_mixin.py:188} WARNING - /home/airflow/.local/lib/python3.12/site-packages/airflow/settings.py:195 DeprecationWarning: The sql_alchemy_conn option in [core] has been moved to the sql_alchemy_conn option in [database] - the old setting has been used, but please update your config.
[2024-07-13T15:50:00.935+0000] {task_command.py:426} INFO - Running <TaskInstance: ELT-PROJECT.transform.dim_suppliers.run manual__2024-07-13T15:47:53.906361+00:00 [running]> on host airflow-scheduler
[2024-07-13T15:50:01.061+0000] {taskinstance.py:2648} INFO - Exporting env vars: AIRFLOW_CTX_DAG_OWNER='Data-Ninja' AIRFLOW_CTX_DAG_ID='ELT-PROJECT' AIRFLOW_CTX_TASK_ID='transform.dim_suppliers.run' AIRFLOW_CTX_EXECUTION_DATE='2024-07-13T15:47:53.906361+00:00' AIRFLOW_CTX_TRY_NUMBER='1' AIRFLOW_CTX_DAG_RUN_ID='manual__2024-07-13T15:47:53.906361+00:00'
[2024-07-13T15:50:01.063+0000] {taskinstance.py:430} INFO - ::endgroup::
[2024-07-13T15:50:01.066+0000] {local.py:174} INFO - Could not import dbtRunner. Falling back to subprocess for invoking dbt.
[2024-07-13T15:50:01.068+0000] {local.py:292} INFO - Cloning project to writable temp directory /tmp/tmpm43h1_zc from /opt/airflow/dags/dbt/dbt_project
[2024-07-13T15:50:01.079+0000] {local.py:303} INFO - Partial parse is enabled and the latest partial parse file is /tmp/cosmos/ELT-PROJECT__transform/target/partial_parse.msgpack
[2024-07-13T15:50:01.110+0000] {base.py:84} INFO - Using connection ID 'snow_conn' for task execution.
[2024-07-13T15:50:01.111+0000] {crypto.py:82} WARNING - empty cryptography key - values will not be stored encrypted.
[2024-07-13T15:50:01.112+0000] {config.py:298} INFO - Profile caching is enable.
[2024-07-13T15:50:01.115+0000] {config.py:272} INFO - Profile found in cache using profile: /tmp/cosmos/profile/a0017dab0633177292578162811b91dcb9c56d6e54017e9660056cc364a762ad/profiles.yml.
[2024-07-13T15:50:01.116+0000] {local.py:247} INFO - Trying to run the command:
 ['/opt/airflow/dbt_venv/bin/dbt', 'deps', '--project-dir', '/tmp/tmpm43h1_zc', '--profiles-dir', '/tmp/cosmos/profile/a0017dab0633177292578162811b91dcb9c56d6e54017e9660056cc364a762ad', '--profile', 'dbt_project', '--target', 'dev']
From /tmp/tmpm43h1_zc
[2024-07-13T15:50:01.118+0000] {subprocess.py:60} INFO - Tmp dir root location: 
 /tmp
[2024-07-13T15:50:01.119+0000] {subprocess.py:73} INFO - Running command: ['/opt/airflow/dbt_venv/bin/dbt', 'deps', '--project-dir', '/tmp/tmpm43h1_zc', '--profiles-dir', '/tmp/cosmos/profile/a0017dab0633177292578162811b91dcb9c56d6e54017e9660056cc364a762ad', '--profile', 'dbt_project', '--target', 'dev']
[2024-07-13T15:50:01.138+0000] {subprocess.py:84} INFO - Command output:
[2024-07-13T15:50:04.723+0000] {subprocess.py:94} INFO - [0m15:50:04  Running with dbt=1.8.3
[2024-07-13T15:50:05.165+0000] {subprocess.py:94} INFO - [0m15:50:05  Updating lock file in file path: /tmp/tmpm43h1_zc/package-lock.yml
[2024-07-13T15:50:05.179+0000] {subprocess.py:94} INFO - [0m15:50:05  Installing dbt-labs/dbt_utils
[2024-07-13T15:50:05.679+0000] {subprocess.py:94} INFO - [0m15:50:05  Installed from version 0.8.6
[2024-07-13T15:50:05.681+0000] {subprocess.py:94} INFO - [0m15:50:05  Updated version available: 1.2.0
[2024-07-13T15:50:05.684+0000] {subprocess.py:94} INFO - [0m15:50:05
[2024-07-13T15:50:05.686+0000] {subprocess.py:94} INFO - [0m15:50:05  Updates available for packages: ['dbt-labs/dbt_utils']
[2024-07-13T15:50:05.688+0000] {subprocess.py:94} INFO - Update your versions in packages.yml, then run dbt deps
[2024-07-13T15:50:07.153+0000] {subprocess.py:98} INFO - Command exited with return code 0
[2024-07-13T15:50:07.154+0000] {local.py:254} INFO - Update your versions in packages.yml, then run dbt deps
[2024-07-13T15:50:07.155+0000] {local.py:247} INFO - Trying to run the command:
 ['/opt/airflow/dbt_venv/bin/dbt', 'run', '--models', 'dim_suppliers', '--project-dir', '/tmp/tmpm43h1_zc', '--profiles-dir', '/tmp/cosmos/profile/a0017dab0633177292578162811b91dcb9c56d6e54017e9660056cc364a762ad', '--profile', 'dbt_project', '--target', 'dev']
From /tmp/tmpm43h1_zc
[2024-07-13T15:50:07.157+0000] {subprocess.py:60} INFO - Tmp dir root location: 
 /tmp
[2024-07-13T15:50:07.160+0000] {subprocess.py:73} INFO - Running command: ['/opt/airflow/dbt_venv/bin/dbt', 'run', '--models', 'dim_suppliers', '--project-dir', '/tmp/tmpm43h1_zc', '--profiles-dir', '/tmp/cosmos/profile/a0017dab0633177292578162811b91dcb9c56d6e54017e9660056cc364a762ad', '--profile', 'dbt_project', '--target', 'dev']
[2024-07-13T15:50:07.177+0000] {subprocess.py:84} INFO - Command output:
[2024-07-13T15:50:11.352+0000] {subprocess.py:94} INFO - [0m15:50:11  Running with dbt=1.8.3
[2024-07-13T15:50:12.493+0000] {subprocess.py:94} INFO - [0m15:50:12  Registered adapter: snowflake=1.8.3
[2024-07-13T15:50:15.077+0000] {subprocess.py:94} INFO - [0m15:50:15  Found 20 models, 27 data tests, 11 sources, 684 macros
[2024-07-13T15:50:15.086+0000] {subprocess.py:94} INFO - [0m15:50:15
[2024-07-13T15:50:21.996+0000] {subprocess.py:94} INFO - [0m15:50:21  Concurrency: 1 threads (target='dev')
[2024-07-13T15:50:22.001+0000] {subprocess.py:94} INFO - [0m15:50:21
[2024-07-13T15:50:22.030+0000] {subprocess.py:94} INFO - [0m15:50:22  1 of 1 START sql table model dwh.dim_suppliers ................................. [RUN]
[2024-07-13T15:50:24.483+0000] {subprocess.py:94} INFO - [0m15:50:24  1 of 1 OK created sql table model dwh.dim_suppliers ............................ [[32mSUCCESS 1[0m in 2.44s]
[2024-07-13T15:50:24.491+0000] {subprocess.py:94} INFO - [0m15:50:24
[2024-07-13T15:50:24.493+0000] {subprocess.py:94} INFO - [0m15:50:24  Finished running 1 table model in 0 hours 0 minutes and 9.40 seconds (9.40s).
[2024-07-13T15:50:24.644+0000] {subprocess.py:94} INFO - [0m15:50:24
[2024-07-13T15:50:24.645+0000] {subprocess.py:94} INFO - [0m15:50:24  [32mCompleted successfully[0m
[2024-07-13T15:50:24.646+0000] {subprocess.py:94} INFO - [0m15:50:24
[2024-07-13T15:50:24.647+0000] {subprocess.py:94} INFO - [0m15:50:24  Done. PASS=1 WARN=0 ERROR=0 SKIP=0 TOTAL=1
[2024-07-13T15:50:26.443+0000] {subprocess.py:98} INFO - Command exited with return code 0
[2024-07-13T15:50:26.445+0000] {local.py:254} INFO - [0m15:50:24  Done. PASS=1 WARN=0 ERROR=0 SKIP=0 TOTAL=1
[2024-07-13T15:50:26.711+0000] {local.py:196} WARNING - Artifact schema version: https://schemas.getdbt.com/dbt/manifest/v12.json is above dbt-ol supported version 7. This might cause errors.
[2024-07-13T15:50:26.712+0000] {local.py:196} WARNING - Artifact schema version: https://schemas.getdbt.com/dbt/run-results/v6.json is above dbt-ol supported version 5. This might cause errors.
[2024-07-13T15:50:26.720+0000] {local.py:349} INFO - Inlets: [Dataset(uri='snowflake://OU00370.europe-west2.gcp/ELT_BATCH.raw.raw_suppliers', extra=None)]
[2024-07-13T15:50:26.721+0000] {local.py:350} INFO - Outlets: [Dataset(uri='snowflake://OU00370.europe-west2.gcp/ELT_BATCH.dwh.dim_suppliers', extra=None)]
[2024-07-13T15:50:26.723+0000] {dag.py:3096} INFO - Sync 1 DAGs
[2024-07-13T15:50:26.744+0000] {dag.py:3954} INFO - Setting next_dagrun for ELT-PROJECT to None, run_after=None
[2024-07-13T15:50:26.796+0000] {taskinstance.py:441} INFO - ::group::Post task execution logs
[2024-07-13T15:50:26.843+0000] {taskinstance.py:1206} INFO - Marking task as SUCCESS. dag_id=ELT-PROJECT, task_id=transform.dim_suppliers.run, run_id=manual__2024-07-13T15:47:53.906361+00:00, execution_date=20240713T154753, start_date=20240713T155000, end_date=20240713T155026
[2024-07-13T15:50:26.898+0000] {local_task_job_runner.py:240} INFO - Task exited with return code 0
[2024-07-13T15:50:26.950+0000] {taskinstance.py:3503} INFO - 1 downstream tasks scheduled from follow-on schedule check
[2024-07-13T15:50:26.956+0000] {local_task_job_runner.py:222} INFO - ::endgroup::
