[2024-07-14T04:33:29.298+0000] {local_task_job_runner.py:120} INFO - ::group::Pre task execution logs
[2024-07-14T04:33:29.446+0000] {taskinstance.py:2076} INFO - Dependencies all met for dep_context=non-requeueable deps ti=<TaskInstance: ELT-PROJECT.transform.raw_customers.run scheduled__2024-06-29T00:00:00+00:00 [queued]>
[2024-07-14T04:33:29.633+0000] {taskinstance.py:2076} INFO - Dependencies all met for dep_context=requeueable deps ti=<TaskInstance: ELT-PROJECT.transform.raw_customers.run scheduled__2024-06-29T00:00:00+00:00 [queued]>
[2024-07-14T04:33:29.634+0000] {taskinstance.py:2306} INFO - Starting attempt 1 of 2
[2024-07-14T04:33:29.711+0000] {taskinstance.py:2330} INFO - Executing <Task(DbtRunLocalOperator): transform.raw_customers.run> on 2024-06-29 00:00:00+00:00
[2024-07-14T04:33:29.731+0000] {logging_mixin.py:188} WARNING - /home/airflow/.local/lib/python3.12/site-packages/airflow/task/task_runner/standard_task_runner.py:61 DeprecationWarning: This process (pid=18748) is multi-threaded, use of fork() may lead to deadlocks in the child.
[2024-07-14T04:33:29.760+0000] {standard_task_runner.py:63} INFO - Started process 18780 to run task
[2024-07-14T04:33:29.763+0000] {standard_task_runner.py:90} INFO - Running: ['airflow', 'tasks', 'run', 'ELT-PROJECT', 'transform.raw_customers.run', 'scheduled__2024-06-29T00:00:00+00:00', '--job-id', '1433', '--raw', '--subdir', 'DAGS_FOLDER/elt.py', '--cfg-path', '/tmp/tmp93vnvopj']
[2024-07-14T04:33:29.795+0000] {standard_task_runner.py:91} INFO - Job 1433: Subtask transform.raw_customers.run
[2024-07-14T04:33:29.895+0000] {logging_mixin.py:188} WARNING - /home/airflow/.local/lib/python3.12/site-packages/airflow/settings.py:195 DeprecationWarning: The sql_alchemy_conn option in [core] has been moved to the sql_alchemy_conn option in [database] - the old setting has been used, but please update your config.
[2024-07-14T04:33:30.082+0000] {task_command.py:426} INFO - Running <TaskInstance: ELT-PROJECT.transform.raw_customers.run scheduled__2024-06-29T00:00:00+00:00 [running]> on host airflow-scheduler
[2024-07-14T04:33:30.797+0000] {taskinstance.py:2648} INFO - Exporting env vars: AIRFLOW_CTX_DAG_OWNER='Data-Ninja' AIRFLOW_CTX_DAG_ID='ELT-PROJECT' AIRFLOW_CTX_TASK_ID='transform.raw_customers.run' AIRFLOW_CTX_EXECUTION_DATE='2024-06-29T00:00:00+00:00' AIRFLOW_CTX_TRY_NUMBER='1' AIRFLOW_CTX_DAG_RUN_ID='scheduled__2024-06-29T00:00:00+00:00'
[2024-07-14T04:33:30.801+0000] {taskinstance.py:430} INFO - ::endgroup::
[2024-07-14T04:33:30.809+0000] {local.py:174} INFO - Could not import dbtRunner. Falling back to subprocess for invoking dbt.
[2024-07-14T04:33:30.813+0000] {local.py:292} INFO - Cloning project to writable temp directory /tmp/tmpe0w2yh04 from /opt/airflow/dags/dbt/dbt_project
[2024-07-14T04:33:30.832+0000] {local.py:303} INFO - Partial parse is enabled and the latest partial parse file is /tmp/cosmos/ELT-PROJECT__transform/target/partial_parse.msgpack
[2024-07-14T04:33:31.028+0000] {base.py:84} INFO - Using connection ID 'snow_conn' for task execution.
[2024-07-14T04:33:31.047+0000] {crypto.py:82} WARNING - empty cryptography key - values will not be stored encrypted.
[2024-07-14T04:33:31.049+0000] {config.py:298} INFO - Profile caching is enable.
[2024-07-14T04:33:31.060+0000] {config.py:272} INFO - Profile found in cache using profile: /tmp/cosmos/profile/a0017dab0633177292578162811b91dcb9c56d6e54017e9660056cc364a762ad/profiles.yml.
[2024-07-14T04:33:31.068+0000] {local.py:247} INFO - Trying to run the command:
 ['/opt/airflow/dbt_venv/bin/dbt', 'deps', '--project-dir', '/tmp/tmpe0w2yh04', '--profiles-dir', '/tmp/cosmos/profile/a0017dab0633177292578162811b91dcb9c56d6e54017e9660056cc364a762ad', '--profile', 'dbt_project', '--target', 'dev']
From /tmp/tmpe0w2yh04
[2024-07-14T04:33:31.108+0000] {subprocess.py:60} INFO - Tmp dir root location: 
 /tmp
[2024-07-14T04:33:31.117+0000] {subprocess.py:73} INFO - Running command: ['/opt/airflow/dbt_venv/bin/dbt', 'deps', '--project-dir', '/tmp/tmpe0w2yh04', '--profiles-dir', '/tmp/cosmos/profile/a0017dab0633177292578162811b91dcb9c56d6e54017e9660056cc364a762ad', '--profile', 'dbt_project', '--target', 'dev']
[2024-07-14T04:33:31.182+0000] {subprocess.py:84} INFO - Command output:
[2024-07-14T04:33:48.282+0000] {subprocess.py:94} INFO - [0m04:33:48  Running with dbt=1.8.3
[2024-07-14T04:33:50.294+0000] {subprocess.py:94} INFO - [0m04:33:50  Updating lock file in file path: /tmp/tmpe0w2yh04/package-lock.yml
[2024-07-14T04:33:50.357+0000] {subprocess.py:94} INFO - [0m04:33:50  Installing dbt-labs/dbt_utils
[2024-07-14T04:33:51.235+0000] {subprocess.py:94} INFO - [0m04:33:51  Installed from version 0.8.6
[2024-07-14T04:33:51.268+0000] {subprocess.py:94} INFO - [0m04:33:51  Updated version available: 1.2.0
[2024-07-14T04:33:51.277+0000] {subprocess.py:94} INFO - [0m04:33:51
[2024-07-14T04:33:51.283+0000] {subprocess.py:94} INFO - [0m04:33:51  Updates available for packages: ['dbt-labs/dbt_utils']
[2024-07-14T04:33:51.285+0000] {subprocess.py:94} INFO - Update your versions in packages.yml, then run dbt deps
[2024-07-14T04:33:53.232+0000] {subprocess.py:98} INFO - Command exited with return code 0
[2024-07-14T04:33:53.234+0000] {local.py:254} INFO - Update your versions in packages.yml, then run dbt deps
[2024-07-14T04:33:53.237+0000] {local.py:247} INFO - Trying to run the command:
 ['/opt/airflow/dbt_venv/bin/dbt', 'run', '--models', 'raw_customers', '--project-dir', '/tmp/tmpe0w2yh04', '--profiles-dir', '/tmp/cosmos/profile/a0017dab0633177292578162811b91dcb9c56d6e54017e9660056cc364a762ad', '--profile', 'dbt_project', '--target', 'dev']
From /tmp/tmpe0w2yh04
[2024-07-14T04:33:53.242+0000] {subprocess.py:60} INFO - Tmp dir root location: 
 /tmp
[2024-07-14T04:33:53.246+0000] {subprocess.py:73} INFO - Running command: ['/opt/airflow/dbt_venv/bin/dbt', 'run', '--models', 'raw_customers', '--project-dir', '/tmp/tmpe0w2yh04', '--profiles-dir', '/tmp/cosmos/profile/a0017dab0633177292578162811b91dcb9c56d6e54017e9660056cc364a762ad', '--profile', 'dbt_project', '--target', 'dev']
[2024-07-14T04:33:53.331+0000] {subprocess.py:84} INFO - Command output:
[2024-07-14T04:34:06.404+0000] {subprocess.py:94} INFO - [0m04:34:06  Running with dbt=1.8.3
[2024-07-14T04:34:11.363+0000] {subprocess.py:94} INFO - [0m04:34:11  Registered adapter: snowflake=1.8.3
[2024-07-14T04:34:15.891+0000] {subprocess.py:94} INFO - [0m04:34:15  Found 20 models, 27 data tests, 11 sources, 684 macros
[2024-07-14T04:34:15.908+0000] {subprocess.py:94} INFO - [0m04:34:15
[2024-07-14T04:34:25.295+0000] {subprocess.py:94} INFO - [0m04:34:25  Concurrency: 1 threads (target='dev')
[2024-07-14T04:34:25.299+0000] {subprocess.py:94} INFO - [0m04:34:25
[2024-07-14T04:34:25.403+0000] {subprocess.py:94} INFO - [0m04:34:25  1 of 1 START sql table model raw.raw_customers ................................. [RUN]
[2024-07-14T04:34:28.335+0000] {subprocess.py:94} INFO - [0m04:34:28  1 of 1 OK created sql table model raw.raw_customers ............................ [[32mSUCCESS 1[0m in 2.92s]
[2024-07-14T04:34:28.376+0000] {subprocess.py:94} INFO - [0m04:34:28
[2024-07-14T04:34:28.388+0000] {subprocess.py:94} INFO - [0m04:34:28  Finished running 1 table model in 0 hours 0 minutes and 12.46 seconds (12.46s).
[2024-07-14T04:34:29.190+0000] {subprocess.py:94} INFO - [0m04:34:29
[2024-07-14T04:34:29.194+0000] {subprocess.py:94} INFO - [0m04:34:29  [32mCompleted successfully[0m
[2024-07-14T04:34:29.198+0000] {subprocess.py:94} INFO - [0m04:34:29
[2024-07-14T04:34:29.202+0000] {subprocess.py:94} INFO - [0m04:34:29  Done. PASS=1 WARN=0 ERROR=0 SKIP=0 TOTAL=1
[2024-07-14T04:34:31.989+0000] {subprocess.py:98} INFO - Command exited with return code 0
[2024-07-14T04:34:31.992+0000] {local.py:254} INFO - [0m04:34:29  Done. PASS=1 WARN=0 ERROR=0 SKIP=0 TOTAL=1
[2024-07-14T04:34:33.279+0000] {local.py:196} WARNING - Artifact schema version: https://schemas.getdbt.com/dbt/manifest/v12.json is above dbt-ol supported version 7. This might cause errors.
[2024-07-14T04:34:33.291+0000] {local.py:196} WARNING - Artifact schema version: https://schemas.getdbt.com/dbt/run-results/v6.json is above dbt-ol supported version 5. This might cause errors.
[2024-07-14T04:34:33.370+0000] {local.py:349} INFO - Inlets: [Dataset(uri='snowflake://OU00370.europe-west2.gcp/ELT_BATCH.PUBLIC.customers', extra=None)]
[2024-07-14T04:34:33.387+0000] {local.py:350} INFO - Outlets: [Dataset(uri='snowflake://OU00370.europe-west2.gcp/ELT_BATCH.raw.raw_customers', extra=None)]
[2024-07-14T04:34:33.389+0000] {dag.py:3096} INFO - Sync 1 DAGs
[2024-07-14T04:34:33.855+0000] {taskinstance.py:441} INFO - ::group::Post task execution logs
[2024-07-14T04:34:34.057+0000] {taskinstance.py:1206} INFO - Marking task as SUCCESS. dag_id=ELT-PROJECT, task_id=transform.raw_customers.run, run_id=scheduled__2024-06-29T00:00:00+00:00, execution_date=20240629T000000, start_date=20240714T043329, end_date=20240714T043434
[2024-07-14T04:34:34.402+0000] {local_task_job_runner.py:240} INFO - Task exited with return code 0
[2024-07-14T04:34:35.052+0000] {taskinstance.py:3503} INFO - 1 downstream tasks scheduled from follow-on schedule check
[2024-07-14T04:34:35.091+0000] {local_task_job_runner.py:222} INFO - ::endgroup::
