[2024-07-14T03:47:43.765+0000] {local_task_job_runner.py:120} INFO - ::group::Pre task execution logs
[2024-07-14T03:47:43.862+0000] {taskinstance.py:2076} INFO - Dependencies all met for dep_context=non-requeueable deps ti=<TaskInstance: ELT-PROJECT.transform.raw_orders.run manual__2024-07-14T03:47:05.410676+00:00 [queued]>
[2024-07-14T03:47:43.916+0000] {taskinstance.py:2076} INFO - Dependencies all met for dep_context=requeueable deps ti=<TaskInstance: ELT-PROJECT.transform.raw_orders.run manual__2024-07-14T03:47:05.410676+00:00 [queued]>
[2024-07-14T03:47:43.917+0000] {taskinstance.py:2306} INFO - Starting attempt 1 of 2
[2024-07-14T03:47:43.958+0000] {taskinstance.py:2330} INFO - Executing <Task(DbtRunLocalOperator): transform.raw_orders.run> on 2024-07-14 03:47:05.410676+00:00
[2024-07-14T03:47:43.979+0000] {logging_mixin.py:188} WARNING - /home/airflow/.local/lib/python3.12/site-packages/airflow/task/task_runner/standard_task_runner.py:61 DeprecationWarning: This process (pid=8488) is multi-threaded, use of fork() may lead to deadlocks in the child.
[2024-07-14T03:47:43.983+0000] {standard_task_runner.py:63} INFO - Started process 8506 to run task
[2024-07-14T03:47:44.002+0000] {standard_task_runner.py:90} INFO - Running: ['airflow', 'tasks', 'run', 'ELT-PROJECT', 'transform.raw_orders.run', 'manual__2024-07-14T03:47:05.410676+00:00', '--job-id', '637', '--raw', '--subdir', 'DAGS_FOLDER/elt.py', '--cfg-path', '/tmp/tmp04et7gn6']
[2024-07-14T03:47:44.013+0000] {standard_task_runner.py:91} INFO - Job 637: Subtask transform.raw_orders.run
[2024-07-14T03:47:44.115+0000] {logging_mixin.py:188} WARNING - /home/airflow/.local/lib/python3.12/site-packages/airflow/settings.py:195 DeprecationWarning: The sql_alchemy_conn option in [core] has been moved to the sql_alchemy_conn option in [database] - the old setting has been used, but please update your config.
[2024-07-14T03:47:44.333+0000] {task_command.py:426} INFO - Running <TaskInstance: ELT-PROJECT.transform.raw_orders.run manual__2024-07-14T03:47:05.410676+00:00 [running]> on host airflow-scheduler
[2024-07-14T03:47:44.807+0000] {taskinstance.py:2648} INFO - Exporting env vars: AIRFLOW_CTX_DAG_OWNER='Data-Ninja' AIRFLOW_CTX_DAG_ID='ELT-PROJECT' AIRFLOW_CTX_TASK_ID='transform.raw_orders.run' AIRFLOW_CTX_EXECUTION_DATE='2024-07-14T03:47:05.410676+00:00' AIRFLOW_CTX_TRY_NUMBER='1' AIRFLOW_CTX_DAG_RUN_ID='manual__2024-07-14T03:47:05.410676+00:00'
[2024-07-14T03:47:44.827+0000] {taskinstance.py:430} INFO - ::endgroup::
[2024-07-14T03:47:44.849+0000] {local.py:174} INFO - Could not import dbtRunner. Falling back to subprocess for invoking dbt.
[2024-07-14T03:47:44.859+0000] {local.py:292} INFO - Cloning project to writable temp directory /tmp/tmpvggw_cp5 from /opt/airflow/dags/dbt/dbt_project
[2024-07-14T03:47:44.940+0000] {local.py:303} INFO - Partial parse is enabled and the latest partial parse file is /tmp/cosmos/ELT-PROJECT__transform/target/partial_parse.msgpack
[2024-07-14T03:47:45.899+0000] {base.py:84} INFO - Using connection ID 'snow_conn' for task execution.
[2024-07-14T03:47:45.910+0000] {crypto.py:82} WARNING - empty cryptography key - values will not be stored encrypted.
[2024-07-14T03:47:45.911+0000] {config.py:298} INFO - Profile caching is enable.
[2024-07-14T03:47:45.921+0000] {config.py:272} INFO - Profile found in cache using profile: /tmp/cosmos/profile/a0017dab0633177292578162811b91dcb9c56d6e54017e9660056cc364a762ad/profiles.yml.
[2024-07-14T03:47:45.925+0000] {local.py:247} INFO - Trying to run the command:
 ['/opt/airflow/dbt_venv/bin/dbt', 'deps', '--project-dir', '/tmp/tmpvggw_cp5', '--profiles-dir', '/tmp/cosmos/profile/a0017dab0633177292578162811b91dcb9c56d6e54017e9660056cc364a762ad', '--profile', 'dbt_project', '--target', 'dev']
From /tmp/tmpvggw_cp5
[2024-07-14T03:47:45.929+0000] {subprocess.py:60} INFO - Tmp dir root location: 
 /tmp
[2024-07-14T03:47:45.931+0000] {subprocess.py:73} INFO - Running command: ['/opt/airflow/dbt_venv/bin/dbt', 'deps', '--project-dir', '/tmp/tmpvggw_cp5', '--profiles-dir', '/tmp/cosmos/profile/a0017dab0633177292578162811b91dcb9c56d6e54017e9660056cc364a762ad', '--profile', 'dbt_project', '--target', 'dev']
[2024-07-14T03:47:45.978+0000] {subprocess.py:84} INFO - Command output:
[2024-07-14T03:47:56.679+0000] {subprocess.py:94} INFO - [0m03:47:56  Running with dbt=1.8.3
[2024-07-14T03:47:57.733+0000] {subprocess.py:94} INFO - [0m03:47:57  Updating lock file in file path: /tmp/tmpvggw_cp5/package-lock.yml
[2024-07-14T03:47:57.773+0000] {subprocess.py:94} INFO - [0m03:47:57  Installing dbt-labs/dbt_utils
[2024-07-14T03:47:58.416+0000] {subprocess.py:94} INFO - [0m03:47:58  Installed from version 0.8.6
[2024-07-14T03:47:58.421+0000] {subprocess.py:94} INFO - [0m03:47:58  Updated version available: 1.2.0
[2024-07-14T03:47:58.430+0000] {subprocess.py:94} INFO - [0m03:47:58
[2024-07-14T03:47:58.434+0000] {subprocess.py:94} INFO - [0m03:47:58  Updates available for packages: ['dbt-labs/dbt_utils']
[2024-07-14T03:47:58.436+0000] {subprocess.py:94} INFO - Update your versions in packages.yml, then run dbt deps
[2024-07-14T03:48:00.029+0000] {subprocess.py:98} INFO - Command exited with return code 0
[2024-07-14T03:48:00.035+0000] {local.py:254} INFO - Update your versions in packages.yml, then run dbt deps
[2024-07-14T03:48:00.038+0000] {local.py:247} INFO - Trying to run the command:
 ['/opt/airflow/dbt_venv/bin/dbt', 'run', '--models', 'raw_orders', '--project-dir', '/tmp/tmpvggw_cp5', '--profiles-dir', '/tmp/cosmos/profile/a0017dab0633177292578162811b91dcb9c56d6e54017e9660056cc364a762ad', '--profile', 'dbt_project', '--target', 'dev']
From /tmp/tmpvggw_cp5
[2024-07-14T03:48:00.041+0000] {subprocess.py:60} INFO - Tmp dir root location: 
 /tmp
[2024-07-14T03:48:00.043+0000] {subprocess.py:73} INFO - Running command: ['/opt/airflow/dbt_venv/bin/dbt', 'run', '--models', 'raw_orders', '--project-dir', '/tmp/tmpvggw_cp5', '--profiles-dir', '/tmp/cosmos/profile/a0017dab0633177292578162811b91dcb9c56d6e54017e9660056cc364a762ad', '--profile', 'dbt_project', '--target', 'dev']
[2024-07-14T03:48:00.075+0000] {subprocess.py:84} INFO - Command output:
[2024-07-14T03:48:09.483+0000] {subprocess.py:94} INFO - [0m03:48:09  Running with dbt=1.8.3
[2024-07-14T03:48:12.293+0000] {subprocess.py:94} INFO - [0m03:48:12  Registered adapter: snowflake=1.8.3
[2024-07-14T03:48:18.453+0000] {subprocess.py:94} INFO - [0m03:48:18  Found 20 models, 27 data tests, 11 sources, 684 macros
[2024-07-14T03:48:18.468+0000] {subprocess.py:94} INFO - [0m03:48:18
[2024-07-14T03:48:26.859+0000] {subprocess.py:94} INFO - [0m03:48:26  Concurrency: 1 threads (target='dev')
[2024-07-14T03:48:26.864+0000] {subprocess.py:94} INFO - [0m03:48:26
[2024-07-14T03:48:26.943+0000] {subprocess.py:94} INFO - [0m03:48:26  1 of 1 START sql table model raw.raw_orders .................................... [RUN]
[2024-07-14T03:48:29.828+0000] {subprocess.py:94} INFO - [0m03:48:29  1 of 1 OK created sql table model raw.raw_orders ............................... [[32mSUCCESS 1[0m in 2.88s]
[2024-07-14T03:48:29.838+0000] {subprocess.py:94} INFO - [0m03:48:29
[2024-07-14T03:48:29.841+0000] {subprocess.py:94} INFO - [0m03:48:29  Finished running 1 table model in 0 hours 0 minutes and 11.37 seconds (11.37s).
[2024-07-14T03:48:29.984+0000] {subprocess.py:94} INFO - [0m03:48:29
[2024-07-14T03:48:29.986+0000] {subprocess.py:94} INFO - [0m03:48:29  [32mCompleted successfully[0m
[2024-07-14T03:48:29.988+0000] {subprocess.py:94} INFO - [0m03:48:29
[2024-07-14T03:48:29.990+0000] {subprocess.py:94} INFO - [0m03:48:29  Done. PASS=1 WARN=0 ERROR=0 SKIP=0 TOTAL=1
[2024-07-14T03:48:32.205+0000] {subprocess.py:98} INFO - Command exited with return code 0
[2024-07-14T03:48:32.207+0000] {local.py:254} INFO - [0m03:48:29  Done. PASS=1 WARN=0 ERROR=0 SKIP=0 TOTAL=1
[2024-07-14T03:48:32.255+0000] {local.py:196} WARNING - Artifact schema version: https://schemas.getdbt.com/dbt/manifest/v12.json is above dbt-ol supported version 7. This might cause errors.
[2024-07-14T03:48:32.257+0000] {local.py:196} WARNING - Artifact schema version: https://schemas.getdbt.com/dbt/run-results/v6.json is above dbt-ol supported version 5. This might cause errors.
[2024-07-14T03:48:32.274+0000] {local.py:349} INFO - Inlets: [Dataset(uri='snowflake://OU00370.europe-west2.gcp/ELT_BATCH.PUBLIC.orders', extra=None)]
[2024-07-14T03:48:32.276+0000] {local.py:350} INFO - Outlets: [Dataset(uri='snowflake://OU00370.europe-west2.gcp/ELT_BATCH.raw.raw_orders', extra=None)]
[2024-07-14T03:48:32.279+0000] {dag.py:3096} INFO - Sync 1 DAGs
[2024-07-14T03:48:32.333+0000] {dag.py:3954} INFO - Setting next_dagrun for ELT-PROJECT to None, run_after=None
[2024-07-14T03:48:32.443+0000] {taskinstance.py:441} INFO - ::group::Post task execution logs
[2024-07-14T03:48:32.537+0000] {taskinstance.py:1206} INFO - Marking task as SUCCESS. dag_id=ELT-PROJECT, task_id=transform.raw_orders.run, run_id=manual__2024-07-14T03:47:05.410676+00:00, execution_date=20240714T034705, start_date=20240714T034743, end_date=20240714T034832
[2024-07-14T03:48:32.609+0000] {local_task_job_runner.py:240} INFO - Task exited with return code 0
[2024-07-14T03:48:32.642+0000] {local_task_job_runner.py:222} INFO - ::endgroup::
