[2024-06-22T22:11:02.775+0000] {local_task_job_runner.py:120} INFO - ::group::Pre task execution logs
[2024-06-22T22:11:03.041+0000] {taskinstance.py:2076} INFO - Dependencies all met for dep_context=non-requeueable deps ti=<TaskInstance: ELT-PROJECT.load.load_products manual__2024-06-22T22:10:39.567739+00:00 [queued]>
[2024-06-22T22:11:03.109+0000] {taskinstance.py:2076} INFO - Dependencies all met for dep_context=requeueable deps ti=<TaskInstance: ELT-PROJECT.load.load_products manual__2024-06-22T22:10:39.567739+00:00 [queued]>
[2024-06-22T22:11:03.112+0000] {taskinstance.py:2306} INFO - Starting attempt 1 of 2
[2024-06-22T22:11:03.168+0000] {taskinstance.py:2330} INFO - Executing <Task(_PythonDecoratedOperator): load.load_products> on 2024-06-22 22:10:39.567739+00:00
[2024-06-22T22:11:03.202+0000] {logging_mixin.py:188} WARNING - /home/airflow/.local/lib/python3.12/site-packages/airflow/task/task_runner/standard_task_runner.py:61 DeprecationWarning: This process (pid=661) is multi-threaded, use of fork() may lead to deadlocks in the child.
[2024-06-22T22:11:03.205+0000] {standard_task_runner.py:63} INFO - Started process 696 to run task
[2024-06-22T22:11:03.225+0000] {standard_task_runner.py:90} INFO - Running: ['airflow', 'tasks', 'run', 'ELT-PROJECT', 'load.load_products', 'manual__2024-06-22T22:10:39.567739+00:00', '--job-id', '57', '--raw', '--subdir', 'DAGS_FOLDER/elt.py', '--cfg-path', '/tmp/tmpnmddiq06']
[2024-06-22T22:11:03.233+0000] {standard_task_runner.py:91} INFO - Job 57: Subtask load.load_products
[2024-06-22T22:11:03.361+0000] {logging_mixin.py:188} WARNING - /home/airflow/.local/lib/python3.12/site-packages/airflow/settings.py:195 DeprecationWarning: The sql_alchemy_conn option in [core] has been moved to the sql_alchemy_conn option in [database] - the old setting has been used, but please update your config.
[2024-06-22T22:11:03.698+0000] {task_command.py:426} INFO - Running <TaskInstance: ELT-PROJECT.load.load_products manual__2024-06-22T22:10:39.567739+00:00 [running]> on host airflow-scheduler
[2024-06-22T22:11:05.594+0000] {taskinstance.py:2648} INFO - Exporting env vars: AIRFLOW_CTX_DAG_OWNER='Data-Ninja' AIRFLOW_CTX_DAG_ID='ELT-PROJECT' AIRFLOW_CTX_TASK_ID='load.load_products' AIRFLOW_CTX_EXECUTION_DATE='2024-06-22T22:10:39.567739+00:00' AIRFLOW_CTX_TRY_NUMBER='1' AIRFLOW_CTX_DAG_RUN_ID='manual__2024-06-22T22:10:39.567739+00:00'
[2024-06-22T22:11:05.597+0000] {taskinstance.py:430} INFO - ::endgroup::
[2024-06-22T22:11:05.600+0000] {connection.py:399} INFO - Snowflake Connector for Python Version: 3.10.1, Python Version: 3.12.4, Platform: Linux-5.15.133.1-microsoft-standard-WSL2-x86_64-with-glibc2.36
[2024-06-22T22:11:05.602+0000] {connection.py:1249} INFO - THIS CONNECTION IS IN INSECURE MODE. IT MEANS THE CERTIFICATE WILL BE VALIDATED BUT THE CERTIFICATE REVOCATION STATUS WILL NOT BE CHECKED.
[2024-06-22T22:11:05.783+0000] {ssl_wrap_socket.py:100} INFO - THIS CONNECTION IS IN INSECURE MODE. IT MEANS THE CERTIFICATE WILL BE VALIDATED BUT THE CERTIFICATE REVOCATION STATUS WILL NOT BE CHECKED.
[2024-06-22T22:11:06.171+0000] {logging_mixin.py:188} INFO - Nama kolom di DataFrame: Index(['productID', 'productName', 'supplierID', 'categoryID',
       'quantityPerUnit', 'unitPrice', 'unitsInStock', 'unitsOnOrder',
       'reorderLevel', 'discontinued'],
      dtype='object')
[2024-06-22T22:11:06.572+0000] {cursor.py:1149} INFO - Number of results in first chunk: 1
[2024-06-22T22:11:07.238+0000] {ssl_wrap_socket.py:100} INFO - THIS CONNECTION IS IN INSECURE MODE. IT MEANS THE CERTIFICATE WILL BE VALIDATED BUT THE CERTIFICATE REVOCATION STATUS WILL NOT BE CHECKED.
[2024-06-22T22:11:09.943+0000] {cursor.py:1149} INFO - Number of results in first chunk: 1
[2024-06-22T22:11:10.596+0000] {cursor.py:1149} INFO - Number of results in first chunk: 10
[2024-06-22T22:11:10.972+0000] {cursor.py:1149} INFO - Number of results in first chunk: 1
[2024-06-22T22:11:11.547+0000] {cursor.py:1149} INFO - Number of results in first chunk: 1
[2024-06-22T22:11:13.117+0000] {cursor.py:1149} INFO - Number of results in first chunk: 1
[2024-06-22T22:11:13.119+0000] {logging_mixin.py:188} INFO - Done products.
[2024-06-22T22:11:13.124+0000] {connection.py:762} INFO - closed
[2024-06-22T22:11:13.465+0000] {connection.py:768} INFO - No async queries seem to be running, deleting session
[2024-06-22T22:11:13.842+0000] {python.py:237} INFO - Done. Returned value was: None
[2024-06-22T22:11:13.851+0000] {taskinstance.py:441} INFO - ::group::Post task execution logs
[2024-06-22T22:11:13.933+0000] {taskinstance.py:1206} INFO - Marking task as SUCCESS. dag_id=ELT-PROJECT, task_id=load.load_products, run_id=manual__2024-06-22T22:10:39.567739+00:00, execution_date=20240622T221039, start_date=20240622T221103, end_date=20240622T221113
[2024-06-22T22:11:14.012+0000] {local_task_job_runner.py:240} INFO - Task exited with return code 0
[2024-06-22T22:11:14.233+0000] {taskinstance.py:3503} INFO - 0 downstream tasks scheduled from follow-on schedule check
[2024-06-22T22:11:14.238+0000] {local_task_job_runner.py:222} INFO - ::endgroup::
