[2024-07-14T04:33:25.080+0000] {local_task_job_runner.py:120} INFO - ::group::Pre task execution logs
[2024-07-14T04:33:25.318+0000] {taskinstance.py:2076} INFO - Dependencies all met for dep_context=non-requeueable deps ti=<TaskInstance: ELT-PROJECT.transform.raw_territories.run scheduled__2024-06-29T00:00:00+00:00 [queued]>
[2024-07-14T04:33:25.439+0000] {taskinstance.py:2076} INFO - Dependencies all met for dep_context=requeueable deps ti=<TaskInstance: ELT-PROJECT.transform.raw_territories.run scheduled__2024-06-29T00:00:00+00:00 [queued]>
[2024-07-14T04:33:25.440+0000] {taskinstance.py:2306} INFO - Starting attempt 1 of 2
[2024-07-14T04:33:25.546+0000] {taskinstance.py:2330} INFO - Executing <Task(DbtRunLocalOperator): transform.raw_territories.run> on 2024-06-29 00:00:00+00:00
[2024-07-14T04:33:25.571+0000] {logging_mixin.py:188} WARNING - /home/airflow/.local/lib/python3.12/site-packages/airflow/task/task_runner/standard_task_runner.py:61 DeprecationWarning: This process (pid=18734) is multi-threaded, use of fork() may lead to deadlocks in the child.
[2024-07-14T04:33:25.574+0000] {standard_task_runner.py:63} INFO - Started process 18768 to run task
[2024-07-14T04:33:25.584+0000] {standard_task_runner.py:90} INFO - Running: ['airflow', 'tasks', 'run', 'ELT-PROJECT', 'transform.raw_territories.run', 'scheduled__2024-06-29T00:00:00+00:00', '--job-id', '1432', '--raw', '--subdir', 'DAGS_FOLDER/elt.py', '--cfg-path', '/tmp/tmpsup8pgln']
[2024-07-14T04:33:25.606+0000] {standard_task_runner.py:91} INFO - Job 1432: Subtask transform.raw_territories.run
[2024-07-14T04:33:25.708+0000] {logging_mixin.py:188} WARNING - /home/airflow/.local/lib/python3.12/site-packages/airflow/settings.py:195 DeprecationWarning: The sql_alchemy_conn option in [core] has been moved to the sql_alchemy_conn option in [database] - the old setting has been used, but please update your config.
[2024-07-14T04:33:26.008+0000] {task_command.py:426} INFO - Running <TaskInstance: ELT-PROJECT.transform.raw_territories.run scheduled__2024-06-29T00:00:00+00:00 [running]> on host airflow-scheduler
[2024-07-14T04:33:27.078+0000] {taskinstance.py:2648} INFO - Exporting env vars: AIRFLOW_CTX_DAG_OWNER='Data-Ninja' AIRFLOW_CTX_DAG_ID='ELT-PROJECT' AIRFLOW_CTX_TASK_ID='transform.raw_territories.run' AIRFLOW_CTX_EXECUTION_DATE='2024-06-29T00:00:00+00:00' AIRFLOW_CTX_TRY_NUMBER='1' AIRFLOW_CTX_DAG_RUN_ID='scheduled__2024-06-29T00:00:00+00:00'
[2024-07-14T04:33:27.083+0000] {taskinstance.py:430} INFO - ::endgroup::
[2024-07-14T04:33:27.087+0000] {local.py:174} INFO - Could not import dbtRunner. Falling back to subprocess for invoking dbt.
[2024-07-14T04:33:27.108+0000] {local.py:292} INFO - Cloning project to writable temp directory /tmp/tmpt_we89j0 from /opt/airflow/dags/dbt/dbt_project
[2024-07-14T04:33:27.127+0000] {local.py:303} INFO - Partial parse is enabled and the latest partial parse file is /tmp/cosmos/ELT-PROJECT__transform/target/partial_parse.msgpack
[2024-07-14T04:33:27.342+0000] {base.py:84} INFO - Using connection ID 'snow_conn' for task execution.
[2024-07-14T04:33:27.351+0000] {crypto.py:82} WARNING - empty cryptography key - values will not be stored encrypted.
[2024-07-14T04:33:27.352+0000] {config.py:298} INFO - Profile caching is enable.
[2024-07-14T04:33:27.358+0000] {config.py:272} INFO - Profile found in cache using profile: /tmp/cosmos/profile/a0017dab0633177292578162811b91dcb9c56d6e54017e9660056cc364a762ad/profiles.yml.
[2024-07-14T04:33:27.367+0000] {local.py:247} INFO - Trying to run the command:
 ['/opt/airflow/dbt_venv/bin/dbt', 'deps', '--project-dir', '/tmp/tmpt_we89j0', '--profiles-dir', '/tmp/cosmos/profile/a0017dab0633177292578162811b91dcb9c56d6e54017e9660056cc364a762ad', '--profile', 'dbt_project', '--target', 'dev']
From /tmp/tmpt_we89j0
[2024-07-14T04:33:27.372+0000] {subprocess.py:60} INFO - Tmp dir root location: 
 /tmp
[2024-07-14T04:33:27.383+0000] {subprocess.py:73} INFO - Running command: ['/opt/airflow/dbt_venv/bin/dbt', 'deps', '--project-dir', '/tmp/tmpt_we89j0', '--profiles-dir', '/tmp/cosmos/profile/a0017dab0633177292578162811b91dcb9c56d6e54017e9660056cc364a762ad', '--profile', 'dbt_project', '--target', 'dev']
[2024-07-14T04:33:27.476+0000] {subprocess.py:84} INFO - Command output:
[2024-07-14T04:33:43.543+0000] {subprocess.py:94} INFO - [0m04:33:43  Running with dbt=1.8.3
[2024-07-14T04:33:46.008+0000] {subprocess.py:94} INFO - [0m04:33:46  Updating lock file in file path: /tmp/tmpt_we89j0/package-lock.yml
[2024-07-14T04:33:46.060+0000] {subprocess.py:94} INFO - [0m04:33:46  Installing dbt-labs/dbt_utils
[2024-07-14T04:33:47.211+0000] {subprocess.py:94} INFO - [0m04:33:47  Installed from version 0.8.6
[2024-07-14T04:33:47.221+0000] {subprocess.py:94} INFO - [0m04:33:47  Updated version available: 1.2.0
[2024-07-14T04:33:47.251+0000] {subprocess.py:94} INFO - [0m04:33:47
[2024-07-14T04:33:47.261+0000] {subprocess.py:94} INFO - [0m04:33:47  Updates available for packages: ['dbt-labs/dbt_utils']
[2024-07-14T04:33:47.264+0000] {subprocess.py:94} INFO - Update your versions in packages.yml, then run dbt deps
[2024-07-14T04:33:49.454+0000] {subprocess.py:98} INFO - Command exited with return code 0
[2024-07-14T04:33:49.458+0000] {local.py:254} INFO - Update your versions in packages.yml, then run dbt deps
[2024-07-14T04:33:49.469+0000] {local.py:247} INFO - Trying to run the command:
 ['/opt/airflow/dbt_venv/bin/dbt', 'run', '--models', 'raw_territories', '--project-dir', '/tmp/tmpt_we89j0', '--profiles-dir', '/tmp/cosmos/profile/a0017dab0633177292578162811b91dcb9c56d6e54017e9660056cc364a762ad', '--profile', 'dbt_project', '--target', 'dev']
From /tmp/tmpt_we89j0
[2024-07-14T04:33:49.477+0000] {subprocess.py:60} INFO - Tmp dir root location: 
 /tmp
[2024-07-14T04:33:49.485+0000] {subprocess.py:73} INFO - Running command: ['/opt/airflow/dbt_venv/bin/dbt', 'run', '--models', 'raw_territories', '--project-dir', '/tmp/tmpt_we89j0', '--profiles-dir', '/tmp/cosmos/profile/a0017dab0633177292578162811b91dcb9c56d6e54017e9660056cc364a762ad', '--profile', 'dbt_project', '--target', 'dev']
[2024-07-14T04:33:49.566+0000] {subprocess.py:84} INFO - Command output:
[2024-07-14T04:34:02.959+0000] {subprocess.py:94} INFO - [0m04:34:02  Running with dbt=1.8.3
[2024-07-14T04:34:05.872+0000] {subprocess.py:94} INFO - [0m04:34:05  Registered adapter: snowflake=1.8.3
[2024-07-14T04:34:12.112+0000] {subprocess.py:94} INFO - [0m04:34:12  Found 20 models, 27 data tests, 11 sources, 684 macros
[2024-07-14T04:34:12.135+0000] {subprocess.py:94} INFO - [0m04:34:12
[2024-07-14T04:34:21.468+0000] {subprocess.py:94} INFO - [0m04:34:21  Concurrency: 1 threads (target='dev')
[2024-07-14T04:34:21.470+0000] {subprocess.py:94} INFO - [0m04:34:21
[2024-07-14T04:34:21.606+0000] {subprocess.py:94} INFO - [0m04:34:21  1 of 1 START sql table model raw.raw_territories ............................... [RUN]
[2024-07-14T04:34:24.967+0000] {subprocess.py:94} INFO - [0m04:34:24  1 of 1 OK created sql table model raw.raw_territories .......................... [[32mSUCCESS 1[0m in 3.35s]
[2024-07-14T04:34:24.991+0000] {subprocess.py:94} INFO - [0m04:34:24
[2024-07-14T04:34:24.994+0000] {subprocess.py:94} INFO - [0m04:34:24  Finished running 1 table model in 0 hours 0 minutes and 12.85 seconds (12.85s).
[2024-07-14T04:34:25.442+0000] {subprocess.py:94} INFO - [0m04:34:25
[2024-07-14T04:34:25.444+0000] {subprocess.py:94} INFO - [0m04:34:25  [32mCompleted successfully[0m
[2024-07-14T04:34:25.451+0000] {subprocess.py:94} INFO - [0m04:34:25
[2024-07-14T04:34:25.457+0000] {subprocess.py:94} INFO - [0m04:34:25  Done. PASS=1 WARN=0 ERROR=0 SKIP=0 TOTAL=1
[2024-07-14T04:34:28.404+0000] {subprocess.py:98} INFO - Command exited with return code 0
[2024-07-14T04:34:28.433+0000] {local.py:254} INFO - [0m04:34:25  Done. PASS=1 WARN=0 ERROR=0 SKIP=0 TOTAL=1
[2024-07-14T04:34:29.983+0000] {local.py:196} WARNING - Artifact schema version: https://schemas.getdbt.com/dbt/manifest/v12.json is above dbt-ol supported version 7. This might cause errors.
[2024-07-14T04:34:29.998+0000] {local.py:196} WARNING - Artifact schema version: https://schemas.getdbt.com/dbt/run-results/v6.json is above dbt-ol supported version 5. This might cause errors.
[2024-07-14T04:34:30.022+0000] {local.py:349} INFO - Inlets: [Dataset(uri='snowflake://OU00370.europe-west2.gcp/ELT_BATCH.PUBLIC.territories', extra=None)]
[2024-07-14T04:34:30.057+0000] {local.py:350} INFO - Outlets: [Dataset(uri='snowflake://OU00370.europe-west2.gcp/ELT_BATCH.raw.raw_territories', extra=None)]
[2024-07-14T04:34:30.060+0000] {dag.py:3096} INFO - Sync 1 DAGs
[2024-07-14T04:34:30.393+0000] {taskinstance.py:441} INFO - ::group::Post task execution logs
[2024-07-14T04:34:30.625+0000] {taskinstance.py:1206} INFO - Marking task as SUCCESS. dag_id=ELT-PROJECT, task_id=transform.raw_territories.run, run_id=scheduled__2024-06-29T00:00:00+00:00, execution_date=20240629T000000, start_date=20240714T043325, end_date=20240714T043430
[2024-07-14T04:34:31.480+0000] {local_task_job_runner.py:240} INFO - Task exited with return code 0
[2024-07-14T04:34:31.560+0000] {local_task_job_runner.py:222} INFO - ::endgroup::
