[2024-07-14T04:30:22.629+0000] {local_task_job_runner.py:120} INFO - ::group::Pre task execution logs
[2024-07-14T04:30:22.767+0000] {taskinstance.py:2076} INFO - Dependencies all met for dep_context=non-requeueable deps ti=<TaskInstance: ELT-PROJECT.transform.fact_order_details.run scheduled__2024-06-30T00:00:00+00:00 [queued]>
[2024-07-14T04:30:22.838+0000] {taskinstance.py:2076} INFO - Dependencies all met for dep_context=requeueable deps ti=<TaskInstance: ELT-PROJECT.transform.fact_order_details.run scheduled__2024-06-30T00:00:00+00:00 [queued]>
[2024-07-14T04:30:22.839+0000] {taskinstance.py:2306} INFO - Starting attempt 1 of 2
[2024-07-14T04:30:22.958+0000] {taskinstance.py:2330} INFO - Executing <Task(DbtRunLocalOperator): transform.fact_order_details.run> on 2024-06-30 00:00:00+00:00
[2024-07-14T04:30:22.986+0000] {logging_mixin.py:188} WARNING - /home/airflow/.local/lib/python3.12/site-packages/airflow/task/task_runner/standard_task_runner.py:61 DeprecationWarning: This process (pid=18121) is multi-threaded, use of fork() may lead to deadlocks in the child.
[2024-07-14T04:30:22.999+0000] {standard_task_runner.py:63} INFO - Started process 18151 to run task
[2024-07-14T04:30:23.003+0000] {standard_task_runner.py:90} INFO - Running: ['airflow', 'tasks', 'run', 'ELT-PROJECT', 'transform.fact_order_details.run', 'scheduled__2024-06-30T00:00:00+00:00', '--job-id', '1395', '--raw', '--subdir', 'DAGS_FOLDER/elt.py', '--cfg-path', '/tmp/tmp9bjnevs9']
[2024-07-14T04:30:23.032+0000] {standard_task_runner.py:91} INFO - Job 1395: Subtask transform.fact_order_details.run
[2024-07-14T04:30:23.121+0000] {logging_mixin.py:188} WARNING - /home/airflow/.local/lib/python3.12/site-packages/airflow/settings.py:195 DeprecationWarning: The sql_alchemy_conn option in [core] has been moved to the sql_alchemy_conn option in [database] - the old setting has been used, but please update your config.
[2024-07-14T04:30:23.352+0000] {task_command.py:426} INFO - Running <TaskInstance: ELT-PROJECT.transform.fact_order_details.run scheduled__2024-06-30T00:00:00+00:00 [running]> on host airflow-scheduler
[2024-07-14T04:30:23.837+0000] {taskinstance.py:2648} INFO - Exporting env vars: AIRFLOW_CTX_DAG_OWNER='Data-Ninja' AIRFLOW_CTX_DAG_ID='ELT-PROJECT' AIRFLOW_CTX_TASK_ID='transform.fact_order_details.run' AIRFLOW_CTX_EXECUTION_DATE='2024-06-30T00:00:00+00:00' AIRFLOW_CTX_TRY_NUMBER='1' AIRFLOW_CTX_DAG_RUN_ID='scheduled__2024-06-30T00:00:00+00:00'
[2024-07-14T04:30:23.842+0000] {taskinstance.py:430} INFO - ::endgroup::
[2024-07-14T04:30:23.862+0000] {local.py:174} INFO - Could not import dbtRunner. Falling back to subprocess for invoking dbt.
[2024-07-14T04:30:23.871+0000] {local.py:292} INFO - Cloning project to writable temp directory /tmp/tmpgue99ypv from /opt/airflow/dags/dbt/dbt_project
[2024-07-14T04:30:23.904+0000] {local.py:303} INFO - Partial parse is enabled and the latest partial parse file is /tmp/cosmos/ELT-PROJECT__transform/target/partial_parse.msgpack
[2024-07-14T04:30:24.117+0000] {base.py:84} INFO - Using connection ID 'snow_conn' for task execution.
[2024-07-14T04:30:24.120+0000] {crypto.py:82} WARNING - empty cryptography key - values will not be stored encrypted.
[2024-07-14T04:30:24.131+0000] {config.py:298} INFO - Profile caching is enable.
[2024-07-14T04:30:24.151+0000] {config.py:272} INFO - Profile found in cache using profile: /tmp/cosmos/profile/a0017dab0633177292578162811b91dcb9c56d6e54017e9660056cc364a762ad/profiles.yml.
[2024-07-14T04:30:24.165+0000] {local.py:247} INFO - Trying to run the command:
 ['/opt/airflow/dbt_venv/bin/dbt', 'deps', '--project-dir', '/tmp/tmpgue99ypv', '--profiles-dir', '/tmp/cosmos/profile/a0017dab0633177292578162811b91dcb9c56d6e54017e9660056cc364a762ad', '--profile', 'dbt_project', '--target', 'dev']
From /tmp/tmpgue99ypv
[2024-07-14T04:30:24.168+0000] {subprocess.py:60} INFO - Tmp dir root location: 
 /tmp
[2024-07-14T04:30:24.171+0000] {subprocess.py:73} INFO - Running command: ['/opt/airflow/dbt_venv/bin/dbt', 'deps', '--project-dir', '/tmp/tmpgue99ypv', '--profiles-dir', '/tmp/cosmos/profile/a0017dab0633177292578162811b91dcb9c56d6e54017e9660056cc364a762ad', '--profile', 'dbt_project', '--target', 'dev']
[2024-07-14T04:30:24.270+0000] {subprocess.py:84} INFO - Command output:
[2024-07-14T04:30:39.283+0000] {subprocess.py:94} INFO - [0m04:30:39  Running with dbt=1.8.3
[2024-07-14T04:30:41.589+0000] {subprocess.py:94} INFO - [0m04:30:41  Updating lock file in file path: /tmp/tmpgue99ypv/package-lock.yml
[2024-07-14T04:30:41.664+0000] {subprocess.py:94} INFO - [0m04:30:41  Installing dbt-labs/dbt_utils
[2024-07-14T04:30:42.743+0000] {subprocess.py:94} INFO - [0m04:30:42  Installed from version 0.8.6
[2024-07-14T04:30:42.756+0000] {subprocess.py:94} INFO - [0m04:30:42  Updated version available: 1.2.0
[2024-07-14T04:30:42.763+0000] {subprocess.py:94} INFO - [0m04:30:42
[2024-07-14T04:30:42.778+0000] {subprocess.py:94} INFO - [0m04:30:42  Updates available for packages: ['dbt-labs/dbt_utils']
[2024-07-14T04:30:42.784+0000] {subprocess.py:94} INFO - Update your versions in packages.yml, then run dbt deps
[2024-07-14T04:30:45.554+0000] {subprocess.py:98} INFO - Command exited with return code 0
[2024-07-14T04:30:45.556+0000] {local.py:254} INFO - Update your versions in packages.yml, then run dbt deps
[2024-07-14T04:30:45.559+0000] {local.py:247} INFO - Trying to run the command:
 ['/opt/airflow/dbt_venv/bin/dbt', 'run', '--models', 'fact_order_details', '--project-dir', '/tmp/tmpgue99ypv', '--profiles-dir', '/tmp/cosmos/profile/a0017dab0633177292578162811b91dcb9c56d6e54017e9660056cc364a762ad', '--profile', 'dbt_project', '--target', 'dev']
From /tmp/tmpgue99ypv
[2024-07-14T04:30:45.564+0000] {subprocess.py:60} INFO - Tmp dir root location: 
 /tmp
[2024-07-14T04:30:45.567+0000] {subprocess.py:73} INFO - Running command: ['/opt/airflow/dbt_venv/bin/dbt', 'run', '--models', 'fact_order_details', '--project-dir', '/tmp/tmpgue99ypv', '--profiles-dir', '/tmp/cosmos/profile/a0017dab0633177292578162811b91dcb9c56d6e54017e9660056cc364a762ad', '--profile', 'dbt_project', '--target', 'dev']
[2024-07-14T04:30:45.643+0000] {subprocess.py:84} INFO - Command output:
[2024-07-14T04:31:03.952+0000] {subprocess.py:94} INFO - [0m04:31:03  Running with dbt=1.8.3
[2024-07-14T04:31:08.149+0000] {subprocess.py:94} INFO - [0m04:31:08  Registered adapter: snowflake=1.8.3
[2024-07-14T04:31:13.957+0000] {subprocess.py:94} INFO - [0m04:31:13  Found 20 models, 27 data tests, 11 sources, 684 macros
[2024-07-14T04:31:13.977+0000] {subprocess.py:94} INFO - [0m04:31:13
[2024-07-14T04:31:23.063+0000] {subprocess.py:94} INFO - [0m04:31:23  Concurrency: 1 threads (target='dev')
[2024-07-14T04:31:23.078+0000] {subprocess.py:94} INFO - [0m04:31:23
[2024-07-14T04:31:23.208+0000] {subprocess.py:94} INFO - [0m04:31:23  1 of 1 START sql table model dwh.fact_order_details ............................ [RUN]
[2024-07-14T04:31:26.586+0000] {subprocess.py:94} INFO - [0m04:31:26  1 of 1 OK created sql table model dwh.fact_order_details ....................... [[32mSUCCESS 1[0m in 3.34s]
[2024-07-14T04:31:26.609+0000] {subprocess.py:94} INFO - [0m04:31:26
[2024-07-14T04:31:26.616+0000] {subprocess.py:94} INFO - [0m04:31:26  Finished running 1 table model in 0 hours 0 minutes and 12.61 seconds (12.61s).
[2024-07-14T04:31:27.581+0000] {subprocess.py:94} INFO - [0m04:31:27
[2024-07-14T04:31:27.584+0000] {subprocess.py:94} INFO - [0m04:31:27  [32mCompleted successfully[0m
[2024-07-14T04:31:27.591+0000] {subprocess.py:94} INFO - [0m04:31:27
[2024-07-14T04:31:27.595+0000] {subprocess.py:94} INFO - [0m04:31:27  Done. PASS=1 WARN=0 ERROR=0 SKIP=0 TOTAL=1
[2024-07-14T04:31:30.415+0000] {subprocess.py:98} INFO - Command exited with return code 0
[2024-07-14T04:31:30.418+0000] {local.py:254} INFO - [0m04:31:27  Done. PASS=1 WARN=0 ERROR=0 SKIP=0 TOTAL=1
[2024-07-14T04:31:32.349+0000] {local.py:196} WARNING - Artifact schema version: https://schemas.getdbt.com/dbt/manifest/v12.json is above dbt-ol supported version 7. This might cause errors.
[2024-07-14T04:31:32.496+0000] {local.py:196} WARNING - Artifact schema version: https://schemas.getdbt.com/dbt/run-results/v6.json is above dbt-ol supported version 5. This might cause errors.
[2024-07-14T04:31:32.614+0000] {local.py:349} INFO - Inlets: [Dataset(uri='snowflake://OU00370.europe-west2.gcp/ELT_BATCH.dwh.dim_products', extra=None), Dataset(uri='snowflake://OU00370.europe-west2.gcp/ELT_BATCH.dwh.fact_orders', extra=None), Dataset(uri='snowflake://OU00370.europe-west2.gcp/ELT_BATCH.raw.raw_order_details', extra=None)]
[2024-07-14T04:31:32.655+0000] {local.py:350} INFO - Outlets: [Dataset(uri='snowflake://OU00370.europe-west2.gcp/ELT_BATCH.dwh.fact_order_details', extra=None)]
[2024-07-14T04:31:32.659+0000] {dag.py:3096} INFO - Sync 1 DAGs
[2024-07-14T04:31:33.407+0000] {taskinstance.py:441} INFO - ::group::Post task execution logs
[2024-07-14T04:31:33.646+0000] {taskinstance.py:1206} INFO - Marking task as SUCCESS. dag_id=ELT-PROJECT, task_id=transform.fact_order_details.run, run_id=scheduled__2024-06-30T00:00:00+00:00, execution_date=20240630T000000, start_date=20240714T043022, end_date=20240714T043133
[2024-07-14T04:31:34.626+0000] {local_task_job_runner.py:240} INFO - Task exited with return code 0
[2024-07-14T04:31:34.846+0000] {local_task_job_runner.py:222} INFO - ::endgroup::
