[2024-07-14T04:47:34.179+0000] {local_task_job_runner.py:120} INFO - ::group::Pre task execution logs
[2024-07-14T04:47:34.236+0000] {taskinstance.py:2076} INFO - Dependencies all met for dep_context=non-requeueable deps ti=<TaskInstance: ELT-PROJECT.transform.dim_products.run scheduled__2024-07-13T00:00:00+00:00 [queued]>
[2024-07-14T04:47:34.268+0000] {taskinstance.py:2076} INFO - Dependencies all met for dep_context=requeueable deps ti=<TaskInstance: ELT-PROJECT.transform.dim_products.run scheduled__2024-07-13T00:00:00+00:00 [queued]>
[2024-07-14T04:47:34.270+0000] {taskinstance.py:2306} INFO - Starting attempt 1 of 2
[2024-07-14T04:47:34.302+0000] {taskinstance.py:2330} INFO - Executing <Task(DbtRunLocalOperator): transform.dim_products.run> on 2024-07-13 00:00:00+00:00
[2024-07-14T04:47:34.319+0000] {logging_mixin.py:188} WARNING - /home/airflow/.local/lib/python3.12/site-packages/airflow/task/task_runner/standard_task_runner.py:61 DeprecationWarning: This process (pid=21739) is multi-threaded, use of fork() may lead to deadlocks in the child.
[2024-07-14T04:47:34.322+0000] {standard_task_runner.py:63} INFO - Started process 21770 to run task
[2024-07-14T04:47:34.319+0000] {standard_task_runner.py:90} INFO - Running: ['airflow', 'tasks', 'run', 'ELT-PROJECT', 'transform.dim_products.run', 'scheduled__2024-07-13T00:00:00+00:00', '--job-id', '1622', '--raw', '--subdir', 'DAGS_FOLDER/elt.py', '--cfg-path', '/tmp/tmpkfinrcuv']
[2024-07-14T04:47:34.326+0000] {standard_task_runner.py:91} INFO - Job 1622: Subtask transform.dim_products.run
[2024-07-14T04:47:34.427+0000] {logging_mixin.py:188} WARNING - /home/airflow/.local/lib/python3.12/site-packages/airflow/settings.py:195 DeprecationWarning: The sql_alchemy_conn option in [core] has been moved to the sql_alchemy_conn option in [database] - the old setting has been used, but please update your config.
[2024-07-14T04:47:34.572+0000] {task_command.py:426} INFO - Running <TaskInstance: ELT-PROJECT.transform.dim_products.run scheduled__2024-07-13T00:00:00+00:00 [running]> on host airflow-scheduler
[2024-07-14T04:47:34.995+0000] {taskinstance.py:2648} INFO - Exporting env vars: AIRFLOW_CTX_DAG_OWNER='Data-Ninja' AIRFLOW_CTX_DAG_ID='ELT-PROJECT' AIRFLOW_CTX_TASK_ID='transform.dim_products.run' AIRFLOW_CTX_EXECUTION_DATE='2024-07-13T00:00:00+00:00' AIRFLOW_CTX_TRY_NUMBER='1' AIRFLOW_CTX_DAG_RUN_ID='scheduled__2024-07-13T00:00:00+00:00'
[2024-07-14T04:47:34.998+0000] {taskinstance.py:430} INFO - ::endgroup::
[2024-07-14T04:47:35.002+0000] {local.py:174} INFO - Could not import dbtRunner. Falling back to subprocess for invoking dbt.
[2024-07-14T04:47:35.006+0000] {local.py:292} INFO - Cloning project to writable temp directory /tmp/tmpb3ibm4z3 from /opt/airflow/dags/dbt/dbt_project
[2024-07-14T04:47:35.025+0000] {local.py:303} INFO - Partial parse is enabled and the latest partial parse file is /tmp/cosmos/ELT-PROJECT__transform/target/partial_parse.msgpack
[2024-07-14T04:47:35.106+0000] {base.py:84} INFO - Using connection ID 'snow_conn' for task execution.
[2024-07-14T04:47:35.114+0000] {crypto.py:82} WARNING - empty cryptography key - values will not be stored encrypted.
[2024-07-14T04:47:35.115+0000] {config.py:298} INFO - Profile caching is enable.
[2024-07-14T04:47:35.123+0000] {config.py:272} INFO - Profile found in cache using profile: /tmp/cosmos/profile/a0017dab0633177292578162811b91dcb9c56d6e54017e9660056cc364a762ad/profiles.yml.
[2024-07-14T04:47:35.139+0000] {local.py:247} INFO - Trying to run the command:
 ['/opt/airflow/dbt_venv/bin/dbt', 'deps', '--project-dir', '/tmp/tmpb3ibm4z3', '--profiles-dir', '/tmp/cosmos/profile/a0017dab0633177292578162811b91dcb9c56d6e54017e9660056cc364a762ad', '--profile', 'dbt_project', '--target', 'dev']
From /tmp/tmpb3ibm4z3
[2024-07-14T04:47:35.144+0000] {subprocess.py:60} INFO - Tmp dir root location: 
 /tmp
[2024-07-14T04:47:35.146+0000] {subprocess.py:73} INFO - Running command: ['/opt/airflow/dbt_venv/bin/dbt', 'deps', '--project-dir', '/tmp/tmpb3ibm4z3', '--profiles-dir', '/tmp/cosmos/profile/a0017dab0633177292578162811b91dcb9c56d6e54017e9660056cc364a762ad', '--profile', 'dbt_project', '--target', 'dev']
[2024-07-14T04:47:35.183+0000] {subprocess.py:84} INFO - Command output:
[2024-07-14T04:47:51.124+0000] {subprocess.py:94} INFO - [0m04:47:51  Running with dbt=1.8.3
[2024-07-14T04:47:53.060+0000] {subprocess.py:94} INFO - [0m04:47:53  Updating lock file in file path: /tmp/tmpb3ibm4z3/package-lock.yml
[2024-07-14T04:47:53.088+0000] {subprocess.py:94} INFO - [0m04:47:53  Installing dbt-labs/dbt_utils
[2024-07-14T04:47:53.905+0000] {subprocess.py:94} INFO - [0m04:47:53  Installed from version 0.8.6
[2024-07-14T04:47:53.930+0000] {subprocess.py:94} INFO - [0m04:47:53  Updated version available: 1.2.0
[2024-07-14T04:47:53.938+0000] {subprocess.py:94} INFO - [0m04:47:53
[2024-07-14T04:47:53.951+0000] {subprocess.py:94} INFO - [0m04:47:53  Updates available for packages: ['dbt-labs/dbt_utils']
[2024-07-14T04:47:53.954+0000] {subprocess.py:94} INFO - Update your versions in packages.yml, then run dbt deps
[2024-07-14T04:47:56.742+0000] {subprocess.py:98} INFO - Command exited with return code 0
[2024-07-14T04:47:56.745+0000] {local.py:254} INFO - Update your versions in packages.yml, then run dbt deps
[2024-07-14T04:47:56.748+0000] {local.py:247} INFO - Trying to run the command:
 ['/opt/airflow/dbt_venv/bin/dbt', 'run', '--models', 'dim_products', '--project-dir', '/tmp/tmpb3ibm4z3', '--profiles-dir', '/tmp/cosmos/profile/a0017dab0633177292578162811b91dcb9c56d6e54017e9660056cc364a762ad', '--profile', 'dbt_project', '--target', 'dev']
From /tmp/tmpb3ibm4z3
[2024-07-14T04:47:56.751+0000] {subprocess.py:60} INFO - Tmp dir root location: 
 /tmp
[2024-07-14T04:47:56.753+0000] {subprocess.py:73} INFO - Running command: ['/opt/airflow/dbt_venv/bin/dbt', 'run', '--models', 'dim_products', '--project-dir', '/tmp/tmpb3ibm4z3', '--profiles-dir', '/tmp/cosmos/profile/a0017dab0633177292578162811b91dcb9c56d6e54017e9660056cc364a762ad', '--profile', 'dbt_project', '--target', 'dev']
[2024-07-14T04:47:56.837+0000] {subprocess.py:84} INFO - Command output:
[2024-07-14T04:48:16.139+0000] {subprocess.py:94} INFO - [0m04:48:16  Running with dbt=1.8.3
[2024-07-14T04:48:19.194+0000] {subprocess.py:94} INFO - [0m04:48:19  Registered adapter: snowflake=1.8.3
[2024-07-14T04:48:24.083+0000] {subprocess.py:94} INFO - [0m04:48:24  Found 20 models, 27 data tests, 11 sources, 684 macros
[2024-07-14T04:48:24.097+0000] {subprocess.py:94} INFO - [0m04:48:24
[2024-07-14T04:48:33.889+0000] {subprocess.py:94} INFO - [0m04:48:33  Concurrency: 1 threads (target='dev')
[2024-07-14T04:48:33.896+0000] {subprocess.py:94} INFO - [0m04:48:33
[2024-07-14T04:48:33.971+0000] {subprocess.py:94} INFO - [0m04:48:33  1 of 1 START sql table model dwh.dim_products .................................. [RUN]
[2024-07-14T04:48:37.069+0000] {subprocess.py:94} INFO - [0m04:48:37  1 of 1 OK created sql table model dwh.dim_products ............................. [[32mSUCCESS 1[0m in 3.08s]
[2024-07-14T04:48:37.144+0000] {subprocess.py:94} INFO - [0m04:48:37
[2024-07-14T04:48:37.147+0000] {subprocess.py:94} INFO - [0m04:48:37  Finished running 1 table model in 0 hours 0 minutes and 13.04 seconds (13.04s).
[2024-07-14T04:48:38.161+0000] {subprocess.py:94} INFO - [0m04:48:38
[2024-07-14T04:48:38.164+0000] {subprocess.py:94} INFO - [0m04:48:38  [32mCompleted successfully[0m
[2024-07-14T04:48:38.169+0000] {subprocess.py:94} INFO - [0m04:48:38
[2024-07-14T04:48:38.172+0000] {subprocess.py:94} INFO - [0m04:48:38  Done. PASS=1 WARN=0 ERROR=0 SKIP=0 TOTAL=1
[2024-07-14T04:48:40.489+0000] {subprocess.py:98} INFO - Command exited with return code 0
[2024-07-14T04:48:40.492+0000] {local.py:254} INFO - [0m04:48:38  Done. PASS=1 WARN=0 ERROR=0 SKIP=0 TOTAL=1
[2024-07-14T04:48:41.599+0000] {local.py:196} WARNING - Artifact schema version: https://schemas.getdbt.com/dbt/manifest/v12.json is above dbt-ol supported version 7. This might cause errors.
[2024-07-14T04:48:41.615+0000] {local.py:196} WARNING - Artifact schema version: https://schemas.getdbt.com/dbt/run-results/v6.json is above dbt-ol supported version 5. This might cause errors.
[2024-07-14T04:48:41.698+0000] {local.py:349} INFO - Inlets: [Dataset(uri='snowflake://OU00370.europe-west2.gcp/ELT_BATCH.dwh.dim_categories', extra=None), Dataset(uri='snowflake://OU00370.europe-west2.gcp/ELT_BATCH.dwh.dim_suppliers', extra=None), Dataset(uri='snowflake://OU00370.europe-west2.gcp/ELT_BATCH.raw.raw_products', extra=None)]
[2024-07-14T04:48:41.725+0000] {local.py:350} INFO - Outlets: [Dataset(uri='snowflake://OU00370.europe-west2.gcp/ELT_BATCH.dwh.dim_products', extra=None)]
[2024-07-14T04:48:41.730+0000] {dag.py:3096} INFO - Sync 1 DAGs
[2024-07-14T04:48:42.106+0000] {dag.py:3954} INFO - Setting next_dagrun for ELT-PROJECT to 2024-07-14 00:00:00+00:00, run_after=2024-07-15 00:00:00+00:00
[2024-07-14T04:48:42.364+0000] {taskinstance.py:441} INFO - ::group::Post task execution logs
[2024-07-14T04:48:42.548+0000] {taskinstance.py:1206} INFO - Marking task as SUCCESS. dag_id=ELT-PROJECT, task_id=transform.dim_products.run, run_id=scheduled__2024-07-13T00:00:00+00:00, execution_date=20240713T000000, start_date=20240714T044734, end_date=20240714T044842
[2024-07-14T04:48:42.740+0000] {local_task_job_runner.py:240} INFO - Task exited with return code 0
[2024-07-14T04:48:42.906+0000] {taskinstance.py:3503} INFO - 1 downstream tasks scheduled from follow-on schedule check
[2024-07-14T04:48:42.930+0000] {local_task_job_runner.py:222} INFO - ::endgroup::
