[2024-07-09T12:21:57.574+0000] {local_task_job_runner.py:120} INFO - ::group::Pre task execution logs
[2024-07-09T12:21:57.606+0000] {taskinstance.py:2076} INFO - Dependencies all met for dep_context=non-requeueable deps ti=<TaskInstance: SPARK_JOBS.submit_job manual__2024-07-09T12:16:52.813422+00:00 [queued]>
[2024-07-09T12:21:57.617+0000] {taskinstance.py:2076} INFO - Dependencies all met for dep_context=requeueable deps ti=<TaskInstance: SPARK_JOBS.submit_job manual__2024-07-09T12:16:52.813422+00:00 [queued]>
[2024-07-09T12:21:57.618+0000] {taskinstance.py:2306} INFO - Starting attempt 2 of 2
[2024-07-09T12:21:57.640+0000] {taskinstance.py:2330} INFO - Executing <Task(SparkSubmitOperator): submit_job> on 2024-07-09 12:16:52.813422+00:00
[2024-07-09T12:21:57.650+0000] {logging_mixin.py:188} WARNING - /home/airflow/.local/lib/python3.12/site-packages/airflow/task/task_runner/standard_task_runner.py:61 DeprecationWarning: This process (pid=868) is multi-threaded, use of fork() may lead to deadlocks in the child.
[2024-07-09T12:21:57.652+0000] {standard_task_runner.py:63} INFO - Started process 869 to run task
[2024-07-09T12:21:57.650+0000] {standard_task_runner.py:90} INFO - Running: ['airflow', 'tasks', 'run', 'SPARK_JOBS', 'submit_job', 'manual__2024-07-09T12:16:52.813422+00:00', '--job-id', '28', '--raw', '--subdir', 'DAGS_FOLDER/elt-spark copy.py', '--cfg-path', '/tmp/tmp5w62vxjw']
[2024-07-09T12:21:57.653+0000] {standard_task_runner.py:91} INFO - Job 28: Subtask submit_job
[2024-07-09T12:21:57.676+0000] {logging_mixin.py:188} WARNING - /home/airflow/.local/lib/python3.12/site-packages/airflow/settings.py:195 DeprecationWarning: The sql_alchemy_conn option in [core] has been moved to the sql_alchemy_conn option in [database] - the old setting has been used, but please update your config.
[2024-07-09T12:21:57.742+0000] {task_command.py:426} INFO - Running <TaskInstance: SPARK_JOBS.submit_job manual__2024-07-09T12:16:52.813422+00:00 [running]> on host airflow-scheduler
[2024-07-09T12:21:57.865+0000] {taskinstance.py:2648} INFO - Exporting env vars: AIRFLOW_CTX_DAG_OWNER='Data-Ninja' AIRFLOW_CTX_DAG_ID='SPARK_JOBS' AIRFLOW_CTX_TASK_ID='submit_job' AIRFLOW_CTX_EXECUTION_DATE='2024-07-09T12:16:52.813422+00:00' AIRFLOW_CTX_TRY_NUMBER='2' AIRFLOW_CTX_DAG_RUN_ID='manual__2024-07-09T12:16:52.813422+00:00'
[2024-07-09T12:21:57.868+0000] {taskinstance.py:430} INFO - ::endgroup::
[2024-07-09T12:21:57.887+0000] {base.py:84} INFO - Using connection ID 'spark_default' for task execution.
[2024-07-09T12:21:57.889+0000] {spark_submit.py:401} INFO - Spark-Submit cmd: spark-submit --master yarn --name arrow-spark --queue root.default /spark/extractors.py
[2024-07-09T12:21:57.993+0000] {spark_submit.py:571} INFO - /home/airflow/.local/lib/python3.12/site-packages/pyspark/bin/load-spark-env.sh: line 68: ps: command not found
[2024-07-09T12:22:00.176+0000] {spark_submit.py:571} INFO - Exception in thread "main" org.apache.spark.SparkException: When running with master 'yarn' either HADOOP_CONF_DIR or YARN_CONF_DIR must be set in the environment.
[2024-07-09T12:22:00.177+0000] {spark_submit.py:571} INFO - at org.apache.spark.deploy.SparkSubmitArguments.error(SparkSubmitArguments.scala:650)
[2024-07-09T12:22:00.178+0000] {spark_submit.py:571} INFO - at org.apache.spark.deploy.SparkSubmitArguments.validateSubmitArguments(SparkSubmitArguments.scala:281)
[2024-07-09T12:22:00.179+0000] {spark_submit.py:571} INFO - at org.apache.spark.deploy.SparkSubmitArguments.validateArguments(SparkSubmitArguments.scala:237)
[2024-07-09T12:22:00.179+0000] {spark_submit.py:571} INFO - at org.apache.spark.deploy.SparkSubmitArguments.<init>(SparkSubmitArguments.scala:122)
[2024-07-09T12:22:00.180+0000] {spark_submit.py:571} INFO - at org.apache.spark.deploy.SparkSubmit$$anon$2$$anon$3.<init>(SparkSubmit.scala:1103)
[2024-07-09T12:22:00.181+0000] {spark_submit.py:571} INFO - at org.apache.spark.deploy.SparkSubmit$$anon$2.parseArguments(SparkSubmit.scala:1103)
[2024-07-09T12:22:00.181+0000] {spark_submit.py:571} INFO - at org.apache.spark.deploy.SparkSubmit.doSubmit(SparkSubmit.scala:86)
[2024-07-09T12:22:00.182+0000] {spark_submit.py:571} INFO - at org.apache.spark.deploy.SparkSubmit$$anon$2.doSubmit(SparkSubmit.scala:1120)
[2024-07-09T12:22:00.183+0000] {spark_submit.py:571} INFO - at org.apache.spark.deploy.SparkSubmit$.main(SparkSubmit.scala:1129)
[2024-07-09T12:22:00.183+0000] {spark_submit.py:571} INFO - at org.apache.spark.deploy.SparkSubmit.main(SparkSubmit.scala)
[2024-07-09T12:22:00.194+0000] {taskinstance.py:441} INFO - ::group::Post task execution logs
[2024-07-09T12:22:00.208+0000] {taskinstance.py:2905} ERROR - Task failed with exception
Traceback (most recent call last):
  File "/home/airflow/.local/lib/python3.12/site-packages/airflow/models/taskinstance.py", line 465, in _execute_task
    result = _execute_callable(context=context, **execute_callable_kwargs)
             ^^^^^^^^^^^^^^^^^^^^^^^^^^^^^^^^^^^^^^^^^^^^^^^^^^^^^^^^^^^^^
  File "/home/airflow/.local/lib/python3.12/site-packages/airflow/models/taskinstance.py", line 432, in _execute_callable
    return execute_callable(context=context, **execute_callable_kwargs)
           ^^^^^^^^^^^^^^^^^^^^^^^^^^^^^^^^^^^^^^^^^^^^^^^^^^^^^^^^^^^^
  File "/home/airflow/.local/lib/python3.12/site-packages/airflow/models/baseoperator.py", line 401, in wrapper
    return func(self, *args, **kwargs)
           ^^^^^^^^^^^^^^^^^^^^^^^^^^^
  File "/home/airflow/.local/lib/python3.12/site-packages/airflow/providers/apache/spark/operators/spark_submit.py", line 174, in execute
    self._hook.submit(self.application)
  File "/home/airflow/.local/lib/python3.12/site-packages/airflow/providers/apache/spark/hooks/spark_submit.py", line 502, in submit
    raise AirflowException(
airflow.exceptions.AirflowException: Cannot execute: spark-submit --master yarn --name arrow-spark --queue root.default /spark/extractors.py. Error code is: 1.
[2024-07-09T12:22:00.213+0000] {taskinstance.py:1206} INFO - Marking task as FAILED. dag_id=SPARK_JOBS, task_id=submit_job, run_id=manual__2024-07-09T12:16:52.813422+00:00, execution_date=20240709T121652, start_date=20240709T122157, end_date=20240709T122200
[2024-07-09T12:22:00.228+0000] {standard_task_runner.py:110} ERROR - Failed to execute job 28 for task submit_job (Cannot execute: spark-submit --master yarn --name arrow-spark --queue root.default /spark/extractors.py. Error code is: 1.; 869)
[2024-07-09T12:22:00.238+0000] {local_task_job_runner.py:240} INFO - Task exited with return code 1
[2024-07-09T12:22:00.261+0000] {taskinstance.py:3503} INFO - 0 downstream tasks scheduled from follow-on schedule check
[2024-07-09T12:22:00.264+0000] {local_task_job_runner.py:222} INFO - ::endgroup::
