[2024-07-14T04:25:37.973+0000] {local_task_job_runner.py:120} INFO - ::group::Pre task execution logs
[2024-07-14T04:25:38.208+0000] {taskinstance.py:2076} INFO - Dependencies all met for dep_context=non-requeueable deps ti=<TaskInstance: ELT-PROJECT.transform.raw_order_details.run scheduled__2024-07-10T00:00:00+00:00 [queued]>
[2024-07-14T04:25:38.320+0000] {taskinstance.py:2076} INFO - Dependencies all met for dep_context=requeueable deps ti=<TaskInstance: ELT-PROJECT.transform.raw_order_details.run scheduled__2024-07-10T00:00:00+00:00 [queued]>
[2024-07-14T04:25:38.325+0000] {taskinstance.py:2306} INFO - Starting attempt 1 of 2
[2024-07-14T04:25:38.455+0000] {taskinstance.py:2330} INFO - Executing <Task(DbtRunLocalOperator): transform.raw_order_details.run> on 2024-07-10 00:00:00+00:00
[2024-07-14T04:25:38.512+0000] {standard_task_runner.py:90} INFO - Running: ['airflow', 'tasks', 'run', 'ELT-PROJECT', 'transform.raw_order_details.run', 'scheduled__2024-07-10T00:00:00+00:00', '--job-id', '1336', '--raw', '--subdir', 'DAGS_FOLDER/elt.py', '--cfg-path', '/tmp/tmpdj18mrs0']
[2024-07-14T04:25:38.499+0000] {logging_mixin.py:188} WARNING - /home/airflow/.local/lib/python3.12/site-packages/airflow/task/task_runner/standard_task_runner.py:61 DeprecationWarning: This process (pid=17177) is multi-threaded, use of fork() may lead to deadlocks in the child.
[2024-07-14T04:25:38.535+0000] {standard_task_runner.py:91} INFO - Job 1336: Subtask transform.raw_order_details.run
[2024-07-14T04:25:38.535+0000] {standard_task_runner.py:63} INFO - Started process 17219 to run task
[2024-07-14T04:25:38.627+0000] {logging_mixin.py:188} WARNING - /home/airflow/.local/lib/python3.12/site-packages/airflow/settings.py:195 DeprecationWarning: The sql_alchemy_conn option in [core] has been moved to the sql_alchemy_conn option in [database] - the old setting has been used, but please update your config.
[2024-07-14T04:25:38.900+0000] {task_command.py:426} INFO - Running <TaskInstance: ELT-PROJECT.transform.raw_order_details.run scheduled__2024-07-10T00:00:00+00:00 [running]> on host airflow-scheduler
[2024-07-14T04:25:39.554+0000] {taskinstance.py:2648} INFO - Exporting env vars: AIRFLOW_CTX_DAG_OWNER='Data-Ninja' AIRFLOW_CTX_DAG_ID='ELT-PROJECT' AIRFLOW_CTX_TASK_ID='transform.raw_order_details.run' AIRFLOW_CTX_EXECUTION_DATE='2024-07-10T00:00:00+00:00' AIRFLOW_CTX_TRY_NUMBER='1' AIRFLOW_CTX_DAG_RUN_ID='scheduled__2024-07-10T00:00:00+00:00'
[2024-07-14T04:25:39.558+0000] {taskinstance.py:430} INFO - ::endgroup::
[2024-07-14T04:25:39.576+0000] {local.py:174} INFO - Could not import dbtRunner. Falling back to subprocess for invoking dbt.
[2024-07-14T04:25:39.589+0000] {local.py:292} INFO - Cloning project to writable temp directory /tmp/tmpr_oermbv from /opt/airflow/dags/dbt/dbt_project
[2024-07-14T04:25:39.605+0000] {local.py:303} INFO - Partial parse is enabled and the latest partial parse file is /tmp/cosmos/ELT-PROJECT__transform/target/partial_parse.msgpack
[2024-07-14T04:25:39.835+0000] {base.py:84} INFO - Using connection ID 'snow_conn' for task execution.
[2024-07-14T04:25:39.840+0000] {crypto.py:82} WARNING - empty cryptography key - values will not be stored encrypted.
[2024-07-14T04:25:39.842+0000] {config.py:298} INFO - Profile caching is enable.
[2024-07-14T04:25:39.861+0000] {config.py:272} INFO - Profile found in cache using profile: /tmp/cosmos/profile/a0017dab0633177292578162811b91dcb9c56d6e54017e9660056cc364a762ad/profiles.yml.
[2024-07-14T04:25:39.888+0000] {local.py:247} INFO - Trying to run the command:
 ['/opt/airflow/dbt_venv/bin/dbt', 'deps', '--project-dir', '/tmp/tmpr_oermbv', '--profiles-dir', '/tmp/cosmos/profile/a0017dab0633177292578162811b91dcb9c56d6e54017e9660056cc364a762ad', '--profile', 'dbt_project', '--target', 'dev']
From /tmp/tmpr_oermbv
[2024-07-14T04:25:39.892+0000] {subprocess.py:60} INFO - Tmp dir root location: 
 /tmp
[2024-07-14T04:25:39.902+0000] {subprocess.py:73} INFO - Running command: ['/opt/airflow/dbt_venv/bin/dbt', 'deps', '--project-dir', '/tmp/tmpr_oermbv', '--profiles-dir', '/tmp/cosmos/profile/a0017dab0633177292578162811b91dcb9c56d6e54017e9660056cc364a762ad', '--profile', 'dbt_project', '--target', 'dev']
[2024-07-14T04:25:40.004+0000] {subprocess.py:84} INFO - Command output:
[2024-07-14T04:25:52.854+0000] {subprocess.py:94} INFO - [0m04:25:52  Running with dbt=1.8.3
[2024-07-14T04:25:54.220+0000] {subprocess.py:94} INFO - [0m04:25:54  Updating lock file in file path: /tmp/tmpr_oermbv/package-lock.yml
[2024-07-14T04:25:54.268+0000] {subprocess.py:94} INFO - [0m04:25:54  Installing dbt-labs/dbt_utils
[2024-07-14T04:25:54.930+0000] {subprocess.py:94} INFO - [0m04:25:54  Installed from version 0.8.6
[2024-07-14T04:25:54.933+0000] {subprocess.py:94} INFO - [0m04:25:54  Updated version available: 1.2.0
[2024-07-14T04:25:54.938+0000] {subprocess.py:94} INFO - [0m04:25:54
[2024-07-14T04:25:54.942+0000] {subprocess.py:94} INFO - [0m04:25:54  Updates available for packages: ['dbt-labs/dbt_utils']
[2024-07-14T04:25:54.945+0000] {subprocess.py:94} INFO - Update your versions in packages.yml, then run dbt deps
[2024-07-14T04:25:57.238+0000] {subprocess.py:98} INFO - Command exited with return code 0
[2024-07-14T04:25:57.240+0000] {local.py:254} INFO - Update your versions in packages.yml, then run dbt deps
[2024-07-14T04:25:57.242+0000] {local.py:247} INFO - Trying to run the command:
 ['/opt/airflow/dbt_venv/bin/dbt', 'run', '--models', 'raw_order_details', '--project-dir', '/tmp/tmpr_oermbv', '--profiles-dir', '/tmp/cosmos/profile/a0017dab0633177292578162811b91dcb9c56d6e54017e9660056cc364a762ad', '--profile', 'dbt_project', '--target', 'dev']
From /tmp/tmpr_oermbv
[2024-07-14T04:25:57.244+0000] {subprocess.py:60} INFO - Tmp dir root location: 
 /tmp
[2024-07-14T04:25:57.246+0000] {subprocess.py:73} INFO - Running command: ['/opt/airflow/dbt_venv/bin/dbt', 'run', '--models', 'raw_order_details', '--project-dir', '/tmp/tmpr_oermbv', '--profiles-dir', '/tmp/cosmos/profile/a0017dab0633177292578162811b91dcb9c56d6e54017e9660056cc364a762ad', '--profile', 'dbt_project', '--target', 'dev']
[2024-07-14T04:25:57.316+0000] {subprocess.py:84} INFO - Command output:
[2024-07-14T04:26:14.664+0000] {subprocess.py:94} INFO - [0m04:26:14  Running with dbt=1.8.3
[2024-07-14T04:26:19.220+0000] {subprocess.py:94} INFO - [0m04:26:19  Registered adapter: snowflake=1.8.3
[2024-07-14T04:26:25.002+0000] {subprocess.py:94} INFO - [0m04:26:25  Found 20 models, 27 data tests, 11 sources, 684 macros
[2024-07-14T04:26:25.089+0000] {subprocess.py:94} INFO - [0m04:26:25
[2024-07-14T04:26:35.502+0000] {subprocess.py:94} INFO - [0m04:26:35  Concurrency: 1 threads (target='dev')
[2024-07-14T04:26:35.512+0000] {subprocess.py:94} INFO - [0m04:26:35
[2024-07-14T04:26:35.729+0000] {subprocess.py:94} INFO - [0m04:26:35  1 of 1 START sql table model raw.raw_order_details ............................. [RUN]
[2024-07-14T04:26:38.622+0000] {subprocess.py:94} INFO - [0m04:26:38  1 of 1 OK created sql table model raw.raw_order_details ........................ [[32mSUCCESS 1[0m in 2.87s]
[2024-07-14T04:26:38.656+0000] {subprocess.py:94} INFO - [0m04:26:38
[2024-07-14T04:26:38.659+0000] {subprocess.py:94} INFO - [0m04:26:38  Finished running 1 table model in 0 hours 0 minutes and 13.56 seconds (13.56s).
[2024-07-14T04:26:39.587+0000] {subprocess.py:94} INFO - [0m04:26:39
[2024-07-14T04:26:39.591+0000] {subprocess.py:94} INFO - [0m04:26:39  [32mCompleted successfully[0m
[2024-07-14T04:26:39.593+0000] {subprocess.py:94} INFO - [0m04:26:39
[2024-07-14T04:26:39.597+0000] {subprocess.py:94} INFO - [0m04:26:39  Done. PASS=1 WARN=0 ERROR=0 SKIP=0 TOTAL=1
[2024-07-14T04:26:42.686+0000] {subprocess.py:98} INFO - Command exited with return code 0
[2024-07-14T04:26:42.691+0000] {local.py:254} INFO - [0m04:26:39  Done. PASS=1 WARN=0 ERROR=0 SKIP=0 TOTAL=1
[2024-07-14T04:26:43.943+0000] {local.py:196} WARNING - Artifact schema version: https://schemas.getdbt.com/dbt/manifest/v12.json is above dbt-ol supported version 7. This might cause errors.
[2024-07-14T04:26:43.952+0000] {local.py:196} WARNING - Artifact schema version: https://schemas.getdbt.com/dbt/run-results/v6.json is above dbt-ol supported version 5. This might cause errors.
[2024-07-14T04:26:44.005+0000] {local.py:349} INFO - Inlets: [Dataset(uri='snowflake://OU00370.europe-west2.gcp/ELT_BATCH.PUBLIC.order_details', extra=None)]
[2024-07-14T04:26:44.007+0000] {local.py:350} INFO - Outlets: [Dataset(uri='snowflake://OU00370.europe-west2.gcp/ELT_BATCH.raw.raw_order_details', extra=None)]
[2024-07-14T04:26:44.020+0000] {dag.py:3096} INFO - Sync 1 DAGs
[2024-07-14T04:26:44.490+0000] {taskinstance.py:441} INFO - ::group::Post task execution logs
[2024-07-14T04:26:44.745+0000] {taskinstance.py:1206} INFO - Marking task as SUCCESS. dag_id=ELT-PROJECT, task_id=transform.raw_order_details.run, run_id=scheduled__2024-07-10T00:00:00+00:00, execution_date=20240710T000000, start_date=20240714T042538, end_date=20240714T042644
[2024-07-14T04:26:45.121+0000] {local_task_job_runner.py:240} INFO - Task exited with return code 0
[2024-07-14T04:26:45.206+0000] {local_task_job_runner.py:222} INFO - ::endgroup::
