[2024-07-14T03:25:55.690+0000] {local_task_job_runner.py:120} INFO - ::group::Pre task execution logs
[2024-07-14T03:25:55.877+0000] {taskinstance.py:2076} INFO - Dependencies all met for dep_context=non-requeueable deps ti=<TaskInstance: ELT-PROJECT.transform.raw_shippers.run manual__2024-07-14T03:25:17.009601+00:00 [queued]>
[2024-07-14T03:25:55.983+0000] {taskinstance.py:2076} INFO - Dependencies all met for dep_context=requeueable deps ti=<TaskInstance: ELT-PROJECT.transform.raw_shippers.run manual__2024-07-14T03:25:17.009601+00:00 [queued]>
[2024-07-14T03:25:55.986+0000] {taskinstance.py:2306} INFO - Starting attempt 1 of 2
[2024-07-14T03:25:56.099+0000] {taskinstance.py:2330} INFO - Executing <Task(DbtRunLocalOperator): transform.raw_shippers.run> on 2024-07-14 03:25:17.009601+00:00
[2024-07-14T03:25:56.131+0000] {logging_mixin.py:188} WARNING - /home/airflow/.local/lib/python3.12/site-packages/airflow/task/task_runner/standard_task_runner.py:61 DeprecationWarning: This process (pid=6880) is multi-threaded, use of fork() may lead to deadlocks in the child.
[2024-07-14T03:25:56.133+0000] {standard_task_runner.py:63} INFO - Started process 6899 to run task
[2024-07-14T03:25:56.155+0000] {standard_task_runner.py:90} INFO - Running: ['airflow', 'tasks', 'run', 'ELT-PROJECT', 'transform.raw_shippers.run', 'manual__2024-07-14T03:25:17.009601+00:00', '--job-id', '579', '--raw', '--subdir', 'DAGS_FOLDER/elt.py', '--cfg-path', '/tmp/tmpdkwg0pqb']
[2024-07-14T03:25:56.161+0000] {standard_task_runner.py:91} INFO - Job 579: Subtask transform.raw_shippers.run
[2024-07-14T03:25:56.257+0000] {logging_mixin.py:188} WARNING - /home/airflow/.local/lib/python3.12/site-packages/airflow/settings.py:195 DeprecationWarning: The sql_alchemy_conn option in [core] has been moved to the sql_alchemy_conn option in [database] - the old setting has been used, but please update your config.
[2024-07-14T03:25:56.458+0000] {task_command.py:426} INFO - Running <TaskInstance: ELT-PROJECT.transform.raw_shippers.run manual__2024-07-14T03:25:17.009601+00:00 [running]> on host airflow-scheduler
[2024-07-14T03:25:56.902+0000] {taskinstance.py:2648} INFO - Exporting env vars: AIRFLOW_CTX_DAG_OWNER='Data-Ninja' AIRFLOW_CTX_DAG_ID='ELT-PROJECT' AIRFLOW_CTX_TASK_ID='transform.raw_shippers.run' AIRFLOW_CTX_EXECUTION_DATE='2024-07-14T03:25:17.009601+00:00' AIRFLOW_CTX_TRY_NUMBER='1' AIRFLOW_CTX_DAG_RUN_ID='manual__2024-07-14T03:25:17.009601+00:00'
[2024-07-14T03:25:56.915+0000] {taskinstance.py:430} INFO - ::endgroup::
[2024-07-14T03:25:56.920+0000] {local.py:174} INFO - Could not import dbtRunner. Falling back to subprocess for invoking dbt.
[2024-07-14T03:25:56.925+0000] {local.py:292} INFO - Cloning project to writable temp directory /tmp/tmpf2vdrvuf from /opt/airflow/dags/dbt/dbt_project
[2024-07-14T03:25:56.942+0000] {local.py:303} INFO - Partial parse is enabled and the latest partial parse file is /tmp/cosmos/ELT-PROJECT__transform/target/partial_parse.msgpack
[2024-07-14T03:25:57.838+0000] {base.py:84} INFO - Using connection ID 'snow_conn' for task execution.
[2024-07-14T03:25:57.846+0000] {crypto.py:82} WARNING - empty cryptography key - values will not be stored encrypted.
[2024-07-14T03:25:57.856+0000] {config.py:298} INFO - Profile caching is enable.
[2024-07-14T03:25:57.874+0000] {config.py:272} INFO - Profile found in cache using profile: /tmp/cosmos/profile/a0017dab0633177292578162811b91dcb9c56d6e54017e9660056cc364a762ad/profiles.yml.
[2024-07-14T03:25:57.877+0000] {local.py:247} INFO - Trying to run the command:
 ['/opt/airflow/dbt_venv/bin/dbt', 'deps', '--project-dir', '/tmp/tmpf2vdrvuf', '--profiles-dir', '/tmp/cosmos/profile/a0017dab0633177292578162811b91dcb9c56d6e54017e9660056cc364a762ad', '--profile', 'dbt_project', '--target', 'dev']
From /tmp/tmpf2vdrvuf
[2024-07-14T03:25:57.880+0000] {subprocess.py:60} INFO - Tmp dir root location: 
 /tmp
[2024-07-14T03:25:57.885+0000] {subprocess.py:73} INFO - Running command: ['/opt/airflow/dbt_venv/bin/dbt', 'deps', '--project-dir', '/tmp/tmpf2vdrvuf', '--profiles-dir', '/tmp/cosmos/profile/a0017dab0633177292578162811b91dcb9c56d6e54017e9660056cc364a762ad', '--profile', 'dbt_project', '--target', 'dev']
[2024-07-14T03:25:57.963+0000] {subprocess.py:84} INFO - Command output:
[2024-07-14T03:26:07.846+0000] {subprocess.py:94} INFO - [0m03:26:07  Running with dbt=1.8.3
[2024-07-14T03:26:09.565+0000] {subprocess.py:94} INFO - [0m03:26:09  Updating lock file in file path: /tmp/tmpf2vdrvuf/package-lock.yml
[2024-07-14T03:26:09.605+0000] {subprocess.py:94} INFO - [0m03:26:09  Installing dbt-labs/dbt_utils
[2024-07-14T03:26:14.240+0000] {subprocess.py:94} INFO - [0m03:26:14  Installed from version 0.8.6
[2024-07-14T03:26:14.243+0000] {subprocess.py:94} INFO - [0m03:26:14  Updated version available: 1.2.0
[2024-07-14T03:26:14.247+0000] {subprocess.py:94} INFO - [0m03:26:14
[2024-07-14T03:26:14.249+0000] {subprocess.py:94} INFO - [0m03:26:14  Updates available for packages: ['dbt-labs/dbt_utils']
[2024-07-14T03:26:14.251+0000] {subprocess.py:94} INFO - Update your versions in packages.yml, then run dbt deps
[2024-07-14T03:26:16.579+0000] {subprocess.py:98} INFO - Command exited with return code 0
[2024-07-14T03:26:16.584+0000] {local.py:254} INFO - Update your versions in packages.yml, then run dbt deps
[2024-07-14T03:26:16.596+0000] {local.py:247} INFO - Trying to run the command:
 ['/opt/airflow/dbt_venv/bin/dbt', 'run', '--models', 'raw_shippers', '--project-dir', '/tmp/tmpf2vdrvuf', '--profiles-dir', '/tmp/cosmos/profile/a0017dab0633177292578162811b91dcb9c56d6e54017e9660056cc364a762ad', '--profile', 'dbt_project', '--target', 'dev']
From /tmp/tmpf2vdrvuf
[2024-07-14T03:26:16.609+0000] {subprocess.py:60} INFO - Tmp dir root location: 
 /tmp
[2024-07-14T03:26:16.631+0000] {subprocess.py:73} INFO - Running command: ['/opt/airflow/dbt_venv/bin/dbt', 'run', '--models', 'raw_shippers', '--project-dir', '/tmp/tmpf2vdrvuf', '--profiles-dir', '/tmp/cosmos/profile/a0017dab0633177292578162811b91dcb9c56d6e54017e9660056cc364a762ad', '--profile', 'dbt_project', '--target', 'dev']
[2024-07-14T03:26:16.741+0000] {subprocess.py:84} INFO - Command output:
[2024-07-14T03:26:29.466+0000] {subprocess.py:94} INFO - [0m03:26:29  Running with dbt=1.8.3
[2024-07-14T03:26:31.660+0000] {subprocess.py:94} INFO - [0m03:26:31  Registered adapter: snowflake=1.8.3
[2024-07-14T03:26:38.312+0000] {subprocess.py:94} INFO - [0m03:26:38  Found 20 models, 27 data tests, 11 sources, 684 macros
[2024-07-14T03:26:38.330+0000] {subprocess.py:94} INFO - [0m03:26:38
[2024-07-14T03:26:47.348+0000] {subprocess.py:94} INFO - [0m03:26:47  Concurrency: 1 threads (target='dev')
[2024-07-14T03:26:47.355+0000] {subprocess.py:94} INFO - [0m03:26:47
[2024-07-14T03:26:47.423+0000] {subprocess.py:94} INFO - [0m03:26:47  1 of 1 START sql table model raw.raw_shippers .................................. [RUN]
[2024-07-14T03:26:50.391+0000] {subprocess.py:94} INFO - [0m03:26:50  1 of 1 OK created sql table model raw.raw_shippers ............................. [[32mSUCCESS 1[0m in 2.96s]
[2024-07-14T03:26:50.400+0000] {subprocess.py:94} INFO - [0m03:26:50
[2024-07-14T03:26:50.402+0000] {subprocess.py:94} INFO - [0m03:26:50  Finished running 1 table model in 0 hours 0 minutes and 12.07 seconds (12.07s).
[2024-07-14T03:26:50.687+0000] {subprocess.py:94} INFO - [0m03:26:50
[2024-07-14T03:26:50.690+0000] {subprocess.py:94} INFO - [0m03:26:50  [32mCompleted successfully[0m
[2024-07-14T03:26:50.695+0000] {subprocess.py:94} INFO - [0m03:26:50
[2024-07-14T03:26:50.699+0000] {subprocess.py:94} INFO - [0m03:26:50  Done. PASS=1 WARN=0 ERROR=0 SKIP=0 TOTAL=1
[2024-07-14T03:26:53.056+0000] {subprocess.py:98} INFO - Command exited with return code 0
[2024-07-14T03:26:53.059+0000] {local.py:254} INFO - [0m03:26:50  Done. PASS=1 WARN=0 ERROR=0 SKIP=0 TOTAL=1
[2024-07-14T03:26:53.182+0000] {local.py:196} WARNING - Artifact schema version: https://schemas.getdbt.com/dbt/manifest/v12.json is above dbt-ol supported version 7. This might cause errors.
[2024-07-14T03:26:53.202+0000] {local.py:196} WARNING - Artifact schema version: https://schemas.getdbt.com/dbt/run-results/v6.json is above dbt-ol supported version 5. This might cause errors.
[2024-07-14T03:26:53.257+0000] {local.py:349} INFO - Inlets: [Dataset(uri='snowflake://OU00370.europe-west2.gcp/ELT_BATCH.PUBLIC.shippers', extra=None)]
[2024-07-14T03:26:53.281+0000] {local.py:350} INFO - Outlets: [Dataset(uri='snowflake://OU00370.europe-west2.gcp/ELT_BATCH.raw.raw_shippers', extra=None)]
[2024-07-14T03:26:53.289+0000] {dag.py:3096} INFO - Sync 1 DAGs
[2024-07-14T03:26:53.437+0000] {dag.py:3954} INFO - Setting next_dagrun for ELT-PROJECT to None, run_after=None
[2024-07-14T03:26:54.002+0000] {taskinstance.py:441} INFO - ::group::Post task execution logs
[2024-07-14T03:26:54.196+0000] {taskinstance.py:1206} INFO - Marking task as SUCCESS. dag_id=ELT-PROJECT, task_id=transform.raw_shippers.run, run_id=manual__2024-07-14T03:25:17.009601+00:00, execution_date=20240714T032517, start_date=20240714T032555, end_date=20240714T032654
[2024-07-14T03:26:54.365+0000] {local_task_job_runner.py:240} INFO - Task exited with return code 0
[2024-07-14T03:26:54.418+0000] {local_task_job_runner.py:222} INFO - ::endgroup::
