[2024-07-14T04:33:58.255+0000] {local_task_job_runner.py:120} INFO - ::group::Pre task execution logs
[2024-07-14T04:33:58.436+0000] {taskinstance.py:2076} INFO - Dependencies all met for dep_context=non-requeueable deps ti=<TaskInstance: ELT-PROJECT.transform.raw_shippers.run scheduled__2024-06-30T00:00:00+00:00 [queued]>
[2024-07-14T04:33:58.528+0000] {taskinstance.py:2076} INFO - Dependencies all met for dep_context=requeueable deps ti=<TaskInstance: ELT-PROJECT.transform.raw_shippers.run scheduled__2024-06-30T00:00:00+00:00 [queued]>
[2024-07-14T04:33:58.547+0000] {taskinstance.py:2306} INFO - Starting attempt 1 of 2
[2024-07-14T04:33:58.608+0000] {taskinstance.py:2330} INFO - Executing <Task(DbtRunLocalOperator): transform.raw_shippers.run> on 2024-06-30 00:00:00+00:00
[2024-07-14T04:33:58.640+0000] {standard_task_runner.py:90} INFO - Running: ['airflow', 'tasks', 'run', 'ELT-PROJECT', 'transform.raw_shippers.run', 'scheduled__2024-06-30T00:00:00+00:00', '--job-id', '1438', '--raw', '--subdir', 'DAGS_FOLDER/elt.py', '--cfg-path', '/tmp/tmp6slpdbf2']
[2024-07-14T04:33:58.662+0000] {standard_task_runner.py:91} INFO - Job 1438: Subtask transform.raw_shippers.run
[2024-07-14T04:33:58.630+0000] {logging_mixin.py:188} WARNING - /home/airflow/.local/lib/python3.12/site-packages/airflow/task/task_runner/standard_task_runner.py:61 DeprecationWarning: This process (pid=18851) is multi-threaded, use of fork() may lead to deadlocks in the child.
[2024-07-14T04:33:58.676+0000] {standard_task_runner.py:63} INFO - Started process 18869 to run task
[2024-07-14T04:33:58.767+0000] {logging_mixin.py:188} WARNING - /home/airflow/.local/lib/python3.12/site-packages/airflow/settings.py:195 DeprecationWarning: The sql_alchemy_conn option in [core] has been moved to the sql_alchemy_conn option in [database] - the old setting has been used, but please update your config.
[2024-07-14T04:33:59.013+0000] {task_command.py:426} INFO - Running <TaskInstance: ELT-PROJECT.transform.raw_shippers.run scheduled__2024-06-30T00:00:00+00:00 [running]> on host airflow-scheduler
[2024-07-14T04:33:59.620+0000] {taskinstance.py:2648} INFO - Exporting env vars: AIRFLOW_CTX_DAG_OWNER='Data-Ninja' AIRFLOW_CTX_DAG_ID='ELT-PROJECT' AIRFLOW_CTX_TASK_ID='transform.raw_shippers.run' AIRFLOW_CTX_EXECUTION_DATE='2024-06-30T00:00:00+00:00' AIRFLOW_CTX_TRY_NUMBER='1' AIRFLOW_CTX_DAG_RUN_ID='scheduled__2024-06-30T00:00:00+00:00'
[2024-07-14T04:33:59.624+0000] {taskinstance.py:430} INFO - ::endgroup::
[2024-07-14T04:33:59.634+0000] {local.py:174} INFO - Could not import dbtRunner. Falling back to subprocess for invoking dbt.
[2024-07-14T04:33:59.642+0000] {local.py:292} INFO - Cloning project to writable temp directory /tmp/tmpfed3km7q from /opt/airflow/dags/dbt/dbt_project
[2024-07-14T04:33:59.671+0000] {local.py:303} INFO - Partial parse is enabled and the latest partial parse file is /tmp/cosmos/ELT-PROJECT__transform/target/partial_parse.msgpack
[2024-07-14T04:33:59.866+0000] {base.py:84} INFO - Using connection ID 'snow_conn' for task execution.
[2024-07-14T04:33:59.873+0000] {crypto.py:82} WARNING - empty cryptography key - values will not be stored encrypted.
[2024-07-14T04:33:59.881+0000] {config.py:298} INFO - Profile caching is enable.
[2024-07-14T04:33:59.893+0000] {config.py:272} INFO - Profile found in cache using profile: /tmp/cosmos/profile/a0017dab0633177292578162811b91dcb9c56d6e54017e9660056cc364a762ad/profiles.yml.
[2024-07-14T04:33:59.904+0000] {local.py:247} INFO - Trying to run the command:
 ['/opt/airflow/dbt_venv/bin/dbt', 'deps', '--project-dir', '/tmp/tmpfed3km7q', '--profiles-dir', '/tmp/cosmos/profile/a0017dab0633177292578162811b91dcb9c56d6e54017e9660056cc364a762ad', '--profile', 'dbt_project', '--target', 'dev']
From /tmp/tmpfed3km7q
[2024-07-14T04:33:59.907+0000] {subprocess.py:60} INFO - Tmp dir root location: 
 /tmp
[2024-07-14T04:33:59.922+0000] {subprocess.py:73} INFO - Running command: ['/opt/airflow/dbt_venv/bin/dbt', 'deps', '--project-dir', '/tmp/tmpfed3km7q', '--profiles-dir', '/tmp/cosmos/profile/a0017dab0633177292578162811b91dcb9c56d6e54017e9660056cc364a762ad', '--profile', 'dbt_project', '--target', 'dev']
[2024-07-14T04:33:59.998+0000] {subprocess.py:84} INFO - Command output:
[2024-07-14T04:34:15.364+0000] {subprocess.py:94} INFO - [0m04:34:15  Running with dbt=1.8.3
[2024-07-14T04:34:17.968+0000] {subprocess.py:94} INFO - [0m04:34:17  Updating lock file in file path: /tmp/tmpfed3km7q/package-lock.yml
[2024-07-14T04:34:17.997+0000] {subprocess.py:94} INFO - [0m04:34:17  Installing dbt-labs/dbt_utils
[2024-07-14T04:34:18.707+0000] {subprocess.py:94} INFO - [0m04:34:18  Installed from version 0.8.6
[2024-07-14T04:34:18.729+0000] {subprocess.py:94} INFO - [0m04:34:18  Updated version available: 1.2.0
[2024-07-14T04:34:18.735+0000] {subprocess.py:94} INFO - [0m04:34:18
[2024-07-14T04:34:18.752+0000] {subprocess.py:94} INFO - [0m04:34:18  Updates available for packages: ['dbt-labs/dbt_utils']
[2024-07-14T04:34:18.758+0000] {subprocess.py:94} INFO - Update your versions in packages.yml, then run dbt deps
[2024-07-14T04:34:21.427+0000] {subprocess.py:98} INFO - Command exited with return code 0
[2024-07-14T04:34:21.429+0000] {local.py:254} INFO - Update your versions in packages.yml, then run dbt deps
[2024-07-14T04:34:21.433+0000] {local.py:247} INFO - Trying to run the command:
 ['/opt/airflow/dbt_venv/bin/dbt', 'run', '--models', 'raw_shippers', '--project-dir', '/tmp/tmpfed3km7q', '--profiles-dir', '/tmp/cosmos/profile/a0017dab0633177292578162811b91dcb9c56d6e54017e9660056cc364a762ad', '--profile', 'dbt_project', '--target', 'dev']
From /tmp/tmpfed3km7q
[2024-07-14T04:34:21.436+0000] {subprocess.py:60} INFO - Tmp dir root location: 
 /tmp
[2024-07-14T04:34:21.439+0000] {subprocess.py:73} INFO - Running command: ['/opt/airflow/dbt_venv/bin/dbt', 'run', '--models', 'raw_shippers', '--project-dir', '/tmp/tmpfed3km7q', '--profiles-dir', '/tmp/cosmos/profile/a0017dab0633177292578162811b91dcb9c56d6e54017e9660056cc364a762ad', '--profile', 'dbt_project', '--target', 'dev']
[2024-07-14T04:34:21.498+0000] {subprocess.py:84} INFO - Command output:
[2024-07-14T04:34:34.637+0000] {subprocess.py:94} INFO - [0m04:34:34  Running with dbt=1.8.3
[2024-07-14T04:34:38.348+0000] {subprocess.py:94} INFO - [0m04:34:38  Registered adapter: snowflake=1.8.3
[2024-07-14T04:34:42.865+0000] {subprocess.py:94} INFO - [0m04:34:42  Found 20 models, 27 data tests, 11 sources, 684 macros
[2024-07-14T04:34:42.873+0000] {subprocess.py:94} INFO - [0m04:34:42
[2024-07-14T04:34:52.128+0000] {subprocess.py:94} INFO - [0m04:34:52  Concurrency: 1 threads (target='dev')
[2024-07-14T04:34:52.131+0000] {subprocess.py:94} INFO - [0m04:34:52
[2024-07-14T04:34:52.322+0000] {subprocess.py:94} INFO - [0m04:34:52  1 of 1 START sql table model raw.raw_shippers .................................. [RUN]
[2024-07-14T04:34:56.119+0000] {subprocess.py:94} INFO - [0m04:34:56  1 of 1 OK created sql table model raw.raw_shippers ............................. [[32mSUCCESS 1[0m in 3.78s]
[2024-07-14T04:34:56.134+0000] {subprocess.py:94} INFO - [0m04:34:56
[2024-07-14T04:34:56.137+0000] {subprocess.py:94} INFO - [0m04:34:56  Finished running 1 table model in 0 hours 0 minutes and 13.26 seconds (13.26s).
[2024-07-14T04:34:57.023+0000] {subprocess.py:94} INFO - [0m04:34:57
[2024-07-14T04:34:57.030+0000] {subprocess.py:94} INFO - [0m04:34:57  [32mCompleted successfully[0m
[2024-07-14T04:34:57.040+0000] {subprocess.py:94} INFO - [0m04:34:57
[2024-07-14T04:34:57.043+0000] {subprocess.py:94} INFO - [0m04:34:57  Done. PASS=1 WARN=0 ERROR=0 SKIP=0 TOTAL=1
[2024-07-14T04:34:59.924+0000] {subprocess.py:98} INFO - Command exited with return code 0
[2024-07-14T04:34:59.950+0000] {local.py:254} INFO - [0m04:34:57  Done. PASS=1 WARN=0 ERROR=0 SKIP=0 TOTAL=1
[2024-07-14T04:35:01.181+0000] {local.py:196} WARNING - Artifact schema version: https://schemas.getdbt.com/dbt/manifest/v12.json is above dbt-ol supported version 7. This might cause errors.
[2024-07-14T04:35:01.190+0000] {local.py:196} WARNING - Artifact schema version: https://schemas.getdbt.com/dbt/run-results/v6.json is above dbt-ol supported version 5. This might cause errors.
[2024-07-14T04:35:01.240+0000] {local.py:349} INFO - Inlets: [Dataset(uri='snowflake://OU00370.europe-west2.gcp/ELT_BATCH.PUBLIC.shippers', extra=None)]
[2024-07-14T04:35:01.284+0000] {local.py:350} INFO - Outlets: [Dataset(uri='snowflake://OU00370.europe-west2.gcp/ELT_BATCH.raw.raw_shippers', extra=None)]
[2024-07-14T04:35:01.287+0000] {dag.py:3096} INFO - Sync 1 DAGs
[2024-07-14T04:35:01.753+0000] {taskinstance.py:441} INFO - ::group::Post task execution logs
[2024-07-14T04:35:01.971+0000] {taskinstance.py:1206} INFO - Marking task as SUCCESS. dag_id=ELT-PROJECT, task_id=transform.raw_shippers.run, run_id=scheduled__2024-06-30T00:00:00+00:00, execution_date=20240630T000000, start_date=20240714T043358, end_date=20240714T043501
[2024-07-14T04:35:02.760+0000] {local_task_job_runner.py:240} INFO - Task exited with return code 0
[2024-07-14T04:35:03.338+0000] {taskinstance.py:3503} INFO - 1 downstream tasks scheduled from follow-on schedule check
[2024-07-14T04:35:03.353+0000] {local_task_job_runner.py:222} INFO - ::endgroup::
