[2024-07-14T03:25:55.958+0000] {local_task_job_runner.py:120} INFO - ::group::Pre task execution logs
[2024-07-14T03:25:56.051+0000] {taskinstance.py:2076} INFO - Dependencies all met for dep_context=non-requeueable deps ti=<TaskInstance: ELT-PROJECT.transform.raw_regions.run manual__2024-07-14T03:25:17.009601+00:00 [queued]>
[2024-07-14T03:25:56.121+0000] {taskinstance.py:2076} INFO - Dependencies all met for dep_context=requeueable deps ti=<TaskInstance: ELT-PROJECT.transform.raw_regions.run manual__2024-07-14T03:25:17.009601+00:00 [queued]>
[2024-07-14T03:25:56.123+0000] {taskinstance.py:2306} INFO - Starting attempt 1 of 2
[2024-07-14T03:25:56.195+0000] {taskinstance.py:2330} INFO - Executing <Task(DbtRunLocalOperator): transform.raw_regions.run> on 2024-07-14 03:25:17.009601+00:00
[2024-07-14T03:25:56.230+0000] {logging_mixin.py:188} WARNING - /home/airflow/.local/lib/python3.12/site-packages/airflow/task/task_runner/standard_task_runner.py:61 DeprecationWarning: This process (pid=6881) is multi-threaded, use of fork() may lead to deadlocks in the child.
[2024-07-14T03:25:56.233+0000] {standard_task_runner.py:63} INFO - Started process 6900 to run task
[2024-07-14T03:25:56.226+0000] {standard_task_runner.py:90} INFO - Running: ['airflow', 'tasks', 'run', 'ELT-PROJECT', 'transform.raw_regions.run', 'manual__2024-07-14T03:25:17.009601+00:00', '--job-id', '581', '--raw', '--subdir', 'DAGS_FOLDER/elt.py', '--cfg-path', '/tmp/tmph71ytq4n']
[2024-07-14T03:25:56.243+0000] {standard_task_runner.py:91} INFO - Job 581: Subtask transform.raw_regions.run
[2024-07-14T03:25:56.300+0000] {logging_mixin.py:188} WARNING - /home/airflow/.local/lib/python3.12/site-packages/airflow/settings.py:195 DeprecationWarning: The sql_alchemy_conn option in [core] has been moved to the sql_alchemy_conn option in [database] - the old setting has been used, but please update your config.
[2024-07-14T03:25:56.493+0000] {task_command.py:426} INFO - Running <TaskInstance: ELT-PROJECT.transform.raw_regions.run manual__2024-07-14T03:25:17.009601+00:00 [running]> on host airflow-scheduler
[2024-07-14T03:25:56.878+0000] {taskinstance.py:2648} INFO - Exporting env vars: AIRFLOW_CTX_DAG_OWNER='Data-Ninja' AIRFLOW_CTX_DAG_ID='ELT-PROJECT' AIRFLOW_CTX_TASK_ID='transform.raw_regions.run' AIRFLOW_CTX_EXECUTION_DATE='2024-07-14T03:25:17.009601+00:00' AIRFLOW_CTX_TRY_NUMBER='1' AIRFLOW_CTX_DAG_RUN_ID='manual__2024-07-14T03:25:17.009601+00:00'
[2024-07-14T03:25:56.882+0000] {taskinstance.py:430} INFO - ::endgroup::
[2024-07-14T03:25:56.908+0000] {local.py:174} INFO - Could not import dbtRunner. Falling back to subprocess for invoking dbt.
[2024-07-14T03:25:56.913+0000] {local.py:292} INFO - Cloning project to writable temp directory /tmp/tmpleb1o347 from /opt/airflow/dags/dbt/dbt_project
[2024-07-14T03:25:56.931+0000] {local.py:303} INFO - Partial parse is enabled and the latest partial parse file is /tmp/cosmos/ELT-PROJECT__transform/target/partial_parse.msgpack
[2024-07-14T03:25:57.533+0000] {base.py:84} INFO - Using connection ID 'snow_conn' for task execution.
[2024-07-14T03:25:57.535+0000] {crypto.py:82} WARNING - empty cryptography key - values will not be stored encrypted.
[2024-07-14T03:25:57.536+0000] {config.py:298} INFO - Profile caching is enable.
[2024-07-14T03:25:57.591+0000] {config.py:272} INFO - Profile found in cache using profile: /tmp/cosmos/profile/a0017dab0633177292578162811b91dcb9c56d6e54017e9660056cc364a762ad/profiles.yml.
[2024-07-14T03:25:57.596+0000] {local.py:247} INFO - Trying to run the command:
 ['/opt/airflow/dbt_venv/bin/dbt', 'deps', '--project-dir', '/tmp/tmpleb1o347', '--profiles-dir', '/tmp/cosmos/profile/a0017dab0633177292578162811b91dcb9c56d6e54017e9660056cc364a762ad', '--profile', 'dbt_project', '--target', 'dev']
From /tmp/tmpleb1o347
[2024-07-14T03:25:57.602+0000] {subprocess.py:60} INFO - Tmp dir root location: 
 /tmp
[2024-07-14T03:25:57.605+0000] {subprocess.py:73} INFO - Running command: ['/opt/airflow/dbt_venv/bin/dbt', 'deps', '--project-dir', '/tmp/tmpleb1o347', '--profiles-dir', '/tmp/cosmos/profile/a0017dab0633177292578162811b91dcb9c56d6e54017e9660056cc364a762ad', '--profile', 'dbt_project', '--target', 'dev']
[2024-07-14T03:25:57.691+0000] {subprocess.py:84} INFO - Command output:
[2024-07-14T03:26:09.667+0000] {subprocess.py:94} INFO - [0m03:26:09  Running with dbt=1.8.3
[2024-07-14T03:26:10.434+0000] {subprocess.py:94} INFO - [0m03:26:10  Updating lock file in file path: /tmp/tmpleb1o347/package-lock.yml
[2024-07-14T03:26:10.453+0000] {subprocess.py:94} INFO - [0m03:26:10  Installing dbt-labs/dbt_utils
[2024-07-14T03:26:15.040+0000] {subprocess.py:94} INFO - [0m03:26:15  Installed from version 0.8.6
[2024-07-14T03:26:15.045+0000] {subprocess.py:94} INFO - [0m03:26:15  Updated version available: 1.2.0
[2024-07-14T03:26:15.055+0000] {subprocess.py:94} INFO - [0m03:26:15
[2024-07-14T03:26:15.058+0000] {subprocess.py:94} INFO - [0m03:26:15  Updates available for packages: ['dbt-labs/dbt_utils']
[2024-07-14T03:26:15.061+0000] {subprocess.py:94} INFO - Update your versions in packages.yml, then run dbt deps
[2024-07-14T03:26:17.207+0000] {subprocess.py:98} INFO - Command exited with return code 0
[2024-07-14T03:26:17.219+0000] {local.py:254} INFO - Update your versions in packages.yml, then run dbt deps
[2024-07-14T03:26:17.228+0000] {local.py:247} INFO - Trying to run the command:
 ['/opt/airflow/dbt_venv/bin/dbt', 'run', '--models', 'raw_regions', '--project-dir', '/tmp/tmpleb1o347', '--profiles-dir', '/tmp/cosmos/profile/a0017dab0633177292578162811b91dcb9c56d6e54017e9660056cc364a762ad', '--profile', 'dbt_project', '--target', 'dev']
From /tmp/tmpleb1o347
[2024-07-14T03:26:17.250+0000] {subprocess.py:60} INFO - Tmp dir root location: 
 /tmp
[2024-07-14T03:26:17.256+0000] {subprocess.py:73} INFO - Running command: ['/opt/airflow/dbt_venv/bin/dbt', 'run', '--models', 'raw_regions', '--project-dir', '/tmp/tmpleb1o347', '--profiles-dir', '/tmp/cosmos/profile/a0017dab0633177292578162811b91dcb9c56d6e54017e9660056cc364a762ad', '--profile', 'dbt_project', '--target', 'dev']
[2024-07-14T03:26:17.370+0000] {subprocess.py:84} INFO - Command output:
[2024-07-14T03:26:30.430+0000] {subprocess.py:94} INFO - [0m03:26:30  Running with dbt=1.8.3
[2024-07-14T03:26:34.029+0000] {subprocess.py:94} INFO - [0m03:26:34  Registered adapter: snowflake=1.8.3
[2024-07-14T03:26:40.710+0000] {subprocess.py:94} INFO - [0m03:26:40  Found 20 models, 27 data tests, 11 sources, 684 macros
[2024-07-14T03:26:40.724+0000] {subprocess.py:94} INFO - [0m03:26:40
[2024-07-14T03:26:48.612+0000] {subprocess.py:94} INFO - [0m03:26:48  Concurrency: 1 threads (target='dev')
[2024-07-14T03:26:48.620+0000] {subprocess.py:94} INFO - [0m03:26:48
[2024-07-14T03:26:48.675+0000] {subprocess.py:94} INFO - [0m03:26:48  1 of 1 START sql table model raw.raw_regions ................................... [RUN]
[2024-07-14T03:26:51.521+0000] {subprocess.py:94} INFO - [0m03:26:51  1 of 1 OK created sql table model raw.raw_regions .............................. [[32mSUCCESS 1[0m in 2.83s]
[2024-07-14T03:26:51.536+0000] {subprocess.py:94} INFO - [0m03:26:51
[2024-07-14T03:26:51.539+0000] {subprocess.py:94} INFO - [0m03:26:51  Finished running 1 table model in 0 hours 0 minutes and 10.81 seconds (10.81s).
[2024-07-14T03:26:51.865+0000] {subprocess.py:94} INFO - [0m03:26:51
[2024-07-14T03:26:51.876+0000] {subprocess.py:94} INFO - [0m03:26:51  [32mCompleted successfully[0m
[2024-07-14T03:26:51.881+0000] {subprocess.py:94} INFO - [0m03:26:51
[2024-07-14T03:26:51.891+0000] {subprocess.py:94} INFO - [0m03:26:51  Done. PASS=1 WARN=0 ERROR=0 SKIP=0 TOTAL=1
[2024-07-14T03:26:54.360+0000] {subprocess.py:98} INFO - Command exited with return code 0
[2024-07-14T03:26:54.369+0000] {local.py:254} INFO - [0m03:26:51  Done. PASS=1 WARN=0 ERROR=0 SKIP=0 TOTAL=1
[2024-07-14T03:26:54.486+0000] {local.py:196} WARNING - Artifact schema version: https://schemas.getdbt.com/dbt/manifest/v12.json is above dbt-ol supported version 7. This might cause errors.
[2024-07-14T03:26:54.499+0000] {local.py:196} WARNING - Artifact schema version: https://schemas.getdbt.com/dbt/run-results/v6.json is above dbt-ol supported version 5. This might cause errors.
[2024-07-14T03:26:54.562+0000] {local.py:349} INFO - Inlets: [Dataset(uri='snowflake://OU00370.europe-west2.gcp/ELT_BATCH.PUBLIC.regions', extra=None)]
[2024-07-14T03:26:54.565+0000] {local.py:350} INFO - Outlets: [Dataset(uri='snowflake://OU00370.europe-west2.gcp/ELT_BATCH.raw.raw_regions', extra=None)]
[2024-07-14T03:26:54.568+0000] {dag.py:3096} INFO - Sync 1 DAGs
[2024-07-14T03:26:54.655+0000] {dag.py:3954} INFO - Setting next_dagrun for ELT-PROJECT to None, run_after=None
[2024-07-14T03:26:54.839+0000] {taskinstance.py:441} INFO - ::group::Post task execution logs
[2024-07-14T03:26:54.979+0000] {taskinstance.py:1206} INFO - Marking task as SUCCESS. dag_id=ELT-PROJECT, task_id=transform.raw_regions.run, run_id=manual__2024-07-14T03:25:17.009601+00:00, execution_date=20240714T032517, start_date=20240714T032556, end_date=20240714T032654
[2024-07-14T03:26:55.068+0000] {local_task_job_runner.py:240} INFO - Task exited with return code 0
[2024-07-14T03:26:55.246+0000] {taskinstance.py:3503} INFO - 1 downstream tasks scheduled from follow-on schedule check
[2024-07-14T03:26:55.262+0000] {local_task_job_runner.py:222} INFO - ::endgroup::
