[2024-07-14T04:43:43.284+0000] {local_task_job_runner.py:120} INFO - ::group::Pre task execution logs
[2024-07-14T04:43:43.437+0000] {taskinstance.py:2076} INFO - Dependencies all met for dep_context=non-requeueable deps ti=<TaskInstance: ELT-PROJECT.transform.gross_revenue_run scheduled__2024-07-03T00:00:00+00:00 [queued]>
[2024-07-14T04:43:43.677+0000] {taskinstance.py:2076} INFO - Dependencies all met for dep_context=requeueable deps ti=<TaskInstance: ELT-PROJECT.transform.gross_revenue_run scheduled__2024-07-03T00:00:00+00:00 [queued]>
[2024-07-14T04:43:43.679+0000] {taskinstance.py:2306} INFO - Starting attempt 1 of 2
[2024-07-14T04:43:43.766+0000] {taskinstance.py:2330} INFO - Executing <Task(DbtRunLocalOperator): transform.gross_revenue_run> on 2024-07-03 00:00:00+00:00
[2024-07-14T04:43:43.808+0000] {standard_task_runner.py:90} INFO - Running: ['airflow', 'tasks', 'run', 'ELT-PROJECT', 'transform.gross_revenue_run', 'scheduled__2024-07-03T00:00:00+00:00', '--job-id', '1576', '--raw', '--subdir', 'DAGS_FOLDER/elt.py', '--cfg-path', '/tmp/tmpf2nlaj4q']
[2024-07-14T04:43:43.820+0000] {logging_mixin.py:188} WARNING - /home/airflow/.local/lib/python3.12/site-packages/airflow/task/task_runner/standard_task_runner.py:61 DeprecationWarning: This process (pid=21001) is multi-threaded, use of fork() may lead to deadlocks in the child.
[2024-07-14T04:43:43.846+0000] {standard_task_runner.py:91} INFO - Job 1576: Subtask transform.gross_revenue_run
[2024-07-14T04:43:43.846+0000] {standard_task_runner.py:63} INFO - Started process 21037 to run task
[2024-07-14T04:43:43.939+0000] {logging_mixin.py:188} WARNING - /home/airflow/.local/lib/python3.12/site-packages/airflow/settings.py:195 DeprecationWarning: The sql_alchemy_conn option in [core] has been moved to the sql_alchemy_conn option in [database] - the old setting has been used, but please update your config.
[2024-07-14T04:43:44.291+0000] {task_command.py:426} INFO - Running <TaskInstance: ELT-PROJECT.transform.gross_revenue_run scheduled__2024-07-03T00:00:00+00:00 [running]> on host airflow-scheduler
[2024-07-14T04:43:44.866+0000] {taskinstance.py:2648} INFO - Exporting env vars: AIRFLOW_CTX_DAG_OWNER='Data-Ninja' AIRFLOW_CTX_DAG_ID='ELT-PROJECT' AIRFLOW_CTX_TASK_ID='transform.gross_revenue_run' AIRFLOW_CTX_EXECUTION_DATE='2024-07-03T00:00:00+00:00' AIRFLOW_CTX_TRY_NUMBER='1' AIRFLOW_CTX_DAG_RUN_ID='scheduled__2024-07-03T00:00:00+00:00'
[2024-07-14T04:43:44.871+0000] {taskinstance.py:430} INFO - ::endgroup::
[2024-07-14T04:43:44.875+0000] {local.py:174} INFO - Could not import dbtRunner. Falling back to subprocess for invoking dbt.
[2024-07-14T04:43:44.879+0000] {local.py:292} INFO - Cloning project to writable temp directory /tmp/tmp1yn787bw from /opt/airflow/dags/dbt/dbt_project
[2024-07-14T04:43:44.890+0000] {local.py:303} INFO - Partial parse is enabled and the latest partial parse file is /tmp/cosmos/ELT-PROJECT__transform/target/partial_parse.msgpack
[2024-07-14T04:43:45.064+0000] {base.py:84} INFO - Using connection ID 'snow_conn' for task execution.
[2024-07-14T04:43:45.069+0000] {crypto.py:82} WARNING - empty cryptography key - values will not be stored encrypted.
[2024-07-14T04:43:45.071+0000] {config.py:298} INFO - Profile caching is enable.
[2024-07-14T04:43:45.083+0000] {config.py:272} INFO - Profile found in cache using profile: /tmp/cosmos/profile/a0017dab0633177292578162811b91dcb9c56d6e54017e9660056cc364a762ad/profiles.yml.
[2024-07-14T04:43:45.089+0000] {local.py:247} INFO - Trying to run the command:
 ['/opt/airflow/dbt_venv/bin/dbt', 'deps', '--project-dir', '/tmp/tmp1yn787bw', '--profiles-dir', '/tmp/cosmos/profile/a0017dab0633177292578162811b91dcb9c56d6e54017e9660056cc364a762ad', '--profile', 'dbt_project', '--target', 'dev']
From /tmp/tmp1yn787bw
[2024-07-14T04:43:45.093+0000] {subprocess.py:60} INFO - Tmp dir root location: 
 /tmp
[2024-07-14T04:43:45.101+0000] {subprocess.py:73} INFO - Running command: ['/opt/airflow/dbt_venv/bin/dbt', 'deps', '--project-dir', '/tmp/tmp1yn787bw', '--profiles-dir', '/tmp/cosmos/profile/a0017dab0633177292578162811b91dcb9c56d6e54017e9660056cc364a762ad', '--profile', 'dbt_project', '--target', 'dev']
[2024-07-14T04:43:45.154+0000] {subprocess.py:84} INFO - Command output:
[2024-07-14T04:44:00.877+0000] {subprocess.py:94} INFO - [0m04:44:00  Running with dbt=1.8.3
[2024-07-14T04:44:02.920+0000] {subprocess.py:94} INFO - [0m04:44:02  Updating lock file in file path: /tmp/tmp1yn787bw/package-lock.yml
[2024-07-14T04:44:02.974+0000] {subprocess.py:94} INFO - [0m04:44:02  Installing dbt-labs/dbt_utils
[2024-07-14T04:44:04.191+0000] {subprocess.py:94} INFO - [0m04:44:04  Installed from version 0.8.6
[2024-07-14T04:44:04.196+0000] {subprocess.py:94} INFO - [0m04:44:04  Updated version available: 1.2.0
[2024-07-14T04:44:04.213+0000] {subprocess.py:94} INFO - [0m04:44:04
[2024-07-14T04:44:04.220+0000] {subprocess.py:94} INFO - [0m04:44:04  Updates available for packages: ['dbt-labs/dbt_utils']
[2024-07-14T04:44:04.235+0000] {subprocess.py:94} INFO - Update your versions in packages.yml, then run dbt deps
[2024-07-14T04:44:06.338+0000] {subprocess.py:98} INFO - Command exited with return code 0
[2024-07-14T04:44:06.341+0000] {local.py:254} INFO - Update your versions in packages.yml, then run dbt deps
[2024-07-14T04:44:06.344+0000] {local.py:247} INFO - Trying to run the command:
 ['/opt/airflow/dbt_venv/bin/dbt', 'run', '--models', 'gross_revenue', '--project-dir', '/tmp/tmp1yn787bw', '--profiles-dir', '/tmp/cosmos/profile/a0017dab0633177292578162811b91dcb9c56d6e54017e9660056cc364a762ad', '--profile', 'dbt_project', '--target', 'dev']
From /tmp/tmp1yn787bw
[2024-07-14T04:44:06.347+0000] {subprocess.py:60} INFO - Tmp dir root location: 
 /tmp
[2024-07-14T04:44:06.350+0000] {subprocess.py:73} INFO - Running command: ['/opt/airflow/dbt_venv/bin/dbt', 'run', '--models', 'gross_revenue', '--project-dir', '/tmp/tmp1yn787bw', '--profiles-dir', '/tmp/cosmos/profile/a0017dab0633177292578162811b91dcb9c56d6e54017e9660056cc364a762ad', '--profile', 'dbt_project', '--target', 'dev']
[2024-07-14T04:44:06.435+0000] {subprocess.py:84} INFO - Command output:
[2024-07-14T04:44:25.296+0000] {subprocess.py:94} INFO - [0m04:44:25  Running with dbt=1.8.3
[2024-07-14T04:44:31.893+0000] {subprocess.py:94} INFO - [0m04:44:31  Registered adapter: snowflake=1.8.3
[2024-07-14T04:44:39.003+0000] {subprocess.py:94} INFO - [0m04:44:39  Found 20 models, 27 data tests, 11 sources, 684 macros
[2024-07-14T04:44:39.130+0000] {subprocess.py:94} INFO - [0m04:44:39
[2024-07-14T04:44:49.014+0000] {subprocess.py:94} INFO - [0m04:44:49  Concurrency: 1 threads (target='dev')
[2024-07-14T04:44:49.031+0000] {subprocess.py:94} INFO - [0m04:44:49
[2024-07-14T04:44:49.163+0000] {subprocess.py:94} INFO - [0m04:44:49  1 of 1 START sql table model dm.gross_revenue .................................. [RUN]
[2024-07-14T04:44:53.302+0000] {subprocess.py:94} INFO - [0m04:44:53  1 of 1 OK created sql table model dm.gross_revenue ............................. [[32mSUCCESS 1[0m in 4.09s]
[2024-07-14T04:44:53.355+0000] {subprocess.py:94} INFO - [0m04:44:53
[2024-07-14T04:44:53.360+0000] {subprocess.py:94} INFO - [0m04:44:53  Finished running 1 table model in 0 hours 0 minutes and 14.30 seconds (14.30s).
[2024-07-14T04:44:54.373+0000] {subprocess.py:94} INFO - [0m04:44:54
[2024-07-14T04:44:54.393+0000] {subprocess.py:94} INFO - [0m04:44:54  [32mCompleted successfully[0m
[2024-07-14T04:44:54.396+0000] {subprocess.py:94} INFO - [0m04:44:54
[2024-07-14T04:44:54.420+0000] {subprocess.py:94} INFO - [0m04:44:54  Done. PASS=1 WARN=0 ERROR=0 SKIP=0 TOTAL=1
[2024-07-14T04:44:57.459+0000] {subprocess.py:98} INFO - Command exited with return code 0
[2024-07-14T04:44:57.488+0000] {local.py:254} INFO - [0m04:44:54  Done. PASS=1 WARN=0 ERROR=0 SKIP=0 TOTAL=1
[2024-07-14T04:44:59.496+0000] {local.py:196} WARNING - Artifact schema version: https://schemas.getdbt.com/dbt/manifest/v12.json is above dbt-ol supported version 7. This might cause errors.
[2024-07-14T04:44:59.497+0000] {local.py:196} WARNING - Artifact schema version: https://schemas.getdbt.com/dbt/run-results/v6.json is above dbt-ol supported version 5. This might cause errors.
[2024-07-14T04:44:59.535+0000] {local.py:349} INFO - Inlets: [Dataset(uri='snowflake://OU00370.europe-west2.gcp/ELT_BATCH.dwh.dim_products', extra=None), Dataset(uri='snowflake://OU00370.europe-west2.gcp/ELT_BATCH.dwh.dim_suppliers', extra=None), Dataset(uri='snowflake://OU00370.europe-west2.gcp/ELT_BATCH.dwh.fact_order_details', extra=None), Dataset(uri='snowflake://OU00370.europe-west2.gcp/ELT_BATCH.dwh.fact_orders', extra=None)]
[2024-07-14T04:44:59.547+0000] {local.py:350} INFO - Outlets: [Dataset(uri='snowflake://OU00370.europe-west2.gcp/ELT_BATCH.dm.gross_revenue', extra=None)]
[2024-07-14T04:44:59.551+0000] {dag.py:3096} INFO - Sync 1 DAGs
[2024-07-14T04:44:59.657+0000] {dag.py:3954} INFO - Setting next_dagrun for ELT-PROJECT to 2024-07-14 00:00:00+00:00, run_after=2024-07-15 00:00:00+00:00
[2024-07-14T04:44:59.836+0000] {taskinstance.py:441} INFO - ::group::Post task execution logs
[2024-07-14T04:45:00.038+0000] {taskinstance.py:1206} INFO - Marking task as SUCCESS. dag_id=ELT-PROJECT, task_id=transform.gross_revenue_run, run_id=scheduled__2024-07-03T00:00:00+00:00, execution_date=20240703T000000, start_date=20240714T044343, end_date=20240714T044500
[2024-07-14T04:45:00.201+0000] {local_task_job_runner.py:240} INFO - Task exited with return code 0
[2024-07-14T04:45:00.265+0000] {local_task_job_runner.py:222} INFO - ::endgroup::
