[2024-07-14T04:00:48.668+0000] {local_task_job_runner.py:120} INFO - ::group::Pre task execution logs
[2024-07-14T04:00:48.743+0000] {taskinstance.py:2076} INFO - Dependencies all met for dep_context=non-requeueable deps ti=<TaskInstance: ELT-PROJECT.load.load_regions scheduled__2024-06-30T00:00:00+00:00 [queued]>
[2024-07-14T04:00:48.776+0000] {taskinstance.py:2076} INFO - Dependencies all met for dep_context=requeueable deps ti=<TaskInstance: ELT-PROJECT.load.load_regions scheduled__2024-06-30T00:00:00+00:00 [queued]>
[2024-07-14T04:00:48.778+0000] {taskinstance.py:2306} INFO - Starting attempt 1 of 2
[2024-07-14T04:00:48.854+0000] {taskinstance.py:2330} INFO - Executing <Task(_PythonDecoratedOperator): load.load_regions> on 2024-06-30 00:00:00+00:00
[2024-07-14T04:00:48.883+0000] {logging_mixin.py:188} WARNING - /home/airflow/.local/lib/python3.12/site-packages/airflow/task/task_runner/standard_task_runner.py:61 DeprecationWarning: This process (pid=10567) is multi-threaded, use of fork() may lead to deadlocks in the child.
[2024-07-14T04:00:48.891+0000] {standard_task_runner.py:63} INFO - Started process 10613 to run task
[2024-07-14T04:00:48.884+0000] {standard_task_runner.py:90} INFO - Running: ['airflow', 'tasks', 'run', 'ELT-PROJECT', 'load.load_regions', 'scheduled__2024-06-30T00:00:00+00:00', '--job-id', '887', '--raw', '--subdir', 'DAGS_FOLDER/elt.py', '--cfg-path', '/tmp/tmpg5tnnjzb']
[2024-07-14T04:00:48.904+0000] {standard_task_runner.py:91} INFO - Job 887: Subtask load.load_regions
[2024-07-14T04:00:48.959+0000] {logging_mixin.py:188} WARNING - /home/airflow/.local/lib/python3.12/site-packages/airflow/settings.py:195 DeprecationWarning: The sql_alchemy_conn option in [core] has been moved to the sql_alchemy_conn option in [database] - the old setting has been used, but please update your config.
[2024-07-14T04:00:49.176+0000] {task_command.py:426} INFO - Running <TaskInstance: ELT-PROJECT.load.load_regions scheduled__2024-06-30T00:00:00+00:00 [running]> on host airflow-scheduler
[2024-07-14T04:00:50.534+0000] {taskinstance.py:2648} INFO - Exporting env vars: AIRFLOW_CTX_DAG_OWNER='Data-Ninja' AIRFLOW_CTX_DAG_ID='ELT-PROJECT' AIRFLOW_CTX_TASK_ID='load.load_regions' AIRFLOW_CTX_EXECUTION_DATE='2024-06-30T00:00:00+00:00' AIRFLOW_CTX_TRY_NUMBER='1' AIRFLOW_CTX_DAG_RUN_ID='scheduled__2024-06-30T00:00:00+00:00'
[2024-07-14T04:00:50.542+0000] {taskinstance.py:430} INFO - ::endgroup::
[2024-07-14T04:00:50.548+0000] {connection.py:399} INFO - Snowflake Connector for Python Version: 3.10.1, Python Version: 3.12.4, Platform: Linux-5.15.133.1-microsoft-standard-WSL2-x86_64-with-glibc2.36
[2024-07-14T04:00:50.557+0000] {connection.py:1249} INFO - THIS CONNECTION IS IN INSECURE MODE. IT MEANS THE CERTIFICATE WILL BE VALIDATED BUT THE CERTIFICATE REVOCATION STATUS WILL NOT BE CHECKED.
[2024-07-14T04:00:50.889+0000] {ssl_wrap_socket.py:100} INFO - THIS CONNECTION IS IN INSECURE MODE. IT MEANS THE CERTIFICATE WILL BE VALIDATED BUT THE CERTIFICATE REVOCATION STATUS WILL NOT BE CHECKED.
[2024-07-14T04:00:51.288+0000] {logging_mixin.py:188} INFO - Nama kolom di DataFrame: Index(['regionID', 'regionDescription'], dtype='object')
[2024-07-14T04:00:51.814+0000] {cursor.py:1149} INFO - Number of results in first chunk: 1
[2024-07-14T04:00:52.833+0000] {ssl_wrap_socket.py:100} INFO - THIS CONNECTION IS IN INSECURE MODE. IT MEANS THE CERTIFICATE WILL BE VALIDATED BUT THE CERTIFICATE REVOCATION STATUS WILL NOT BE CHECKED.
[2024-07-14T04:00:55.644+0000] {cursor.py:1149} INFO - Number of results in first chunk: 1
[2024-07-14T04:00:56.328+0000] {cursor.py:1149} INFO - Number of results in first chunk: 2
[2024-07-14T04:00:56.764+0000] {cursor.py:1149} INFO - Number of results in first chunk: 1
[2024-07-14T04:00:57.396+0000] {cursor.py:1149} INFO - Number of results in first chunk: 1
[2024-07-14T04:00:58.844+0000] {cursor.py:1149} INFO - Number of results in first chunk: 1
[2024-07-14T04:00:58.849+0000] {logging_mixin.py:188} INFO - Done regions.
[2024-07-14T04:00:58.850+0000] {connection.py:762} INFO - closed
[2024-07-14T04:00:59.213+0000] {connection.py:768} INFO - No async queries seem to be running, deleting session
[2024-07-14T04:00:59.573+0000] {python.py:237} INFO - Done. Returned value was: None
[2024-07-14T04:00:59.576+0000] {taskinstance.py:441} INFO - ::group::Post task execution logs
[2024-07-14T04:00:59.620+0000] {taskinstance.py:1206} INFO - Marking task as SUCCESS. dag_id=ELT-PROJECT, task_id=load.load_regions, run_id=scheduled__2024-06-30T00:00:00+00:00, execution_date=20240630T000000, start_date=20240714T040048, end_date=20240714T040059
[2024-07-14T04:01:00.510+0000] {local_task_job_runner.py:240} INFO - Task exited with return code 0
[2024-07-14T04:01:00.561+0000] {local_task_job_runner.py:222} INFO - ::endgroup::
