[2024-07-14T04:15:31.467+0000] {local_task_job_runner.py:120} INFO - ::group::Pre task execution logs
[2024-07-14T04:15:31.798+0000] {taskinstance.py:2076} INFO - Dependencies all met for dep_context=non-requeueable deps ti=<TaskInstance: ELT-PROJECT.transform.raw_products.run scheduled__2024-07-11T00:00:00+00:00 [queued]>
[2024-07-14T04:15:31.963+0000] {taskinstance.py:2076} INFO - Dependencies all met for dep_context=requeueable deps ti=<TaskInstance: ELT-PROJECT.transform.raw_products.run scheduled__2024-07-11T00:00:00+00:00 [queued]>
[2024-07-14T04:15:31.966+0000] {taskinstance.py:2306} INFO - Starting attempt 1 of 2
[2024-07-14T04:15:32.068+0000] {taskinstance.py:2330} INFO - Executing <Task(DbtRunLocalOperator): transform.raw_products.run> on 2024-07-11 00:00:00+00:00
[2024-07-14T04:15:32.124+0000] {logging_mixin.py:188} WARNING - /home/airflow/.local/lib/python3.12/site-packages/airflow/task/task_runner/standard_task_runner.py:61 DeprecationWarning: This process (pid=15118) is multi-threaded, use of fork() may lead to deadlocks in the child.
[2024-07-14T04:15:32.127+0000] {standard_task_runner.py:63} INFO - Started process 15145 to run task
[2024-07-14T04:15:32.133+0000] {standard_task_runner.py:90} INFO - Running: ['airflow', 'tasks', 'run', 'ELT-PROJECT', 'transform.raw_products.run', 'scheduled__2024-07-11T00:00:00+00:00', '--job-id', '1208', '--raw', '--subdir', 'DAGS_FOLDER/elt.py', '--cfg-path', '/tmp/tmpg2g3pa1s']
[2024-07-14T04:15:32.152+0000] {standard_task_runner.py:91} INFO - Job 1208: Subtask transform.raw_products.run
[2024-07-14T04:15:32.205+0000] {logging_mixin.py:188} WARNING - /home/airflow/.local/lib/python3.12/site-packages/airflow/settings.py:195 DeprecationWarning: The sql_alchemy_conn option in [core] has been moved to the sql_alchemy_conn option in [database] - the old setting has been used, but please update your config.
[2024-07-14T04:15:32.523+0000] {task_command.py:426} INFO - Running <TaskInstance: ELT-PROJECT.transform.raw_products.run scheduled__2024-07-11T00:00:00+00:00 [running]> on host airflow-scheduler
[2024-07-14T04:15:33.032+0000] {taskinstance.py:2648} INFO - Exporting env vars: AIRFLOW_CTX_DAG_OWNER='Data-Ninja' AIRFLOW_CTX_DAG_ID='ELT-PROJECT' AIRFLOW_CTX_TASK_ID='transform.raw_products.run' AIRFLOW_CTX_EXECUTION_DATE='2024-07-11T00:00:00+00:00' AIRFLOW_CTX_TRY_NUMBER='1' AIRFLOW_CTX_DAG_RUN_ID='scheduled__2024-07-11T00:00:00+00:00'
[2024-07-14T04:15:33.036+0000] {taskinstance.py:430} INFO - ::endgroup::
[2024-07-14T04:15:33.041+0000] {local.py:174} INFO - Could not import dbtRunner. Falling back to subprocess for invoking dbt.
[2024-07-14T04:15:33.062+0000] {local.py:292} INFO - Cloning project to writable temp directory /tmp/tmpw_fj75qv from /opt/airflow/dags/dbt/dbt_project
[2024-07-14T04:15:33.075+0000] {local.py:303} INFO - Partial parse is enabled and the latest partial parse file is /tmp/cosmos/ELT-PROJECT__transform/target/partial_parse.msgpack
[2024-07-14T04:15:33.257+0000] {base.py:84} INFO - Using connection ID 'snow_conn' for task execution.
[2024-07-14T04:15:33.273+0000] {crypto.py:82} WARNING - empty cryptography key - values will not be stored encrypted.
[2024-07-14T04:15:33.276+0000] {config.py:298} INFO - Profile caching is enable.
[2024-07-14T04:15:33.289+0000] {config.py:272} INFO - Profile found in cache using profile: /tmp/cosmos/profile/a0017dab0633177292578162811b91dcb9c56d6e54017e9660056cc364a762ad/profiles.yml.
[2024-07-14T04:15:33.302+0000] {local.py:247} INFO - Trying to run the command:
 ['/opt/airflow/dbt_venv/bin/dbt', 'deps', '--project-dir', '/tmp/tmpw_fj75qv', '--profiles-dir', '/tmp/cosmos/profile/a0017dab0633177292578162811b91dcb9c56d6e54017e9660056cc364a762ad', '--profile', 'dbt_project', '--target', 'dev']
From /tmp/tmpw_fj75qv
[2024-07-14T04:15:33.311+0000] {subprocess.py:60} INFO - Tmp dir root location: 
 /tmp
[2024-07-14T04:15:33.322+0000] {subprocess.py:73} INFO - Running command: ['/opt/airflow/dbt_venv/bin/dbt', 'deps', '--project-dir', '/tmp/tmpw_fj75qv', '--profiles-dir', '/tmp/cosmos/profile/a0017dab0633177292578162811b91dcb9c56d6e54017e9660056cc364a762ad', '--profile', 'dbt_project', '--target', 'dev']
[2024-07-14T04:15:33.414+0000] {subprocess.py:84} INFO - Command output:
[2024-07-14T04:15:49.298+0000] {subprocess.py:94} INFO - [0m04:15:49  Running with dbt=1.8.3
[2024-07-14T04:15:51.293+0000] {subprocess.py:94} INFO - [0m04:15:51  Updating lock file in file path: /tmp/tmpw_fj75qv/package-lock.yml
[2024-07-14T04:15:51.353+0000] {subprocess.py:94} INFO - [0m04:15:51  Installing dbt-labs/dbt_utils
[2024-07-14T04:15:52.917+0000] {subprocess.py:94} INFO - [0m04:15:52  Installed from version 0.8.6
[2024-07-14T04:15:52.928+0000] {subprocess.py:94} INFO - [0m04:15:52  Updated version available: 1.2.0
[2024-07-14T04:15:52.936+0000] {subprocess.py:94} INFO - [0m04:15:52
[2024-07-14T04:15:52.951+0000] {subprocess.py:94} INFO - [0m04:15:52  Updates available for packages: ['dbt-labs/dbt_utils']
[2024-07-14T04:15:52.953+0000] {subprocess.py:94} INFO - Update your versions in packages.yml, then run dbt deps
[2024-07-14T04:15:55.180+0000] {subprocess.py:98} INFO - Command exited with return code 0
[2024-07-14T04:15:55.182+0000] {local.py:254} INFO - Update your versions in packages.yml, then run dbt deps
[2024-07-14T04:15:55.184+0000] {local.py:247} INFO - Trying to run the command:
 ['/opt/airflow/dbt_venv/bin/dbt', 'run', '--models', 'raw_products', '--project-dir', '/tmp/tmpw_fj75qv', '--profiles-dir', '/tmp/cosmos/profile/a0017dab0633177292578162811b91dcb9c56d6e54017e9660056cc364a762ad', '--profile', 'dbt_project', '--target', 'dev']
From /tmp/tmpw_fj75qv
[2024-07-14T04:15:55.187+0000] {subprocess.py:60} INFO - Tmp dir root location: 
 /tmp
[2024-07-14T04:15:55.192+0000] {subprocess.py:73} INFO - Running command: ['/opt/airflow/dbt_venv/bin/dbt', 'run', '--models', 'raw_products', '--project-dir', '/tmp/tmpw_fj75qv', '--profiles-dir', '/tmp/cosmos/profile/a0017dab0633177292578162811b91dcb9c56d6e54017e9660056cc364a762ad', '--profile', 'dbt_project', '--target', 'dev']
[2024-07-14T04:15:55.271+0000] {subprocess.py:84} INFO - Command output:
[2024-07-14T04:16:09.014+0000] {subprocess.py:94} INFO - [0m04:16:09  Running with dbt=1.8.3
[2024-07-14T04:16:14.115+0000] {subprocess.py:94} INFO - [0m04:16:14  Registered adapter: snowflake=1.8.3
[2024-07-14T04:16:23.370+0000] {subprocess.py:94} INFO - [0m04:16:23  Found 20 models, 27 data tests, 11 sources, 684 macros
[2024-07-14T04:16:23.389+0000] {subprocess.py:94} INFO - [0m04:16:23
[2024-07-14T04:16:31.767+0000] {subprocess.py:94} INFO - [0m04:16:31  Concurrency: 1 threads (target='dev')
[2024-07-14T04:16:31.776+0000] {subprocess.py:94} INFO - [0m04:16:31
[2024-07-14T04:16:31.948+0000] {subprocess.py:94} INFO - [0m04:16:31  1 of 1 START sql table model raw.raw_products .................................. [RUN]
[2024-07-14T04:16:35.379+0000] {subprocess.py:94} INFO - [0m04:16:35  1 of 1 OK created sql table model raw.raw_products ............................. [[32mSUCCESS 1[0m in 3.42s]
[2024-07-14T04:16:35.395+0000] {subprocess.py:94} INFO - [0m04:16:35
[2024-07-14T04:16:35.399+0000] {subprocess.py:94} INFO - [0m04:16:35  Finished running 1 table model in 0 hours 0 minutes and 12.00 seconds (12.00s).
[2024-07-14T04:16:35.869+0000] {subprocess.py:94} INFO - [0m04:16:35
[2024-07-14T04:16:35.879+0000] {subprocess.py:94} INFO - [0m04:16:35  [32mCompleted successfully[0m
[2024-07-14T04:16:35.893+0000] {subprocess.py:94} INFO - [0m04:16:35
[2024-07-14T04:16:35.897+0000] {subprocess.py:94} INFO - [0m04:16:35  Done. PASS=1 WARN=0 ERROR=0 SKIP=0 TOTAL=1
[2024-07-14T04:16:38.289+0000] {subprocess.py:98} INFO - Command exited with return code 0
[2024-07-14T04:16:38.293+0000] {local.py:254} INFO - [0m04:16:35  Done. PASS=1 WARN=0 ERROR=0 SKIP=0 TOTAL=1
[2024-07-14T04:16:39.040+0000] {local.py:196} WARNING - Artifact schema version: https://schemas.getdbt.com/dbt/manifest/v12.json is above dbt-ol supported version 7. This might cause errors.
[2024-07-14T04:16:39.145+0000] {local.py:196} WARNING - Artifact schema version: https://schemas.getdbt.com/dbt/run-results/v6.json is above dbt-ol supported version 5. This might cause errors.
[2024-07-14T04:16:39.292+0000] {local.py:349} INFO - Inlets: [Dataset(uri='snowflake://OU00370.europe-west2.gcp/ELT_BATCH.PUBLIC.products', extra=None)]
[2024-07-14T04:16:39.351+0000] {local.py:350} INFO - Outlets: [Dataset(uri='snowflake://OU00370.europe-west2.gcp/ELT_BATCH.raw.raw_products', extra=None)]
[2024-07-14T04:16:39.365+0000] {dag.py:3096} INFO - Sync 1 DAGs
[2024-07-14T04:16:39.671+0000] {taskinstance.py:441} INFO - ::group::Post task execution logs
[2024-07-14T04:16:39.886+0000] {taskinstance.py:1206} INFO - Marking task as SUCCESS. dag_id=ELT-PROJECT, task_id=transform.raw_products.run, run_id=scheduled__2024-07-11T00:00:00+00:00, execution_date=20240711T000000, start_date=20240714T041531, end_date=20240714T041639
[2024-07-14T04:16:40.043+0000] {local_task_job_runner.py:240} INFO - Task exited with return code 0
[2024-07-14T04:16:40.096+0000] {local_task_job_runner.py:222} INFO - ::endgroup::
