[2024-07-14T03:53:17.986+0000] {local_task_job_runner.py:120} INFO - ::group::Pre task execution logs
[2024-07-14T03:53:18.039+0000] {taskinstance.py:2076} INFO - Dependencies all met for dep_context=non-requeueable deps ti=<TaskInstance: ELT-PROJECT.transform.gross_revenue_run manual__2024-07-14T03:47:05.410676+00:00 [queued]>
[2024-07-14T03:53:18.072+0000] {taskinstance.py:2076} INFO - Dependencies all met for dep_context=requeueable deps ti=<TaskInstance: ELT-PROJECT.transform.gross_revenue_run manual__2024-07-14T03:47:05.410676+00:00 [queued]>
[2024-07-14T03:53:18.073+0000] {taskinstance.py:2306} INFO - Starting attempt 1 of 2
[2024-07-14T03:53:18.099+0000] {taskinstance.py:2330} INFO - Executing <Task(DbtRunLocalOperator): transform.gross_revenue_run> on 2024-07-14 03:47:05.410676+00:00
[2024-07-14T03:53:18.114+0000] {logging_mixin.py:188} WARNING - /home/airflow/.local/lib/python3.12/site-packages/airflow/task/task_runner/standard_task_runner.py:61 DeprecationWarning: This process (pid=9238) is multi-threaded, use of fork() may lead to deadlocks in the child.
[2024-07-14T03:53:18.116+0000] {standard_task_runner.py:63} INFO - Started process 9245 to run task
[2024-07-14T03:53:18.114+0000] {standard_task_runner.py:90} INFO - Running: ['airflow', 'tasks', 'run', 'ELT-PROJECT', 'transform.gross_revenue_run', 'manual__2024-07-14T03:47:05.410676+00:00', '--job-id', '670', '--raw', '--subdir', 'DAGS_FOLDER/elt.py', '--cfg-path', '/tmp/tmpo_qv11fy']
[2024-07-14T03:53:18.119+0000] {standard_task_runner.py:91} INFO - Job 670: Subtask transform.gross_revenue_run
[2024-07-14T03:53:18.157+0000] {logging_mixin.py:188} WARNING - /home/airflow/.local/lib/python3.12/site-packages/airflow/settings.py:195 DeprecationWarning: The sql_alchemy_conn option in [core] has been moved to the sql_alchemy_conn option in [database] - the old setting has been used, but please update your config.
[2024-07-14T03:53:18.242+0000] {task_command.py:426} INFO - Running <TaskInstance: ELT-PROJECT.transform.gross_revenue_run manual__2024-07-14T03:47:05.410676+00:00 [running]> on host airflow-scheduler
[2024-07-14T03:53:18.449+0000] {taskinstance.py:2648} INFO - Exporting env vars: AIRFLOW_CTX_DAG_OWNER='Data-Ninja' AIRFLOW_CTX_DAG_ID='ELT-PROJECT' AIRFLOW_CTX_TASK_ID='transform.gross_revenue_run' AIRFLOW_CTX_EXECUTION_DATE='2024-07-14T03:47:05.410676+00:00' AIRFLOW_CTX_TRY_NUMBER='1' AIRFLOW_CTX_DAG_RUN_ID='manual__2024-07-14T03:47:05.410676+00:00'
[2024-07-14T03:53:18.452+0000] {taskinstance.py:430} INFO - ::endgroup::
[2024-07-14T03:53:18.456+0000] {local.py:174} INFO - Could not import dbtRunner. Falling back to subprocess for invoking dbt.
[2024-07-14T03:53:18.459+0000] {local.py:292} INFO - Cloning project to writable temp directory /tmp/tmpz58ig5hh from /opt/airflow/dags/dbt/dbt_project
[2024-07-14T03:53:18.474+0000] {local.py:303} INFO - Partial parse is enabled and the latest partial parse file is /tmp/cosmos/ELT-PROJECT__transform/target/partial_parse.msgpack
[2024-07-14T03:53:18.537+0000] {base.py:84} INFO - Using connection ID 'snow_conn' for task execution.
[2024-07-14T03:53:18.538+0000] {crypto.py:82} WARNING - empty cryptography key - values will not be stored encrypted.
[2024-07-14T03:53:18.539+0000] {config.py:298} INFO - Profile caching is enable.
[2024-07-14T03:53:18.543+0000] {config.py:272} INFO - Profile found in cache using profile: /tmp/cosmos/profile/a0017dab0633177292578162811b91dcb9c56d6e54017e9660056cc364a762ad/profiles.yml.
[2024-07-14T03:53:18.545+0000] {local.py:247} INFO - Trying to run the command:
 ['/opt/airflow/dbt_venv/bin/dbt', 'deps', '--project-dir', '/tmp/tmpz58ig5hh', '--profiles-dir', '/tmp/cosmos/profile/a0017dab0633177292578162811b91dcb9c56d6e54017e9660056cc364a762ad', '--profile', 'dbt_project', '--target', 'dev']
From /tmp/tmpz58ig5hh
[2024-07-14T03:53:18.547+0000] {subprocess.py:60} INFO - Tmp dir root location: 
 /tmp
[2024-07-14T03:53:18.550+0000] {subprocess.py:73} INFO - Running command: ['/opt/airflow/dbt_venv/bin/dbt', 'deps', '--project-dir', '/tmp/tmpz58ig5hh', '--profiles-dir', '/tmp/cosmos/profile/a0017dab0633177292578162811b91dcb9c56d6e54017e9660056cc364a762ad', '--profile', 'dbt_project', '--target', 'dev']
[2024-07-14T03:53:18.567+0000] {subprocess.py:84} INFO - Command output:
[2024-07-14T03:53:23.476+0000] {subprocess.py:94} INFO - [0m03:53:23  Running with dbt=1.8.3
[2024-07-14T03:53:24.533+0000] {subprocess.py:94} INFO - [0m03:53:24  Updating lock file in file path: /tmp/tmpz58ig5hh/package-lock.yml
[2024-07-14T03:53:24.545+0000] {subprocess.py:94} INFO - [0m03:53:24  Installing dbt-labs/dbt_utils
[2024-07-14T03:53:25.747+0000] {subprocess.py:94} INFO - [0m03:53:25  Installed from version 0.8.6
[2024-07-14T03:53:25.750+0000] {subprocess.py:94} INFO - [0m03:53:25  Updated version available: 1.2.0
[2024-07-14T03:53:25.755+0000] {subprocess.py:94} INFO - [0m03:53:25
[2024-07-14T03:53:25.757+0000] {subprocess.py:94} INFO - [0m03:53:25  Updates available for packages: ['dbt-labs/dbt_utils']
[2024-07-14T03:53:25.760+0000] {subprocess.py:94} INFO - Update your versions in packages.yml, then run dbt deps
[2024-07-14T03:53:27.905+0000] {subprocess.py:98} INFO - Command exited with return code 0
[2024-07-14T03:53:27.908+0000] {local.py:254} INFO - Update your versions in packages.yml, then run dbt deps
[2024-07-14T03:53:27.910+0000] {local.py:247} INFO - Trying to run the command:
 ['/opt/airflow/dbt_venv/bin/dbt', 'run', '--models', 'gross_revenue', '--project-dir', '/tmp/tmpz58ig5hh', '--profiles-dir', '/tmp/cosmos/profile/a0017dab0633177292578162811b91dcb9c56d6e54017e9660056cc364a762ad', '--profile', 'dbt_project', '--target', 'dev']
From /tmp/tmpz58ig5hh
[2024-07-14T03:53:27.913+0000] {subprocess.py:60} INFO - Tmp dir root location: 
 /tmp
[2024-07-14T03:53:27.915+0000] {subprocess.py:73} INFO - Running command: ['/opt/airflow/dbt_venv/bin/dbt', 'run', '--models', 'gross_revenue', '--project-dir', '/tmp/tmpz58ig5hh', '--profiles-dir', '/tmp/cosmos/profile/a0017dab0633177292578162811b91dcb9c56d6e54017e9660056cc364a762ad', '--profile', 'dbt_project', '--target', 'dev']
[2024-07-14T03:53:27.944+0000] {subprocess.py:84} INFO - Command output:
[2024-07-14T03:53:32.788+0000] {subprocess.py:94} INFO - [0m03:53:32  Running with dbt=1.8.3
[2024-07-14T03:53:34.064+0000] {subprocess.py:94} INFO - [0m03:53:34  Registered adapter: snowflake=1.8.3
[2024-07-14T03:53:35.777+0000] {subprocess.py:94} INFO - [0m03:53:35  Found 20 models, 27 data tests, 11 sources, 684 macros
[2024-07-14T03:53:35.785+0000] {subprocess.py:94} INFO - [0m03:53:35
[2024-07-14T03:53:44.389+0000] {subprocess.py:94} INFO - [0m03:53:44  Concurrency: 1 threads (target='dev')
[2024-07-14T03:53:44.394+0000] {subprocess.py:94} INFO - [0m03:53:44
[2024-07-14T03:53:44.452+0000] {subprocess.py:94} INFO - [0m03:53:44  1 of 1 START sql table model dm.gross_revenue .................................. [RUN]
[2024-07-14T03:53:47.416+0000] {subprocess.py:94} INFO - [0m03:53:47  1 of 1 OK created sql table model dm.gross_revenue ............................. [[32mSUCCESS 1[0m in 2.96s]
[2024-07-14T03:53:47.426+0000] {subprocess.py:94} INFO - [0m03:53:47
[2024-07-14T03:53:47.429+0000] {subprocess.py:94} INFO - [0m03:53:47  Finished running 1 table model in 0 hours 0 minutes and 11.64 seconds (11.64s).
[2024-07-14T03:53:47.730+0000] {subprocess.py:94} INFO - [0m03:53:47
[2024-07-14T03:53:47.732+0000] {subprocess.py:94} INFO - [0m03:53:47  [32mCompleted successfully[0m
[2024-07-14T03:53:47.735+0000] {subprocess.py:94} INFO - [0m03:53:47
[2024-07-14T03:53:47.739+0000] {subprocess.py:94} INFO - [0m03:53:47  Done. PASS=1 WARN=0 ERROR=0 SKIP=0 TOTAL=1
[2024-07-14T03:53:49.905+0000] {subprocess.py:98} INFO - Command exited with return code 0
[2024-07-14T03:53:49.907+0000] {local.py:254} INFO - [0m03:53:47  Done. PASS=1 WARN=0 ERROR=0 SKIP=0 TOTAL=1
[2024-07-14T03:53:50.305+0000] {local.py:196} WARNING - Artifact schema version: https://schemas.getdbt.com/dbt/manifest/v12.json is above dbt-ol supported version 7. This might cause errors.
[2024-07-14T03:53:50.307+0000] {local.py:196} WARNING - Artifact schema version: https://schemas.getdbt.com/dbt/run-results/v6.json is above dbt-ol supported version 5. This might cause errors.
[2024-07-14T03:53:50.318+0000] {local.py:349} INFO - Inlets: [Dataset(uri='snowflake://OU00370.europe-west2.gcp/ELT_BATCH.dwh.dim_products', extra=None), Dataset(uri='snowflake://OU00370.europe-west2.gcp/ELT_BATCH.dwh.dim_suppliers', extra=None), Dataset(uri='snowflake://OU00370.europe-west2.gcp/ELT_BATCH.dwh.fact_order_details', extra=None), Dataset(uri='snowflake://OU00370.europe-west2.gcp/ELT_BATCH.dwh.fact_orders', extra=None)]
[2024-07-14T03:53:50.321+0000] {local.py:350} INFO - Outlets: [Dataset(uri='snowflake://OU00370.europe-west2.gcp/ELT_BATCH.dm.gross_revenue', extra=None)]
[2024-07-14T03:53:50.323+0000] {dag.py:3096} INFO - Sync 1 DAGs
[2024-07-14T03:53:50.363+0000] {dag.py:3954} INFO - Setting next_dagrun for ELT-PROJECT to None, run_after=None
[2024-07-14T03:53:50.456+0000] {taskinstance.py:441} INFO - ::group::Post task execution logs
[2024-07-14T03:53:50.536+0000] {taskinstance.py:1206} INFO - Marking task as SUCCESS. dag_id=ELT-PROJECT, task_id=transform.gross_revenue_run, run_id=manual__2024-07-14T03:47:05.410676+00:00, execution_date=20240714T034705, start_date=20240714T035318, end_date=20240714T035350
[2024-07-14T03:53:50.606+0000] {local_task_job_runner.py:240} INFO - Task exited with return code 0
[2024-07-14T03:53:50.682+0000] {taskinstance.py:3503} INFO - 0 downstream tasks scheduled from follow-on schedule check
[2024-07-14T03:53:50.687+0000] {local_task_job_runner.py:222} INFO - ::endgroup::
