[2024-07-13T15:23:42.330+0000] {local_task_job_runner.py:120} INFO - ::group::Pre task execution logs
[2024-07-13T15:23:42.372+0000] {taskinstance.py:2076} INFO - Dependencies all met for dep_context=non-requeueable deps ti=<TaskInstance: ELT-PROJECT.transform.dim_categories.run manual__2024-07-13T15:21:44.430274+00:00 [queued]>
[2024-07-13T15:23:42.391+0000] {taskinstance.py:2076} INFO - Dependencies all met for dep_context=requeueable deps ti=<TaskInstance: ELT-PROJECT.transform.dim_categories.run manual__2024-07-13T15:21:44.430274+00:00 [queued]>
[2024-07-13T15:23:42.392+0000] {taskinstance.py:2306} INFO - Starting attempt 1 of 2
[2024-07-13T15:23:42.416+0000] {taskinstance.py:2330} INFO - Executing <Task(DbtRunLocalOperator): transform.dim_categories.run> on 2024-07-13 15:21:44.430274+00:00
[2024-07-13T15:23:42.427+0000] {logging_mixin.py:188} WARNING - /home/airflow/.local/lib/python3.12/site-packages/airflow/task/task_runner/standard_task_runner.py:61 DeprecationWarning: This process (pid=1644) is multi-threaded, use of fork() may lead to deadlocks in the child.
[2024-07-13T15:23:42.429+0000] {standard_task_runner.py:63} INFO - Started process 1648 to run task
[2024-07-13T15:23:42.429+0000] {standard_task_runner.py:90} INFO - Running: ['airflow', 'tasks', 'run', 'ELT-PROJECT', 'transform.dim_categories.run', 'manual__2024-07-13T15:21:44.430274+00:00', '--job-id', '442', '--raw', '--subdir', 'DAGS_FOLDER/elt.py', '--cfg-path', '/tmp/tmpvupfx_2z']
[2024-07-13T15:23:42.433+0000] {standard_task_runner.py:91} INFO - Job 442: Subtask transform.dim_categories.run
[2024-07-13T15:23:42.462+0000] {logging_mixin.py:188} WARNING - /home/airflow/.local/lib/python3.12/site-packages/airflow/settings.py:195 DeprecationWarning: The sql_alchemy_conn option in [core] has been moved to the sql_alchemy_conn option in [database] - the old setting has been used, but please update your config.
[2024-07-13T15:23:42.540+0000] {task_command.py:426} INFO - Running <TaskInstance: ELT-PROJECT.transform.dim_categories.run manual__2024-07-13T15:21:44.430274+00:00 [running]> on host airflow-scheduler
[2024-07-13T15:23:42.726+0000] {taskinstance.py:2648} INFO - Exporting env vars: AIRFLOW_CTX_DAG_OWNER='Data-Ninja' AIRFLOW_CTX_DAG_ID='ELT-PROJECT' AIRFLOW_CTX_TASK_ID='transform.dim_categories.run' AIRFLOW_CTX_EXECUTION_DATE='2024-07-13T15:21:44.430274+00:00' AIRFLOW_CTX_TRY_NUMBER='1' AIRFLOW_CTX_DAG_RUN_ID='manual__2024-07-13T15:21:44.430274+00:00'
[2024-07-13T15:23:42.729+0000] {taskinstance.py:430} INFO - ::endgroup::
[2024-07-13T15:23:42.733+0000] {local.py:174} INFO - Could not import dbtRunner. Falling back to subprocess for invoking dbt.
[2024-07-13T15:23:42.737+0000] {local.py:292} INFO - Cloning project to writable temp directory /tmp/tmpcx4hvpkd from /opt/airflow/dags/dbt/dbt_project
[2024-07-13T15:23:42.750+0000] {local.py:303} INFO - Partial parse is enabled and the latest partial parse file is /tmp/cosmos/ELT-PROJECT__transform/target/partial_parse.msgpack
[2024-07-13T15:23:42.798+0000] {base.py:84} INFO - Using connection ID 'snow_conn' for task execution.
[2024-07-13T15:23:42.800+0000] {crypto.py:82} WARNING - empty cryptography key - values will not be stored encrypted.
[2024-07-13T15:23:42.801+0000] {config.py:298} INFO - Profile caching is enable.
[2024-07-13T15:23:42.804+0000] {config.py:272} INFO - Profile found in cache using profile: /tmp/cosmos/profile/a0017dab0633177292578162811b91dcb9c56d6e54017e9660056cc364a762ad/profiles.yml.
[2024-07-13T15:23:42.806+0000] {local.py:247} INFO - Trying to run the command:
 ['/opt/airflow/dbt_venv/bin/dbt', 'deps', '--project-dir', '/tmp/tmpcx4hvpkd', '--profiles-dir', '/tmp/cosmos/profile/a0017dab0633177292578162811b91dcb9c56d6e54017e9660056cc364a762ad', '--profile', 'dbt_project', '--target', 'dev']
From /tmp/tmpcx4hvpkd
[2024-07-13T15:23:42.808+0000] {subprocess.py:60} INFO - Tmp dir root location: 
 /tmp
[2024-07-13T15:23:42.810+0000] {subprocess.py:73} INFO - Running command: ['/opt/airflow/dbt_venv/bin/dbt', 'deps', '--project-dir', '/tmp/tmpcx4hvpkd', '--profiles-dir', '/tmp/cosmos/profile/a0017dab0633177292578162811b91dcb9c56d6e54017e9660056cc364a762ad', '--profile', 'dbt_project', '--target', 'dev']
[2024-07-13T15:23:42.830+0000] {subprocess.py:84} INFO - Command output:
[2024-07-13T15:23:46.360+0000] {subprocess.py:94} INFO - [0m15:23:46  Running with dbt=1.8.3
[2024-07-13T15:23:46.704+0000] {subprocess.py:94} INFO - [0m15:23:46  Updating lock file in file path: /tmp/tmpcx4hvpkd/package-lock.yml
[2024-07-13T15:23:46.713+0000] {subprocess.py:94} INFO - [0m15:23:46  Installing dbt-labs/dbt_utils
[2024-07-13T15:23:47.155+0000] {subprocess.py:94} INFO - [0m15:23:47  Installed from version 0.8.6
[2024-07-13T15:23:47.156+0000] {subprocess.py:94} INFO - [0m15:23:47  Updated version available: 1.2.0
[2024-07-13T15:23:47.157+0000] {subprocess.py:94} INFO - [0m15:23:47
[2024-07-13T15:23:47.158+0000] {subprocess.py:94} INFO - [0m15:23:47  Updates available for packages: ['dbt-labs/dbt_utils']
[2024-07-13T15:23:47.159+0000] {subprocess.py:94} INFO - Update your versions in packages.yml, then run dbt deps
[2024-07-13T15:23:49.563+0000] {subprocess.py:98} INFO - Command exited with return code 0
[2024-07-13T15:23:49.564+0000] {local.py:254} INFO - Update your versions in packages.yml, then run dbt deps
[2024-07-13T15:23:49.565+0000] {local.py:247} INFO - Trying to run the command:
 ['/opt/airflow/dbt_venv/bin/dbt', 'run', '--models', 'dim_categories', '--project-dir', '/tmp/tmpcx4hvpkd', '--profiles-dir', '/tmp/cosmos/profile/a0017dab0633177292578162811b91dcb9c56d6e54017e9660056cc364a762ad', '--profile', 'dbt_project', '--target', 'dev']
From /tmp/tmpcx4hvpkd
[2024-07-13T15:23:49.567+0000] {subprocess.py:60} INFO - Tmp dir root location: 
 /tmp
[2024-07-13T15:23:49.568+0000] {subprocess.py:73} INFO - Running command: ['/opt/airflow/dbt_venv/bin/dbt', 'run', '--models', 'dim_categories', '--project-dir', '/tmp/tmpcx4hvpkd', '--profiles-dir', '/tmp/cosmos/profile/a0017dab0633177292578162811b91dcb9c56d6e54017e9660056cc364a762ad', '--profile', 'dbt_project', '--target', 'dev']
[2024-07-13T15:23:49.583+0000] {subprocess.py:84} INFO - Command output:
[2024-07-13T15:23:53.229+0000] {subprocess.py:94} INFO - [0m15:23:53  Running with dbt=1.8.3
[2024-07-13T15:23:54.129+0000] {subprocess.py:94} INFO - [0m15:23:54  Registered adapter: snowflake=1.8.3
[2024-07-13T15:23:55.757+0000] {subprocess.py:94} INFO - [0m15:23:55  Found 20 models, 27 data tests, 11 sources, 684 macros
[2024-07-13T15:23:55.761+0000] {subprocess.py:94} INFO - [0m15:23:55
[2024-07-13T15:24:02.009+0000] {subprocess.py:94} INFO - [0m15:24:02  Concurrency: 1 threads (target='dev')
[2024-07-13T15:24:02.012+0000] {subprocess.py:94} INFO - [0m15:24:02
[2024-07-13T15:24:02.032+0000] {subprocess.py:94} INFO - [0m15:24:02  1 of 1 START sql table model dwh.dim_categories ................................ [RUN]
[2024-07-13T15:24:04.382+0000] {subprocess.py:94} INFO - [0m15:24:04  1 of 1 OK created sql table model dwh.dim_categories ........................... [[32mSUCCESS 1[0m in 2.35s]
[2024-07-13T15:24:04.387+0000] {subprocess.py:94} INFO - [0m15:24:04
[2024-07-13T15:24:04.389+0000] {subprocess.py:94} INFO - [0m15:24:04  Finished running 1 table model in 0 hours 0 minutes and 8.63 seconds (8.63s).
[2024-07-13T15:24:04.548+0000] {subprocess.py:94} INFO - [0m15:24:04
[2024-07-13T15:24:04.550+0000] {subprocess.py:94} INFO - [0m15:24:04  [32mCompleted successfully[0m
[2024-07-13T15:24:04.551+0000] {subprocess.py:94} INFO - [0m15:24:04
[2024-07-13T15:24:04.552+0000] {subprocess.py:94} INFO - [0m15:24:04  Done. PASS=1 WARN=0 ERROR=0 SKIP=0 TOTAL=1
[2024-07-13T15:24:06.436+0000] {subprocess.py:98} INFO - Command exited with return code 0
[2024-07-13T15:24:06.438+0000] {local.py:254} INFO - [0m15:24:04  Done. PASS=1 WARN=0 ERROR=0 SKIP=0 TOTAL=1
[2024-07-13T15:24:06.748+0000] {local.py:196} WARNING - Artifact schema version: https://schemas.getdbt.com/dbt/manifest/v12.json is above dbt-ol supported version 7. This might cause errors.
[2024-07-13T15:24:06.749+0000] {local.py:196} WARNING - Artifact schema version: https://schemas.getdbt.com/dbt/run-results/v6.json is above dbt-ol supported version 5. This might cause errors.
[2024-07-13T15:24:06.756+0000] {local.py:349} INFO - Inlets: [Dataset(uri='snowflake://OU00370.europe-west2.gcp/ELT_BATCH.raw.raw_categories', extra=None)]
[2024-07-13T15:24:06.757+0000] {local.py:350} INFO - Outlets: [Dataset(uri='snowflake://OU00370.europe-west2.gcp/ELT_BATCH.dwh.dim_categories', extra=None)]
[2024-07-13T15:24:06.758+0000] {dag.py:3096} INFO - Sync 1 DAGs
[2024-07-13T15:24:06.785+0000] {dag.py:3954} INFO - Setting next_dagrun for ELT-PROJECT to None, run_after=None
[2024-07-13T15:24:06.843+0000] {taskinstance.py:441} INFO - ::group::Post task execution logs
[2024-07-13T15:24:06.907+0000] {taskinstance.py:1206} INFO - Marking task as SUCCESS. dag_id=ELT-PROJECT, task_id=transform.dim_categories.run, run_id=manual__2024-07-13T15:21:44.430274+00:00, execution_date=20240713T152144, start_date=20240713T152342, end_date=20240713T152406
[2024-07-13T15:24:06.964+0000] {local_task_job_runner.py:240} INFO - Task exited with return code 0
[2024-07-13T15:24:06.986+0000] {local_task_job_runner.py:222} INFO - ::endgroup::
