[2024-07-14T04:23:21.138+0000] {local_task_job_runner.py:120} INFO - ::group::Pre task execution logs
[2024-07-14T04:23:21.340+0000] {taskinstance.py:2076} INFO - Dependencies all met for dep_context=non-requeueable deps ti=<TaskInstance: ELT-PROJECT.transform.raw_order_details.run scheduled__2024-06-30T00:00:00+00:00 [queued]>
[2024-07-14T04:23:21.439+0000] {taskinstance.py:2076} INFO - Dependencies all met for dep_context=requeueable deps ti=<TaskInstance: ELT-PROJECT.transform.raw_order_details.run scheduled__2024-06-30T00:00:00+00:00 [queued]>
[2024-07-14T04:23:21.443+0000] {taskinstance.py:2306} INFO - Starting attempt 1 of 2
[2024-07-14T04:23:21.502+0000] {taskinstance.py:2330} INFO - Executing <Task(DbtRunLocalOperator): transform.raw_order_details.run> on 2024-06-30 00:00:00+00:00
[2024-07-14T04:23:21.528+0000] {logging_mixin.py:188} WARNING - /home/airflow/.local/lib/python3.12/site-packages/airflow/task/task_runner/standard_task_runner.py:61 DeprecationWarning: This process (pid=16693) is multi-threaded, use of fork() may lead to deadlocks in the child.
[2024-07-14T04:23:21.560+0000] {standard_task_runner.py:63} INFO - Started process 16727 to run task
[2024-07-14T04:23:21.536+0000] {standard_task_runner.py:90} INFO - Running: ['airflow', 'tasks', 'run', 'ELT-PROJECT', 'transform.raw_order_details.run', 'scheduled__2024-06-30T00:00:00+00:00', '--job-id', '1307', '--raw', '--subdir', 'DAGS_FOLDER/elt.py', '--cfg-path', '/tmp/tmpdwqovvg6']
[2024-07-14T04:23:21.565+0000] {standard_task_runner.py:91} INFO - Job 1307: Subtask transform.raw_order_details.run
[2024-07-14T04:23:21.638+0000] {logging_mixin.py:188} WARNING - /home/airflow/.local/lib/python3.12/site-packages/airflow/settings.py:195 DeprecationWarning: The sql_alchemy_conn option in [core] has been moved to the sql_alchemy_conn option in [database] - the old setting has been used, but please update your config.
[2024-07-14T04:23:21.845+0000] {task_command.py:426} INFO - Running <TaskInstance: ELT-PROJECT.transform.raw_order_details.run scheduled__2024-06-30T00:00:00+00:00 [running]> on host airflow-scheduler
[2024-07-14T04:23:22.302+0000] {taskinstance.py:2648} INFO - Exporting env vars: AIRFLOW_CTX_DAG_OWNER='Data-Ninja' AIRFLOW_CTX_DAG_ID='ELT-PROJECT' AIRFLOW_CTX_TASK_ID='transform.raw_order_details.run' AIRFLOW_CTX_EXECUTION_DATE='2024-06-30T00:00:00+00:00' AIRFLOW_CTX_TRY_NUMBER='1' AIRFLOW_CTX_DAG_RUN_ID='scheduled__2024-06-30T00:00:00+00:00'
[2024-07-14T04:23:22.306+0000] {taskinstance.py:430} INFO - ::endgroup::
[2024-07-14T04:23:22.325+0000] {local.py:174} INFO - Could not import dbtRunner. Falling back to subprocess for invoking dbt.
[2024-07-14T04:23:22.328+0000] {local.py:292} INFO - Cloning project to writable temp directory /tmp/tmpzhz8bqii from /opt/airflow/dags/dbt/dbt_project
[2024-07-14T04:23:22.374+0000] {local.py:303} INFO - Partial parse is enabled and the latest partial parse file is /tmp/cosmos/ELT-PROJECT__transform/target/partial_parse.msgpack
[2024-07-14T04:23:22.561+0000] {base.py:84} INFO - Using connection ID 'snow_conn' for task execution.
[2024-07-14T04:23:22.580+0000] {crypto.py:82} WARNING - empty cryptography key - values will not be stored encrypted.
[2024-07-14T04:23:22.583+0000] {config.py:298} INFO - Profile caching is enable.
[2024-07-14T04:23:22.589+0000] {config.py:272} INFO - Profile found in cache using profile: /tmp/cosmos/profile/a0017dab0633177292578162811b91dcb9c56d6e54017e9660056cc364a762ad/profiles.yml.
[2024-07-14T04:23:22.592+0000] {local.py:247} INFO - Trying to run the command:
 ['/opt/airflow/dbt_venv/bin/dbt', 'deps', '--project-dir', '/tmp/tmpzhz8bqii', '--profiles-dir', '/tmp/cosmos/profile/a0017dab0633177292578162811b91dcb9c56d6e54017e9660056cc364a762ad', '--profile', 'dbt_project', '--target', 'dev']
From /tmp/tmpzhz8bqii
[2024-07-14T04:23:22.594+0000] {subprocess.py:60} INFO - Tmp dir root location: 
 /tmp
[2024-07-14T04:23:22.609+0000] {subprocess.py:73} INFO - Running command: ['/opt/airflow/dbt_venv/bin/dbt', 'deps', '--project-dir', '/tmp/tmpzhz8bqii', '--profiles-dir', '/tmp/cosmos/profile/a0017dab0633177292578162811b91dcb9c56d6e54017e9660056cc364a762ad', '--profile', 'dbt_project', '--target', 'dev']
[2024-07-14T04:23:22.699+0000] {subprocess.py:84} INFO - Command output:
[2024-07-14T04:23:37.015+0000] {subprocess.py:94} INFO - [0m04:23:37  Running with dbt=1.8.3
[2024-07-14T04:23:38.382+0000] {subprocess.py:94} INFO - [0m04:23:38  Updating lock file in file path: /tmp/tmpzhz8bqii/package-lock.yml
[2024-07-14T04:23:38.445+0000] {subprocess.py:94} INFO - [0m04:23:38  Installing dbt-labs/dbt_utils
[2024-07-14T04:23:39.174+0000] {subprocess.py:94} INFO - [0m04:23:39  Installed from version 0.8.6
[2024-07-14T04:23:39.180+0000] {subprocess.py:94} INFO - [0m04:23:39  Updated version available: 1.2.0
[2024-07-14T04:23:39.189+0000] {subprocess.py:94} INFO - [0m04:23:39
[2024-07-14T04:23:39.199+0000] {subprocess.py:94} INFO - [0m04:23:39  Updates available for packages: ['dbt-labs/dbt_utils']
[2024-07-14T04:23:39.209+0000] {subprocess.py:94} INFO - Update your versions in packages.yml, then run dbt deps
[2024-07-14T04:23:46.013+0000] {subprocess.py:98} INFO - Command exited with return code 0
[2024-07-14T04:23:46.018+0000] {local.py:254} INFO - Update your versions in packages.yml, then run dbt deps
[2024-07-14T04:23:46.025+0000] {local.py:247} INFO - Trying to run the command:
 ['/opt/airflow/dbt_venv/bin/dbt', 'run', '--models', 'raw_order_details', '--project-dir', '/tmp/tmpzhz8bqii', '--profiles-dir', '/tmp/cosmos/profile/a0017dab0633177292578162811b91dcb9c56d6e54017e9660056cc364a762ad', '--profile', 'dbt_project', '--target', 'dev']
From /tmp/tmpzhz8bqii
[2024-07-14T04:23:46.034+0000] {subprocess.py:60} INFO - Tmp dir root location: 
 /tmp
[2024-07-14T04:23:46.051+0000] {subprocess.py:73} INFO - Running command: ['/opt/airflow/dbt_venv/bin/dbt', 'run', '--models', 'raw_order_details', '--project-dir', '/tmp/tmpzhz8bqii', '--profiles-dir', '/tmp/cosmos/profile/a0017dab0633177292578162811b91dcb9c56d6e54017e9660056cc364a762ad', '--profile', 'dbt_project', '--target', 'dev']
[2024-07-14T04:23:46.233+0000] {subprocess.py:84} INFO - Command output:
[2024-07-14T04:24:00.784+0000] {subprocess.py:94} INFO - [0m04:24:00  Running with dbt=1.8.3
[2024-07-14T04:24:03.798+0000] {subprocess.py:94} INFO - [0m04:24:03  Registered adapter: snowflake=1.8.3
[2024-07-14T04:24:09.454+0000] {subprocess.py:94} INFO - [0m04:24:09  Found 20 models, 27 data tests, 11 sources, 684 macros
[2024-07-14T04:24:09.465+0000] {subprocess.py:94} INFO - [0m04:24:09
[2024-07-14T04:24:18.387+0000] {subprocess.py:94} INFO - [0m04:24:18  Concurrency: 1 threads (target='dev')
[2024-07-14T04:24:18.394+0000] {subprocess.py:94} INFO - [0m04:24:18
[2024-07-14T04:24:18.523+0000] {subprocess.py:94} INFO - [0m04:24:18  1 of 1 START sql table model raw.raw_order_details ............................. [RUN]
[2024-07-14T04:24:21.888+0000] {subprocess.py:94} INFO - [0m04:24:21  1 of 1 OK created sql table model raw.raw_order_details ........................ [[32mSUCCESS 1[0m in 3.35s]
[2024-07-14T04:24:21.944+0000] {subprocess.py:94} INFO - [0m04:24:21
[2024-07-14T04:24:21.952+0000] {subprocess.py:94} INFO - [0m04:24:21  Finished running 1 table model in 0 hours 0 minutes and 12.46 seconds (12.46s).
[2024-07-14T04:24:23.161+0000] {subprocess.py:94} INFO - [0m04:24:23
[2024-07-14T04:24:23.169+0000] {subprocess.py:94} INFO - [0m04:24:23  [32mCompleted successfully[0m
[2024-07-14T04:24:23.176+0000] {subprocess.py:94} INFO - [0m04:24:23
[2024-07-14T04:24:23.186+0000] {subprocess.py:94} INFO - [0m04:24:23  Done. PASS=1 WARN=0 ERROR=0 SKIP=0 TOTAL=1
[2024-07-14T04:24:26.441+0000] {subprocess.py:98} INFO - Command exited with return code 0
[2024-07-14T04:24:26.443+0000] {local.py:254} INFO - [0m04:24:23  Done. PASS=1 WARN=0 ERROR=0 SKIP=0 TOTAL=1
[2024-07-14T04:24:27.264+0000] {local.py:196} WARNING - Artifact schema version: https://schemas.getdbt.com/dbt/manifest/v12.json is above dbt-ol supported version 7. This might cause errors.
[2024-07-14T04:24:27.265+0000] {local.py:196} WARNING - Artifact schema version: https://schemas.getdbt.com/dbt/run-results/v6.json is above dbt-ol supported version 5. This might cause errors.
[2024-07-14T04:24:27.287+0000] {local.py:349} INFO - Inlets: [Dataset(uri='snowflake://OU00370.europe-west2.gcp/ELT_BATCH.PUBLIC.order_details', extra=None)]
[2024-07-14T04:24:27.305+0000] {local.py:350} INFO - Outlets: [Dataset(uri='snowflake://OU00370.europe-west2.gcp/ELT_BATCH.raw.raw_order_details', extra=None)]
[2024-07-14T04:24:27.307+0000] {dag.py:3096} INFO - Sync 1 DAGs
[2024-07-14T04:24:27.680+0000] {taskinstance.py:441} INFO - ::group::Post task execution logs
[2024-07-14T04:24:28.049+0000] {taskinstance.py:1206} INFO - Marking task as SUCCESS. dag_id=ELT-PROJECT, task_id=transform.raw_order_details.run, run_id=scheduled__2024-06-30T00:00:00+00:00, execution_date=20240630T000000, start_date=20240714T042321, end_date=20240714T042428
[2024-07-14T04:24:29.676+0000] {local_task_job_runner.py:240} INFO - Task exited with return code 0
[2024-07-14T04:24:29.787+0000] {local_task_job_runner.py:222} INFO - ::endgroup::
