[2024-07-14T04:01:39.358+0000] {local_task_job_runner.py:120} INFO - ::group::Pre task execution logs
[2024-07-14T04:01:39.418+0000] {taskinstance.py:2076} INFO - Dependencies all met for dep_context=non-requeueable deps ti=<TaskInstance: ELT-PROJECT.load.load_suppliers scheduled__2024-07-04T00:00:00+00:00 [queued]>
[2024-07-14T04:01:39.451+0000] {taskinstance.py:2076} INFO - Dependencies all met for dep_context=requeueable deps ti=<TaskInstance: ELT-PROJECT.load.load_suppliers scheduled__2024-07-04T00:00:00+00:00 [queued]>
[2024-07-14T04:01:39.452+0000] {taskinstance.py:2306} INFO - Starting attempt 1 of 2
[2024-07-14T04:01:39.497+0000] {taskinstance.py:2330} INFO - Executing <Task(_PythonDecoratedOperator): load.load_suppliers> on 2024-07-04 00:00:00+00:00
[2024-07-14T04:01:39.516+0000] {logging_mixin.py:188} WARNING - /home/airflow/.local/lib/python3.12/site-packages/airflow/task/task_runner/standard_task_runner.py:61 DeprecationWarning: This process (pid=11201) is multi-threaded, use of fork() may lead to deadlocks in the child.
[2024-07-14T04:01:39.519+0000] {standard_task_runner.py:63} INFO - Started process 11230 to run task
[2024-07-14T04:01:39.527+0000] {standard_task_runner.py:90} INFO - Running: ['airflow', 'tasks', 'run', 'ELT-PROJECT', 'load.load_suppliers', 'scheduled__2024-07-04T00:00:00+00:00', '--job-id', '934', '--raw', '--subdir', 'DAGS_FOLDER/elt.py', '--cfg-path', '/tmp/tmpzyf42hp6']
[2024-07-14T04:01:39.533+0000] {standard_task_runner.py:91} INFO - Job 934: Subtask load.load_suppliers
[2024-07-14T04:01:39.595+0000] {logging_mixin.py:188} WARNING - /home/airflow/.local/lib/python3.12/site-packages/airflow/settings.py:195 DeprecationWarning: The sql_alchemy_conn option in [core] has been moved to the sql_alchemy_conn option in [database] - the old setting has been used, but please update your config.
[2024-07-14T04:01:39.762+0000] {task_command.py:426} INFO - Running <TaskInstance: ELT-PROJECT.load.load_suppliers scheduled__2024-07-04T00:00:00+00:00 [running]> on host airflow-scheduler
[2024-07-14T04:01:40.685+0000] {taskinstance.py:2648} INFO - Exporting env vars: AIRFLOW_CTX_DAG_OWNER='Data-Ninja' AIRFLOW_CTX_DAG_ID='ELT-PROJECT' AIRFLOW_CTX_TASK_ID='load.load_suppliers' AIRFLOW_CTX_EXECUTION_DATE='2024-07-04T00:00:00+00:00' AIRFLOW_CTX_TRY_NUMBER='1' AIRFLOW_CTX_DAG_RUN_ID='scheduled__2024-07-04T00:00:00+00:00'
[2024-07-14T04:01:40.687+0000] {taskinstance.py:430} INFO - ::endgroup::
[2024-07-14T04:01:40.691+0000] {connection.py:399} INFO - Snowflake Connector for Python Version: 3.10.1, Python Version: 3.12.4, Platform: Linux-5.15.133.1-microsoft-standard-WSL2-x86_64-with-glibc2.36
[2024-07-14T04:01:40.695+0000] {connection.py:1249} INFO - THIS CONNECTION IS IN INSECURE MODE. IT MEANS THE CERTIFICATE WILL BE VALIDATED BUT THE CERTIFICATE REVOCATION STATUS WILL NOT BE CHECKED.
[2024-07-14T04:01:40.849+0000] {ssl_wrap_socket.py:100} INFO - THIS CONNECTION IS IN INSECURE MODE. IT MEANS THE CERTIFICATE WILL BE VALIDATED BUT THE CERTIFICATE REVOCATION STATUS WILL NOT BE CHECKED.
[2024-07-14T04:01:42.093+0000] {logging_mixin.py:188} INFO - Nama kolom di DataFrame: Index(['supplierID', 'companyName', 'contactName', 'contactTitle', 'address',
       'city', 'region', 'postalCode', 'country', 'phone', 'fax', 'homePage'],
      dtype='object')
[2024-07-14T04:01:42.558+0000] {cursor.py:1149} INFO - Number of results in first chunk: 1
[2024-07-14T04:01:43.231+0000] {ssl_wrap_socket.py:100} INFO - THIS CONNECTION IS IN INSECURE MODE. IT MEANS THE CERTIFICATE WILL BE VALIDATED BUT THE CERTIFICATE REVOCATION STATUS WILL NOT BE CHECKED.
[2024-07-14T04:01:45.954+0000] {cursor.py:1149} INFO - Number of results in first chunk: 1
[2024-07-14T04:01:46.581+0000] {cursor.py:1149} INFO - Number of results in first chunk: 12
[2024-07-14T04:01:46.979+0000] {cursor.py:1149} INFO - Number of results in first chunk: 1
[2024-07-14T04:01:47.715+0000] {cursor.py:1149} INFO - Number of results in first chunk: 1
[2024-07-14T04:01:49.390+0000] {cursor.py:1149} INFO - Number of results in first chunk: 1
[2024-07-14T04:01:49.391+0000] {logging_mixin.py:188} INFO - Done suppliers.
[2024-07-14T04:01:49.392+0000] {connection.py:762} INFO - closed
[2024-07-14T04:01:49.743+0000] {connection.py:768} INFO - No async queries seem to be running, deleting session
[2024-07-14T04:01:50.096+0000] {python.py:237} INFO - Done. Returned value was: None
[2024-07-14T04:01:50.098+0000] {taskinstance.py:441} INFO - ::group::Post task execution logs
[2024-07-14T04:01:50.125+0000] {taskinstance.py:1206} INFO - Marking task as SUCCESS. dag_id=ELT-PROJECT, task_id=load.load_suppliers, run_id=scheduled__2024-07-04T00:00:00+00:00, execution_date=20240704T000000, start_date=20240714T040139, end_date=20240714T040150
[2024-07-14T04:01:50.192+0000] {local_task_job_runner.py:240} INFO - Task exited with return code 0
[2024-07-14T04:01:50.319+0000] {taskinstance.py:3503} INFO - 1 downstream tasks scheduled from follow-on schedule check
[2024-07-14T04:01:50.324+0000] {local_task_job_runner.py:222} INFO - ::endgroup::
