[2024-07-14T04:03:00.460+0000] {local_task_job_runner.py:120} INFO - ::group::Pre task execution logs
[2024-07-14T04:03:00.546+0000] {taskinstance.py:2076} INFO - Dependencies all met for dep_context=non-requeueable deps ti=<TaskInstance: ELT-PROJECT.load.load_regions scheduled__2024-07-12T00:00:00+00:00 [queued]>
[2024-07-14T04:03:00.573+0000] {taskinstance.py:2076} INFO - Dependencies all met for dep_context=requeueable deps ti=<TaskInstance: ELT-PROJECT.load.load_regions scheduled__2024-07-12T00:00:00+00:00 [queued]>
[2024-07-14T04:03:00.574+0000] {taskinstance.py:2306} INFO - Starting attempt 1 of 2
[2024-07-14T04:03:00.614+0000] {taskinstance.py:2330} INFO - Executing <Task(_PythonDecoratedOperator): load.load_regions> on 2024-07-12 00:00:00+00:00
[2024-07-14T04:03:00.631+0000] {standard_task_runner.py:90} INFO - Running: ['airflow', 'tasks', 'run', 'ELT-PROJECT', 'load.load_regions', 'scheduled__2024-07-12T00:00:00+00:00', '--job-id', '1017', '--raw', '--subdir', 'DAGS_FOLDER/elt.py', '--cfg-path', '/tmp/tmpshdshbxl']
[2024-07-14T04:03:00.635+0000] {logging_mixin.py:188} WARNING - /home/airflow/.local/lib/python3.12/site-packages/airflow/task/task_runner/standard_task_runner.py:61 DeprecationWarning: This process (pid=12226) is multi-threaded, use of fork() may lead to deadlocks in the child.
[2024-07-14T04:03:00.639+0000] {standard_task_runner.py:63} INFO - Started process 12273 to run task
[2024-07-14T04:03:00.637+0000] {standard_task_runner.py:91} INFO - Job 1017: Subtask load.load_regions
[2024-07-14T04:03:00.701+0000] {logging_mixin.py:188} WARNING - /home/airflow/.local/lib/python3.12/site-packages/airflow/settings.py:195 DeprecationWarning: The sql_alchemy_conn option in [core] has been moved to the sql_alchemy_conn option in [database] - the old setting has been used, but please update your config.
[2024-07-14T04:03:00.854+0000] {task_command.py:426} INFO - Running <TaskInstance: ELT-PROJECT.load.load_regions scheduled__2024-07-12T00:00:00+00:00 [running]> on host airflow-scheduler
[2024-07-14T04:03:01.836+0000] {taskinstance.py:2648} INFO - Exporting env vars: AIRFLOW_CTX_DAG_OWNER='Data-Ninja' AIRFLOW_CTX_DAG_ID='ELT-PROJECT' AIRFLOW_CTX_TASK_ID='load.load_regions' AIRFLOW_CTX_EXECUTION_DATE='2024-07-12T00:00:00+00:00' AIRFLOW_CTX_TRY_NUMBER='1' AIRFLOW_CTX_DAG_RUN_ID='scheduled__2024-07-12T00:00:00+00:00'
[2024-07-14T04:03:01.839+0000] {taskinstance.py:430} INFO - ::endgroup::
[2024-07-14T04:03:01.841+0000] {connection.py:399} INFO - Snowflake Connector for Python Version: 3.10.1, Python Version: 3.12.4, Platform: Linux-5.15.133.1-microsoft-standard-WSL2-x86_64-with-glibc2.36
[2024-07-14T04:03:01.844+0000] {connection.py:1249} INFO - THIS CONNECTION IS IN INSECURE MODE. IT MEANS THE CERTIFICATE WILL BE VALIDATED BUT THE CERTIFICATE REVOCATION STATUS WILL NOT BE CHECKED.
[2024-07-14T04:03:01.953+0000] {ssl_wrap_socket.py:100} INFO - THIS CONNECTION IS IN INSECURE MODE. IT MEANS THE CERTIFICATE WILL BE VALIDATED BUT THE CERTIFICATE REVOCATION STATUS WILL NOT BE CHECKED.
[2024-07-14T04:03:02.504+0000] {logging_mixin.py:188} INFO - Nama kolom di DataFrame: Index(['regionID', 'regionDescription'], dtype='object')
[2024-07-14T04:03:02.892+0000] {cursor.py:1149} INFO - Number of results in first chunk: 1
[2024-07-14T04:03:03.644+0000] {ssl_wrap_socket.py:100} INFO - THIS CONNECTION IS IN INSECURE MODE. IT MEANS THE CERTIFICATE WILL BE VALIDATED BUT THE CERTIFICATE REVOCATION STATUS WILL NOT BE CHECKED.
[2024-07-14T04:03:06.335+0000] {cursor.py:1149} INFO - Number of results in first chunk: 1
[2024-07-14T04:03:07.006+0000] {cursor.py:1149} INFO - Number of results in first chunk: 2
[2024-07-14T04:03:07.369+0000] {cursor.py:1149} INFO - Number of results in first chunk: 1
[2024-07-14T04:03:08.015+0000] {cursor.py:1149} INFO - Number of results in first chunk: 1
[2024-07-14T04:03:09.368+0000] {cursor.py:1149} INFO - Number of results in first chunk: 1
[2024-07-14T04:03:09.370+0000] {logging_mixin.py:188} INFO - Done regions.
[2024-07-14T04:03:09.371+0000] {connection.py:762} INFO - closed
[2024-07-14T04:03:09.720+0000] {connection.py:768} INFO - No async queries seem to be running, deleting session
[2024-07-14T04:03:10.072+0000] {python.py:237} INFO - Done. Returned value was: None
[2024-07-14T04:03:10.078+0000] {taskinstance.py:441} INFO - ::group::Post task execution logs
[2024-07-14T04:03:10.135+0000] {taskinstance.py:1206} INFO - Marking task as SUCCESS. dag_id=ELT-PROJECT, task_id=load.load_regions, run_id=scheduled__2024-07-12T00:00:00+00:00, execution_date=20240712T000000, start_date=20240714T040300, end_date=20240714T040310
[2024-07-14T04:03:10.227+0000] {local_task_job_runner.py:240} INFO - Task exited with return code 0
[2024-07-14T04:03:10.505+0000] {taskinstance.py:3503} INFO - 0 downstream tasks scheduled from follow-on schedule check
[2024-07-14T04:03:10.530+0000] {local_task_job_runner.py:222} INFO - ::endgroup::
