[2024-07-09T20:25:32.477+0000] {local_task_job_runner.py:120} INFO - ::group::Pre task execution logs
[2024-07-09T20:25:32.568+0000] {taskinstance.py:2076} INFO - Dependencies all met for dep_context=non-requeueable deps ti=<TaskInstance: ELT-PROJECT.transform.raw_employees.run manual__2024-07-09T20:25:25.664667+00:00 [queued]>
[2024-07-09T20:25:32.613+0000] {taskinstance.py:2076} INFO - Dependencies all met for dep_context=requeueable deps ti=<TaskInstance: ELT-PROJECT.transform.raw_employees.run manual__2024-07-09T20:25:25.664667+00:00 [queued]>
[2024-07-09T20:25:32.623+0000] {taskinstance.py:2306} INFO - Starting attempt 1 of 2
[2024-07-09T20:25:32.813+0000] {taskinstance.py:2330} INFO - Executing <Task(DbtRunLocalOperator): transform.raw_employees.run> on 2024-07-09 20:25:25.664667+00:00
[2024-07-09T20:25:32.834+0000] {logging_mixin.py:188} WARNING - /home/airflow/.local/lib/python3.12/site-packages/airflow/task/task_runner/standard_task_runner.py:61 DeprecationWarning: This process (pid=8015) is multi-threaded, use of fork() may lead to deadlocks in the child.
[2024-07-09T20:25:32.862+0000] {standard_task_runner.py:63} INFO - Started process 8047 to run task
[2024-07-09T20:25:32.916+0000] {standard_task_runner.py:90} INFO - Running: ['airflow', 'tasks', 'run', 'ELT-PROJECT', 'transform.raw_employees.run', 'manual__2024-07-09T20:25:25.664667+00:00', '--job-id', '83', '--raw', '--subdir', 'DAGS_FOLDER/elt.py', '--cfg-path', '/tmp/tmp5qad1fpa']
[2024-07-09T20:25:33.015+0000] {standard_task_runner.py:91} INFO - Job 83: Subtask transform.raw_employees.run
[2024-07-09T20:25:33.187+0000] {logging_mixin.py:188} WARNING - /home/airflow/.local/lib/python3.12/site-packages/airflow/settings.py:195 DeprecationWarning: The sql_alchemy_conn option in [core] has been moved to the sql_alchemy_conn option in [database] - the old setting has been used, but please update your config.
[2024-07-09T20:25:33.434+0000] {task_command.py:426} INFO - Running <TaskInstance: ELT-PROJECT.transform.raw_employees.run manual__2024-07-09T20:25:25.664667+00:00 [running]> on host airflow-scheduler
[2024-07-09T20:25:34.028+0000] {taskinstance.py:2648} INFO - Exporting env vars: AIRFLOW_CTX_DAG_OWNER='Data-Ninja' AIRFLOW_CTX_DAG_ID='ELT-PROJECT' AIRFLOW_CTX_TASK_ID='transform.raw_employees.run' AIRFLOW_CTX_EXECUTION_DATE='2024-07-09T20:25:25.664667+00:00' AIRFLOW_CTX_TRY_NUMBER='1' AIRFLOW_CTX_DAG_RUN_ID='manual__2024-07-09T20:25:25.664667+00:00'
[2024-07-09T20:25:34.037+0000] {taskinstance.py:430} INFO - ::endgroup::
[2024-07-09T20:25:34.057+0000] {local.py:174} INFO - Could not import dbtRunner. Falling back to subprocess for invoking dbt.
[2024-07-09T20:25:34.064+0000] {local.py:292} INFO - Cloning project to writable temp directory /tmp/tmp24z290jh from /opt/airflow/dags/dbt/dbt_project
[2024-07-09T20:25:34.116+0000] {local.py:303} INFO - Partial parse is enabled and the latest partial parse file is /opt/airflow/dags/dbt/dbt_project/target/partial_parse.msgpack
[2024-07-09T20:25:34.565+0000] {taskinstance.py:441} INFO - ::group::Post task execution logs
[2024-07-09T20:25:34.698+0000] {taskinstance.py:2905} ERROR - Task failed with exception
Traceback (most recent call last):
  File "/home/airflow/.local/lib/python3.12/site-packages/airflow/models/taskinstance.py", line 465, in _execute_task
    result = _execute_callable(context=context, **execute_callable_kwargs)
             ^^^^^^^^^^^^^^^^^^^^^^^^^^^^^^^^^^^^^^^^^^^^^^^^^^^^^^^^^^^^^
  File "/home/airflow/.local/lib/python3.12/site-packages/airflow/models/taskinstance.py", line 432, in _execute_callable
    return execute_callable(context=context, **execute_callable_kwargs)
           ^^^^^^^^^^^^^^^^^^^^^^^^^^^^^^^^^^^^^^^^^^^^^^^^^^^^^^^^^^^^
  File "/home/airflow/.local/lib/python3.12/site-packages/airflow/models/baseoperator.py", line 401, in wrapper
    return func(self, *args, **kwargs)
           ^^^^^^^^^^^^^^^^^^^^^^^^^^^
  File "/home/airflow/.local/lib/python3.12/site-packages/cosmos/operators/base.py", line 270, in execute
    self.build_and_run_cmd(context=context, cmd_flags=self.add_cmd_flags())
  File "/home/airflow/.local/lib/python3.12/site-packages/cosmos/operators/local.py", line 489, in build_and_run_cmd
    result = self.run_command(cmd=dbt_cmd, env=env, context=context)
             ^^^^^^^^^^^^^^^^^^^^^^^^^^^^^^^^^^^^^^^^^^^^^^^^^^^^^^^
  File "/home/airflow/.local/lib/python3.12/site-packages/cosmos/operators/local.py", line 307, in run_command
    with self.profile_config.ensure_profile() as profile_values:
  File "/usr/local/lib/python3.12/contextlib.py", line 137, in __enter__
    return next(self.gen)
           ^^^^^^^^^^^^^^
  File "/home/airflow/.local/lib/python3.12/site-packages/cosmos/config.py", line 295, in ensure_profile
    env_vars = self.profile_mapping.env_vars
               ^^^^^^^^^^^^^^^^^^^^^^^^^^^^^
  File "/home/airflow/.local/lib/python3.12/site-packages/cosmos/profiles/base.py", line 224, in env_vars
    value = self.get_dbt_value(field)
            ^^^^^^^^^^^^^^^^^^^^^^^^^
  File "/home/airflow/.local/lib/python3.12/site-packages/cosmos/profiles/base.py", line 295, in get_dbt_value
    value = self._get_airflow_conn_field(airflow_field)
            ^^^^^^^^^^^^^^^^^^^^^^^^^^^^^^^^^^^^^^^^^^^
  File "/home/airflow/.local/lib/python3.12/site-packages/cosmos/profiles/base.py", line 272, in _get_airflow_conn_field
    value = getattr(self.conn, airflow_field, None)
                    ^^^^^^^^^
  File "/home/airflow/.local/lib/python3.12/site-packages/cosmos/profiles/snowflake/user_pass.py", line 65, in conn
    conn = super().conn
           ^^^^^^^^^^^^
  File "/home/airflow/.local/lib/python3.12/site-packages/cosmos/profiles/base.py", line 146, in conn
    conn = BaseHook.get_connection(self.conn_id)
           ^^^^^^^^^^^^^^^^^^^^^^^^^^^^^^^^^^^^^
  File "/home/airflow/.local/lib/python3.12/site-packages/airflow/hooks/base.py", line 83, in get_connection
    conn = Connection.get_connection_from_secrets(conn_id)
           ^^^^^^^^^^^^^^^^^^^^^^^^^^^^^^^^^^^^^^^^^^^^^^^
  File "/home/airflow/.local/lib/python3.12/site-packages/airflow/models/connection.py", line 519, in get_connection_from_secrets
    raise AirflowNotFoundException(f"The conn_id `{conn_id}` isn't defined")
airflow.exceptions.AirflowNotFoundException: The conn_id `snow_conn` isn't defined
[2024-07-09T20:25:34.756+0000] {taskinstance.py:1206} INFO - Marking task as UP_FOR_RETRY. dag_id=ELT-PROJECT, task_id=transform.raw_employees.run, run_id=manual__2024-07-09T20:25:25.664667+00:00, execution_date=20240709T202525, start_date=20240709T202532, end_date=20240709T202534
[2024-07-09T20:25:34.841+0000] {standard_task_runner.py:110} ERROR - Failed to execute job 83 for task transform.raw_employees.run (The conn_id `snow_conn` isn't defined; 8047)
[2024-07-09T20:25:34.908+0000] {local_task_job_runner.py:240} INFO - Task exited with return code 1
[2024-07-09T20:25:35.046+0000] {local_task_job_runner.py:222} INFO - ::endgroup::
