[2024-07-13T14:33:20.867+0000] {local_task_job_runner.py:120} INFO - ::group::Pre task execution logs
[2024-07-13T14:33:20.944+0000] {taskinstance.py:2076} INFO - Dependencies all met for dep_context=non-requeueable deps ti=<TaskInstance: ELT-PROJECT.extract.extract_customers manual__2024-07-13T14:33:15.830785+00:00 [queued]>
[2024-07-13T14:33:20.986+0000] {taskinstance.py:2076} INFO - Dependencies all met for dep_context=requeueable deps ti=<TaskInstance: ELT-PROJECT.extract.extract_customers manual__2024-07-13T14:33:15.830785+00:00 [queued]>
[2024-07-13T14:33:20.988+0000] {taskinstance.py:2306} INFO - Starting attempt 1 of 2
[2024-07-13T14:33:21.028+0000] {taskinstance.py:2330} INFO - Executing <Task(_PythonDecoratedOperator): extract.extract_customers> on 2024-07-13 14:33:15.830785+00:00
[2024-07-13T14:33:21.050+0000] {logging_mixin.py:188} WARNING - /home/airflow/.local/lib/python3.12/site-packages/airflow/task/task_runner/standard_task_runner.py:61 DeprecationWarning: This process (pid=4659) is multi-threaded, use of fork() may lead to deadlocks in the child.
[2024-07-13T14:33:21.053+0000] {standard_task_runner.py:63} INFO - Started process 4679 to run task
[2024-07-13T14:33:21.065+0000] {standard_task_runner.py:90} INFO - Running: ['airflow', 'tasks', 'run', 'ELT-PROJECT', 'extract.extract_customers', 'manual__2024-07-13T14:33:15.830785+00:00', '--job-id', '331', '--raw', '--subdir', 'DAGS_FOLDER/elt.py', '--cfg-path', '/tmp/tmpjd881kr3']
[2024-07-13T14:33:21.080+0000] {standard_task_runner.py:91} INFO - Job 331: Subtask extract.extract_customers
[2024-07-13T14:33:21.136+0000] {logging_mixin.py:188} WARNING - /home/airflow/.local/lib/python3.12/site-packages/airflow/settings.py:195 DeprecationWarning: The sql_alchemy_conn option in [core] has been moved to the sql_alchemy_conn option in [database] - the old setting has been used, but please update your config.
[2024-07-13T14:33:21.262+0000] {task_command.py:426} INFO - Running <TaskInstance: ELT-PROJECT.extract.extract_customers manual__2024-07-13T14:33:15.830785+00:00 [running]> on host airflow-scheduler
[2024-07-13T14:33:21.706+0000] {taskinstance.py:2648} INFO - Exporting env vars: AIRFLOW_CTX_DAG_OWNER='Data-Ninja' AIRFLOW_CTX_DAG_ID='ELT-PROJECT' AIRFLOW_CTX_TASK_ID='extract.extract_customers' AIRFLOW_CTX_EXECUTION_DATE='2024-07-13T14:33:15.830785+00:00' AIRFLOW_CTX_TRY_NUMBER='1' AIRFLOW_CTX_DAG_RUN_ID='manual__2024-07-13T14:33:15.830785+00:00'
[2024-07-13T14:33:21.714+0000] {taskinstance.py:430} INFO - ::endgroup::
[2024-07-13T14:33:21.783+0000] {base.py:84} INFO - Using connection ID 'post_conn' for task execution.
[2024-07-13T14:33:22.068+0000] {python.py:237} INFO - Done. Returned value was:    customerID                    companyName  ...           phone             fax
0       LILAS              LILA-Supermercado  ...    (9) 331-6954    (9) 331-7256
1       LINOD               LINO-Delicateses  ...    (8) 34-56-12    (8) 34-93-93
2       LONEP       Lonesome Pine Restaurant  ...  (503) 555-9573  (503) 555-9646
3       MAGAA   Magazzini Alimentari Riuniti  ...      035-640230      035-640231
4       MAISD                   Maison Dewey  ...  (02) 201 24 67  (02) 201 24 68
..        ...                            ...  ...             ...             ...
86      LAMAI               La maison d'Asie  ...     61.77.61.10     61.77.61.11
87      LAUGB  Laughing Bacchus Wine Cellars  ...  (604) 555-3392  (604) 555-7293
88      LAZYK           Lazy K Kountry Store  ...  (509) 555-7969  (509) 555-6221
89      LEHMS            Lehmanns Marktstand  ...     069-0245984     069-0245874
90      LETSS              Let's Stop N Shop  ...  (415) 555-5938             NaN

[91 rows x 11 columns]
[2024-07-13T14:33:22.152+0000] {taskinstance.py:441} INFO - ::group::Post task execution logs
[2024-07-13T14:33:25.659+0000] {taskinstance.py:1206} INFO - Marking task as SUCCESS. dag_id=ELT-PROJECT, task_id=extract.extract_customers, run_id=manual__2024-07-13T14:33:15.830785+00:00, execution_date=20240713T143315, start_date=20240713T143320, end_date=20240713T143325
[2024-07-13T14:33:26.074+0000] {local_task_job_runner.py:240} INFO - Task exited with return code 0
[2024-07-13T14:33:26.283+0000] {taskinstance.py:3503} INFO - 1 downstream tasks scheduled from follow-on schedule check
[2024-07-13T14:33:26.287+0000] {local_task_job_runner.py:222} INFO - ::endgroup::
