[2024-07-14T04:38:35.017+0000] {local_task_job_runner.py:120} INFO - ::group::Pre task execution logs
[2024-07-14T04:38:35.140+0000] {taskinstance.py:2076} INFO - Dependencies all met for dep_context=non-requeueable deps ti=<TaskInstance: ELT-PROJECT.transform.best_employee_run scheduled__2024-06-27T00:00:00+00:00 [queued]>
[2024-07-14T04:38:35.178+0000] {taskinstance.py:2076} INFO - Dependencies all met for dep_context=requeueable deps ti=<TaskInstance: ELT-PROJECT.transform.best_employee_run scheduled__2024-06-27T00:00:00+00:00 [queued]>
[2024-07-14T04:38:35.195+0000] {taskinstance.py:2306} INFO - Starting attempt 1 of 2
[2024-07-14T04:38:35.299+0000] {taskinstance.py:2330} INFO - Executing <Task(DbtRunLocalOperator): transform.best_employee_run> on 2024-06-27 00:00:00+00:00
[2024-07-14T04:38:35.341+0000] {logging_mixin.py:188} WARNING - /home/airflow/.local/lib/python3.12/site-packages/airflow/task/task_runner/standard_task_runner.py:61 DeprecationWarning: This process (pid=19806) is multi-threaded, use of fork() may lead to deadlocks in the child.
[2024-07-14T04:38:35.366+0000] {standard_task_runner.py:63} INFO - Started process 19837 to run task
[2024-07-14T04:38:35.357+0000] {standard_task_runner.py:90} INFO - Running: ['airflow', 'tasks', 'run', 'ELT-PROJECT', 'transform.best_employee_run', 'scheduled__2024-06-27T00:00:00+00:00', '--job-id', '1495', '--raw', '--subdir', 'DAGS_FOLDER/elt.py', '--cfg-path', '/tmp/tmplmftuxx2']
[2024-07-14T04:38:35.382+0000] {standard_task_runner.py:91} INFO - Job 1495: Subtask transform.best_employee_run
[2024-07-14T04:38:35.460+0000] {logging_mixin.py:188} WARNING - /home/airflow/.local/lib/python3.12/site-packages/airflow/settings.py:195 DeprecationWarning: The sql_alchemy_conn option in [core] has been moved to the sql_alchemy_conn option in [database] - the old setting has been used, but please update your config.
[2024-07-14T04:38:35.717+0000] {task_command.py:426} INFO - Running <TaskInstance: ELT-PROJECT.transform.best_employee_run scheduled__2024-06-27T00:00:00+00:00 [running]> on host airflow-scheduler
[2024-07-14T04:38:36.245+0000] {taskinstance.py:2648} INFO - Exporting env vars: AIRFLOW_CTX_DAG_OWNER='Data-Ninja' AIRFLOW_CTX_DAG_ID='ELT-PROJECT' AIRFLOW_CTX_TASK_ID='transform.best_employee_run' AIRFLOW_CTX_EXECUTION_DATE='2024-06-27T00:00:00+00:00' AIRFLOW_CTX_TRY_NUMBER='1' AIRFLOW_CTX_DAG_RUN_ID='scheduled__2024-06-27T00:00:00+00:00'
[2024-07-14T04:38:36.251+0000] {taskinstance.py:430} INFO - ::endgroup::
[2024-07-14T04:38:36.260+0000] {local.py:174} INFO - Could not import dbtRunner. Falling back to subprocess for invoking dbt.
[2024-07-14T04:38:36.268+0000] {local.py:292} INFO - Cloning project to writable temp directory /tmp/tmpjgx6v722 from /opt/airflow/dags/dbt/dbt_project
[2024-07-14T04:38:36.295+0000] {local.py:303} INFO - Partial parse is enabled and the latest partial parse file is /tmp/cosmos/ELT-PROJECT__transform/target/partial_parse.msgpack
[2024-07-14T04:38:36.468+0000] {base.py:84} INFO - Using connection ID 'snow_conn' for task execution.
[2024-07-14T04:38:36.472+0000] {crypto.py:82} WARNING - empty cryptography key - values will not be stored encrypted.
[2024-07-14T04:38:36.474+0000] {config.py:298} INFO - Profile caching is enable.
[2024-07-14T04:38:36.489+0000] {config.py:272} INFO - Profile found in cache using profile: /tmp/cosmos/profile/a0017dab0633177292578162811b91dcb9c56d6e54017e9660056cc364a762ad/profiles.yml.
[2024-07-14T04:38:36.497+0000] {local.py:247} INFO - Trying to run the command:
 ['/opt/airflow/dbt_venv/bin/dbt', 'deps', '--project-dir', '/tmp/tmpjgx6v722', '--profiles-dir', '/tmp/cosmos/profile/a0017dab0633177292578162811b91dcb9c56d6e54017e9660056cc364a762ad', '--profile', 'dbt_project', '--target', 'dev']
From /tmp/tmpjgx6v722
[2024-07-14T04:38:36.500+0000] {subprocess.py:60} INFO - Tmp dir root location: 
 /tmp
[2024-07-14T04:38:36.506+0000] {subprocess.py:73} INFO - Running command: ['/opt/airflow/dbt_venv/bin/dbt', 'deps', '--project-dir', '/tmp/tmpjgx6v722', '--profiles-dir', '/tmp/cosmos/profile/a0017dab0633177292578162811b91dcb9c56d6e54017e9660056cc364a762ad', '--profile', 'dbt_project', '--target', 'dev']
[2024-07-14T04:38:36.575+0000] {subprocess.py:84} INFO - Command output:
[2024-07-14T04:38:52.577+0000] {subprocess.py:94} INFO - [0m04:38:52  Running with dbt=1.8.3
[2024-07-14T04:38:53.827+0000] {subprocess.py:94} INFO - [0m04:38:53  Updating lock file in file path: /tmp/tmpjgx6v722/package-lock.yml
[2024-07-14T04:38:53.862+0000] {subprocess.py:94} INFO - [0m04:38:53  Installing dbt-labs/dbt_utils
[2024-07-14T04:38:54.521+0000] {subprocess.py:94} INFO - [0m04:38:54  Installed from version 0.8.6
[2024-07-14T04:38:54.525+0000] {subprocess.py:94} INFO - [0m04:38:54  Updated version available: 1.2.0
[2024-07-14T04:38:54.531+0000] {subprocess.py:94} INFO - [0m04:38:54
[2024-07-14T04:38:54.535+0000] {subprocess.py:94} INFO - [0m04:38:54  Updates available for packages: ['dbt-labs/dbt_utils']
[2024-07-14T04:38:54.540+0000] {subprocess.py:94} INFO - Update your versions in packages.yml, then run dbt deps
[2024-07-14T04:38:56.649+0000] {subprocess.py:98} INFO - Command exited with return code 0
[2024-07-14T04:38:56.652+0000] {local.py:254} INFO - Update your versions in packages.yml, then run dbt deps
[2024-07-14T04:38:56.656+0000] {local.py:247} INFO - Trying to run the command:
 ['/opt/airflow/dbt_venv/bin/dbt', 'run', '--models', 'best_employee', '--project-dir', '/tmp/tmpjgx6v722', '--profiles-dir', '/tmp/cosmos/profile/a0017dab0633177292578162811b91dcb9c56d6e54017e9660056cc364a762ad', '--profile', 'dbt_project', '--target', 'dev']
From /tmp/tmpjgx6v722
[2024-07-14T04:38:56.658+0000] {subprocess.py:60} INFO - Tmp dir root location: 
 /tmp
[2024-07-14T04:38:56.660+0000] {subprocess.py:73} INFO - Running command: ['/opt/airflow/dbt_venv/bin/dbt', 'run', '--models', 'best_employee', '--project-dir', '/tmp/tmpjgx6v722', '--profiles-dir', '/tmp/cosmos/profile/a0017dab0633177292578162811b91dcb9c56d6e54017e9660056cc364a762ad', '--profile', 'dbt_project', '--target', 'dev']
[2024-07-14T04:38:56.764+0000] {subprocess.py:84} INFO - Command output:
[2024-07-14T04:39:13.501+0000] {subprocess.py:94} INFO - [0m04:39:13  Running with dbt=1.8.3
[2024-07-14T04:39:16.600+0000] {subprocess.py:94} INFO - [0m04:39:16  Registered adapter: snowflake=1.8.3
[2024-07-14T04:39:21.584+0000] {subprocess.py:94} INFO - [0m04:39:21  Found 20 models, 27 data tests, 11 sources, 684 macros
[2024-07-14T04:39:21.595+0000] {subprocess.py:94} INFO - [0m04:39:21
[2024-07-14T04:39:30.616+0000] {subprocess.py:94} INFO - [0m04:39:30  Concurrency: 1 threads (target='dev')
[2024-07-14T04:39:30.632+0000] {subprocess.py:94} INFO - [0m04:39:30
[2024-07-14T04:39:30.755+0000] {subprocess.py:94} INFO - [0m04:39:30  1 of 1 START sql table model dm.best_employee .................................. [RUN]
[2024-07-14T04:39:33.836+0000] {subprocess.py:94} INFO - [0m04:39:33  1 of 1 OK created sql table model dm.best_employee ............................. [[32mSUCCESS 1[0m in 3.08s]
[2024-07-14T04:39:33.860+0000] {subprocess.py:94} INFO - [0m04:39:33
[2024-07-14T04:39:33.864+0000] {subprocess.py:94} INFO - [0m04:39:33  Finished running 1 table model in 0 hours 0 minutes and 12.26 seconds (12.26s).
[2024-07-14T04:39:34.832+0000] {subprocess.py:94} INFO - [0m04:39:34
[2024-07-14T04:39:34.835+0000] {subprocess.py:94} INFO - [0m04:39:34  [32mCompleted successfully[0m
[2024-07-14T04:39:34.838+0000] {subprocess.py:94} INFO - [0m04:39:34
[2024-07-14T04:39:34.842+0000] {subprocess.py:94} INFO - [0m04:39:34  Done. PASS=1 WARN=0 ERROR=0 SKIP=0 TOTAL=1
[2024-07-14T04:39:38.081+0000] {subprocess.py:98} INFO - Command exited with return code 0
[2024-07-14T04:39:38.084+0000] {local.py:254} INFO - [0m04:39:34  Done. PASS=1 WARN=0 ERROR=0 SKIP=0 TOTAL=1
[2024-07-14T04:39:40.049+0000] {local.py:196} WARNING - Artifact schema version: https://schemas.getdbt.com/dbt/manifest/v12.json is above dbt-ol supported version 7. This might cause errors.
[2024-07-14T04:39:40.064+0000] {local.py:196} WARNING - Artifact schema version: https://schemas.getdbt.com/dbt/run-results/v6.json is above dbt-ol supported version 5. This might cause errors.
[2024-07-14T04:39:40.123+0000] {local.py:349} INFO - Inlets: [Dataset(uri='snowflake://OU00370.europe-west2.gcp/ELT_BATCH.dwh.dim_employees', extra=None), Dataset(uri='snowflake://OU00370.europe-west2.gcp/ELT_BATCH.dwh.fact_order_details', extra=None), Dataset(uri='snowflake://OU00370.europe-west2.gcp/ELT_BATCH.dwh.fact_orders', extra=None)]
[2024-07-14T04:39:40.125+0000] {local.py:350} INFO - Outlets: [Dataset(uri='snowflake://OU00370.europe-west2.gcp/ELT_BATCH.dm.best_employee', extra=None)]
[2024-07-14T04:39:40.127+0000] {dag.py:3096} INFO - Sync 1 DAGs
[2024-07-14T04:39:40.528+0000] {taskinstance.py:441} INFO - ::group::Post task execution logs
[2024-07-14T04:39:40.793+0000] {taskinstance.py:1206} INFO - Marking task as SUCCESS. dag_id=ELT-PROJECT, task_id=transform.best_employee_run, run_id=scheduled__2024-06-27T00:00:00+00:00, execution_date=20240627T000000, start_date=20240714T043835, end_date=20240714T043940
[2024-07-14T04:39:41.264+0000] {local_task_job_runner.py:240} INFO - Task exited with return code 0
[2024-07-14T04:39:41.437+0000] {taskinstance.py:3503} INFO - 0 downstream tasks scheduled from follow-on schedule check
[2024-07-14T04:39:41.451+0000] {local_task_job_runner.py:222} INFO - ::endgroup::
