[2024-07-14T04:04:43.383+0000] {local_task_job_runner.py:120} INFO - ::group::Pre task execution logs
[2024-07-14T04:04:43.475+0000] {taskinstance.py:2076} INFO - Dependencies all met for dep_context=non-requeueable deps ti=<TaskInstance: ELT-PROJECT.transform.raw_suppliers.run scheduled__2024-07-07T00:00:00+00:00 [queued]>
[2024-07-14T04:04:43.545+0000] {taskinstance.py:2076} INFO - Dependencies all met for dep_context=requeueable deps ti=<TaskInstance: ELT-PROJECT.transform.raw_suppliers.run scheduled__2024-07-07T00:00:00+00:00 [queued]>
[2024-07-14T04:04:43.546+0000] {taskinstance.py:2306} INFO - Starting attempt 1 of 2
[2024-07-14T04:04:43.607+0000] {taskinstance.py:2330} INFO - Executing <Task(DbtRunLocalOperator): transform.raw_suppliers.run> on 2024-07-07 00:00:00+00:00
[2024-07-14T04:04:43.628+0000] {logging_mixin.py:188} WARNING - /home/airflow/.local/lib/python3.12/site-packages/airflow/task/task_runner/standard_task_runner.py:61 DeprecationWarning: This process (pid=12725) is multi-threaded, use of fork() may lead to deadlocks in the child.
[2024-07-14T04:04:43.635+0000] {standard_task_runner.py:63} INFO - Started process 12747 to run task
[2024-07-14T04:04:43.641+0000] {standard_task_runner.py:90} INFO - Running: ['airflow', 'tasks', 'run', 'ELT-PROJECT', 'transform.raw_suppliers.run', 'scheduled__2024-07-07T00:00:00+00:00', '--job-id', '1070', '--raw', '--subdir', 'DAGS_FOLDER/elt.py', '--cfg-path', '/tmp/tmpdbapki_d']
[2024-07-14T04:04:43.649+0000] {standard_task_runner.py:91} INFO - Job 1070: Subtask transform.raw_suppliers.run
[2024-07-14T04:04:43.729+0000] {logging_mixin.py:188} WARNING - /home/airflow/.local/lib/python3.12/site-packages/airflow/settings.py:195 DeprecationWarning: The sql_alchemy_conn option in [core] has been moved to the sql_alchemy_conn option in [database] - the old setting has been used, but please update your config.
[2024-07-14T04:04:43.954+0000] {task_command.py:426} INFO - Running <TaskInstance: ELT-PROJECT.transform.raw_suppliers.run scheduled__2024-07-07T00:00:00+00:00 [running]> on host airflow-scheduler
[2024-07-14T04:04:44.579+0000] {taskinstance.py:2648} INFO - Exporting env vars: AIRFLOW_CTX_DAG_OWNER='Data-Ninja' AIRFLOW_CTX_DAG_ID='ELT-PROJECT' AIRFLOW_CTX_TASK_ID='transform.raw_suppliers.run' AIRFLOW_CTX_EXECUTION_DATE='2024-07-07T00:00:00+00:00' AIRFLOW_CTX_TRY_NUMBER='1' AIRFLOW_CTX_DAG_RUN_ID='scheduled__2024-07-07T00:00:00+00:00'
[2024-07-14T04:04:44.583+0000] {taskinstance.py:430} INFO - ::endgroup::
[2024-07-14T04:04:44.604+0000] {local.py:174} INFO - Could not import dbtRunner. Falling back to subprocess for invoking dbt.
[2024-07-14T04:04:44.634+0000] {local.py:292} INFO - Cloning project to writable temp directory /tmp/tmpw75pembz from /opt/airflow/dags/dbt/dbt_project
[2024-07-14T04:04:44.652+0000] {local.py:303} INFO - Partial parse is enabled and the latest partial parse file is /tmp/cosmos/ELT-PROJECT__transform/target/partial_parse.msgpack
[2024-07-14T04:04:44.792+0000] {base.py:84} INFO - Using connection ID 'snow_conn' for task execution.
[2024-07-14T04:04:44.802+0000] {crypto.py:82} WARNING - empty cryptography key - values will not be stored encrypted.
[2024-07-14T04:04:44.809+0000] {config.py:298} INFO - Profile caching is enable.
[2024-07-14T04:04:44.814+0000] {config.py:272} INFO - Profile found in cache using profile: /tmp/cosmos/profile/a0017dab0633177292578162811b91dcb9c56d6e54017e9660056cc364a762ad/profiles.yml.
[2024-07-14T04:04:44.821+0000] {local.py:247} INFO - Trying to run the command:
 ['/opt/airflow/dbt_venv/bin/dbt', 'deps', '--project-dir', '/tmp/tmpw75pembz', '--profiles-dir', '/tmp/cosmos/profile/a0017dab0633177292578162811b91dcb9c56d6e54017e9660056cc364a762ad', '--profile', 'dbt_project', '--target', 'dev']
From /tmp/tmpw75pembz
[2024-07-14T04:04:44.823+0000] {subprocess.py:60} INFO - Tmp dir root location: 
 /tmp
[2024-07-14T04:04:44.826+0000] {subprocess.py:73} INFO - Running command: ['/opt/airflow/dbt_venv/bin/dbt', 'deps', '--project-dir', '/tmp/tmpw75pembz', '--profiles-dir', '/tmp/cosmos/profile/a0017dab0633177292578162811b91dcb9c56d6e54017e9660056cc364a762ad', '--profile', 'dbt_project', '--target', 'dev']
[2024-07-14T04:04:44.912+0000] {subprocess.py:84} INFO - Command output:
[2024-07-14T04:04:59.804+0000] {subprocess.py:94} INFO - [0m04:04:59  Running with dbt=1.8.3
[2024-07-14T04:05:01.350+0000] {subprocess.py:94} INFO - [0m04:05:01  Updating lock file in file path: /tmp/tmpw75pembz/package-lock.yml
[2024-07-14T04:05:01.401+0000] {subprocess.py:94} INFO - [0m04:05:01  Installing dbt-labs/dbt_utils
[2024-07-14T04:05:02.201+0000] {subprocess.py:94} INFO - [0m04:05:02  Installed from version 0.8.6
[2024-07-14T04:05:02.224+0000] {subprocess.py:94} INFO - [0m04:05:02  Updated version available: 1.2.0
[2024-07-14T04:05:02.229+0000] {subprocess.py:94} INFO - [0m04:05:02
[2024-07-14T04:05:02.232+0000] {subprocess.py:94} INFO - [0m04:05:02  Updates available for packages: ['dbt-labs/dbt_utils']
[2024-07-14T04:05:02.235+0000] {subprocess.py:94} INFO - Update your versions in packages.yml, then run dbt deps
[2024-07-14T04:05:04.844+0000] {subprocess.py:98} INFO - Command exited with return code 0
[2024-07-14T04:05:04.846+0000] {local.py:254} INFO - Update your versions in packages.yml, then run dbt deps
[2024-07-14T04:05:04.849+0000] {local.py:247} INFO - Trying to run the command:
 ['/opt/airflow/dbt_venv/bin/dbt', 'run', '--models', 'raw_suppliers', '--project-dir', '/tmp/tmpw75pembz', '--profiles-dir', '/tmp/cosmos/profile/a0017dab0633177292578162811b91dcb9c56d6e54017e9660056cc364a762ad', '--profile', 'dbt_project', '--target', 'dev']
From /tmp/tmpw75pembz
[2024-07-14T04:05:04.852+0000] {subprocess.py:60} INFO - Tmp dir root location: 
 /tmp
[2024-07-14T04:05:04.857+0000] {subprocess.py:73} INFO - Running command: ['/opt/airflow/dbt_venv/bin/dbt', 'run', '--models', 'raw_suppliers', '--project-dir', '/tmp/tmpw75pembz', '--profiles-dir', '/tmp/cosmos/profile/a0017dab0633177292578162811b91dcb9c56d6e54017e9660056cc364a762ad', '--profile', 'dbt_project', '--target', 'dev']
[2024-07-14T04:05:04.924+0000] {subprocess.py:84} INFO - Command output:
[2024-07-14T04:05:18.892+0000] {subprocess.py:94} INFO - [0m04:05:18  Running with dbt=1.8.3
[2024-07-14T04:05:22.609+0000] {subprocess.py:94} INFO - [0m04:05:22  Registered adapter: snowflake=1.8.3
[2024-07-14T04:05:26.302+0000] {subprocess.py:94} INFO - [0m04:05:26  Found 20 models, 27 data tests, 11 sources, 684 macros
[2024-07-14T04:05:26.312+0000] {subprocess.py:94} INFO - [0m04:05:26
[2024-07-14T04:05:34.673+0000] {subprocess.py:94} INFO - [0m04:05:34  Concurrency: 1 threads (target='dev')
[2024-07-14T04:05:34.678+0000] {subprocess.py:94} INFO - [0m04:05:34
[2024-07-14T04:05:34.751+0000] {subprocess.py:94} INFO - [0m04:05:34  1 of 1 START sql table model raw.raw_suppliers ................................. [RUN]
[2024-07-14T04:05:38.044+0000] {subprocess.py:94} INFO - [0m04:05:38  1 of 1 OK created sql table model raw.raw_suppliers ............................ [[32mSUCCESS 1[0m in 3.27s]
[2024-07-14T04:05:38.060+0000] {subprocess.py:94} INFO - [0m04:05:38
[2024-07-14T04:05:38.063+0000] {subprocess.py:94} INFO - [0m04:05:38  Finished running 1 table model in 0 hours 0 minutes and 11.75 seconds (11.75s).
[2024-07-14T04:05:38.654+0000] {subprocess.py:94} INFO - [0m04:05:38
[2024-07-14T04:05:38.658+0000] {subprocess.py:94} INFO - [0m04:05:38  [32mCompleted successfully[0m
[2024-07-14T04:05:38.661+0000] {subprocess.py:94} INFO - [0m04:05:38
[2024-07-14T04:05:38.665+0000] {subprocess.py:94} INFO - [0m04:05:38  Done. PASS=1 WARN=0 ERROR=0 SKIP=0 TOTAL=1
[2024-07-14T04:05:41.255+0000] {subprocess.py:98} INFO - Command exited with return code 0
[2024-07-14T04:05:41.259+0000] {local.py:254} INFO - [0m04:05:38  Done. PASS=1 WARN=0 ERROR=0 SKIP=0 TOTAL=1
[2024-07-14T04:05:42.390+0000] {local.py:196} WARNING - Artifact schema version: https://schemas.getdbt.com/dbt/manifest/v12.json is above dbt-ol supported version 7. This might cause errors.
[2024-07-14T04:05:42.398+0000] {local.py:196} WARNING - Artifact schema version: https://schemas.getdbt.com/dbt/run-results/v6.json is above dbt-ol supported version 5. This might cause errors.
[2024-07-14T04:05:42.426+0000] {local.py:349} INFO - Inlets: [Dataset(uri='snowflake://OU00370.europe-west2.gcp/ELT_BATCH.PUBLIC.suppliers', extra=None)]
[2024-07-14T04:05:42.453+0000] {local.py:350} INFO - Outlets: [Dataset(uri='snowflake://OU00370.europe-west2.gcp/ELT_BATCH.raw.raw_suppliers', extra=None)]
[2024-07-14T04:05:42.456+0000] {dag.py:3096} INFO - Sync 1 DAGs
[2024-07-14T04:05:42.882+0000] {taskinstance.py:441} INFO - ::group::Post task execution logs
[2024-07-14T04:05:43.133+0000] {taskinstance.py:1206} INFO - Marking task as SUCCESS. dag_id=ELT-PROJECT, task_id=transform.raw_suppliers.run, run_id=scheduled__2024-07-07T00:00:00+00:00, execution_date=20240707T000000, start_date=20240714T040443, end_date=20240714T040543
[2024-07-14T04:05:43.721+0000] {local_task_job_runner.py:240} INFO - Task exited with return code 0
[2024-07-14T04:05:43.826+0000] {local_task_job_runner.py:222} INFO - ::endgroup::
