[2024-07-14T04:15:05.328+0000] {local_task_job_runner.py:120} INFO - ::group::Pre task execution logs
[2024-07-14T04:15:05.615+0000] {taskinstance.py:2076} INFO - Dependencies all met for dep_context=non-requeueable deps ti=<TaskInstance: ELT-PROJECT.transform.raw_products.run scheduled__2024-07-10T00:00:00+00:00 [queued]>
[2024-07-14T04:15:05.720+0000] {taskinstance.py:2076} INFO - Dependencies all met for dep_context=requeueable deps ti=<TaskInstance: ELT-PROJECT.transform.raw_products.run scheduled__2024-07-10T00:00:00+00:00 [queued]>
[2024-07-14T04:15:05.733+0000] {taskinstance.py:2306} INFO - Starting attempt 1 of 2
[2024-07-14T04:15:05.837+0000] {taskinstance.py:2330} INFO - Executing <Task(DbtRunLocalOperator): transform.raw_products.run> on 2024-07-10 00:00:00+00:00
[2024-07-14T04:15:05.880+0000] {logging_mixin.py:188} WARNING - /home/airflow/.local/lib/python3.12/site-packages/airflow/task/task_runner/standard_task_runner.py:61 DeprecationWarning: This process (pid=14987) is multi-threaded, use of fork() may lead to deadlocks in the child.
[2024-07-14T04:15:05.908+0000] {standard_task_runner.py:63} INFO - Started process 15015 to run task
[2024-07-14T04:15:05.887+0000] {standard_task_runner.py:90} INFO - Running: ['airflow', 'tasks', 'run', 'ELT-PROJECT', 'transform.raw_products.run', 'scheduled__2024-07-10T00:00:00+00:00', '--job-id', '1202', '--raw', '--subdir', 'DAGS_FOLDER/elt.py', '--cfg-path', '/tmp/tmp0m4vc2r4']
[2024-07-14T04:15:05.914+0000] {standard_task_runner.py:91} INFO - Job 1202: Subtask transform.raw_products.run
[2024-07-14T04:15:06.044+0000] {logging_mixin.py:188} WARNING - /home/airflow/.local/lib/python3.12/site-packages/airflow/settings.py:195 DeprecationWarning: The sql_alchemy_conn option in [core] has been moved to the sql_alchemy_conn option in [database] - the old setting has been used, but please update your config.
[2024-07-14T04:15:06.372+0000] {task_command.py:426} INFO - Running <TaskInstance: ELT-PROJECT.transform.raw_products.run scheduled__2024-07-10T00:00:00+00:00 [running]> on host airflow-scheduler
[2024-07-14T04:15:06.980+0000] {taskinstance.py:2648} INFO - Exporting env vars: AIRFLOW_CTX_DAG_OWNER='Data-Ninja' AIRFLOW_CTX_DAG_ID='ELT-PROJECT' AIRFLOW_CTX_TASK_ID='transform.raw_products.run' AIRFLOW_CTX_EXECUTION_DATE='2024-07-10T00:00:00+00:00' AIRFLOW_CTX_TRY_NUMBER='1' AIRFLOW_CTX_DAG_RUN_ID='scheduled__2024-07-10T00:00:00+00:00'
[2024-07-14T04:15:06.984+0000] {taskinstance.py:430} INFO - ::endgroup::
[2024-07-14T04:15:06.987+0000] {local.py:174} INFO - Could not import dbtRunner. Falling back to subprocess for invoking dbt.
[2024-07-14T04:15:07.004+0000] {local.py:292} INFO - Cloning project to writable temp directory /tmp/tmpwcswugpy from /opt/airflow/dags/dbt/dbt_project
[2024-07-14T04:15:07.030+0000] {local.py:303} INFO - Partial parse is enabled and the latest partial parse file is /tmp/cosmos/ELT-PROJECT__transform/target/partial_parse.msgpack
[2024-07-14T04:15:07.198+0000] {base.py:84} INFO - Using connection ID 'snow_conn' for task execution.
[2024-07-14T04:15:07.200+0000] {crypto.py:82} WARNING - empty cryptography key - values will not be stored encrypted.
[2024-07-14T04:15:07.201+0000] {config.py:298} INFO - Profile caching is enable.
[2024-07-14T04:15:07.206+0000] {config.py:272} INFO - Profile found in cache using profile: /tmp/cosmos/profile/a0017dab0633177292578162811b91dcb9c56d6e54017e9660056cc364a762ad/profiles.yml.
[2024-07-14T04:15:07.209+0000] {local.py:247} INFO - Trying to run the command:
 ['/opt/airflow/dbt_venv/bin/dbt', 'deps', '--project-dir', '/tmp/tmpwcswugpy', '--profiles-dir', '/tmp/cosmos/profile/a0017dab0633177292578162811b91dcb9c56d6e54017e9660056cc364a762ad', '--profile', 'dbt_project', '--target', 'dev']
From /tmp/tmpwcswugpy
[2024-07-14T04:15:07.218+0000] {subprocess.py:60} INFO - Tmp dir root location: 
 /tmp
[2024-07-14T04:15:07.222+0000] {subprocess.py:73} INFO - Running command: ['/opt/airflow/dbt_venv/bin/dbt', 'deps', '--project-dir', '/tmp/tmpwcswugpy', '--profiles-dir', '/tmp/cosmos/profile/a0017dab0633177292578162811b91dcb9c56d6e54017e9660056cc364a762ad', '--profile', 'dbt_project', '--target', 'dev']
[2024-07-14T04:15:07.324+0000] {subprocess.py:84} INFO - Command output:
[2024-07-14T04:15:16.545+0000] {subprocess.py:94} INFO - [0m04:15:16  Running with dbt=1.8.3
[2024-07-14T04:15:17.326+0000] {subprocess.py:94} INFO - [0m04:15:17  Updating lock file in file path: /tmp/tmpwcswugpy/package-lock.yml
[2024-07-14T04:15:17.352+0000] {subprocess.py:94} INFO - [0m04:15:17  Installing dbt-labs/dbt_utils
[2024-07-14T04:15:18.056+0000] {subprocess.py:94} INFO - [0m04:15:18  Installed from version 0.8.6
[2024-07-14T04:15:18.059+0000] {subprocess.py:94} INFO - [0m04:15:18  Updated version available: 1.2.0
[2024-07-14T04:15:18.061+0000] {subprocess.py:94} INFO - [0m04:15:18
[2024-07-14T04:15:18.063+0000] {subprocess.py:94} INFO - [0m04:15:18  Updates available for packages: ['dbt-labs/dbt_utils']
[2024-07-14T04:15:18.068+0000] {subprocess.py:94} INFO - Update your versions in packages.yml, then run dbt deps
[2024-07-14T04:15:19.665+0000] {subprocess.py:98} INFO - Command exited with return code 0
[2024-07-14T04:15:19.668+0000] {local.py:254} INFO - Update your versions in packages.yml, then run dbt deps
[2024-07-14T04:15:19.671+0000] {local.py:247} INFO - Trying to run the command:
 ['/opt/airflow/dbt_venv/bin/dbt', 'run', '--models', 'raw_products', '--project-dir', '/tmp/tmpwcswugpy', '--profiles-dir', '/tmp/cosmos/profile/a0017dab0633177292578162811b91dcb9c56d6e54017e9660056cc364a762ad', '--profile', 'dbt_project', '--target', 'dev']
From /tmp/tmpwcswugpy
[2024-07-14T04:15:19.675+0000] {subprocess.py:60} INFO - Tmp dir root location: 
 /tmp
[2024-07-14T04:15:19.677+0000] {subprocess.py:73} INFO - Running command: ['/opt/airflow/dbt_venv/bin/dbt', 'run', '--models', 'raw_products', '--project-dir', '/tmp/tmpwcswugpy', '--profiles-dir', '/tmp/cosmos/profile/a0017dab0633177292578162811b91dcb9c56d6e54017e9660056cc364a762ad', '--profile', 'dbt_project', '--target', 'dev']
[2024-07-14T04:15:19.707+0000] {subprocess.py:84} INFO - Command output:
[2024-07-14T04:15:31.848+0000] {subprocess.py:94} INFO - [0m04:15:31  Running with dbt=1.8.3
[2024-07-14T04:15:35.490+0000] {subprocess.py:94} INFO - [0m04:15:35  Registered adapter: snowflake=1.8.3
[2024-07-14T04:15:41.999+0000] {subprocess.py:94} INFO - [0m04:15:41  Found 20 models, 27 data tests, 11 sources, 684 macros
[2024-07-14T04:15:42.031+0000] {subprocess.py:94} INFO - [0m04:15:42
[2024-07-14T04:15:51.160+0000] {subprocess.py:94} INFO - [0m04:15:51  Concurrency: 1 threads (target='dev')
[2024-07-14T04:15:51.164+0000] {subprocess.py:94} INFO - [0m04:15:51
[2024-07-14T04:15:51.317+0000] {subprocess.py:94} INFO - [0m04:15:51  1 of 1 START sql table model raw.raw_products .................................. [RUN]
[2024-07-14T04:15:54.588+0000] {subprocess.py:94} INFO - [0m04:15:54  1 of 1 OK created sql table model raw.raw_products ............................. [[32mSUCCESS 1[0m in 3.24s]
[2024-07-14T04:15:54.613+0000] {subprocess.py:94} INFO - [0m04:15:54
[2024-07-14T04:15:54.615+0000] {subprocess.py:94} INFO - [0m04:15:54  Finished running 1 table model in 0 hours 0 minutes and 12.55 seconds (12.55s).
[2024-07-14T04:15:55.396+0000] {subprocess.py:94} INFO - [0m04:15:55
[2024-07-14T04:15:55.405+0000] {subprocess.py:94} INFO - [0m04:15:55  [32mCompleted successfully[0m
[2024-07-14T04:15:55.412+0000] {subprocess.py:94} INFO - [0m04:15:55
[2024-07-14T04:15:55.414+0000] {subprocess.py:94} INFO - [0m04:15:55  Done. PASS=1 WARN=0 ERROR=0 SKIP=0 TOTAL=1
[2024-07-14T04:15:59.225+0000] {subprocess.py:98} INFO - Command exited with return code 0
[2024-07-14T04:15:59.230+0000] {local.py:254} INFO - [0m04:15:55  Done. PASS=1 WARN=0 ERROR=0 SKIP=0 TOTAL=1
[2024-07-14T04:16:01.374+0000] {local.py:196} WARNING - Artifact schema version: https://schemas.getdbt.com/dbt/manifest/v12.json is above dbt-ol supported version 7. This might cause errors.
[2024-07-14T04:16:01.401+0000] {local.py:196} WARNING - Artifact schema version: https://schemas.getdbt.com/dbt/run-results/v6.json is above dbt-ol supported version 5. This might cause errors.
[2024-07-14T04:16:01.419+0000] {local.py:349} INFO - Inlets: [Dataset(uri='snowflake://OU00370.europe-west2.gcp/ELT_BATCH.PUBLIC.products', extra=None)]
[2024-07-14T04:16:01.460+0000] {local.py:350} INFO - Outlets: [Dataset(uri='snowflake://OU00370.europe-west2.gcp/ELT_BATCH.raw.raw_products', extra=None)]
[2024-07-14T04:16:01.465+0000] {dag.py:3096} INFO - Sync 1 DAGs
[2024-07-14T04:16:01.971+0000] {taskinstance.py:441} INFO - ::group::Post task execution logs
[2024-07-14T04:16:02.334+0000] {taskinstance.py:1206} INFO - Marking task as SUCCESS. dag_id=ELT-PROJECT, task_id=transform.raw_products.run, run_id=scheduled__2024-07-10T00:00:00+00:00, execution_date=20240710T000000, start_date=20240714T041505, end_date=20240714T041602
[2024-07-14T04:16:03.709+0000] {local_task_job_runner.py:240} INFO - Task exited with return code 0
[2024-07-14T04:16:03.836+0000] {local_task_job_runner.py:222} INFO - ::endgroup::
