[2024-07-14T04:47:36.642+0000] {local_task_job_runner.py:120} INFO - ::group::Pre task execution logs
[2024-07-14T04:47:36.769+0000] {taskinstance.py:2076} INFO - Dependencies all met for dep_context=non-requeueable deps ti=<TaskInstance: ELT-PROJECT.transform.popular_product_categories_run scheduled__2024-07-08T00:00:00+00:00 [queued]>
[2024-07-14T04:47:36.868+0000] {taskinstance.py:2076} INFO - Dependencies all met for dep_context=requeueable deps ti=<TaskInstance: ELT-PROJECT.transform.popular_product_categories_run scheduled__2024-07-08T00:00:00+00:00 [queued]>
[2024-07-14T04:47:36.875+0000] {taskinstance.py:2306} INFO - Starting attempt 1 of 2
[2024-07-14T04:47:36.946+0000] {taskinstance.py:2330} INFO - Executing <Task(DbtRunLocalOperator): transform.popular_product_categories_run> on 2024-07-08 00:00:00+00:00
[2024-07-14T04:47:36.989+0000] {logging_mixin.py:188} WARNING - /home/airflow/.local/lib/python3.12/site-packages/airflow/task/task_runner/standard_task_runner.py:61 DeprecationWarning: This process (pid=21761) is multi-threaded, use of fork() may lead to deadlocks in the child.
[2024-07-14T04:47:36.993+0000] {standard_task_runner.py:90} INFO - Running: ['airflow', 'tasks', 'run', 'ELT-PROJECT', 'transform.popular_product_categories_run', 'scheduled__2024-07-08T00:00:00+00:00', '--job-id', '1623', '--raw', '--subdir', 'DAGS_FOLDER/elt.py', '--cfg-path', '/tmp/tmpcwui4zv7']
[2024-07-14T04:47:36.997+0000] {standard_task_runner.py:63} INFO - Started process 21797 to run task
[2024-07-14T04:47:37.017+0000] {standard_task_runner.py:91} INFO - Job 1623: Subtask transform.popular_product_categories_run
[2024-07-14T04:47:37.073+0000] {logging_mixin.py:188} WARNING - /home/airflow/.local/lib/python3.12/site-packages/airflow/settings.py:195 DeprecationWarning: The sql_alchemy_conn option in [core] has been moved to the sql_alchemy_conn option in [database] - the old setting has been used, but please update your config.
[2024-07-14T04:47:37.192+0000] {task_command.py:426} INFO - Running <TaskInstance: ELT-PROJECT.transform.popular_product_categories_run scheduled__2024-07-08T00:00:00+00:00 [running]> on host airflow-scheduler
[2024-07-14T04:47:37.732+0000] {taskinstance.py:2648} INFO - Exporting env vars: AIRFLOW_CTX_DAG_OWNER='Data-Ninja' AIRFLOW_CTX_DAG_ID='ELT-PROJECT' AIRFLOW_CTX_TASK_ID='transform.popular_product_categories_run' AIRFLOW_CTX_EXECUTION_DATE='2024-07-08T00:00:00+00:00' AIRFLOW_CTX_TRY_NUMBER='1' AIRFLOW_CTX_DAG_RUN_ID='scheduled__2024-07-08T00:00:00+00:00'
[2024-07-14T04:47:37.735+0000] {taskinstance.py:430} INFO - ::endgroup::
[2024-07-14T04:47:37.739+0000] {local.py:174} INFO - Could not import dbtRunner. Falling back to subprocess for invoking dbt.
[2024-07-14T04:47:37.746+0000] {local.py:292} INFO - Cloning project to writable temp directory /tmp/tmptb_tt076 from /opt/airflow/dags/dbt/dbt_project
[2024-07-14T04:47:37.776+0000] {local.py:303} INFO - Partial parse is enabled and the latest partial parse file is /tmp/cosmos/ELT-PROJECT__transform/target/partial_parse.msgpack
[2024-07-14T04:47:37.944+0000] {base.py:84} INFO - Using connection ID 'snow_conn' for task execution.
[2024-07-14T04:47:37.946+0000] {crypto.py:82} WARNING - empty cryptography key - values will not be stored encrypted.
[2024-07-14T04:47:37.947+0000] {config.py:298} INFO - Profile caching is enable.
[2024-07-14T04:47:37.952+0000] {config.py:272} INFO - Profile found in cache using profile: /tmp/cosmos/profile/a0017dab0633177292578162811b91dcb9c56d6e54017e9660056cc364a762ad/profiles.yml.
[2024-07-14T04:47:37.967+0000] {local.py:247} INFO - Trying to run the command:
 ['/opt/airflow/dbt_venv/bin/dbt', 'deps', '--project-dir', '/tmp/tmptb_tt076', '--profiles-dir', '/tmp/cosmos/profile/a0017dab0633177292578162811b91dcb9c56d6e54017e9660056cc364a762ad', '--profile', 'dbt_project', '--target', 'dev']
From /tmp/tmptb_tt076
[2024-07-14T04:47:37.970+0000] {subprocess.py:60} INFO - Tmp dir root location: 
 /tmp
[2024-07-14T04:47:37.973+0000] {subprocess.py:73} INFO - Running command: ['/opt/airflow/dbt_venv/bin/dbt', 'deps', '--project-dir', '/tmp/tmptb_tt076', '--profiles-dir', '/tmp/cosmos/profile/a0017dab0633177292578162811b91dcb9c56d6e54017e9660056cc364a762ad', '--profile', 'dbt_project', '--target', 'dev']
[2024-07-14T04:47:38.083+0000] {subprocess.py:84} INFO - Command output:
[2024-07-14T04:47:55.619+0000] {subprocess.py:94} INFO - [0m04:47:55  Running with dbt=1.8.3
[2024-07-14T04:47:57.312+0000] {subprocess.py:94} INFO - [0m04:47:57  Updating lock file in file path: /tmp/tmptb_tt076/package-lock.yml
[2024-07-14T04:47:57.392+0000] {subprocess.py:94} INFO - [0m04:47:57  Installing dbt-labs/dbt_utils
[2024-07-14T04:47:57.997+0000] {subprocess.py:94} INFO - [0m04:47:57  Installed from version 0.8.6
[2024-07-14T04:47:58.001+0000] {subprocess.py:94} INFO - [0m04:47:58  Updated version available: 1.2.0
[2024-07-14T04:47:58.010+0000] {subprocess.py:94} INFO - [0m04:47:58
[2024-07-14T04:47:58.015+0000] {subprocess.py:94} INFO - [0m04:47:58  Updates available for packages: ['dbt-labs/dbt_utils']
[2024-07-14T04:47:58.017+0000] {subprocess.py:94} INFO - Update your versions in packages.yml, then run dbt deps
[2024-07-14T04:48:01.261+0000] {subprocess.py:98} INFO - Command exited with return code 0
[2024-07-14T04:48:01.264+0000] {local.py:254} INFO - Update your versions in packages.yml, then run dbt deps
[2024-07-14T04:48:01.266+0000] {local.py:247} INFO - Trying to run the command:
 ['/opt/airflow/dbt_venv/bin/dbt', 'run', '--models', 'popular_product_categories', '--project-dir', '/tmp/tmptb_tt076', '--profiles-dir', '/tmp/cosmos/profile/a0017dab0633177292578162811b91dcb9c56d6e54017e9660056cc364a762ad', '--profile', 'dbt_project', '--target', 'dev']
From /tmp/tmptb_tt076
[2024-07-14T04:48:01.309+0000] {subprocess.py:60} INFO - Tmp dir root location: 
 /tmp
[2024-07-14T04:48:01.335+0000] {subprocess.py:73} INFO - Running command: ['/opt/airflow/dbt_venv/bin/dbt', 'run', '--models', 'popular_product_categories', '--project-dir', '/tmp/tmptb_tt076', '--profiles-dir', '/tmp/cosmos/profile/a0017dab0633177292578162811b91dcb9c56d6e54017e9660056cc364a762ad', '--profile', 'dbt_project', '--target', 'dev']
[2024-07-14T04:48:01.486+0000] {subprocess.py:84} INFO - Command output:
[2024-07-14T04:48:16.176+0000] {subprocess.py:94} INFO - [0m04:48:16  Running with dbt=1.8.3
[2024-07-14T04:48:19.432+0000] {subprocess.py:94} INFO - [0m04:48:19  Registered adapter: snowflake=1.8.3
[2024-07-14T04:48:23.779+0000] {subprocess.py:94} INFO - [0m04:48:23  Found 20 models, 27 data tests, 11 sources, 684 macros
[2024-07-14T04:48:23.816+0000] {subprocess.py:94} INFO - [0m04:48:23
[2024-07-14T04:48:32.424+0000] {subprocess.py:94} INFO - [0m04:48:32  Concurrency: 1 threads (target='dev')
[2024-07-14T04:48:32.438+0000] {subprocess.py:94} INFO - [0m04:48:32
[2024-07-14T04:48:32.530+0000] {subprocess.py:94} INFO - [0m04:48:32  1 of 1 START sql table model dm.popular_product_categories ..................... [RUN]
[2024-07-14T04:48:35.937+0000] {subprocess.py:94} INFO - [0m04:48:35  1 of 1 OK created sql table model dm.popular_product_categories ................ [[32mSUCCESS 1[0m in 3.37s]
[2024-07-14T04:48:36.000+0000] {subprocess.py:94} INFO - [0m04:48:36
[2024-07-14T04:48:36.004+0000] {subprocess.py:94} INFO - [0m04:48:36  Finished running 1 table model in 0 hours 0 minutes and 12.18 seconds (12.18s).
[2024-07-14T04:48:36.893+0000] {subprocess.py:94} INFO - [0m04:48:36
[2024-07-14T04:48:36.900+0000] {subprocess.py:94} INFO - [0m04:48:36  [32mCompleted successfully[0m
[2024-07-14T04:48:36.912+0000] {subprocess.py:94} INFO - [0m04:48:36
[2024-07-14T04:48:36.934+0000] {subprocess.py:94} INFO - [0m04:48:36  Done. PASS=1 WARN=0 ERROR=0 SKIP=0 TOTAL=1
[2024-07-14T04:48:39.387+0000] {subprocess.py:98} INFO - Command exited with return code 0
[2024-07-14T04:48:39.390+0000] {local.py:254} INFO - [0m04:48:36  Done. PASS=1 WARN=0 ERROR=0 SKIP=0 TOTAL=1
[2024-07-14T04:48:40.434+0000] {local.py:196} WARNING - Artifact schema version: https://schemas.getdbt.com/dbt/manifest/v12.json is above dbt-ol supported version 7. This might cause errors.
[2024-07-14T04:48:40.436+0000] {local.py:196} WARNING - Artifact schema version: https://schemas.getdbt.com/dbt/run-results/v6.json is above dbt-ol supported version 5. This might cause errors.
[2024-07-14T04:48:40.481+0000] {local.py:349} INFO - Inlets: [Dataset(uri='snowflake://OU00370.europe-west2.gcp/ELT_BATCH.dwh.dim_categories', extra=None), Dataset(uri='snowflake://OU00370.europe-west2.gcp/ELT_BATCH.dwh.dim_products', extra=None), Dataset(uri='snowflake://OU00370.europe-west2.gcp/ELT_BATCH.dwh.fact_order_details', extra=None), Dataset(uri='snowflake://OU00370.europe-west2.gcp/ELT_BATCH.dwh.fact_orders', extra=None)]
[2024-07-14T04:48:40.513+0000] {local.py:350} INFO - Outlets: [Dataset(uri='snowflake://OU00370.europe-west2.gcp/ELT_BATCH.dm.popular_product_categories', extra=None)]
[2024-07-14T04:48:40.532+0000] {dag.py:3096} INFO - Sync 1 DAGs
[2024-07-14T04:48:40.645+0000] {dag.py:3954} INFO - Setting next_dagrun for ELT-PROJECT to 2024-07-14 00:00:00+00:00, run_after=2024-07-15 00:00:00+00:00
[2024-07-14T04:48:40.946+0000] {taskinstance.py:441} INFO - ::group::Post task execution logs
[2024-07-14T04:48:41.147+0000] {taskinstance.py:1206} INFO - Marking task as SUCCESS. dag_id=ELT-PROJECT, task_id=transform.popular_product_categories_run, run_id=scheduled__2024-07-08T00:00:00+00:00, execution_date=20240708T000000, start_date=20240714T044736, end_date=20240714T044841
[2024-07-14T04:48:41.661+0000] {local_task_job_runner.py:240} INFO - Task exited with return code 0
[2024-07-14T04:48:41.985+0000] {taskinstance.py:3503} INFO - 0 downstream tasks scheduled from follow-on schedule check
[2024-07-14T04:48:42.002+0000] {local_task_job_runner.py:222} INFO - ::endgroup::
