[2024-07-14T04:11:54.475+0000] {local_task_job_runner.py:120} INFO - ::group::Pre task execution logs
[2024-07-14T04:11:54.745+0000] {taskinstance.py:2076} INFO - Dependencies all met for dep_context=non-requeueable deps ti=<TaskInstance: ELT-PROJECT.transform.dim_employees.run scheduled__2024-07-03T00:00:00+00:00 [queued]>
[2024-07-14T04:11:54.862+0000] {taskinstance.py:2076} INFO - Dependencies all met for dep_context=requeueable deps ti=<TaskInstance: ELT-PROJECT.transform.dim_employees.run scheduled__2024-07-03T00:00:00+00:00 [queued]>
[2024-07-14T04:11:54.864+0000] {taskinstance.py:2306} INFO - Starting attempt 1 of 2
[2024-07-14T04:11:54.938+0000] {taskinstance.py:2330} INFO - Executing <Task(DbtRunLocalOperator): transform.dim_employees.run> on 2024-07-03 00:00:00+00:00
[2024-07-14T04:11:54.978+0000] {logging_mixin.py:188} WARNING - /home/airflow/.local/lib/python3.12/site-packages/airflow/task/task_runner/standard_task_runner.py:61 DeprecationWarning: This process (pid=14322) is multi-threaded, use of fork() may lead to deadlocks in the child.
[2024-07-14T04:11:54.981+0000] {standard_task_runner.py:63} INFO - Started process 14339 to run task
[2024-07-14T04:11:54.992+0000] {standard_task_runner.py:90} INFO - Running: ['airflow', 'tasks', 'run', 'ELT-PROJECT', 'transform.dim_employees.run', 'scheduled__2024-07-03T00:00:00+00:00', '--job-id', '1165', '--raw', '--subdir', 'DAGS_FOLDER/elt.py', '--cfg-path', '/tmp/tmp_tf_4j50']
[2024-07-14T04:11:55.012+0000] {standard_task_runner.py:91} INFO - Job 1165: Subtask transform.dim_employees.run
[2024-07-14T04:11:55.145+0000] {logging_mixin.py:188} WARNING - /home/airflow/.local/lib/python3.12/site-packages/airflow/settings.py:195 DeprecationWarning: The sql_alchemy_conn option in [core] has been moved to the sql_alchemy_conn option in [database] - the old setting has been used, but please update your config.
[2024-07-14T04:11:55.363+0000] {task_command.py:426} INFO - Running <TaskInstance: ELT-PROJECT.transform.dim_employees.run scheduled__2024-07-03T00:00:00+00:00 [running]> on host airflow-scheduler
[2024-07-14T04:11:55.928+0000] {taskinstance.py:2648} INFO - Exporting env vars: AIRFLOW_CTX_DAG_OWNER='Data-Ninja' AIRFLOW_CTX_DAG_ID='ELT-PROJECT' AIRFLOW_CTX_TASK_ID='transform.dim_employees.run' AIRFLOW_CTX_EXECUTION_DATE='2024-07-03T00:00:00+00:00' AIRFLOW_CTX_TRY_NUMBER='1' AIRFLOW_CTX_DAG_RUN_ID='scheduled__2024-07-03T00:00:00+00:00'
[2024-07-14T04:11:55.931+0000] {taskinstance.py:430} INFO - ::endgroup::
[2024-07-14T04:11:55.935+0000] {local.py:174} INFO - Could not import dbtRunner. Falling back to subprocess for invoking dbt.
[2024-07-14T04:11:55.939+0000] {local.py:292} INFO - Cloning project to writable temp directory /tmp/tmpzaaxdane from /opt/airflow/dags/dbt/dbt_project
[2024-07-14T04:11:55.955+0000] {local.py:303} INFO - Partial parse is enabled and the latest partial parse file is /tmp/cosmos/ELT-PROJECT__transform/target/partial_parse.msgpack
[2024-07-14T04:11:56.123+0000] {base.py:84} INFO - Using connection ID 'snow_conn' for task execution.
[2024-07-14T04:11:56.131+0000] {crypto.py:82} WARNING - empty cryptography key - values will not be stored encrypted.
[2024-07-14T04:11:56.133+0000] {config.py:298} INFO - Profile caching is enable.
[2024-07-14T04:11:56.156+0000] {config.py:272} INFO - Profile found in cache using profile: /tmp/cosmos/profile/a0017dab0633177292578162811b91dcb9c56d6e54017e9660056cc364a762ad/profiles.yml.
[2024-07-14T04:11:56.168+0000] {local.py:247} INFO - Trying to run the command:
 ['/opt/airflow/dbt_venv/bin/dbt', 'deps', '--project-dir', '/tmp/tmpzaaxdane', '--profiles-dir', '/tmp/cosmos/profile/a0017dab0633177292578162811b91dcb9c56d6e54017e9660056cc364a762ad', '--profile', 'dbt_project', '--target', 'dev']
From /tmp/tmpzaaxdane
[2024-07-14T04:11:56.172+0000] {subprocess.py:60} INFO - Tmp dir root location: 
 /tmp
[2024-07-14T04:11:56.182+0000] {subprocess.py:73} INFO - Running command: ['/opt/airflow/dbt_venv/bin/dbt', 'deps', '--project-dir', '/tmp/tmpzaaxdane', '--profiles-dir', '/tmp/cosmos/profile/a0017dab0633177292578162811b91dcb9c56d6e54017e9660056cc364a762ad', '--profile', 'dbt_project', '--target', 'dev']
[2024-07-14T04:11:56.252+0000] {subprocess.py:84} INFO - Command output:
[2024-07-14T04:12:12.917+0000] {subprocess.py:94} INFO - [0m04:12:12  Running with dbt=1.8.3
[2024-07-14T04:12:13.986+0000] {subprocess.py:94} INFO - [0m04:12:13  Updating lock file in file path: /tmp/tmpzaaxdane/package-lock.yml
[2024-07-14T04:12:14.025+0000] {subprocess.py:94} INFO - [0m04:12:14  Installing dbt-labs/dbt_utils
[2024-07-14T04:12:15.073+0000] {subprocess.py:94} INFO - [0m04:12:15  Installed from version 0.8.6
[2024-07-14T04:12:15.079+0000] {subprocess.py:94} INFO - [0m04:12:15  Updated version available: 1.2.0
[2024-07-14T04:12:15.088+0000] {subprocess.py:94} INFO - [0m04:12:15
[2024-07-14T04:12:15.096+0000] {subprocess.py:94} INFO - [0m04:12:15  Updates available for packages: ['dbt-labs/dbt_utils']
[2024-07-14T04:12:15.099+0000] {subprocess.py:94} INFO - Update your versions in packages.yml, then run dbt deps
[2024-07-14T04:12:17.416+0000] {subprocess.py:98} INFO - Command exited with return code 0
[2024-07-14T04:12:17.418+0000] {local.py:254} INFO - Update your versions in packages.yml, then run dbt deps
[2024-07-14T04:12:17.421+0000] {local.py:247} INFO - Trying to run the command:
 ['/opt/airflow/dbt_venv/bin/dbt', 'run', '--models', 'dim_employees', '--project-dir', '/tmp/tmpzaaxdane', '--profiles-dir', '/tmp/cosmos/profile/a0017dab0633177292578162811b91dcb9c56d6e54017e9660056cc364a762ad', '--profile', 'dbt_project', '--target', 'dev']
From /tmp/tmpzaaxdane
[2024-07-14T04:12:17.425+0000] {subprocess.py:60} INFO - Tmp dir root location: 
 /tmp
[2024-07-14T04:12:17.431+0000] {subprocess.py:73} INFO - Running command: ['/opt/airflow/dbt_venv/bin/dbt', 'run', '--models', 'dim_employees', '--project-dir', '/tmp/tmpzaaxdane', '--profiles-dir', '/tmp/cosmos/profile/a0017dab0633177292578162811b91dcb9c56d6e54017e9660056cc364a762ad', '--profile', 'dbt_project', '--target', 'dev']
[2024-07-14T04:12:17.507+0000] {subprocess.py:84} INFO - Command output:
[2024-07-14T04:12:33.956+0000] {subprocess.py:94} INFO - [0m04:12:33  Running with dbt=1.8.3
[2024-07-14T04:12:38.948+0000] {subprocess.py:94} INFO - [0m04:12:38  Registered adapter: snowflake=1.8.3
[2024-07-14T04:12:43.321+0000] {subprocess.py:94} INFO - [0m04:12:43  Found 20 models, 27 data tests, 11 sources, 684 macros
[2024-07-14T04:12:43.330+0000] {subprocess.py:94} INFO - [0m04:12:43
[2024-07-14T04:12:50.890+0000] {subprocess.py:94} INFO - [0m04:12:50  Concurrency: 1 threads (target='dev')
[2024-07-14T04:12:50.895+0000] {subprocess.py:94} INFO - [0m04:12:50
[2024-07-14T04:12:50.968+0000] {subprocess.py:94} INFO - [0m04:12:50  1 of 1 START sql table model dwh.dim_employees ................................. [RUN]
[2024-07-14T04:12:53.823+0000] {subprocess.py:94} INFO - [0m04:12:53  1 of 1 OK created sql table model dwh.dim_employees ............................ [[32mSUCCESS 1[0m in 2.81s]
[2024-07-14T04:12:53.837+0000] {subprocess.py:94} INFO - [0m04:12:53
[2024-07-14T04:12:53.841+0000] {subprocess.py:94} INFO - [0m04:12:53  Finished running 1 table model in 0 hours 0 minutes and 10.50 seconds (10.50s).
[2024-07-14T04:12:54.810+0000] {subprocess.py:94} INFO - [0m04:12:54
[2024-07-14T04:12:54.826+0000] {subprocess.py:94} INFO - [0m04:12:54  [32mCompleted successfully[0m
[2024-07-14T04:12:54.830+0000] {subprocess.py:94} INFO - [0m04:12:54
[2024-07-14T04:12:54.841+0000] {subprocess.py:94} INFO - [0m04:12:54  Done. PASS=1 WARN=0 ERROR=0 SKIP=0 TOTAL=1
[2024-07-14T04:12:57.383+0000] {subprocess.py:98} INFO - Command exited with return code 0
[2024-07-14T04:12:57.387+0000] {local.py:254} INFO - [0m04:12:54  Done. PASS=1 WARN=0 ERROR=0 SKIP=0 TOTAL=1
[2024-07-14T04:12:59.748+0000] {local.py:196} WARNING - Artifact schema version: https://schemas.getdbt.com/dbt/manifest/v12.json is above dbt-ol supported version 7. This might cause errors.
[2024-07-14T04:12:59.761+0000] {local.py:196} WARNING - Artifact schema version: https://schemas.getdbt.com/dbt/run-results/v6.json is above dbt-ol supported version 5. This might cause errors.
[2024-07-14T04:12:59.799+0000] {local.py:349} INFO - Inlets: [Dataset(uri='snowflake://OU00370.europe-west2.gcp/ELT_BATCH.raw.raw_employees', extra=None)]
[2024-07-14T04:12:59.801+0000] {local.py:350} INFO - Outlets: [Dataset(uri='snowflake://OU00370.europe-west2.gcp/ELT_BATCH.dwh.dim_employees', extra=None)]
[2024-07-14T04:12:59.805+0000] {dag.py:3096} INFO - Sync 1 DAGs
[2024-07-14T04:13:00.109+0000] {taskinstance.py:441} INFO - ::group::Post task execution logs
[2024-07-14T04:13:00.272+0000] {taskinstance.py:1206} INFO - Marking task as SUCCESS. dag_id=ELT-PROJECT, task_id=transform.dim_employees.run, run_id=scheduled__2024-07-03T00:00:00+00:00, execution_date=20240703T000000, start_date=20240714T041154, end_date=20240714T041300
[2024-07-14T04:13:01.264+0000] {local_task_job_runner.py:240} INFO - Task exited with return code 0
[2024-07-14T04:13:01.460+0000] {taskinstance.py:3503} INFO - 1 downstream tasks scheduled from follow-on schedule check
[2024-07-14T04:13:01.467+0000] {local_task_job_runner.py:222} INFO - ::endgroup::
