[2024-07-14T04:14:11.535+0000] {local_task_job_runner.py:120} INFO - ::group::Pre task execution logs
[2024-07-14T04:14:11.722+0000] {taskinstance.py:2076} INFO - Dependencies all met for dep_context=non-requeueable deps ti=<TaskInstance: ELT-PROJECT.transform.dim_employees.run scheduled__2024-07-07T00:00:00+00:00 [queued]>
[2024-07-14T04:14:11.805+0000] {taskinstance.py:2076} INFO - Dependencies all met for dep_context=requeueable deps ti=<TaskInstance: ELT-PROJECT.transform.dim_employees.run scheduled__2024-07-07T00:00:00+00:00 [queued]>
[2024-07-14T04:14:11.820+0000] {taskinstance.py:2306} INFO - Starting attempt 1 of 2
[2024-07-14T04:14:11.909+0000] {taskinstance.py:2330} INFO - Executing <Task(DbtRunLocalOperator): transform.dim_employees.run> on 2024-07-07 00:00:00+00:00
[2024-07-14T04:14:11.962+0000] {logging_mixin.py:188} WARNING - /home/airflow/.local/lib/python3.12/site-packages/airflow/task/task_runner/standard_task_runner.py:61 DeprecationWarning: This process (pid=14822) is multi-threaded, use of fork() may lead to deadlocks in the child.
[2024-07-14T04:14:11.976+0000] {standard_task_runner.py:63} INFO - Started process 14846 to run task
[2024-07-14T04:14:11.982+0000] {standard_task_runner.py:90} INFO - Running: ['airflow', 'tasks', 'run', 'ELT-PROJECT', 'transform.dim_employees.run', 'scheduled__2024-07-07T00:00:00+00:00', '--job-id', '1190', '--raw', '--subdir', 'DAGS_FOLDER/elt.py', '--cfg-path', '/tmp/tmphu1ayv4d']
[2024-07-14T04:14:12.001+0000] {standard_task_runner.py:91} INFO - Job 1190: Subtask transform.dim_employees.run
[2024-07-14T04:14:12.104+0000] {logging_mixin.py:188} WARNING - /home/airflow/.local/lib/python3.12/site-packages/airflow/settings.py:195 DeprecationWarning: The sql_alchemy_conn option in [core] has been moved to the sql_alchemy_conn option in [database] - the old setting has been used, but please update your config.
[2024-07-14T04:14:12.489+0000] {task_command.py:426} INFO - Running <TaskInstance: ELT-PROJECT.transform.dim_employees.run scheduled__2024-07-07T00:00:00+00:00 [running]> on host airflow-scheduler
[2024-07-14T04:14:13.414+0000] {taskinstance.py:2648} INFO - Exporting env vars: AIRFLOW_CTX_DAG_OWNER='Data-Ninja' AIRFLOW_CTX_DAG_ID='ELT-PROJECT' AIRFLOW_CTX_TASK_ID='transform.dim_employees.run' AIRFLOW_CTX_EXECUTION_DATE='2024-07-07T00:00:00+00:00' AIRFLOW_CTX_TRY_NUMBER='1' AIRFLOW_CTX_DAG_RUN_ID='scheduled__2024-07-07T00:00:00+00:00'
[2024-07-14T04:14:13.418+0000] {taskinstance.py:430} INFO - ::endgroup::
[2024-07-14T04:14:13.433+0000] {local.py:174} INFO - Could not import dbtRunner. Falling back to subprocess for invoking dbt.
[2024-07-14T04:14:13.437+0000] {local.py:292} INFO - Cloning project to writable temp directory /tmp/tmp2cu1qm2t from /opt/airflow/dags/dbt/dbt_project
[2024-07-14T04:14:13.455+0000] {local.py:303} INFO - Partial parse is enabled and the latest partial parse file is /tmp/cosmos/ELT-PROJECT__transform/target/partial_parse.msgpack
[2024-07-14T04:14:13.796+0000] {base.py:84} INFO - Using connection ID 'snow_conn' for task execution.
[2024-07-14T04:14:13.807+0000] {crypto.py:82} WARNING - empty cryptography key - values will not be stored encrypted.
[2024-07-14T04:14:13.818+0000] {config.py:298} INFO - Profile caching is enable.
[2024-07-14T04:14:13.833+0000] {config.py:272} INFO - Profile found in cache using profile: /tmp/cosmos/profile/a0017dab0633177292578162811b91dcb9c56d6e54017e9660056cc364a762ad/profiles.yml.
[2024-07-14T04:14:13.848+0000] {local.py:247} INFO - Trying to run the command:
 ['/opt/airflow/dbt_venv/bin/dbt', 'deps', '--project-dir', '/tmp/tmp2cu1qm2t', '--profiles-dir', '/tmp/cosmos/profile/a0017dab0633177292578162811b91dcb9c56d6e54017e9660056cc364a762ad', '--profile', 'dbt_project', '--target', 'dev']
From /tmp/tmp2cu1qm2t
[2024-07-14T04:14:13.884+0000] {subprocess.py:60} INFO - Tmp dir root location: 
 /tmp
[2024-07-14T04:14:13.900+0000] {subprocess.py:73} INFO - Running command: ['/opt/airflow/dbt_venv/bin/dbt', 'deps', '--project-dir', '/tmp/tmp2cu1qm2t', '--profiles-dir', '/tmp/cosmos/profile/a0017dab0633177292578162811b91dcb9c56d6e54017e9660056cc364a762ad', '--profile', 'dbt_project', '--target', 'dev']
[2024-07-14T04:14:14.048+0000] {subprocess.py:84} INFO - Command output:
[2024-07-14T04:14:32.541+0000] {subprocess.py:94} INFO - [0m04:14:32  Running with dbt=1.8.3
[2024-07-14T04:14:35.473+0000] {subprocess.py:94} INFO - [0m04:14:35  Updating lock file in file path: /tmp/tmp2cu1qm2t/package-lock.yml
[2024-07-14T04:14:35.537+0000] {subprocess.py:94} INFO - [0m04:14:35  Installing dbt-labs/dbt_utils
[2024-07-14T04:14:36.446+0000] {subprocess.py:94} INFO - [0m04:14:36  Installed from version 0.8.6
[2024-07-14T04:14:36.450+0000] {subprocess.py:94} INFO - [0m04:14:36  Updated version available: 1.2.0
[2024-07-14T04:14:36.455+0000] {subprocess.py:94} INFO - [0m04:14:36
[2024-07-14T04:14:36.457+0000] {subprocess.py:94} INFO - [0m04:14:36  Updates available for packages: ['dbt-labs/dbt_utils']
[2024-07-14T04:14:36.460+0000] {subprocess.py:94} INFO - Update your versions in packages.yml, then run dbt deps
[2024-07-14T04:14:38.938+0000] {subprocess.py:98} INFO - Command exited with return code 0
[2024-07-14T04:14:38.940+0000] {local.py:254} INFO - Update your versions in packages.yml, then run dbt deps
[2024-07-14T04:14:38.943+0000] {local.py:247} INFO - Trying to run the command:
 ['/opt/airflow/dbt_venv/bin/dbt', 'run', '--models', 'dim_employees', '--project-dir', '/tmp/tmp2cu1qm2t', '--profiles-dir', '/tmp/cosmos/profile/a0017dab0633177292578162811b91dcb9c56d6e54017e9660056cc364a762ad', '--profile', 'dbt_project', '--target', 'dev']
From /tmp/tmp2cu1qm2t
[2024-07-14T04:14:38.947+0000] {subprocess.py:60} INFO - Tmp dir root location: 
 /tmp
[2024-07-14T04:14:38.951+0000] {subprocess.py:73} INFO - Running command: ['/opt/airflow/dbt_venv/bin/dbt', 'run', '--models', 'dim_employees', '--project-dir', '/tmp/tmp2cu1qm2t', '--profiles-dir', '/tmp/cosmos/profile/a0017dab0633177292578162811b91dcb9c56d6e54017e9660056cc364a762ad', '--profile', 'dbt_project', '--target', 'dev']
[2024-07-14T04:14:39.010+0000] {subprocess.py:84} INFO - Command output:
[2024-07-14T04:14:52.994+0000] {subprocess.py:94} INFO - [0m04:14:52  Running with dbt=1.8.3
[2024-07-14T04:14:57.900+0000] {subprocess.py:94} INFO - [0m04:14:57  Registered adapter: snowflake=1.8.3
[2024-07-14T04:15:02.558+0000] {subprocess.py:94} INFO - [0m04:15:02  Found 20 models, 27 data tests, 11 sources, 684 macros
[2024-07-14T04:15:02.568+0000] {subprocess.py:94} INFO - [0m04:15:02
[2024-07-14T04:15:12.235+0000] {subprocess.py:94} INFO - [0m04:15:12  Concurrency: 1 threads (target='dev')
[2024-07-14T04:15:12.239+0000] {subprocess.py:94} INFO - [0m04:15:12
[2024-07-14T04:15:12.374+0000] {subprocess.py:94} INFO - [0m04:15:12  1 of 1 START sql table model dwh.dim_employees ................................. [RUN]
[2024-07-14T04:15:15.621+0000] {subprocess.py:94} INFO - [0m04:15:15  1 of 1 OK created sql table model dwh.dim_employees ............................ [[32mSUCCESS 1[0m in 3.23s]
[2024-07-14T04:15:15.633+0000] {subprocess.py:94} INFO - [0m04:15:15
[2024-07-14T04:15:15.637+0000] {subprocess.py:94} INFO - [0m04:15:15  Finished running 1 table model in 0 hours 0 minutes and 13.02 seconds (13.02s).
[2024-07-14T04:15:16.106+0000] {subprocess.py:94} INFO - [0m04:15:16
[2024-07-14T04:15:16.110+0000] {subprocess.py:94} INFO - [0m04:15:16  [32mCompleted successfully[0m
[2024-07-14T04:15:16.116+0000] {subprocess.py:94} INFO - [0m04:15:16
[2024-07-14T04:15:16.120+0000] {subprocess.py:94} INFO - [0m04:15:16  Done. PASS=1 WARN=0 ERROR=0 SKIP=0 TOTAL=1
[2024-07-14T04:15:18.199+0000] {subprocess.py:98} INFO - Command exited with return code 0
[2024-07-14T04:15:18.202+0000] {local.py:254} INFO - [0m04:15:16  Done. PASS=1 WARN=0 ERROR=0 SKIP=0 TOTAL=1
[2024-07-14T04:15:18.703+0000] {local.py:196} WARNING - Artifact schema version: https://schemas.getdbt.com/dbt/manifest/v12.json is above dbt-ol supported version 7. This might cause errors.
[2024-07-14T04:15:18.704+0000] {local.py:196} WARNING - Artifact schema version: https://schemas.getdbt.com/dbt/run-results/v6.json is above dbt-ol supported version 5. This might cause errors.
[2024-07-14T04:15:18.723+0000] {local.py:349} INFO - Inlets: [Dataset(uri='snowflake://OU00370.europe-west2.gcp/ELT_BATCH.raw.raw_employees', extra=None)]
[2024-07-14T04:15:18.726+0000] {local.py:350} INFO - Outlets: [Dataset(uri='snowflake://OU00370.europe-west2.gcp/ELT_BATCH.dwh.dim_employees', extra=None)]
[2024-07-14T04:15:18.728+0000] {dag.py:3096} INFO - Sync 1 DAGs
[2024-07-14T04:15:18.933+0000] {taskinstance.py:441} INFO - ::group::Post task execution logs
[2024-07-14T04:15:19.072+0000] {taskinstance.py:1206} INFO - Marking task as SUCCESS. dag_id=ELT-PROJECT, task_id=transform.dim_employees.run, run_id=scheduled__2024-07-07T00:00:00+00:00, execution_date=20240707T000000, start_date=20240714T041411, end_date=20240714T041519
[2024-07-14T04:15:19.160+0000] {local_task_job_runner.py:240} INFO - Task exited with return code 0
[2024-07-14T04:15:19.316+0000] {taskinstance.py:3503} INFO - 1 downstream tasks scheduled from follow-on schedule check
[2024-07-14T04:15:19.321+0000] {local_task_job_runner.py:222} INFO - ::endgroup::
