[2024-07-14T04:25:37.708+0000] {local_task_job_runner.py:120} INFO - ::group::Pre task execution logs
[2024-07-14T04:25:37.808+0000] {taskinstance.py:2076} INFO - Dependencies all met for dep_context=non-requeueable deps ti=<TaskInstance: ELT-PROJECT.transform.fact_orders.run scheduled__2024-07-10T00:00:00+00:00 [queued]>
[2024-07-14T04:25:37.885+0000] {taskinstance.py:2076} INFO - Dependencies all met for dep_context=requeueable deps ti=<TaskInstance: ELT-PROJECT.transform.fact_orders.run scheduled__2024-07-10T00:00:00+00:00 [queued]>
[2024-07-14T04:25:37.888+0000] {taskinstance.py:2306} INFO - Starting attempt 1 of 2
[2024-07-14T04:25:37.947+0000] {taskinstance.py:2330} INFO - Executing <Task(DbtRunLocalOperator): transform.fact_orders.run> on 2024-07-10 00:00:00+00:00
[2024-07-14T04:25:37.977+0000] {logging_mixin.py:188} WARNING - /home/airflow/.local/lib/python3.12/site-packages/airflow/task/task_runner/standard_task_runner.py:61 DeprecationWarning: This process (pid=17176) is multi-threaded, use of fork() may lead to deadlocks in the child.
[2024-07-14T04:25:37.986+0000] {standard_task_runner.py:63} INFO - Started process 17214 to run task
[2024-07-14T04:25:37.991+0000] {standard_task_runner.py:90} INFO - Running: ['airflow', 'tasks', 'run', 'ELT-PROJECT', 'transform.fact_orders.run', 'scheduled__2024-07-10T00:00:00+00:00', '--job-id', '1335', '--raw', '--subdir', 'DAGS_FOLDER/elt.py', '--cfg-path', '/tmp/tmpgu5v4_f1']
[2024-07-14T04:25:37.998+0000] {standard_task_runner.py:91} INFO - Job 1335: Subtask transform.fact_orders.run
[2024-07-14T04:25:38.175+0000] {logging_mixin.py:188} WARNING - /home/airflow/.local/lib/python3.12/site-packages/airflow/settings.py:195 DeprecationWarning: The sql_alchemy_conn option in [core] has been moved to the sql_alchemy_conn option in [database] - the old setting has been used, but please update your config.
[2024-07-14T04:25:38.407+0000] {task_command.py:426} INFO - Running <TaskInstance: ELT-PROJECT.transform.fact_orders.run scheduled__2024-07-10T00:00:00+00:00 [running]> on host airflow-scheduler
[2024-07-14T04:25:38.905+0000] {taskinstance.py:2648} INFO - Exporting env vars: AIRFLOW_CTX_DAG_OWNER='Data-Ninja' AIRFLOW_CTX_DAG_ID='ELT-PROJECT' AIRFLOW_CTX_TASK_ID='transform.fact_orders.run' AIRFLOW_CTX_EXECUTION_DATE='2024-07-10T00:00:00+00:00' AIRFLOW_CTX_TRY_NUMBER='1' AIRFLOW_CTX_DAG_RUN_ID='scheduled__2024-07-10T00:00:00+00:00'
[2024-07-14T04:25:38.914+0000] {taskinstance.py:430} INFO - ::endgroup::
[2024-07-14T04:25:38.927+0000] {local.py:174} INFO - Could not import dbtRunner. Falling back to subprocess for invoking dbt.
[2024-07-14T04:25:38.937+0000] {local.py:292} INFO - Cloning project to writable temp directory /tmp/tmpksnupm_8 from /opt/airflow/dags/dbt/dbt_project
[2024-07-14T04:25:38.997+0000] {local.py:303} INFO - Partial parse is enabled and the latest partial parse file is /tmp/cosmos/ELT-PROJECT__transform/target/partial_parse.msgpack
[2024-07-14T04:25:39.239+0000] {base.py:84} INFO - Using connection ID 'snow_conn' for task execution.
[2024-07-14T04:25:39.257+0000] {crypto.py:82} WARNING - empty cryptography key - values will not be stored encrypted.
[2024-07-14T04:25:39.269+0000] {config.py:298} INFO - Profile caching is enable.
[2024-07-14T04:25:39.279+0000] {config.py:272} INFO - Profile found in cache using profile: /tmp/cosmos/profile/a0017dab0633177292578162811b91dcb9c56d6e54017e9660056cc364a762ad/profiles.yml.
[2024-07-14T04:25:39.300+0000] {local.py:247} INFO - Trying to run the command:
 ['/opt/airflow/dbt_venv/bin/dbt', 'deps', '--project-dir', '/tmp/tmpksnupm_8', '--profiles-dir', '/tmp/cosmos/profile/a0017dab0633177292578162811b91dcb9c56d6e54017e9660056cc364a762ad', '--profile', 'dbt_project', '--target', 'dev']
From /tmp/tmpksnupm_8
[2024-07-14T04:25:39.314+0000] {subprocess.py:60} INFO - Tmp dir root location: 
 /tmp
[2024-07-14T04:25:39.329+0000] {subprocess.py:73} INFO - Running command: ['/opt/airflow/dbt_venv/bin/dbt', 'deps', '--project-dir', '/tmp/tmpksnupm_8', '--profiles-dir', '/tmp/cosmos/profile/a0017dab0633177292578162811b91dcb9c56d6e54017e9660056cc364a762ad', '--profile', 'dbt_project', '--target', 'dev']
[2024-07-14T04:25:39.450+0000] {subprocess.py:84} INFO - Command output:
[2024-07-14T04:25:54.200+0000] {subprocess.py:94} INFO - [0m04:25:54  Running with dbt=1.8.3
[2024-07-14T04:25:55.565+0000] {subprocess.py:94} INFO - [0m04:25:55  Updating lock file in file path: /tmp/tmpksnupm_8/package-lock.yml
[2024-07-14T04:25:55.592+0000] {subprocess.py:94} INFO - [0m04:25:55  Installing dbt-labs/dbt_utils
[2024-07-14T04:25:56.362+0000] {subprocess.py:94} INFO - [0m04:25:56  Installed from version 0.8.6
[2024-07-14T04:25:56.366+0000] {subprocess.py:94} INFO - [0m04:25:56  Updated version available: 1.2.0
[2024-07-14T04:25:56.372+0000] {subprocess.py:94} INFO - [0m04:25:56
[2024-07-14T04:25:56.383+0000] {subprocess.py:94} INFO - [0m04:25:56  Updates available for packages: ['dbt-labs/dbt_utils']
[2024-07-14T04:25:56.385+0000] {subprocess.py:94} INFO - Update your versions in packages.yml, then run dbt deps
[2024-07-14T04:25:58.839+0000] {subprocess.py:98} INFO - Command exited with return code 0
[2024-07-14T04:25:58.858+0000] {local.py:254} INFO - Update your versions in packages.yml, then run dbt deps
[2024-07-14T04:25:58.861+0000] {local.py:247} INFO - Trying to run the command:
 ['/opt/airflow/dbt_venv/bin/dbt', 'run', '--models', 'fact_orders', '--project-dir', '/tmp/tmpksnupm_8', '--profiles-dir', '/tmp/cosmos/profile/a0017dab0633177292578162811b91dcb9c56d6e54017e9660056cc364a762ad', '--profile', 'dbt_project', '--target', 'dev']
From /tmp/tmpksnupm_8
[2024-07-14T04:25:58.868+0000] {subprocess.py:60} INFO - Tmp dir root location: 
 /tmp
[2024-07-14T04:25:58.874+0000] {subprocess.py:73} INFO - Running command: ['/opt/airflow/dbt_venv/bin/dbt', 'run', '--models', 'fact_orders', '--project-dir', '/tmp/tmpksnupm_8', '--profiles-dir', '/tmp/cosmos/profile/a0017dab0633177292578162811b91dcb9c56d6e54017e9660056cc364a762ad', '--profile', 'dbt_project', '--target', 'dev']
[2024-07-14T04:25:58.999+0000] {subprocess.py:84} INFO - Command output:
[2024-07-14T04:26:16.199+0000] {subprocess.py:94} INFO - [0m04:26:16  Running with dbt=1.8.3
[2024-07-14T04:26:20.779+0000] {subprocess.py:94} INFO - [0m04:26:20  Registered adapter: snowflake=1.8.3
[2024-07-14T04:26:26.236+0000] {subprocess.py:94} INFO - [0m04:26:26  Found 20 models, 27 data tests, 11 sources, 684 macros
[2024-07-14T04:26:26.277+0000] {subprocess.py:94} INFO - [0m04:26:26
[2024-07-14T04:26:35.512+0000] {subprocess.py:94} INFO - [0m04:26:35  Concurrency: 1 threads (target='dev')
[2024-07-14T04:26:35.514+0000] {subprocess.py:94} INFO - [0m04:26:35
[2024-07-14T04:26:35.627+0000] {subprocess.py:94} INFO - [0m04:26:35  1 of 1 START sql table model dwh.fact_orders ................................... [RUN]
[2024-07-14T04:26:38.441+0000] {subprocess.py:94} INFO - [0m04:26:38  1 of 1 OK created sql table model dwh.fact_orders .............................. [[32mSUCCESS 1[0m in 2.79s]
[2024-07-14T04:26:38.462+0000] {subprocess.py:94} INFO - [0m04:26:38
[2024-07-14T04:26:38.475+0000] {subprocess.py:94} INFO - [0m04:26:38  Finished running 1 table model in 0 hours 0 minutes and 12.17 seconds (12.17s).
[2024-07-14T04:26:39.065+0000] {subprocess.py:94} INFO - [0m04:26:39
[2024-07-14T04:26:39.070+0000] {subprocess.py:94} INFO - [0m04:26:39  [32mCompleted successfully[0m
[2024-07-14T04:26:39.072+0000] {subprocess.py:94} INFO - [0m04:26:39
[2024-07-14T04:26:39.090+0000] {subprocess.py:94} INFO - [0m04:26:39  Done. PASS=1 WARN=0 ERROR=0 SKIP=0 TOTAL=1
[2024-07-14T04:26:42.412+0000] {subprocess.py:98} INFO - Command exited with return code 0
[2024-07-14T04:26:42.420+0000] {local.py:254} INFO - [0m04:26:39  Done. PASS=1 WARN=0 ERROR=0 SKIP=0 TOTAL=1
[2024-07-14T04:26:44.119+0000] {local.py:196} WARNING - Artifact schema version: https://schemas.getdbt.com/dbt/manifest/v12.json is above dbt-ol supported version 7. This might cause errors.
[2024-07-14T04:26:44.131+0000] {local.py:196} WARNING - Artifact schema version: https://schemas.getdbt.com/dbt/run-results/v6.json is above dbt-ol supported version 5. This might cause errors.
[2024-07-14T04:26:44.153+0000] {local.py:349} INFO - Inlets: [Dataset(uri='snowflake://OU00370.europe-west2.gcp/ELT_BATCH.dwh.dim_employees', extra=None), Dataset(uri='snowflake://OU00370.europe-west2.gcp/ELT_BATCH.raw.raw_orders', extra=None)]
[2024-07-14T04:26:44.180+0000] {local.py:350} INFO - Outlets: [Dataset(uri='snowflake://OU00370.europe-west2.gcp/ELT_BATCH.dwh.fact_orders', extra=None)]
[2024-07-14T04:26:44.183+0000] {dag.py:3096} INFO - Sync 1 DAGs
[2024-07-14T04:26:44.550+0000] {logging_mixin.py:188} WARNING - /home/airflow/.local/lib/python3.12/site-packages/airflow/datasets/manager.py:53 SAWarning: DELETE statement on table 'task_outlet_dataset_reference' expected to delete 1 row(s); 0 were matched.  Please set confirm_deleted_rows=False within the mapper configuration to prevent this warning.
[2024-07-14T04:26:44.828+0000] {taskinstance.py:441} INFO - ::group::Post task execution logs
[2024-07-14T04:26:45.088+0000] {taskinstance.py:1206} INFO - Marking task as SUCCESS. dag_id=ELT-PROJECT, task_id=transform.fact_orders.run, run_id=scheduled__2024-07-10T00:00:00+00:00, execution_date=20240710T000000, start_date=20240714T042537, end_date=20240714T042645
[2024-07-14T04:26:45.265+0000] {local_task_job_runner.py:240} INFO - Task exited with return code 0
[2024-07-14T04:26:45.374+0000] {local_task_job_runner.py:222} INFO - ::endgroup::
