[2024-06-24T13:24:46.378+0000] {local_task_job_runner.py:120} INFO - ::group::Pre task execution logs
[2024-06-24T13:24:46.490+0000] {taskinstance.py:2076} INFO - Dependencies all met for dep_context=non-requeueable deps ti=<TaskInstance: ELT-PROJECT.load.load_customers manual__2024-06-24T13:24:24.964468+00:00 [queued]>
[2024-06-24T13:24:46.564+0000] {taskinstance.py:2076} INFO - Dependencies all met for dep_context=requeueable deps ti=<TaskInstance: ELT-PROJECT.load.load_customers manual__2024-06-24T13:24:24.964468+00:00 [queued]>
[2024-06-24T13:24:46.566+0000] {taskinstance.py:2306} INFO - Starting attempt 1 of 2
[2024-06-24T13:24:46.617+0000] {taskinstance.py:2330} INFO - Executing <Task(_PythonDecoratedOperator): load.load_customers> on 2024-06-24 13:24:24.964468+00:00
[2024-06-24T13:24:46.649+0000] {logging_mixin.py:188} WARNING - /home/airflow/.local/lib/python3.12/site-packages/airflow/task/task_runner/standard_task_runner.py:61 DeprecationWarning: This process (pid=1271) is multi-threaded, use of fork() may lead to deadlocks in the child.
[2024-06-24T13:24:46.655+0000] {standard_task_runner.py:63} INFO - Started process 1300 to run task
[2024-06-24T13:24:46.649+0000] {standard_task_runner.py:90} INFO - Running: ['airflow', 'tasks', 'run', 'ELT-PROJECT', 'load.load_customers', 'manual__2024-06-24T13:24:24.964468+00:00', '--job-id', '57', '--raw', '--subdir', 'DAGS_FOLDER/elt.py', '--cfg-path', '/tmp/tmpvxcx5z5d']
[2024-06-24T13:24:46.660+0000] {standard_task_runner.py:91} INFO - Job 57: Subtask load.load_customers
[2024-06-24T13:24:46.750+0000] {logging_mixin.py:188} WARNING - /home/airflow/.local/lib/python3.12/site-packages/airflow/settings.py:195 DeprecationWarning: The sql_alchemy_conn option in [core] has been moved to the sql_alchemy_conn option in [database] - the old setting has been used, but please update your config.
[2024-06-24T13:24:47.022+0000] {task_command.py:426} INFO - Running <TaskInstance: ELT-PROJECT.load.load_customers manual__2024-06-24T13:24:24.964468+00:00 [running]> on host airflow-scheduler
[2024-06-24T13:24:48.880+0000] {taskinstance.py:2648} INFO - Exporting env vars: AIRFLOW_CTX_DAG_OWNER='Data-Ninja' AIRFLOW_CTX_DAG_ID='ELT-PROJECT' AIRFLOW_CTX_TASK_ID='load.load_customers' AIRFLOW_CTX_EXECUTION_DATE='2024-06-24T13:24:24.964468+00:00' AIRFLOW_CTX_TRY_NUMBER='1' AIRFLOW_CTX_DAG_RUN_ID='manual__2024-06-24T13:24:24.964468+00:00'
[2024-06-24T13:24:48.896+0000] {taskinstance.py:430} INFO - ::endgroup::
[2024-06-24T13:24:48.900+0000] {connection.py:399} INFO - Snowflake Connector for Python Version: 3.10.1, Python Version: 3.12.4, Platform: Linux-5.15.133.1-microsoft-standard-WSL2-x86_64-with-glibc2.36
[2024-06-24T13:24:48.903+0000] {connection.py:1249} INFO - THIS CONNECTION IS IN INSECURE MODE. IT MEANS THE CERTIFICATE WILL BE VALIDATED BUT THE CERTIFICATE REVOCATION STATUS WILL NOT BE CHECKED.
[2024-06-24T13:24:49.206+0000] {ssl_wrap_socket.py:100} INFO - THIS CONNECTION IS IN INSECURE MODE. IT MEANS THE CERTIFICATE WILL BE VALIDATED BUT THE CERTIFICATE REVOCATION STATUS WILL NOT BE CHECKED.
[2024-06-24T13:24:50.442+0000] {logging_mixin.py:188} INFO - Nama kolom di DataFrame: Index(['customerID', 'companyName', 'contactName', 'contactTitle', 'address',
       'city', 'region', 'postalCode', 'country', 'phone', 'fax'],
      dtype='object')
[2024-06-24T13:24:50.854+0000] {cursor.py:1149} INFO - Number of results in first chunk: 1
[2024-06-24T13:24:51.469+0000] {ssl_wrap_socket.py:100} INFO - THIS CONNECTION IS IN INSECURE MODE. IT MEANS THE CERTIFICATE WILL BE VALIDATED BUT THE CERTIFICATE REVOCATION STATUS WILL NOT BE CHECKED.
[2024-06-24T13:24:54.337+0000] {cursor.py:1149} INFO - Number of results in first chunk: 1
[2024-06-24T13:24:55.158+0000] {cursor.py:1149} INFO - Number of results in first chunk: 11
[2024-06-24T13:24:55.525+0000] {cursor.py:1149} INFO - Number of results in first chunk: 1
[2024-06-24T13:24:56.316+0000] {cursor.py:1149} INFO - Number of results in first chunk: 1
[2024-06-24T13:24:58.482+0000] {cursor.py:1149} INFO - Number of results in first chunk: 1
[2024-06-24T13:24:58.485+0000] {logging_mixin.py:188} INFO - Done customers.
[2024-06-24T13:24:58.486+0000] {connection.py:762} INFO - closed
[2024-06-24T13:24:58.821+0000] {connection.py:768} INFO - No async queries seem to be running, deleting session
[2024-06-24T13:24:59.164+0000] {python.py:237} INFO - Done. Returned value was: None
[2024-06-24T13:24:59.166+0000] {taskinstance.py:441} INFO - ::group::Post task execution logs
[2024-06-24T13:24:59.193+0000] {taskinstance.py:1206} INFO - Marking task as SUCCESS. dag_id=ELT-PROJECT, task_id=load.load_customers, run_id=manual__2024-06-24T13:24:24.964468+00:00, execution_date=20240624T132424, start_date=20240624T132446, end_date=20240624T132459
[2024-06-24T13:24:59.244+0000] {local_task_job_runner.py:240} INFO - Task exited with return code 0
[2024-06-24T13:24:59.266+0000] {local_task_job_runner.py:222} INFO - ::endgroup::
