[2024-07-14T04:36:41.592+0000] {local_task_job_runner.py:120} INFO - ::group::Pre task execution logs
[2024-07-14T04:36:41.934+0000] {taskinstance.py:2076} INFO - Dependencies all met for dep_context=non-requeueable deps ti=<TaskInstance: ELT-PROJECT.transform.raw_territories.run scheduled__2024-07-08T00:00:00+00:00 [queued]>
[2024-07-14T04:36:42.053+0000] {taskinstance.py:2076} INFO - Dependencies all met for dep_context=requeueable deps ti=<TaskInstance: ELT-PROJECT.transform.raw_territories.run scheduled__2024-07-08T00:00:00+00:00 [queued]>
[2024-07-14T04:36:42.054+0000] {taskinstance.py:2306} INFO - Starting attempt 1 of 2
[2024-07-14T04:36:42.163+0000] {taskinstance.py:2330} INFO - Executing <Task(DbtRunLocalOperator): transform.raw_territories.run> on 2024-07-08 00:00:00+00:00
[2024-07-14T04:36:42.202+0000] {logging_mixin.py:188} WARNING - /home/airflow/.local/lib/python3.12/site-packages/airflow/task/task_runner/standard_task_runner.py:61 DeprecationWarning: This process (pid=19402) is multi-threaded, use of fork() may lead to deadlocks in the child.
[2024-07-14T04:36:42.223+0000] {standard_task_runner.py:63} INFO - Started process 19427 to run task
[2024-07-14T04:36:42.220+0000] {standard_task_runner.py:90} INFO - Running: ['airflow', 'tasks', 'run', 'ELT-PROJECT', 'transform.raw_territories.run', 'scheduled__2024-07-08T00:00:00+00:00', '--job-id', '1470', '--raw', '--subdir', 'DAGS_FOLDER/elt.py', '--cfg-path', '/tmp/tmp2ujx4zsx']
[2024-07-14T04:36:42.233+0000] {standard_task_runner.py:91} INFO - Job 1470: Subtask transform.raw_territories.run
[2024-07-14T04:36:42.339+0000] {logging_mixin.py:188} WARNING - /home/airflow/.local/lib/python3.12/site-packages/airflow/settings.py:195 DeprecationWarning: The sql_alchemy_conn option in [core] has been moved to the sql_alchemy_conn option in [database] - the old setting has been used, but please update your config.
[2024-07-14T04:36:42.572+0000] {task_command.py:426} INFO - Running <TaskInstance: ELT-PROJECT.transform.raw_territories.run scheduled__2024-07-08T00:00:00+00:00 [running]> on host airflow-scheduler
[2024-07-14T04:36:43.480+0000] {taskinstance.py:2648} INFO - Exporting env vars: AIRFLOW_CTX_DAG_OWNER='Data-Ninja' AIRFLOW_CTX_DAG_ID='ELT-PROJECT' AIRFLOW_CTX_TASK_ID='transform.raw_territories.run' AIRFLOW_CTX_EXECUTION_DATE='2024-07-08T00:00:00+00:00' AIRFLOW_CTX_TRY_NUMBER='1' AIRFLOW_CTX_DAG_RUN_ID='scheduled__2024-07-08T00:00:00+00:00'
[2024-07-14T04:36:43.486+0000] {taskinstance.py:430} INFO - ::endgroup::
[2024-07-14T04:36:43.491+0000] {local.py:174} INFO - Could not import dbtRunner. Falling back to subprocess for invoking dbt.
[2024-07-14T04:36:43.502+0000] {local.py:292} INFO - Cloning project to writable temp directory /tmp/tmphznnubcq from /opt/airflow/dags/dbt/dbt_project
[2024-07-14T04:36:43.589+0000] {local.py:303} INFO - Partial parse is enabled and the latest partial parse file is /tmp/cosmos/ELT-PROJECT__transform/target/partial_parse.msgpack
[2024-07-14T04:36:43.726+0000] {base.py:84} INFO - Using connection ID 'snow_conn' for task execution.
[2024-07-14T04:36:43.745+0000] {crypto.py:82} WARNING - empty cryptography key - values will not be stored encrypted.
[2024-07-14T04:36:43.755+0000] {config.py:298} INFO - Profile caching is enable.
[2024-07-14T04:36:43.780+0000] {config.py:272} INFO - Profile found in cache using profile: /tmp/cosmos/profile/a0017dab0633177292578162811b91dcb9c56d6e54017e9660056cc364a762ad/profiles.yml.
[2024-07-14T04:36:43.786+0000] {local.py:247} INFO - Trying to run the command:
 ['/opt/airflow/dbt_venv/bin/dbt', 'deps', '--project-dir', '/tmp/tmphznnubcq', '--profiles-dir', '/tmp/cosmos/profile/a0017dab0633177292578162811b91dcb9c56d6e54017e9660056cc364a762ad', '--profile', 'dbt_project', '--target', 'dev']
From /tmp/tmphznnubcq
[2024-07-14T04:36:43.794+0000] {subprocess.py:60} INFO - Tmp dir root location: 
 /tmp
[2024-07-14T04:36:43.811+0000] {subprocess.py:73} INFO - Running command: ['/opt/airflow/dbt_venv/bin/dbt', 'deps', '--project-dir', '/tmp/tmphznnubcq', '--profiles-dir', '/tmp/cosmos/profile/a0017dab0633177292578162811b91dcb9c56d6e54017e9660056cc364a762ad', '--profile', 'dbt_project', '--target', 'dev']
[2024-07-14T04:36:43.885+0000] {subprocess.py:84} INFO - Command output:
[2024-07-14T04:36:59.046+0000] {subprocess.py:94} INFO - [0m04:36:59  Running with dbt=1.8.3
[2024-07-14T04:37:01.522+0000] {subprocess.py:94} INFO - [0m04:37:01  Updating lock file in file path: /tmp/tmphznnubcq/package-lock.yml
[2024-07-14T04:37:01.601+0000] {subprocess.py:94} INFO - [0m04:37:01  Installing dbt-labs/dbt_utils
[2024-07-14T04:37:02.687+0000] {subprocess.py:94} INFO - [0m04:37:02  Installed from version 0.8.6
[2024-07-14T04:37:02.690+0000] {subprocess.py:94} INFO - [0m04:37:02  Updated version available: 1.2.0
[2024-07-14T04:37:02.702+0000] {subprocess.py:94} INFO - [0m04:37:02
[2024-07-14T04:37:02.706+0000] {subprocess.py:94} INFO - [0m04:37:02  Updates available for packages: ['dbt-labs/dbt_utils']
[2024-07-14T04:37:02.708+0000] {subprocess.py:94} INFO - Update your versions in packages.yml, then run dbt deps
[2024-07-14T04:37:04.918+0000] {subprocess.py:98} INFO - Command exited with return code 0
[2024-07-14T04:37:04.921+0000] {local.py:254} INFO - Update your versions in packages.yml, then run dbt deps
[2024-07-14T04:37:04.924+0000] {local.py:247} INFO - Trying to run the command:
 ['/opt/airflow/dbt_venv/bin/dbt', 'run', '--models', 'raw_territories', '--project-dir', '/tmp/tmphznnubcq', '--profiles-dir', '/tmp/cosmos/profile/a0017dab0633177292578162811b91dcb9c56d6e54017e9660056cc364a762ad', '--profile', 'dbt_project', '--target', 'dev']
From /tmp/tmphznnubcq
[2024-07-14T04:37:04.928+0000] {subprocess.py:60} INFO - Tmp dir root location: 
 /tmp
[2024-07-14T04:37:04.933+0000] {subprocess.py:73} INFO - Running command: ['/opt/airflow/dbt_venv/bin/dbt', 'run', '--models', 'raw_territories', '--project-dir', '/tmp/tmphznnubcq', '--profiles-dir', '/tmp/cosmos/profile/a0017dab0633177292578162811b91dcb9c56d6e54017e9660056cc364a762ad', '--profile', 'dbt_project', '--target', 'dev']
[2024-07-14T04:37:05.018+0000] {subprocess.py:84} INFO - Command output:
[2024-07-14T04:37:17.438+0000] {subprocess.py:94} INFO - [0m04:37:17  Running with dbt=1.8.3
[2024-07-14T04:37:21.284+0000] {subprocess.py:94} INFO - [0m04:37:21  Registered adapter: snowflake=1.8.3
[2024-07-14T04:37:27.491+0000] {subprocess.py:94} INFO - [0m04:37:27  Found 20 models, 27 data tests, 11 sources, 684 macros
[2024-07-14T04:37:27.503+0000] {subprocess.py:94} INFO - [0m04:37:27
[2024-07-14T04:37:36.870+0000] {subprocess.py:94} INFO - [0m04:37:36  Concurrency: 1 threads (target='dev')
[2024-07-14T04:37:36.886+0000] {subprocess.py:94} INFO - [0m04:37:36
[2024-07-14T04:37:37.017+0000] {subprocess.py:94} INFO - [0m04:37:37  1 of 1 START sql table model raw.raw_territories ............................... [RUN]
[2024-07-14T04:37:40.073+0000] {subprocess.py:94} INFO - [0m04:37:40  1 of 1 OK created sql table model raw.raw_territories .......................... [[32mSUCCESS 1[0m in 2.97s]
[2024-07-14T04:37:40.099+0000] {subprocess.py:94} INFO - [0m04:37:40
[2024-07-14T04:37:40.104+0000] {subprocess.py:94} INFO - [0m04:37:40  Finished running 1 table model in 0 hours 0 minutes and 12.59 seconds (12.59s).
[2024-07-14T04:37:41.443+0000] {subprocess.py:94} INFO - [0m04:37:41
[2024-07-14T04:37:41.448+0000] {subprocess.py:94} INFO - [0m04:37:41  [32mCompleted successfully[0m
[2024-07-14T04:37:41.455+0000] {subprocess.py:94} INFO - [0m04:37:41
[2024-07-14T04:37:41.465+0000] {subprocess.py:94} INFO - [0m04:37:41  Done. PASS=1 WARN=0 ERROR=0 SKIP=0 TOTAL=1
[2024-07-14T04:37:44.389+0000] {subprocess.py:98} INFO - Command exited with return code 0
[2024-07-14T04:37:44.393+0000] {local.py:254} INFO - [0m04:37:41  Done. PASS=1 WARN=0 ERROR=0 SKIP=0 TOTAL=1
[2024-07-14T04:37:46.102+0000] {local.py:196} WARNING - Artifact schema version: https://schemas.getdbt.com/dbt/manifest/v12.json is above dbt-ol supported version 7. This might cause errors.
[2024-07-14T04:37:46.121+0000] {local.py:196} WARNING - Artifact schema version: https://schemas.getdbt.com/dbt/run-results/v6.json is above dbt-ol supported version 5. This might cause errors.
[2024-07-14T04:37:46.290+0000] {local.py:349} INFO - Inlets: [Dataset(uri='snowflake://OU00370.europe-west2.gcp/ELT_BATCH.PUBLIC.territories', extra=None)]
[2024-07-14T04:37:46.304+0000] {local.py:350} INFO - Outlets: [Dataset(uri='snowflake://OU00370.europe-west2.gcp/ELT_BATCH.raw.raw_territories', extra=None)]
[2024-07-14T04:37:46.313+0000] {dag.py:3096} INFO - Sync 1 DAGs
[2024-07-14T04:37:46.715+0000] {taskinstance.py:441} INFO - ::group::Post task execution logs
[2024-07-14T04:37:46.976+0000] {taskinstance.py:1206} INFO - Marking task as SUCCESS. dag_id=ELT-PROJECT, task_id=transform.raw_territories.run, run_id=scheduled__2024-07-08T00:00:00+00:00, execution_date=20240708T000000, start_date=20240714T043641, end_date=20240714T043746
[2024-07-14T04:37:47.428+0000] {local_task_job_runner.py:240} INFO - Task exited with return code 0
[2024-07-14T04:37:47.765+0000] {taskinstance.py:3503} INFO - 1 downstream tasks scheduled from follow-on schedule check
[2024-07-14T04:37:47.796+0000] {local_task_job_runner.py:222} INFO - ::endgroup::
