[2024-07-14T04:00:25.350+0000] {local_task_job_runner.py:120} INFO - ::group::Pre task execution logs
[2024-07-14T04:00:25.431+0000] {taskinstance.py:2076} INFO - Dependencies all met for dep_context=non-requeueable deps ti=<TaskInstance: ELT-PROJECT.load.load_suppliers scheduled__2024-06-28T00:00:00+00:00 [queued]>
[2024-07-14T04:00:25.458+0000] {taskinstance.py:2076} INFO - Dependencies all met for dep_context=requeueable deps ti=<TaskInstance: ELT-PROJECT.load.load_suppliers scheduled__2024-06-28T00:00:00+00:00 [queued]>
[2024-07-14T04:00:25.460+0000] {taskinstance.py:2306} INFO - Starting attempt 1 of 2
[2024-07-14T04:00:25.517+0000] {taskinstance.py:2330} INFO - Executing <Task(_PythonDecoratedOperator): load.load_suppliers> on 2024-06-28 00:00:00+00:00
[2024-07-14T04:00:25.540+0000] {logging_mixin.py:188} WARNING - /home/airflow/.local/lib/python3.12/site-packages/airflow/task/task_runner/standard_task_runner.py:61 DeprecationWarning: This process (pid=10311) is multi-threaded, use of fork() may lead to deadlocks in the child.
[2024-07-14T04:00:25.543+0000] {standard_task_runner.py:63} INFO - Started process 10338 to run task
[2024-07-14T04:00:25.543+0000] {standard_task_runner.py:90} INFO - Running: ['airflow', 'tasks', 'run', 'ELT-PROJECT', 'load.load_suppliers', 'scheduled__2024-06-28T00:00:00+00:00', '--job-id', '867', '--raw', '--subdir', 'DAGS_FOLDER/elt.py', '--cfg-path', '/tmp/tmp0q1dccdw']
[2024-07-14T04:00:25.548+0000] {standard_task_runner.py:91} INFO - Job 867: Subtask load.load_suppliers
[2024-07-14T04:00:25.598+0000] {logging_mixin.py:188} WARNING - /home/airflow/.local/lib/python3.12/site-packages/airflow/settings.py:195 DeprecationWarning: The sql_alchemy_conn option in [core] has been moved to the sql_alchemy_conn option in [database] - the old setting has been used, but please update your config.
[2024-07-14T04:00:25.784+0000] {task_command.py:426} INFO - Running <TaskInstance: ELT-PROJECT.load.load_suppliers scheduled__2024-06-28T00:00:00+00:00 [running]> on host airflow-scheduler
[2024-07-14T04:00:27.700+0000] {taskinstance.py:2648} INFO - Exporting env vars: AIRFLOW_CTX_DAG_OWNER='Data-Ninja' AIRFLOW_CTX_DAG_ID='ELT-PROJECT' AIRFLOW_CTX_TASK_ID='load.load_suppliers' AIRFLOW_CTX_EXECUTION_DATE='2024-06-28T00:00:00+00:00' AIRFLOW_CTX_TRY_NUMBER='1' AIRFLOW_CTX_DAG_RUN_ID='scheduled__2024-06-28T00:00:00+00:00'
[2024-07-14T04:00:27.704+0000] {taskinstance.py:430} INFO - ::endgroup::
[2024-07-14T04:00:27.709+0000] {connection.py:399} INFO - Snowflake Connector for Python Version: 3.10.1, Python Version: 3.12.4, Platform: Linux-5.15.133.1-microsoft-standard-WSL2-x86_64-with-glibc2.36
[2024-07-14T04:00:27.712+0000] {connection.py:1249} INFO - THIS CONNECTION IS IN INSECURE MODE. IT MEANS THE CERTIFICATE WILL BE VALIDATED BUT THE CERTIFICATE REVOCATION STATUS WILL NOT BE CHECKED.
[2024-07-14T04:00:27.884+0000] {ssl_wrap_socket.py:100} INFO - THIS CONNECTION IS IN INSECURE MODE. IT MEANS THE CERTIFICATE WILL BE VALIDATED BUT THE CERTIFICATE REVOCATION STATUS WILL NOT BE CHECKED.
[2024-07-14T04:00:28.282+0000] {logging_mixin.py:188} INFO - Nama kolom di DataFrame: Index(['supplierID', 'companyName', 'contactName', 'contactTitle', 'address',
       'city', 'region', 'postalCode', 'country', 'phone', 'fax', 'homePage'],
      dtype='object')
[2024-07-14T04:00:28.698+0000] {cursor.py:1149} INFO - Number of results in first chunk: 1
[2024-07-14T04:00:29.524+0000] {ssl_wrap_socket.py:100} INFO - THIS CONNECTION IS IN INSECURE MODE. IT MEANS THE CERTIFICATE WILL BE VALIDATED BUT THE CERTIFICATE REVOCATION STATUS WILL NOT BE CHECKED.
[2024-07-14T04:00:32.564+0000] {cursor.py:1149} INFO - Number of results in first chunk: 1
[2024-07-14T04:00:33.227+0000] {cursor.py:1149} INFO - Number of results in first chunk: 12
[2024-07-14T04:00:33.602+0000] {cursor.py:1149} INFO - Number of results in first chunk: 1
[2024-07-14T04:00:34.285+0000] {cursor.py:1149} INFO - Number of results in first chunk: 1
[2024-07-14T04:00:35.774+0000] {cursor.py:1149} INFO - Number of results in first chunk: 1
[2024-07-14T04:00:35.778+0000] {logging_mixin.py:188} INFO - Done suppliers.
[2024-07-14T04:00:35.780+0000] {connection.py:762} INFO - closed
[2024-07-14T04:00:36.126+0000] {connection.py:768} INFO - No async queries seem to be running, deleting session
[2024-07-14T04:00:36.487+0000] {python.py:237} INFO - Done. Returned value was: None
[2024-07-14T04:00:36.490+0000] {taskinstance.py:441} INFO - ::group::Post task execution logs
[2024-07-14T04:00:36.532+0000] {taskinstance.py:1206} INFO - Marking task as SUCCESS. dag_id=ELT-PROJECT, task_id=load.load_suppliers, run_id=scheduled__2024-06-28T00:00:00+00:00, execution_date=20240628T000000, start_date=20240714T040025, end_date=20240714T040036
[2024-07-14T04:00:36.629+0000] {local_task_job_runner.py:240} INFO - Task exited with return code 0
[2024-07-14T04:00:36.660+0000] {local_task_job_runner.py:222} INFO - ::endgroup::
