[2024-07-14T04:48:59.251+0000] {local_task_job_runner.py:120} INFO - ::group::Pre task execution logs
[2024-07-14T04:48:59.490+0000] {taskinstance.py:2076} INFO - Dependencies all met for dep_context=non-requeueable deps ti=<TaskInstance: ELT-PROJECT.transform.raw_employee_territories_run scheduled__2024-07-10T00:00:00+00:00 [queued]>
[2024-07-14T04:48:59.583+0000] {taskinstance.py:2076} INFO - Dependencies all met for dep_context=requeueable deps ti=<TaskInstance: ELT-PROJECT.transform.raw_employee_territories_run scheduled__2024-07-10T00:00:00+00:00 [queued]>
[2024-07-14T04:48:59.591+0000] {taskinstance.py:2306} INFO - Starting attempt 1 of 2
[2024-07-14T04:48:59.702+0000] {taskinstance.py:2330} INFO - Executing <Task(DbtRunLocalOperator): transform.raw_employee_territories_run> on 2024-07-10 00:00:00+00:00
[2024-07-14T04:48:59.777+0000] {logging_mixin.py:188} WARNING - /home/airflow/.local/lib/python3.12/site-packages/airflow/task/task_runner/standard_task_runner.py:61 DeprecationWarning: This process (pid=22064) is multi-threaded, use of fork() may lead to deadlocks in the child.
[2024-07-14T04:48:59.782+0000] {standard_task_runner.py:63} INFO - Started process 22089 to run task
[2024-07-14T04:48:59.747+0000] {standard_task_runner.py:90} INFO - Running: ['airflow', 'tasks', 'run', 'ELT-PROJECT', 'transform.raw_employee_territories_run', 'scheduled__2024-07-10T00:00:00+00:00', '--job-id', '1641', '--raw', '--subdir', 'DAGS_FOLDER/elt.py', '--cfg-path', '/tmp/tmp6tr15zb9']
[2024-07-14T04:48:59.817+0000] {standard_task_runner.py:91} INFO - Job 1641: Subtask transform.raw_employee_territories_run
[2024-07-14T04:48:59.968+0000] {logging_mixin.py:188} WARNING - /home/airflow/.local/lib/python3.12/site-packages/airflow/settings.py:195 DeprecationWarning: The sql_alchemy_conn option in [core] has been moved to the sql_alchemy_conn option in [database] - the old setting has been used, but please update your config.
[2024-07-14T04:49:00.419+0000] {task_command.py:426} INFO - Running <TaskInstance: ELT-PROJECT.transform.raw_employee_territories_run scheduled__2024-07-10T00:00:00+00:00 [running]> on host airflow-scheduler
[2024-07-14T04:49:01.615+0000] {taskinstance.py:2648} INFO - Exporting env vars: AIRFLOW_CTX_DAG_OWNER='Data-Ninja' AIRFLOW_CTX_DAG_ID='ELT-PROJECT' AIRFLOW_CTX_TASK_ID='transform.raw_employee_territories_run' AIRFLOW_CTX_EXECUTION_DATE='2024-07-10T00:00:00+00:00' AIRFLOW_CTX_TRY_NUMBER='1' AIRFLOW_CTX_DAG_RUN_ID='scheduled__2024-07-10T00:00:00+00:00'
[2024-07-14T04:49:01.692+0000] {taskinstance.py:430} INFO - ::endgroup::
[2024-07-14T04:49:01.729+0000] {local.py:174} INFO - Could not import dbtRunner. Falling back to subprocess for invoking dbt.
[2024-07-14T04:49:01.762+0000] {local.py:292} INFO - Cloning project to writable temp directory /tmp/tmpo9f2cr4o from /opt/airflow/dags/dbt/dbt_project
[2024-07-14T04:49:01.800+0000] {local.py:303} INFO - Partial parse is enabled and the latest partial parse file is /tmp/cosmos/ELT-PROJECT__transform/target/partial_parse.msgpack
[2024-07-14T04:49:02.620+0000] {base.py:84} INFO - Using connection ID 'snow_conn' for task execution.
[2024-07-14T04:49:02.642+0000] {crypto.py:82} WARNING - empty cryptography key - values will not be stored encrypted.
[2024-07-14T04:49:02.643+0000] {config.py:298} INFO - Profile caching is enable.
[2024-07-14T04:49:02.649+0000] {config.py:272} INFO - Profile found in cache using profile: /tmp/cosmos/profile/a0017dab0633177292578162811b91dcb9c56d6e54017e9660056cc364a762ad/profiles.yml.
[2024-07-14T04:49:02.657+0000] {local.py:247} INFO - Trying to run the command:
 ['/opt/airflow/dbt_venv/bin/dbt', 'deps', '--project-dir', '/tmp/tmpo9f2cr4o', '--profiles-dir', '/tmp/cosmos/profile/a0017dab0633177292578162811b91dcb9c56d6e54017e9660056cc364a762ad', '--profile', 'dbt_project', '--target', 'dev']
From /tmp/tmpo9f2cr4o
[2024-07-14T04:49:02.666+0000] {subprocess.py:60} INFO - Tmp dir root location: 
 /tmp
[2024-07-14T04:49:02.684+0000] {subprocess.py:73} INFO - Running command: ['/opt/airflow/dbt_venv/bin/dbt', 'deps', '--project-dir', '/tmp/tmpo9f2cr4o', '--profiles-dir', '/tmp/cosmos/profile/a0017dab0633177292578162811b91dcb9c56d6e54017e9660056cc364a762ad', '--profile', 'dbt_project', '--target', 'dev']
[2024-07-14T04:49:02.762+0000] {subprocess.py:84} INFO - Command output:
[2024-07-14T04:49:21.686+0000] {subprocess.py:94} INFO - [0m04:49:21  Running with dbt=1.8.3
[2024-07-14T04:49:23.171+0000] {subprocess.py:94} INFO - [0m04:49:23  Updating lock file in file path: /tmp/tmpo9f2cr4o/package-lock.yml
[2024-07-14T04:49:23.204+0000] {subprocess.py:94} INFO - [0m04:49:23  Installing dbt-labs/dbt_utils
[2024-07-14T04:49:24.510+0000] {subprocess.py:94} INFO - [0m04:49:24  Installed from version 0.8.6
[2024-07-14T04:49:24.513+0000] {subprocess.py:94} INFO - [0m04:49:24  Updated version available: 1.2.0
[2024-07-14T04:49:24.518+0000] {subprocess.py:94} INFO - [0m04:49:24
[2024-07-14T04:49:24.522+0000] {subprocess.py:94} INFO - [0m04:49:24  Updates available for packages: ['dbt-labs/dbt_utils']
[2024-07-14T04:49:24.524+0000] {subprocess.py:94} INFO - Update your versions in packages.yml, then run dbt deps
[2024-07-14T04:49:26.503+0000] {subprocess.py:98} INFO - Command exited with return code 0
[2024-07-14T04:49:26.505+0000] {local.py:254} INFO - Update your versions in packages.yml, then run dbt deps
[2024-07-14T04:49:26.507+0000] {local.py:247} INFO - Trying to run the command:
 ['/opt/airflow/dbt_venv/bin/dbt', 'run', '--models', 'raw_employee_territories', '--project-dir', '/tmp/tmpo9f2cr4o', '--profiles-dir', '/tmp/cosmos/profile/a0017dab0633177292578162811b91dcb9c56d6e54017e9660056cc364a762ad', '--profile', 'dbt_project', '--target', 'dev']
From /tmp/tmpo9f2cr4o
[2024-07-14T04:49:26.510+0000] {subprocess.py:60} INFO - Tmp dir root location: 
 /tmp
[2024-07-14T04:49:26.512+0000] {subprocess.py:73} INFO - Running command: ['/opt/airflow/dbt_venv/bin/dbt', 'run', '--models', 'raw_employee_territories', '--project-dir', '/tmp/tmpo9f2cr4o', '--profiles-dir', '/tmp/cosmos/profile/a0017dab0633177292578162811b91dcb9c56d6e54017e9660056cc364a762ad', '--profile', 'dbt_project', '--target', 'dev']
[2024-07-14T04:49:26.572+0000] {subprocess.py:84} INFO - Command output:
[2024-07-14T04:49:40.353+0000] {subprocess.py:94} INFO - [0m04:49:40  Running with dbt=1.8.3
[2024-07-14T04:49:44.178+0000] {subprocess.py:94} INFO - [0m04:49:44  Registered adapter: snowflake=1.8.3
[2024-07-14T04:49:50.762+0000] {subprocess.py:94} INFO - [0m04:49:50  Found 20 models, 27 data tests, 11 sources, 684 macros
[2024-07-14T04:49:50.776+0000] {subprocess.py:94} INFO - [0m04:49:50
[2024-07-14T04:50:01.242+0000] {subprocess.py:94} INFO - [0m04:50:01  Concurrency: 1 threads (target='dev')
[2024-07-14T04:50:01.250+0000] {subprocess.py:94} INFO - [0m04:50:01
[2024-07-14T04:50:01.381+0000] {subprocess.py:94} INFO - [0m04:50:01  1 of 1 START sql table model raw.raw_employee_territories ...................... [RUN]
[2024-07-14T04:50:04.246+0000] {subprocess.py:94} INFO - [0m04:50:04  1 of 1 OK created sql table model raw.raw_employee_territories ................. [[32mSUCCESS 1[0m in 2.85s]
[2024-07-14T04:50:04.278+0000] {subprocess.py:94} INFO - [0m04:50:04
[2024-07-14T04:50:04.280+0000] {subprocess.py:94} INFO - [0m04:50:04  Finished running 1 table model in 0 hours 0 minutes and 13.48 seconds (13.48s).
[2024-07-14T04:50:05.140+0000] {subprocess.py:94} INFO - [0m04:50:05
[2024-07-14T04:50:05.147+0000] {subprocess.py:94} INFO - [0m04:50:05  [32mCompleted successfully[0m
[2024-07-14T04:50:05.150+0000] {subprocess.py:94} INFO - [0m04:50:05
[2024-07-14T04:50:05.156+0000] {subprocess.py:94} INFO - [0m04:50:05  Done. PASS=1 WARN=0 ERROR=0 SKIP=0 TOTAL=1
[2024-07-14T04:50:08.301+0000] {subprocess.py:98} INFO - Command exited with return code 0
[2024-07-14T04:50:08.305+0000] {local.py:254} INFO - [0m04:50:05  Done. PASS=1 WARN=0 ERROR=0 SKIP=0 TOTAL=1
[2024-07-14T04:50:08.477+0000] {local.py:196} WARNING - Artifact schema version: https://schemas.getdbt.com/dbt/manifest/v12.json is above dbt-ol supported version 7. This might cause errors.
[2024-07-14T04:50:08.548+0000] {local.py:196} WARNING - Artifact schema version: https://schemas.getdbt.com/dbt/run-results/v6.json is above dbt-ol supported version 5. This might cause errors.
[2024-07-14T04:50:08.606+0000] {local.py:349} INFO - Inlets: [Dataset(uri='snowflake://OU00370.europe-west2.gcp/ELT_BATCH.PUBLIC.employee_territories', extra=None)]
[2024-07-14T04:50:08.638+0000] {local.py:350} INFO - Outlets: [Dataset(uri='snowflake://OU00370.europe-west2.gcp/ELT_BATCH.raw.raw_employee_territories', extra=None)]
[2024-07-14T04:50:08.649+0000] {dag.py:3096} INFO - Sync 1 DAGs
[2024-07-14T04:50:08.774+0000] {dag.py:3954} INFO - Setting next_dagrun for ELT-PROJECT to 2024-07-14 00:00:00+00:00, run_after=2024-07-15 00:00:00+00:00
[2024-07-14T04:50:08.918+0000] {taskinstance.py:441} INFO - ::group::Post task execution logs
[2024-07-14T04:50:09.153+0000] {taskinstance.py:1206} INFO - Marking task as SUCCESS. dag_id=ELT-PROJECT, task_id=transform.raw_employee_territories_run, run_id=scheduled__2024-07-10T00:00:00+00:00, execution_date=20240710T000000, start_date=20240714T044859, end_date=20240714T045009
[2024-07-14T04:50:09.765+0000] {local_task_job_runner.py:240} INFO - Task exited with return code 0
[2024-07-14T04:50:10.020+0000] {taskinstance.py:3503} INFO - 0 downstream tasks scheduled from follow-on schedule check
[2024-07-14T04:50:10.078+0000] {local_task_job_runner.py:222} INFO - ::endgroup::
