[2024-07-14T04:49:02.921+0000] {local_task_job_runner.py:120} INFO - ::group::Pre task execution logs
[2024-07-14T04:49:03.035+0000] {taskinstance.py:2076} INFO - Dependencies all met for dep_context=non-requeueable deps ti=<TaskInstance: ELT-PROJECT.transform.gross_revenue_run scheduled__2024-07-10T00:00:00+00:00 [queued]>
[2024-07-14T04:49:03.073+0000] {taskinstance.py:2076} INFO - Dependencies all met for dep_context=requeueable deps ti=<TaskInstance: ELT-PROJECT.transform.gross_revenue_run scheduled__2024-07-10T00:00:00+00:00 [queued]>
[2024-07-14T04:49:03.074+0000] {taskinstance.py:2306} INFO - Starting attempt 1 of 2
[2024-07-14T04:49:03.126+0000] {taskinstance.py:2330} INFO - Executing <Task(DbtRunLocalOperator): transform.gross_revenue_run> on 2024-07-10 00:00:00+00:00
[2024-07-14T04:49:03.167+0000] {logging_mixin.py:188} WARNING - /home/airflow/.local/lib/python3.12/site-packages/airflow/task/task_runner/standard_task_runner.py:61 DeprecationWarning: This process (pid=22079) is multi-threaded, use of fork() may lead to deadlocks in the child.
[2024-07-14T04:49:03.159+0000] {standard_task_runner.py:90} INFO - Running: ['airflow', 'tasks', 'run', 'ELT-PROJECT', 'transform.gross_revenue_run', 'scheduled__2024-07-10T00:00:00+00:00', '--job-id', '1642', '--raw', '--subdir', 'DAGS_FOLDER/elt.py', '--cfg-path', '/tmp/tmp4sh3503l']
[2024-07-14T04:49:03.182+0000] {standard_task_runner.py:63} INFO - Started process 22108 to run task
[2024-07-14T04:49:03.182+0000] {standard_task_runner.py:91} INFO - Job 1642: Subtask transform.gross_revenue_run
[2024-07-14T04:49:03.257+0000] {logging_mixin.py:188} WARNING - /home/airflow/.local/lib/python3.12/site-packages/airflow/settings.py:195 DeprecationWarning: The sql_alchemy_conn option in [core] has been moved to the sql_alchemy_conn option in [database] - the old setting has been used, but please update your config.
[2024-07-14T04:49:03.427+0000] {task_command.py:426} INFO - Running <TaskInstance: ELT-PROJECT.transform.gross_revenue_run scheduled__2024-07-10T00:00:00+00:00 [running]> on host airflow-scheduler
[2024-07-14T04:49:03.910+0000] {taskinstance.py:2648} INFO - Exporting env vars: AIRFLOW_CTX_DAG_OWNER='Data-Ninja' AIRFLOW_CTX_DAG_ID='ELT-PROJECT' AIRFLOW_CTX_TASK_ID='transform.gross_revenue_run' AIRFLOW_CTX_EXECUTION_DATE='2024-07-10T00:00:00+00:00' AIRFLOW_CTX_TRY_NUMBER='1' AIRFLOW_CTX_DAG_RUN_ID='scheduled__2024-07-10T00:00:00+00:00'
[2024-07-14T04:49:03.932+0000] {taskinstance.py:430} INFO - ::endgroup::
[2024-07-14T04:49:03.954+0000] {local.py:174} INFO - Could not import dbtRunner. Falling back to subprocess for invoking dbt.
[2024-07-14T04:49:03.958+0000] {local.py:292} INFO - Cloning project to writable temp directory /tmp/tmprbj7a0q0 from /opt/airflow/dags/dbt/dbt_project
[2024-07-14T04:49:03.971+0000] {local.py:303} INFO - Partial parse is enabled and the latest partial parse file is /tmp/cosmos/ELT-PROJECT__transform/target/partial_parse.msgpack
[2024-07-14T04:49:04.156+0000] {base.py:84} INFO - Using connection ID 'snow_conn' for task execution.
[2024-07-14T04:49:04.166+0000] {crypto.py:82} WARNING - empty cryptography key - values will not be stored encrypted.
[2024-07-14T04:49:04.171+0000] {config.py:298} INFO - Profile caching is enable.
[2024-07-14T04:49:04.181+0000] {config.py:272} INFO - Profile found in cache using profile: /tmp/cosmos/profile/a0017dab0633177292578162811b91dcb9c56d6e54017e9660056cc364a762ad/profiles.yml.
[2024-07-14T04:49:04.204+0000] {local.py:247} INFO - Trying to run the command:
 ['/opt/airflow/dbt_venv/bin/dbt', 'deps', '--project-dir', '/tmp/tmprbj7a0q0', '--profiles-dir', '/tmp/cosmos/profile/a0017dab0633177292578162811b91dcb9c56d6e54017e9660056cc364a762ad', '--profile', 'dbt_project', '--target', 'dev']
From /tmp/tmprbj7a0q0
[2024-07-14T04:49:04.222+0000] {subprocess.py:60} INFO - Tmp dir root location: 
 /tmp
[2024-07-14T04:49:04.224+0000] {subprocess.py:73} INFO - Running command: ['/opt/airflow/dbt_venv/bin/dbt', 'deps', '--project-dir', '/tmp/tmprbj7a0q0', '--profiles-dir', '/tmp/cosmos/profile/a0017dab0633177292578162811b91dcb9c56d6e54017e9660056cc364a762ad', '--profile', 'dbt_project', '--target', 'dev']
[2024-07-14T04:49:04.307+0000] {subprocess.py:84} INFO - Command output:
[2024-07-14T04:49:22.471+0000] {subprocess.py:94} INFO - [0m04:49:22  Running with dbt=1.8.3
[2024-07-14T04:49:24.116+0000] {subprocess.py:94} INFO - [0m04:49:24  Updating lock file in file path: /tmp/tmprbj7a0q0/package-lock.yml
[2024-07-14T04:49:24.138+0000] {subprocess.py:94} INFO - [0m04:49:24  Installing dbt-labs/dbt_utils
[2024-07-14T04:49:24.931+0000] {subprocess.py:94} INFO - [0m04:49:24  Installed from version 0.8.6
[2024-07-14T04:49:24.938+0000] {subprocess.py:94} INFO - [0m04:49:24  Updated version available: 1.2.0
[2024-07-14T04:49:24.942+0000] {subprocess.py:94} INFO - [0m04:49:24
[2024-07-14T04:49:24.947+0000] {subprocess.py:94} INFO - [0m04:49:24  Updates available for packages: ['dbt-labs/dbt_utils']
[2024-07-14T04:49:24.954+0000] {subprocess.py:94} INFO - Update your versions in packages.yml, then run dbt deps
[2024-07-14T04:49:26.841+0000] {subprocess.py:98} INFO - Command exited with return code 0
[2024-07-14T04:49:26.844+0000] {local.py:254} INFO - Update your versions in packages.yml, then run dbt deps
[2024-07-14T04:49:26.847+0000] {local.py:247} INFO - Trying to run the command:
 ['/opt/airflow/dbt_venv/bin/dbt', 'run', '--models', 'gross_revenue', '--project-dir', '/tmp/tmprbj7a0q0', '--profiles-dir', '/tmp/cosmos/profile/a0017dab0633177292578162811b91dcb9c56d6e54017e9660056cc364a762ad', '--profile', 'dbt_project', '--target', 'dev']
From /tmp/tmprbj7a0q0
[2024-07-14T04:49:26.849+0000] {subprocess.py:60} INFO - Tmp dir root location: 
 /tmp
[2024-07-14T04:49:26.852+0000] {subprocess.py:73} INFO - Running command: ['/opt/airflow/dbt_venv/bin/dbt', 'run', '--models', 'gross_revenue', '--project-dir', '/tmp/tmprbj7a0q0', '--profiles-dir', '/tmp/cosmos/profile/a0017dab0633177292578162811b91dcb9c56d6e54017e9660056cc364a762ad', '--profile', 'dbt_project', '--target', 'dev']
[2024-07-14T04:49:26.929+0000] {subprocess.py:84} INFO - Command output:
[2024-07-14T04:49:38.449+0000] {subprocess.py:94} INFO - [0m04:49:38  Running with dbt=1.8.3
[2024-07-14T04:49:42.635+0000] {subprocess.py:94} INFO - [0m04:49:42  Registered adapter: snowflake=1.8.3
[2024-07-14T04:49:47.507+0000] {subprocess.py:94} INFO - [0m04:49:47  Found 20 models, 27 data tests, 11 sources, 684 macros
[2024-07-14T04:49:47.527+0000] {subprocess.py:94} INFO - [0m04:49:47
[2024-07-14T04:49:56.681+0000] {subprocess.py:94} INFO - [0m04:49:56  Concurrency: 1 threads (target='dev')
[2024-07-14T04:49:56.684+0000] {subprocess.py:94} INFO - [0m04:49:56
[2024-07-14T04:49:56.773+0000] {subprocess.py:94} INFO - [0m04:49:56  1 of 1 START sql table model dm.gross_revenue .................................. [RUN]
[2024-07-14T04:50:00.399+0000] {subprocess.py:94} INFO - [0m04:50:00  1 of 1 OK created sql table model dm.gross_revenue ............................. [[32mSUCCESS 1[0m in 3.60s]
[2024-07-14T04:50:00.456+0000] {subprocess.py:94} INFO - [0m04:50:00
[2024-07-14T04:50:00.459+0000] {subprocess.py:94} INFO - [0m04:50:00  Finished running 1 table model in 0 hours 0 minutes and 12.91 seconds (12.91s).
[2024-07-14T04:50:01.172+0000] {subprocess.py:94} INFO - [0m04:50:01
[2024-07-14T04:50:01.190+0000] {subprocess.py:94} INFO - [0m04:50:01  [32mCompleted successfully[0m
[2024-07-14T04:50:01.192+0000] {subprocess.py:94} INFO - [0m04:50:01
[2024-07-14T04:50:01.196+0000] {subprocess.py:94} INFO - [0m04:50:01  Done. PASS=1 WARN=0 ERROR=0 SKIP=0 TOTAL=1
[2024-07-14T04:50:03.893+0000] {subprocess.py:98} INFO - Command exited with return code 0
[2024-07-14T04:50:03.896+0000] {local.py:254} INFO - [0m04:50:01  Done. PASS=1 WARN=0 ERROR=0 SKIP=0 TOTAL=1
[2024-07-14T04:50:04.809+0000] {local.py:196} WARNING - Artifact schema version: https://schemas.getdbt.com/dbt/manifest/v12.json is above dbt-ol supported version 7. This might cause errors.
[2024-07-14T04:50:04.838+0000] {local.py:196} WARNING - Artifact schema version: https://schemas.getdbt.com/dbt/run-results/v6.json is above dbt-ol supported version 5. This might cause errors.
[2024-07-14T04:50:04.854+0000] {local.py:349} INFO - Inlets: [Dataset(uri='snowflake://OU00370.europe-west2.gcp/ELT_BATCH.dwh.dim_products', extra=None), Dataset(uri='snowflake://OU00370.europe-west2.gcp/ELT_BATCH.dwh.dim_suppliers', extra=None), Dataset(uri='snowflake://OU00370.europe-west2.gcp/ELT_BATCH.dwh.fact_order_details', extra=None), Dataset(uri='snowflake://OU00370.europe-west2.gcp/ELT_BATCH.dwh.fact_orders', extra=None)]
[2024-07-14T04:50:04.888+0000] {local.py:350} INFO - Outlets: [Dataset(uri='snowflake://OU00370.europe-west2.gcp/ELT_BATCH.dm.gross_revenue', extra=None)]
[2024-07-14T04:50:04.893+0000] {dag.py:3096} INFO - Sync 1 DAGs
[2024-07-14T04:50:05.030+0000] {dag.py:3954} INFO - Setting next_dagrun for ELT-PROJECT to 2024-07-14 00:00:00+00:00, run_after=2024-07-15 00:00:00+00:00
[2024-07-14T04:50:05.254+0000] {taskinstance.py:441} INFO - ::group::Post task execution logs
[2024-07-14T04:50:05.467+0000] {taskinstance.py:1206} INFO - Marking task as SUCCESS. dag_id=ELT-PROJECT, task_id=transform.gross_revenue_run, run_id=scheduled__2024-07-10T00:00:00+00:00, execution_date=20240710T000000, start_date=20240714T044903, end_date=20240714T045005
[2024-07-14T04:50:05.640+0000] {local_task_job_runner.py:240} INFO - Task exited with return code 0
[2024-07-14T04:50:05.681+0000] {local_task_job_runner.py:222} INFO - ::endgroup::
