[2024-07-14T04:23:48.243+0000] {local_task_job_runner.py:120} INFO - ::group::Pre task execution logs
[2024-07-14T04:23:48.436+0000] {taskinstance.py:2076} INFO - Dependencies all met for dep_context=non-requeueable deps ti=<TaskInstance: ELT-PROJECT.transform.dim_products.run scheduled__2024-07-03T00:00:00+00:00 [queued]>
[2024-07-14T04:23:48.528+0000] {taskinstance.py:2076} INFO - Dependencies all met for dep_context=requeueable deps ti=<TaskInstance: ELT-PROJECT.transform.dim_products.run scheduled__2024-07-03T00:00:00+00:00 [queued]>
[2024-07-14T04:23:48.537+0000] {taskinstance.py:2306} INFO - Starting attempt 1 of 2
[2024-07-14T04:23:49.944+0000] {taskinstance.py:2330} INFO - Executing <Task(DbtRunLocalOperator): transform.dim_products.run> on 2024-07-03 00:00:00+00:00
[2024-07-14T04:23:49.973+0000] {logging_mixin.py:188} WARNING - /home/airflow/.local/lib/python3.12/site-packages/airflow/task/task_runner/standard_task_runner.py:61 DeprecationWarning: This process (pid=16785) is multi-threaded, use of fork() may lead to deadlocks in the child.
[2024-07-14T04:23:49.989+0000] {standard_task_runner.py:63} INFO - Started process 16820 to run task
[2024-07-14T04:23:49.993+0000] {standard_task_runner.py:90} INFO - Running: ['airflow', 'tasks', 'run', 'ELT-PROJECT', 'transform.dim_products.run', 'scheduled__2024-07-03T00:00:00+00:00', '--job-id', '1316', '--raw', '--subdir', 'DAGS_FOLDER/elt.py', '--cfg-path', '/tmp/tmpglx9oqb8']
[2024-07-14T04:23:50.030+0000] {standard_task_runner.py:91} INFO - Job 1316: Subtask transform.dim_products.run
[2024-07-14T04:23:50.095+0000] {logging_mixin.py:188} WARNING - /home/airflow/.local/lib/python3.12/site-packages/airflow/settings.py:195 DeprecationWarning: The sql_alchemy_conn option in [core] has been moved to the sql_alchemy_conn option in [database] - the old setting has been used, but please update your config.
[2024-07-14T04:23:50.333+0000] {task_command.py:426} INFO - Running <TaskInstance: ELT-PROJECT.transform.dim_products.run scheduled__2024-07-03T00:00:00+00:00 [running]> on host airflow-scheduler
[2024-07-14T04:23:50.860+0000] {taskinstance.py:2648} INFO - Exporting env vars: AIRFLOW_CTX_DAG_OWNER='Data-Ninja' AIRFLOW_CTX_DAG_ID='ELT-PROJECT' AIRFLOW_CTX_TASK_ID='transform.dim_products.run' AIRFLOW_CTX_EXECUTION_DATE='2024-07-03T00:00:00+00:00' AIRFLOW_CTX_TRY_NUMBER='1' AIRFLOW_CTX_DAG_RUN_ID='scheduled__2024-07-03T00:00:00+00:00'
[2024-07-14T04:23:50.881+0000] {taskinstance.py:430} INFO - ::endgroup::
[2024-07-14T04:23:50.886+0000] {local.py:174} INFO - Could not import dbtRunner. Falling back to subprocess for invoking dbt.
[2024-07-14T04:23:50.891+0000] {local.py:292} INFO - Cloning project to writable temp directory /tmp/tmp7ycri2qb from /opt/airflow/dags/dbt/dbt_project
[2024-07-14T04:23:50.909+0000] {local.py:303} INFO - Partial parse is enabled and the latest partial parse file is /tmp/cosmos/ELT-PROJECT__transform/target/partial_parse.msgpack
[2024-07-14T04:23:51.077+0000] {base.py:84} INFO - Using connection ID 'snow_conn' for task execution.
[2024-07-14T04:23:51.079+0000] {crypto.py:82} WARNING - empty cryptography key - values will not be stored encrypted.
[2024-07-14T04:23:51.080+0000] {config.py:298} INFO - Profile caching is enable.
[2024-07-14T04:23:51.088+0000] {config.py:272} INFO - Profile found in cache using profile: /tmp/cosmos/profile/a0017dab0633177292578162811b91dcb9c56d6e54017e9660056cc364a762ad/profiles.yml.
[2024-07-14T04:23:51.112+0000] {local.py:247} INFO - Trying to run the command:
 ['/opt/airflow/dbt_venv/bin/dbt', 'deps', '--project-dir', '/tmp/tmp7ycri2qb', '--profiles-dir', '/tmp/cosmos/profile/a0017dab0633177292578162811b91dcb9c56d6e54017e9660056cc364a762ad', '--profile', 'dbt_project', '--target', 'dev']
From /tmp/tmp7ycri2qb
[2024-07-14T04:23:51.115+0000] {subprocess.py:60} INFO - Tmp dir root location: 
 /tmp
[2024-07-14T04:23:51.118+0000] {subprocess.py:73} INFO - Running command: ['/opt/airflow/dbt_venv/bin/dbt', 'deps', '--project-dir', '/tmp/tmp7ycri2qb', '--profiles-dir', '/tmp/cosmos/profile/a0017dab0633177292578162811b91dcb9c56d6e54017e9660056cc364a762ad', '--profile', 'dbt_project', '--target', 'dev']
[2024-07-14T04:23:51.176+0000] {subprocess.py:84} INFO - Command output:
[2024-07-14T04:24:04.138+0000] {subprocess.py:94} INFO - [0m04:24:04  Running with dbt=1.8.3
[2024-07-14T04:24:06.363+0000] {subprocess.py:94} INFO - [0m04:24:06  Updating lock file in file path: /tmp/tmp7ycri2qb/package-lock.yml
[2024-07-14T04:24:06.394+0000] {subprocess.py:94} INFO - [0m04:24:06  Installing dbt-labs/dbt_utils
[2024-07-14T04:24:07.768+0000] {subprocess.py:94} INFO - [0m04:24:07  Installed from version 0.8.6
[2024-07-14T04:24:07.822+0000] {subprocess.py:94} INFO - [0m04:24:07  Updated version available: 1.2.0
[2024-07-14T04:24:07.846+0000] {subprocess.py:94} INFO - [0m04:24:07
[2024-07-14T04:24:07.849+0000] {subprocess.py:94} INFO - [0m04:24:07  Updates available for packages: ['dbt-labs/dbt_utils']
[2024-07-14T04:24:07.851+0000] {subprocess.py:94} INFO - Update your versions in packages.yml, then run dbt deps
[2024-07-14T04:24:10.127+0000] {subprocess.py:98} INFO - Command exited with return code 0
[2024-07-14T04:24:10.131+0000] {local.py:254} INFO - Update your versions in packages.yml, then run dbt deps
[2024-07-14T04:24:10.134+0000] {local.py:247} INFO - Trying to run the command:
 ['/opt/airflow/dbt_venv/bin/dbt', 'run', '--models', 'dim_products', '--project-dir', '/tmp/tmp7ycri2qb', '--profiles-dir', '/tmp/cosmos/profile/a0017dab0633177292578162811b91dcb9c56d6e54017e9660056cc364a762ad', '--profile', 'dbt_project', '--target', 'dev']
From /tmp/tmp7ycri2qb
[2024-07-14T04:24:10.137+0000] {subprocess.py:60} INFO - Tmp dir root location: 
 /tmp
[2024-07-14T04:24:10.148+0000] {subprocess.py:73} INFO - Running command: ['/opt/airflow/dbt_venv/bin/dbt', 'run', '--models', 'dim_products', '--project-dir', '/tmp/tmp7ycri2qb', '--profiles-dir', '/tmp/cosmos/profile/a0017dab0633177292578162811b91dcb9c56d6e54017e9660056cc364a762ad', '--profile', 'dbt_project', '--target', 'dev']
[2024-07-14T04:24:10.361+0000] {subprocess.py:84} INFO - Command output:
[2024-07-14T04:24:26.445+0000] {subprocess.py:94} INFO - [0m04:24:26  Running with dbt=1.8.3
[2024-07-14T04:24:30.236+0000] {subprocess.py:94} INFO - [0m04:24:30  Registered adapter: snowflake=1.8.3
[2024-07-14T04:24:34.462+0000] {subprocess.py:94} INFO - [0m04:24:34  Found 20 models, 27 data tests, 11 sources, 684 macros
[2024-07-14T04:24:34.473+0000] {subprocess.py:94} INFO - [0m04:24:34
[2024-07-14T04:24:42.568+0000] {subprocess.py:94} INFO - [0m04:24:42  Concurrency: 1 threads (target='dev')
[2024-07-14T04:24:42.570+0000] {subprocess.py:94} INFO - [0m04:24:42
[2024-07-14T04:24:42.708+0000] {subprocess.py:94} INFO - [0m04:24:42  1 of 1 START sql table model dwh.dim_products .................................. [RUN]
[2024-07-14T04:24:45.498+0000] {subprocess.py:94} INFO - [0m04:24:45  1 of 1 OK created sql table model dwh.dim_products ............................. [[32mSUCCESS 1[0m in 2.75s]
[2024-07-14T04:24:45.533+0000] {subprocess.py:94} INFO - [0m04:24:45
[2024-07-14T04:24:45.536+0000] {subprocess.py:94} INFO - [0m04:24:45  Finished running 1 table model in 0 hours 0 minutes and 11.06 seconds (11.06s).
[2024-07-14T04:24:46.273+0000] {subprocess.py:94} INFO - [0m04:24:46
[2024-07-14T04:24:46.278+0000] {subprocess.py:94} INFO - [0m04:24:46  [32mCompleted successfully[0m
[2024-07-14T04:24:46.280+0000] {subprocess.py:94} INFO - [0m04:24:46
[2024-07-14T04:24:46.282+0000] {subprocess.py:94} INFO - [0m04:24:46  Done. PASS=1 WARN=0 ERROR=0 SKIP=0 TOTAL=1
[2024-07-14T04:24:49.637+0000] {subprocess.py:98} INFO - Command exited with return code 0
[2024-07-14T04:24:49.641+0000] {local.py:254} INFO - [0m04:24:46  Done. PASS=1 WARN=0 ERROR=0 SKIP=0 TOTAL=1
[2024-07-14T04:24:50.510+0000] {local.py:196} WARNING - Artifact schema version: https://schemas.getdbt.com/dbt/manifest/v12.json is above dbt-ol supported version 7. This might cause errors.
[2024-07-14T04:24:50.516+0000] {local.py:196} WARNING - Artifact schema version: https://schemas.getdbt.com/dbt/run-results/v6.json is above dbt-ol supported version 5. This might cause errors.
[2024-07-14T04:24:50.541+0000] {local.py:349} INFO - Inlets: [Dataset(uri='snowflake://OU00370.europe-west2.gcp/ELT_BATCH.dwh.dim_categories', extra=None), Dataset(uri='snowflake://OU00370.europe-west2.gcp/ELT_BATCH.dwh.dim_suppliers', extra=None), Dataset(uri='snowflake://OU00370.europe-west2.gcp/ELT_BATCH.raw.raw_products', extra=None)]
[2024-07-14T04:24:50.566+0000] {local.py:350} INFO - Outlets: [Dataset(uri='snowflake://OU00370.europe-west2.gcp/ELT_BATCH.dwh.dim_products', extra=None)]
[2024-07-14T04:24:50.574+0000] {dag.py:3096} INFO - Sync 1 DAGs
[2024-07-14T04:24:50.960+0000] {taskinstance.py:441} INFO - ::group::Post task execution logs
[2024-07-14T04:24:51.183+0000] {taskinstance.py:1206} INFO - Marking task as SUCCESS. dag_id=ELT-PROJECT, task_id=transform.dim_products.run, run_id=scheduled__2024-07-03T00:00:00+00:00, execution_date=20240703T000000, start_date=20240714T042348, end_date=20240714T042451
[2024-07-14T04:24:51.324+0000] {local_task_job_runner.py:240} INFO - Task exited with return code 0
[2024-07-14T04:24:51.404+0000] {local_task_job_runner.py:222} INFO - ::endgroup::
