[2024-07-13T15:14:41.071+0000] {local_task_job_runner.py:120} INFO - ::group::Pre task execution logs
[2024-07-13T15:14:41.179+0000] {taskinstance.py:2076} INFO - Dependencies all met for dep_context=non-requeueable deps ti=<TaskInstance: ELT-PROJECT.extract.extract_shippers manual__2024-07-13T15:14:34.532265+00:00 [queued]>
[2024-07-13T15:14:41.213+0000] {taskinstance.py:2076} INFO - Dependencies all met for dep_context=requeueable deps ti=<TaskInstance: ELT-PROJECT.extract.extract_shippers manual__2024-07-13T15:14:34.532265+00:00 [queued]>
[2024-07-13T15:14:41.217+0000] {taskinstance.py:2306} INFO - Starting attempt 1 of 2
[2024-07-13T15:14:41.310+0000] {taskinstance.py:2330} INFO - Executing <Task(_PythonDecoratedOperator): extract.extract_shippers> on 2024-07-13 15:14:34.532265+00:00
[2024-07-13T15:14:41.344+0000] {standard_task_runner.py:90} INFO - Running: ['airflow', 'tasks', 'run', 'ELT-PROJECT', 'extract.extract_shippers', 'manual__2024-07-13T15:14:34.532265+00:00', '--job-id', '365', '--raw', '--subdir', 'DAGS_FOLDER/elt.py', '--cfg-path', '/tmp/tmp5g9ngcrd']
[2024-07-13T15:14:41.344+0000] {logging_mixin.py:188} WARNING - /home/airflow/.local/lib/python3.12/site-packages/airflow/task/task_runner/standard_task_runner.py:61 DeprecationWarning: This process (pid=412) is multi-threaded, use of fork() may lead to deadlocks in the child.
[2024-07-13T15:14:41.351+0000] {standard_task_runner.py:91} INFO - Job 365: Subtask extract.extract_shippers
[2024-07-13T15:14:41.352+0000] {standard_task_runner.py:63} INFO - Started process 434 to run task
[2024-07-13T15:14:41.488+0000] {logging_mixin.py:188} WARNING - /home/airflow/.local/lib/python3.12/site-packages/airflow/settings.py:195 DeprecationWarning: The sql_alchemy_conn option in [core] has been moved to the sql_alchemy_conn option in [database] - the old setting has been used, but please update your config.
[2024-07-13T15:14:41.819+0000] {task_command.py:426} INFO - Running <TaskInstance: ELT-PROJECT.extract.extract_shippers manual__2024-07-13T15:14:34.532265+00:00 [running]> on host airflow-scheduler
[2024-07-13T15:14:42.515+0000] {taskinstance.py:2648} INFO - Exporting env vars: AIRFLOW_CTX_DAG_OWNER='Data-Ninja' AIRFLOW_CTX_DAG_ID='ELT-PROJECT' AIRFLOW_CTX_TASK_ID='extract.extract_shippers' AIRFLOW_CTX_EXECUTION_DATE='2024-07-13T15:14:34.532265+00:00' AIRFLOW_CTX_TRY_NUMBER='1' AIRFLOW_CTX_DAG_RUN_ID='manual__2024-07-13T15:14:34.532265+00:00'
[2024-07-13T15:14:42.527+0000] {taskinstance.py:430} INFO - ::endgroup::
[2024-07-13T15:14:42.592+0000] {base.py:84} INFO - Using connection ID 'post_conn' for task execution.
[2024-07-13T15:14:43.069+0000] {python.py:237} INFO - Done. Returned value was:    shipperID       companyName           phone
0          1    Speedy Express  (503) 555-9831
1          2    United Package  (503) 555-3199
2          3  Federal Shipping  (503) 555-9931
[2024-07-13T15:14:43.102+0000] {taskinstance.py:441} INFO - ::group::Post task execution logs
[2024-07-13T15:14:44.684+0000] {taskinstance.py:1206} INFO - Marking task as SUCCESS. dag_id=ELT-PROJECT, task_id=extract.extract_shippers, run_id=manual__2024-07-13T15:14:34.532265+00:00, execution_date=20240713T151434, start_date=20240713T151441, end_date=20240713T151444
[2024-07-13T15:14:44.792+0000] {local_task_job_runner.py:240} INFO - Task exited with return code 0
[2024-07-13T15:14:45.335+0000] {taskinstance.py:3503} INFO - 1 downstream tasks scheduled from follow-on schedule check
[2024-07-13T15:14:45.348+0000] {local_task_job_runner.py:222} INFO - ::endgroup::
