[2024-07-14T04:02:42.268+0000] {local_task_job_runner.py:120} INFO - ::group::Pre task execution logs
[2024-07-14T04:02:42.335+0000] {taskinstance.py:2076} INFO - Dependencies all met for dep_context=non-requeueable deps ti=<TaskInstance: ELT-PROJECT.load.load_suppliers scheduled__2024-07-10T00:00:00+00:00 [queued]>
[2024-07-14T04:02:42.366+0000] {taskinstance.py:2076} INFO - Dependencies all met for dep_context=requeueable deps ti=<TaskInstance: ELT-PROJECT.load.load_suppliers scheduled__2024-07-10T00:00:00+00:00 [queued]>
[2024-07-14T04:02:42.367+0000] {taskinstance.py:2306} INFO - Starting attempt 1 of 2
[2024-07-14T04:02:42.410+0000] {taskinstance.py:2330} INFO - Executing <Task(_PythonDecoratedOperator): load.load_suppliers> on 2024-07-10 00:00:00+00:00
[2024-07-14T04:02:42.430+0000] {logging_mixin.py:188} WARNING - /home/airflow/.local/lib/python3.12/site-packages/airflow/task/task_runner/standard_task_runner.py:61 DeprecationWarning: This process (pid=12008) is multi-threaded, use of fork() may lead to deadlocks in the child.
[2024-07-14T04:02:42.432+0000] {standard_task_runner.py:63} INFO - Started process 12037 to run task
[2024-07-14T04:02:42.430+0000] {standard_task_runner.py:90} INFO - Running: ['airflow', 'tasks', 'run', 'ELT-PROJECT', 'load.load_suppliers', 'scheduled__2024-07-10T00:00:00+00:00', '--job-id', '998', '--raw', '--subdir', 'DAGS_FOLDER/elt.py', '--cfg-path', '/tmp/tmphoz00d4h']
[2024-07-14T04:02:42.435+0000] {standard_task_runner.py:91} INFO - Job 998: Subtask load.load_suppliers
[2024-07-14T04:02:42.505+0000] {logging_mixin.py:188} WARNING - /home/airflow/.local/lib/python3.12/site-packages/airflow/settings.py:195 DeprecationWarning: The sql_alchemy_conn option in [core] has been moved to the sql_alchemy_conn option in [database] - the old setting has been used, but please update your config.
[2024-07-14T04:02:42.688+0000] {task_command.py:426} INFO - Running <TaskInstance: ELT-PROJECT.load.load_suppliers scheduled__2024-07-10T00:00:00+00:00 [running]> on host airflow-scheduler
[2024-07-14T04:02:43.797+0000] {taskinstance.py:2648} INFO - Exporting env vars: AIRFLOW_CTX_DAG_OWNER='Data-Ninja' AIRFLOW_CTX_DAG_ID='ELT-PROJECT' AIRFLOW_CTX_TASK_ID='load.load_suppliers' AIRFLOW_CTX_EXECUTION_DATE='2024-07-10T00:00:00+00:00' AIRFLOW_CTX_TRY_NUMBER='1' AIRFLOW_CTX_DAG_RUN_ID='scheduled__2024-07-10T00:00:00+00:00'
[2024-07-14T04:02:43.800+0000] {taskinstance.py:430} INFO - ::endgroup::
[2024-07-14T04:02:43.807+0000] {connection.py:399} INFO - Snowflake Connector for Python Version: 3.10.1, Python Version: 3.12.4, Platform: Linux-5.15.133.1-microsoft-standard-WSL2-x86_64-with-glibc2.36
[2024-07-14T04:02:43.810+0000] {connection.py:1249} INFO - THIS CONNECTION IS IN INSECURE MODE. IT MEANS THE CERTIFICATE WILL BE VALIDATED BUT THE CERTIFICATE REVOCATION STATUS WILL NOT BE CHECKED.
[2024-07-14T04:02:43.975+0000] {ssl_wrap_socket.py:100} INFO - THIS CONNECTION IS IN INSECURE MODE. IT MEANS THE CERTIFICATE WILL BE VALIDATED BUT THE CERTIFICATE REVOCATION STATUS WILL NOT BE CHECKED.
[2024-07-14T04:02:44.389+0000] {logging_mixin.py:188} INFO - Nama kolom di DataFrame: Index(['supplierID', 'companyName', 'contactName', 'contactTitle', 'address',
       'city', 'region', 'postalCode', 'country', 'phone', 'fax', 'homePage'],
      dtype='object')
[2024-07-14T04:02:44.945+0000] {cursor.py:1149} INFO - Number of results in first chunk: 1
[2024-07-14T04:02:45.619+0000] {ssl_wrap_socket.py:100} INFO - THIS CONNECTION IS IN INSECURE MODE. IT MEANS THE CERTIFICATE WILL BE VALIDATED BUT THE CERTIFICATE REVOCATION STATUS WILL NOT BE CHECKED.
[2024-07-14T04:02:47.982+0000] {cursor.py:1149} INFO - Number of results in first chunk: 1
[2024-07-14T04:02:48.605+0000] {cursor.py:1149} INFO - Number of results in first chunk: 12
[2024-07-14T04:02:48.971+0000] {cursor.py:1149} INFO - Number of results in first chunk: 1
[2024-07-14T04:02:49.536+0000] {cursor.py:1149} INFO - Number of results in first chunk: 1
[2024-07-14T04:02:50.862+0000] {cursor.py:1149} INFO - Number of results in first chunk: 1
[2024-07-14T04:02:50.867+0000] {logging_mixin.py:188} INFO - Done suppliers.
[2024-07-14T04:02:50.878+0000] {connection.py:762} INFO - closed
[2024-07-14T04:02:51.221+0000] {connection.py:768} INFO - No async queries seem to be running, deleting session
[2024-07-14T04:02:51.577+0000] {python.py:237} INFO - Done. Returned value was: None
[2024-07-14T04:02:51.592+0000] {taskinstance.py:441} INFO - ::group::Post task execution logs
[2024-07-14T04:02:51.647+0000] {taskinstance.py:1206} INFO - Marking task as SUCCESS. dag_id=ELT-PROJECT, task_id=load.load_suppliers, run_id=scheduled__2024-07-10T00:00:00+00:00, execution_date=20240710T000000, start_date=20240714T040242, end_date=20240714T040251
[2024-07-14T04:02:51.787+0000] {local_task_job_runner.py:240} INFO - Task exited with return code 0
[2024-07-14T04:02:51.940+0000] {taskinstance.py:3503} INFO - 0 downstream tasks scheduled from follow-on schedule check
[2024-07-14T04:02:51.973+0000] {local_task_job_runner.py:222} INFO - ::endgroup::
