[2024-07-14T04:48:53.067+0000] {local_task_job_runner.py:120} INFO - ::group::Pre task execution logs
[2024-07-14T04:48:53.211+0000] {taskinstance.py:2076} INFO - Dependencies all met for dep_context=non-requeueable deps ti=<TaskInstance: ELT-PROJECT.transform.popular_product_categories_run scheduled__2024-07-09T00:00:00+00:00 [queued]>
[2024-07-14T04:48:53.272+0000] {taskinstance.py:2076} INFO - Dependencies all met for dep_context=requeueable deps ti=<TaskInstance: ELT-PROJECT.transform.popular_product_categories_run scheduled__2024-07-09T00:00:00+00:00 [queued]>
[2024-07-14T04:48:53.274+0000] {taskinstance.py:2306} INFO - Starting attempt 1 of 2
[2024-07-14T04:48:53.342+0000] {taskinstance.py:2330} INFO - Executing <Task(DbtRunLocalOperator): transform.popular_product_categories_run> on 2024-07-09 00:00:00+00:00
[2024-07-14T04:48:53.364+0000] {logging_mixin.py:188} WARNING - /home/airflow/.local/lib/python3.12/site-packages/airflow/task/task_runner/standard_task_runner.py:61 DeprecationWarning: This process (pid=22051) is multi-threaded, use of fork() may lead to deadlocks in the child.
[2024-07-14T04:48:53.376+0000] {standard_task_runner.py:63} INFO - Started process 22076 to run task
[2024-07-14T04:48:53.381+0000] {standard_task_runner.py:90} INFO - Running: ['airflow', 'tasks', 'run', 'ELT-PROJECT', 'transform.popular_product_categories_run', 'scheduled__2024-07-09T00:00:00+00:00', '--job-id', '1640', '--raw', '--subdir', 'DAGS_FOLDER/elt.py', '--cfg-path', '/tmp/tmp5oq_2ll6']
[2024-07-14T04:48:53.388+0000] {standard_task_runner.py:91} INFO - Job 1640: Subtask transform.popular_product_categories_run
[2024-07-14T04:48:53.451+0000] {logging_mixin.py:188} WARNING - /home/airflow/.local/lib/python3.12/site-packages/airflow/settings.py:195 DeprecationWarning: The sql_alchemy_conn option in [core] has been moved to the sql_alchemy_conn option in [database] - the old setting has been used, but please update your config.
[2024-07-14T04:48:53.665+0000] {task_command.py:426} INFO - Running <TaskInstance: ELT-PROJECT.transform.popular_product_categories_run scheduled__2024-07-09T00:00:00+00:00 [running]> on host airflow-scheduler
[2024-07-14T04:48:54.084+0000] {taskinstance.py:2648} INFO - Exporting env vars: AIRFLOW_CTX_DAG_OWNER='Data-Ninja' AIRFLOW_CTX_DAG_ID='ELT-PROJECT' AIRFLOW_CTX_TASK_ID='transform.popular_product_categories_run' AIRFLOW_CTX_EXECUTION_DATE='2024-07-09T00:00:00+00:00' AIRFLOW_CTX_TRY_NUMBER='1' AIRFLOW_CTX_DAG_RUN_ID='scheduled__2024-07-09T00:00:00+00:00'
[2024-07-14T04:48:54.087+0000] {taskinstance.py:430} INFO - ::endgroup::
[2024-07-14T04:48:54.090+0000] {local.py:174} INFO - Could not import dbtRunner. Falling back to subprocess for invoking dbt.
[2024-07-14T04:48:54.103+0000] {local.py:292} INFO - Cloning project to writable temp directory /tmp/tmp5u8xf_ec from /opt/airflow/dags/dbt/dbt_project
[2024-07-14T04:48:54.124+0000] {local.py:303} INFO - Partial parse is enabled and the latest partial parse file is /tmp/cosmos/ELT-PROJECT__transform/target/partial_parse.msgpack
[2024-07-14T04:48:54.244+0000] {base.py:84} INFO - Using connection ID 'snow_conn' for task execution.
[2024-07-14T04:48:54.252+0000] {crypto.py:82} WARNING - empty cryptography key - values will not be stored encrypted.
[2024-07-14T04:48:54.253+0000] {config.py:298} INFO - Profile caching is enable.
[2024-07-14T04:48:54.259+0000] {config.py:272} INFO - Profile found in cache using profile: /tmp/cosmos/profile/a0017dab0633177292578162811b91dcb9c56d6e54017e9660056cc364a762ad/profiles.yml.
[2024-07-14T04:48:54.272+0000] {local.py:247} INFO - Trying to run the command:
 ['/opt/airflow/dbt_venv/bin/dbt', 'deps', '--project-dir', '/tmp/tmp5u8xf_ec', '--profiles-dir', '/tmp/cosmos/profile/a0017dab0633177292578162811b91dcb9c56d6e54017e9660056cc364a762ad', '--profile', 'dbt_project', '--target', 'dev']
From /tmp/tmp5u8xf_ec
[2024-07-14T04:48:54.289+0000] {subprocess.py:60} INFO - Tmp dir root location: 
 /tmp
[2024-07-14T04:48:54.299+0000] {subprocess.py:73} INFO - Running command: ['/opt/airflow/dbt_venv/bin/dbt', 'deps', '--project-dir', '/tmp/tmp5u8xf_ec', '--profiles-dir', '/tmp/cosmos/profile/a0017dab0633177292578162811b91dcb9c56d6e54017e9660056cc364a762ad', '--profile', 'dbt_project', '--target', 'dev']
[2024-07-14T04:48:54.351+0000] {subprocess.py:84} INFO - Command output:
[2024-07-14T04:49:11.264+0000] {subprocess.py:94} INFO - [0m04:49:11  Running with dbt=1.8.3
[2024-07-14T04:49:13.314+0000] {subprocess.py:94} INFO - [0m04:49:13  Updating lock file in file path: /tmp/tmp5u8xf_ec/package-lock.yml
[2024-07-14T04:49:13.347+0000] {subprocess.py:94} INFO - [0m04:49:13  Installing dbt-labs/dbt_utils
[2024-07-14T04:49:14.527+0000] {subprocess.py:94} INFO - [0m04:49:14  Installed from version 0.8.6
[2024-07-14T04:49:14.530+0000] {subprocess.py:94} INFO - [0m04:49:14  Updated version available: 1.2.0
[2024-07-14T04:49:14.563+0000] {subprocess.py:94} INFO - [0m04:49:14
[2024-07-14T04:49:14.567+0000] {subprocess.py:94} INFO - [0m04:49:14  Updates available for packages: ['dbt-labs/dbt_utils']
[2024-07-14T04:49:14.570+0000] {subprocess.py:94} INFO - Update your versions in packages.yml, then run dbt deps
[2024-07-14T04:49:17.241+0000] {subprocess.py:98} INFO - Command exited with return code 0
[2024-07-14T04:49:17.247+0000] {local.py:254} INFO - Update your versions in packages.yml, then run dbt deps
[2024-07-14T04:49:17.250+0000] {local.py:247} INFO - Trying to run the command:
 ['/opt/airflow/dbt_venv/bin/dbt', 'run', '--models', 'popular_product_categories', '--project-dir', '/tmp/tmp5u8xf_ec', '--profiles-dir', '/tmp/cosmos/profile/a0017dab0633177292578162811b91dcb9c56d6e54017e9660056cc364a762ad', '--profile', 'dbt_project', '--target', 'dev']
From /tmp/tmp5u8xf_ec
[2024-07-14T04:49:17.257+0000] {subprocess.py:60} INFO - Tmp dir root location: 
 /tmp
[2024-07-14T04:49:17.272+0000] {subprocess.py:73} INFO - Running command: ['/opt/airflow/dbt_venv/bin/dbt', 'run', '--models', 'popular_product_categories', '--project-dir', '/tmp/tmp5u8xf_ec', '--profiles-dir', '/tmp/cosmos/profile/a0017dab0633177292578162811b91dcb9c56d6e54017e9660056cc364a762ad', '--profile', 'dbt_project', '--target', 'dev']
[2024-07-14T04:49:17.407+0000] {subprocess.py:84} INFO - Command output:
[2024-07-14T04:49:29.175+0000] {subprocess.py:94} INFO - [0m04:49:29  Running with dbt=1.8.3
[2024-07-14T04:49:32.363+0000] {subprocess.py:94} INFO - [0m04:49:32  Registered adapter: snowflake=1.8.3
[2024-07-14T04:49:36.501+0000] {subprocess.py:94} INFO - [0m04:49:36  Found 20 models, 27 data tests, 11 sources, 684 macros
[2024-07-14T04:49:36.537+0000] {subprocess.py:94} INFO - [0m04:49:36
[2024-07-14T04:49:44.997+0000] {subprocess.py:94} INFO - [0m04:49:44  Concurrency: 1 threads (target='dev')
[2024-07-14T04:49:45.002+0000] {subprocess.py:94} INFO - [0m04:49:45
[2024-07-14T04:49:45.141+0000] {subprocess.py:94} INFO - [0m04:49:45  1 of 1 START sql table model dm.popular_product_categories ..................... [RUN]
[2024-07-14T04:49:48.577+0000] {subprocess.py:94} INFO - [0m04:49:48  1 of 1 OK created sql table model dm.popular_product_categories ................ [[32mSUCCESS 1[0m in 3.41s]
[2024-07-14T04:49:48.595+0000] {subprocess.py:94} INFO - [0m04:49:48
[2024-07-14T04:49:48.597+0000] {subprocess.py:94} INFO - [0m04:49:48  Finished running 1 table model in 0 hours 0 minutes and 12.05 seconds (12.05s).
[2024-07-14T04:49:49.680+0000] {subprocess.py:94} INFO - [0m04:49:49
[2024-07-14T04:49:49.703+0000] {subprocess.py:94} INFO - [0m04:49:49  [32mCompleted successfully[0m
[2024-07-14T04:49:49.707+0000] {subprocess.py:94} INFO - [0m04:49:49
[2024-07-14T04:49:49.711+0000] {subprocess.py:94} INFO - [0m04:49:49  Done. PASS=1 WARN=0 ERROR=0 SKIP=0 TOTAL=1
[2024-07-14T04:49:52.772+0000] {subprocess.py:98} INFO - Command exited with return code 0
[2024-07-14T04:49:52.774+0000] {local.py:254} INFO - [0m04:49:49  Done. PASS=1 WARN=0 ERROR=0 SKIP=0 TOTAL=1
[2024-07-14T04:49:53.531+0000] {local.py:196} WARNING - Artifact schema version: https://schemas.getdbt.com/dbt/manifest/v12.json is above dbt-ol supported version 7. This might cause errors.
[2024-07-14T04:49:53.533+0000] {local.py:196} WARNING - Artifact schema version: https://schemas.getdbt.com/dbt/run-results/v6.json is above dbt-ol supported version 5. This might cause errors.
[2024-07-14T04:49:53.590+0000] {local.py:349} INFO - Inlets: [Dataset(uri='snowflake://OU00370.europe-west2.gcp/ELT_BATCH.dwh.dim_categories', extra=None), Dataset(uri='snowflake://OU00370.europe-west2.gcp/ELT_BATCH.dwh.dim_products', extra=None), Dataset(uri='snowflake://OU00370.europe-west2.gcp/ELT_BATCH.dwh.fact_order_details', extra=None), Dataset(uri='snowflake://OU00370.europe-west2.gcp/ELT_BATCH.dwh.fact_orders', extra=None)]
[2024-07-14T04:49:53.608+0000] {local.py:350} INFO - Outlets: [Dataset(uri='snowflake://OU00370.europe-west2.gcp/ELT_BATCH.dm.popular_product_categories', extra=None)]
[2024-07-14T04:49:53.611+0000] {dag.py:3096} INFO - Sync 1 DAGs
[2024-07-14T04:49:53.737+0000] {dag.py:3954} INFO - Setting next_dagrun for ELT-PROJECT to 2024-07-14 00:00:00+00:00, run_after=2024-07-15 00:00:00+00:00
[2024-07-14T04:49:53.953+0000] {taskinstance.py:441} INFO - ::group::Post task execution logs
[2024-07-14T04:49:54.108+0000] {taskinstance.py:1206} INFO - Marking task as SUCCESS. dag_id=ELT-PROJECT, task_id=transform.popular_product_categories_run, run_id=scheduled__2024-07-09T00:00:00+00:00, execution_date=20240709T000000, start_date=20240714T044853, end_date=20240714T044954
[2024-07-14T04:49:54.281+0000] {local_task_job_runner.py:240} INFO - Task exited with return code 0
[2024-07-14T04:49:54.404+0000] {taskinstance.py:3503} INFO - 0 downstream tasks scheduled from follow-on schedule check
[2024-07-14T04:49:54.431+0000] {local_task_job_runner.py:222} INFO - ::endgroup::
