[2024-06-22T14:24:45.993+0000] {local_task_job_runner.py:120} INFO - ::group::Pre task execution logs
[2024-06-22T14:24:46.491+0000] {taskinstance.py:2076} INFO - Dependencies all met for dep_context=non-requeueable deps ti=<TaskInstance: ELT-PROJECT.transform.raw_regions.run manual__2024-06-22T14:24:28.659778+00:00 [queued]>
[2024-06-22T14:24:46.590+0000] {taskinstance.py:2076} INFO - Dependencies all met for dep_context=requeueable deps ti=<TaskInstance: ELT-PROJECT.transform.raw_regions.run manual__2024-06-22T14:24:28.659778+00:00 [queued]>
[2024-06-22T14:24:46.605+0000] {taskinstance.py:2306} INFO - Starting attempt 1 of 2
[2024-06-22T14:24:46.856+0000] {taskinstance.py:2330} INFO - Executing <Task(DbtRunLocalOperator): transform.raw_regions.run> on 2024-06-22 14:24:28.659778+00:00
[2024-06-22T14:24:47.322+0000] {standard_task_runner.py:90} INFO - Running: ['airflow', 'tasks', 'run', 'ELT-PROJECT', 'transform.raw_regions.run', 'manual__2024-06-22T14:24:28.659778+00:00', '--job-id', '12', '--raw', '--subdir', 'DAGS_FOLDER/elt.py', '--cfg-path', '/tmp/tmp1i6rx5nw']
[2024-06-22T14:24:47.262+0000] {logging_mixin.py:188} WARNING - /home/airflow/.local/lib/python3.12/site-packages/airflow/task/task_runner/standard_task_runner.py:61 DeprecationWarning: This process (pid=244) is multi-threaded, use of fork() may lead to deadlocks in the child.
[2024-06-22T14:24:47.366+0000] {standard_task_runner.py:91} INFO - Job 12: Subtask transform.raw_regions.run
[2024-06-22T14:24:47.405+0000] {standard_task_runner.py:63} INFO - Started process 275 to run task
[2024-06-22T14:24:48.611+0000] {logging_mixin.py:188} WARNING - /home/airflow/.local/lib/python3.12/site-packages/airflow/settings.py:195 DeprecationWarning: The sql_alchemy_conn option in [core] has been moved to the sql_alchemy_conn option in [database] - the old setting has been used, but please update your config.
[2024-06-22T14:24:50.555+0000] {task_command.py:426} INFO - Running <TaskInstance: ELT-PROJECT.transform.raw_regions.run manual__2024-06-22T14:24:28.659778+00:00 [running]> on host airflow-scheduler
[2024-06-22T14:25:09.622+0000] {taskinstance.py:2648} INFO - Exporting env vars: AIRFLOW_CTX_DAG_OWNER='Data-Ninja' AIRFLOW_CTX_DAG_ID='ELT-PROJECT' AIRFLOW_CTX_TASK_ID='transform.raw_regions.run' AIRFLOW_CTX_EXECUTION_DATE='2024-06-22T14:24:28.659778+00:00' AIRFLOW_CTX_TRY_NUMBER='1' AIRFLOW_CTX_DAG_RUN_ID='manual__2024-06-22T14:24:28.659778+00:00'
[2024-06-22T14:25:09.626+0000] {taskinstance.py:430} INFO - ::endgroup::
[2024-06-22T14:25:09.636+0000] {local.py:174} INFO - Could not import dbtRunner. Falling back to subprocess for invoking dbt.
[2024-06-22T14:25:09.643+0000] {local.py:292} INFO - Cloning project to writable temp directory /tmp/tmpzd8o5fwg from /opt/airflow/dags/dbt/dbt_project
[2024-06-22T14:25:09.685+0000] {local.py:303} INFO - Partial parse is enabled and the latest partial parse file is /opt/airflow/dags/dbt/dbt_project/target/partial_parse.msgpack
[2024-06-22T14:25:10.078+0000] {taskinstance.py:441} INFO - ::group::Post task execution logs
[2024-06-22T14:25:10.170+0000] {taskinstance.py:2905} ERROR - Task failed with exception
Traceback (most recent call last):
  File "/home/airflow/.local/lib/python3.12/site-packages/airflow/models/taskinstance.py", line 465, in _execute_task
    result = _execute_callable(context=context, **execute_callable_kwargs)
             ^^^^^^^^^^^^^^^^^^^^^^^^^^^^^^^^^^^^^^^^^^^^^^^^^^^^^^^^^^^^^
  File "/home/airflow/.local/lib/python3.12/site-packages/airflow/models/taskinstance.py", line 432, in _execute_callable
    return execute_callable(context=context, **execute_callable_kwargs)
           ^^^^^^^^^^^^^^^^^^^^^^^^^^^^^^^^^^^^^^^^^^^^^^^^^^^^^^^^^^^^
  File "/home/airflow/.local/lib/python3.12/site-packages/airflow/models/baseoperator.py", line 401, in wrapper
    return func(self, *args, **kwargs)
           ^^^^^^^^^^^^^^^^^^^^^^^^^^^
  File "/home/airflow/.local/lib/python3.12/site-packages/cosmos/operators/base.py", line 264, in execute
    self.build_and_run_cmd(context=context, cmd_flags=self.add_cmd_flags())
  File "/home/airflow/.local/lib/python3.12/site-packages/cosmos/operators/local.py", line 489, in build_and_run_cmd
    result = self.run_command(cmd=dbt_cmd, env=env, context=context)
             ^^^^^^^^^^^^^^^^^^^^^^^^^^^^^^^^^^^^^^^^^^^^^^^^^^^^^^^
  File "/home/airflow/.local/lib/python3.12/site-packages/cosmos/operators/local.py", line 307, in run_command
    with self.profile_config.ensure_profile() as profile_values:
  File "/usr/local/lib/python3.12/contextlib.py", line 137, in __enter__
    return next(self.gen)
           ^^^^^^^^^^^^^^
  File "/home/airflow/.local/lib/python3.12/site-packages/cosmos/config.py", line 270, in ensure_profile
    profile_contents = self.profile_mapping.get_profile_file_contents(
                       ^^^^^^^^^^^^^^^^^^^^^^^^^^^^^^^^^^^^^^^^^^^^^^^
  File "/home/airflow/.local/lib/python3.12/site-packages/cosmos/profiles/base.py", line 224, in get_profile_file_contents
    profile_vars = self.profile
                   ^^^^^^^^^^^^
  File "/home/airflow/.local/lib/python3.12/site-packages/cosmos/profiles/snowflake/user_pass.py", line 77, in profile
    **self.mapped_params,
      ^^^^^^^^^^^^^^^^^^
  File "/home/airflow/.local/lib/python3.12/site-packages/cosmos/profiles/base.py", line 299, in mapped_params
    mapped_params[dbt_field] = self.get_dbt_value(dbt_field)
                               ^^^^^^^^^^^^^^^^^^^^^^^^^^^^^
  File "/home/airflow/.local/lib/python3.12/site-packages/cosmos/profiles/base.py", line 276, in get_dbt_value
    value = self._get_airflow_conn_field(airflow_field)
            ^^^^^^^^^^^^^^^^^^^^^^^^^^^^^^^^^^^^^^^^^^^
  File "/home/airflow/.local/lib/python3.12/site-packages/cosmos/profiles/base.py", line 249, in _get_airflow_conn_field
    value = self.conn.extra_dejson.get(airflow_field)
            ^^^^^^^^^
  File "/home/airflow/.local/lib/python3.12/site-packages/cosmos/profiles/snowflake/user_pass.py", line 62, in conn
    conn = super().conn
           ^^^^^^^^^^^^
  File "/home/airflow/.local/lib/python3.12/site-packages/cosmos/profiles/base.py", line 127, in conn
    conn = BaseHook.get_connection(self.conn_id)
           ^^^^^^^^^^^^^^^^^^^^^^^^^^^^^^^^^^^^^
  File "/home/airflow/.local/lib/python3.12/site-packages/airflow/hooks/base.py", line 83, in get_connection
    conn = Connection.get_connection_from_secrets(conn_id)
           ^^^^^^^^^^^^^^^^^^^^^^^^^^^^^^^^^^^^^^^^^^^^^^^
  File "/home/airflow/.local/lib/python3.12/site-packages/airflow/models/connection.py", line 519, in get_connection_from_secrets
    raise AirflowNotFoundException(f"The conn_id `{conn_id}` isn't defined")
airflow.exceptions.AirflowNotFoundException: The conn_id `snow_conn` isn't defined
[2024-06-22T14:25:10.187+0000] {taskinstance.py:1206} INFO - Marking task as UP_FOR_RETRY. dag_id=ELT-PROJECT, task_id=transform.raw_regions.run, run_id=manual__2024-06-22T14:24:28.659778+00:00, execution_date=20240622T142428, start_date=20240622T142446, end_date=20240622T142510
[2024-06-22T14:25:10.422+0000] {standard_task_runner.py:110} ERROR - Failed to execute job 12 for task transform.raw_regions.run (The conn_id `snow_conn` isn't defined; 275)
[2024-06-22T14:25:10.547+0000] {local_task_job_runner.py:240} INFO - Task exited with return code 1
[2024-06-22T14:25:10.617+0000] {local_task_job_runner.py:222} INFO - ::endgroup::
