[2024-07-14T04:14:16.999+0000] {local_task_job_runner.py:120} INFO - ::group::Pre task execution logs
[2024-07-14T04:14:17.192+0000] {taskinstance.py:2076} INFO - Dependencies all met for dep_context=non-requeueable deps ti=<TaskInstance: ELT-PROJECT.transform.dim_suppliers.run scheduled__2024-07-08T00:00:00+00:00 [queued]>
[2024-07-14T04:14:17.264+0000] {taskinstance.py:2076} INFO - Dependencies all met for dep_context=requeueable deps ti=<TaskInstance: ELT-PROJECT.transform.dim_suppliers.run scheduled__2024-07-08T00:00:00+00:00 [queued]>
[2024-07-14T04:14:17.284+0000] {taskinstance.py:2306} INFO - Starting attempt 1 of 2
[2024-07-14T04:14:17.351+0000] {taskinstance.py:2330} INFO - Executing <Task(DbtRunLocalOperator): transform.dim_suppliers.run> on 2024-07-08 00:00:00+00:00
[2024-07-14T04:14:17.369+0000] {logging_mixin.py:188} WARNING - /home/airflow/.local/lib/python3.12/site-packages/airflow/task/task_runner/standard_task_runner.py:61 DeprecationWarning: This process (pid=14839) is multi-threaded, use of fork() may lead to deadlocks in the child.
[2024-07-14T04:14:17.387+0000] {standard_task_runner.py:63} INFO - Started process 14876 to run task
[2024-07-14T04:14:17.389+0000] {standard_task_runner.py:90} INFO - Running: ['airflow', 'tasks', 'run', 'ELT-PROJECT', 'transform.dim_suppliers.run', 'scheduled__2024-07-08T00:00:00+00:00', '--job-id', '1191', '--raw', '--subdir', 'DAGS_FOLDER/elt.py', '--cfg-path', '/tmp/tmpgs5fecj0']
[2024-07-14T04:14:17.415+0000] {standard_task_runner.py:91} INFO - Job 1191: Subtask transform.dim_suppliers.run
[2024-07-14T04:14:17.485+0000] {logging_mixin.py:188} WARNING - /home/airflow/.local/lib/python3.12/site-packages/airflow/settings.py:195 DeprecationWarning: The sql_alchemy_conn option in [core] has been moved to the sql_alchemy_conn option in [database] - the old setting has been used, but please update your config.
[2024-07-14T04:14:17.791+0000] {task_command.py:426} INFO - Running <TaskInstance: ELT-PROJECT.transform.dim_suppliers.run scheduled__2024-07-08T00:00:00+00:00 [running]> on host airflow-scheduler
[2024-07-14T04:14:18.375+0000] {taskinstance.py:2648} INFO - Exporting env vars: AIRFLOW_CTX_DAG_OWNER='Data-Ninja' AIRFLOW_CTX_DAG_ID='ELT-PROJECT' AIRFLOW_CTX_TASK_ID='transform.dim_suppliers.run' AIRFLOW_CTX_EXECUTION_DATE='2024-07-08T00:00:00+00:00' AIRFLOW_CTX_TRY_NUMBER='1' AIRFLOW_CTX_DAG_RUN_ID='scheduled__2024-07-08T00:00:00+00:00'
[2024-07-14T04:14:18.386+0000] {taskinstance.py:430} INFO - ::endgroup::
[2024-07-14T04:14:18.399+0000] {local.py:174} INFO - Could not import dbtRunner. Falling back to subprocess for invoking dbt.
[2024-07-14T04:14:18.415+0000] {local.py:292} INFO - Cloning project to writable temp directory /tmp/tmpnuyz0ntx from /opt/airflow/dags/dbt/dbt_project
[2024-07-14T04:14:18.455+0000] {local.py:303} INFO - Partial parse is enabled and the latest partial parse file is /tmp/cosmos/ELT-PROJECT__transform/target/partial_parse.msgpack
[2024-07-14T04:14:18.694+0000] {base.py:84} INFO - Using connection ID 'snow_conn' for task execution.
[2024-07-14T04:14:18.698+0000] {crypto.py:82} WARNING - empty cryptography key - values will not be stored encrypted.
[2024-07-14T04:14:18.702+0000] {config.py:298} INFO - Profile caching is enable.
[2024-07-14T04:14:18.761+0000] {config.py:272} INFO - Profile found in cache using profile: /tmp/cosmos/profile/a0017dab0633177292578162811b91dcb9c56d6e54017e9660056cc364a762ad/profiles.yml.
[2024-07-14T04:14:18.798+0000] {local.py:247} INFO - Trying to run the command:
 ['/opt/airflow/dbt_venv/bin/dbt', 'deps', '--project-dir', '/tmp/tmpnuyz0ntx', '--profiles-dir', '/tmp/cosmos/profile/a0017dab0633177292578162811b91dcb9c56d6e54017e9660056cc364a762ad', '--profile', 'dbt_project', '--target', 'dev']
From /tmp/tmpnuyz0ntx
[2024-07-14T04:14:18.817+0000] {subprocess.py:60} INFO - Tmp dir root location: 
 /tmp
[2024-07-14T04:14:18.846+0000] {subprocess.py:73} INFO - Running command: ['/opt/airflow/dbt_venv/bin/dbt', 'deps', '--project-dir', '/tmp/tmpnuyz0ntx', '--profiles-dir', '/tmp/cosmos/profile/a0017dab0633177292578162811b91dcb9c56d6e54017e9660056cc364a762ad', '--profile', 'dbt_project', '--target', 'dev']
[2024-07-14T04:14:19.048+0000] {subprocess.py:84} INFO - Command output:
[2024-07-14T04:14:38.384+0000] {subprocess.py:94} INFO - [0m04:14:38  Running with dbt=1.8.3
[2024-07-14T04:14:39.921+0000] {subprocess.py:94} INFO - [0m04:14:39  Updating lock file in file path: /tmp/tmpnuyz0ntx/package-lock.yml
[2024-07-14T04:14:39.997+0000] {subprocess.py:94} INFO - [0m04:14:39  Installing dbt-labs/dbt_utils
[2024-07-14T04:14:40.800+0000] {subprocess.py:94} INFO - [0m04:14:40  Installed from version 0.8.6
[2024-07-14T04:14:40.802+0000] {subprocess.py:94} INFO - [0m04:14:40  Updated version available: 1.2.0
[2024-07-14T04:14:40.816+0000] {subprocess.py:94} INFO - [0m04:14:40
[2024-07-14T04:14:40.826+0000] {subprocess.py:94} INFO - [0m04:14:40  Updates available for packages: ['dbt-labs/dbt_utils']
[2024-07-14T04:14:40.828+0000] {subprocess.py:94} INFO - Update your versions in packages.yml, then run dbt deps
[2024-07-14T04:14:43.278+0000] {subprocess.py:98} INFO - Command exited with return code 0
[2024-07-14T04:14:43.285+0000] {local.py:254} INFO - Update your versions in packages.yml, then run dbt deps
[2024-07-14T04:14:43.315+0000] {local.py:247} INFO - Trying to run the command:
 ['/opt/airflow/dbt_venv/bin/dbt', 'run', '--models', 'dim_suppliers', '--project-dir', '/tmp/tmpnuyz0ntx', '--profiles-dir', '/tmp/cosmos/profile/a0017dab0633177292578162811b91dcb9c56d6e54017e9660056cc364a762ad', '--profile', 'dbt_project', '--target', 'dev']
From /tmp/tmpnuyz0ntx
[2024-07-14T04:14:43.318+0000] {subprocess.py:60} INFO - Tmp dir root location: 
 /tmp
[2024-07-14T04:14:43.322+0000] {subprocess.py:73} INFO - Running command: ['/opt/airflow/dbt_venv/bin/dbt', 'run', '--models', 'dim_suppliers', '--project-dir', '/tmp/tmpnuyz0ntx', '--profiles-dir', '/tmp/cosmos/profile/a0017dab0633177292578162811b91dcb9c56d6e54017e9660056cc364a762ad', '--profile', 'dbt_project', '--target', 'dev']
[2024-07-14T04:14:43.378+0000] {subprocess.py:84} INFO - Command output:
[2024-07-14T04:14:57.590+0000] {subprocess.py:94} INFO - [0m04:14:57  Running with dbt=1.8.3
[2024-07-14T04:15:01.283+0000] {subprocess.py:94} INFO - [0m04:15:01  Registered adapter: snowflake=1.8.3
[2024-07-14T04:15:06.836+0000] {subprocess.py:94} INFO - [0m04:15:06  Found 20 models, 27 data tests, 11 sources, 684 macros
[2024-07-14T04:15:06.868+0000] {subprocess.py:94} INFO - [0m04:15:06
[2024-07-14T04:15:16.177+0000] {subprocess.py:94} INFO - [0m04:15:16  Concurrency: 1 threads (target='dev')
[2024-07-14T04:15:16.179+0000] {subprocess.py:94} INFO - [0m04:15:16
[2024-07-14T04:15:16.218+0000] {subprocess.py:94} INFO - [0m04:15:16  1 of 1 START sql table model dwh.dim_suppliers ................................. [RUN]
[2024-07-14T04:15:18.897+0000] {subprocess.py:94} INFO - [0m04:15:18  1 of 1 OK created sql table model dwh.dim_suppliers ............................ [[32mSUCCESS 1[0m in 2.67s]
[2024-07-14T04:15:18.922+0000] {subprocess.py:94} INFO - [0m04:15:18
[2024-07-14T04:15:18.926+0000] {subprocess.py:94} INFO - [0m04:15:18  Finished running 1 table model in 0 hours 0 minutes and 12.03 seconds (12.03s).
[2024-07-14T04:15:19.256+0000] {subprocess.py:94} INFO - [0m04:15:19
[2024-07-14T04:15:19.258+0000] {subprocess.py:94} INFO - [0m04:15:19  [32mCompleted successfully[0m
[2024-07-14T04:15:19.260+0000] {subprocess.py:94} INFO - [0m04:15:19
[2024-07-14T04:15:19.262+0000] {subprocess.py:94} INFO - [0m04:15:19  Done. PASS=1 WARN=0 ERROR=0 SKIP=0 TOTAL=1
[2024-07-14T04:15:21.470+0000] {subprocess.py:98} INFO - Command exited with return code 0
[2024-07-14T04:15:21.474+0000] {local.py:254} INFO - [0m04:15:19  Done. PASS=1 WARN=0 ERROR=0 SKIP=0 TOTAL=1
[2024-07-14T04:15:22.050+0000] {local.py:196} WARNING - Artifact schema version: https://schemas.getdbt.com/dbt/manifest/v12.json is above dbt-ol supported version 7. This might cause errors.
[2024-07-14T04:15:22.051+0000] {local.py:196} WARNING - Artifact schema version: https://schemas.getdbt.com/dbt/run-results/v6.json is above dbt-ol supported version 5. This might cause errors.
[2024-07-14T04:15:22.077+0000] {local.py:349} INFO - Inlets: [Dataset(uri='snowflake://OU00370.europe-west2.gcp/ELT_BATCH.raw.raw_suppliers', extra=None)]
[2024-07-14T04:15:22.080+0000] {local.py:350} INFO - Outlets: [Dataset(uri='snowflake://OU00370.europe-west2.gcp/ELT_BATCH.dwh.dim_suppliers', extra=None)]
[2024-07-14T04:15:22.083+0000] {dag.py:3096} INFO - Sync 1 DAGs
[2024-07-14T04:15:22.393+0000] {taskinstance.py:441} INFO - ::group::Post task execution logs
[2024-07-14T04:15:22.606+0000] {taskinstance.py:1206} INFO - Marking task as SUCCESS. dag_id=ELT-PROJECT, task_id=transform.dim_suppliers.run, run_id=scheduled__2024-07-08T00:00:00+00:00, execution_date=20240708T000000, start_date=20240714T041417, end_date=20240714T041522
[2024-07-14T04:15:22.753+0000] {local_task_job_runner.py:240} INFO - Task exited with return code 0
[2024-07-14T04:15:23.025+0000] {taskinstance.py:3503} INFO - 1 downstream tasks scheduled from follow-on schedule check
[2024-07-14T04:15:23.037+0000] {local_task_job_runner.py:222} INFO - ::endgroup::
