[2024-07-14T04:25:00.327+0000] {local_task_job_runner.py:120} INFO - ::group::Pre task execution logs
[2024-07-14T04:25:00.495+0000] {taskinstance.py:2076} INFO - Dependencies all met for dep_context=non-requeueable deps ti=<TaskInstance: ELT-PROJECT.transform.fact_orders.run scheduled__2024-07-08T00:00:00+00:00 [queued]>
[2024-07-14T04:25:00.637+0000] {taskinstance.py:2076} INFO - Dependencies all met for dep_context=requeueable deps ti=<TaskInstance: ELT-PROJECT.transform.fact_orders.run scheduled__2024-07-08T00:00:00+00:00 [queued]>
[2024-07-14T04:25:00.666+0000] {taskinstance.py:2306} INFO - Starting attempt 1 of 2
[2024-07-14T04:25:00.789+0000] {taskinstance.py:2330} INFO - Executing <Task(DbtRunLocalOperator): transform.fact_orders.run> on 2024-07-08 00:00:00+00:00
[2024-07-14T04:25:00.827+0000] {logging_mixin.py:188} WARNING - /home/airflow/.local/lib/python3.12/site-packages/airflow/task/task_runner/standard_task_runner.py:61 DeprecationWarning: This process (pid=17048) is multi-threaded, use of fork() may lead to deadlocks in the child.
[2024-07-14T04:25:00.878+0000] {standard_task_runner.py:90} INFO - Running: ['airflow', 'tasks', 'run', 'ELT-PROJECT', 'transform.fact_orders.run', 'scheduled__2024-07-08T00:00:00+00:00', '--job-id', '1330', '--raw', '--subdir', 'DAGS_FOLDER/elt.py', '--cfg-path', '/tmp/tmpx57vasro']
[2024-07-14T04:25:00.897+0000] {standard_task_runner.py:63} INFO - Started process 17070 to run task
[2024-07-14T04:25:00.897+0000] {standard_task_runner.py:91} INFO - Job 1330: Subtask transform.fact_orders.run
[2024-07-14T04:25:00.994+0000] {logging_mixin.py:188} WARNING - /home/airflow/.local/lib/python3.12/site-packages/airflow/settings.py:195 DeprecationWarning: The sql_alchemy_conn option in [core] has been moved to the sql_alchemy_conn option in [database] - the old setting has been used, but please update your config.
[2024-07-14T04:25:01.247+0000] {task_command.py:426} INFO - Running <TaskInstance: ELT-PROJECT.transform.fact_orders.run scheduled__2024-07-08T00:00:00+00:00 [running]> on host airflow-scheduler
[2024-07-14T04:25:01.902+0000] {taskinstance.py:2648} INFO - Exporting env vars: AIRFLOW_CTX_DAG_OWNER='Data-Ninja' AIRFLOW_CTX_DAG_ID='ELT-PROJECT' AIRFLOW_CTX_TASK_ID='transform.fact_orders.run' AIRFLOW_CTX_EXECUTION_DATE='2024-07-08T00:00:00+00:00' AIRFLOW_CTX_TRY_NUMBER='1' AIRFLOW_CTX_DAG_RUN_ID='scheduled__2024-07-08T00:00:00+00:00'
[2024-07-14T04:25:01.920+0000] {taskinstance.py:430} INFO - ::endgroup::
[2024-07-14T04:25:01.935+0000] {local.py:174} INFO - Could not import dbtRunner. Falling back to subprocess for invoking dbt.
[2024-07-14T04:25:01.939+0000] {local.py:292} INFO - Cloning project to writable temp directory /tmp/tmp0vafjcq2 from /opt/airflow/dags/dbt/dbt_project
[2024-07-14T04:25:01.974+0000] {local.py:303} INFO - Partial parse is enabled and the latest partial parse file is /tmp/cosmos/ELT-PROJECT__transform/target/partial_parse.msgpack
[2024-07-14T04:25:02.092+0000] {base.py:84} INFO - Using connection ID 'snow_conn' for task execution.
[2024-07-14T04:25:02.109+0000] {crypto.py:82} WARNING - empty cryptography key - values will not be stored encrypted.
[2024-07-14T04:25:02.112+0000] {config.py:298} INFO - Profile caching is enable.
[2024-07-14T04:25:02.117+0000] {config.py:272} INFO - Profile found in cache using profile: /tmp/cosmos/profile/a0017dab0633177292578162811b91dcb9c56d6e54017e9660056cc364a762ad/profiles.yml.
[2024-07-14T04:25:02.126+0000] {local.py:247} INFO - Trying to run the command:
 ['/opt/airflow/dbt_venv/bin/dbt', 'deps', '--project-dir', '/tmp/tmp0vafjcq2', '--profiles-dir', '/tmp/cosmos/profile/a0017dab0633177292578162811b91dcb9c56d6e54017e9660056cc364a762ad', '--profile', 'dbt_project', '--target', 'dev']
From /tmp/tmp0vafjcq2
[2024-07-14T04:25:02.146+0000] {subprocess.py:60} INFO - Tmp dir root location: 
 /tmp
[2024-07-14T04:25:02.152+0000] {subprocess.py:73} INFO - Running command: ['/opt/airflow/dbt_venv/bin/dbt', 'deps', '--project-dir', '/tmp/tmp0vafjcq2', '--profiles-dir', '/tmp/cosmos/profile/a0017dab0633177292578162811b91dcb9c56d6e54017e9660056cc364a762ad', '--profile', 'dbt_project', '--target', 'dev']
[2024-07-14T04:25:02.247+0000] {subprocess.py:84} INFO - Command output:
[2024-07-14T04:25:17.829+0000] {subprocess.py:94} INFO - [0m04:25:17  Running with dbt=1.8.3
[2024-07-14T04:25:19.368+0000] {subprocess.py:94} INFO - [0m04:25:19  Updating lock file in file path: /tmp/tmp0vafjcq2/package-lock.yml
[2024-07-14T04:25:19.395+0000] {subprocess.py:94} INFO - [0m04:25:19  Installing dbt-labs/dbt_utils
[2024-07-14T04:25:20.104+0000] {subprocess.py:94} INFO - [0m04:25:20  Installed from version 0.8.6
[2024-07-14T04:25:20.108+0000] {subprocess.py:94} INFO - [0m04:25:20  Updated version available: 1.2.0
[2024-07-14T04:25:20.113+0000] {subprocess.py:94} INFO - [0m04:25:20
[2024-07-14T04:25:20.117+0000] {subprocess.py:94} INFO - [0m04:25:20  Updates available for packages: ['dbt-labs/dbt_utils']
[2024-07-14T04:25:20.119+0000] {subprocess.py:94} INFO - Update your versions in packages.yml, then run dbt deps
[2024-07-14T04:25:22.673+0000] {subprocess.py:98} INFO - Command exited with return code 0
[2024-07-14T04:25:22.678+0000] {local.py:254} INFO - Update your versions in packages.yml, then run dbt deps
[2024-07-14T04:25:22.695+0000] {local.py:247} INFO - Trying to run the command:
 ['/opt/airflow/dbt_venv/bin/dbt', 'run', '--models', 'fact_orders', '--project-dir', '/tmp/tmp0vafjcq2', '--profiles-dir', '/tmp/cosmos/profile/a0017dab0633177292578162811b91dcb9c56d6e54017e9660056cc364a762ad', '--profile', 'dbt_project', '--target', 'dev']
From /tmp/tmp0vafjcq2
[2024-07-14T04:25:22.699+0000] {subprocess.py:60} INFO - Tmp dir root location: 
 /tmp
[2024-07-14T04:25:22.702+0000] {subprocess.py:73} INFO - Running command: ['/opt/airflow/dbt_venv/bin/dbt', 'run', '--models', 'fact_orders', '--project-dir', '/tmp/tmp0vafjcq2', '--profiles-dir', '/tmp/cosmos/profile/a0017dab0633177292578162811b91dcb9c56d6e54017e9660056cc364a762ad', '--profile', 'dbt_project', '--target', 'dev']
[2024-07-14T04:25:22.796+0000] {subprocess.py:84} INFO - Command output:
[2024-07-14T04:25:37.949+0000] {subprocess.py:94} INFO - [0m04:25:37  Running with dbt=1.8.3
[2024-07-14T04:25:42.400+0000] {subprocess.py:94} INFO - [0m04:25:42  Registered adapter: snowflake=1.8.3
[2024-07-14T04:25:47.209+0000] {subprocess.py:94} INFO - [0m04:25:47  Found 20 models, 27 data tests, 11 sources, 684 macros
[2024-07-14T04:25:47.226+0000] {subprocess.py:94} INFO - [0m04:25:47
[2024-07-14T04:25:55.389+0000] {subprocess.py:94} INFO - [0m04:25:55  Concurrency: 1 threads (target='dev')
[2024-07-14T04:25:55.401+0000] {subprocess.py:94} INFO - [0m04:25:55
[2024-07-14T04:25:55.557+0000] {subprocess.py:94} INFO - [0m04:25:55  1 of 1 START sql table model dwh.fact_orders ................................... [RUN]
[2024-07-14T04:25:58.285+0000] {subprocess.py:94} INFO - [0m04:25:58  1 of 1 OK created sql table model dwh.fact_orders .............................. [[32mSUCCESS 1[0m in 2.71s]
[2024-07-14T04:25:58.304+0000] {subprocess.py:94} INFO - [0m04:25:58
[2024-07-14T04:25:58.308+0000] {subprocess.py:94} INFO - [0m04:25:58  Finished running 1 table model in 0 hours 0 minutes and 11.07 seconds (11.07s).
[2024-07-14T04:25:59.170+0000] {subprocess.py:94} INFO - [0m04:25:59
[2024-07-14T04:25:59.177+0000] {subprocess.py:94} INFO - [0m04:25:59  [32mCompleted successfully[0m
[2024-07-14T04:25:59.187+0000] {subprocess.py:94} INFO - [0m04:25:59
[2024-07-14T04:25:59.198+0000] {subprocess.py:94} INFO - [0m04:25:59  Done. PASS=1 WARN=0 ERROR=0 SKIP=0 TOTAL=1
[2024-07-14T04:26:01.928+0000] {subprocess.py:98} INFO - Command exited with return code 0
[2024-07-14T04:26:01.930+0000] {local.py:254} INFO - [0m04:25:59  Done. PASS=1 WARN=0 ERROR=0 SKIP=0 TOTAL=1
[2024-07-14T04:26:03.149+0000] {local.py:196} WARNING - Artifact schema version: https://schemas.getdbt.com/dbt/manifest/v12.json is above dbt-ol supported version 7. This might cause errors.
[2024-07-14T04:26:03.165+0000] {local.py:196} WARNING - Artifact schema version: https://schemas.getdbt.com/dbt/run-results/v6.json is above dbt-ol supported version 5. This might cause errors.
[2024-07-14T04:26:03.203+0000] {local.py:349} INFO - Inlets: [Dataset(uri='snowflake://OU00370.europe-west2.gcp/ELT_BATCH.dwh.dim_employees', extra=None), Dataset(uri='snowflake://OU00370.europe-west2.gcp/ELT_BATCH.raw.raw_orders', extra=None)]
[2024-07-14T04:26:03.209+0000] {local.py:350} INFO - Outlets: [Dataset(uri='snowflake://OU00370.europe-west2.gcp/ELT_BATCH.dwh.fact_orders', extra=None)]
[2024-07-14T04:26:03.235+0000] {dag.py:3096} INFO - Sync 1 DAGs
[2024-07-14T04:26:03.801+0000] {taskinstance.py:441} INFO - ::group::Post task execution logs
[2024-07-14T04:26:04.041+0000] {taskinstance.py:1206} INFO - Marking task as SUCCESS. dag_id=ELT-PROJECT, task_id=transform.fact_orders.run, run_id=scheduled__2024-07-08T00:00:00+00:00, execution_date=20240708T000000, start_date=20240714T042500, end_date=20240714T042604
[2024-07-14T04:26:05.093+0000] {local_task_job_runner.py:240} INFO - Task exited with return code 0
[2024-07-14T04:26:05.545+0000] {taskinstance.py:3503} INFO - 1 downstream tasks scheduled from follow-on schedule check
[2024-07-14T04:26:05.559+0000] {local_task_job_runner.py:222} INFO - ::endgroup::
