[2024-07-14T04:24:52.958+0000] {local_task_job_runner.py:120} INFO - ::group::Pre task execution logs
[2024-07-14T04:24:53.177+0000] {taskinstance.py:2076} INFO - Dependencies all met for dep_context=non-requeueable deps ti=<TaskInstance: ELT-PROJECT.transform.raw_order_details.run scheduled__2024-07-07T00:00:00+00:00 [queued]>
[2024-07-14T04:24:53.337+0000] {taskinstance.py:2076} INFO - Dependencies all met for dep_context=requeueable deps ti=<TaskInstance: ELT-PROJECT.transform.raw_order_details.run scheduled__2024-07-07T00:00:00+00:00 [queued]>
[2024-07-14T04:24:53.356+0000] {taskinstance.py:2306} INFO - Starting attempt 1 of 2
[2024-07-14T04:24:53.448+0000] {taskinstance.py:2330} INFO - Executing <Task(DbtRunLocalOperator): transform.raw_order_details.run> on 2024-07-07 00:00:00+00:00
[2024-07-14T04:24:53.480+0000] {logging_mixin.py:188} WARNING - /home/airflow/.local/lib/python3.12/site-packages/airflow/task/task_runner/standard_task_runner.py:61 DeprecationWarning: This process (pid=17031) is multi-threaded, use of fork() may lead to deadlocks in the child.
[2024-07-14T04:24:53.506+0000] {standard_task_runner.py:63} INFO - Started process 17053 to run task
[2024-07-14T04:24:53.493+0000] {standard_task_runner.py:90} INFO - Running: ['airflow', 'tasks', 'run', 'ELT-PROJECT', 'transform.raw_order_details.run', 'scheduled__2024-07-07T00:00:00+00:00', '--job-id', '1328', '--raw', '--subdir', 'DAGS_FOLDER/elt.py', '--cfg-path', '/tmp/tmp9d8h1gor']
[2024-07-14T04:24:53.515+0000] {standard_task_runner.py:91} INFO - Job 1328: Subtask transform.raw_order_details.run
[2024-07-14T04:24:53.625+0000] {logging_mixin.py:188} WARNING - /home/airflow/.local/lib/python3.12/site-packages/airflow/settings.py:195 DeprecationWarning: The sql_alchemy_conn option in [core] has been moved to the sql_alchemy_conn option in [database] - the old setting has been used, but please update your config.
[2024-07-14T04:24:53.900+0000] {task_command.py:426} INFO - Running <TaskInstance: ELT-PROJECT.transform.raw_order_details.run scheduled__2024-07-07T00:00:00+00:00 [running]> on host airflow-scheduler
[2024-07-14T04:24:54.535+0000] {taskinstance.py:2648} INFO - Exporting env vars: AIRFLOW_CTX_DAG_OWNER='Data-Ninja' AIRFLOW_CTX_DAG_ID='ELT-PROJECT' AIRFLOW_CTX_TASK_ID='transform.raw_order_details.run' AIRFLOW_CTX_EXECUTION_DATE='2024-07-07T00:00:00+00:00' AIRFLOW_CTX_TRY_NUMBER='1' AIRFLOW_CTX_DAG_RUN_ID='scheduled__2024-07-07T00:00:00+00:00'
[2024-07-14T04:24:54.542+0000] {taskinstance.py:430} INFO - ::endgroup::
[2024-07-14T04:24:54.580+0000] {local.py:174} INFO - Could not import dbtRunner. Falling back to subprocess for invoking dbt.
[2024-07-14T04:24:54.584+0000] {local.py:292} INFO - Cloning project to writable temp directory /tmp/tmpf6jwnkt0 from /opt/airflow/dags/dbt/dbt_project
[2024-07-14T04:24:54.614+0000] {local.py:303} INFO - Partial parse is enabled and the latest partial parse file is /tmp/cosmos/ELT-PROJECT__transform/target/partial_parse.msgpack
[2024-07-14T04:24:56.269+0000] {base.py:84} INFO - Using connection ID 'snow_conn' for task execution.
[2024-07-14T04:24:56.271+0000] {crypto.py:82} WARNING - empty cryptography key - values will not be stored encrypted.
[2024-07-14T04:24:56.274+0000] {config.py:298} INFO - Profile caching is enable.
[2024-07-14T04:24:56.282+0000] {config.py:272} INFO - Profile found in cache using profile: /tmp/cosmos/profile/a0017dab0633177292578162811b91dcb9c56d6e54017e9660056cc364a762ad/profiles.yml.
[2024-07-14T04:24:56.292+0000] {local.py:247} INFO - Trying to run the command:
 ['/opt/airflow/dbt_venv/bin/dbt', 'deps', '--project-dir', '/tmp/tmpf6jwnkt0', '--profiles-dir', '/tmp/cosmos/profile/a0017dab0633177292578162811b91dcb9c56d6e54017e9660056cc364a762ad', '--profile', 'dbt_project', '--target', 'dev']
From /tmp/tmpf6jwnkt0
[2024-07-14T04:24:56.306+0000] {subprocess.py:60} INFO - Tmp dir root location: 
 /tmp
[2024-07-14T04:24:56.319+0000] {subprocess.py:73} INFO - Running command: ['/opt/airflow/dbt_venv/bin/dbt', 'deps', '--project-dir', '/tmp/tmpf6jwnkt0', '--profiles-dir', '/tmp/cosmos/profile/a0017dab0633177292578162811b91dcb9c56d6e54017e9660056cc364a762ad', '--profile', 'dbt_project', '--target', 'dev']
[2024-07-14T04:24:56.476+0000] {subprocess.py:84} INFO - Command output:
[2024-07-14T04:25:12.242+0000] {subprocess.py:94} INFO - [0m04:25:12  Running with dbt=1.8.3
[2024-07-14T04:25:13.610+0000] {subprocess.py:94} INFO - [0m04:25:13  Updating lock file in file path: /tmp/tmpf6jwnkt0/package-lock.yml
[2024-07-14T04:25:13.697+0000] {subprocess.py:94} INFO - [0m04:25:13  Installing dbt-labs/dbt_utils
[2024-07-14T04:25:14.471+0000] {subprocess.py:94} INFO - [0m04:25:14  Installed from version 0.8.6
[2024-07-14T04:25:14.478+0000] {subprocess.py:94} INFO - [0m04:25:14  Updated version available: 1.2.0
[2024-07-14T04:25:14.493+0000] {subprocess.py:94} INFO - [0m04:25:14
[2024-07-14T04:25:14.498+0000] {subprocess.py:94} INFO - [0m04:25:14  Updates available for packages: ['dbt-labs/dbt_utils']
[2024-07-14T04:25:14.500+0000] {subprocess.py:94} INFO - Update your versions in packages.yml, then run dbt deps
[2024-07-14T04:25:16.872+0000] {subprocess.py:98} INFO - Command exited with return code 0
[2024-07-14T04:25:16.875+0000] {local.py:254} INFO - Update your versions in packages.yml, then run dbt deps
[2024-07-14T04:25:16.882+0000] {local.py:247} INFO - Trying to run the command:
 ['/opt/airflow/dbt_venv/bin/dbt', 'run', '--models', 'raw_order_details', '--project-dir', '/tmp/tmpf6jwnkt0', '--profiles-dir', '/tmp/cosmos/profile/a0017dab0633177292578162811b91dcb9c56d6e54017e9660056cc364a762ad', '--profile', 'dbt_project', '--target', 'dev']
From /tmp/tmpf6jwnkt0
[2024-07-14T04:25:16.884+0000] {subprocess.py:60} INFO - Tmp dir root location: 
 /tmp
[2024-07-14T04:25:16.886+0000] {subprocess.py:73} INFO - Running command: ['/opt/airflow/dbt_venv/bin/dbt', 'run', '--models', 'raw_order_details', '--project-dir', '/tmp/tmpf6jwnkt0', '--profiles-dir', '/tmp/cosmos/profile/a0017dab0633177292578162811b91dcb9c56d6e54017e9660056cc364a762ad', '--profile', 'dbt_project', '--target', 'dev']
[2024-07-14T04:25:16.978+0000] {subprocess.py:84} INFO - Command output:
[2024-07-14T04:25:31.645+0000] {subprocess.py:94} INFO - [0m04:25:31  Running with dbt=1.8.3
[2024-07-14T04:25:34.971+0000] {subprocess.py:94} INFO - [0m04:25:34  Registered adapter: snowflake=1.8.3
[2024-07-14T04:25:41.077+0000] {subprocess.py:94} INFO - [0m04:25:41  Found 20 models, 27 data tests, 11 sources, 684 macros
[2024-07-14T04:25:41.100+0000] {subprocess.py:94} INFO - [0m04:25:41
[2024-07-14T04:25:49.373+0000] {subprocess.py:94} INFO - [0m04:25:49  Concurrency: 1 threads (target='dev')
[2024-07-14T04:25:49.376+0000] {subprocess.py:94} INFO - [0m04:25:49
[2024-07-14T04:25:49.485+0000] {subprocess.py:94} INFO - [0m04:25:49  1 of 1 START sql table model raw.raw_order_details ............................. [RUN]
[2024-07-14T04:25:52.869+0000] {subprocess.py:94} INFO - [0m04:25:52  1 of 1 OK created sql table model raw.raw_order_details ........................ [[32mSUCCESS 1[0m in 3.36s]
[2024-07-14T04:25:52.883+0000] {subprocess.py:94} INFO - [0m04:25:52
[2024-07-14T04:25:52.887+0000] {subprocess.py:94} INFO - [0m04:25:52  Finished running 1 table model in 0 hours 0 minutes and 11.78 seconds (11.78s).
[2024-07-14T04:25:53.356+0000] {subprocess.py:94} INFO - [0m04:25:53
[2024-07-14T04:25:53.365+0000] {subprocess.py:94} INFO - [0m04:25:53  [32mCompleted successfully[0m
[2024-07-14T04:25:53.369+0000] {subprocess.py:94} INFO - [0m04:25:53
[2024-07-14T04:25:53.372+0000] {subprocess.py:94} INFO - [0m04:25:53  Done. PASS=1 WARN=0 ERROR=0 SKIP=0 TOTAL=1
[2024-07-14T04:25:55.823+0000] {subprocess.py:98} INFO - Command exited with return code 0
[2024-07-14T04:25:55.829+0000] {local.py:254} INFO - [0m04:25:53  Done. PASS=1 WARN=0 ERROR=0 SKIP=0 TOTAL=1
[2024-07-14T04:25:55.968+0000] {local.py:196} WARNING - Artifact schema version: https://schemas.getdbt.com/dbt/manifest/v12.json is above dbt-ol supported version 7. This might cause errors.
[2024-07-14T04:25:55.970+0000] {local.py:196} WARNING - Artifact schema version: https://schemas.getdbt.com/dbt/run-results/v6.json is above dbt-ol supported version 5. This might cause errors.
[2024-07-14T04:25:56.039+0000] {local.py:349} INFO - Inlets: [Dataset(uri='snowflake://OU00370.europe-west2.gcp/ELT_BATCH.PUBLIC.order_details', extra=None)]
[2024-07-14T04:25:56.042+0000] {local.py:350} INFO - Outlets: [Dataset(uri='snowflake://OU00370.europe-west2.gcp/ELT_BATCH.raw.raw_order_details', extra=None)]
[2024-07-14T04:25:56.044+0000] {dag.py:3096} INFO - Sync 1 DAGs
[2024-07-14T04:25:56.599+0000] {taskinstance.py:441} INFO - ::group::Post task execution logs
[2024-07-14T04:25:56.851+0000] {taskinstance.py:1206} INFO - Marking task as SUCCESS. dag_id=ELT-PROJECT, task_id=transform.raw_order_details.run, run_id=scheduled__2024-07-07T00:00:00+00:00, execution_date=20240707T000000, start_date=20240714T042453, end_date=20240714T042556
[2024-07-14T04:25:57.013+0000] {local_task_job_runner.py:240} INFO - Task exited with return code 0
[2024-07-14T04:25:57.241+0000] {taskinstance.py:3503} INFO - 1 downstream tasks scheduled from follow-on schedule check
[2024-07-14T04:25:57.256+0000] {local_task_job_runner.py:222} INFO - ::endgroup::
