[2024-07-14T04:00:58.756+0000] {local_task_job_runner.py:120} INFO - ::group::Pre task execution logs
[2024-07-14T04:00:58.850+0000] {taskinstance.py:2076} INFO - Dependencies all met for dep_context=non-requeueable deps ti=<TaskInstance: ELT-PROJECT.load.load_employee_territories scheduled__2024-07-01T00:00:00+00:00 [queued]>
[2024-07-14T04:00:58.901+0000] {taskinstance.py:2076} INFO - Dependencies all met for dep_context=requeueable deps ti=<TaskInstance: ELT-PROJECT.load.load_employee_territories scheduled__2024-07-01T00:00:00+00:00 [queued]>
[2024-07-14T04:00:58.904+0000] {taskinstance.py:2306} INFO - Starting attempt 1 of 2
[2024-07-14T04:00:58.979+0000] {taskinstance.py:2330} INFO - Executing <Task(_PythonDecoratedOperator): load.load_employee_territories> on 2024-07-01 00:00:00+00:00
[2024-07-14T04:00:59.013+0000] {logging_mixin.py:188} WARNING - /home/airflow/.local/lib/python3.12/site-packages/airflow/task/task_runner/standard_task_runner.py:61 DeprecationWarning: This process (pid=10718) is multi-threaded, use of fork() may lead to deadlocks in the child.
[2024-07-14T04:00:59.024+0000] {standard_task_runner.py:90} INFO - Running: ['airflow', 'tasks', 'run', 'ELT-PROJECT', 'load.load_employee_territories', 'scheduled__2024-07-01T00:00:00+00:00', '--job-id', '898', '--raw', '--subdir', 'DAGS_FOLDER/elt.py', '--cfg-path', '/tmp/tmp0l0pysx2']
[2024-07-14T04:00:59.038+0000] {standard_task_runner.py:91} INFO - Job 898: Subtask load.load_employee_territories
[2024-07-14T04:00:59.032+0000] {standard_task_runner.py:63} INFO - Started process 10739 to run task
[2024-07-14T04:00:59.104+0000] {logging_mixin.py:188} WARNING - /home/airflow/.local/lib/python3.12/site-packages/airflow/settings.py:195 DeprecationWarning: The sql_alchemy_conn option in [core] has been moved to the sql_alchemy_conn option in [database] - the old setting has been used, but please update your config.
[2024-07-14T04:00:59.330+0000] {task_command.py:426} INFO - Running <TaskInstance: ELT-PROJECT.load.load_employee_territories scheduled__2024-07-01T00:00:00+00:00 [running]> on host airflow-scheduler
[2024-07-14T04:01:00.332+0000] {taskinstance.py:2648} INFO - Exporting env vars: AIRFLOW_CTX_DAG_OWNER='Data-Ninja' AIRFLOW_CTX_DAG_ID='ELT-PROJECT' AIRFLOW_CTX_TASK_ID='load.load_employee_territories' AIRFLOW_CTX_EXECUTION_DATE='2024-07-01T00:00:00+00:00' AIRFLOW_CTX_TRY_NUMBER='1' AIRFLOW_CTX_DAG_RUN_ID='scheduled__2024-07-01T00:00:00+00:00'
[2024-07-14T04:01:00.334+0000] {taskinstance.py:430} INFO - ::endgroup::
[2024-07-14T04:01:00.340+0000] {connection.py:399} INFO - Snowflake Connector for Python Version: 3.10.1, Python Version: 3.12.4, Platform: Linux-5.15.133.1-microsoft-standard-WSL2-x86_64-with-glibc2.36
[2024-07-14T04:01:00.342+0000] {connection.py:1249} INFO - THIS CONNECTION IS IN INSECURE MODE. IT MEANS THE CERTIFICATE WILL BE VALIDATED BUT THE CERTIFICATE REVOCATION STATUS WILL NOT BE CHECKED.
[2024-07-14T04:01:00.559+0000] {ssl_wrap_socket.py:100} INFO - THIS CONNECTION IS IN INSECURE MODE. IT MEANS THE CERTIFICATE WILL BE VALIDATED BUT THE CERTIFICATE REVOCATION STATUS WILL NOT BE CHECKED.
[2024-07-14T04:01:01.296+0000] {logging_mixin.py:188} INFO - Nama kolom di DataFrame: Index(['employeeID', 'territoryID'], dtype='object')
[2024-07-14T04:01:01.738+0000] {cursor.py:1149} INFO - Number of results in first chunk: 1
[2024-07-14T04:01:02.500+0000] {ssl_wrap_socket.py:100} INFO - THIS CONNECTION IS IN INSECURE MODE. IT MEANS THE CERTIFICATE WILL BE VALIDATED BUT THE CERTIFICATE REVOCATION STATUS WILL NOT BE CHECKED.
[2024-07-14T04:01:04.776+0000] {cursor.py:1149} INFO - Number of results in first chunk: 1
[2024-07-14T04:01:05.425+0000] {cursor.py:1149} INFO - Number of results in first chunk: 2
[2024-07-14T04:01:06.146+0000] {cursor.py:1149} INFO - Number of results in first chunk: 1
[2024-07-14T04:01:06.872+0000] {cursor.py:1149} INFO - Number of results in first chunk: 1
[2024-07-14T04:01:08.255+0000] {cursor.py:1149} INFO - Number of results in first chunk: 1
[2024-07-14T04:01:08.351+0000] {logging_mixin.py:188} INFO - Done employee_territories.
[2024-07-14T04:01:08.485+0000] {connection.py:762} INFO - closed
[2024-07-14T04:01:08.863+0000] {connection.py:768} INFO - No async queries seem to be running, deleting session
[2024-07-14T04:01:09.226+0000] {python.py:237} INFO - Done. Returned value was: None
[2024-07-14T04:01:09.228+0000] {taskinstance.py:441} INFO - ::group::Post task execution logs
[2024-07-14T04:01:09.260+0000] {taskinstance.py:1206} INFO - Marking task as SUCCESS. dag_id=ELT-PROJECT, task_id=load.load_employee_territories, run_id=scheduled__2024-07-01T00:00:00+00:00, execution_date=20240701T000000, start_date=20240714T040058, end_date=20240714T040109
[2024-07-14T04:01:09.611+0000] {local_task_job_runner.py:240} INFO - Task exited with return code 0
[2024-07-14T04:01:09.798+0000] {taskinstance.py:3503} INFO - 0 downstream tasks scheduled from follow-on schedule check
[2024-07-14T04:01:09.804+0000] {local_task_job_runner.py:222} INFO - ::endgroup::
