[2024-07-14T04:04:27.668+0000] {local_task_job_runner.py:120} INFO - ::group::Pre task execution logs
[2024-07-14T04:04:27.842+0000] {taskinstance.py:2076} INFO - Dependencies all met for dep_context=non-requeueable deps ti=<TaskInstance: ELT-PROJECT.transform.raw_employees.run scheduled__2024-07-03T00:00:00+00:00 [queued]>
[2024-07-14T04:04:27.895+0000] {taskinstance.py:2076} INFO - Dependencies all met for dep_context=requeueable deps ti=<TaskInstance: ELT-PROJECT.transform.raw_employees.run scheduled__2024-07-03T00:00:00+00:00 [queued]>
[2024-07-14T04:04:27.905+0000] {taskinstance.py:2306} INFO - Starting attempt 1 of 2
[2024-07-14T04:04:27.975+0000] {taskinstance.py:2330} INFO - Executing <Task(DbtRunLocalOperator): transform.raw_employees.run> on 2024-07-03 00:00:00+00:00
[2024-07-14T04:04:27.994+0000] {logging_mixin.py:188} WARNING - /home/airflow/.local/lib/python3.12/site-packages/airflow/task/task_runner/standard_task_runner.py:61 DeprecationWarning: This process (pid=12661) is multi-threaded, use of fork() may lead to deadlocks in the child.
[2024-07-14T04:04:28.012+0000] {standard_task_runner.py:63} INFO - Started process 12683 to run task
[2024-07-14T04:04:28.007+0000] {standard_task_runner.py:90} INFO - Running: ['airflow', 'tasks', 'run', 'ELT-PROJECT', 'transform.raw_employees.run', 'scheduled__2024-07-03T00:00:00+00:00', '--job-id', '1057', '--raw', '--subdir', 'DAGS_FOLDER/elt.py', '--cfg-path', '/tmp/tmpftlsfisg']
[2024-07-14T04:04:28.025+0000] {standard_task_runner.py:91} INFO - Job 1057: Subtask transform.raw_employees.run
[2024-07-14T04:04:28.150+0000] {logging_mixin.py:188} WARNING - /home/airflow/.local/lib/python3.12/site-packages/airflow/settings.py:195 DeprecationWarning: The sql_alchemy_conn option in [core] has been moved to the sql_alchemy_conn option in [database] - the old setting has been used, but please update your config.
[2024-07-14T04:04:28.327+0000] {task_command.py:426} INFO - Running <TaskInstance: ELT-PROJECT.transform.raw_employees.run scheduled__2024-07-03T00:00:00+00:00 [running]> on host airflow-scheduler
[2024-07-14T04:04:28.768+0000] {taskinstance.py:2648} INFO - Exporting env vars: AIRFLOW_CTX_DAG_OWNER='Data-Ninja' AIRFLOW_CTX_DAG_ID='ELT-PROJECT' AIRFLOW_CTX_TASK_ID='transform.raw_employees.run' AIRFLOW_CTX_EXECUTION_DATE='2024-07-03T00:00:00+00:00' AIRFLOW_CTX_TRY_NUMBER='1' AIRFLOW_CTX_DAG_RUN_ID='scheduled__2024-07-03T00:00:00+00:00'
[2024-07-14T04:04:28.782+0000] {taskinstance.py:430} INFO - ::endgroup::
[2024-07-14T04:04:28.798+0000] {local.py:174} INFO - Could not import dbtRunner. Falling back to subprocess for invoking dbt.
[2024-07-14T04:04:28.822+0000] {local.py:292} INFO - Cloning project to writable temp directory /tmp/tmpsztr7q6d from /opt/airflow/dags/dbt/dbt_project
[2024-07-14T04:04:28.837+0000] {local.py:303} INFO - Partial parse is enabled and the latest partial parse file is /tmp/cosmos/ELT-PROJECT__transform/target/partial_parse.msgpack
[2024-07-14T04:04:29.810+0000] {base.py:84} INFO - Using connection ID 'snow_conn' for task execution.
[2024-07-14T04:04:29.812+0000] {crypto.py:82} WARNING - empty cryptography key - values will not be stored encrypted.
[2024-07-14T04:04:29.814+0000] {config.py:298} INFO - Profile caching is enable.
[2024-07-14T04:04:29.821+0000] {config.py:272} INFO - Profile found in cache using profile: /tmp/cosmos/profile/a0017dab0633177292578162811b91dcb9c56d6e54017e9660056cc364a762ad/profiles.yml.
[2024-07-14T04:04:29.831+0000] {local.py:247} INFO - Trying to run the command:
 ['/opt/airflow/dbt_venv/bin/dbt', 'deps', '--project-dir', '/tmp/tmpsztr7q6d', '--profiles-dir', '/tmp/cosmos/profile/a0017dab0633177292578162811b91dcb9c56d6e54017e9660056cc364a762ad', '--profile', 'dbt_project', '--target', 'dev']
From /tmp/tmpsztr7q6d
[2024-07-14T04:04:29.843+0000] {subprocess.py:60} INFO - Tmp dir root location: 
 /tmp
[2024-07-14T04:04:29.860+0000] {subprocess.py:73} INFO - Running command: ['/opt/airflow/dbt_venv/bin/dbt', 'deps', '--project-dir', '/tmp/tmpsztr7q6d', '--profiles-dir', '/tmp/cosmos/profile/a0017dab0633177292578162811b91dcb9c56d6e54017e9660056cc364a762ad', '--profile', 'dbt_project', '--target', 'dev']
[2024-07-14T04:04:29.913+0000] {subprocess.py:84} INFO - Command output:
[2024-07-14T04:04:46.186+0000] {subprocess.py:94} INFO - [0m04:04:46  Running with dbt=1.8.3
[2024-07-14T04:04:48.532+0000] {subprocess.py:94} INFO - [0m04:04:48  Updating lock file in file path: /tmp/tmpsztr7q6d/package-lock.yml
[2024-07-14T04:04:48.556+0000] {subprocess.py:94} INFO - [0m04:04:48  Installing dbt-labs/dbt_utils
[2024-07-14T04:04:49.395+0000] {subprocess.py:94} INFO - [0m04:04:49  Installed from version 0.8.6
[2024-07-14T04:04:49.403+0000] {subprocess.py:94} INFO - [0m04:04:49  Updated version available: 1.2.0
[2024-07-14T04:04:49.407+0000] {subprocess.py:94} INFO - [0m04:04:49
[2024-07-14T04:04:49.409+0000] {subprocess.py:94} INFO - [0m04:04:49  Updates available for packages: ['dbt-labs/dbt_utils']
[2024-07-14T04:04:49.411+0000] {subprocess.py:94} INFO - Update your versions in packages.yml, then run dbt deps
[2024-07-14T04:04:52.418+0000] {subprocess.py:98} INFO - Command exited with return code 0
[2024-07-14T04:04:52.420+0000] {local.py:254} INFO - Update your versions in packages.yml, then run dbt deps
[2024-07-14T04:04:52.424+0000] {local.py:247} INFO - Trying to run the command:
 ['/opt/airflow/dbt_venv/bin/dbt', 'run', '--models', 'raw_employees', '--project-dir', '/tmp/tmpsztr7q6d', '--profiles-dir', '/tmp/cosmos/profile/a0017dab0633177292578162811b91dcb9c56d6e54017e9660056cc364a762ad', '--profile', 'dbt_project', '--target', 'dev']
From /tmp/tmpsztr7q6d
[2024-07-14T04:04:52.426+0000] {subprocess.py:60} INFO - Tmp dir root location: 
 /tmp
[2024-07-14T04:04:52.428+0000] {subprocess.py:73} INFO - Running command: ['/opt/airflow/dbt_venv/bin/dbt', 'run', '--models', 'raw_employees', '--project-dir', '/tmp/tmpsztr7q6d', '--profiles-dir', '/tmp/cosmos/profile/a0017dab0633177292578162811b91dcb9c56d6e54017e9660056cc364a762ad', '--profile', 'dbt_project', '--target', 'dev']
[2024-07-14T04:04:52.498+0000] {subprocess.py:84} INFO - Command output:
[2024-07-14T04:05:09.956+0000] {subprocess.py:94} INFO - [0m04:05:09  Running with dbt=1.8.3
[2024-07-14T04:05:13.551+0000] {subprocess.py:94} INFO - [0m04:05:13  Registered adapter: snowflake=1.8.3
[2024-07-14T04:05:18.765+0000] {subprocess.py:94} INFO - [0m04:05:18  Found 20 models, 27 data tests, 11 sources, 684 macros
[2024-07-14T04:05:18.779+0000] {subprocess.py:94} INFO - [0m04:05:18
[2024-07-14T04:05:27.128+0000] {subprocess.py:94} INFO - [0m04:05:27  Concurrency: 1 threads (target='dev')
[2024-07-14T04:05:27.133+0000] {subprocess.py:94} INFO - [0m04:05:27
[2024-07-14T04:05:27.161+0000] {subprocess.py:94} INFO - [0m04:05:27  1 of 1 START sql table model raw.raw_employees ................................. [RUN]
[2024-07-14T04:05:29.590+0000] {subprocess.py:94} INFO - [0m04:05:29  1 of 1 OK created sql table model raw.raw_employees ............................ [[32mSUCCESS 1[0m in 2.42s]
[2024-07-14T04:05:29.599+0000] {subprocess.py:94} INFO - [0m04:05:29
[2024-07-14T04:05:29.601+0000] {subprocess.py:94} INFO - [0m04:05:29  Finished running 1 table model in 0 hours 0 minutes and 10.82 seconds (10.82s).
[2024-07-14T04:05:29.888+0000] {subprocess.py:94} INFO - [0m04:05:29
[2024-07-14T04:05:29.891+0000] {subprocess.py:94} INFO - [0m04:05:29  [32mCompleted successfully[0m
[2024-07-14T04:05:29.896+0000] {subprocess.py:94} INFO - [0m04:05:29
[2024-07-14T04:05:29.899+0000] {subprocess.py:94} INFO - [0m04:05:29  Done. PASS=1 WARN=0 ERROR=0 SKIP=0 TOTAL=1
[2024-07-14T04:05:31.831+0000] {subprocess.py:98} INFO - Command exited with return code 0
[2024-07-14T04:05:31.833+0000] {local.py:254} INFO - [0m04:05:29  Done. PASS=1 WARN=0 ERROR=0 SKIP=0 TOTAL=1
[2024-07-14T04:05:31.873+0000] {local.py:196} WARNING - Artifact schema version: https://schemas.getdbt.com/dbt/manifest/v12.json is above dbt-ol supported version 7. This might cause errors.
[2024-07-14T04:05:31.875+0000] {local.py:196} WARNING - Artifact schema version: https://schemas.getdbt.com/dbt/run-results/v6.json is above dbt-ol supported version 5. This might cause errors.
[2024-07-14T04:05:31.891+0000] {local.py:349} INFO - Inlets: [Dataset(uri='snowflake://OU00370.europe-west2.gcp/ELT_BATCH.PUBLIC.employees', extra=None)]
[2024-07-14T04:05:31.893+0000] {local.py:350} INFO - Outlets: [Dataset(uri='snowflake://OU00370.europe-west2.gcp/ELT_BATCH.raw.raw_employees', extra=None)]
[2024-07-14T04:05:31.896+0000] {dag.py:3096} INFO - Sync 1 DAGs
[2024-07-14T04:05:32.101+0000] {taskinstance.py:441} INFO - ::group::Post task execution logs
[2024-07-14T04:05:32.249+0000] {taskinstance.py:1206} INFO - Marking task as SUCCESS. dag_id=ELT-PROJECT, task_id=transform.raw_employees.run, run_id=scheduled__2024-07-03T00:00:00+00:00, execution_date=20240703T000000, start_date=20240714T040427, end_date=20240714T040532
[2024-07-14T04:05:32.531+0000] {local_task_job_runner.py:240} INFO - Task exited with return code 0
[2024-07-14T04:05:32.686+0000] {taskinstance.py:3503} INFO - 1 downstream tasks scheduled from follow-on schedule check
[2024-07-14T04:05:32.695+0000] {local_task_job_runner.py:222} INFO - ::endgroup::
