[2024-07-14T04:23:26.690+0000] {local_task_job_runner.py:120} INFO - ::group::Pre task execution logs
[2024-07-14T04:23:26.845+0000] {taskinstance.py:2076} INFO - Dependencies all met for dep_context=non-requeueable deps ti=<TaskInstance: ELT-PROJECT.transform.raw_order_details.run scheduled__2024-07-01T00:00:00+00:00 [queued]>
[2024-07-14T04:23:27.052+0000] {taskinstance.py:2076} INFO - Dependencies all met for dep_context=requeueable deps ti=<TaskInstance: ELT-PROJECT.transform.raw_order_details.run scheduled__2024-07-01T00:00:00+00:00 [queued]>
[2024-07-14T04:23:27.057+0000] {taskinstance.py:2306} INFO - Starting attempt 1 of 2
[2024-07-14T04:23:28.539+0000] {taskinstance.py:2330} INFO - Executing <Task(DbtRunLocalOperator): transform.raw_order_details.run> on 2024-07-01 00:00:00+00:00
[2024-07-14T04:23:28.582+0000] {standard_task_runner.py:90} INFO - Running: ['airflow', 'tasks', 'run', 'ELT-PROJECT', 'transform.raw_order_details.run', 'scheduled__2024-07-01T00:00:00+00:00', '--job-id', '1309', '--raw', '--subdir', 'DAGS_FOLDER/elt.py', '--cfg-path', '/tmp/tmpn6ierqxa']
[2024-07-14T04:23:28.598+0000] {logging_mixin.py:188} WARNING - /home/airflow/.local/lib/python3.12/site-packages/airflow/task/task_runner/standard_task_runner.py:61 DeprecationWarning: This process (pid=16721) is multi-threaded, use of fork() may lead to deadlocks in the child.
[2024-07-14T04:23:28.600+0000] {standard_task_runner.py:63} INFO - Started process 16751 to run task
[2024-07-14T04:23:28.599+0000] {standard_task_runner.py:91} INFO - Job 1309: Subtask transform.raw_order_details.run
[2024-07-14T04:23:28.715+0000] {logging_mixin.py:188} WARNING - /home/airflow/.local/lib/python3.12/site-packages/airflow/settings.py:195 DeprecationWarning: The sql_alchemy_conn option in [core] has been moved to the sql_alchemy_conn option in [database] - the old setting has been used, but please update your config.
[2024-07-14T04:23:28.887+0000] {task_command.py:426} INFO - Running <TaskInstance: ELT-PROJECT.transform.raw_order_details.run scheduled__2024-07-01T00:00:00+00:00 [running]> on host airflow-scheduler
[2024-07-14T04:23:29.452+0000] {taskinstance.py:2648} INFO - Exporting env vars: AIRFLOW_CTX_DAG_OWNER='Data-Ninja' AIRFLOW_CTX_DAG_ID='ELT-PROJECT' AIRFLOW_CTX_TASK_ID='transform.raw_order_details.run' AIRFLOW_CTX_EXECUTION_DATE='2024-07-01T00:00:00+00:00' AIRFLOW_CTX_TRY_NUMBER='1' AIRFLOW_CTX_DAG_RUN_ID='scheduled__2024-07-01T00:00:00+00:00'
[2024-07-14T04:23:29.456+0000] {taskinstance.py:430} INFO - ::endgroup::
[2024-07-14T04:23:29.480+0000] {local.py:174} INFO - Could not import dbtRunner. Falling back to subprocess for invoking dbt.
[2024-07-14T04:23:29.520+0000] {local.py:292} INFO - Cloning project to writable temp directory /tmp/tmp3j6dvf6m from /opt/airflow/dags/dbt/dbt_project
[2024-07-14T04:23:29.560+0000] {local.py:303} INFO - Partial parse is enabled and the latest partial parse file is /tmp/cosmos/ELT-PROJECT__transform/target/partial_parse.msgpack
[2024-07-14T04:23:29.760+0000] {base.py:84} INFO - Using connection ID 'snow_conn' for task execution.
[2024-07-14T04:23:29.773+0000] {crypto.py:82} WARNING - empty cryptography key - values will not be stored encrypted.
[2024-07-14T04:23:29.779+0000] {config.py:298} INFO - Profile caching is enable.
[2024-07-14T04:23:29.796+0000] {config.py:272} INFO - Profile found in cache using profile: /tmp/cosmos/profile/a0017dab0633177292578162811b91dcb9c56d6e54017e9660056cc364a762ad/profiles.yml.
[2024-07-14T04:23:29.800+0000] {local.py:247} INFO - Trying to run the command:
 ['/opt/airflow/dbt_venv/bin/dbt', 'deps', '--project-dir', '/tmp/tmp3j6dvf6m', '--profiles-dir', '/tmp/cosmos/profile/a0017dab0633177292578162811b91dcb9c56d6e54017e9660056cc364a762ad', '--profile', 'dbt_project', '--target', 'dev']
From /tmp/tmp3j6dvf6m
[2024-07-14T04:23:29.805+0000] {subprocess.py:60} INFO - Tmp dir root location: 
 /tmp
[2024-07-14T04:23:29.810+0000] {subprocess.py:73} INFO - Running command: ['/opt/airflow/dbt_venv/bin/dbt', 'deps', '--project-dir', '/tmp/tmp3j6dvf6m', '--profiles-dir', '/tmp/cosmos/profile/a0017dab0633177292578162811b91dcb9c56d6e54017e9660056cc364a762ad', '--profile', 'dbt_project', '--target', 'dev']
[2024-07-14T04:23:29.889+0000] {subprocess.py:84} INFO - Command output:
[2024-07-14T04:23:45.724+0000] {subprocess.py:94} INFO - [0m04:23:45  Running with dbt=1.8.3
[2024-07-14T04:23:47.687+0000] {subprocess.py:94} INFO - [0m04:23:47  Updating lock file in file path: /tmp/tmp3j6dvf6m/package-lock.yml
[2024-07-14T04:23:47.748+0000] {subprocess.py:94} INFO - [0m04:23:47  Installing dbt-labs/dbt_utils
[2024-07-14T04:23:48.598+0000] {subprocess.py:94} INFO - [0m04:23:48  Installed from version 0.8.6
[2024-07-14T04:23:48.602+0000] {subprocess.py:94} INFO - [0m04:23:48  Updated version available: 1.2.0
[2024-07-14T04:23:48.611+0000] {subprocess.py:94} INFO - [0m04:23:48
[2024-07-14T04:23:48.615+0000] {subprocess.py:94} INFO - [0m04:23:48  Updates available for packages: ['dbt-labs/dbt_utils']
[2024-07-14T04:23:48.617+0000] {subprocess.py:94} INFO - Update your versions in packages.yml, then run dbt deps
[2024-07-14T04:23:51.483+0000] {subprocess.py:98} INFO - Command exited with return code 0
[2024-07-14T04:23:51.497+0000] {local.py:254} INFO - Update your versions in packages.yml, then run dbt deps
[2024-07-14T04:23:51.499+0000] {local.py:247} INFO - Trying to run the command:
 ['/opt/airflow/dbt_venv/bin/dbt', 'run', '--models', 'raw_order_details', '--project-dir', '/tmp/tmp3j6dvf6m', '--profiles-dir', '/tmp/cosmos/profile/a0017dab0633177292578162811b91dcb9c56d6e54017e9660056cc364a762ad', '--profile', 'dbt_project', '--target', 'dev']
From /tmp/tmp3j6dvf6m
[2024-07-14T04:23:51.502+0000] {subprocess.py:60} INFO - Tmp dir root location: 
 /tmp
[2024-07-14T04:23:51.505+0000] {subprocess.py:73} INFO - Running command: ['/opt/airflow/dbt_venv/bin/dbt', 'run', '--models', 'raw_order_details', '--project-dir', '/tmp/tmp3j6dvf6m', '--profiles-dir', '/tmp/cosmos/profile/a0017dab0633177292578162811b91dcb9c56d6e54017e9660056cc364a762ad', '--profile', 'dbt_project', '--target', 'dev']
[2024-07-14T04:23:51.580+0000] {subprocess.py:84} INFO - Command output:
[2024-07-14T04:24:06.249+0000] {subprocess.py:94} INFO - [0m04:24:06  Running with dbt=1.8.3
[2024-07-14T04:24:10.132+0000] {subprocess.py:94} INFO - [0m04:24:10  Registered adapter: snowflake=1.8.3
[2024-07-14T04:24:14.468+0000] {subprocess.py:94} INFO - [0m04:24:14  Found 20 models, 27 data tests, 11 sources, 684 macros
[2024-07-14T04:24:14.484+0000] {subprocess.py:94} INFO - [0m04:24:14
[2024-07-14T04:24:23.478+0000] {subprocess.py:94} INFO - [0m04:24:23  Concurrency: 1 threads (target='dev')
[2024-07-14T04:24:23.488+0000] {subprocess.py:94} INFO - [0m04:24:23
[2024-07-14T04:24:23.650+0000] {subprocess.py:94} INFO - [0m04:24:23  1 of 1 START sql table model raw.raw_order_details ............................. [RUN]
[2024-07-14T04:24:27.365+0000] {subprocess.py:94} INFO - [0m04:24:27  1 of 1 OK created sql table model raw.raw_order_details ........................ [[32mSUCCESS 1[0m in 3.69s]
[2024-07-14T04:24:27.402+0000] {subprocess.py:94} INFO - [0m04:24:27
[2024-07-14T04:24:27.413+0000] {subprocess.py:94} INFO - [0m04:24:27  Finished running 1 table model in 0 hours 0 minutes and 12.91 seconds (12.91s).
[2024-07-14T04:24:28.488+0000] {subprocess.py:94} INFO - [0m04:24:28
[2024-07-14T04:24:28.494+0000] {subprocess.py:94} INFO - [0m04:24:28  [32mCompleted successfully[0m
[2024-07-14T04:24:28.498+0000] {subprocess.py:94} INFO - [0m04:24:28
[2024-07-14T04:24:28.504+0000] {subprocess.py:94} INFO - [0m04:24:28  Done. PASS=1 WARN=0 ERROR=0 SKIP=0 TOTAL=1
[2024-07-14T04:24:31.984+0000] {subprocess.py:98} INFO - Command exited with return code 0
[2024-07-14T04:24:31.987+0000] {local.py:254} INFO - [0m04:24:28  Done. PASS=1 WARN=0 ERROR=0 SKIP=0 TOTAL=1
[2024-07-14T04:24:33.424+0000] {local.py:196} WARNING - Artifact schema version: https://schemas.getdbt.com/dbt/manifest/v12.json is above dbt-ol supported version 7. This might cause errors.
[2024-07-14T04:24:33.436+0000] {local.py:196} WARNING - Artifact schema version: https://schemas.getdbt.com/dbt/run-results/v6.json is above dbt-ol supported version 5. This might cause errors.
[2024-07-14T04:24:33.469+0000] {local.py:349} INFO - Inlets: [Dataset(uri='snowflake://OU00370.europe-west2.gcp/ELT_BATCH.PUBLIC.order_details', extra=None)]
[2024-07-14T04:24:33.475+0000] {local.py:350} INFO - Outlets: [Dataset(uri='snowflake://OU00370.europe-west2.gcp/ELT_BATCH.raw.raw_order_details', extra=None)]
[2024-07-14T04:24:33.478+0000] {dag.py:3096} INFO - Sync 1 DAGs
[2024-07-14T04:24:33.889+0000] {taskinstance.py:441} INFO - ::group::Post task execution logs
[2024-07-14T04:24:34.096+0000] {taskinstance.py:1206} INFO - Marking task as SUCCESS. dag_id=ELT-PROJECT, task_id=transform.raw_order_details.run, run_id=scheduled__2024-07-01T00:00:00+00:00, execution_date=20240701T000000, start_date=20240714T042326, end_date=20240714T042434
[2024-07-14T04:24:34.282+0000] {local_task_job_runner.py:240} INFO - Task exited with return code 0
[2024-07-14T04:24:34.333+0000] {local_task_job_runner.py:222} INFO - ::endgroup::
