[2024-07-14T04:15:08.181+0000] {local_task_job_runner.py:120} INFO - ::group::Pre task execution logs
[2024-07-14T04:15:08.325+0000] {taskinstance.py:2076} INFO - Dependencies all met for dep_context=non-requeueable deps ti=<TaskInstance: ELT-PROJECT.transform.dim_suppliers.run scheduled__2024-07-10T00:00:00+00:00 [queued]>
[2024-07-14T04:15:08.407+0000] {taskinstance.py:2076} INFO - Dependencies all met for dep_context=requeueable deps ti=<TaskInstance: ELT-PROJECT.transform.dim_suppliers.run scheduled__2024-07-10T00:00:00+00:00 [queued]>
[2024-07-14T04:15:08.410+0000] {taskinstance.py:2306} INFO - Starting attempt 1 of 2
[2024-07-14T04:15:08.569+0000] {taskinstance.py:2330} INFO - Executing <Task(DbtRunLocalOperator): transform.dim_suppliers.run> on 2024-07-10 00:00:00+00:00
[2024-07-14T04:15:08.600+0000] {standard_task_runner.py:90} INFO - Running: ['airflow', 'tasks', 'run', 'ELT-PROJECT', 'transform.dim_suppliers.run', 'scheduled__2024-07-10T00:00:00+00:00', '--job-id', '1204', '--raw', '--subdir', 'DAGS_FOLDER/elt.py', '--cfg-path', '/tmp/tmpjiarxzks']
[2024-07-14T04:15:08.623+0000] {standard_task_runner.py:91} INFO - Job 1204: Subtask transform.dim_suppliers.run
[2024-07-14T04:15:08.629+0000] {logging_mixin.py:188} WARNING - /home/airflow/.local/lib/python3.12/site-packages/airflow/task/task_runner/standard_task_runner.py:61 DeprecationWarning: This process (pid=14996) is multi-threaded, use of fork() may lead to deadlocks in the child.
[2024-07-14T04:15:08.674+0000] {standard_task_runner.py:63} INFO - Started process 15028 to run task
[2024-07-14T04:15:08.726+0000] {logging_mixin.py:188} WARNING - /home/airflow/.local/lib/python3.12/site-packages/airflow/settings.py:195 DeprecationWarning: The sql_alchemy_conn option in [core] has been moved to the sql_alchemy_conn option in [database] - the old setting has been used, but please update your config.
[2024-07-14T04:15:09.016+0000] {task_command.py:426} INFO - Running <TaskInstance: ELT-PROJECT.transform.dim_suppliers.run scheduled__2024-07-10T00:00:00+00:00 [running]> on host airflow-scheduler
[2024-07-14T04:15:09.708+0000] {taskinstance.py:2648} INFO - Exporting env vars: AIRFLOW_CTX_DAG_OWNER='Data-Ninja' AIRFLOW_CTX_DAG_ID='ELT-PROJECT' AIRFLOW_CTX_TASK_ID='transform.dim_suppliers.run' AIRFLOW_CTX_EXECUTION_DATE='2024-07-10T00:00:00+00:00' AIRFLOW_CTX_TRY_NUMBER='1' AIRFLOW_CTX_DAG_RUN_ID='scheduled__2024-07-10T00:00:00+00:00'
[2024-07-14T04:15:09.711+0000] {taskinstance.py:430} INFO - ::endgroup::
[2024-07-14T04:15:09.715+0000] {local.py:174} INFO - Could not import dbtRunner. Falling back to subprocess for invoking dbt.
[2024-07-14T04:15:09.719+0000] {local.py:292} INFO - Cloning project to writable temp directory /tmp/tmplzy3n6kb from /opt/airflow/dags/dbt/dbt_project
[2024-07-14T04:15:09.736+0000] {local.py:303} INFO - Partial parse is enabled and the latest partial parse file is /tmp/cosmos/ELT-PROJECT__transform/target/partial_parse.msgpack
[2024-07-14T04:15:09.973+0000] {base.py:84} INFO - Using connection ID 'snow_conn' for task execution.
[2024-07-14T04:15:09.994+0000] {crypto.py:82} WARNING - empty cryptography key - values will not be stored encrypted.
[2024-07-14T04:15:09.995+0000] {config.py:298} INFO - Profile caching is enable.
[2024-07-14T04:15:10.008+0000] {config.py:272} INFO - Profile found in cache using profile: /tmp/cosmos/profile/a0017dab0633177292578162811b91dcb9c56d6e54017e9660056cc364a762ad/profiles.yml.
[2024-07-14T04:15:10.023+0000] {local.py:247} INFO - Trying to run the command:
 ['/opt/airflow/dbt_venv/bin/dbt', 'deps', '--project-dir', '/tmp/tmplzy3n6kb', '--profiles-dir', '/tmp/cosmos/profile/a0017dab0633177292578162811b91dcb9c56d6e54017e9660056cc364a762ad', '--profile', 'dbt_project', '--target', 'dev']
From /tmp/tmplzy3n6kb
[2024-07-14T04:15:10.034+0000] {subprocess.py:60} INFO - Tmp dir root location: 
 /tmp
[2024-07-14T04:15:10.038+0000] {subprocess.py:73} INFO - Running command: ['/opt/airflow/dbt_venv/bin/dbt', 'deps', '--project-dir', '/tmp/tmplzy3n6kb', '--profiles-dir', '/tmp/cosmos/profile/a0017dab0633177292578162811b91dcb9c56d6e54017e9660056cc364a762ad', '--profile', 'dbt_project', '--target', 'dev']
[2024-07-14T04:15:10.093+0000] {subprocess.py:84} INFO - Command output:
[2024-07-14T04:15:18.701+0000] {subprocess.py:94} INFO - [0m04:15:18  Running with dbt=1.8.3
[2024-07-14T04:15:19.433+0000] {subprocess.py:94} INFO - [0m04:15:19  Updating lock file in file path: /tmp/tmplzy3n6kb/package-lock.yml
[2024-07-14T04:15:19.455+0000] {subprocess.py:94} INFO - [0m04:15:19  Installing dbt-labs/dbt_utils
[2024-07-14T04:15:20.220+0000] {subprocess.py:94} INFO - [0m04:15:20  Installed from version 0.8.6
[2024-07-14T04:15:20.223+0000] {subprocess.py:94} INFO - [0m04:15:20  Updated version available: 1.2.0
[2024-07-14T04:15:20.230+0000] {subprocess.py:94} INFO - [0m04:15:20
[2024-07-14T04:15:20.234+0000] {subprocess.py:94} INFO - [0m04:15:20  Updates available for packages: ['dbt-labs/dbt_utils']
[2024-07-14T04:15:20.237+0000] {subprocess.py:94} INFO - Update your versions in packages.yml, then run dbt deps
[2024-07-14T04:15:22.159+0000] {subprocess.py:98} INFO - Command exited with return code 0
[2024-07-14T04:15:22.161+0000] {local.py:254} INFO - Update your versions in packages.yml, then run dbt deps
[2024-07-14T04:15:22.163+0000] {local.py:247} INFO - Trying to run the command:
 ['/opt/airflow/dbt_venv/bin/dbt', 'run', '--models', 'dim_suppliers', '--project-dir', '/tmp/tmplzy3n6kb', '--profiles-dir', '/tmp/cosmos/profile/a0017dab0633177292578162811b91dcb9c56d6e54017e9660056cc364a762ad', '--profile', 'dbt_project', '--target', 'dev']
From /tmp/tmplzy3n6kb
[2024-07-14T04:15:22.166+0000] {subprocess.py:60} INFO - Tmp dir root location: 
 /tmp
[2024-07-14T04:15:22.172+0000] {subprocess.py:73} INFO - Running command: ['/opt/airflow/dbt_venv/bin/dbt', 'run', '--models', 'dim_suppliers', '--project-dir', '/tmp/tmplzy3n6kb', '--profiles-dir', '/tmp/cosmos/profile/a0017dab0633177292578162811b91dcb9c56d6e54017e9660056cc364a762ad', '--profile', 'dbt_project', '--target', 'dev']
[2024-07-14T04:15:22.215+0000] {subprocess.py:84} INFO - Command output:
[2024-07-14T04:15:34.453+0000] {subprocess.py:94} INFO - [0m04:15:34  Running with dbt=1.8.3
[2024-07-14T04:15:40.811+0000] {subprocess.py:94} INFO - [0m04:15:40  Registered adapter: snowflake=1.8.3
[2024-07-14T04:15:45.319+0000] {subprocess.py:94} INFO - [0m04:15:45  Found 20 models, 27 data tests, 11 sources, 684 macros
[2024-07-14T04:15:45.347+0000] {subprocess.py:94} INFO - [0m04:15:45
[2024-07-14T04:15:53.605+0000] {subprocess.py:94} INFO - [0m04:15:53  Concurrency: 1 threads (target='dev')
[2024-07-14T04:15:53.634+0000] {subprocess.py:94} INFO - [0m04:15:53
[2024-07-14T04:15:53.767+0000] {subprocess.py:94} INFO - [0m04:15:53  1 of 1 START sql table model dwh.dim_suppliers ................................. [RUN]
[2024-07-14T04:15:56.683+0000] {subprocess.py:94} INFO - [0m04:15:56  1 of 1 OK created sql table model dwh.dim_suppliers ............................ [[32mSUCCESS 1[0m in 2.90s]
[2024-07-14T04:15:56.717+0000] {subprocess.py:94} INFO - [0m04:15:56
[2024-07-14T04:15:56.720+0000] {subprocess.py:94} INFO - [0m04:15:56  Finished running 1 table model in 0 hours 0 minutes and 11.37 seconds (11.37s).
[2024-07-14T04:15:57.731+0000] {subprocess.py:94} INFO - [0m04:15:57
[2024-07-14T04:15:57.739+0000] {subprocess.py:94} INFO - [0m04:15:57  [32mCompleted successfully[0m
[2024-07-14T04:15:57.762+0000] {subprocess.py:94} INFO - [0m04:15:57
[2024-07-14T04:15:57.766+0000] {subprocess.py:94} INFO - [0m04:15:57  Done. PASS=1 WARN=0 ERROR=0 SKIP=0 TOTAL=1
[2024-07-14T04:16:01.229+0000] {subprocess.py:98} INFO - Command exited with return code 0
[2024-07-14T04:16:01.231+0000] {local.py:254} INFO - [0m04:15:57  Done. PASS=1 WARN=0 ERROR=0 SKIP=0 TOTAL=1
[2024-07-14T04:16:02.256+0000] {local.py:196} WARNING - Artifact schema version: https://schemas.getdbt.com/dbt/manifest/v12.json is above dbt-ol supported version 7. This might cause errors.
[2024-07-14T04:16:02.257+0000] {local.py:196} WARNING - Artifact schema version: https://schemas.getdbt.com/dbt/run-results/v6.json is above dbt-ol supported version 5. This might cause errors.
[2024-07-14T04:16:02.283+0000] {local.py:349} INFO - Inlets: [Dataset(uri='snowflake://OU00370.europe-west2.gcp/ELT_BATCH.raw.raw_suppliers', extra=None)]
[2024-07-14T04:16:02.290+0000] {local.py:350} INFO - Outlets: [Dataset(uri='snowflake://OU00370.europe-west2.gcp/ELT_BATCH.dwh.dim_suppliers', extra=None)]
[2024-07-14T04:16:02.302+0000] {dag.py:3096} INFO - Sync 1 DAGs
[2024-07-14T04:16:03.176+0000] {taskinstance.py:441} INFO - ::group::Post task execution logs
[2024-07-14T04:16:03.513+0000] {taskinstance.py:1206} INFO - Marking task as SUCCESS. dag_id=ELT-PROJECT, task_id=transform.dim_suppliers.run, run_id=scheduled__2024-07-10T00:00:00+00:00, execution_date=20240710T000000, start_date=20240714T041508, end_date=20240714T041603
[2024-07-14T04:16:03.831+0000] {local_task_job_runner.py:240} INFO - Task exited with return code 0
[2024-07-14T04:16:03.901+0000] {local_task_job_runner.py:222} INFO - ::endgroup::
