[2024-07-14T04:42:28.647+0000] {local_task_job_runner.py:120} INFO - ::group::Pre task execution logs
[2024-07-14T04:42:28.851+0000] {taskinstance.py:2076} INFO - Dependencies all met for dep_context=non-requeueable deps ti=<TaskInstance: ELT-PROJECT.transform.best_employee_run scheduled__2024-07-02T00:00:00+00:00 [queued]>
[2024-07-14T04:42:29.034+0000] {taskinstance.py:2076} INFO - Dependencies all met for dep_context=requeueable deps ti=<TaskInstance: ELT-PROJECT.transform.best_employee_run scheduled__2024-07-02T00:00:00+00:00 [queued]>
[2024-07-14T04:42:29.036+0000] {taskinstance.py:2306} INFO - Starting attempt 1 of 2
[2024-07-14T04:42:29.154+0000] {taskinstance.py:2330} INFO - Executing <Task(DbtRunLocalOperator): transform.best_employee_run> on 2024-07-02 00:00:00+00:00
[2024-07-14T04:42:29.199+0000] {logging_mixin.py:188} WARNING - /home/airflow/.local/lib/python3.12/site-packages/airflow/task/task_runner/standard_task_runner.py:61 DeprecationWarning: This process (pid=20748) is multi-threaded, use of fork() may lead to deadlocks in the child.
[2024-07-14T04:42:29.194+0000] {standard_task_runner.py:90} INFO - Running: ['airflow', 'tasks', 'run', 'ELT-PROJECT', 'transform.best_employee_run', 'scheduled__2024-07-02T00:00:00+00:00', '--job-id', '1567', '--raw', '--subdir', 'DAGS_FOLDER/elt.py', '--cfg-path', '/tmp/tmp3pk9fh20']
[2024-07-14T04:42:29.216+0000] {standard_task_runner.py:91} INFO - Job 1567: Subtask transform.best_employee_run
[2024-07-14T04:42:29.216+0000] {standard_task_runner.py:63} INFO - Started process 20782 to run task
[2024-07-14T04:42:29.371+0000] {logging_mixin.py:188} WARNING - /home/airflow/.local/lib/python3.12/site-packages/airflow/settings.py:195 DeprecationWarning: The sql_alchemy_conn option in [core] has been moved to the sql_alchemy_conn option in [database] - the old setting has been used, but please update your config.
[2024-07-14T04:42:29.623+0000] {task_command.py:426} INFO - Running <TaskInstance: ELT-PROJECT.transform.best_employee_run scheduled__2024-07-02T00:00:00+00:00 [running]> on host airflow-scheduler
[2024-07-14T04:42:30.403+0000] {taskinstance.py:2648} INFO - Exporting env vars: AIRFLOW_CTX_DAG_OWNER='Data-Ninja' AIRFLOW_CTX_DAG_ID='ELT-PROJECT' AIRFLOW_CTX_TASK_ID='transform.best_employee_run' AIRFLOW_CTX_EXECUTION_DATE='2024-07-02T00:00:00+00:00' AIRFLOW_CTX_TRY_NUMBER='1' AIRFLOW_CTX_DAG_RUN_ID='scheduled__2024-07-02T00:00:00+00:00'
[2024-07-14T04:42:30.412+0000] {taskinstance.py:430} INFO - ::endgroup::
[2024-07-14T04:42:30.424+0000] {local.py:174} INFO - Could not import dbtRunner. Falling back to subprocess for invoking dbt.
[2024-07-14T04:42:30.450+0000] {local.py:292} INFO - Cloning project to writable temp directory /tmp/tmpm9l0b5r4 from /opt/airflow/dags/dbt/dbt_project
[2024-07-14T04:42:30.472+0000] {local.py:303} INFO - Partial parse is enabled and the latest partial parse file is /tmp/cosmos/ELT-PROJECT__transform/target/partial_parse.msgpack
[2024-07-14T04:42:31.728+0000] {base.py:84} INFO - Using connection ID 'snow_conn' for task execution.
[2024-07-14T04:42:31.744+0000] {crypto.py:82} WARNING - empty cryptography key - values will not be stored encrypted.
[2024-07-14T04:42:31.754+0000] {config.py:298} INFO - Profile caching is enable.
[2024-07-14T04:42:31.764+0000] {config.py:272} INFO - Profile found in cache using profile: /tmp/cosmos/profile/a0017dab0633177292578162811b91dcb9c56d6e54017e9660056cc364a762ad/profiles.yml.
[2024-07-14T04:42:31.783+0000] {local.py:247} INFO - Trying to run the command:
 ['/opt/airflow/dbt_venv/bin/dbt', 'deps', '--project-dir', '/tmp/tmpm9l0b5r4', '--profiles-dir', '/tmp/cosmos/profile/a0017dab0633177292578162811b91dcb9c56d6e54017e9660056cc364a762ad', '--profile', 'dbt_project', '--target', 'dev']
From /tmp/tmpm9l0b5r4
[2024-07-14T04:42:31.786+0000] {subprocess.py:60} INFO - Tmp dir root location: 
 /tmp
[2024-07-14T04:42:31.790+0000] {subprocess.py:73} INFO - Running command: ['/opt/airflow/dbt_venv/bin/dbt', 'deps', '--project-dir', '/tmp/tmpm9l0b5r4', '--profiles-dir', '/tmp/cosmos/profile/a0017dab0633177292578162811b91dcb9c56d6e54017e9660056cc364a762ad', '--profile', 'dbt_project', '--target', 'dev']
[2024-07-14T04:42:31.850+0000] {subprocess.py:84} INFO - Command output:
[2024-07-14T04:42:52.949+0000] {subprocess.py:94} INFO - [0m04:42:52  Running with dbt=1.8.3
[2024-07-14T04:42:55.363+0000] {subprocess.py:94} INFO - [0m04:42:55  Updating lock file in file path: /tmp/tmpm9l0b5r4/package-lock.yml
[2024-07-14T04:42:55.406+0000] {subprocess.py:94} INFO - [0m04:42:55  Installing dbt-labs/dbt_utils
[2024-07-14T04:42:56.719+0000] {subprocess.py:94} INFO - [0m04:42:56  Installed from version 0.8.6
[2024-07-14T04:42:56.731+0000] {subprocess.py:94} INFO - [0m04:42:56  Updated version available: 1.2.0
[2024-07-14T04:42:56.738+0000] {subprocess.py:94} INFO - [0m04:42:56
[2024-07-14T04:42:56.752+0000] {subprocess.py:94} INFO - [0m04:42:56  Updates available for packages: ['dbt-labs/dbt_utils']
[2024-07-14T04:42:56.760+0000] {subprocess.py:94} INFO - Update your versions in packages.yml, then run dbt deps
[2024-07-14T04:43:00.392+0000] {subprocess.py:98} INFO - Command exited with return code 0
[2024-07-14T04:43:00.395+0000] {local.py:254} INFO - Update your versions in packages.yml, then run dbt deps
[2024-07-14T04:43:00.404+0000] {local.py:247} INFO - Trying to run the command:
 ['/opt/airflow/dbt_venv/bin/dbt', 'run', '--models', 'best_employee', '--project-dir', '/tmp/tmpm9l0b5r4', '--profiles-dir', '/tmp/cosmos/profile/a0017dab0633177292578162811b91dcb9c56d6e54017e9660056cc364a762ad', '--profile', 'dbt_project', '--target', 'dev']
From /tmp/tmpm9l0b5r4
[2024-07-14T04:43:00.408+0000] {subprocess.py:60} INFO - Tmp dir root location: 
 /tmp
[2024-07-14T04:43:00.412+0000] {subprocess.py:73} INFO - Running command: ['/opt/airflow/dbt_venv/bin/dbt', 'run', '--models', 'best_employee', '--project-dir', '/tmp/tmpm9l0b5r4', '--profiles-dir', '/tmp/cosmos/profile/a0017dab0633177292578162811b91dcb9c56d6e54017e9660056cc364a762ad', '--profile', 'dbt_project', '--target', 'dev']
[2024-07-14T04:43:00.491+0000] {subprocess.py:84} INFO - Command output:
[2024-07-14T04:43:17.180+0000] {subprocess.py:94} INFO - [0m04:43:17  Running with dbt=1.8.3
[2024-07-14T04:43:20.807+0000] {subprocess.py:94} INFO - [0m04:43:20  Registered adapter: snowflake=1.8.3
[2024-07-14T04:43:24.644+0000] {subprocess.py:94} INFO - [0m04:43:24  Found 20 models, 27 data tests, 11 sources, 684 macros
[2024-07-14T04:43:24.658+0000] {subprocess.py:94} INFO - [0m04:43:24
[2024-07-14T04:43:33.016+0000] {subprocess.py:94} INFO - [0m04:43:33  Concurrency: 1 threads (target='dev')
[2024-07-14T04:43:33.020+0000] {subprocess.py:94} INFO - [0m04:43:33
[2024-07-14T04:43:33.125+0000] {subprocess.py:94} INFO - [0m04:43:33  1 of 1 START sql table model dm.best_employee .................................. [RUN]
[2024-07-14T04:43:36.263+0000] {subprocess.py:94} INFO - [0m04:43:36  1 of 1 OK created sql table model dm.best_employee ............................. [[32mSUCCESS 1[0m in 3.14s]
[2024-07-14T04:43:36.295+0000] {subprocess.py:94} INFO - [0m04:43:36
[2024-07-14T04:43:36.300+0000] {subprocess.py:94} INFO - [0m04:43:36  Finished running 1 table model in 0 hours 0 minutes and 11.63 seconds (11.63s).
[2024-07-14T04:43:37.726+0000] {subprocess.py:94} INFO - [0m04:43:37
[2024-07-14T04:43:37.787+0000] {subprocess.py:94} INFO - [0m04:43:37  [32mCompleted successfully[0m
[2024-07-14T04:43:37.795+0000] {subprocess.py:94} INFO - [0m04:43:37
[2024-07-14T04:43:37.804+0000] {subprocess.py:94} INFO - [0m04:43:37  Done. PASS=1 WARN=0 ERROR=0 SKIP=0 TOTAL=1
[2024-07-14T04:43:41.556+0000] {subprocess.py:98} INFO - Command exited with return code 0
[2024-07-14T04:43:41.559+0000] {local.py:254} INFO - [0m04:43:37  Done. PASS=1 WARN=0 ERROR=0 SKIP=0 TOTAL=1
[2024-07-14T04:43:41.749+0000] {local.py:196} WARNING - Artifact schema version: https://schemas.getdbt.com/dbt/manifest/v12.json is above dbt-ol supported version 7. This might cause errors.
[2024-07-14T04:43:41.770+0000] {local.py:196} WARNING - Artifact schema version: https://schemas.getdbt.com/dbt/run-results/v6.json is above dbt-ol supported version 5. This might cause errors.
[2024-07-14T04:43:41.831+0000] {local.py:349} INFO - Inlets: [Dataset(uri='snowflake://OU00370.europe-west2.gcp/ELT_BATCH.dwh.dim_employees', extra=None), Dataset(uri='snowflake://OU00370.europe-west2.gcp/ELT_BATCH.dwh.fact_order_details', extra=None), Dataset(uri='snowflake://OU00370.europe-west2.gcp/ELT_BATCH.dwh.fact_orders', extra=None)]
[2024-07-14T04:43:41.838+0000] {local.py:350} INFO - Outlets: [Dataset(uri='snowflake://OU00370.europe-west2.gcp/ELT_BATCH.dm.best_employee', extra=None)]
[2024-07-14T04:43:41.843+0000] {dag.py:3096} INFO - Sync 1 DAGs
[2024-07-14T04:43:42.031+0000] {dag.py:3954} INFO - Setting next_dagrun for ELT-PROJECT to 2024-07-14 00:00:00+00:00, run_after=2024-07-15 00:00:00+00:00
[2024-07-14T04:43:42.287+0000] {taskinstance.py:441} INFO - ::group::Post task execution logs
[2024-07-14T04:43:42.525+0000] {taskinstance.py:1206} INFO - Marking task as SUCCESS. dag_id=ELT-PROJECT, task_id=transform.best_employee_run, run_id=scheduled__2024-07-02T00:00:00+00:00, execution_date=20240702T000000, start_date=20240714T044228, end_date=20240714T044342
[2024-07-14T04:43:42.686+0000] {local_task_job_runner.py:240} INFO - Task exited with return code 0
[2024-07-14T04:43:42.751+0000] {local_task_job_runner.py:222} INFO - ::endgroup::
