[2024-07-14T04:01:25.471+0000] {local_task_job_runner.py:120} INFO - ::group::Pre task execution logs
[2024-07-14T04:01:25.571+0000] {taskinstance.py:2076} INFO - Dependencies all met for dep_context=non-requeueable deps ti=<TaskInstance: ELT-PROJECT.load.load_territories scheduled__2024-07-03T00:00:00+00:00 [queued]>
[2024-07-14T04:01:25.621+0000] {taskinstance.py:2076} INFO - Dependencies all met for dep_context=requeueable deps ti=<TaskInstance: ELT-PROJECT.load.load_territories scheduled__2024-07-03T00:00:00+00:00 [queued]>
[2024-07-14T04:01:25.624+0000] {taskinstance.py:2306} INFO - Starting attempt 1 of 2
[2024-07-14T04:01:25.695+0000] {taskinstance.py:2330} INFO - Executing <Task(_PythonDecoratedOperator): load.load_territories> on 2024-07-03 00:00:00+00:00
[2024-07-14T04:01:25.721+0000] {logging_mixin.py:188} WARNING - /home/airflow/.local/lib/python3.12/site-packages/airflow/task/task_runner/standard_task_runner.py:61 DeprecationWarning: This process (pid=10986) is multi-threaded, use of fork() may lead to deadlocks in the child.
[2024-07-14T04:01:25.723+0000] {standard_task_runner.py:63} INFO - Started process 11036 to run task
[2024-07-14T04:01:25.726+0000] {standard_task_runner.py:90} INFO - Running: ['airflow', 'tasks', 'run', 'ELT-PROJECT', 'load.load_territories', 'scheduled__2024-07-03T00:00:00+00:00', '--job-id', '924', '--raw', '--subdir', 'DAGS_FOLDER/elt.py', '--cfg-path', '/tmp/tmp66h7o_lo']
[2024-07-14T04:01:25.731+0000] {standard_task_runner.py:91} INFO - Job 924: Subtask load.load_territories
[2024-07-14T04:01:25.791+0000] {logging_mixin.py:188} WARNING - /home/airflow/.local/lib/python3.12/site-packages/airflow/settings.py:195 DeprecationWarning: The sql_alchemy_conn option in [core] has been moved to the sql_alchemy_conn option in [database] - the old setting has been used, but please update your config.
[2024-07-14T04:01:26.007+0000] {task_command.py:426} INFO - Running <TaskInstance: ELT-PROJECT.load.load_territories scheduled__2024-07-03T00:00:00+00:00 [running]> on host airflow-scheduler
[2024-07-14T04:01:27.298+0000] {taskinstance.py:2648} INFO - Exporting env vars: AIRFLOW_CTX_DAG_OWNER='Data-Ninja' AIRFLOW_CTX_DAG_ID='ELT-PROJECT' AIRFLOW_CTX_TASK_ID='load.load_territories' AIRFLOW_CTX_EXECUTION_DATE='2024-07-03T00:00:00+00:00' AIRFLOW_CTX_TRY_NUMBER='1' AIRFLOW_CTX_DAG_RUN_ID='scheduled__2024-07-03T00:00:00+00:00'
[2024-07-14T04:01:27.300+0000] {taskinstance.py:430} INFO - ::endgroup::
[2024-07-14T04:01:27.303+0000] {connection.py:399} INFO - Snowflake Connector for Python Version: 3.10.1, Python Version: 3.12.4, Platform: Linux-5.15.133.1-microsoft-standard-WSL2-x86_64-with-glibc2.36
[2024-07-14T04:01:27.305+0000] {connection.py:1249} INFO - THIS CONNECTION IS IN INSECURE MODE. IT MEANS THE CERTIFICATE WILL BE VALIDATED BUT THE CERTIFICATE REVOCATION STATUS WILL NOT BE CHECKED.
[2024-07-14T04:01:27.390+0000] {ssl_wrap_socket.py:100} INFO - THIS CONNECTION IS IN INSECURE MODE. IT MEANS THE CERTIFICATE WILL BE VALIDATED BUT THE CERTIFICATE REVOCATION STATUS WILL NOT BE CHECKED.
[2024-07-14T04:01:27.869+0000] {logging_mixin.py:188} INFO - Nama kolom di DataFrame: Index(['territoryID', 'territoryDescription', 'regionID'], dtype='object')
[2024-07-14T04:01:28.283+0000] {cursor.py:1149} INFO - Number of results in first chunk: 1
[2024-07-14T04:01:29.005+0000] {ssl_wrap_socket.py:100} INFO - THIS CONNECTION IS IN INSECURE MODE. IT MEANS THE CERTIFICATE WILL BE VALIDATED BUT THE CERTIFICATE REVOCATION STATUS WILL NOT BE CHECKED.
[2024-07-14T04:01:31.418+0000] {cursor.py:1149} INFO - Number of results in first chunk: 1
[2024-07-14T04:01:32.100+0000] {cursor.py:1149} INFO - Number of results in first chunk: 3
[2024-07-14T04:01:32.470+0000] {cursor.py:1149} INFO - Number of results in first chunk: 1
[2024-07-14T04:01:33.107+0000] {cursor.py:1149} INFO - Number of results in first chunk: 1
[2024-07-14T04:01:34.543+0000] {cursor.py:1149} INFO - Number of results in first chunk: 1
[2024-07-14T04:01:34.544+0000] {logging_mixin.py:188} INFO - Done territories.
[2024-07-14T04:01:34.546+0000] {connection.py:762} INFO - closed
[2024-07-14T04:01:34.996+0000] {connection.py:768} INFO - No async queries seem to be running, deleting session
[2024-07-14T04:01:35.451+0000] {python.py:237} INFO - Done. Returned value was: None
[2024-07-14T04:01:35.526+0000] {taskinstance.py:441} INFO - ::group::Post task execution logs
[2024-07-14T04:01:35.667+0000] {taskinstance.py:1206} INFO - Marking task as SUCCESS. dag_id=ELT-PROJECT, task_id=load.load_territories, run_id=scheduled__2024-07-03T00:00:00+00:00, execution_date=20240703T000000, start_date=20240714T040125, end_date=20240714T040135
[2024-07-14T04:01:35.759+0000] {local_task_job_runner.py:240} INFO - Task exited with return code 0
[2024-07-14T04:01:35.793+0000] {local_task_job_runner.py:222} INFO - ::endgroup::
