[2024-07-14T04:13:06.081+0000] {local_task_job_runner.py:120} INFO - ::group::Pre task execution logs
[2024-07-14T04:13:06.390+0000] {taskinstance.py:2076} INFO - Dependencies all met for dep_context=non-requeueable deps ti=<TaskInstance: ELT-PROJECT.transform.raw_products.run scheduled__2024-07-05T00:00:00+00:00 [queued]>
[2024-07-14T04:13:06.599+0000] {taskinstance.py:2076} INFO - Dependencies all met for dep_context=requeueable deps ti=<TaskInstance: ELT-PROJECT.transform.raw_products.run scheduled__2024-07-05T00:00:00+00:00 [queued]>
[2024-07-14T04:13:06.600+0000] {taskinstance.py:2306} INFO - Starting attempt 1 of 2
[2024-07-14T04:13:07.944+0000] {taskinstance.py:2330} INFO - Executing <Task(DbtRunLocalOperator): transform.raw_products.run> on 2024-07-05 00:00:00+00:00
[2024-07-14T04:13:07.994+0000] {logging_mixin.py:188} WARNING - /home/airflow/.local/lib/python3.12/site-packages/airflow/task/task_runner/standard_task_runner.py:61 DeprecationWarning: This process (pid=14576) is multi-threaded, use of fork() may lead to deadlocks in the child.
[2024-07-14T04:13:08.003+0000] {standard_task_runner.py:90} INFO - Running: ['airflow', 'tasks', 'run', 'ELT-PROJECT', 'transform.raw_products.run', 'scheduled__2024-07-05T00:00:00+00:00', '--job-id', '1179', '--raw', '--subdir', 'DAGS_FOLDER/elt.py', '--cfg-path', '/tmp/tmpd38eltkq']
[2024-07-14T04:13:08.028+0000] {standard_task_runner.py:63} INFO - Started process 14614 to run task
[2024-07-14T04:13:08.030+0000] {standard_task_runner.py:91} INFO - Job 1179: Subtask transform.raw_products.run
[2024-07-14T04:13:08.146+0000] {logging_mixin.py:188} WARNING - /home/airflow/.local/lib/python3.12/site-packages/airflow/settings.py:195 DeprecationWarning: The sql_alchemy_conn option in [core] has been moved to the sql_alchemy_conn option in [database] - the old setting has been used, but please update your config.
[2024-07-14T04:13:08.436+0000] {task_command.py:426} INFO - Running <TaskInstance: ELT-PROJECT.transform.raw_products.run scheduled__2024-07-05T00:00:00+00:00 [running]> on host airflow-scheduler
[2024-07-14T04:13:08.911+0000] {taskinstance.py:2648} INFO - Exporting env vars: AIRFLOW_CTX_DAG_OWNER='Data-Ninja' AIRFLOW_CTX_DAG_ID='ELT-PROJECT' AIRFLOW_CTX_TASK_ID='transform.raw_products.run' AIRFLOW_CTX_EXECUTION_DATE='2024-07-05T00:00:00+00:00' AIRFLOW_CTX_TRY_NUMBER='1' AIRFLOW_CTX_DAG_RUN_ID='scheduled__2024-07-05T00:00:00+00:00'
[2024-07-14T04:13:08.915+0000] {taskinstance.py:430} INFO - ::endgroup::
[2024-07-14T04:13:08.923+0000] {local.py:174} INFO - Could not import dbtRunner. Falling back to subprocess for invoking dbt.
[2024-07-14T04:13:08.928+0000] {local.py:292} INFO - Cloning project to writable temp directory /tmp/tmpbs6fyoat from /opt/airflow/dags/dbt/dbt_project
[2024-07-14T04:13:08.956+0000] {local.py:303} INFO - Partial parse is enabled and the latest partial parse file is /tmp/cosmos/ELT-PROJECT__transform/target/partial_parse.msgpack
[2024-07-14T04:13:09.093+0000] {base.py:84} INFO - Using connection ID 'snow_conn' for task execution.
[2024-07-14T04:13:09.109+0000] {crypto.py:82} WARNING - empty cryptography key - values will not be stored encrypted.
[2024-07-14T04:13:09.119+0000] {config.py:298} INFO - Profile caching is enable.
[2024-07-14T04:13:09.124+0000] {config.py:272} INFO - Profile found in cache using profile: /tmp/cosmos/profile/a0017dab0633177292578162811b91dcb9c56d6e54017e9660056cc364a762ad/profiles.yml.
[2024-07-14T04:13:09.127+0000] {local.py:247} INFO - Trying to run the command:
 ['/opt/airflow/dbt_venv/bin/dbt', 'deps', '--project-dir', '/tmp/tmpbs6fyoat', '--profiles-dir', '/tmp/cosmos/profile/a0017dab0633177292578162811b91dcb9c56d6e54017e9660056cc364a762ad', '--profile', 'dbt_project', '--target', 'dev']
From /tmp/tmpbs6fyoat
[2024-07-14T04:13:09.137+0000] {subprocess.py:60} INFO - Tmp dir root location: 
 /tmp
[2024-07-14T04:13:09.155+0000] {subprocess.py:73} INFO - Running command: ['/opt/airflow/dbt_venv/bin/dbt', 'deps', '--project-dir', '/tmp/tmpbs6fyoat', '--profiles-dir', '/tmp/cosmos/profile/a0017dab0633177292578162811b91dcb9c56d6e54017e9660056cc364a762ad', '--profile', 'dbt_project', '--target', 'dev']
[2024-07-14T04:13:09.228+0000] {subprocess.py:84} INFO - Command output:
[2024-07-14T04:13:23.676+0000] {subprocess.py:94} INFO - [0m04:13:23  Running with dbt=1.8.3
[2024-07-14T04:13:25.109+0000] {subprocess.py:94} INFO - [0m04:13:25  Updating lock file in file path: /tmp/tmpbs6fyoat/package-lock.yml
[2024-07-14T04:13:25.159+0000] {subprocess.py:94} INFO - [0m04:13:25  Installing dbt-labs/dbt_utils
[2024-07-14T04:13:25.902+0000] {subprocess.py:94} INFO - [0m04:13:25  Installed from version 0.8.6
[2024-07-14T04:13:25.908+0000] {subprocess.py:94} INFO - [0m04:13:25  Updated version available: 1.2.0
[2024-07-14T04:13:25.928+0000] {subprocess.py:94} INFO - [0m04:13:25
[2024-07-14T04:13:25.931+0000] {subprocess.py:94} INFO - [0m04:13:25  Updates available for packages: ['dbt-labs/dbt_utils']
[2024-07-14T04:13:25.933+0000] {subprocess.py:94} INFO - Update your versions in packages.yml, then run dbt deps
[2024-07-14T04:13:27.917+0000] {subprocess.py:98} INFO - Command exited with return code 0
[2024-07-14T04:13:27.919+0000] {local.py:254} INFO - Update your versions in packages.yml, then run dbt deps
[2024-07-14T04:13:27.922+0000] {local.py:247} INFO - Trying to run the command:
 ['/opt/airflow/dbt_venv/bin/dbt', 'run', '--models', 'raw_products', '--project-dir', '/tmp/tmpbs6fyoat', '--profiles-dir', '/tmp/cosmos/profile/a0017dab0633177292578162811b91dcb9c56d6e54017e9660056cc364a762ad', '--profile', 'dbt_project', '--target', 'dev']
From /tmp/tmpbs6fyoat
[2024-07-14T04:13:27.925+0000] {subprocess.py:60} INFO - Tmp dir root location: 
 /tmp
[2024-07-14T04:13:27.931+0000] {subprocess.py:73} INFO - Running command: ['/opt/airflow/dbt_venv/bin/dbt', 'run', '--models', 'raw_products', '--project-dir', '/tmp/tmpbs6fyoat', '--profiles-dir', '/tmp/cosmos/profile/a0017dab0633177292578162811b91dcb9c56d6e54017e9660056cc364a762ad', '--profile', 'dbt_project', '--target', 'dev']
[2024-07-14T04:13:28.028+0000] {subprocess.py:84} INFO - Command output:
[2024-07-14T04:13:43.850+0000] {subprocess.py:94} INFO - [0m04:13:43  Running with dbt=1.8.3
[2024-07-14T04:13:48.331+0000] {subprocess.py:94} INFO - [0m04:13:48  Registered adapter: snowflake=1.8.3
[2024-07-14T04:13:53.363+0000] {subprocess.py:94} INFO - [0m04:13:53  Found 20 models, 27 data tests, 11 sources, 684 macros
[2024-07-14T04:13:53.387+0000] {subprocess.py:94} INFO - [0m04:13:53
[2024-07-14T04:14:01.285+0000] {subprocess.py:94} INFO - [0m04:14:01  Concurrency: 1 threads (target='dev')
[2024-07-14T04:14:01.289+0000] {subprocess.py:94} INFO - [0m04:14:01
[2024-07-14T04:14:01.331+0000] {subprocess.py:94} INFO - [0m04:14:01  1 of 1 START sql table model raw.raw_products .................................. [RUN]
[2024-07-14T04:14:04.408+0000] {subprocess.py:94} INFO - [0m04:14:04  1 of 1 OK created sql table model raw.raw_products ............................. [[32mSUCCESS 1[0m in 3.06s]
[2024-07-14T04:14:04.520+0000] {subprocess.py:94} INFO - [0m04:14:04
[2024-07-14T04:14:04.546+0000] {subprocess.py:94} INFO - [0m04:14:04  Finished running 1 table model in 0 hours 0 minutes and 11.13 seconds (11.13s).
[2024-07-14T04:14:05.827+0000] {subprocess.py:94} INFO - [0m04:14:05
[2024-07-14T04:14:05.833+0000] {subprocess.py:94} INFO - [0m04:14:05  [32mCompleted successfully[0m
[2024-07-14T04:14:05.843+0000] {subprocess.py:94} INFO - [0m04:14:05
[2024-07-14T04:14:05.846+0000] {subprocess.py:94} INFO - [0m04:14:05  Done. PASS=1 WARN=0 ERROR=0 SKIP=0 TOTAL=1
[2024-07-14T04:14:09.007+0000] {subprocess.py:98} INFO - Command exited with return code 0
[2024-07-14T04:14:09.009+0000] {local.py:254} INFO - [0m04:14:05  Done. PASS=1 WARN=0 ERROR=0 SKIP=0 TOTAL=1
[2024-07-14T04:14:10.384+0000] {local.py:196} WARNING - Artifact schema version: https://schemas.getdbt.com/dbt/manifest/v12.json is above dbt-ol supported version 7. This might cause errors.
[2024-07-14T04:14:10.394+0000] {local.py:196} WARNING - Artifact schema version: https://schemas.getdbt.com/dbt/run-results/v6.json is above dbt-ol supported version 5. This might cause errors.
[2024-07-14T04:14:10.484+0000] {local.py:349} INFO - Inlets: [Dataset(uri='snowflake://OU00370.europe-west2.gcp/ELT_BATCH.PUBLIC.products', extra=None)]
[2024-07-14T04:14:10.501+0000] {local.py:350} INFO - Outlets: [Dataset(uri='snowflake://OU00370.europe-west2.gcp/ELT_BATCH.raw.raw_products', extra=None)]
[2024-07-14T04:14:10.575+0000] {dag.py:3096} INFO - Sync 1 DAGs
[2024-07-14T04:14:11.095+0000] {taskinstance.py:441} INFO - ::group::Post task execution logs
[2024-07-14T04:14:11.362+0000] {taskinstance.py:1206} INFO - Marking task as SUCCESS. dag_id=ELT-PROJECT, task_id=transform.raw_products.run, run_id=scheduled__2024-07-05T00:00:00+00:00, execution_date=20240705T000000, start_date=20240714T041306, end_date=20240714T041411
[2024-07-14T04:14:12.152+0000] {local_task_job_runner.py:240} INFO - Task exited with return code 0
[2024-07-14T04:14:12.230+0000] {local_task_job_runner.py:222} INFO - ::endgroup::
