[2024-07-14T04:01:46.696+0000] {local_task_job_runner.py:120} INFO - ::group::Pre task execution logs
[2024-07-14T04:01:46.781+0000] {taskinstance.py:2076} INFO - Dependencies all met for dep_context=non-requeueable deps ti=<TaskInstance: ELT-PROJECT.load.load_customers scheduled__2024-07-06T00:00:00+00:00 [queued]>
[2024-07-14T04:01:46.809+0000] {taskinstance.py:2076} INFO - Dependencies all met for dep_context=requeueable deps ti=<TaskInstance: ELT-PROJECT.load.load_customers scheduled__2024-07-06T00:00:00+00:00 [queued]>
[2024-07-14T04:01:46.810+0000] {taskinstance.py:2306} INFO - Starting attempt 1 of 2
[2024-07-14T04:01:46.857+0000] {taskinstance.py:2330} INFO - Executing <Task(_PythonDecoratedOperator): load.load_customers> on 2024-07-06 00:00:00+00:00
[2024-07-14T04:01:46.877+0000] {logging_mixin.py:188} WARNING - /home/airflow/.local/lib/python3.12/site-packages/airflow/task/task_runner/standard_task_runner.py:61 DeprecationWarning: This process (pid=11276) is multi-threaded, use of fork() may lead to deadlocks in the child.
[2024-07-14T04:01:46.880+0000] {standard_task_runner.py:63} INFO - Started process 11339 to run task
[2024-07-14T04:01:46.884+0000] {standard_task_runner.py:90} INFO - Running: ['airflow', 'tasks', 'run', 'ELT-PROJECT', 'load.load_customers', 'scheduled__2024-07-06T00:00:00+00:00', '--job-id', '944', '--raw', '--subdir', 'DAGS_FOLDER/elt.py', '--cfg-path', '/tmp/tmpgq2khad1']
[2024-07-14T04:01:46.891+0000] {standard_task_runner.py:91} INFO - Job 944: Subtask load.load_customers
[2024-07-14T04:01:46.940+0000] {logging_mixin.py:188} WARNING - /home/airflow/.local/lib/python3.12/site-packages/airflow/settings.py:195 DeprecationWarning: The sql_alchemy_conn option in [core] has been moved to the sql_alchemy_conn option in [database] - the old setting has been used, but please update your config.
[2024-07-14T04:01:47.091+0000] {task_command.py:426} INFO - Running <TaskInstance: ELT-PROJECT.load.load_customers scheduled__2024-07-06T00:00:00+00:00 [running]> on host airflow-scheduler
[2024-07-14T04:01:48.154+0000] {taskinstance.py:2648} INFO - Exporting env vars: AIRFLOW_CTX_DAG_OWNER='Data-Ninja' AIRFLOW_CTX_DAG_ID='ELT-PROJECT' AIRFLOW_CTX_TASK_ID='load.load_customers' AIRFLOW_CTX_EXECUTION_DATE='2024-07-06T00:00:00+00:00' AIRFLOW_CTX_TRY_NUMBER='1' AIRFLOW_CTX_DAG_RUN_ID='scheduled__2024-07-06T00:00:00+00:00'
[2024-07-14T04:01:48.161+0000] {taskinstance.py:430} INFO - ::endgroup::
[2024-07-14T04:01:48.164+0000] {connection.py:399} INFO - Snowflake Connector for Python Version: 3.10.1, Python Version: 3.12.4, Platform: Linux-5.15.133.1-microsoft-standard-WSL2-x86_64-with-glibc2.36
[2024-07-14T04:01:48.167+0000] {connection.py:1249} INFO - THIS CONNECTION IS IN INSECURE MODE. IT MEANS THE CERTIFICATE WILL BE VALIDATED BUT THE CERTIFICATE REVOCATION STATUS WILL NOT BE CHECKED.
[2024-07-14T04:01:48.408+0000] {ssl_wrap_socket.py:100} INFO - THIS CONNECTION IS IN INSECURE MODE. IT MEANS THE CERTIFICATE WILL BE VALIDATED BUT THE CERTIFICATE REVOCATION STATUS WILL NOT BE CHECKED.
[2024-07-14T04:01:48.806+0000] {logging_mixin.py:188} INFO - Nama kolom di DataFrame: Index(['customerID', 'companyName', 'contactName', 'contactTitle', 'address',
       'city', 'region', 'postalCode', 'country', 'phone', 'fax'],
      dtype='object')
[2024-07-14T04:01:49.242+0000] {cursor.py:1149} INFO - Number of results in first chunk: 1
[2024-07-14T04:01:50.023+0000] {ssl_wrap_socket.py:100} INFO - THIS CONNECTION IS IN INSECURE MODE. IT MEANS THE CERTIFICATE WILL BE VALIDATED BUT THE CERTIFICATE REVOCATION STATUS WILL NOT BE CHECKED.
[2024-07-14T04:01:52.888+0000] {cursor.py:1149} INFO - Number of results in first chunk: 1
[2024-07-14T04:01:53.654+0000] {cursor.py:1149} INFO - Number of results in first chunk: 11
[2024-07-14T04:01:54.055+0000] {cursor.py:1149} INFO - Number of results in first chunk: 1
[2024-07-14T04:01:54.711+0000] {cursor.py:1149} INFO - Number of results in first chunk: 1
[2024-07-14T04:01:56.047+0000] {cursor.py:1149} INFO - Number of results in first chunk: 1
[2024-07-14T04:01:56.050+0000] {logging_mixin.py:188} INFO - Done customers.
[2024-07-14T04:01:56.051+0000] {connection.py:762} INFO - closed
[2024-07-14T04:01:56.390+0000] {connection.py:768} INFO - No async queries seem to be running, deleting session
[2024-07-14T04:01:56.832+0000] {python.py:237} INFO - Done. Returned value was: None
[2024-07-14T04:01:56.847+0000] {taskinstance.py:441} INFO - ::group::Post task execution logs
[2024-07-14T04:01:56.903+0000] {taskinstance.py:1206} INFO - Marking task as SUCCESS. dag_id=ELT-PROJECT, task_id=load.load_customers, run_id=scheduled__2024-07-06T00:00:00+00:00, execution_date=20240706T000000, start_date=20240714T040146, end_date=20240714T040156
[2024-07-14T04:01:57.931+0000] {local_task_job_runner.py:240} INFO - Task exited with return code 0
[2024-07-14T04:01:58.006+0000] {local_task_job_runner.py:222} INFO - ::endgroup::
