[2024-07-13T14:33:31.628+0000] {local_task_job_runner.py:120} INFO - ::group::Pre task execution logs
[2024-07-13T14:33:31.746+0000] {taskinstance.py:2076} INFO - Dependencies all met for dep_context=non-requeueable deps ti=<TaskInstance: ELT-PROJECT.load.load_territories manual__2024-07-13T14:33:15.830785+00:00 [queued]>
[2024-07-13T14:33:31.811+0000] {taskinstance.py:2076} INFO - Dependencies all met for dep_context=requeueable deps ti=<TaskInstance: ELT-PROJECT.load.load_territories manual__2024-07-13T14:33:15.830785+00:00 [queued]>
[2024-07-13T14:33:31.814+0000] {taskinstance.py:2306} INFO - Starting attempt 1 of 2
[2024-07-13T14:33:31.870+0000] {taskinstance.py:2330} INFO - Executing <Task(_PythonDecoratedOperator): load.load_territories> on 2024-07-13 14:33:15.830785+00:00
[2024-07-13T14:33:31.893+0000] {logging_mixin.py:188} WARNING - /home/airflow/.local/lib/python3.12/site-packages/airflow/task/task_runner/standard_task_runner.py:61 DeprecationWarning: This process (pid=4699) is multi-threaded, use of fork() may lead to deadlocks in the child.
[2024-07-13T14:33:31.896+0000] {standard_task_runner.py:63} INFO - Started process 4727 to run task
[2024-07-13T14:33:31.894+0000] {standard_task_runner.py:90} INFO - Running: ['airflow', 'tasks', 'run', 'ELT-PROJECT', 'load.load_territories', 'manual__2024-07-13T14:33:15.830785+00:00', '--job-id', '347', '--raw', '--subdir', 'DAGS_FOLDER/elt.py', '--cfg-path', '/tmp/tmpeghz4qtk']
[2024-07-13T14:33:31.901+0000] {standard_task_runner.py:91} INFO - Job 347: Subtask load.load_territories
[2024-07-13T14:33:31.958+0000] {logging_mixin.py:188} WARNING - /home/airflow/.local/lib/python3.12/site-packages/airflow/settings.py:195 DeprecationWarning: The sql_alchemy_conn option in [core] has been moved to the sql_alchemy_conn option in [database] - the old setting has been used, but please update your config.
[2024-07-13T14:33:32.165+0000] {task_command.py:426} INFO - Running <TaskInstance: ELT-PROJECT.load.load_territories manual__2024-07-13T14:33:15.830785+00:00 [running]> on host airflow-scheduler
[2024-07-13T14:33:34.860+0000] {taskinstance.py:2648} INFO - Exporting env vars: AIRFLOW_CTX_DAG_OWNER='Data-Ninja' AIRFLOW_CTX_DAG_ID='ELT-PROJECT' AIRFLOW_CTX_TASK_ID='load.load_territories' AIRFLOW_CTX_EXECUTION_DATE='2024-07-13T14:33:15.830785+00:00' AIRFLOW_CTX_TRY_NUMBER='1' AIRFLOW_CTX_DAG_RUN_ID='manual__2024-07-13T14:33:15.830785+00:00'
[2024-07-13T14:33:34.863+0000] {taskinstance.py:430} INFO - ::endgroup::
[2024-07-13T14:33:34.865+0000] {connection.py:399} INFO - Snowflake Connector for Python Version: 3.10.1, Python Version: 3.12.4, Platform: Linux-5.15.133.1-microsoft-standard-WSL2-x86_64-with-glibc2.36
[2024-07-13T14:33:34.866+0000] {connection.py:1249} INFO - THIS CONNECTION IS IN INSECURE MODE. IT MEANS THE CERTIFICATE WILL BE VALIDATED BUT THE CERTIFICATE REVOCATION STATUS WILL NOT BE CHECKED.
[2024-07-13T14:33:35.054+0000] {ssl_wrap_socket.py:100} INFO - THIS CONNECTION IS IN INSECURE MODE. IT MEANS THE CERTIFICATE WILL BE VALIDATED BUT THE CERTIFICATE REVOCATION STATUS WILL NOT BE CHECKED.
[2024-07-13T14:33:35.504+0000] {logging_mixin.py:188} INFO - Nama kolom di DataFrame: Index(['territoryID', 'territoryDescription', 'regionID'], dtype='object')
[2024-07-13T14:33:35.912+0000] {cursor.py:1149} INFO - Number of results in first chunk: 1
[2024-07-13T14:33:36.933+0000] {ssl_wrap_socket.py:100} INFO - THIS CONNECTION IS IN INSECURE MODE. IT MEANS THE CERTIFICATE WILL BE VALIDATED BUT THE CERTIFICATE REVOCATION STATUS WILL NOT BE CHECKED.
[2024-07-13T14:33:39.566+0000] {cursor.py:1149} INFO - Number of results in first chunk: 1
[2024-07-13T14:33:40.221+0000] {cursor.py:1149} INFO - Number of results in first chunk: 3
[2024-07-13T14:33:40.660+0000] {cursor.py:1149} INFO - Number of results in first chunk: 1
[2024-07-13T14:33:41.119+0000] {cursor.py:1149} INFO - Number of results in first chunk: 1
[2024-07-13T14:33:42.497+0000] {cursor.py:1149} INFO - Number of results in first chunk: 1
[2024-07-13T14:33:42.502+0000] {logging_mixin.py:188} INFO - Done territories.
[2024-07-13T14:33:42.504+0000] {connection.py:762} INFO - closed
[2024-07-13T14:33:42.857+0000] {connection.py:768} INFO - No async queries seem to be running, deleting session
[2024-07-13T14:33:43.205+0000] {python.py:237} INFO - Done. Returned value was: None
[2024-07-13T14:33:43.208+0000] {taskinstance.py:441} INFO - ::group::Post task execution logs
[2024-07-13T14:33:43.242+0000] {taskinstance.py:1206} INFO - Marking task as SUCCESS. dag_id=ELT-PROJECT, task_id=load.load_territories, run_id=manual__2024-07-13T14:33:15.830785+00:00, execution_date=20240713T143315, start_date=20240713T143331, end_date=20240713T143343
[2024-07-13T14:33:43.288+0000] {local_task_job_runner.py:240} INFO - Task exited with return code 0
[2024-07-13T14:33:43.436+0000] {taskinstance.py:3503} INFO - 0 downstream tasks scheduled from follow-on schedule check
[2024-07-13T14:33:43.448+0000] {local_task_job_runner.py:222} INFO - ::endgroup::
