[2024-07-14T03:27:56.246+0000] {local_task_job_runner.py:120} INFO - ::group::Pre task execution logs
[2024-07-14T03:27:56.290+0000] {taskinstance.py:2076} INFO - Dependencies all met for dep_context=non-requeueable deps ti=<TaskInstance: ELT-PROJECT.transform.dim_categories.run manual__2024-07-14T03:25:17.009601+00:00 [queued]>
[2024-07-14T03:27:56.315+0000] {taskinstance.py:2076} INFO - Dependencies all met for dep_context=requeueable deps ti=<TaskInstance: ELT-PROJECT.transform.dim_categories.run manual__2024-07-14T03:25:17.009601+00:00 [queued]>
[2024-07-14T03:27:56.316+0000] {taskinstance.py:2306} INFO - Starting attempt 1 of 2
[2024-07-14T03:27:56.344+0000] {taskinstance.py:2330} INFO - Executing <Task(DbtRunLocalOperator): transform.dim_categories.run> on 2024-07-14 03:25:17.009601+00:00
[2024-07-14T03:27:56.358+0000] {standard_task_runner.py:90} INFO - Running: ['airflow', 'tasks', 'run', 'ELT-PROJECT', 'transform.dim_categories.run', 'manual__2024-07-14T03:25:17.009601+00:00', '--job-id', '598', '--raw', '--subdir', 'DAGS_FOLDER/elt.py', '--cfg-path', '/tmp/tmpjic4ukab']
[2024-07-14T03:27:56.363+0000] {standard_task_runner.py:91} INFO - Job 598: Subtask transform.dim_categories.run
[2024-07-14T03:27:56.368+0000] {logging_mixin.py:188} WARNING - /home/airflow/.local/lib/python3.12/site-packages/airflow/task/task_runner/standard_task_runner.py:61 DeprecationWarning: This process (pid=7320) is multi-threaded, use of fork() may lead to deadlocks in the child.
[2024-07-14T03:27:56.370+0000] {standard_task_runner.py:63} INFO - Started process 7327 to run task
[2024-07-14T03:27:56.399+0000] {logging_mixin.py:188} WARNING - /home/airflow/.local/lib/python3.12/site-packages/airflow/settings.py:195 DeprecationWarning: The sql_alchemy_conn option in [core] has been moved to the sql_alchemy_conn option in [database] - the old setting has been used, but please update your config.
[2024-07-14T03:27:56.476+0000] {task_command.py:426} INFO - Running <TaskInstance: ELT-PROJECT.transform.dim_categories.run manual__2024-07-14T03:25:17.009601+00:00 [running]> on host airflow-scheduler
[2024-07-14T03:27:56.717+0000] {taskinstance.py:2648} INFO - Exporting env vars: AIRFLOW_CTX_DAG_OWNER='Data-Ninja' AIRFLOW_CTX_DAG_ID='ELT-PROJECT' AIRFLOW_CTX_TASK_ID='transform.dim_categories.run' AIRFLOW_CTX_EXECUTION_DATE='2024-07-14T03:25:17.009601+00:00' AIRFLOW_CTX_TRY_NUMBER='1' AIRFLOW_CTX_DAG_RUN_ID='manual__2024-07-14T03:25:17.009601+00:00'
[2024-07-14T03:27:56.720+0000] {taskinstance.py:430} INFO - ::endgroup::
[2024-07-14T03:27:56.724+0000] {local.py:174} INFO - Could not import dbtRunner. Falling back to subprocess for invoking dbt.
[2024-07-14T03:27:56.728+0000] {local.py:292} INFO - Cloning project to writable temp directory /tmp/tmphg6afplc from /opt/airflow/dags/dbt/dbt_project
[2024-07-14T03:27:56.743+0000] {local.py:303} INFO - Partial parse is enabled and the latest partial parse file is /tmp/cosmos/ELT-PROJECT__transform/target/partial_parse.msgpack
[2024-07-14T03:27:56.796+0000] {base.py:84} INFO - Using connection ID 'snow_conn' for task execution.
[2024-07-14T03:27:56.797+0000] {crypto.py:82} WARNING - empty cryptography key - values will not be stored encrypted.
[2024-07-14T03:27:56.798+0000] {config.py:298} INFO - Profile caching is enable.
[2024-07-14T03:27:56.804+0000] {config.py:272} INFO - Profile found in cache using profile: /tmp/cosmos/profile/a0017dab0633177292578162811b91dcb9c56d6e54017e9660056cc364a762ad/profiles.yml.
[2024-07-14T03:27:56.806+0000] {local.py:247} INFO - Trying to run the command:
 ['/opt/airflow/dbt_venv/bin/dbt', 'deps', '--project-dir', '/tmp/tmphg6afplc', '--profiles-dir', '/tmp/cosmos/profile/a0017dab0633177292578162811b91dcb9c56d6e54017e9660056cc364a762ad', '--profile', 'dbt_project', '--target', 'dev']
From /tmp/tmphg6afplc
[2024-07-14T03:27:56.807+0000] {subprocess.py:60} INFO - Tmp dir root location: 
 /tmp
[2024-07-14T03:27:56.809+0000] {subprocess.py:73} INFO - Running command: ['/opt/airflow/dbt_venv/bin/dbt', 'deps', '--project-dir', '/tmp/tmphg6afplc', '--profiles-dir', '/tmp/cosmos/profile/a0017dab0633177292578162811b91dcb9c56d6e54017e9660056cc364a762ad', '--profile', 'dbt_project', '--target', 'dev']
[2024-07-14T03:27:56.828+0000] {subprocess.py:84} INFO - Command output:
[2024-07-14T03:28:02.513+0000] {subprocess.py:94} INFO - [0m03:28:02  Running with dbt=1.8.3
[2024-07-14T03:28:03.231+0000] {subprocess.py:94} INFO - [0m03:28:03  Updating lock file in file path: /tmp/tmphg6afplc/package-lock.yml
[2024-07-14T03:28:03.248+0000] {subprocess.py:94} INFO - [0m03:28:03  Installing dbt-labs/dbt_utils
[2024-07-14T03:28:03.818+0000] {subprocess.py:94} INFO - [0m03:28:03  Installed from version 0.8.6
[2024-07-14T03:28:03.822+0000] {subprocess.py:94} INFO - [0m03:28:03  Updated version available: 1.2.0
[2024-07-14T03:28:03.826+0000] {subprocess.py:94} INFO - [0m03:28:03
[2024-07-14T03:28:03.829+0000] {subprocess.py:94} INFO - [0m03:28:03  Updates available for packages: ['dbt-labs/dbt_utils']
[2024-07-14T03:28:03.832+0000] {subprocess.py:94} INFO - Update your versions in packages.yml, then run dbt deps
[2024-07-14T03:28:05.397+0000] {subprocess.py:98} INFO - Command exited with return code 0
[2024-07-14T03:28:05.399+0000] {local.py:254} INFO - Update your versions in packages.yml, then run dbt deps
[2024-07-14T03:28:05.401+0000] {local.py:247} INFO - Trying to run the command:
 ['/opt/airflow/dbt_venv/bin/dbt', 'run', '--models', 'dim_categories', '--project-dir', '/tmp/tmphg6afplc', '--profiles-dir', '/tmp/cosmos/profile/a0017dab0633177292578162811b91dcb9c56d6e54017e9660056cc364a762ad', '--profile', 'dbt_project', '--target', 'dev']
From /tmp/tmphg6afplc
[2024-07-14T03:28:05.403+0000] {subprocess.py:60} INFO - Tmp dir root location: 
 /tmp
[2024-07-14T03:28:05.405+0000] {subprocess.py:73} INFO - Running command: ['/opt/airflow/dbt_venv/bin/dbt', 'run', '--models', 'dim_categories', '--project-dir', '/tmp/tmphg6afplc', '--profiles-dir', '/tmp/cosmos/profile/a0017dab0633177292578162811b91dcb9c56d6e54017e9660056cc364a762ad', '--profile', 'dbt_project', '--target', 'dev']
[2024-07-14T03:28:05.427+0000] {subprocess.py:84} INFO - Command output:
[2024-07-14T03:28:11.203+0000] {subprocess.py:94} INFO - [0m03:28:11  Running with dbt=1.8.3
[2024-07-14T03:28:13.287+0000] {subprocess.py:94} INFO - [0m03:28:13  Registered adapter: snowflake=1.8.3
[2024-07-14T03:28:17.195+0000] {subprocess.py:94} INFO - [0m03:28:17  Found 20 models, 27 data tests, 11 sources, 684 macros
[2024-07-14T03:28:17.206+0000] {subprocess.py:94} INFO - [0m03:28:17
[2024-07-14T03:28:25.511+0000] {subprocess.py:94} INFO - [0m03:28:25  Concurrency: 1 threads (target='dev')
[2024-07-14T03:28:25.516+0000] {subprocess.py:94} INFO - [0m03:28:25
[2024-07-14T03:28:25.559+0000] {subprocess.py:94} INFO - [0m03:28:25  1 of 1 START sql table model dwh.dim_categories ................................ [RUN]
[2024-07-14T03:28:28.193+0000] {subprocess.py:94} INFO - [0m03:28:28  1 of 1 OK created sql table model dwh.dim_categories ........................... [[32mSUCCESS 1[0m in 2.63s]
[2024-07-14T03:28:28.205+0000] {subprocess.py:94} INFO - [0m03:28:28
[2024-07-14T03:28:28.207+0000] {subprocess.py:94} INFO - [0m03:28:28  Finished running 1 table model in 0 hours 0 minutes and 11.00 seconds (11.00s).
[2024-07-14T03:28:28.484+0000] {subprocess.py:94} INFO - [0m03:28:28
[2024-07-14T03:28:28.486+0000] {subprocess.py:94} INFO - [0m03:28:28  [32mCompleted successfully[0m
[2024-07-14T03:28:28.488+0000] {subprocess.py:94} INFO - [0m03:28:28
[2024-07-14T03:28:28.490+0000] {subprocess.py:94} INFO - [0m03:28:28  Done. PASS=1 WARN=0 ERROR=0 SKIP=0 TOTAL=1
[2024-07-14T03:28:30.395+0000] {subprocess.py:98} INFO - Command exited with return code 0
[2024-07-14T03:28:30.397+0000] {local.py:254} INFO - [0m03:28:28  Done. PASS=1 WARN=0 ERROR=0 SKIP=0 TOTAL=1
[2024-07-14T03:28:30.778+0000] {local.py:196} WARNING - Artifact schema version: https://schemas.getdbt.com/dbt/manifest/v12.json is above dbt-ol supported version 7. This might cause errors.
[2024-07-14T03:28:30.780+0000] {local.py:196} WARNING - Artifact schema version: https://schemas.getdbt.com/dbt/run-results/v6.json is above dbt-ol supported version 5. This might cause errors.
[2024-07-14T03:28:30.793+0000] {local.py:349} INFO - Inlets: [Dataset(uri='snowflake://OU00370.europe-west2.gcp/ELT_BATCH.raw.raw_categories', extra=None)]
[2024-07-14T03:28:30.795+0000] {local.py:350} INFO - Outlets: [Dataset(uri='snowflake://OU00370.europe-west2.gcp/ELT_BATCH.dwh.dim_categories', extra=None)]
[2024-07-14T03:28:30.797+0000] {dag.py:3096} INFO - Sync 1 DAGs
[2024-07-14T03:28:30.869+0000] {dag.py:3954} INFO - Setting next_dagrun for ELT-PROJECT to None, run_after=None
[2024-07-14T03:28:31.003+0000] {taskinstance.py:441} INFO - ::group::Post task execution logs
[2024-07-14T03:28:31.107+0000] {taskinstance.py:1206} INFO - Marking task as SUCCESS. dag_id=ELT-PROJECT, task_id=transform.dim_categories.run, run_id=manual__2024-07-14T03:25:17.009601+00:00, execution_date=20240714T032517, start_date=20240714T032756, end_date=20240714T032831
[2024-07-14T03:28:31.183+0000] {local_task_job_runner.py:240} INFO - Task exited with return code 0
[2024-07-14T03:28:31.319+0000] {taskinstance.py:3503} INFO - 1 downstream tasks scheduled from follow-on schedule check
[2024-07-14T03:28:31.332+0000] {local_task_job_runner.py:222} INFO - ::endgroup::
