[2024-07-14T04:00:07.908+0000] {local_task_job_runner.py:120} INFO - ::group::Pre task execution logs
[2024-07-14T04:00:08.086+0000] {taskinstance.py:2076} INFO - Dependencies all met for dep_context=non-requeueable deps ti=<TaskInstance: ELT-PROJECT.load.load_shippers scheduled__2024-06-27T00:00:00+00:00 [queued]>
[2024-07-14T04:00:08.165+0000] {taskinstance.py:2076} INFO - Dependencies all met for dep_context=requeueable deps ti=<TaskInstance: ELT-PROJECT.load.load_shippers scheduled__2024-06-27T00:00:00+00:00 [queued]>
[2024-07-14T04:00:08.168+0000] {taskinstance.py:2306} INFO - Starting attempt 1 of 2
[2024-07-14T04:00:09.944+0000] {taskinstance.py:2330} INFO - Executing <Task(_PythonDecoratedOperator): load.load_shippers> on 2024-06-27 00:00:00+00:00
[2024-07-14T04:00:09.979+0000] {standard_task_runner.py:90} INFO - Running: ['airflow', 'tasks', 'run', 'ELT-PROJECT', 'load.load_shippers', 'scheduled__2024-06-27T00:00:00+00:00', '--job-id', '851', '--raw', '--subdir', 'DAGS_FOLDER/elt.py', '--cfg-path', '/tmp/tmphwvlxv1p']
[2024-07-14T04:00:10.004+0000] {standard_task_runner.py:91} INFO - Job 851: Subtask load.load_shippers
[2024-07-14T04:00:09.998+0000] {logging_mixin.py:188} WARNING - /home/airflow/.local/lib/python3.12/site-packages/airflow/task/task_runner/standard_task_runner.py:61 DeprecationWarning: This process (pid=10098) is multi-threaded, use of fork() may lead to deadlocks in the child.
[2024-07-14T04:00:10.024+0000] {standard_task_runner.py:63} INFO - Started process 10155 to run task
[2024-07-14T04:00:10.136+0000] {logging_mixin.py:188} WARNING - /home/airflow/.local/lib/python3.12/site-packages/airflow/settings.py:195 DeprecationWarning: The sql_alchemy_conn option in [core] has been moved to the sql_alchemy_conn option in [database] - the old setting has been used, but please update your config.
[2024-07-14T04:00:10.438+0000] {task_command.py:426} INFO - Running <TaskInstance: ELT-PROJECT.load.load_shippers scheduled__2024-06-27T00:00:00+00:00 [running]> on host airflow-scheduler
[2024-07-14T04:00:11.741+0000] {taskinstance.py:2648} INFO - Exporting env vars: AIRFLOW_CTX_DAG_OWNER='Data-Ninja' AIRFLOW_CTX_DAG_ID='ELT-PROJECT' AIRFLOW_CTX_TASK_ID='load.load_shippers' AIRFLOW_CTX_EXECUTION_DATE='2024-06-27T00:00:00+00:00' AIRFLOW_CTX_TRY_NUMBER='1' AIRFLOW_CTX_DAG_RUN_ID='scheduled__2024-06-27T00:00:00+00:00'
[2024-07-14T04:00:11.745+0000] {taskinstance.py:430} INFO - ::endgroup::
[2024-07-14T04:00:11.753+0000] {connection.py:399} INFO - Snowflake Connector for Python Version: 3.10.1, Python Version: 3.12.4, Platform: Linux-5.15.133.1-microsoft-standard-WSL2-x86_64-with-glibc2.36
[2024-07-14T04:00:11.755+0000] {connection.py:1249} INFO - THIS CONNECTION IS IN INSECURE MODE. IT MEANS THE CERTIFICATE WILL BE VALIDATED BUT THE CERTIFICATE REVOCATION STATUS WILL NOT BE CHECKED.
[2024-07-14T04:00:11.962+0000] {ssl_wrap_socket.py:100} INFO - THIS CONNECTION IS IN INSECURE MODE. IT MEANS THE CERTIFICATE WILL BE VALIDATED BUT THE CERTIFICATE REVOCATION STATUS WILL NOT BE CHECKED.
[2024-07-14T04:00:12.883+0000] {logging_mixin.py:188} INFO - Nama kolom di DataFrame: Index(['shipperID', 'companyName', 'phone'], dtype='object')
[2024-07-14T04:00:13.413+0000] {cursor.py:1149} INFO - Number of results in first chunk: 1
[2024-07-14T04:00:14.893+0000] {ssl_wrap_socket.py:100} INFO - THIS CONNECTION IS IN INSECURE MODE. IT MEANS THE CERTIFICATE WILL BE VALIDATED BUT THE CERTIFICATE REVOCATION STATUS WILL NOT BE CHECKED.
[2024-07-14T04:00:18.444+0000] {cursor.py:1149} INFO - Number of results in first chunk: 1
[2024-07-14T04:00:19.349+0000] {cursor.py:1149} INFO - Number of results in first chunk: 3
[2024-07-14T04:00:19.817+0000] {cursor.py:1149} INFO - Number of results in first chunk: 1
[2024-07-14T04:00:20.888+0000] {cursor.py:1149} INFO - Number of results in first chunk: 1
[2024-07-14T04:00:22.243+0000] {cursor.py:1149} INFO - Number of results in first chunk: 1
[2024-07-14T04:00:22.245+0000] {logging_mixin.py:188} INFO - Done shippers.
[2024-07-14T04:00:22.246+0000] {connection.py:762} INFO - closed
[2024-07-14T04:00:22.591+0000] {connection.py:768} INFO - No async queries seem to be running, deleting session
[2024-07-14T04:00:22.955+0000] {python.py:237} INFO - Done. Returned value was: None
[2024-07-14T04:00:22.960+0000] {taskinstance.py:441} INFO - ::group::Post task execution logs
[2024-07-14T04:00:23.023+0000] {taskinstance.py:1206} INFO - Marking task as SUCCESS. dag_id=ELT-PROJECT, task_id=load.load_shippers, run_id=scheduled__2024-06-27T00:00:00+00:00, execution_date=20240627T000000, start_date=20240714T040008, end_date=20240714T040023
[2024-07-14T04:00:23.107+0000] {local_task_job_runner.py:240} INFO - Task exited with return code 0
[2024-07-14T04:00:23.288+0000] {taskinstance.py:3503} INFO - 0 downstream tasks scheduled from follow-on schedule check
[2024-07-14T04:00:23.301+0000] {local_task_job_runner.py:222} INFO - ::endgroup::
