[2024-07-14T04:15:31.612+0000] {local_task_job_runner.py:120} INFO - ::group::Pre task execution logs
[2024-07-14T04:15:31.910+0000] {taskinstance.py:2076} INFO - Dependencies all met for dep_context=non-requeueable deps ti=<TaskInstance: ELT-PROJECT.transform.dim_categories.run scheduled__2024-07-11T00:00:00+00:00 [queued]>
[2024-07-14T04:15:32.022+0000] {taskinstance.py:2076} INFO - Dependencies all met for dep_context=requeueable deps ti=<TaskInstance: ELT-PROJECT.transform.dim_categories.run scheduled__2024-07-11T00:00:00+00:00 [queued]>
[2024-07-14T04:15:32.023+0000] {taskinstance.py:2306} INFO - Starting attempt 1 of 2
[2024-07-14T04:15:32.136+0000] {taskinstance.py:2330} INFO - Executing <Task(DbtRunLocalOperator): transform.dim_categories.run> on 2024-07-11 00:00:00+00:00
[2024-07-14T04:15:32.159+0000] {logging_mixin.py:188} WARNING - /home/airflow/.local/lib/python3.12/site-packages/airflow/task/task_runner/standard_task_runner.py:61 DeprecationWarning: This process (pid=15117) is multi-threaded, use of fork() may lead to deadlocks in the child.
[2024-07-14T04:15:32.182+0000] {standard_task_runner.py:63} INFO - Started process 15146 to run task
[2024-07-14T04:15:32.220+0000] {standard_task_runner.py:90} INFO - Running: ['airflow', 'tasks', 'run', 'ELT-PROJECT', 'transform.dim_categories.run', 'scheduled__2024-07-11T00:00:00+00:00', '--job-id', '1209', '--raw', '--subdir', 'DAGS_FOLDER/elt.py', '--cfg-path', '/tmp/tmp7hykd63w']
[2024-07-14T04:15:32.225+0000] {standard_task_runner.py:91} INFO - Job 1209: Subtask transform.dim_categories.run
[2024-07-14T04:15:32.296+0000] {logging_mixin.py:188} WARNING - /home/airflow/.local/lib/python3.12/site-packages/airflow/settings.py:195 DeprecationWarning: The sql_alchemy_conn option in [core] has been moved to the sql_alchemy_conn option in [database] - the old setting has been used, but please update your config.
[2024-07-14T04:15:32.495+0000] {task_command.py:426} INFO - Running <TaskInstance: ELT-PROJECT.transform.dim_categories.run scheduled__2024-07-11T00:00:00+00:00 [running]> on host airflow-scheduler
[2024-07-14T04:15:33.094+0000] {taskinstance.py:2648} INFO - Exporting env vars: AIRFLOW_CTX_DAG_OWNER='Data-Ninja' AIRFLOW_CTX_DAG_ID='ELT-PROJECT' AIRFLOW_CTX_TASK_ID='transform.dim_categories.run' AIRFLOW_CTX_EXECUTION_DATE='2024-07-11T00:00:00+00:00' AIRFLOW_CTX_TRY_NUMBER='1' AIRFLOW_CTX_DAG_RUN_ID='scheduled__2024-07-11T00:00:00+00:00'
[2024-07-14T04:15:33.097+0000] {taskinstance.py:430} INFO - ::endgroup::
[2024-07-14T04:15:33.100+0000] {local.py:174} INFO - Could not import dbtRunner. Falling back to subprocess for invoking dbt.
[2024-07-14T04:15:33.105+0000] {local.py:292} INFO - Cloning project to writable temp directory /tmp/tmpwigx8qqa from /opt/airflow/dags/dbt/dbt_project
[2024-07-14T04:15:33.130+0000] {local.py:303} INFO - Partial parse is enabled and the latest partial parse file is /tmp/cosmos/ELT-PROJECT__transform/target/partial_parse.msgpack
[2024-07-14T04:15:33.332+0000] {base.py:84} INFO - Using connection ID 'snow_conn' for task execution.
[2024-07-14T04:15:33.334+0000] {crypto.py:82} WARNING - empty cryptography key - values will not be stored encrypted.
[2024-07-14T04:15:33.345+0000] {config.py:298} INFO - Profile caching is enable.
[2024-07-14T04:15:33.358+0000] {config.py:272} INFO - Profile found in cache using profile: /tmp/cosmos/profile/a0017dab0633177292578162811b91dcb9c56d6e54017e9660056cc364a762ad/profiles.yml.
[2024-07-14T04:15:33.362+0000] {local.py:247} INFO - Trying to run the command:
 ['/opt/airflow/dbt_venv/bin/dbt', 'deps', '--project-dir', '/tmp/tmpwigx8qqa', '--profiles-dir', '/tmp/cosmos/profile/a0017dab0633177292578162811b91dcb9c56d6e54017e9660056cc364a762ad', '--profile', 'dbt_project', '--target', 'dev']
From /tmp/tmpwigx8qqa
[2024-07-14T04:15:33.384+0000] {subprocess.py:60} INFO - Tmp dir root location: 
 /tmp
[2024-07-14T04:15:33.402+0000] {subprocess.py:73} INFO - Running command: ['/opt/airflow/dbt_venv/bin/dbt', 'deps', '--project-dir', '/tmp/tmpwigx8qqa', '--profiles-dir', '/tmp/cosmos/profile/a0017dab0633177292578162811b91dcb9c56d6e54017e9660056cc364a762ad', '--profile', 'dbt_project', '--target', 'dev']
[2024-07-14T04:15:33.506+0000] {subprocess.py:84} INFO - Command output:
[2024-07-14T04:15:46.918+0000] {subprocess.py:94} INFO - [0m04:15:46  Running with dbt=1.8.3
[2024-07-14T04:15:48.431+0000] {subprocess.py:94} INFO - [0m04:15:48  Updating lock file in file path: /tmp/tmpwigx8qqa/package-lock.yml
[2024-07-14T04:15:48.513+0000] {subprocess.py:94} INFO - [0m04:15:48  Installing dbt-labs/dbt_utils
[2024-07-14T04:15:49.303+0000] {subprocess.py:94} INFO - [0m04:15:49  Installed from version 0.8.6
[2024-07-14T04:15:49.313+0000] {subprocess.py:94} INFO - [0m04:15:49  Updated version available: 1.2.0
[2024-07-14T04:15:49.320+0000] {subprocess.py:94} INFO - [0m04:15:49
[2024-07-14T04:15:49.323+0000] {subprocess.py:94} INFO - [0m04:15:49  Updates available for packages: ['dbt-labs/dbt_utils']
[2024-07-14T04:15:49.325+0000] {subprocess.py:94} INFO - Update your versions in packages.yml, then run dbt deps
[2024-07-14T04:15:52.771+0000] {subprocess.py:98} INFO - Command exited with return code 0
[2024-07-14T04:15:52.782+0000] {local.py:254} INFO - Update your versions in packages.yml, then run dbt deps
[2024-07-14T04:15:52.787+0000] {local.py:247} INFO - Trying to run the command:
 ['/opt/airflow/dbt_venv/bin/dbt', 'run', '--models', 'dim_categories', '--project-dir', '/tmp/tmpwigx8qqa', '--profiles-dir', '/tmp/cosmos/profile/a0017dab0633177292578162811b91dcb9c56d6e54017e9660056cc364a762ad', '--profile', 'dbt_project', '--target', 'dev']
From /tmp/tmpwigx8qqa
[2024-07-14T04:15:52.803+0000] {subprocess.py:60} INFO - Tmp dir root location: 
 /tmp
[2024-07-14T04:15:52.805+0000] {subprocess.py:73} INFO - Running command: ['/opt/airflow/dbt_venv/bin/dbt', 'run', '--models', 'dim_categories', '--project-dir', '/tmp/tmpwigx8qqa', '--profiles-dir', '/tmp/cosmos/profile/a0017dab0633177292578162811b91dcb9c56d6e54017e9660056cc364a762ad', '--profile', 'dbt_project', '--target', 'dev']
[2024-07-14T04:15:52.893+0000] {subprocess.py:84} INFO - Command output:
[2024-07-14T04:16:09.640+0000] {subprocess.py:94} INFO - [0m04:16:09  Running with dbt=1.8.3
[2024-07-14T04:16:15.830+0000] {subprocess.py:94} INFO - [0m04:16:15  Registered adapter: snowflake=1.8.3
[2024-07-14T04:16:24.771+0000] {subprocess.py:94} INFO - [0m04:16:24  Found 20 models, 27 data tests, 11 sources, 684 macros
[2024-07-14T04:16:24.791+0000] {subprocess.py:94} INFO - [0m04:16:24
[2024-07-14T04:16:33.327+0000] {subprocess.py:94} INFO - [0m04:16:33  Concurrency: 1 threads (target='dev')
[2024-07-14T04:16:33.340+0000] {subprocess.py:94} INFO - [0m04:16:33
[2024-07-14T04:16:33.495+0000] {subprocess.py:94} INFO - [0m04:16:33  1 of 1 START sql table model dwh.dim_categories ................................ [RUN]
[2024-07-14T04:16:36.119+0000] {subprocess.py:94} INFO - [0m04:16:36  1 of 1 OK created sql table model dwh.dim_categories ........................... [[32mSUCCESS 1[0m in 2.59s]
[2024-07-14T04:16:36.138+0000] {subprocess.py:94} INFO - [0m04:16:36
[2024-07-14T04:16:36.143+0000] {subprocess.py:94} INFO - [0m04:16:36  Finished running 1 table model in 0 hours 0 minutes and 11.35 seconds (11.35s).
[2024-07-14T04:16:36.538+0000] {subprocess.py:94} INFO - [0m04:16:36
[2024-07-14T04:16:36.544+0000] {subprocess.py:94} INFO - [0m04:16:36  [32mCompleted successfully[0m
[2024-07-14T04:16:36.555+0000] {subprocess.py:94} INFO - [0m04:16:36
[2024-07-14T04:16:36.559+0000] {subprocess.py:94} INFO - [0m04:16:36  Done. PASS=1 WARN=0 ERROR=0 SKIP=0 TOTAL=1
[2024-07-14T04:16:38.909+0000] {subprocess.py:98} INFO - Command exited with return code 0
[2024-07-14T04:16:38.915+0000] {local.py:254} INFO - [0m04:16:36  Done. PASS=1 WARN=0 ERROR=0 SKIP=0 TOTAL=1
[2024-07-14T04:16:40.009+0000] {local.py:196} WARNING - Artifact schema version: https://schemas.getdbt.com/dbt/manifest/v12.json is above dbt-ol supported version 7. This might cause errors.
[2024-07-14T04:16:40.011+0000] {local.py:196} WARNING - Artifact schema version: https://schemas.getdbt.com/dbt/run-results/v6.json is above dbt-ol supported version 5. This might cause errors.
[2024-07-14T04:16:40.042+0000] {local.py:349} INFO - Inlets: [Dataset(uri='snowflake://OU00370.europe-west2.gcp/ELT_BATCH.raw.raw_categories', extra=None)]
[2024-07-14T04:16:40.046+0000] {local.py:350} INFO - Outlets: [Dataset(uri='snowflake://OU00370.europe-west2.gcp/ELT_BATCH.dwh.dim_categories', extra=None)]
[2024-07-14T04:16:40.053+0000] {dag.py:3096} INFO - Sync 1 DAGs
[2024-07-14T04:16:40.286+0000] {taskinstance.py:441} INFO - ::group::Post task execution logs
[2024-07-14T04:16:40.449+0000] {taskinstance.py:1206} INFO - Marking task as SUCCESS. dag_id=ELT-PROJECT, task_id=transform.dim_categories.run, run_id=scheduled__2024-07-11T00:00:00+00:00, execution_date=20240711T000000, start_date=20240714T041531, end_date=20240714T041640
[2024-07-14T04:16:40.643+0000] {local_task_job_runner.py:240} INFO - Task exited with return code 0
[2024-07-14T04:16:40.688+0000] {local_task_job_runner.py:222} INFO - ::endgroup::
