[2024-07-14T04:35:01.579+0000] {local_task_job_runner.py:120} INFO - ::group::Pre task execution logs
[2024-07-14T04:35:01.821+0000] {taskinstance.py:2076} INFO - Dependencies all met for dep_context=non-requeueable deps ti=<TaskInstance: ELT-PROJECT.transform.raw_territories.run scheduled__2024-07-04T00:00:00+00:00 [queued]>
[2024-07-14T04:35:01.911+0000] {taskinstance.py:2076} INFO - Dependencies all met for dep_context=requeueable deps ti=<TaskInstance: ELT-PROJECT.transform.raw_territories.run scheduled__2024-07-04T00:00:00+00:00 [queued]>
[2024-07-14T04:35:01.913+0000] {taskinstance.py:2306} INFO - Starting attempt 1 of 2
[2024-07-14T04:35:01.999+0000] {taskinstance.py:2330} INFO - Executing <Task(DbtRunLocalOperator): transform.raw_territories.run> on 2024-07-04 00:00:00+00:00
[2024-07-14T04:35:02.018+0000] {logging_mixin.py:188} WARNING - /home/airflow/.local/lib/python3.12/site-packages/airflow/task/task_runner/standard_task_runner.py:61 DeprecationWarning: This process (pid=19063) is multi-threaded, use of fork() may lead to deadlocks in the child.
[2024-07-14T04:35:02.048+0000] {standard_task_runner.py:63} INFO - Started process 19091 to run task
[2024-07-14T04:35:02.031+0000] {standard_task_runner.py:90} INFO - Running: ['airflow', 'tasks', 'run', 'ELT-PROJECT', 'transform.raw_territories.run', 'scheduled__2024-07-04T00:00:00+00:00', '--job-id', '1452', '--raw', '--subdir', 'DAGS_FOLDER/elt.py', '--cfg-path', '/tmp/tmpuiqcw7d6']
[2024-07-14T04:35:02.051+0000] {standard_task_runner.py:91} INFO - Job 1452: Subtask transform.raw_territories.run
[2024-07-14T04:35:02.121+0000] {logging_mixin.py:188} WARNING - /home/airflow/.local/lib/python3.12/site-packages/airflow/settings.py:195 DeprecationWarning: The sql_alchemy_conn option in [core] has been moved to the sql_alchemy_conn option in [database] - the old setting has been used, but please update your config.
[2024-07-14T04:35:02.397+0000] {task_command.py:426} INFO - Running <TaskInstance: ELT-PROJECT.transform.raw_territories.run scheduled__2024-07-04T00:00:00+00:00 [running]> on host airflow-scheduler
[2024-07-14T04:35:02.870+0000] {taskinstance.py:2648} INFO - Exporting env vars: AIRFLOW_CTX_DAG_OWNER='Data-Ninja' AIRFLOW_CTX_DAG_ID='ELT-PROJECT' AIRFLOW_CTX_TASK_ID='transform.raw_territories.run' AIRFLOW_CTX_EXECUTION_DATE='2024-07-04T00:00:00+00:00' AIRFLOW_CTX_TRY_NUMBER='1' AIRFLOW_CTX_DAG_RUN_ID='scheduled__2024-07-04T00:00:00+00:00'
[2024-07-14T04:35:02.886+0000] {taskinstance.py:430} INFO - ::endgroup::
[2024-07-14T04:35:02.932+0000] {local.py:174} INFO - Could not import dbtRunner. Falling back to subprocess for invoking dbt.
[2024-07-14T04:35:02.937+0000] {local.py:292} INFO - Cloning project to writable temp directory /tmp/tmprzi7bt1z from /opt/airflow/dags/dbt/dbt_project
[2024-07-14T04:35:03.011+0000] {local.py:303} INFO - Partial parse is enabled and the latest partial parse file is /tmp/cosmos/ELT-PROJECT__transform/target/partial_parse.msgpack
[2024-07-14T04:35:03.350+0000] {base.py:84} INFO - Using connection ID 'snow_conn' for task execution.
[2024-07-14T04:35:03.369+0000] {crypto.py:82} WARNING - empty cryptography key - values will not be stored encrypted.
[2024-07-14T04:35:03.372+0000] {config.py:298} INFO - Profile caching is enable.
[2024-07-14T04:35:03.380+0000] {config.py:272} INFO - Profile found in cache using profile: /tmp/cosmos/profile/a0017dab0633177292578162811b91dcb9c56d6e54017e9660056cc364a762ad/profiles.yml.
[2024-07-14T04:35:03.382+0000] {local.py:247} INFO - Trying to run the command:
 ['/opt/airflow/dbt_venv/bin/dbt', 'deps', '--project-dir', '/tmp/tmprzi7bt1z', '--profiles-dir', '/tmp/cosmos/profile/a0017dab0633177292578162811b91dcb9c56d6e54017e9660056cc364a762ad', '--profile', 'dbt_project', '--target', 'dev']
From /tmp/tmprzi7bt1z
[2024-07-14T04:35:03.392+0000] {subprocess.py:60} INFO - Tmp dir root location: 
 /tmp
[2024-07-14T04:35:03.395+0000] {subprocess.py:73} INFO - Running command: ['/opt/airflow/dbt_venv/bin/dbt', 'deps', '--project-dir', '/tmp/tmprzi7bt1z', '--profiles-dir', '/tmp/cosmos/profile/a0017dab0633177292578162811b91dcb9c56d6e54017e9660056cc364a762ad', '--profile', 'dbt_project', '--target', 'dev']
[2024-07-14T04:35:03.488+0000] {subprocess.py:84} INFO - Command output:
[2024-07-14T04:35:18.600+0000] {subprocess.py:94} INFO - [0m04:35:18  Running with dbt=1.8.3
[2024-07-14T04:35:20.024+0000] {subprocess.py:94} INFO - [0m04:35:20  Updating lock file in file path: /tmp/tmprzi7bt1z/package-lock.yml
[2024-07-14T04:35:20.132+0000] {subprocess.py:94} INFO - [0m04:35:20  Installing dbt-labs/dbt_utils
[2024-07-14T04:35:20.891+0000] {subprocess.py:94} INFO - [0m04:35:20  Installed from version 0.8.6
[2024-07-14T04:35:20.900+0000] {subprocess.py:94} INFO - [0m04:35:20  Updated version available: 1.2.0
[2024-07-14T04:35:20.905+0000] {subprocess.py:94} INFO - [0m04:35:20
[2024-07-14T04:35:20.908+0000] {subprocess.py:94} INFO - [0m04:35:20  Updates available for packages: ['dbt-labs/dbt_utils']
[2024-07-14T04:35:20.910+0000] {subprocess.py:94} INFO - Update your versions in packages.yml, then run dbt deps
[2024-07-14T04:35:25.703+0000] {subprocess.py:98} INFO - Command exited with return code 0
[2024-07-14T04:35:25.706+0000] {local.py:254} INFO - Update your versions in packages.yml, then run dbt deps
[2024-07-14T04:35:25.714+0000] {local.py:247} INFO - Trying to run the command:
 ['/opt/airflow/dbt_venv/bin/dbt', 'run', '--models', 'raw_territories', '--project-dir', '/tmp/tmprzi7bt1z', '--profiles-dir', '/tmp/cosmos/profile/a0017dab0633177292578162811b91dcb9c56d6e54017e9660056cc364a762ad', '--profile', 'dbt_project', '--target', 'dev']
From /tmp/tmprzi7bt1z
[2024-07-14T04:35:25.718+0000] {subprocess.py:60} INFO - Tmp dir root location: 
 /tmp
[2024-07-14T04:35:25.724+0000] {subprocess.py:73} INFO - Running command: ['/opt/airflow/dbt_venv/bin/dbt', 'run', '--models', 'raw_territories', '--project-dir', '/tmp/tmprzi7bt1z', '--profiles-dir', '/tmp/cosmos/profile/a0017dab0633177292578162811b91dcb9c56d6e54017e9660056cc364a762ad', '--profile', 'dbt_project', '--target', 'dev']
[2024-07-14T04:35:25.818+0000] {subprocess.py:84} INFO - Command output:
[2024-07-14T04:35:39.878+0000] {subprocess.py:94} INFO - [0m04:35:39  Running with dbt=1.8.3
[2024-07-14T04:35:43.286+0000] {subprocess.py:94} INFO - [0m04:35:43  Registered adapter: snowflake=1.8.3
[2024-07-14T04:35:48.888+0000] {subprocess.py:94} INFO - [0m04:35:48  Found 20 models, 27 data tests, 11 sources, 684 macros
[2024-07-14T04:35:48.928+0000] {subprocess.py:94} INFO - [0m04:35:48
[2024-07-14T04:35:57.910+0000] {subprocess.py:94} INFO - [0m04:35:57  Concurrency: 1 threads (target='dev')
[2024-07-14T04:35:57.939+0000] {subprocess.py:94} INFO - [0m04:35:57
[2024-07-14T04:35:58.074+0000] {subprocess.py:94} INFO - [0m04:35:58  1 of 1 START sql table model raw.raw_territories ............................... [RUN]
[2024-07-14T04:36:01.585+0000] {subprocess.py:94} INFO - [0m04:36:01  1 of 1 OK created sql table model raw.raw_territories .......................... [[32mSUCCESS 1[0m in 3.49s]
[2024-07-14T04:36:01.619+0000] {subprocess.py:94} INFO - [0m04:36:01
[2024-07-14T04:36:01.626+0000] {subprocess.py:94} INFO - [0m04:36:01  Finished running 1 table model in 0 hours 0 minutes and 12.68 seconds (12.68s).
[2024-07-14T04:36:02.676+0000] {subprocess.py:94} INFO - [0m04:36:02
[2024-07-14T04:36:02.695+0000] {subprocess.py:94} INFO - [0m04:36:02  [32mCompleted successfully[0m
[2024-07-14T04:36:02.706+0000] {subprocess.py:94} INFO - [0m04:36:02
[2024-07-14T04:36:02.708+0000] {subprocess.py:94} INFO - [0m04:36:02  Done. PASS=1 WARN=0 ERROR=0 SKIP=0 TOTAL=1
[2024-07-14T04:36:06.539+0000] {subprocess.py:98} INFO - Command exited with return code 0
[2024-07-14T04:36:06.547+0000] {local.py:254} INFO - [0m04:36:02  Done. PASS=1 WARN=0 ERROR=0 SKIP=0 TOTAL=1
[2024-07-14T04:36:07.647+0000] {local.py:196} WARNING - Artifact schema version: https://schemas.getdbt.com/dbt/manifest/v12.json is above dbt-ol supported version 7. This might cause errors.
[2024-07-14T04:36:07.648+0000] {local.py:196} WARNING - Artifact schema version: https://schemas.getdbt.com/dbt/run-results/v6.json is above dbt-ol supported version 5. This might cause errors.
[2024-07-14T04:36:07.688+0000] {local.py:349} INFO - Inlets: [Dataset(uri='snowflake://OU00370.europe-west2.gcp/ELT_BATCH.PUBLIC.territories', extra=None)]
[2024-07-14T04:36:07.738+0000] {local.py:350} INFO - Outlets: [Dataset(uri='snowflake://OU00370.europe-west2.gcp/ELT_BATCH.raw.raw_territories', extra=None)]
[2024-07-14T04:36:07.750+0000] {dag.py:3096} INFO - Sync 1 DAGs
[2024-07-14T04:36:08.238+0000] {taskinstance.py:441} INFO - ::group::Post task execution logs
[2024-07-14T04:36:08.513+0000] {taskinstance.py:1206} INFO - Marking task as SUCCESS. dag_id=ELT-PROJECT, task_id=transform.raw_territories.run, run_id=scheduled__2024-07-04T00:00:00+00:00, execution_date=20240704T000000, start_date=20240714T043501, end_date=20240714T043608
[2024-07-14T04:36:08.822+0000] {local_task_job_runner.py:240} INFO - Task exited with return code 0
[2024-07-14T04:36:09.144+0000] {taskinstance.py:3503} INFO - 1 downstream tasks scheduled from follow-on schedule check
[2024-07-14T04:36:09.162+0000] {local_task_job_runner.py:222} INFO - ::endgroup::
