[2024-07-14T03:50:35.925+0000] {local_task_job_runner.py:120} INFO - ::group::Pre task execution logs
[2024-07-14T03:50:35.980+0000] {taskinstance.py:2076} INFO - Dependencies all met for dep_context=non-requeueable deps ti=<TaskInstance: ELT-PROJECT.transform.fact_orders.run manual__2024-07-14T03:47:05.410676+00:00 [queued]>
[2024-07-14T03:50:36.023+0000] {taskinstance.py:2076} INFO - Dependencies all met for dep_context=requeueable deps ti=<TaskInstance: ELT-PROJECT.transform.fact_orders.run manual__2024-07-14T03:47:05.410676+00:00 [queued]>
[2024-07-14T03:50:36.026+0000] {taskinstance.py:2306} INFO - Starting attempt 1 of 2
[2024-07-14T03:50:36.095+0000] {taskinstance.py:2330} INFO - Executing <Task(DbtRunLocalOperator): transform.fact_orders.run> on 2024-07-14 03:47:05.410676+00:00
[2024-07-14T03:50:36.130+0000] {logging_mixin.py:188} WARNING - /home/airflow/.local/lib/python3.12/site-packages/airflow/task/task_runner/standard_task_runner.py:61 DeprecationWarning: This process (pid=9050) is multi-threaded, use of fork() may lead to deadlocks in the child.
[2024-07-14T03:50:36.136+0000] {standard_task_runner.py:63} INFO - Started process 9054 to run task
[2024-07-14T03:50:36.129+0000] {standard_task_runner.py:90} INFO - Running: ['airflow', 'tasks', 'run', 'ELT-PROJECT', 'transform.fact_orders.run', 'manual__2024-07-14T03:47:05.410676+00:00', '--job-id', '662', '--raw', '--subdir', 'DAGS_FOLDER/elt.py', '--cfg-path', '/tmp/tmp97jt38ip']
[2024-07-14T03:50:36.140+0000] {standard_task_runner.py:91} INFO - Job 662: Subtask transform.fact_orders.run
[2024-07-14T03:50:36.222+0000] {logging_mixin.py:188} WARNING - /home/airflow/.local/lib/python3.12/site-packages/airflow/settings.py:195 DeprecationWarning: The sql_alchemy_conn option in [core] has been moved to the sql_alchemy_conn option in [database] - the old setting has been used, but please update your config.
[2024-07-14T03:50:36.411+0000] {task_command.py:426} INFO - Running <TaskInstance: ELT-PROJECT.transform.fact_orders.run manual__2024-07-14T03:47:05.410676+00:00 [running]> on host airflow-scheduler
[2024-07-14T03:50:36.659+0000] {taskinstance.py:2648} INFO - Exporting env vars: AIRFLOW_CTX_DAG_OWNER='Data-Ninja' AIRFLOW_CTX_DAG_ID='ELT-PROJECT' AIRFLOW_CTX_TASK_ID='transform.fact_orders.run' AIRFLOW_CTX_EXECUTION_DATE='2024-07-14T03:47:05.410676+00:00' AIRFLOW_CTX_TRY_NUMBER='1' AIRFLOW_CTX_DAG_RUN_ID='manual__2024-07-14T03:47:05.410676+00:00'
[2024-07-14T03:50:36.662+0000] {taskinstance.py:430} INFO - ::endgroup::
[2024-07-14T03:50:36.665+0000] {local.py:174} INFO - Could not import dbtRunner. Falling back to subprocess for invoking dbt.
[2024-07-14T03:50:36.668+0000] {local.py:292} INFO - Cloning project to writable temp directory /tmp/tmpzr2mirw5 from /opt/airflow/dags/dbt/dbt_project
[2024-07-14T03:50:36.681+0000] {local.py:303} INFO - Partial parse is enabled and the latest partial parse file is /tmp/cosmos/ELT-PROJECT__transform/target/partial_parse.msgpack
[2024-07-14T03:50:36.732+0000] {base.py:84} INFO - Using connection ID 'snow_conn' for task execution.
[2024-07-14T03:50:36.734+0000] {crypto.py:82} WARNING - empty cryptography key - values will not be stored encrypted.
[2024-07-14T03:50:36.735+0000] {config.py:298} INFO - Profile caching is enable.
[2024-07-14T03:50:36.738+0000] {config.py:272} INFO - Profile found in cache using profile: /tmp/cosmos/profile/a0017dab0633177292578162811b91dcb9c56d6e54017e9660056cc364a762ad/profiles.yml.
[2024-07-14T03:50:36.740+0000] {local.py:247} INFO - Trying to run the command:
 ['/opt/airflow/dbt_venv/bin/dbt', 'deps', '--project-dir', '/tmp/tmpzr2mirw5', '--profiles-dir', '/tmp/cosmos/profile/a0017dab0633177292578162811b91dcb9c56d6e54017e9660056cc364a762ad', '--profile', 'dbt_project', '--target', 'dev']
From /tmp/tmpzr2mirw5
[2024-07-14T03:50:36.742+0000] {subprocess.py:60} INFO - Tmp dir root location: 
 /tmp
[2024-07-14T03:50:36.744+0000] {subprocess.py:73} INFO - Running command: ['/opt/airflow/dbt_venv/bin/dbt', 'deps', '--project-dir', '/tmp/tmpzr2mirw5', '--profiles-dir', '/tmp/cosmos/profile/a0017dab0633177292578162811b91dcb9c56d6e54017e9660056cc364a762ad', '--profile', 'dbt_project', '--target', 'dev']
[2024-07-14T03:50:36.761+0000] {subprocess.py:84} INFO - Command output:
[2024-07-14T03:50:42.858+0000] {subprocess.py:94} INFO - [0m03:50:42  Running with dbt=1.8.3
[2024-07-14T03:50:45.036+0000] {subprocess.py:94} INFO - [0m03:50:45  Updating lock file in file path: /tmp/tmpzr2mirw5/package-lock.yml
[2024-07-14T03:50:45.051+0000] {subprocess.py:94} INFO - [0m03:50:45  Installing dbt-labs/dbt_utils
[2024-07-14T03:50:45.610+0000] {subprocess.py:94} INFO - [0m03:50:45  Installed from version 0.8.6
[2024-07-14T03:50:45.612+0000] {subprocess.py:94} INFO - [0m03:50:45  Updated version available: 1.2.0
[2024-07-14T03:50:45.614+0000] {subprocess.py:94} INFO - [0m03:50:45
[2024-07-14T03:50:45.616+0000] {subprocess.py:94} INFO - [0m03:50:45  Updates available for packages: ['dbt-labs/dbt_utils']
[2024-07-14T03:50:45.618+0000] {subprocess.py:94} INFO - Update your versions in packages.yml, then run dbt deps
[2024-07-14T03:50:47.665+0000] {subprocess.py:98} INFO - Command exited with return code 0
[2024-07-14T03:50:47.668+0000] {local.py:254} INFO - Update your versions in packages.yml, then run dbt deps
[2024-07-14T03:50:47.671+0000] {local.py:247} INFO - Trying to run the command:
 ['/opt/airflow/dbt_venv/bin/dbt', 'run', '--models', 'fact_orders', '--project-dir', '/tmp/tmpzr2mirw5', '--profiles-dir', '/tmp/cosmos/profile/a0017dab0633177292578162811b91dcb9c56d6e54017e9660056cc364a762ad', '--profile', 'dbt_project', '--target', 'dev']
From /tmp/tmpzr2mirw5
[2024-07-14T03:50:47.676+0000] {subprocess.py:60} INFO - Tmp dir root location: 
 /tmp
[2024-07-14T03:50:47.680+0000] {subprocess.py:73} INFO - Running command: ['/opt/airflow/dbt_venv/bin/dbt', 'run', '--models', 'fact_orders', '--project-dir', '/tmp/tmpzr2mirw5', '--profiles-dir', '/tmp/cosmos/profile/a0017dab0633177292578162811b91dcb9c56d6e54017e9660056cc364a762ad', '--profile', 'dbt_project', '--target', 'dev']
[2024-07-14T03:50:47.724+0000] {subprocess.py:84} INFO - Command output:
[2024-07-14T03:50:53.017+0000] {subprocess.py:94} INFO - [0m03:50:53  Running with dbt=1.8.3
[2024-07-14T03:50:54.425+0000] {subprocess.py:94} INFO - [0m03:50:54  Registered adapter: snowflake=1.8.3
[2024-07-14T03:50:57.249+0000] {subprocess.py:94} INFO - [0m03:50:57  Found 20 models, 27 data tests, 11 sources, 684 macros
[2024-07-14T03:50:57.257+0000] {subprocess.py:94} INFO - [0m03:50:57
[2024-07-14T03:51:05.167+0000] {subprocess.py:94} INFO - [0m03:51:05  Concurrency: 1 threads (target='dev')
[2024-07-14T03:51:05.175+0000] {subprocess.py:94} INFO - [0m03:51:05
[2024-07-14T03:51:05.221+0000] {subprocess.py:94} INFO - [0m03:51:05  1 of 1 START sql table model dwh.fact_orders ................................... [RUN]
[2024-07-14T03:51:08.004+0000] {subprocess.py:94} INFO - [0m03:51:08  1 of 1 OK created sql table model dwh.fact_orders .............................. [[32mSUCCESS 1[0m in 2.75s]
[2024-07-14T03:51:08.039+0000] {subprocess.py:94} INFO - [0m03:51:08
[2024-07-14T03:51:08.048+0000] {subprocess.py:94} INFO - [0m03:51:08  Finished running 1 table model in 0 hours 0 minutes and 10.77 seconds (10.77s).
[2024-07-14T03:51:08.440+0000] {subprocess.py:94} INFO - [0m03:51:08
[2024-07-14T03:51:08.445+0000] {subprocess.py:94} INFO - [0m03:51:08  [32mCompleted successfully[0m
[2024-07-14T03:51:08.449+0000] {subprocess.py:94} INFO - [0m03:51:08
[2024-07-14T03:51:08.454+0000] {subprocess.py:94} INFO - [0m03:51:08  Done. PASS=1 WARN=0 ERROR=0 SKIP=0 TOTAL=1
[2024-07-14T03:51:10.505+0000] {subprocess.py:98} INFO - Command exited with return code 0
[2024-07-14T03:51:10.509+0000] {local.py:254} INFO - [0m03:51:08  Done. PASS=1 WARN=0 ERROR=0 SKIP=0 TOTAL=1
[2024-07-14T03:51:11.001+0000] {local.py:196} WARNING - Artifact schema version: https://schemas.getdbt.com/dbt/manifest/v12.json is above dbt-ol supported version 7. This might cause errors.
[2024-07-14T03:51:11.003+0000] {local.py:196} WARNING - Artifact schema version: https://schemas.getdbt.com/dbt/run-results/v6.json is above dbt-ol supported version 5. This might cause errors.
[2024-07-14T03:51:11.017+0000] {local.py:349} INFO - Inlets: [Dataset(uri='snowflake://OU00370.europe-west2.gcp/ELT_BATCH.dwh.dim_employees', extra=None), Dataset(uri='snowflake://OU00370.europe-west2.gcp/ELT_BATCH.raw.raw_orders', extra=None)]
[2024-07-14T03:51:11.020+0000] {local.py:350} INFO - Outlets: [Dataset(uri='snowflake://OU00370.europe-west2.gcp/ELT_BATCH.dwh.fact_orders', extra=None)]
[2024-07-14T03:51:11.022+0000] {dag.py:3096} INFO - Sync 1 DAGs
[2024-07-14T03:51:11.074+0000] {dag.py:3954} INFO - Setting next_dagrun for ELT-PROJECT to None, run_after=None
[2024-07-14T03:51:11.180+0000] {taskinstance.py:441} INFO - ::group::Post task execution logs
[2024-07-14T03:51:11.290+0000] {taskinstance.py:1206} INFO - Marking task as SUCCESS. dag_id=ELT-PROJECT, task_id=transform.fact_orders.run, run_id=manual__2024-07-14T03:47:05.410676+00:00, execution_date=20240714T034705, start_date=20240714T035035, end_date=20240714T035111
[2024-07-14T03:51:11.366+0000] {local_task_job_runner.py:240} INFO - Task exited with return code 0
[2024-07-14T03:51:11.491+0000] {taskinstance.py:3503} INFO - 1 downstream tasks scheduled from follow-on schedule check
[2024-07-14T03:51:11.496+0000] {local_task_job_runner.py:222} INFO - ::endgroup::
