[2024-07-14T04:34:23.627+0000] {local_task_job_runner.py:120} INFO - ::group::Pre task execution logs
[2024-07-14T04:34:23.792+0000] {taskinstance.py:2076} INFO - Dependencies all met for dep_context=non-requeueable deps ti=<TaskInstance: ELT-PROJECT.transform.raw_customers.run scheduled__2024-07-01T00:00:00+00:00 [queued]>
[2024-07-14T04:34:23.888+0000] {taskinstance.py:2076} INFO - Dependencies all met for dep_context=requeueable deps ti=<TaskInstance: ELT-PROJECT.transform.raw_customers.run scheduled__2024-07-01T00:00:00+00:00 [queued]>
[2024-07-14T04:34:23.894+0000] {taskinstance.py:2306} INFO - Starting attempt 1 of 2
[2024-07-14T04:34:23.968+0000] {taskinstance.py:2330} INFO - Executing <Task(DbtRunLocalOperator): transform.raw_customers.run> on 2024-07-01 00:00:00+00:00
[2024-07-14T04:34:24.015+0000] {standard_task_runner.py:90} INFO - Running: ['airflow', 'tasks', 'run', 'ELT-PROJECT', 'transform.raw_customers.run', 'scheduled__2024-07-01T00:00:00+00:00', '--job-id', '1443', '--raw', '--subdir', 'DAGS_FOLDER/elt.py', '--cfg-path', '/tmp/tmprmsz1hoh']
[2024-07-14T04:34:24.007+0000] {logging_mixin.py:188} WARNING - /home/airflow/.local/lib/python3.12/site-packages/airflow/task/task_runner/standard_task_runner.py:61 DeprecationWarning: This process (pid=18934) is multi-threaded, use of fork() may lead to deadlocks in the child.
[2024-07-14T04:34:24.038+0000] {standard_task_runner.py:91} INFO - Job 1443: Subtask transform.raw_customers.run
[2024-07-14T04:34:24.040+0000] {standard_task_runner.py:63} INFO - Started process 18975 to run task
[2024-07-14T04:34:24.117+0000] {logging_mixin.py:188} WARNING - /home/airflow/.local/lib/python3.12/site-packages/airflow/settings.py:195 DeprecationWarning: The sql_alchemy_conn option in [core] has been moved to the sql_alchemy_conn option in [database] - the old setting has been used, but please update your config.
[2024-07-14T04:34:24.330+0000] {task_command.py:426} INFO - Running <TaskInstance: ELT-PROJECT.transform.raw_customers.run scheduled__2024-07-01T00:00:00+00:00 [running]> on host airflow-scheduler
[2024-07-14T04:34:24.891+0000] {taskinstance.py:2648} INFO - Exporting env vars: AIRFLOW_CTX_DAG_OWNER='Data-Ninja' AIRFLOW_CTX_DAG_ID='ELT-PROJECT' AIRFLOW_CTX_TASK_ID='transform.raw_customers.run' AIRFLOW_CTX_EXECUTION_DATE='2024-07-01T00:00:00+00:00' AIRFLOW_CTX_TRY_NUMBER='1' AIRFLOW_CTX_DAG_RUN_ID='scheduled__2024-07-01T00:00:00+00:00'
[2024-07-14T04:34:24.896+0000] {taskinstance.py:430} INFO - ::endgroup::
[2024-07-14T04:34:24.899+0000] {local.py:174} INFO - Could not import dbtRunner. Falling back to subprocess for invoking dbt.
[2024-07-14T04:34:24.904+0000] {local.py:292} INFO - Cloning project to writable temp directory /tmp/tmpt5934_3_ from /opt/airflow/dags/dbt/dbt_project
[2024-07-14T04:34:24.939+0000] {local.py:303} INFO - Partial parse is enabled and the latest partial parse file is /tmp/cosmos/ELT-PROJECT__transform/target/partial_parse.msgpack
[2024-07-14T04:34:25.116+0000] {base.py:84} INFO - Using connection ID 'snow_conn' for task execution.
[2024-07-14T04:34:25.124+0000] {crypto.py:82} WARNING - empty cryptography key - values will not be stored encrypted.
[2024-07-14T04:34:25.125+0000] {config.py:298} INFO - Profile caching is enable.
[2024-07-14T04:34:25.141+0000] {config.py:272} INFO - Profile found in cache using profile: /tmp/cosmos/profile/a0017dab0633177292578162811b91dcb9c56d6e54017e9660056cc364a762ad/profiles.yml.
[2024-07-14T04:34:25.144+0000] {local.py:247} INFO - Trying to run the command:
 ['/opt/airflow/dbt_venv/bin/dbt', 'deps', '--project-dir', '/tmp/tmpt5934_3_', '--profiles-dir', '/tmp/cosmos/profile/a0017dab0633177292578162811b91dcb9c56d6e54017e9660056cc364a762ad', '--profile', 'dbt_project', '--target', 'dev']
From /tmp/tmpt5934_3_
[2024-07-14T04:34:25.147+0000] {subprocess.py:60} INFO - Tmp dir root location: 
 /tmp
[2024-07-14T04:34:25.151+0000] {subprocess.py:73} INFO - Running command: ['/opt/airflow/dbt_venv/bin/dbt', 'deps', '--project-dir', '/tmp/tmpt5934_3_', '--profiles-dir', '/tmp/cosmos/profile/a0017dab0633177292578162811b91dcb9c56d6e54017e9660056cc364a762ad', '--profile', 'dbt_project', '--target', 'dev']
[2024-07-14T04:34:25.230+0000] {subprocess.py:84} INFO - Command output:
[2024-07-14T04:34:39.862+0000] {subprocess.py:94} INFO - [0m04:34:39  Running with dbt=1.8.3
[2024-07-14T04:34:41.768+0000] {subprocess.py:94} INFO - [0m04:34:41  Updating lock file in file path: /tmp/tmpt5934_3_/package-lock.yml
[2024-07-14T04:34:41.809+0000] {subprocess.py:94} INFO - [0m04:34:41  Installing dbt-labs/dbt_utils
[2024-07-14T04:34:42.852+0000] {subprocess.py:94} INFO - [0m04:34:42  Installed from version 0.8.6
[2024-07-14T04:34:42.855+0000] {subprocess.py:94} INFO - [0m04:34:42  Updated version available: 1.2.0
[2024-07-14T04:34:42.861+0000] {subprocess.py:94} INFO - [0m04:34:42
[2024-07-14T04:34:42.867+0000] {subprocess.py:94} INFO - [0m04:34:42  Updates available for packages: ['dbt-labs/dbt_utils']
[2024-07-14T04:34:42.882+0000] {subprocess.py:94} INFO - Update your versions in packages.yml, then run dbt deps
[2024-07-14T04:34:45.468+0000] {subprocess.py:98} INFO - Command exited with return code 0
[2024-07-14T04:34:45.470+0000] {local.py:254} INFO - Update your versions in packages.yml, then run dbt deps
[2024-07-14T04:34:45.481+0000] {local.py:247} INFO - Trying to run the command:
 ['/opt/airflow/dbt_venv/bin/dbt', 'run', '--models', 'raw_customers', '--project-dir', '/tmp/tmpt5934_3_', '--profiles-dir', '/tmp/cosmos/profile/a0017dab0633177292578162811b91dcb9c56d6e54017e9660056cc364a762ad', '--profile', 'dbt_project', '--target', 'dev']
From /tmp/tmpt5934_3_
[2024-07-14T04:34:45.483+0000] {subprocess.py:60} INFO - Tmp dir root location: 
 /tmp
[2024-07-14T04:34:45.498+0000] {subprocess.py:73} INFO - Running command: ['/opt/airflow/dbt_venv/bin/dbt', 'run', '--models', 'raw_customers', '--project-dir', '/tmp/tmpt5934_3_', '--profiles-dir', '/tmp/cosmos/profile/a0017dab0633177292578162811b91dcb9c56d6e54017e9660056cc364a762ad', '--profile', 'dbt_project', '--target', 'dev']
[2024-07-14T04:34:45.568+0000] {subprocess.py:84} INFO - Command output:
[2024-07-14T04:35:02.671+0000] {subprocess.py:94} INFO - [0m04:35:02  Running with dbt=1.8.3
[2024-07-14T04:35:05.862+0000] {subprocess.py:94} INFO - [0m04:35:05  Registered adapter: snowflake=1.8.3
[2024-07-14T04:35:11.417+0000] {subprocess.py:94} INFO - [0m04:35:11  Found 20 models, 27 data tests, 11 sources, 684 macros
[2024-07-14T04:35:11.433+0000] {subprocess.py:94} INFO - [0m04:35:11
[2024-07-14T04:35:20.802+0000] {subprocess.py:94} INFO - [0m04:35:20  Concurrency: 1 threads (target='dev')
[2024-07-14T04:35:20.805+0000] {subprocess.py:94} INFO - [0m04:35:20
[2024-07-14T04:35:21.013+0000] {subprocess.py:94} INFO - [0m04:35:21  1 of 1 START sql table model raw.raw_customers ................................. [RUN]
[2024-07-14T04:35:24.486+0000] {subprocess.py:94} INFO - [0m04:35:24  1 of 1 OK created sql table model raw.raw_customers ............................ [[32mSUCCESS 1[0m in 3.46s]
[2024-07-14T04:35:24.525+0000] {subprocess.py:94} INFO - [0m04:35:24
[2024-07-14T04:35:24.535+0000] {subprocess.py:94} INFO - [0m04:35:24  Finished running 1 table model in 0 hours 0 minutes and 13.09 seconds (13.09s).
[2024-07-14T04:35:25.408+0000] {subprocess.py:94} INFO - [0m04:35:25
[2024-07-14T04:35:25.430+0000] {subprocess.py:94} INFO - [0m04:35:25  [32mCompleted successfully[0m
[2024-07-14T04:35:25.434+0000] {subprocess.py:94} INFO - [0m04:35:25
[2024-07-14T04:35:25.438+0000] {subprocess.py:94} INFO - [0m04:35:25  Done. PASS=1 WARN=0 ERROR=0 SKIP=0 TOTAL=1
[2024-07-14T04:35:28.252+0000] {subprocess.py:98} INFO - Command exited with return code 0
[2024-07-14T04:35:28.264+0000] {local.py:254} INFO - [0m04:35:25  Done. PASS=1 WARN=0 ERROR=0 SKIP=0 TOTAL=1
[2024-07-14T04:35:30.030+0000] {local.py:196} WARNING - Artifact schema version: https://schemas.getdbt.com/dbt/manifest/v12.json is above dbt-ol supported version 7. This might cause errors.
[2024-07-14T04:35:30.040+0000] {local.py:196} WARNING - Artifact schema version: https://schemas.getdbt.com/dbt/run-results/v6.json is above dbt-ol supported version 5. This might cause errors.
[2024-07-14T04:35:30.147+0000] {local.py:349} INFO - Inlets: [Dataset(uri='snowflake://OU00370.europe-west2.gcp/ELT_BATCH.PUBLIC.customers', extra=None)]
[2024-07-14T04:35:30.165+0000] {local.py:350} INFO - Outlets: [Dataset(uri='snowflake://OU00370.europe-west2.gcp/ELT_BATCH.raw.raw_customers', extra=None)]
[2024-07-14T04:35:30.200+0000] {dag.py:3096} INFO - Sync 1 DAGs
[2024-07-14T04:35:30.827+0000] {taskinstance.py:441} INFO - ::group::Post task execution logs
[2024-07-14T04:35:31.080+0000] {taskinstance.py:1206} INFO - Marking task as SUCCESS. dag_id=ELT-PROJECT, task_id=transform.raw_customers.run, run_id=scheduled__2024-07-01T00:00:00+00:00, execution_date=20240701T000000, start_date=20240714T043423, end_date=20240714T043531
[2024-07-14T04:35:31.274+0000] {local_task_job_runner.py:240} INFO - Task exited with return code 0
[2024-07-14T04:35:31.358+0000] {local_task_job_runner.py:222} INFO - ::endgroup::
