[2024-07-14T04:35:11.456+0000] {local_task_job_runner.py:120} INFO - ::group::Pre task execution logs
[2024-07-14T04:35:11.640+0000] {taskinstance.py:2076} INFO - Dependencies all met for dep_context=non-requeueable deps ti=<TaskInstance: ELT-PROJECT.transform.raw_regions.run scheduled__2024-07-04T00:00:00+00:00 [queued]>
[2024-07-14T04:35:11.805+0000] {taskinstance.py:2076} INFO - Dependencies all met for dep_context=requeueable deps ti=<TaskInstance: ELT-PROJECT.transform.raw_regions.run scheduled__2024-07-04T00:00:00+00:00 [queued]>
[2024-07-14T04:35:11.808+0000] {taskinstance.py:2306} INFO - Starting attempt 1 of 2
[2024-07-14T04:35:12.075+0000] {taskinstance.py:2330} INFO - Executing <Task(DbtRunLocalOperator): transform.raw_regions.run> on 2024-07-04 00:00:00+00:00
[2024-07-14T04:35:12.119+0000] {logging_mixin.py:188} WARNING - /home/airflow/.local/lib/python3.12/site-packages/airflow/task/task_runner/standard_task_runner.py:61 DeprecationWarning: This process (pid=19096) is multi-threaded, use of fork() may lead to deadlocks in the child.
[2024-07-14T04:35:12.128+0000] {standard_task_runner.py:63} INFO - Started process 19118 to run task
[2024-07-14T04:35:12.116+0000] {standard_task_runner.py:90} INFO - Running: ['airflow', 'tasks', 'run', 'ELT-PROJECT', 'transform.raw_regions.run', 'scheduled__2024-07-04T00:00:00+00:00', '--job-id', '1453', '--raw', '--subdir', 'DAGS_FOLDER/elt.py', '--cfg-path', '/tmp/tmp9y3qhq2t']
[2024-07-14T04:35:12.138+0000] {standard_task_runner.py:91} INFO - Job 1453: Subtask transform.raw_regions.run
[2024-07-14T04:35:12.232+0000] {logging_mixin.py:188} WARNING - /home/airflow/.local/lib/python3.12/site-packages/airflow/settings.py:195 DeprecationWarning: The sql_alchemy_conn option in [core] has been moved to the sql_alchemy_conn option in [database] - the old setting has been used, but please update your config.
[2024-07-14T04:35:12.586+0000] {task_command.py:426} INFO - Running <TaskInstance: ELT-PROJECT.transform.raw_regions.run scheduled__2024-07-04T00:00:00+00:00 [running]> on host airflow-scheduler
[2024-07-14T04:35:13.557+0000] {taskinstance.py:2648} INFO - Exporting env vars: AIRFLOW_CTX_DAG_OWNER='Data-Ninja' AIRFLOW_CTX_DAG_ID='ELT-PROJECT' AIRFLOW_CTX_TASK_ID='transform.raw_regions.run' AIRFLOW_CTX_EXECUTION_DATE='2024-07-04T00:00:00+00:00' AIRFLOW_CTX_TRY_NUMBER='1' AIRFLOW_CTX_DAG_RUN_ID='scheduled__2024-07-04T00:00:00+00:00'
[2024-07-14T04:35:13.563+0000] {taskinstance.py:430} INFO - ::endgroup::
[2024-07-14T04:35:13.570+0000] {local.py:174} INFO - Could not import dbtRunner. Falling back to subprocess for invoking dbt.
[2024-07-14T04:35:13.578+0000] {local.py:292} INFO - Cloning project to writable temp directory /tmp/tmp2js03r4x from /opt/airflow/dags/dbt/dbt_project
[2024-07-14T04:35:13.619+0000] {local.py:303} INFO - Partial parse is enabled and the latest partial parse file is /tmp/cosmos/ELT-PROJECT__transform/target/partial_parse.msgpack
[2024-07-14T04:35:13.842+0000] {base.py:84} INFO - Using connection ID 'snow_conn' for task execution.
[2024-07-14T04:35:13.846+0000] {crypto.py:82} WARNING - empty cryptography key - values will not be stored encrypted.
[2024-07-14T04:35:13.850+0000] {config.py:298} INFO - Profile caching is enable.
[2024-07-14T04:35:13.919+0000] {config.py:272} INFO - Profile found in cache using profile: /tmp/cosmos/profile/a0017dab0633177292578162811b91dcb9c56d6e54017e9660056cc364a762ad/profiles.yml.
[2024-07-14T04:35:13.935+0000] {local.py:247} INFO - Trying to run the command:
 ['/opt/airflow/dbt_venv/bin/dbt', 'deps', '--project-dir', '/tmp/tmp2js03r4x', '--profiles-dir', '/tmp/cosmos/profile/a0017dab0633177292578162811b91dcb9c56d6e54017e9660056cc364a762ad', '--profile', 'dbt_project', '--target', 'dev']
From /tmp/tmp2js03r4x
[2024-07-14T04:35:13.944+0000] {subprocess.py:60} INFO - Tmp dir root location: 
 /tmp
[2024-07-14T04:35:13.950+0000] {subprocess.py:73} INFO - Running command: ['/opt/airflow/dbt_venv/bin/dbt', 'deps', '--project-dir', '/tmp/tmp2js03r4x', '--profiles-dir', '/tmp/cosmos/profile/a0017dab0633177292578162811b91dcb9c56d6e54017e9660056cc364a762ad', '--profile', 'dbt_project', '--target', 'dev']
[2024-07-14T04:35:14.038+0000] {subprocess.py:84} INFO - Command output:
[2024-07-14T04:35:27.456+0000] {subprocess.py:94} INFO - [0m04:35:27  Running with dbt=1.8.3
[2024-07-14T04:35:28.832+0000] {subprocess.py:94} INFO - [0m04:35:28  Updating lock file in file path: /tmp/tmp2js03r4x/package-lock.yml
[2024-07-14T04:35:28.933+0000] {subprocess.py:94} INFO - [0m04:35:28  Installing dbt-labs/dbt_utils
[2024-07-14T04:35:29.847+0000] {subprocess.py:94} INFO - [0m04:35:29  Installed from version 0.8.6
[2024-07-14T04:35:29.869+0000] {subprocess.py:94} INFO - [0m04:35:29  Updated version available: 1.2.0
[2024-07-14T04:35:29.892+0000] {subprocess.py:94} INFO - [0m04:35:29
[2024-07-14T04:35:29.895+0000] {subprocess.py:94} INFO - [0m04:35:29  Updates available for packages: ['dbt-labs/dbt_utils']
[2024-07-14T04:35:29.897+0000] {subprocess.py:94} INFO - Update your versions in packages.yml, then run dbt deps
[2024-07-14T04:35:32.489+0000] {subprocess.py:98} INFO - Command exited with return code 0
[2024-07-14T04:35:32.501+0000] {local.py:254} INFO - Update your versions in packages.yml, then run dbt deps
[2024-07-14T04:35:32.510+0000] {local.py:247} INFO - Trying to run the command:
 ['/opt/airflow/dbt_venv/bin/dbt', 'run', '--models', 'raw_regions', '--project-dir', '/tmp/tmp2js03r4x', '--profiles-dir', '/tmp/cosmos/profile/a0017dab0633177292578162811b91dcb9c56d6e54017e9660056cc364a762ad', '--profile', 'dbt_project', '--target', 'dev']
From /tmp/tmp2js03r4x
[2024-07-14T04:35:32.516+0000] {subprocess.py:60} INFO - Tmp dir root location: 
 /tmp
[2024-07-14T04:35:32.561+0000] {subprocess.py:73} INFO - Running command: ['/opt/airflow/dbt_venv/bin/dbt', 'run', '--models', 'raw_regions', '--project-dir', '/tmp/tmp2js03r4x', '--profiles-dir', '/tmp/cosmos/profile/a0017dab0633177292578162811b91dcb9c56d6e54017e9660056cc364a762ad', '--profile', 'dbt_project', '--target', 'dev']
[2024-07-14T04:35:32.638+0000] {subprocess.py:84} INFO - Command output:
[2024-07-14T04:35:47.201+0000] {subprocess.py:94} INFO - [0m04:35:47  Running with dbt=1.8.3
[2024-07-14T04:35:50.577+0000] {subprocess.py:94} INFO - [0m04:35:50  Registered adapter: snowflake=1.8.3
[2024-07-14T04:35:55.206+0000] {subprocess.py:94} INFO - [0m04:35:55  Found 20 models, 27 data tests, 11 sources, 684 macros
[2024-07-14T04:35:55.223+0000] {subprocess.py:94} INFO - [0m04:35:55
[2024-07-14T04:36:04.381+0000] {subprocess.py:94} INFO - [0m04:36:04  Concurrency: 1 threads (target='dev')
[2024-07-14T04:36:04.383+0000] {subprocess.py:94} INFO - [0m04:36:04
[2024-07-14T04:36:04.516+0000] {subprocess.py:94} INFO - [0m04:36:04  1 of 1 START sql table model raw.raw_regions ................................... [RUN]
[2024-07-14T04:36:07.498+0000] {subprocess.py:94} INFO - [0m04:36:07  1 of 1 OK created sql table model raw.raw_regions .............................. [[32mSUCCESS 1[0m in 2.96s]
[2024-07-14T04:36:07.528+0000] {subprocess.py:94} INFO - [0m04:36:07
[2024-07-14T04:36:07.531+0000] {subprocess.py:94} INFO - [0m04:36:07  Finished running 1 table model in 0 hours 0 minutes and 12.29 seconds (12.29s).
[2024-07-14T04:36:08.340+0000] {subprocess.py:94} INFO - [0m04:36:08
[2024-07-14T04:36:08.348+0000] {subprocess.py:94} INFO - [0m04:36:08  [32mCompleted successfully[0m
[2024-07-14T04:36:08.350+0000] {subprocess.py:94} INFO - [0m04:36:08
[2024-07-14T04:36:08.352+0000] {subprocess.py:94} INFO - [0m04:36:08  Done. PASS=1 WARN=0 ERROR=0 SKIP=0 TOTAL=1
[2024-07-14T04:36:11.864+0000] {subprocess.py:98} INFO - Command exited with return code 0
[2024-07-14T04:36:11.867+0000] {local.py:254} INFO - [0m04:36:08  Done. PASS=1 WARN=0 ERROR=0 SKIP=0 TOTAL=1
[2024-07-14T04:36:13.178+0000] {local.py:196} WARNING - Artifact schema version: https://schemas.getdbt.com/dbt/manifest/v12.json is above dbt-ol supported version 7. This might cause errors.
[2024-07-14T04:36:13.180+0000] {local.py:196} WARNING - Artifact schema version: https://schemas.getdbt.com/dbt/run-results/v6.json is above dbt-ol supported version 5. This might cause errors.
[2024-07-14T04:36:13.210+0000] {local.py:349} INFO - Inlets: [Dataset(uri='snowflake://OU00370.europe-west2.gcp/ELT_BATCH.PUBLIC.regions', extra=None)]
[2024-07-14T04:36:13.223+0000] {local.py:350} INFO - Outlets: [Dataset(uri='snowflake://OU00370.europe-west2.gcp/ELT_BATCH.raw.raw_regions', extra=None)]
[2024-07-14T04:36:13.226+0000] {dag.py:3096} INFO - Sync 1 DAGs
[2024-07-14T04:36:13.566+0000] {taskinstance.py:441} INFO - ::group::Post task execution logs
[2024-07-14T04:36:13.791+0000] {taskinstance.py:1206} INFO - Marking task as SUCCESS. dag_id=ELT-PROJECT, task_id=transform.raw_regions.run, run_id=scheduled__2024-07-04T00:00:00+00:00, execution_date=20240704T000000, start_date=20240714T043511, end_date=20240714T043613
[2024-07-14T04:36:13.955+0000] {local_task_job_runner.py:240} INFO - Task exited with return code 0
[2024-07-14T04:36:14.101+0000] {taskinstance.py:3503} INFO - 1 downstream tasks scheduled from follow-on schedule check
[2024-07-14T04:36:14.115+0000] {local_task_job_runner.py:222} INFO - ::endgroup::
