[2024-07-14T04:05:39.918+0000] {local_task_job_runner.py:120} INFO - ::group::Pre task execution logs
[2024-07-14T04:05:40.057+0000] {taskinstance.py:2076} INFO - Dependencies all met for dep_context=non-requeueable deps ti=<TaskInstance: ELT-PROJECT.transform.raw_categories.run scheduled__2024-07-09T00:00:00+00:00 [queued]>
[2024-07-14T04:05:40.171+0000] {taskinstance.py:2076} INFO - Dependencies all met for dep_context=requeueable deps ti=<TaskInstance: ELT-PROJECT.transform.raw_categories.run scheduled__2024-07-09T00:00:00+00:00 [queued]>
[2024-07-14T04:05:40.172+0000] {taskinstance.py:2306} INFO - Starting attempt 1 of 2
[2024-07-14T04:05:40.257+0000] {taskinstance.py:2330} INFO - Executing <Task(DbtRunLocalOperator): transform.raw_categories.run> on 2024-07-09 00:00:00+00:00
[2024-07-14T04:05:40.290+0000] {logging_mixin.py:188} WARNING - /home/airflow/.local/lib/python3.12/site-packages/airflow/task/task_runner/standard_task_runner.py:61 DeprecationWarning: This process (pid=12945) is multi-threaded, use of fork() may lead to deadlocks in the child.
[2024-07-14T04:05:40.288+0000] {standard_task_runner.py:90} INFO - Running: ['airflow', 'tasks', 'run', 'ELT-PROJECT', 'transform.raw_categories.run', 'scheduled__2024-07-09T00:00:00+00:00', '--job-id', '1075', '--raw', '--subdir', 'DAGS_FOLDER/elt.py', '--cfg-path', '/tmp/tmpf4hl1621']
[2024-07-14T04:05:40.310+0000] {standard_task_runner.py:91} INFO - Job 1075: Subtask transform.raw_categories.run
[2024-07-14T04:05:40.310+0000] {standard_task_runner.py:63} INFO - Started process 12964 to run task
[2024-07-14T04:05:40.412+0000] {logging_mixin.py:188} WARNING - /home/airflow/.local/lib/python3.12/site-packages/airflow/settings.py:195 DeprecationWarning: The sql_alchemy_conn option in [core] has been moved to the sql_alchemy_conn option in [database] - the old setting has been used, but please update your config.
[2024-07-14T04:05:40.657+0000] {task_command.py:426} INFO - Running <TaskInstance: ELT-PROJECT.transform.raw_categories.run scheduled__2024-07-09T00:00:00+00:00 [running]> on host airflow-scheduler
[2024-07-14T04:05:41.221+0000] {taskinstance.py:2648} INFO - Exporting env vars: AIRFLOW_CTX_DAG_OWNER='Data-Ninja' AIRFLOW_CTX_DAG_ID='ELT-PROJECT' AIRFLOW_CTX_TASK_ID='transform.raw_categories.run' AIRFLOW_CTX_EXECUTION_DATE='2024-07-09T00:00:00+00:00' AIRFLOW_CTX_TRY_NUMBER='1' AIRFLOW_CTX_DAG_RUN_ID='scheduled__2024-07-09T00:00:00+00:00'
[2024-07-14T04:05:41.239+0000] {taskinstance.py:430} INFO - ::endgroup::
[2024-07-14T04:05:41.245+0000] {local.py:174} INFO - Could not import dbtRunner. Falling back to subprocess for invoking dbt.
[2024-07-14T04:05:41.273+0000] {local.py:292} INFO - Cloning project to writable temp directory /tmp/tmpwafpei8p from /opt/airflow/dags/dbt/dbt_project
[2024-07-14T04:05:41.294+0000] {local.py:303} INFO - Partial parse is enabled and the latest partial parse file is /tmp/cosmos/ELT-PROJECT__transform/target/partial_parse.msgpack
[2024-07-14T04:05:41.506+0000] {base.py:84} INFO - Using connection ID 'snow_conn' for task execution.
[2024-07-14T04:05:41.523+0000] {crypto.py:82} WARNING - empty cryptography key - values will not be stored encrypted.
[2024-07-14T04:05:41.525+0000] {config.py:298} INFO - Profile caching is enable.
[2024-07-14T04:05:41.551+0000] {config.py:272} INFO - Profile found in cache using profile: /tmp/cosmos/profile/a0017dab0633177292578162811b91dcb9c56d6e54017e9660056cc364a762ad/profiles.yml.
[2024-07-14T04:05:41.579+0000] {local.py:247} INFO - Trying to run the command:
 ['/opt/airflow/dbt_venv/bin/dbt', 'deps', '--project-dir', '/tmp/tmpwafpei8p', '--profiles-dir', '/tmp/cosmos/profile/a0017dab0633177292578162811b91dcb9c56d6e54017e9660056cc364a762ad', '--profile', 'dbt_project', '--target', 'dev']
From /tmp/tmpwafpei8p
[2024-07-14T04:05:41.587+0000] {subprocess.py:60} INFO - Tmp dir root location: 
 /tmp
[2024-07-14T04:05:41.602+0000] {subprocess.py:73} INFO - Running command: ['/opt/airflow/dbt_venv/bin/dbt', 'deps', '--project-dir', '/tmp/tmpwafpei8p', '--profiles-dir', '/tmp/cosmos/profile/a0017dab0633177292578162811b91dcb9c56d6e54017e9660056cc364a762ad', '--profile', 'dbt_project', '--target', 'dev']
[2024-07-14T04:05:41.649+0000] {subprocess.py:84} INFO - Command output:
[2024-07-14T04:05:57.318+0000] {subprocess.py:94} INFO - [0m04:05:57  Running with dbt=1.8.3
[2024-07-14T04:05:59.126+0000] {subprocess.py:94} INFO - [0m04:05:59  Updating lock file in file path: /tmp/tmpwafpei8p/package-lock.yml
[2024-07-14T04:05:59.181+0000] {subprocess.py:94} INFO - [0m04:05:59  Installing dbt-labs/dbt_utils
[2024-07-14T04:06:00.214+0000] {subprocess.py:94} INFO - [0m04:06:00  Installed from version 0.8.6
[2024-07-14T04:06:00.216+0000] {subprocess.py:94} INFO - [0m04:06:00  Updated version available: 1.2.0
[2024-07-14T04:06:00.220+0000] {subprocess.py:94} INFO - [0m04:06:00
[2024-07-14T04:06:00.235+0000] {subprocess.py:94} INFO - [0m04:06:00  Updates available for packages: ['dbt-labs/dbt_utils']
[2024-07-14T04:06:00.237+0000] {subprocess.py:94} INFO - Update your versions in packages.yml, then run dbt deps
[2024-07-14T04:06:02.896+0000] {subprocess.py:98} INFO - Command exited with return code 0
[2024-07-14T04:06:02.898+0000] {local.py:254} INFO - Update your versions in packages.yml, then run dbt deps
[2024-07-14T04:06:02.905+0000] {local.py:247} INFO - Trying to run the command:
 ['/opt/airflow/dbt_venv/bin/dbt', 'run', '--models', 'raw_categories', '--project-dir', '/tmp/tmpwafpei8p', '--profiles-dir', '/tmp/cosmos/profile/a0017dab0633177292578162811b91dcb9c56d6e54017e9660056cc364a762ad', '--profile', 'dbt_project', '--target', 'dev']
From /tmp/tmpwafpei8p
[2024-07-14T04:06:02.909+0000] {subprocess.py:60} INFO - Tmp dir root location: 
 /tmp
[2024-07-14T04:06:02.912+0000] {subprocess.py:73} INFO - Running command: ['/opt/airflow/dbt_venv/bin/dbt', 'run', '--models', 'raw_categories', '--project-dir', '/tmp/tmpwafpei8p', '--profiles-dir', '/tmp/cosmos/profile/a0017dab0633177292578162811b91dcb9c56d6e54017e9660056cc364a762ad', '--profile', 'dbt_project', '--target', 'dev']
[2024-07-14T04:06:02.994+0000] {subprocess.py:84} INFO - Command output:
[2024-07-14T04:06:18.728+0000] {subprocess.py:94} INFO - [0m04:06:18  Running with dbt=1.8.3
[2024-07-14T04:06:22.712+0000] {subprocess.py:94} INFO - [0m04:06:22  Registered adapter: snowflake=1.8.3
[2024-07-14T04:06:27.303+0000] {subprocess.py:94} INFO - [0m04:06:27  Found 20 models, 27 data tests, 11 sources, 684 macros
[2024-07-14T04:06:27.313+0000] {subprocess.py:94} INFO - [0m04:06:27
[2024-07-14T04:06:35.508+0000] {subprocess.py:94} INFO - [0m04:06:35  Concurrency: 1 threads (target='dev')
[2024-07-14T04:06:35.533+0000] {subprocess.py:94} INFO - [0m04:06:35
[2024-07-14T04:06:35.637+0000] {subprocess.py:94} INFO - [0m04:06:35  1 of 1 START sql table model raw.raw_categories ................................ [RUN]
[2024-07-14T04:06:38.548+0000] {subprocess.py:94} INFO - [0m04:06:38  1 of 1 OK created sql table model raw.raw_categories ........................... [[32mSUCCESS 1[0m in 2.90s]
[2024-07-14T04:06:38.579+0000] {subprocess.py:94} INFO - [0m04:06:38
[2024-07-14T04:06:38.583+0000] {subprocess.py:94} INFO - [0m04:06:38  Finished running 1 table model in 0 hours 0 minutes and 11.26 seconds (11.26s).
[2024-07-14T04:06:39.246+0000] {subprocess.py:94} INFO - [0m04:06:39
[2024-07-14T04:06:39.252+0000] {subprocess.py:94} INFO - [0m04:06:39  [32mCompleted successfully[0m
[2024-07-14T04:06:39.255+0000] {subprocess.py:94} INFO - [0m04:06:39
[2024-07-14T04:06:39.259+0000] {subprocess.py:94} INFO - [0m04:06:39  Done. PASS=1 WARN=0 ERROR=0 SKIP=0 TOTAL=1
[2024-07-14T04:06:41.217+0000] {subprocess.py:98} INFO - Command exited with return code 0
[2024-07-14T04:06:41.219+0000] {local.py:254} INFO - [0m04:06:39  Done. PASS=1 WARN=0 ERROR=0 SKIP=0 TOTAL=1
[2024-07-14T04:06:41.731+0000] {local.py:196} WARNING - Artifact schema version: https://schemas.getdbt.com/dbt/manifest/v12.json is above dbt-ol supported version 7. This might cause errors.
[2024-07-14T04:06:41.732+0000] {local.py:196} WARNING - Artifact schema version: https://schemas.getdbt.com/dbt/run-results/v6.json is above dbt-ol supported version 5. This might cause errors.
[2024-07-14T04:06:41.754+0000] {local.py:349} INFO - Inlets: [Dataset(uri='snowflake://OU00370.europe-west2.gcp/ELT_BATCH.PUBLIC.categories', extra=None)]
[2024-07-14T04:06:41.758+0000] {local.py:350} INFO - Outlets: [Dataset(uri='snowflake://OU00370.europe-west2.gcp/ELT_BATCH.raw.raw_categories', extra=None)]
[2024-07-14T04:06:41.760+0000] {dag.py:3096} INFO - Sync 1 DAGs
[2024-07-14T04:06:42.001+0000] {taskinstance.py:441} INFO - ::group::Post task execution logs
[2024-07-14T04:06:42.143+0000] {taskinstance.py:1206} INFO - Marking task as SUCCESS. dag_id=ELT-PROJECT, task_id=transform.raw_categories.run, run_id=scheduled__2024-07-09T00:00:00+00:00, execution_date=20240709T000000, start_date=20240714T040540, end_date=20240714T040642
[2024-07-14T04:06:43.117+0000] {local_task_job_runner.py:240} INFO - Task exited with return code 0
[2024-07-14T04:06:43.182+0000] {local_task_job_runner.py:222} INFO - ::endgroup::
