[2024-07-14T04:45:20.095+0000] {local_task_job_runner.py:120} INFO - ::group::Pre task execution logs
[2024-07-14T04:45:20.458+0000] {taskinstance.py:2076} INFO - Dependencies all met for dep_context=non-requeueable deps ti=<TaskInstance: ELT-PROJECT.transform.popular_product_categories_run scheduled__2024-07-05T00:00:00+00:00 [queued]>
[2024-07-14T04:45:20.551+0000] {taskinstance.py:2076} INFO - Dependencies all met for dep_context=requeueable deps ti=<TaskInstance: ELT-PROJECT.transform.popular_product_categories_run scheduled__2024-07-05T00:00:00+00:00 [queued]>
[2024-07-14T04:45:20.552+0000] {taskinstance.py:2306} INFO - Starting attempt 1 of 2
[2024-07-14T04:45:20.628+0000] {taskinstance.py:2330} INFO - Executing <Task(DbtRunLocalOperator): transform.popular_product_categories_run> on 2024-07-05 00:00:00+00:00
[2024-07-14T04:45:20.674+0000] {logging_mixin.py:188} WARNING - /home/airflow/.local/lib/python3.12/site-packages/airflow/task/task_runner/standard_task_runner.py:61 DeprecationWarning: This process (pid=21295) is multi-threaded, use of fork() may lead to deadlocks in the child.
[2024-07-14T04:45:20.696+0000] {standard_task_runner.py:63} INFO - Started process 21324 to run task
[2024-07-14T04:45:20.702+0000] {standard_task_runner.py:90} INFO - Running: ['airflow', 'tasks', 'run', 'ELT-PROJECT', 'transform.popular_product_categories_run', 'scheduled__2024-07-05T00:00:00+00:00', '--job-id', '1595', '--raw', '--subdir', 'DAGS_FOLDER/elt.py', '--cfg-path', '/tmp/tmpn5q6mj8g']
[2024-07-14T04:45:20.734+0000] {standard_task_runner.py:91} INFO - Job 1595: Subtask transform.popular_product_categories_run
[2024-07-14T04:45:20.863+0000] {logging_mixin.py:188} WARNING - /home/airflow/.local/lib/python3.12/site-packages/airflow/settings.py:195 DeprecationWarning: The sql_alchemy_conn option in [core] has been moved to the sql_alchemy_conn option in [database] - the old setting has been used, but please update your config.
[2024-07-14T04:45:21.229+0000] {task_command.py:426} INFO - Running <TaskInstance: ELT-PROJECT.transform.popular_product_categories_run scheduled__2024-07-05T00:00:00+00:00 [running]> on host airflow-scheduler
[2024-07-14T04:45:21.995+0000] {taskinstance.py:2648} INFO - Exporting env vars: AIRFLOW_CTX_DAG_OWNER='Data-Ninja' AIRFLOW_CTX_DAG_ID='ELT-PROJECT' AIRFLOW_CTX_TASK_ID='transform.popular_product_categories_run' AIRFLOW_CTX_EXECUTION_DATE='2024-07-05T00:00:00+00:00' AIRFLOW_CTX_TRY_NUMBER='1' AIRFLOW_CTX_DAG_RUN_ID='scheduled__2024-07-05T00:00:00+00:00'
[2024-07-14T04:45:22.003+0000] {taskinstance.py:430} INFO - ::endgroup::
[2024-07-14T04:45:22.019+0000] {local.py:174} INFO - Could not import dbtRunner. Falling back to subprocess for invoking dbt.
[2024-07-14T04:45:22.030+0000] {local.py:292} INFO - Cloning project to writable temp directory /tmp/tmpbsief7hp from /opt/airflow/dags/dbt/dbt_project
[2024-07-14T04:45:22.052+0000] {local.py:303} INFO - Partial parse is enabled and the latest partial parse file is /tmp/cosmos/ELT-PROJECT__transform/target/partial_parse.msgpack
[2024-07-14T04:45:22.320+0000] {base.py:84} INFO - Using connection ID 'snow_conn' for task execution.
[2024-07-14T04:45:22.336+0000] {crypto.py:82} WARNING - empty cryptography key - values will not be stored encrypted.
[2024-07-14T04:45:22.340+0000] {config.py:298} INFO - Profile caching is enable.
[2024-07-14T04:45:22.347+0000] {config.py:272} INFO - Profile found in cache using profile: /tmp/cosmos/profile/a0017dab0633177292578162811b91dcb9c56d6e54017e9660056cc364a762ad/profiles.yml.
[2024-07-14T04:45:22.358+0000] {local.py:247} INFO - Trying to run the command:
 ['/opt/airflow/dbt_venv/bin/dbt', 'deps', '--project-dir', '/tmp/tmpbsief7hp', '--profiles-dir', '/tmp/cosmos/profile/a0017dab0633177292578162811b91dcb9c56d6e54017e9660056cc364a762ad', '--profile', 'dbt_project', '--target', 'dev']
From /tmp/tmpbsief7hp
[2024-07-14T04:45:22.375+0000] {subprocess.py:60} INFO - Tmp dir root location: 
 /tmp
[2024-07-14T04:45:22.389+0000] {subprocess.py:73} INFO - Running command: ['/opt/airflow/dbt_venv/bin/dbt', 'deps', '--project-dir', '/tmp/tmpbsief7hp', '--profiles-dir', '/tmp/cosmos/profile/a0017dab0633177292578162811b91dcb9c56d6e54017e9660056cc364a762ad', '--profile', 'dbt_project', '--target', 'dev']
[2024-07-14T04:45:22.496+0000] {subprocess.py:84} INFO - Command output:
[2024-07-14T04:45:41.275+0000] {subprocess.py:94} INFO - [0m04:45:41  Running with dbt=1.8.3
[2024-07-14T04:45:42.930+0000] {subprocess.py:94} INFO - [0m04:45:42  Updating lock file in file path: /tmp/tmpbsief7hp/package-lock.yml
[2024-07-14T04:45:43.033+0000] {subprocess.py:94} INFO - [0m04:45:43  Installing dbt-labs/dbt_utils
[2024-07-14T04:45:44.098+0000] {subprocess.py:94} INFO - [0m04:45:44  Installed from version 0.8.6
[2024-07-14T04:45:44.104+0000] {subprocess.py:94} INFO - [0m04:45:44  Updated version available: 1.2.0
[2024-07-14T04:45:44.109+0000] {subprocess.py:94} INFO - [0m04:45:44
[2024-07-14T04:45:44.114+0000] {subprocess.py:94} INFO - [0m04:45:44  Updates available for packages: ['dbt-labs/dbt_utils']
[2024-07-14T04:45:44.124+0000] {subprocess.py:94} INFO - Update your versions in packages.yml, then run dbt deps
[2024-07-14T04:45:47.245+0000] {subprocess.py:98} INFO - Command exited with return code 0
[2024-07-14T04:45:47.249+0000] {local.py:254} INFO - Update your versions in packages.yml, then run dbt deps
[2024-07-14T04:45:47.252+0000] {local.py:247} INFO - Trying to run the command:
 ['/opt/airflow/dbt_venv/bin/dbt', 'run', '--models', 'popular_product_categories', '--project-dir', '/tmp/tmpbsief7hp', '--profiles-dir', '/tmp/cosmos/profile/a0017dab0633177292578162811b91dcb9c56d6e54017e9660056cc364a762ad', '--profile', 'dbt_project', '--target', 'dev']
From /tmp/tmpbsief7hp
[2024-07-14T04:45:47.255+0000] {subprocess.py:60} INFO - Tmp dir root location: 
 /tmp
[2024-07-14T04:45:47.276+0000] {subprocess.py:73} INFO - Running command: ['/opt/airflow/dbt_venv/bin/dbt', 'run', '--models', 'popular_product_categories', '--project-dir', '/tmp/tmpbsief7hp', '--profiles-dir', '/tmp/cosmos/profile/a0017dab0633177292578162811b91dcb9c56d6e54017e9660056cc364a762ad', '--profile', 'dbt_project', '--target', 'dev']
[2024-07-14T04:45:47.423+0000] {subprocess.py:84} INFO - Command output:
[2024-07-14T04:46:03.294+0000] {subprocess.py:94} INFO - [0m04:46:03  Running with dbt=1.8.3
[2024-07-14T04:46:09.025+0000] {subprocess.py:94} INFO - [0m04:46:09  Registered adapter: snowflake=1.8.3
[2024-07-14T04:46:14.518+0000] {subprocess.py:94} INFO - [0m04:46:14  Found 20 models, 27 data tests, 11 sources, 684 macros
[2024-07-14T04:46:14.536+0000] {subprocess.py:94} INFO - [0m04:46:14
[2024-07-14T04:46:23.428+0000] {subprocess.py:94} INFO - [0m04:46:23  Concurrency: 1 threads (target='dev')
[2024-07-14T04:46:23.440+0000] {subprocess.py:94} INFO - [0m04:46:23
[2024-07-14T04:46:23.634+0000] {subprocess.py:94} INFO - [0m04:46:23  1 of 1 START sql table model dm.popular_product_categories ..................... [RUN]
[2024-07-14T04:46:26.829+0000] {subprocess.py:94} INFO - [0m04:46:26  1 of 1 OK created sql table model dm.popular_product_categories ................ [[32mSUCCESS 1[0m in 3.19s]
[2024-07-14T04:46:26.877+0000] {subprocess.py:94} INFO - [0m04:46:26
[2024-07-14T04:46:26.885+0000] {subprocess.py:94} INFO - [0m04:46:26  Finished running 1 table model in 0 hours 0 minutes and 12.33 seconds (12.33s).
[2024-07-14T04:46:27.963+0000] {subprocess.py:94} INFO - [0m04:46:27
[2024-07-14T04:46:27.969+0000] {subprocess.py:94} INFO - [0m04:46:27  [32mCompleted successfully[0m
[2024-07-14T04:46:27.973+0000] {subprocess.py:94} INFO - [0m04:46:27
[2024-07-14T04:46:27.977+0000] {subprocess.py:94} INFO - [0m04:46:27  Done. PASS=1 WARN=0 ERROR=0 SKIP=0 TOTAL=1
[2024-07-14T04:46:30.048+0000] {subprocess.py:98} INFO - Command exited with return code 0
[2024-07-14T04:46:30.051+0000] {local.py:254} INFO - [0m04:46:27  Done. PASS=1 WARN=0 ERROR=0 SKIP=0 TOTAL=1
[2024-07-14T04:46:31.514+0000] {local.py:196} WARNING - Artifact schema version: https://schemas.getdbt.com/dbt/manifest/v12.json is above dbt-ol supported version 7. This might cause errors.
[2024-07-14T04:46:31.523+0000] {local.py:196} WARNING - Artifact schema version: https://schemas.getdbt.com/dbt/run-results/v6.json is above dbt-ol supported version 5. This might cause errors.
[2024-07-14T04:46:31.549+0000] {local.py:349} INFO - Inlets: [Dataset(uri='snowflake://OU00370.europe-west2.gcp/ELT_BATCH.dwh.dim_categories', extra=None), Dataset(uri='snowflake://OU00370.europe-west2.gcp/ELT_BATCH.dwh.dim_products', extra=None), Dataset(uri='snowflake://OU00370.europe-west2.gcp/ELT_BATCH.dwh.fact_order_details', extra=None), Dataset(uri='snowflake://OU00370.europe-west2.gcp/ELT_BATCH.dwh.fact_orders', extra=None)]
[2024-07-14T04:46:31.556+0000] {local.py:350} INFO - Outlets: [Dataset(uri='snowflake://OU00370.europe-west2.gcp/ELT_BATCH.dm.popular_product_categories', extra=None)]
[2024-07-14T04:46:31.565+0000] {dag.py:3096} INFO - Sync 1 DAGs
[2024-07-14T04:46:32.001+0000] {dag.py:3954} INFO - Setting next_dagrun for ELT-PROJECT to 2024-07-14 00:00:00+00:00, run_after=2024-07-15 00:00:00+00:00
[2024-07-14T04:46:32.369+0000] {taskinstance.py:441} INFO - ::group::Post task execution logs
[2024-07-14T04:46:32.674+0000] {taskinstance.py:1206} INFO - Marking task as SUCCESS. dag_id=ELT-PROJECT, task_id=transform.popular_product_categories_run, run_id=scheduled__2024-07-05T00:00:00+00:00, execution_date=20240705T000000, start_date=20240714T044520, end_date=20240714T044632
[2024-07-14T04:46:32.923+0000] {local_task_job_runner.py:240} INFO - Task exited with return code 0
[2024-07-14T04:46:33.060+0000] {taskinstance.py:3503} INFO - 0 downstream tasks scheduled from follow-on schedule check
[2024-07-14T04:46:33.100+0000] {local_task_job_runner.py:222} INFO - ::endgroup::
