[2024-07-14T04:01:31.956+0000] {local_task_job_runner.py:120} INFO - ::group::Pre task execution logs
[2024-07-14T04:01:32.057+0000] {taskinstance.py:2076} INFO - Dependencies all met for dep_context=non-requeueable deps ti=<TaskInstance: ELT-PROJECT.load.load_employees scheduled__2024-07-04T00:00:00+00:00 [queued]>
[2024-07-14T04:01:32.104+0000] {taskinstance.py:2076} INFO - Dependencies all met for dep_context=requeueable deps ti=<TaskInstance: ELT-PROJECT.load.load_employees scheduled__2024-07-04T00:00:00+00:00 [queued]>
[2024-07-14T04:01:32.105+0000] {taskinstance.py:2306} INFO - Starting attempt 1 of 2
[2024-07-14T04:01:32.158+0000] {taskinstance.py:2330} INFO - Executing <Task(_PythonDecoratedOperator): load.load_employees> on 2024-07-04 00:00:00+00:00
[2024-07-14T04:01:32.177+0000] {logging_mixin.py:188} WARNING - /home/airflow/.local/lib/python3.12/site-packages/airflow/task/task_runner/standard_task_runner.py:61 DeprecationWarning: This process (pid=11114) is multi-threaded, use of fork() may lead to deadlocks in the child.
[2024-07-14T04:01:32.180+0000] {standard_task_runner.py:63} INFO - Started process 11146 to run task
[2024-07-14T04:01:32.180+0000] {standard_task_runner.py:90} INFO - Running: ['airflow', 'tasks', 'run', 'ELT-PROJECT', 'load.load_employees', 'scheduled__2024-07-04T00:00:00+00:00', '--job-id', '931', '--raw', '--subdir', 'DAGS_FOLDER/elt.py', '--cfg-path', '/tmp/tmpdfqrjdge']
[2024-07-14T04:01:32.185+0000] {standard_task_runner.py:91} INFO - Job 931: Subtask load.load_employees
[2024-07-14T04:01:32.243+0000] {logging_mixin.py:188} WARNING - /home/airflow/.local/lib/python3.12/site-packages/airflow/settings.py:195 DeprecationWarning: The sql_alchemy_conn option in [core] has been moved to the sql_alchemy_conn option in [database] - the old setting has been used, but please update your config.
[2024-07-14T04:01:32.357+0000] {task_command.py:426} INFO - Running <TaskInstance: ELT-PROJECT.load.load_employees scheduled__2024-07-04T00:00:00+00:00 [running]> on host airflow-scheduler
[2024-07-14T04:01:33.399+0000] {taskinstance.py:2648} INFO - Exporting env vars: AIRFLOW_CTX_DAG_OWNER='Data-Ninja' AIRFLOW_CTX_DAG_ID='ELT-PROJECT' AIRFLOW_CTX_TASK_ID='load.load_employees' AIRFLOW_CTX_EXECUTION_DATE='2024-07-04T00:00:00+00:00' AIRFLOW_CTX_TRY_NUMBER='1' AIRFLOW_CTX_DAG_RUN_ID='scheduled__2024-07-04T00:00:00+00:00'
[2024-07-14T04:01:33.402+0000] {taskinstance.py:430} INFO - ::endgroup::
[2024-07-14T04:01:33.405+0000] {connection.py:399} INFO - Snowflake Connector for Python Version: 3.10.1, Python Version: 3.12.4, Platform: Linux-5.15.133.1-microsoft-standard-WSL2-x86_64-with-glibc2.36
[2024-07-14T04:01:33.406+0000] {connection.py:1249} INFO - THIS CONNECTION IS IN INSECURE MODE. IT MEANS THE CERTIFICATE WILL BE VALIDATED BUT THE CERTIFICATE REVOCATION STATUS WILL NOT BE CHECKED.
[2024-07-14T04:01:33.763+0000] {ssl_wrap_socket.py:100} INFO - THIS CONNECTION IS IN INSECURE MODE. IT MEANS THE CERTIFICATE WILL BE VALIDATED BUT THE CERTIFICATE REVOCATION STATUS WILL NOT BE CHECKED.
[2024-07-14T04:01:34.152+0000] {logging_mixin.py:188} INFO - Nama kolom di DataFrame: Index(['employeeID', 'lastName', 'firstName', 'title', 'titleOfCourtesy',
       'birthDate', 'hireDate', 'address', 'city', 'region', 'postalCode',
       'country', 'homePhone', 'extension', 'photo', 'notes', 'reportsTo',
       'photoPath'],
      dtype='object')
[2024-07-14T04:01:34.584+0000] {cursor.py:1149} INFO - Number of results in first chunk: 1
[2024-07-14T04:01:35.628+0000] {ssl_wrap_socket.py:100} INFO - THIS CONNECTION IS IN INSECURE MODE. IT MEANS THE CERTIFICATE WILL BE VALIDATED BUT THE CERTIFICATE REVOCATION STATUS WILL NOT BE CHECKED.
[2024-07-14T04:01:38.529+0000] {cursor.py:1149} INFO - Number of results in first chunk: 1
[2024-07-14T04:01:39.149+0000] {cursor.py:1149} INFO - Number of results in first chunk: 18
[2024-07-14T04:01:39.741+0000] {cursor.py:1149} INFO - Number of results in first chunk: 1
[2024-07-14T04:01:40.325+0000] {cursor.py:1149} INFO - Number of results in first chunk: 1
[2024-07-14T04:01:41.682+0000] {cursor.py:1149} INFO - Number of results in first chunk: 1
[2024-07-14T04:01:41.696+0000] {logging_mixin.py:188} INFO - Done employees.
[2024-07-14T04:01:41.697+0000] {connection.py:762} INFO - closed
[2024-07-14T04:01:42.047+0000] {connection.py:768} INFO - No async queries seem to be running, deleting session
[2024-07-14T04:01:42.429+0000] {python.py:237} INFO - Done. Returned value was: None
[2024-07-14T04:01:42.432+0000] {taskinstance.py:441} INFO - ::group::Post task execution logs
[2024-07-14T04:01:42.480+0000] {taskinstance.py:1206} INFO - Marking task as SUCCESS. dag_id=ELT-PROJECT, task_id=load.load_employees, run_id=scheduled__2024-07-04T00:00:00+00:00, execution_date=20240704T000000, start_date=20240714T040132, end_date=20240714T040142
[2024-07-14T04:01:42.577+0000] {local_task_job_runner.py:240} INFO - Task exited with return code 0
[2024-07-14T04:01:42.625+0000] {local_task_job_runner.py:222} INFO - ::endgroup::
