[2024-07-13T15:50:07.260+0000] {local_task_job_runner.py:120} INFO - ::group::Pre task execution logs
[2024-07-13T15:50:07.295+0000] {taskinstance.py:2076} INFO - Dependencies all met for dep_context=non-requeueable deps ti=<TaskInstance: ELT-PROJECT.transform.dim_employees.run manual__2024-07-13T15:47:53.906361+00:00 [queued]>
[2024-07-13T15:50:07.315+0000] {taskinstance.py:2076} INFO - Dependencies all met for dep_context=requeueable deps ti=<TaskInstance: ELT-PROJECT.transform.dim_employees.run manual__2024-07-13T15:47:53.906361+00:00 [queued]>
[2024-07-13T15:50:07.316+0000] {taskinstance.py:2306} INFO - Starting attempt 1 of 2
[2024-07-13T15:50:07.346+0000] {taskinstance.py:2330} INFO - Executing <Task(DbtRunLocalOperator): transform.dim_employees.run> on 2024-07-13 15:47:53.906361+00:00
[2024-07-13T15:50:07.361+0000] {logging_mixin.py:188} WARNING - /home/airflow/.local/lib/python3.12/site-packages/airflow/task/task_runner/standard_task_runner.py:61 DeprecationWarning: This process (pid=3269) is multi-threaded, use of fork() may lead to deadlocks in the child.
[2024-07-13T15:50:07.363+0000] {standard_task_runner.py:63} INFO - Started process 3273 to run task
[2024-07-13T15:50:07.361+0000] {standard_task_runner.py:90} INFO - Running: ['airflow', 'tasks', 'run', 'ELT-PROJECT', 'transform.dim_employees.run', 'manual__2024-07-13T15:47:53.906361+00:00', '--job-id', '494', '--raw', '--subdir', 'DAGS_FOLDER/elt.py', '--cfg-path', '/tmp/tmpceftde4l']
[2024-07-13T15:50:07.365+0000] {standard_task_runner.py:91} INFO - Job 494: Subtask transform.dim_employees.run
[2024-07-13T15:50:07.399+0000] {logging_mixin.py:188} WARNING - /home/airflow/.local/lib/python3.12/site-packages/airflow/settings.py:195 DeprecationWarning: The sql_alchemy_conn option in [core] has been moved to the sql_alchemy_conn option in [database] - the old setting has been used, but please update your config.
[2024-07-13T15:50:07.475+0000] {task_command.py:426} INFO - Running <TaskInstance: ELT-PROJECT.transform.dim_employees.run manual__2024-07-13T15:47:53.906361+00:00 [running]> on host airflow-scheduler
[2024-07-13T15:50:07.800+0000] {taskinstance.py:2648} INFO - Exporting env vars: AIRFLOW_CTX_DAG_OWNER='Data-Ninja' AIRFLOW_CTX_DAG_ID='ELT-PROJECT' AIRFLOW_CTX_TASK_ID='transform.dim_employees.run' AIRFLOW_CTX_EXECUTION_DATE='2024-07-13T15:47:53.906361+00:00' AIRFLOW_CTX_TRY_NUMBER='1' AIRFLOW_CTX_DAG_RUN_ID='manual__2024-07-13T15:47:53.906361+00:00'
[2024-07-13T15:50:07.820+0000] {taskinstance.py:430} INFO - ::endgroup::
[2024-07-13T15:50:07.824+0000] {local.py:174} INFO - Could not import dbtRunner. Falling back to subprocess for invoking dbt.
[2024-07-13T15:50:07.828+0000] {local.py:292} INFO - Cloning project to writable temp directory /tmp/tmps20_qrmi from /opt/airflow/dags/dbt/dbt_project
[2024-07-13T15:50:07.848+0000] {local.py:303} INFO - Partial parse is enabled and the latest partial parse file is /tmp/cosmos/ELT-PROJECT__transform/target/partial_parse.msgpack
[2024-07-13T15:50:07.907+0000] {base.py:84} INFO - Using connection ID 'snow_conn' for task execution.
[2024-07-13T15:50:07.909+0000] {crypto.py:82} WARNING - empty cryptography key - values will not be stored encrypted.
[2024-07-13T15:50:07.910+0000] {config.py:298} INFO - Profile caching is enable.
[2024-07-13T15:50:07.913+0000] {config.py:272} INFO - Profile found in cache using profile: /tmp/cosmos/profile/a0017dab0633177292578162811b91dcb9c56d6e54017e9660056cc364a762ad/profiles.yml.
[2024-07-13T15:50:07.914+0000] {local.py:247} INFO - Trying to run the command:
 ['/opt/airflow/dbt_venv/bin/dbt', 'deps', '--project-dir', '/tmp/tmps20_qrmi', '--profiles-dir', '/tmp/cosmos/profile/a0017dab0633177292578162811b91dcb9c56d6e54017e9660056cc364a762ad', '--profile', 'dbt_project', '--target', 'dev']
From /tmp/tmps20_qrmi
[2024-07-13T15:50:07.915+0000] {subprocess.py:60} INFO - Tmp dir root location: 
 /tmp
[2024-07-13T15:50:07.916+0000] {subprocess.py:73} INFO - Running command: ['/opt/airflow/dbt_venv/bin/dbt', 'deps', '--project-dir', '/tmp/tmps20_qrmi', '--profiles-dir', '/tmp/cosmos/profile/a0017dab0633177292578162811b91dcb9c56d6e54017e9660056cc364a762ad', '--profile', 'dbt_project', '--target', 'dev']
[2024-07-13T15:50:07.931+0000] {subprocess.py:84} INFO - Command output:
[2024-07-13T15:50:12.086+0000] {subprocess.py:94} INFO - [0m15:50:12  Running with dbt=1.8.3
[2024-07-13T15:50:12.606+0000] {subprocess.py:94} INFO - [0m15:50:12  Updating lock file in file path: /tmp/tmps20_qrmi/package-lock.yml
[2024-07-13T15:50:12.625+0000] {subprocess.py:94} INFO - [0m15:50:12  Installing dbt-labs/dbt_utils
[2024-07-13T15:50:13.199+0000] {subprocess.py:94} INFO - [0m15:50:13  Installed from version 0.8.6
[2024-07-13T15:50:13.201+0000] {subprocess.py:94} INFO - [0m15:50:13  Updated version available: 1.2.0
[2024-07-13T15:50:13.207+0000] {subprocess.py:94} INFO - [0m15:50:13
[2024-07-13T15:50:13.209+0000] {subprocess.py:94} INFO - [0m15:50:13  Updates available for packages: ['dbt-labs/dbt_utils']
[2024-07-13T15:50:13.212+0000] {subprocess.py:94} INFO - Update your versions in packages.yml, then run dbt deps
[2024-07-13T15:50:14.774+0000] {subprocess.py:98} INFO - Command exited with return code 0
[2024-07-13T15:50:14.777+0000] {local.py:254} INFO - Update your versions in packages.yml, then run dbt deps
[2024-07-13T15:50:14.780+0000] {local.py:247} INFO - Trying to run the command:
 ['/opt/airflow/dbt_venv/bin/dbt', 'run', '--models', 'dim_employees', '--project-dir', '/tmp/tmps20_qrmi', '--profiles-dir', '/tmp/cosmos/profile/a0017dab0633177292578162811b91dcb9c56d6e54017e9660056cc364a762ad', '--profile', 'dbt_project', '--target', 'dev']
From /tmp/tmps20_qrmi
[2024-07-13T15:50:14.782+0000] {subprocess.py:60} INFO - Tmp dir root location: 
 /tmp
[2024-07-13T15:50:14.784+0000] {subprocess.py:73} INFO - Running command: ['/opt/airflow/dbt_venv/bin/dbt', 'run', '--models', 'dim_employees', '--project-dir', '/tmp/tmps20_qrmi', '--profiles-dir', '/tmp/cosmos/profile/a0017dab0633177292578162811b91dcb9c56d6e54017e9660056cc364a762ad', '--profile', 'dbt_project', '--target', 'dev']
[2024-07-13T15:50:14.809+0000] {subprocess.py:84} INFO - Command output:
[2024-07-13T15:50:18.409+0000] {subprocess.py:94} INFO - [0m15:50:18  Running with dbt=1.8.3
[2024-07-13T15:50:19.023+0000] {subprocess.py:94} INFO - [0m15:50:19  Registered adapter: snowflake=1.8.3
[2024-07-13T15:50:20.539+0000] {subprocess.py:94} INFO - [0m15:50:20  Found 20 models, 27 data tests, 11 sources, 684 macros
[2024-07-13T15:50:20.543+0000] {subprocess.py:94} INFO - [0m15:50:20
[2024-07-13T15:50:27.104+0000] {subprocess.py:94} INFO - [0m15:50:27  Concurrency: 1 threads (target='dev')
[2024-07-13T15:50:27.105+0000] {subprocess.py:94} INFO - [0m15:50:27
[2024-07-13T15:50:27.124+0000] {subprocess.py:94} INFO - [0m15:50:27  1 of 1 START sql table model dwh.dim_employees ................................. [RUN]
[2024-07-13T15:50:29.644+0000] {subprocess.py:94} INFO - [0m15:50:29  1 of 1 OK created sql table model dwh.dim_employees ............................ [[32mSUCCESS 1[0m in 2.51s]
[2024-07-13T15:50:29.650+0000] {subprocess.py:94} INFO - [0m15:50:29
[2024-07-13T15:50:29.651+0000] {subprocess.py:94} INFO - [0m15:50:29  Finished running 1 table model in 0 hours 0 minutes and 9.11 seconds (9.11s).
[2024-07-13T15:50:29.819+0000] {subprocess.py:94} INFO - [0m15:50:29
[2024-07-13T15:50:29.821+0000] {subprocess.py:94} INFO - [0m15:50:29  [32mCompleted successfully[0m
[2024-07-13T15:50:29.823+0000] {subprocess.py:94} INFO - [0m15:50:29
[2024-07-13T15:50:29.824+0000] {subprocess.py:94} INFO - [0m15:50:29  Done. PASS=1 WARN=0 ERROR=0 SKIP=0 TOTAL=1
[2024-07-13T15:50:31.396+0000] {subprocess.py:98} INFO - Command exited with return code 0
[2024-07-13T15:50:31.398+0000] {local.py:254} INFO - [0m15:50:29  Done. PASS=1 WARN=0 ERROR=0 SKIP=0 TOTAL=1
[2024-07-13T15:50:31.669+0000] {local.py:196} WARNING - Artifact schema version: https://schemas.getdbt.com/dbt/manifest/v12.json is above dbt-ol supported version 7. This might cause errors.
[2024-07-13T15:50:31.670+0000] {local.py:196} WARNING - Artifact schema version: https://schemas.getdbt.com/dbt/run-results/v6.json is above dbt-ol supported version 5. This might cause errors.
[2024-07-13T15:50:31.678+0000] {local.py:349} INFO - Inlets: [Dataset(uri='snowflake://OU00370.europe-west2.gcp/ELT_BATCH.raw.raw_employees', extra=None)]
[2024-07-13T15:50:31.679+0000] {local.py:350} INFO - Outlets: [Dataset(uri='snowflake://OU00370.europe-west2.gcp/ELT_BATCH.dwh.dim_employees', extra=None)]
[2024-07-13T15:50:31.681+0000] {dag.py:3096} INFO - Sync 1 DAGs
[2024-07-13T15:50:31.709+0000] {dag.py:3954} INFO - Setting next_dagrun for ELT-PROJECT to None, run_after=None
[2024-07-13T15:50:31.777+0000] {taskinstance.py:441} INFO - ::group::Post task execution logs
[2024-07-13T15:50:31.841+0000] {taskinstance.py:1206} INFO - Marking task as SUCCESS. dag_id=ELT-PROJECT, task_id=transform.dim_employees.run, run_id=manual__2024-07-13T15:47:53.906361+00:00, execution_date=20240713T154753, start_date=20240713T155007, end_date=20240713T155031
[2024-07-13T15:50:31.917+0000] {local_task_job_runner.py:240} INFO - Task exited with return code 0
[2024-07-13T15:50:31.936+0000] {local_task_job_runner.py:222} INFO - ::endgroup::
