[2024-07-14T04:24:41.784+0000] {local_task_job_runner.py:120} INFO - ::group::Pre task execution logs
[2024-07-14T04:24:41.896+0000] {taskinstance.py:2076} INFO - Dependencies all met for dep_context=non-requeueable deps ti=<TaskInstance: ELT-PROJECT.transform.fact_orders.run scheduled__2024-07-07T00:00:00+00:00 [queued]>
[2024-07-14T04:24:41.948+0000] {taskinstance.py:2076} INFO - Dependencies all met for dep_context=requeueable deps ti=<TaskInstance: ELT-PROJECT.transform.fact_orders.run scheduled__2024-07-07T00:00:00+00:00 [queued]>
[2024-07-14T04:24:41.954+0000] {taskinstance.py:2306} INFO - Starting attempt 1 of 2
[2024-07-14T04:24:42.061+0000] {taskinstance.py:2330} INFO - Executing <Task(DbtRunLocalOperator): transform.fact_orders.run> on 2024-07-07 00:00:00+00:00
[2024-07-14T04:24:42.086+0000] {logging_mixin.py:188} WARNING - /home/airflow/.local/lib/python3.12/site-packages/airflow/task/task_runner/standard_task_runner.py:61 DeprecationWarning: This process (pid=16992) is multi-threaded, use of fork() may lead to deadlocks in the child.
[2024-07-14T04:24:42.089+0000] {standard_task_runner.py:63} INFO - Started process 17016 to run task
[2024-07-14T04:24:42.144+0000] {standard_task_runner.py:90} INFO - Running: ['airflow', 'tasks', 'run', 'ELT-PROJECT', 'transform.fact_orders.run', 'scheduled__2024-07-07T00:00:00+00:00', '--job-id', '1326', '--raw', '--subdir', 'DAGS_FOLDER/elt.py', '--cfg-path', '/tmp/tmpy5npbro0']
[2024-07-14T04:24:42.176+0000] {standard_task_runner.py:91} INFO - Job 1326: Subtask transform.fact_orders.run
[2024-07-14T04:24:42.299+0000] {logging_mixin.py:188} WARNING - /home/airflow/.local/lib/python3.12/site-packages/airflow/settings.py:195 DeprecationWarning: The sql_alchemy_conn option in [core] has been moved to the sql_alchemy_conn option in [database] - the old setting has been used, but please update your config.
[2024-07-14T04:24:42.522+0000] {task_command.py:426} INFO - Running <TaskInstance: ELT-PROJECT.transform.fact_orders.run scheduled__2024-07-07T00:00:00+00:00 [running]> on host airflow-scheduler
[2024-07-14T04:24:43.132+0000] {taskinstance.py:2648} INFO - Exporting env vars: AIRFLOW_CTX_DAG_OWNER='Data-Ninja' AIRFLOW_CTX_DAG_ID='ELT-PROJECT' AIRFLOW_CTX_TASK_ID='transform.fact_orders.run' AIRFLOW_CTX_EXECUTION_DATE='2024-07-07T00:00:00+00:00' AIRFLOW_CTX_TRY_NUMBER='1' AIRFLOW_CTX_DAG_RUN_ID='scheduled__2024-07-07T00:00:00+00:00'
[2024-07-14T04:24:43.149+0000] {taskinstance.py:430} INFO - ::endgroup::
[2024-07-14T04:24:43.154+0000] {local.py:174} INFO - Could not import dbtRunner. Falling back to subprocess for invoking dbt.
[2024-07-14T04:24:43.158+0000] {local.py:292} INFO - Cloning project to writable temp directory /tmp/tmpw7h8w5cg from /opt/airflow/dags/dbt/dbt_project
[2024-07-14T04:24:43.200+0000] {local.py:303} INFO - Partial parse is enabled and the latest partial parse file is /tmp/cosmos/ELT-PROJECT__transform/target/partial_parse.msgpack
[2024-07-14T04:24:43.336+0000] {base.py:84} INFO - Using connection ID 'snow_conn' for task execution.
[2024-07-14T04:24:43.347+0000] {crypto.py:82} WARNING - empty cryptography key - values will not be stored encrypted.
[2024-07-14T04:24:43.349+0000] {config.py:298} INFO - Profile caching is enable.
[2024-07-14T04:24:43.355+0000] {config.py:272} INFO - Profile found in cache using profile: /tmp/cosmos/profile/a0017dab0633177292578162811b91dcb9c56d6e54017e9660056cc364a762ad/profiles.yml.
[2024-07-14T04:24:43.368+0000] {local.py:247} INFO - Trying to run the command:
 ['/opt/airflow/dbt_venv/bin/dbt', 'deps', '--project-dir', '/tmp/tmpw7h8w5cg', '--profiles-dir', '/tmp/cosmos/profile/a0017dab0633177292578162811b91dcb9c56d6e54017e9660056cc364a762ad', '--profile', 'dbt_project', '--target', 'dev']
From /tmp/tmpw7h8w5cg
[2024-07-14T04:24:43.380+0000] {subprocess.py:60} INFO - Tmp dir root location: 
 /tmp
[2024-07-14T04:24:43.383+0000] {subprocess.py:73} INFO - Running command: ['/opt/airflow/dbt_venv/bin/dbt', 'deps', '--project-dir', '/tmp/tmpw7h8w5cg', '--profiles-dir', '/tmp/cosmos/profile/a0017dab0633177292578162811b91dcb9c56d6e54017e9660056cc364a762ad', '--profile', 'dbt_project', '--target', 'dev']
[2024-07-14T04:24:43.449+0000] {subprocess.py:84} INFO - Command output:
[2024-07-14T04:25:01.574+0000] {subprocess.py:94} INFO - [0m04:25:01  Running with dbt=1.8.3
[2024-07-14T04:25:02.813+0000] {subprocess.py:94} INFO - [0m04:25:02  Updating lock file in file path: /tmp/tmpw7h8w5cg/package-lock.yml
[2024-07-14T04:25:02.837+0000] {subprocess.py:94} INFO - [0m04:25:02  Installing dbt-labs/dbt_utils
[2024-07-14T04:25:03.680+0000] {subprocess.py:94} INFO - [0m04:25:03  Installed from version 0.8.6
[2024-07-14T04:25:03.686+0000] {subprocess.py:94} INFO - [0m04:25:03  Updated version available: 1.2.0
[2024-07-14T04:25:03.693+0000] {subprocess.py:94} INFO - [0m04:25:03
[2024-07-14T04:25:03.699+0000] {subprocess.py:94} INFO - [0m04:25:03  Updates available for packages: ['dbt-labs/dbt_utils']
[2024-07-14T04:25:03.702+0000] {subprocess.py:94} INFO - Update your versions in packages.yml, then run dbt deps
[2024-07-14T04:25:06.141+0000] {subprocess.py:98} INFO - Command exited with return code 0
[2024-07-14T04:25:06.143+0000] {local.py:254} INFO - Update your versions in packages.yml, then run dbt deps
[2024-07-14T04:25:06.146+0000] {local.py:247} INFO - Trying to run the command:
 ['/opt/airflow/dbt_venv/bin/dbt', 'run', '--models', 'fact_orders', '--project-dir', '/tmp/tmpw7h8w5cg', '--profiles-dir', '/tmp/cosmos/profile/a0017dab0633177292578162811b91dcb9c56d6e54017e9660056cc364a762ad', '--profile', 'dbt_project', '--target', 'dev']
From /tmp/tmpw7h8w5cg
[2024-07-14T04:25:06.152+0000] {subprocess.py:60} INFO - Tmp dir root location: 
 /tmp
[2024-07-14T04:25:06.154+0000] {subprocess.py:73} INFO - Running command: ['/opt/airflow/dbt_venv/bin/dbt', 'run', '--models', 'fact_orders', '--project-dir', '/tmp/tmpw7h8w5cg', '--profiles-dir', '/tmp/cosmos/profile/a0017dab0633177292578162811b91dcb9c56d6e54017e9660056cc364a762ad', '--profile', 'dbt_project', '--target', 'dev']
[2024-07-14T04:25:06.249+0000] {subprocess.py:84} INFO - Command output:
[2024-07-14T04:25:20.308+0000] {subprocess.py:94} INFO - [0m04:25:20  Running with dbt=1.8.3
[2024-07-14T04:25:24.162+0000] {subprocess.py:94} INFO - [0m04:25:24  Registered adapter: snowflake=1.8.3
[2024-07-14T04:25:29.686+0000] {subprocess.py:94} INFO - [0m04:25:29  Found 20 models, 27 data tests, 11 sources, 684 macros
[2024-07-14T04:25:29.705+0000] {subprocess.py:94} INFO - [0m04:25:29
[2024-07-14T04:25:37.904+0000] {subprocess.py:94} INFO - [0m04:25:37  Concurrency: 1 threads (target='dev')
[2024-07-14T04:25:37.908+0000] {subprocess.py:94} INFO - [0m04:25:37
[2024-07-14T04:25:38.029+0000] {subprocess.py:94} INFO - [0m04:25:38  1 of 1 START sql table model dwh.fact_orders ................................... [RUN]
[2024-07-14T04:25:40.755+0000] {subprocess.py:94} INFO - [0m04:25:40  1 of 1 OK created sql table model dwh.fact_orders .............................. [[32mSUCCESS 1[0m in 2.70s]
[2024-07-14T04:25:40.780+0000] {subprocess.py:94} INFO - [0m04:25:40
[2024-07-14T04:25:40.783+0000] {subprocess.py:94} INFO - [0m04:25:40  Finished running 1 table model in 0 hours 0 minutes and 11.07 seconds (11.07s).
[2024-07-14T04:25:41.660+0000] {subprocess.py:94} INFO - [0m04:25:41
[2024-07-14T04:25:41.665+0000] {subprocess.py:94} INFO - [0m04:25:41  [32mCompleted successfully[0m
[2024-07-14T04:25:41.668+0000] {subprocess.py:94} INFO - [0m04:25:41
[2024-07-14T04:25:41.698+0000] {subprocess.py:94} INFO - [0m04:25:41  Done. PASS=1 WARN=0 ERROR=0 SKIP=0 TOTAL=1
[2024-07-14T04:25:44.904+0000] {subprocess.py:98} INFO - Command exited with return code 0
[2024-07-14T04:25:44.907+0000] {local.py:254} INFO - [0m04:25:41  Done. PASS=1 WARN=0 ERROR=0 SKIP=0 TOTAL=1
[2024-07-14T04:25:46.303+0000] {local.py:196} WARNING - Artifact schema version: https://schemas.getdbt.com/dbt/manifest/v12.json is above dbt-ol supported version 7. This might cause errors.
[2024-07-14T04:25:46.339+0000] {local.py:196} WARNING - Artifact schema version: https://schemas.getdbt.com/dbt/run-results/v6.json is above dbt-ol supported version 5. This might cause errors.
[2024-07-14T04:25:46.376+0000] {local.py:349} INFO - Inlets: [Dataset(uri='snowflake://OU00370.europe-west2.gcp/ELT_BATCH.dwh.dim_employees', extra=None), Dataset(uri='snowflake://OU00370.europe-west2.gcp/ELT_BATCH.raw.raw_orders', extra=None)]
[2024-07-14T04:25:46.380+0000] {local.py:350} INFO - Outlets: [Dataset(uri='snowflake://OU00370.europe-west2.gcp/ELT_BATCH.dwh.fact_orders', extra=None)]
[2024-07-14T04:25:46.395+0000] {dag.py:3096} INFO - Sync 1 DAGs
[2024-07-14T04:25:46.708+0000] {taskinstance.py:441} INFO - ::group::Post task execution logs
[2024-07-14T04:25:46.935+0000] {taskinstance.py:1206} INFO - Marking task as SUCCESS. dag_id=ELT-PROJECT, task_id=transform.fact_orders.run, run_id=scheduled__2024-07-07T00:00:00+00:00, execution_date=20240707T000000, start_date=20240714T042441, end_date=20240714T042546
[2024-07-14T04:25:47.089+0000] {local_task_job_runner.py:240} INFO - Task exited with return code 0
[2024-07-14T04:25:47.355+0000] {taskinstance.py:3503} INFO - 1 downstream tasks scheduled from follow-on schedule check
[2024-07-14T04:25:47.366+0000] {local_task_job_runner.py:222} INFO - ::endgroup::
