[2024-07-14T04:24:40.402+0000] {local_task_job_runner.py:120} INFO - ::group::Pre task execution logs
[2024-07-14T04:24:40.642+0000] {taskinstance.py:2076} INFO - Dependencies all met for dep_context=non-requeueable deps ti=<TaskInstance: ELT-PROJECT.transform.fact_orders.run scheduled__2024-07-06T00:00:00+00:00 [queued]>
[2024-07-14T04:24:40.743+0000] {taskinstance.py:2076} INFO - Dependencies all met for dep_context=requeueable deps ti=<TaskInstance: ELT-PROJECT.transform.fact_orders.run scheduled__2024-07-06T00:00:00+00:00 [queued]>
[2024-07-14T04:24:40.745+0000] {taskinstance.py:2306} INFO - Starting attempt 1 of 2
[2024-07-14T04:24:40.803+0000] {taskinstance.py:2330} INFO - Executing <Task(DbtRunLocalOperator): transform.fact_orders.run> on 2024-07-06 00:00:00+00:00
[2024-07-14T04:24:40.861+0000] {logging_mixin.py:188} WARNING - /home/airflow/.local/lib/python3.12/site-packages/airflow/task/task_runner/standard_task_runner.py:61 DeprecationWarning: This process (pid=16979) is multi-threaded, use of fork() may lead to deadlocks in the child.
[2024-07-14T04:24:40.866+0000] {standard_task_runner.py:63} INFO - Started process 17011 to run task
[2024-07-14T04:24:40.867+0000] {standard_task_runner.py:90} INFO - Running: ['airflow', 'tasks', 'run', 'ELT-PROJECT', 'transform.fact_orders.run', 'scheduled__2024-07-06T00:00:00+00:00', '--job-id', '1325', '--raw', '--subdir', 'DAGS_FOLDER/elt.py', '--cfg-path', '/tmp/tmphffkti1v']
[2024-07-14T04:24:40.888+0000] {standard_task_runner.py:91} INFO - Job 1325: Subtask transform.fact_orders.run
[2024-07-14T04:24:40.981+0000] {logging_mixin.py:188} WARNING - /home/airflow/.local/lib/python3.12/site-packages/airflow/settings.py:195 DeprecationWarning: The sql_alchemy_conn option in [core] has been moved to the sql_alchemy_conn option in [database] - the old setting has been used, but please update your config.
[2024-07-14T04:24:41.216+0000] {task_command.py:426} INFO - Running <TaskInstance: ELT-PROJECT.transform.fact_orders.run scheduled__2024-07-06T00:00:00+00:00 [running]> on host airflow-scheduler
[2024-07-14T04:24:41.784+0000] {taskinstance.py:2648} INFO - Exporting env vars: AIRFLOW_CTX_DAG_OWNER='Data-Ninja' AIRFLOW_CTX_DAG_ID='ELT-PROJECT' AIRFLOW_CTX_TASK_ID='transform.fact_orders.run' AIRFLOW_CTX_EXECUTION_DATE='2024-07-06T00:00:00+00:00' AIRFLOW_CTX_TRY_NUMBER='1' AIRFLOW_CTX_DAG_RUN_ID='scheduled__2024-07-06T00:00:00+00:00'
[2024-07-14T04:24:41.788+0000] {taskinstance.py:430} INFO - ::endgroup::
[2024-07-14T04:24:41.793+0000] {local.py:174} INFO - Could not import dbtRunner. Falling back to subprocess for invoking dbt.
[2024-07-14T04:24:41.804+0000] {local.py:292} INFO - Cloning project to writable temp directory /tmp/tmpbr8m2f91 from /opt/airflow/dags/dbt/dbt_project
[2024-07-14T04:24:41.825+0000] {local.py:303} INFO - Partial parse is enabled and the latest partial parse file is /tmp/cosmos/ELT-PROJECT__transform/target/partial_parse.msgpack
[2024-07-14T04:24:41.957+0000] {base.py:84} INFO - Using connection ID 'snow_conn' for task execution.
[2024-07-14T04:24:41.969+0000] {crypto.py:82} WARNING - empty cryptography key - values will not be stored encrypted.
[2024-07-14T04:24:41.970+0000] {config.py:298} INFO - Profile caching is enable.
[2024-07-14T04:24:41.978+0000] {config.py:272} INFO - Profile found in cache using profile: /tmp/cosmos/profile/a0017dab0633177292578162811b91dcb9c56d6e54017e9660056cc364a762ad/profiles.yml.
[2024-07-14T04:24:41.980+0000] {local.py:247} INFO - Trying to run the command:
 ['/opt/airflow/dbt_venv/bin/dbt', 'deps', '--project-dir', '/tmp/tmpbr8m2f91', '--profiles-dir', '/tmp/cosmos/profile/a0017dab0633177292578162811b91dcb9c56d6e54017e9660056cc364a762ad', '--profile', 'dbt_project', '--target', 'dev']
From /tmp/tmpbr8m2f91
[2024-07-14T04:24:41.988+0000] {subprocess.py:60} INFO - Tmp dir root location: 
 /tmp
[2024-07-14T04:24:41.990+0000] {subprocess.py:73} INFO - Running command: ['/opt/airflow/dbt_venv/bin/dbt', 'deps', '--project-dir', '/tmp/tmpbr8m2f91', '--profiles-dir', '/tmp/cosmos/profile/a0017dab0633177292578162811b91dcb9c56d6e54017e9660056cc364a762ad', '--profile', 'dbt_project', '--target', 'dev']
[2024-07-14T04:24:42.088+0000] {subprocess.py:84} INFO - Command output:
[2024-07-14T04:24:55.771+0000] {subprocess.py:94} INFO - [0m04:24:55  Running with dbt=1.8.3
[2024-07-14T04:24:58.889+0000] {subprocess.py:94} INFO - [0m04:24:58  Updating lock file in file path: /tmp/tmpbr8m2f91/package-lock.yml
[2024-07-14T04:24:59.005+0000] {subprocess.py:94} INFO - [0m04:24:59  Installing dbt-labs/dbt_utils
[2024-07-14T04:25:00.032+0000] {subprocess.py:94} INFO - [0m04:25:00  Installed from version 0.8.6
[2024-07-14T04:25:00.039+0000] {subprocess.py:94} INFO - [0m04:25:00  Updated version available: 1.2.0
[2024-07-14T04:25:00.041+0000] {subprocess.py:94} INFO - [0m04:25:00
[2024-07-14T04:25:00.045+0000] {subprocess.py:94} INFO - [0m04:25:00  Updates available for packages: ['dbt-labs/dbt_utils']
[2024-07-14T04:25:00.048+0000] {subprocess.py:94} INFO - Update your versions in packages.yml, then run dbt deps
[2024-07-14T04:25:02.154+0000] {subprocess.py:98} INFO - Command exited with return code 0
[2024-07-14T04:25:02.160+0000] {local.py:254} INFO - Update your versions in packages.yml, then run dbt deps
[2024-07-14T04:25:02.168+0000] {local.py:247} INFO - Trying to run the command:
 ['/opt/airflow/dbt_venv/bin/dbt', 'run', '--models', 'fact_orders', '--project-dir', '/tmp/tmpbr8m2f91', '--profiles-dir', '/tmp/cosmos/profile/a0017dab0633177292578162811b91dcb9c56d6e54017e9660056cc364a762ad', '--profile', 'dbt_project', '--target', 'dev']
From /tmp/tmpbr8m2f91
[2024-07-14T04:25:02.177+0000] {subprocess.py:60} INFO - Tmp dir root location: 
 /tmp
[2024-07-14T04:25:02.190+0000] {subprocess.py:73} INFO - Running command: ['/opt/airflow/dbt_venv/bin/dbt', 'run', '--models', 'fact_orders', '--project-dir', '/tmp/tmpbr8m2f91', '--profiles-dir', '/tmp/cosmos/profile/a0017dab0633177292578162811b91dcb9c56d6e54017e9660056cc364a762ad', '--profile', 'dbt_project', '--target', 'dev']
[2024-07-14T04:25:02.310+0000] {subprocess.py:84} INFO - Command output:
[2024-07-14T04:25:17.521+0000] {subprocess.py:94} INFO - [0m04:25:17  Running with dbt=1.8.3
[2024-07-14T04:25:20.663+0000] {subprocess.py:94} INFO - [0m04:25:20  Registered adapter: snowflake=1.8.3
[2024-07-14T04:25:26.221+0000] {subprocess.py:94} INFO - [0m04:25:26  Found 20 models, 27 data tests, 11 sources, 684 macros
[2024-07-14T04:25:26.258+0000] {subprocess.py:94} INFO - [0m04:25:26
[2024-07-14T04:25:35.786+0000] {subprocess.py:94} INFO - [0m04:25:35  Concurrency: 1 threads (target='dev')
[2024-07-14T04:25:35.789+0000] {subprocess.py:94} INFO - [0m04:25:35
[2024-07-14T04:25:35.890+0000] {subprocess.py:94} INFO - [0m04:25:35  1 of 1 START sql table model dwh.fact_orders ................................... [RUN]
[2024-07-14T04:25:39.184+0000] {subprocess.py:94} INFO - [0m04:25:39  1 of 1 OK created sql table model dwh.fact_orders .............................. [[32mSUCCESS 1[0m in 3.28s]
[2024-07-14T04:25:39.229+0000] {subprocess.py:94} INFO - [0m04:25:39
[2024-07-14T04:25:39.233+0000] {subprocess.py:94} INFO - [0m04:25:39  Finished running 1 table model in 0 hours 0 minutes and 12.95 seconds (12.95s).
[2024-07-14T04:25:40.440+0000] {subprocess.py:94} INFO - [0m04:25:40
[2024-07-14T04:25:40.521+0000] {subprocess.py:94} INFO - [0m04:25:40  [32mCompleted successfully[0m
[2024-07-14T04:25:40.525+0000] {subprocess.py:94} INFO - [0m04:25:40
[2024-07-14T04:25:40.530+0000] {subprocess.py:94} INFO - [0m04:25:40  Done. PASS=1 WARN=0 ERROR=0 SKIP=0 TOTAL=1
[2024-07-14T04:25:43.781+0000] {subprocess.py:98} INFO - Command exited with return code 0
[2024-07-14T04:25:43.785+0000] {local.py:254} INFO - [0m04:25:40  Done. PASS=1 WARN=0 ERROR=0 SKIP=0 TOTAL=1
[2024-07-14T04:25:45.659+0000] {local.py:196} WARNING - Artifact schema version: https://schemas.getdbt.com/dbt/manifest/v12.json is above dbt-ol supported version 7. This might cause errors.
[2024-07-14T04:25:45.661+0000] {local.py:196} WARNING - Artifact schema version: https://schemas.getdbt.com/dbt/run-results/v6.json is above dbt-ol supported version 5. This might cause errors.
[2024-07-14T04:25:45.699+0000] {local.py:349} INFO - Inlets: [Dataset(uri='snowflake://OU00370.europe-west2.gcp/ELT_BATCH.dwh.dim_employees', extra=None), Dataset(uri='snowflake://OU00370.europe-west2.gcp/ELT_BATCH.raw.raw_orders', extra=None)]
[2024-07-14T04:25:45.720+0000] {local.py:350} INFO - Outlets: [Dataset(uri='snowflake://OU00370.europe-west2.gcp/ELT_BATCH.dwh.fact_orders', extra=None)]
[2024-07-14T04:25:45.724+0000] {dag.py:3096} INFO - Sync 1 DAGs
[2024-07-14T04:25:46.204+0000] {taskinstance.py:441} INFO - ::group::Post task execution logs
[2024-07-14T04:25:46.467+0000] {taskinstance.py:1206} INFO - Marking task as SUCCESS. dag_id=ELT-PROJECT, task_id=transform.fact_orders.run, run_id=scheduled__2024-07-06T00:00:00+00:00, execution_date=20240706T000000, start_date=20240714T042440, end_date=20240714T042546
[2024-07-14T04:25:46.644+0000] {local_task_job_runner.py:240} INFO - Task exited with return code 0
[2024-07-14T04:25:46.854+0000] {taskinstance.py:3503} INFO - 1 downstream tasks scheduled from follow-on schedule check
[2024-07-14T04:25:46.871+0000] {local_task_job_runner.py:222} INFO - ::endgroup::
