[2024-07-14T04:25:06.064+0000] {local_task_job_runner.py:120} INFO - ::group::Pre task execution logs
[2024-07-14T04:25:06.179+0000] {taskinstance.py:2076} INFO - Dependencies all met for dep_context=non-requeueable deps ti=<TaskInstance: ELT-PROJECT.transform.fact_orders.run scheduled__2024-07-09T00:00:00+00:00 [queued]>
[2024-07-14T04:25:06.267+0000] {taskinstance.py:2076} INFO - Dependencies all met for dep_context=requeueable deps ti=<TaskInstance: ELT-PROJECT.transform.fact_orders.run scheduled__2024-07-09T00:00:00+00:00 [queued]>
[2024-07-14T04:25:06.272+0000] {taskinstance.py:2306} INFO - Starting attempt 1 of 2
[2024-07-14T04:25:06.362+0000] {taskinstance.py:2330} INFO - Executing <Task(DbtRunLocalOperator): transform.fact_orders.run> on 2024-07-09 00:00:00+00:00
[2024-07-14T04:25:06.396+0000] {logging_mixin.py:188} WARNING - /home/airflow/.local/lib/python3.12/site-packages/airflow/task/task_runner/standard_task_runner.py:61 DeprecationWarning: This process (pid=17060) is multi-threaded, use of fork() may lead to deadlocks in the child.
[2024-07-14T04:25:06.409+0000] {standard_task_runner.py:63} INFO - Started process 17094 to run task
[2024-07-14T04:25:06.398+0000] {standard_task_runner.py:90} INFO - Running: ['airflow', 'tasks', 'run', 'ELT-PROJECT', 'transform.fact_orders.run', 'scheduled__2024-07-09T00:00:00+00:00', '--job-id', '1332', '--raw', '--subdir', 'DAGS_FOLDER/elt.py', '--cfg-path', '/tmp/tmpui3k2jv8']
[2024-07-14T04:25:06.427+0000] {standard_task_runner.py:91} INFO - Job 1332: Subtask transform.fact_orders.run
[2024-07-14T04:25:06.540+0000] {logging_mixin.py:188} WARNING - /home/airflow/.local/lib/python3.12/site-packages/airflow/settings.py:195 DeprecationWarning: The sql_alchemy_conn option in [core] has been moved to the sql_alchemy_conn option in [database] - the old setting has been used, but please update your config.
[2024-07-14T04:25:06.801+0000] {task_command.py:426} INFO - Running <TaskInstance: ELT-PROJECT.transform.fact_orders.run scheduled__2024-07-09T00:00:00+00:00 [running]> on host airflow-scheduler
[2024-07-14T04:25:07.312+0000] {taskinstance.py:2648} INFO - Exporting env vars: AIRFLOW_CTX_DAG_OWNER='Data-Ninja' AIRFLOW_CTX_DAG_ID='ELT-PROJECT' AIRFLOW_CTX_TASK_ID='transform.fact_orders.run' AIRFLOW_CTX_EXECUTION_DATE='2024-07-09T00:00:00+00:00' AIRFLOW_CTX_TRY_NUMBER='1' AIRFLOW_CTX_DAG_RUN_ID='scheduled__2024-07-09T00:00:00+00:00'
[2024-07-14T04:25:07.328+0000] {taskinstance.py:430} INFO - ::endgroup::
[2024-07-14T04:25:07.331+0000] {local.py:174} INFO - Could not import dbtRunner. Falling back to subprocess for invoking dbt.
[2024-07-14T04:25:07.335+0000] {local.py:292} INFO - Cloning project to writable temp directory /tmp/tmp72cre1ul from /opt/airflow/dags/dbt/dbt_project
[2024-07-14T04:25:07.371+0000] {local.py:303} INFO - Partial parse is enabled and the latest partial parse file is /tmp/cosmos/ELT-PROJECT__transform/target/partial_parse.msgpack
[2024-07-14T04:25:07.511+0000] {base.py:84} INFO - Using connection ID 'snow_conn' for task execution.
[2024-07-14T04:25:07.532+0000] {crypto.py:82} WARNING - empty cryptography key - values will not be stored encrypted.
[2024-07-14T04:25:07.551+0000] {config.py:298} INFO - Profile caching is enable.
[2024-07-14T04:25:07.590+0000] {config.py:272} INFO - Profile found in cache using profile: /tmp/cosmos/profile/a0017dab0633177292578162811b91dcb9c56d6e54017e9660056cc364a762ad/profiles.yml.
[2024-07-14T04:25:07.593+0000] {local.py:247} INFO - Trying to run the command:
 ['/opt/airflow/dbt_venv/bin/dbt', 'deps', '--project-dir', '/tmp/tmp72cre1ul', '--profiles-dir', '/tmp/cosmos/profile/a0017dab0633177292578162811b91dcb9c56d6e54017e9660056cc364a762ad', '--profile', 'dbt_project', '--target', 'dev']
From /tmp/tmp72cre1ul
[2024-07-14T04:25:07.606+0000] {subprocess.py:60} INFO - Tmp dir root location: 
 /tmp
[2024-07-14T04:25:07.618+0000] {subprocess.py:73} INFO - Running command: ['/opt/airflow/dbt_venv/bin/dbt', 'deps', '--project-dir', '/tmp/tmp72cre1ul', '--profiles-dir', '/tmp/cosmos/profile/a0017dab0633177292578162811b91dcb9c56d6e54017e9660056cc364a762ad', '--profile', 'dbt_project', '--target', 'dev']
[2024-07-14T04:25:07.716+0000] {subprocess.py:84} INFO - Command output:
[2024-07-14T04:25:19.685+0000] {subprocess.py:94} INFO - [0m04:25:19  Running with dbt=1.8.3
[2024-07-14T04:25:20.998+0000] {subprocess.py:94} INFO - [0m04:25:20  Updating lock file in file path: /tmp/tmp72cre1ul/package-lock.yml
[2024-07-14T04:25:21.042+0000] {subprocess.py:94} INFO - [0m04:25:21  Installing dbt-labs/dbt_utils
[2024-07-14T04:25:21.972+0000] {subprocess.py:94} INFO - [0m04:25:21  Installed from version 0.8.6
[2024-07-14T04:25:21.976+0000] {subprocess.py:94} INFO - [0m04:25:21  Updated version available: 1.2.0
[2024-07-14T04:25:21.983+0000] {subprocess.py:94} INFO - [0m04:25:21
[2024-07-14T04:25:21.987+0000] {subprocess.py:94} INFO - [0m04:25:21  Updates available for packages: ['dbt-labs/dbt_utils']
[2024-07-14T04:25:21.989+0000] {subprocess.py:94} INFO - Update your versions in packages.yml, then run dbt deps
[2024-07-14T04:25:24.359+0000] {subprocess.py:98} INFO - Command exited with return code 0
[2024-07-14T04:25:24.361+0000] {local.py:254} INFO - Update your versions in packages.yml, then run dbt deps
[2024-07-14T04:25:24.364+0000] {local.py:247} INFO - Trying to run the command:
 ['/opt/airflow/dbt_venv/bin/dbt', 'run', '--models', 'fact_orders', '--project-dir', '/tmp/tmp72cre1ul', '--profiles-dir', '/tmp/cosmos/profile/a0017dab0633177292578162811b91dcb9c56d6e54017e9660056cc364a762ad', '--profile', 'dbt_project', '--target', 'dev']
From /tmp/tmp72cre1ul
[2024-07-14T04:25:24.366+0000] {subprocess.py:60} INFO - Tmp dir root location: 
 /tmp
[2024-07-14T04:25:24.368+0000] {subprocess.py:73} INFO - Running command: ['/opt/airflow/dbt_venv/bin/dbt', 'run', '--models', 'fact_orders', '--project-dir', '/tmp/tmp72cre1ul', '--profiles-dir', '/tmp/cosmos/profile/a0017dab0633177292578162811b91dcb9c56d6e54017e9660056cc364a762ad', '--profile', 'dbt_project', '--target', 'dev']
[2024-07-14T04:25:24.456+0000] {subprocess.py:84} INFO - Command output:
[2024-07-14T04:25:40.892+0000] {subprocess.py:94} INFO - [0m04:25:40  Running with dbt=1.8.3
[2024-07-14T04:25:44.727+0000] {subprocess.py:94} INFO - [0m04:25:44  Registered adapter: snowflake=1.8.3
[2024-07-14T04:25:50.291+0000] {subprocess.py:94} INFO - [0m04:25:50  Found 20 models, 27 data tests, 11 sources, 684 macros
[2024-07-14T04:25:50.304+0000] {subprocess.py:94} INFO - [0m04:25:50
[2024-07-14T04:25:58.211+0000] {subprocess.py:94} INFO - [0m04:25:58  Concurrency: 1 threads (target='dev')
[2024-07-14T04:25:58.219+0000] {subprocess.py:94} INFO - [0m04:25:58
[2024-07-14T04:25:58.384+0000] {subprocess.py:94} INFO - [0m04:25:58  1 of 1 START sql table model dwh.fact_orders ................................... [RUN]
[2024-07-14T04:26:01.765+0000] {subprocess.py:94} INFO - [0m04:26:01  1 of 1 OK created sql table model dwh.fact_orders .............................. [[32mSUCCESS 1[0m in 3.36s]
[2024-07-14T04:26:01.779+0000] {subprocess.py:94} INFO - [0m04:26:01
[2024-07-14T04:26:01.782+0000] {subprocess.py:94} INFO - [0m04:26:01  Finished running 1 table model in 0 hours 0 minutes and 11.47 seconds (11.47s).
[2024-07-14T04:26:02.203+0000] {subprocess.py:94} INFO - [0m04:26:02
[2024-07-14T04:26:02.207+0000] {subprocess.py:94} INFO - [0m04:26:02  [32mCompleted successfully[0m
[2024-07-14T04:26:02.212+0000] {subprocess.py:94} INFO - [0m04:26:02
[2024-07-14T04:26:02.217+0000] {subprocess.py:94} INFO - [0m04:26:02  Done. PASS=1 WARN=0 ERROR=0 SKIP=0 TOTAL=1
[2024-07-14T04:26:05.609+0000] {subprocess.py:98} INFO - Command exited with return code 0
[2024-07-14T04:26:05.611+0000] {local.py:254} INFO - [0m04:26:02  Done. PASS=1 WARN=0 ERROR=0 SKIP=0 TOTAL=1
[2024-07-14T04:26:06.322+0000] {local.py:196} WARNING - Artifact schema version: https://schemas.getdbt.com/dbt/manifest/v12.json is above dbt-ol supported version 7. This might cause errors.
[2024-07-14T04:26:06.325+0000] {local.py:196} WARNING - Artifact schema version: https://schemas.getdbt.com/dbt/run-results/v6.json is above dbt-ol supported version 5. This might cause errors.
[2024-07-14T04:26:06.399+0000] {local.py:349} INFO - Inlets: [Dataset(uri='snowflake://OU00370.europe-west2.gcp/ELT_BATCH.dwh.dim_employees', extra=None), Dataset(uri='snowflake://OU00370.europe-west2.gcp/ELT_BATCH.raw.raw_orders', extra=None)]
[2024-07-14T04:26:06.423+0000] {local.py:350} INFO - Outlets: [Dataset(uri='snowflake://OU00370.europe-west2.gcp/ELT_BATCH.dwh.fact_orders', extra=None)]
[2024-07-14T04:26:06.426+0000] {dag.py:3096} INFO - Sync 1 DAGs
[2024-07-14T04:26:06.803+0000] {taskinstance.py:441} INFO - ::group::Post task execution logs
[2024-07-14T04:26:07.067+0000] {taskinstance.py:1206} INFO - Marking task as SUCCESS. dag_id=ELT-PROJECT, task_id=transform.fact_orders.run, run_id=scheduled__2024-07-09T00:00:00+00:00, execution_date=20240709T000000, start_date=20240714T042506, end_date=20240714T042607
[2024-07-14T04:26:07.658+0000] {local_task_job_runner.py:240} INFO - Task exited with return code 0
[2024-07-14T04:26:08.018+0000] {taskinstance.py:3503} INFO - 1 downstream tasks scheduled from follow-on schedule check
[2024-07-14T04:26:08.037+0000] {local_task_job_runner.py:222} INFO - ::endgroup::
