[2024-07-13T15:48:07.679+0000] {local_task_job_runner.py:120} INFO - ::group::Pre task execution logs
[2024-07-13T15:48:07.753+0000] {taskinstance.py:2076} INFO - Dependencies all met for dep_context=non-requeueable deps ti=<TaskInstance: ELT-PROJECT.load.load_employee_territories manual__2024-07-13T15:47:53.906361+00:00 [queued]>
[2024-07-13T15:48:07.781+0000] {taskinstance.py:2076} INFO - Dependencies all met for dep_context=requeueable deps ti=<TaskInstance: ELT-PROJECT.load.load_employee_territories manual__2024-07-13T15:47:53.906361+00:00 [queued]>
[2024-07-13T15:48:07.783+0000] {taskinstance.py:2306} INFO - Starting attempt 1 of 2
[2024-07-13T15:48:07.828+0000] {taskinstance.py:2330} INFO - Executing <Task(_PythonDecoratedOperator): load.load_employee_territories> on 2024-07-13 15:47:53.906361+00:00
[2024-07-13T15:48:07.852+0000] {logging_mixin.py:188} WARNING - /home/airflow/.local/lib/python3.12/site-packages/airflow/task/task_runner/standard_task_runner.py:61 DeprecationWarning: This process (pid=2794) is multi-threaded, use of fork() may lead to deadlocks in the child.
[2024-07-13T15:48:07.854+0000] {standard_task_runner.py:63} INFO - Started process 2830 to run task
[2024-07-13T15:48:07.856+0000] {standard_task_runner.py:90} INFO - Running: ['airflow', 'tasks', 'run', 'ELT-PROJECT', 'load.load_employee_territories', 'manual__2024-07-13T15:47:53.906361+00:00', '--job-id', '468', '--raw', '--subdir', 'DAGS_FOLDER/elt.py', '--cfg-path', '/tmp/tmpppr1gf2y']
[2024-07-13T15:48:07.861+0000] {standard_task_runner.py:91} INFO - Job 468: Subtask load.load_employee_territories
[2024-07-13T15:48:07.919+0000] {logging_mixin.py:188} WARNING - /home/airflow/.local/lib/python3.12/site-packages/airflow/settings.py:195 DeprecationWarning: The sql_alchemy_conn option in [core] has been moved to the sql_alchemy_conn option in [database] - the old setting has been used, but please update your config.
[2024-07-13T15:48:08.020+0000] {task_command.py:426} INFO - Running <TaskInstance: ELT-PROJECT.load.load_employee_territories manual__2024-07-13T15:47:53.906361+00:00 [running]> on host airflow-scheduler
[2024-07-13T15:48:08.965+0000] {taskinstance.py:2648} INFO - Exporting env vars: AIRFLOW_CTX_DAG_OWNER='Data-Ninja' AIRFLOW_CTX_DAG_ID='ELT-PROJECT' AIRFLOW_CTX_TASK_ID='load.load_employee_territories' AIRFLOW_CTX_EXECUTION_DATE='2024-07-13T15:47:53.906361+00:00' AIRFLOW_CTX_TRY_NUMBER='1' AIRFLOW_CTX_DAG_RUN_ID='manual__2024-07-13T15:47:53.906361+00:00'
[2024-07-13T15:48:08.966+0000] {taskinstance.py:430} INFO - ::endgroup::
[2024-07-13T15:48:08.968+0000] {connection.py:399} INFO - Snowflake Connector for Python Version: 3.10.1, Python Version: 3.12.4, Platform: Linux-5.15.133.1-microsoft-standard-WSL2-x86_64-with-glibc2.36
[2024-07-13T15:48:08.970+0000] {connection.py:1249} INFO - THIS CONNECTION IS IN INSECURE MODE. IT MEANS THE CERTIFICATE WILL BE VALIDATED BUT THE CERTIFICATE REVOCATION STATUS WILL NOT BE CHECKED.
[2024-07-13T15:48:09.280+0000] {ssl_wrap_socket.py:100} INFO - THIS CONNECTION IS IN INSECURE MODE. IT MEANS THE CERTIFICATE WILL BE VALIDATED BUT THE CERTIFICATE REVOCATION STATUS WILL NOT BE CHECKED.
[2024-07-13T15:48:09.856+0000] {logging_mixin.py:188} INFO - Nama kolom di DataFrame: Index(['employeeID', 'territoryID'], dtype='object')
[2024-07-13T15:48:10.390+0000] {cursor.py:1149} INFO - Number of results in first chunk: 1
[2024-07-13T15:48:11.128+0000] {ssl_wrap_socket.py:100} INFO - THIS CONNECTION IS IN INSECURE MODE. IT MEANS THE CERTIFICATE WILL BE VALIDATED BUT THE CERTIFICATE REVOCATION STATUS WILL NOT BE CHECKED.
[2024-07-13T15:48:13.384+0000] {cursor.py:1149} INFO - Number of results in first chunk: 1
[2024-07-13T15:48:14.066+0000] {cursor.py:1149} INFO - Number of results in first chunk: 2
[2024-07-13T15:48:14.444+0000] {cursor.py:1149} INFO - Number of results in first chunk: 1
[2024-07-13T15:48:15.139+0000] {cursor.py:1149} INFO - Number of results in first chunk: 1
[2024-07-13T15:48:16.747+0000] {cursor.py:1149} INFO - Number of results in first chunk: 1
[2024-07-13T15:48:16.749+0000] {logging_mixin.py:188} INFO - Done employee_territories.
[2024-07-13T15:48:16.750+0000] {connection.py:762} INFO - closed
[2024-07-13T15:48:17.086+0000] {connection.py:768} INFO - No async queries seem to be running, deleting session
[2024-07-13T15:48:17.437+0000] {python.py:237} INFO - Done. Returned value was: None
[2024-07-13T15:48:17.438+0000] {taskinstance.py:441} INFO - ::group::Post task execution logs
[2024-07-13T15:48:17.452+0000] {taskinstance.py:1206} INFO - Marking task as SUCCESS. dag_id=ELT-PROJECT, task_id=load.load_employee_territories, run_id=manual__2024-07-13T15:47:53.906361+00:00, execution_date=20240713T154753, start_date=20240713T154807, end_date=20240713T154817
[2024-07-13T15:48:17.491+0000] {local_task_job_runner.py:240} INFO - Task exited with return code 0
[2024-07-13T15:48:17.547+0000] {taskinstance.py:3503} INFO - 0 downstream tasks scheduled from follow-on schedule check
[2024-07-13T15:48:17.550+0000] {local_task_job_runner.py:222} INFO - ::endgroup::
