[2024-06-24T11:18:38.601+0000] {local_task_job_runner.py:120} INFO - ::group::Pre task execution logs
[2024-06-24T11:18:38.812+0000] {taskinstance.py:2076} INFO - Dependencies all met for dep_context=non-requeueable deps ti=<TaskInstance: ELT-PROJECT.extract.extract_shippers manual__2024-06-24T11:18:12.654578+00:00 [queued]>
[2024-06-24T11:18:38.964+0000] {taskinstance.py:2076} INFO - Dependencies all met for dep_context=requeueable deps ti=<TaskInstance: ELT-PROJECT.extract.extract_shippers manual__2024-06-24T11:18:12.654578+00:00 [queued]>
[2024-06-24T11:18:38.996+0000] {taskinstance.py:2306} INFO - Starting attempt 1 of 2
[2024-06-24T11:18:39.167+0000] {taskinstance.py:2330} INFO - Executing <Task(_PythonDecoratedOperator): extract.extract_shippers> on 2024-06-24 11:18:12.654578+00:00
[2024-06-24T11:18:39.260+0000] {standard_task_runner.py:90} INFO - Running: ['airflow', 'tasks', 'run', 'ELT-PROJECT', 'extract.extract_shippers', 'manual__2024-06-24T11:18:12.654578+00:00', '--job-id', '106', '--raw', '--subdir', 'DAGS_FOLDER/elt.py', '--cfg-path', '/tmp/tmpt74almcx']
[2024-06-24T11:18:39.293+0000] {logging_mixin.py:188} WARNING - /home/airflow/.local/lib/python3.12/site-packages/airflow/task/task_runner/standard_task_runner.py:61 DeprecationWarning: This process (pid=268) is multi-threaded, use of fork() may lead to deadlocks in the child.
[2024-06-24T11:18:39.327+0000] {standard_task_runner.py:91} INFO - Job 106: Subtask extract.extract_shippers
[2024-06-24T11:18:39.333+0000] {standard_task_runner.py:63} INFO - Started process 290 to run task
[2024-06-24T11:18:39.511+0000] {logging_mixin.py:188} WARNING - /home/airflow/.local/lib/python3.12/site-packages/airflow/settings.py:195 DeprecationWarning: The sql_alchemy_conn option in [core] has been moved to the sql_alchemy_conn option in [database] - the old setting has been used, but please update your config.
[2024-06-24T11:18:40.482+0000] {task_command.py:426} INFO - Running <TaskInstance: ELT-PROJECT.extract.extract_shippers manual__2024-06-24T11:18:12.654578+00:00 [running]> on host airflow-scheduler
[2024-06-24T11:18:42.282+0000] {taskinstance.py:2648} INFO - Exporting env vars: AIRFLOW_CTX_DAG_OWNER='Data-Ninja' AIRFLOW_CTX_DAG_ID='ELT-PROJECT' AIRFLOW_CTX_TASK_ID='extract.extract_shippers' AIRFLOW_CTX_EXECUTION_DATE='2024-06-24T11:18:12.654578+00:00' AIRFLOW_CTX_TRY_NUMBER='1' AIRFLOW_CTX_DAG_RUN_ID='manual__2024-06-24T11:18:12.654578+00:00'
[2024-06-24T11:18:42.361+0000] {taskinstance.py:430} INFO - ::endgroup::
[2024-06-24T11:18:43.868+0000] {python.py:237} INFO - Done. Returned value was:    shipperID       companyName           phone
0          1    Speedy Express  (503) 555-9831
1          2    United Package  (503) 555-3199
2          3  Federal Shipping  (503) 555-9931
[2024-06-24T11:18:43.907+0000] {taskinstance.py:441} INFO - ::group::Post task execution logs
[2024-06-24T11:18:45.452+0000] {taskinstance.py:1206} INFO - Marking task as SUCCESS. dag_id=ELT-PROJECT, task_id=extract.extract_shippers, run_id=manual__2024-06-24T11:18:12.654578+00:00, execution_date=20240624T111812, start_date=20240624T111838, end_date=20240624T111845
[2024-06-24T11:18:49.877+0000] {local_task_job_runner.py:310} WARNING - State of this instance has been externally set to success. Terminating instance.
[2024-06-24T11:18:49.993+0000] {local_task_job_runner.py:222} INFO - ::endgroup::
[2024-06-24T11:18:50.067+0000] {process_utils.py:132} INFO - Sending 15 to group 290. PIDs of all processes in the group: [290]
[2024-06-24T11:18:50.123+0000] {process_utils.py:87} INFO - Sending the signal 15 to group 290
[2024-06-24T11:18:50.130+0000] {process_utils.py:80} INFO - Process psutil.Process(pid=290, status='terminated', exitcode=0, started='11:18:38') (290) terminated with exit code 0
