[2024-07-14T04:42:18.341+0000] {local_task_job_runner.py:120} INFO - ::group::Pre task execution logs
[2024-07-14T04:42:18.514+0000] {taskinstance.py:2076} INFO - Dependencies all met for dep_context=non-requeueable deps ti=<TaskInstance: ELT-PROJECT.transform.raw_regions.run scheduled__2024-07-13T00:00:00+00:00 [queued]>
[2024-07-14T04:42:18.596+0000] {taskinstance.py:2076} INFO - Dependencies all met for dep_context=requeueable deps ti=<TaskInstance: ELT-PROJECT.transform.raw_regions.run scheduled__2024-07-13T00:00:00+00:00 [queued]>
[2024-07-14T04:42:18.598+0000] {taskinstance.py:2306} INFO - Starting attempt 1 of 2
[2024-07-14T04:42:18.693+0000] {taskinstance.py:2330} INFO - Executing <Task(DbtRunLocalOperator): transform.raw_regions.run> on 2024-07-13 00:00:00+00:00
[2024-07-14T04:42:18.720+0000] {logging_mixin.py:188} WARNING - /home/airflow/.local/lib/python3.12/site-packages/airflow/task/task_runner/standard_task_runner.py:61 DeprecationWarning: This process (pid=20723) is multi-threaded, use of fork() may lead to deadlocks in the child.
[2024-07-14T04:42:18.729+0000] {standard_task_runner.py:63} INFO - Started process 20745 to run task
[2024-07-14T04:42:18.735+0000] {standard_task_runner.py:90} INFO - Running: ['airflow', 'tasks', 'run', 'ELT-PROJECT', 'transform.raw_regions.run', 'scheduled__2024-07-13T00:00:00+00:00', '--job-id', '1559', '--raw', '--subdir', 'DAGS_FOLDER/elt.py', '--cfg-path', '/tmp/tmpsvyqqy7e']
[2024-07-14T04:42:18.750+0000] {standard_task_runner.py:91} INFO - Job 1559: Subtask transform.raw_regions.run
[2024-07-14T04:42:18.896+0000] {logging_mixin.py:188} WARNING - /home/airflow/.local/lib/python3.12/site-packages/airflow/settings.py:195 DeprecationWarning: The sql_alchemy_conn option in [core] has been moved to the sql_alchemy_conn option in [database] - the old setting has been used, but please update your config.
[2024-07-14T04:42:19.130+0000] {task_command.py:426} INFO - Running <TaskInstance: ELT-PROJECT.transform.raw_regions.run scheduled__2024-07-13T00:00:00+00:00 [running]> on host airflow-scheduler
[2024-07-14T04:42:19.701+0000] {taskinstance.py:2648} INFO - Exporting env vars: AIRFLOW_CTX_DAG_OWNER='Data-Ninja' AIRFLOW_CTX_DAG_ID='ELT-PROJECT' AIRFLOW_CTX_TASK_ID='transform.raw_regions.run' AIRFLOW_CTX_EXECUTION_DATE='2024-07-13T00:00:00+00:00' AIRFLOW_CTX_TRY_NUMBER='1' AIRFLOW_CTX_DAG_RUN_ID='scheduled__2024-07-13T00:00:00+00:00'
[2024-07-14T04:42:19.705+0000] {taskinstance.py:430} INFO - ::endgroup::
[2024-07-14T04:42:19.709+0000] {local.py:174} INFO - Could not import dbtRunner. Falling back to subprocess for invoking dbt.
[2024-07-14T04:42:19.712+0000] {local.py:292} INFO - Cloning project to writable temp directory /tmp/tmpvjjzcudx from /opt/airflow/dags/dbt/dbt_project
[2024-07-14T04:42:19.739+0000] {local.py:303} INFO - Partial parse is enabled and the latest partial parse file is /tmp/cosmos/ELT-PROJECT__transform/target/partial_parse.msgpack
[2024-07-14T04:42:20.890+0000] {base.py:84} INFO - Using connection ID 'snow_conn' for task execution.
[2024-07-14T04:42:20.893+0000] {crypto.py:82} WARNING - empty cryptography key - values will not be stored encrypted.
[2024-07-14T04:42:20.897+0000] {config.py:298} INFO - Profile caching is enable.
[2024-07-14T04:42:20.912+0000] {config.py:272} INFO - Profile found in cache using profile: /tmp/cosmos/profile/a0017dab0633177292578162811b91dcb9c56d6e54017e9660056cc364a762ad/profiles.yml.
[2024-07-14T04:42:20.914+0000] {local.py:247} INFO - Trying to run the command:
 ['/opt/airflow/dbt_venv/bin/dbt', 'deps', '--project-dir', '/tmp/tmpvjjzcudx', '--profiles-dir', '/tmp/cosmos/profile/a0017dab0633177292578162811b91dcb9c56d6e54017e9660056cc364a762ad', '--profile', 'dbt_project', '--target', 'dev']
From /tmp/tmpvjjzcudx
[2024-07-14T04:42:20.927+0000] {subprocess.py:60} INFO - Tmp dir root location: 
 /tmp
[2024-07-14T04:42:20.929+0000] {subprocess.py:73} INFO - Running command: ['/opt/airflow/dbt_venv/bin/dbt', 'deps', '--project-dir', '/tmp/tmpvjjzcudx', '--profiles-dir', '/tmp/cosmos/profile/a0017dab0633177292578162811b91dcb9c56d6e54017e9660056cc364a762ad', '--profile', 'dbt_project', '--target', 'dev']
[2024-07-14T04:42:20.997+0000] {subprocess.py:84} INFO - Command output:
[2024-07-14T04:42:41.664+0000] {subprocess.py:94} INFO - [0m04:42:41  Running with dbt=1.8.3
[2024-07-14T04:42:43.900+0000] {subprocess.py:94} INFO - [0m04:42:43  Updating lock file in file path: /tmp/tmpvjjzcudx/package-lock.yml
[2024-07-14T04:42:44.017+0000] {subprocess.py:94} INFO - [0m04:42:44  Installing dbt-labs/dbt_utils
[2024-07-14T04:42:44.775+0000] {subprocess.py:94} INFO - [0m04:42:44  Installed from version 0.8.6
[2024-07-14T04:42:44.778+0000] {subprocess.py:94} INFO - [0m04:42:44  Updated version available: 1.2.0
[2024-07-14T04:42:44.786+0000] {subprocess.py:94} INFO - [0m04:42:44
[2024-07-14T04:42:44.794+0000] {subprocess.py:94} INFO - [0m04:42:44  Updates available for packages: ['dbt-labs/dbt_utils']
[2024-07-14T04:42:44.796+0000] {subprocess.py:94} INFO - Update your versions in packages.yml, then run dbt deps
[2024-07-14T04:42:47.259+0000] {subprocess.py:98} INFO - Command exited with return code 0
[2024-07-14T04:42:47.265+0000] {local.py:254} INFO - Update your versions in packages.yml, then run dbt deps
[2024-07-14T04:42:47.285+0000] {local.py:247} INFO - Trying to run the command:
 ['/opt/airflow/dbt_venv/bin/dbt', 'run', '--models', 'raw_regions', '--project-dir', '/tmp/tmpvjjzcudx', '--profiles-dir', '/tmp/cosmos/profile/a0017dab0633177292578162811b91dcb9c56d6e54017e9660056cc364a762ad', '--profile', 'dbt_project', '--target', 'dev']
From /tmp/tmpvjjzcudx
[2024-07-14T04:42:47.289+0000] {subprocess.py:60} INFO - Tmp dir root location: 
 /tmp
[2024-07-14T04:42:47.292+0000] {subprocess.py:73} INFO - Running command: ['/opt/airflow/dbt_venv/bin/dbt', 'run', '--models', 'raw_regions', '--project-dir', '/tmp/tmpvjjzcudx', '--profiles-dir', '/tmp/cosmos/profile/a0017dab0633177292578162811b91dcb9c56d6e54017e9660056cc364a762ad', '--profile', 'dbt_project', '--target', 'dev']
[2024-07-14T04:42:47.438+0000] {subprocess.py:84} INFO - Command output:
[2024-07-14T04:43:10.186+0000] {subprocess.py:94} INFO - [0m04:43:10  Running with dbt=1.8.3
[2024-07-14T04:43:13.149+0000] {subprocess.py:94} INFO - [0m04:43:13  Registered adapter: snowflake=1.8.3
[2024-07-14T04:43:18.417+0000] {subprocess.py:94} INFO - [0m04:43:18  Found 20 models, 27 data tests, 11 sources, 684 macros
[2024-07-14T04:43:18.427+0000] {subprocess.py:94} INFO - [0m04:43:18
[2024-07-14T04:43:27.047+0000] {subprocess.py:94} INFO - [0m04:43:27  Concurrency: 1 threads (target='dev')
[2024-07-14T04:43:27.088+0000] {subprocess.py:94} INFO - [0m04:43:27
[2024-07-14T04:43:27.196+0000] {subprocess.py:94} INFO - [0m04:43:27  1 of 1 START sql table model raw.raw_regions ................................... [RUN]
[2024-07-14T04:43:30.123+0000] {subprocess.py:94} INFO - [0m04:43:30  1 of 1 OK created sql table model raw.raw_regions .............................. [[32mSUCCESS 1[0m in 2.91s]
[2024-07-14T04:43:30.142+0000] {subprocess.py:94} INFO - [0m04:43:30
[2024-07-14T04:43:30.144+0000] {subprocess.py:94} INFO - [0m04:43:30  Finished running 1 table model in 0 hours 0 minutes and 11.71 seconds (11.71s).
[2024-07-14T04:43:30.625+0000] {subprocess.py:94} INFO - [0m04:43:30
[2024-07-14T04:43:30.630+0000] {subprocess.py:94} INFO - [0m04:43:30  [32mCompleted successfully[0m
[2024-07-14T04:43:30.635+0000] {subprocess.py:94} INFO - [0m04:43:30
[2024-07-14T04:43:30.638+0000] {subprocess.py:94} INFO - [0m04:43:30  Done. PASS=1 WARN=0 ERROR=0 SKIP=0 TOTAL=1
[2024-07-14T04:43:32.840+0000] {subprocess.py:98} INFO - Command exited with return code 0
[2024-07-14T04:43:32.842+0000] {local.py:254} INFO - [0m04:43:30  Done. PASS=1 WARN=0 ERROR=0 SKIP=0 TOTAL=1
[2024-07-14T04:43:32.912+0000] {local.py:196} WARNING - Artifact schema version: https://schemas.getdbt.com/dbt/manifest/v12.json is above dbt-ol supported version 7. This might cause errors.
[2024-07-14T04:43:32.914+0000] {local.py:196} WARNING - Artifact schema version: https://schemas.getdbt.com/dbt/run-results/v6.json is above dbt-ol supported version 5. This might cause errors.
[2024-07-14T04:43:32.968+0000] {local.py:349} INFO - Inlets: [Dataset(uri='snowflake://OU00370.europe-west2.gcp/ELT_BATCH.PUBLIC.regions', extra=None)]
[2024-07-14T04:43:32.978+0000] {local.py:350} INFO - Outlets: [Dataset(uri='snowflake://OU00370.europe-west2.gcp/ELT_BATCH.raw.raw_regions', extra=None)]
[2024-07-14T04:43:32.982+0000] {dag.py:3096} INFO - Sync 1 DAGs
[2024-07-14T04:43:33.127+0000] {dag.py:3954} INFO - Setting next_dagrun for ELT-PROJECT to 2024-07-14 00:00:00+00:00, run_after=2024-07-15 00:00:00+00:00
[2024-07-14T04:43:33.468+0000] {taskinstance.py:441} INFO - ::group::Post task execution logs
[2024-07-14T04:43:33.776+0000] {taskinstance.py:1206} INFO - Marking task as SUCCESS. dag_id=ELT-PROJECT, task_id=transform.raw_regions.run, run_id=scheduled__2024-07-13T00:00:00+00:00, execution_date=20240713T000000, start_date=20240714T044218, end_date=20240714T044333
[2024-07-14T04:43:33.889+0000] {local_task_job_runner.py:240} INFO - Task exited with return code 0
[2024-07-14T04:43:33.930+0000] {local_task_job_runner.py:222} INFO - ::endgroup::
