[2024-07-14T03:25:55.945+0000] {local_task_job_runner.py:120} INFO - ::group::Pre task execution logs
[2024-07-14T03:25:56.060+0000] {taskinstance.py:2076} INFO - Dependencies all met for dep_context=non-requeueable deps ti=<TaskInstance: ELT-PROJECT.transform.raw_territories.run manual__2024-07-14T03:25:17.009601+00:00 [queued]>
[2024-07-14T03:25:56.157+0000] {taskinstance.py:2076} INFO - Dependencies all met for dep_context=requeueable deps ti=<TaskInstance: ELT-PROJECT.transform.raw_territories.run manual__2024-07-14T03:25:17.009601+00:00 [queued]>
[2024-07-14T03:25:56.158+0000] {taskinstance.py:2306} INFO - Starting attempt 1 of 2
[2024-07-14T03:25:56.225+0000] {taskinstance.py:2330} INFO - Executing <Task(DbtRunLocalOperator): transform.raw_territories.run> on 2024-07-14 03:25:17.009601+00:00
[2024-07-14T03:25:56.271+0000] {logging_mixin.py:188} WARNING - /home/airflow/.local/lib/python3.12/site-packages/airflow/task/task_runner/standard_task_runner.py:61 DeprecationWarning: This process (pid=6878) is multi-threaded, use of fork() may lead to deadlocks in the child.
[2024-07-14T03:25:56.274+0000] {standard_task_runner.py:63} INFO - Started process 6902 to run task
[2024-07-14T03:25:56.276+0000] {standard_task_runner.py:90} INFO - Running: ['airflow', 'tasks', 'run', 'ELT-PROJECT', 'transform.raw_territories.run', 'manual__2024-07-14T03:25:17.009601+00:00', '--job-id', '583', '--raw', '--subdir', 'DAGS_FOLDER/elt.py', '--cfg-path', '/tmp/tmpnnvcbvf3']
[2024-07-14T03:25:56.288+0000] {standard_task_runner.py:91} INFO - Job 583: Subtask transform.raw_territories.run
[2024-07-14T03:25:56.394+0000] {logging_mixin.py:188} WARNING - /home/airflow/.local/lib/python3.12/site-packages/airflow/settings.py:195 DeprecationWarning: The sql_alchemy_conn option in [core] has been moved to the sql_alchemy_conn option in [database] - the old setting has been used, but please update your config.
[2024-07-14T03:25:56.548+0000] {task_command.py:426} INFO - Running <TaskInstance: ELT-PROJECT.transform.raw_territories.run manual__2024-07-14T03:25:17.009601+00:00 [running]> on host airflow-scheduler
[2024-07-14T03:25:57.231+0000] {taskinstance.py:2648} INFO - Exporting env vars: AIRFLOW_CTX_DAG_OWNER='Data-Ninja' AIRFLOW_CTX_DAG_ID='ELT-PROJECT' AIRFLOW_CTX_TASK_ID='transform.raw_territories.run' AIRFLOW_CTX_EXECUTION_DATE='2024-07-14T03:25:17.009601+00:00' AIRFLOW_CTX_TRY_NUMBER='1' AIRFLOW_CTX_DAG_RUN_ID='manual__2024-07-14T03:25:17.009601+00:00'
[2024-07-14T03:25:57.235+0000] {taskinstance.py:430} INFO - ::endgroup::
[2024-07-14T03:25:57.240+0000] {local.py:174} INFO - Could not import dbtRunner. Falling back to subprocess for invoking dbt.
[2024-07-14T03:25:57.245+0000] {local.py:292} INFO - Cloning project to writable temp directory /tmp/tmp1up4muwg from /opt/airflow/dags/dbt/dbt_project
[2024-07-14T03:25:57.265+0000] {local.py:303} INFO - Partial parse is enabled and the latest partial parse file is /tmp/cosmos/ELT-PROJECT__transform/target/partial_parse.msgpack
[2024-07-14T03:25:58.171+0000] {base.py:84} INFO - Using connection ID 'snow_conn' for task execution.
[2024-07-14T03:25:58.185+0000] {crypto.py:82} WARNING - empty cryptography key - values will not be stored encrypted.
[2024-07-14T03:25:58.187+0000] {config.py:298} INFO - Profile caching is enable.
[2024-07-14T03:25:58.194+0000] {config.py:272} INFO - Profile found in cache using profile: /tmp/cosmos/profile/a0017dab0633177292578162811b91dcb9c56d6e54017e9660056cc364a762ad/profiles.yml.
[2024-07-14T03:25:58.197+0000] {local.py:247} INFO - Trying to run the command:
 ['/opt/airflow/dbt_venv/bin/dbt', 'deps', '--project-dir', '/tmp/tmp1up4muwg', '--profiles-dir', '/tmp/cosmos/profile/a0017dab0633177292578162811b91dcb9c56d6e54017e9660056cc364a762ad', '--profile', 'dbt_project', '--target', 'dev']
From /tmp/tmp1up4muwg
[2024-07-14T03:25:58.210+0000] {subprocess.py:60} INFO - Tmp dir root location: 
 /tmp
[2024-07-14T03:25:58.212+0000] {subprocess.py:73} INFO - Running command: ['/opt/airflow/dbt_venv/bin/dbt', 'deps', '--project-dir', '/tmp/tmp1up4muwg', '--profiles-dir', '/tmp/cosmos/profile/a0017dab0633177292578162811b91dcb9c56d6e54017e9660056cc364a762ad', '--profile', 'dbt_project', '--target', 'dev']
[2024-07-14T03:25:58.271+0000] {subprocess.py:84} INFO - Command output:
[2024-07-14T03:26:09.378+0000] {subprocess.py:94} INFO - [0m03:26:09  Running with dbt=1.8.3
[2024-07-14T03:26:10.302+0000] {subprocess.py:94} INFO - [0m03:26:10  Updating lock file in file path: /tmp/tmp1up4muwg/package-lock.yml
[2024-07-14T03:26:10.318+0000] {subprocess.py:94} INFO - [0m03:26:10  Installing dbt-labs/dbt_utils
[2024-07-14T03:26:14.834+0000] {subprocess.py:94} INFO - [0m03:26:14  Installed from version 0.8.6
[2024-07-14T03:26:14.836+0000] {subprocess.py:94} INFO - [0m03:26:14  Updated version available: 1.2.0
[2024-07-14T03:26:14.838+0000] {subprocess.py:94} INFO - [0m03:26:14
[2024-07-14T03:26:14.840+0000] {subprocess.py:94} INFO - [0m03:26:14  Updates available for packages: ['dbt-labs/dbt_utils']
[2024-07-14T03:26:14.847+0000] {subprocess.py:94} INFO - Update your versions in packages.yml, then run dbt deps
[2024-07-14T03:26:17.439+0000] {subprocess.py:98} INFO - Command exited with return code 0
[2024-07-14T03:26:17.443+0000] {local.py:254} INFO - Update your versions in packages.yml, then run dbt deps
[2024-07-14T03:26:17.449+0000] {local.py:247} INFO - Trying to run the command:
 ['/opt/airflow/dbt_venv/bin/dbt', 'run', '--models', 'raw_territories', '--project-dir', '/tmp/tmp1up4muwg', '--profiles-dir', '/tmp/cosmos/profile/a0017dab0633177292578162811b91dcb9c56d6e54017e9660056cc364a762ad', '--profile', 'dbt_project', '--target', 'dev']
From /tmp/tmp1up4muwg
[2024-07-14T03:26:17.456+0000] {subprocess.py:60} INFO - Tmp dir root location: 
 /tmp
[2024-07-14T03:26:17.468+0000] {subprocess.py:73} INFO - Running command: ['/opt/airflow/dbt_venv/bin/dbt', 'run', '--models', 'raw_territories', '--project-dir', '/tmp/tmp1up4muwg', '--profiles-dir', '/tmp/cosmos/profile/a0017dab0633177292578162811b91dcb9c56d6e54017e9660056cc364a762ad', '--profile', 'dbt_project', '--target', 'dev']
[2024-07-14T03:26:17.560+0000] {subprocess.py:84} INFO - Command output:
[2024-07-14T03:26:30.105+0000] {subprocess.py:94} INFO - [0m03:26:30  Running with dbt=1.8.3
[2024-07-14T03:26:32.891+0000] {subprocess.py:94} INFO - [0m03:26:32  Registered adapter: snowflake=1.8.3
[2024-07-14T03:26:40.297+0000] {subprocess.py:94} INFO - [0m03:26:40  Found 20 models, 27 data tests, 11 sources, 684 macros
[2024-07-14T03:26:40.313+0000] {subprocess.py:94} INFO - [0m03:26:40
[2024-07-14T03:26:47.769+0000] {subprocess.py:94} INFO - [0m03:26:47  Concurrency: 1 threads (target='dev')
[2024-07-14T03:26:47.772+0000] {subprocess.py:94} INFO - [0m03:26:47
[2024-07-14T03:26:47.803+0000] {subprocess.py:94} INFO - [0m03:26:47  1 of 1 START sql table model raw.raw_territories ............................... [RUN]
[2024-07-14T03:26:50.197+0000] {subprocess.py:94} INFO - [0m03:26:50  1 of 1 OK created sql table model raw.raw_territories .......................... [[32mSUCCESS 1[0m in 2.39s]
[2024-07-14T03:26:50.206+0000] {subprocess.py:94} INFO - [0m03:26:50
[2024-07-14T03:26:50.208+0000] {subprocess.py:94} INFO - [0m03:26:50  Finished running 1 table model in 0 hours 0 minutes and 9.89 seconds (9.89s).
[2024-07-14T03:26:50.348+0000] {subprocess.py:94} INFO - [0m03:26:50
[2024-07-14T03:26:50.349+0000] {subprocess.py:94} INFO - [0m03:26:50  [32mCompleted successfully[0m
[2024-07-14T03:26:50.351+0000] {subprocess.py:94} INFO - [0m03:26:50
[2024-07-14T03:26:50.352+0000] {subprocess.py:94} INFO - [0m03:26:50  Done. PASS=1 WARN=0 ERROR=0 SKIP=0 TOTAL=1
[2024-07-14T03:26:52.953+0000] {subprocess.py:98} INFO - Command exited with return code 0
[2024-07-14T03:26:52.955+0000] {local.py:254} INFO - [0m03:26:50  Done. PASS=1 WARN=0 ERROR=0 SKIP=0 TOTAL=1
[2024-07-14T03:26:53.075+0000] {local.py:196} WARNING - Artifact schema version: https://schemas.getdbt.com/dbt/manifest/v12.json is above dbt-ol supported version 7. This might cause errors.
[2024-07-14T03:26:53.082+0000] {local.py:196} WARNING - Artifact schema version: https://schemas.getdbt.com/dbt/run-results/v6.json is above dbt-ol supported version 5. This might cause errors.
[2024-07-14T03:26:53.137+0000] {local.py:349} INFO - Inlets: [Dataset(uri='snowflake://OU00370.europe-west2.gcp/ELT_BATCH.PUBLIC.territories', extra=None)]
[2024-07-14T03:26:53.148+0000] {local.py:350} INFO - Outlets: [Dataset(uri='snowflake://OU00370.europe-west2.gcp/ELT_BATCH.raw.raw_territories', extra=None)]
[2024-07-14T03:26:53.160+0000] {dag.py:3096} INFO - Sync 1 DAGs
[2024-07-14T03:26:53.293+0000] {dag.py:3954} INFO - Setting next_dagrun for ELT-PROJECT to None, run_after=None
[2024-07-14T03:26:53.535+0000] {taskinstance.py:441} INFO - ::group::Post task execution logs
[2024-07-14T03:26:54.085+0000] {taskinstance.py:1206} INFO - Marking task as SUCCESS. dag_id=ELT-PROJECT, task_id=transform.raw_territories.run, run_id=manual__2024-07-14T03:25:17.009601+00:00, execution_date=20240714T032517, start_date=20240714T032556, end_date=20240714T032654
[2024-07-14T03:26:54.299+0000] {local_task_job_runner.py:240} INFO - Task exited with return code 0
[2024-07-14T03:26:54.502+0000] {taskinstance.py:3503} INFO - 0 downstream tasks scheduled from follow-on schedule check
[2024-07-14T03:26:54.515+0000] {local_task_job_runner.py:222} INFO - ::endgroup::
