[2024-07-13T15:48:25.217+0000] {local_task_job_runner.py:120} INFO - ::group::Pre task execution logs
[2024-07-13T15:48:25.320+0000] {taskinstance.py:2076} INFO - Dependencies all met for dep_context=non-requeueable deps ti=<TaskInstance: ELT-PROJECT.transform.raw_shippers.run manual__2024-07-13T15:47:53.906361+00:00 [queued]>
[2024-07-13T15:48:25.354+0000] {taskinstance.py:2076} INFO - Dependencies all met for dep_context=requeueable deps ti=<TaskInstance: ELT-PROJECT.transform.raw_shippers.run manual__2024-07-13T15:47:53.906361+00:00 [queued]>
[2024-07-13T15:48:25.358+0000] {taskinstance.py:2306} INFO - Starting attempt 1 of 2
[2024-07-13T15:48:25.390+0000] {taskinstance.py:2330} INFO - Executing <Task(DbtRunLocalOperator): transform.raw_shippers.run> on 2024-07-13 15:47:53.906361+00:00
[2024-07-13T15:48:25.423+0000] {logging_mixin.py:188} WARNING - /home/airflow/.local/lib/python3.12/site-packages/airflow/task/task_runner/standard_task_runner.py:61 DeprecationWarning: This process (pid=2935) is multi-threaded, use of fork() may lead to deadlocks in the child.
[2024-07-13T15:48:25.429+0000] {standard_task_runner.py:90} INFO - Running: ['airflow', 'tasks', 'run', 'ELT-PROJECT', 'transform.raw_shippers.run', 'manual__2024-07-13T15:47:53.906361+00:00', '--job-id', '472', '--raw', '--subdir', 'DAGS_FOLDER/elt.py', '--cfg-path', '/tmp/tmpa_hqsa7m']
[2024-07-13T15:48:25.436+0000] {standard_task_runner.py:91} INFO - Job 472: Subtask transform.raw_shippers.run
[2024-07-13T15:48:25.434+0000] {standard_task_runner.py:63} INFO - Started process 2948 to run task
[2024-07-13T15:48:25.506+0000] {logging_mixin.py:188} WARNING - /home/airflow/.local/lib/python3.12/site-packages/airflow/settings.py:195 DeprecationWarning: The sql_alchemy_conn option in [core] has been moved to the sql_alchemy_conn option in [database] - the old setting has been used, but please update your config.
[2024-07-13T15:48:25.613+0000] {task_command.py:426} INFO - Running <TaskInstance: ELT-PROJECT.transform.raw_shippers.run manual__2024-07-13T15:47:53.906361+00:00 [running]> on host airflow-scheduler
[2024-07-13T15:48:25.979+0000] {taskinstance.py:2648} INFO - Exporting env vars: AIRFLOW_CTX_DAG_OWNER='Data-Ninja' AIRFLOW_CTX_DAG_ID='ELT-PROJECT' AIRFLOW_CTX_TASK_ID='transform.raw_shippers.run' AIRFLOW_CTX_EXECUTION_DATE='2024-07-13T15:47:53.906361+00:00' AIRFLOW_CTX_TRY_NUMBER='1' AIRFLOW_CTX_DAG_RUN_ID='manual__2024-07-13T15:47:53.906361+00:00'
[2024-07-13T15:48:25.985+0000] {taskinstance.py:430} INFO - ::endgroup::
[2024-07-13T15:48:25.989+0000] {local.py:174} INFO - Could not import dbtRunner. Falling back to subprocess for invoking dbt.
[2024-07-13T15:48:25.997+0000] {local.py:292} INFO - Cloning project to writable temp directory /tmp/tmpqz3r4bn1 from /opt/airflow/dags/dbt/dbt_project
[2024-07-13T15:48:26.024+0000] {local.py:303} INFO - Partial parse is enabled and the latest partial parse file is /tmp/cosmos/ELT-PROJECT__transform/target/partial_parse.msgpack
[2024-07-13T15:48:26.469+0000] {base.py:84} INFO - Using connection ID 'snow_conn' for task execution.
[2024-07-13T15:48:26.471+0000] {crypto.py:82} WARNING - empty cryptography key - values will not be stored encrypted.
[2024-07-13T15:48:26.472+0000] {config.py:298} INFO - Profile caching is enable.
[2024-07-13T15:48:26.480+0000] {config.py:272} INFO - Profile found in cache using profile: /tmp/cosmos/profile/a0017dab0633177292578162811b91dcb9c56d6e54017e9660056cc364a762ad/profiles.yml.
[2024-07-13T15:48:26.487+0000] {local.py:247} INFO - Trying to run the command:
 ['/opt/airflow/dbt_venv/bin/dbt', 'deps', '--project-dir', '/tmp/tmpqz3r4bn1', '--profiles-dir', '/tmp/cosmos/profile/a0017dab0633177292578162811b91dcb9c56d6e54017e9660056cc364a762ad', '--profile', 'dbt_project', '--target', 'dev']
From /tmp/tmpqz3r4bn1
[2024-07-13T15:48:26.489+0000] {subprocess.py:60} INFO - Tmp dir root location: 
 /tmp
[2024-07-13T15:48:26.503+0000] {subprocess.py:73} INFO - Running command: ['/opt/airflow/dbt_venv/bin/dbt', 'deps', '--project-dir', '/tmp/tmpqz3r4bn1', '--profiles-dir', '/tmp/cosmos/profile/a0017dab0633177292578162811b91dcb9c56d6e54017e9660056cc364a762ad', '--profile', 'dbt_project', '--target', 'dev']
[2024-07-13T15:48:26.580+0000] {subprocess.py:84} INFO - Command output:
[2024-07-13T15:48:38.986+0000] {subprocess.py:94} INFO - [0m15:48:38  Running with dbt=1.8.3
[2024-07-13T15:48:40.468+0000] {subprocess.py:94} INFO - [0m15:48:40  Updating lock file in file path: /tmp/tmpqz3r4bn1/package-lock.yml
[2024-07-13T15:48:40.495+0000] {subprocess.py:94} INFO - [0m15:48:40  Installing dbt-labs/dbt_utils
[2024-07-13T15:48:41.513+0000] {subprocess.py:94} INFO - [0m15:48:41  Installed from version 0.8.6
[2024-07-13T15:48:41.517+0000] {subprocess.py:94} INFO - [0m15:48:41  Updated version available: 1.2.0
[2024-07-13T15:48:41.521+0000] {subprocess.py:94} INFO - [0m15:48:41
[2024-07-13T15:48:41.523+0000] {subprocess.py:94} INFO - [0m15:48:41  Updates available for packages: ['dbt-labs/dbt_utils']
[2024-07-13T15:48:41.525+0000] {subprocess.py:94} INFO - Update your versions in packages.yml, then run dbt deps
[2024-07-13T15:48:43.202+0000] {subprocess.py:98} INFO - Command exited with return code 0
[2024-07-13T15:48:43.204+0000] {local.py:254} INFO - Update your versions in packages.yml, then run dbt deps
[2024-07-13T15:48:43.206+0000] {local.py:247} INFO - Trying to run the command:
 ['/opt/airflow/dbt_venv/bin/dbt', 'run', '--models', 'raw_shippers', '--project-dir', '/tmp/tmpqz3r4bn1', '--profiles-dir', '/tmp/cosmos/profile/a0017dab0633177292578162811b91dcb9c56d6e54017e9660056cc364a762ad', '--profile', 'dbt_project', '--target', 'dev']
From /tmp/tmpqz3r4bn1
[2024-07-13T15:48:43.208+0000] {subprocess.py:60} INFO - Tmp dir root location: 
 /tmp
[2024-07-13T15:48:43.212+0000] {subprocess.py:73} INFO - Running command: ['/opt/airflow/dbt_venv/bin/dbt', 'run', '--models', 'raw_shippers', '--project-dir', '/tmp/tmpqz3r4bn1', '--profiles-dir', '/tmp/cosmos/profile/a0017dab0633177292578162811b91dcb9c56d6e54017e9660056cc364a762ad', '--profile', 'dbt_project', '--target', 'dev']
[2024-07-13T15:48:43.234+0000] {subprocess.py:84} INFO - Command output:
[2024-07-13T15:48:52.756+0000] {subprocess.py:94} INFO - [0m15:48:52  Running with dbt=1.8.3
[2024-07-13T15:48:55.959+0000] {subprocess.py:94} INFO - [0m15:48:55  Registered adapter: snowflake=1.8.3
[2024-07-13T15:48:59.936+0000] {subprocess.py:94} INFO - [0m15:48:59  Found 20 models, 27 data tests, 11 sources, 684 macros
[2024-07-13T15:48:59.967+0000] {subprocess.py:94} INFO - [0m15:48:59
[2024-07-13T15:49:09.161+0000] {subprocess.py:94} INFO - [0m15:49:09  Concurrency: 1 threads (target='dev')
[2024-07-13T15:49:09.163+0000] {subprocess.py:94} INFO - [0m15:49:09
[2024-07-13T15:49:09.177+0000] {subprocess.py:94} INFO - [0m15:49:09  1 of 1 START sql table model raw.raw_shippers .................................. [RUN]
[2024-07-13T15:49:11.631+0000] {subprocess.py:94} INFO - [0m15:49:11  1 of 1 OK created sql table model raw.raw_shippers ............................. [[32mSUCCESS 1[0m in 2.45s]
[2024-07-13T15:49:11.644+0000] {subprocess.py:94} INFO - [0m15:49:11
[2024-07-13T15:49:11.646+0000] {subprocess.py:94} INFO - [0m15:49:11  Finished running 1 table model in 0 hours 0 minutes and 11.67 seconds (11.67s).
[2024-07-13T15:49:11.821+0000] {subprocess.py:94} INFO - [0m15:49:11
[2024-07-13T15:49:11.823+0000] {subprocess.py:94} INFO - [0m15:49:11  [32mCompleted successfully[0m
[2024-07-13T15:49:11.824+0000] {subprocess.py:94} INFO - [0m15:49:11
[2024-07-13T15:49:11.825+0000] {subprocess.py:94} INFO - [0m15:49:11  Done. PASS=1 WARN=0 ERROR=0 SKIP=0 TOTAL=1
[2024-07-13T15:49:17.531+0000] {subprocess.py:98} INFO - Command exited with return code 0
[2024-07-13T15:49:17.533+0000] {local.py:254} INFO - [0m15:49:11  Done. PASS=1 WARN=0 ERROR=0 SKIP=0 TOTAL=1
[2024-07-13T15:49:17.572+0000] {local.py:196} WARNING - Artifact schema version: https://schemas.getdbt.com/dbt/manifest/v12.json is above dbt-ol supported version 7. This might cause errors.
[2024-07-13T15:49:17.573+0000] {local.py:196} WARNING - Artifact schema version: https://schemas.getdbt.com/dbt/run-results/v6.json is above dbt-ol supported version 5. This might cause errors.
[2024-07-13T15:49:17.591+0000] {local.py:349} INFO - Inlets: [Dataset(uri='snowflake://OU00370.europe-west2.gcp/ELT_BATCH.PUBLIC.shippers', extra=None)]
[2024-07-13T15:49:17.593+0000] {local.py:350} INFO - Outlets: [Dataset(uri='snowflake://OU00370.europe-west2.gcp/ELT_BATCH.raw.raw_shippers', extra=None)]
[2024-07-13T15:49:17.595+0000] {dag.py:3096} INFO - Sync 1 DAGs
[2024-07-13T15:49:17.660+0000] {dag.py:3954} INFO - Setting next_dagrun for ELT-PROJECT to None, run_after=None
[2024-07-13T15:49:17.753+0000] {taskinstance.py:441} INFO - ::group::Post task execution logs
[2024-07-13T15:49:17.836+0000] {taskinstance.py:1206} INFO - Marking task as SUCCESS. dag_id=ELT-PROJECT, task_id=transform.raw_shippers.run, run_id=manual__2024-07-13T15:47:53.906361+00:00, execution_date=20240713T154753, start_date=20240713T154825, end_date=20240713T154917
[2024-07-13T15:49:17.901+0000] {local_task_job_runner.py:240} INFO - Task exited with return code 0
[2024-07-13T15:49:18.010+0000] {taskinstance.py:3503} INFO - 1 downstream tasks scheduled from follow-on schedule check
[2024-07-13T15:49:18.013+0000] {local_task_job_runner.py:222} INFO - ::endgroup::
