[2024-07-14T04:24:37.512+0000] {local_task_job_runner.py:120} INFO - ::group::Pre task execution logs
[2024-07-14T04:24:37.855+0000] {taskinstance.py:2076} INFO - Dependencies all met for dep_context=non-requeueable deps ti=<TaskInstance: ELT-PROJECT.transform.raw_order_details.run scheduled__2024-07-06T00:00:00+00:00 [queued]>
[2024-07-14T04:24:38.107+0000] {taskinstance.py:2076} INFO - Dependencies all met for dep_context=requeueable deps ti=<TaskInstance: ELT-PROJECT.transform.raw_order_details.run scheduled__2024-07-06T00:00:00+00:00 [queued]>
[2024-07-14T04:24:38.114+0000] {taskinstance.py:2306} INFO - Starting attempt 1 of 2
[2024-07-14T04:24:38.315+0000] {taskinstance.py:2330} INFO - Executing <Task(DbtRunLocalOperator): transform.raw_order_details.run> on 2024-07-06 00:00:00+00:00
[2024-07-14T04:24:38.413+0000] {logging_mixin.py:188} WARNING - /home/airflow/.local/lib/python3.12/site-packages/airflow/task/task_runner/standard_task_runner.py:61 DeprecationWarning: This process (pid=16969) is multi-threaded, use of fork() may lead to deadlocks in the child.
[2024-07-14T04:24:38.428+0000] {standard_task_runner.py:63} INFO - Started process 17002 to run task
[2024-07-14T04:24:38.416+0000] {standard_task_runner.py:90} INFO - Running: ['airflow', 'tasks', 'run', 'ELT-PROJECT', 'transform.raw_order_details.run', 'scheduled__2024-07-06T00:00:00+00:00', '--job-id', '1323', '--raw', '--subdir', 'DAGS_FOLDER/elt.py', '--cfg-path', '/tmp/tmpn5f2r1ts']
[2024-07-14T04:24:38.457+0000] {standard_task_runner.py:91} INFO - Job 1323: Subtask transform.raw_order_details.run
[2024-07-14T04:24:38.558+0000] {logging_mixin.py:188} WARNING - /home/airflow/.local/lib/python3.12/site-packages/airflow/settings.py:195 DeprecationWarning: The sql_alchemy_conn option in [core] has been moved to the sql_alchemy_conn option in [database] - the old setting has been used, but please update your config.
[2024-07-14T04:24:38.786+0000] {task_command.py:426} INFO - Running <TaskInstance: ELT-PROJECT.transform.raw_order_details.run scheduled__2024-07-06T00:00:00+00:00 [running]> on host airflow-scheduler
[2024-07-14T04:24:39.485+0000] {taskinstance.py:2648} INFO - Exporting env vars: AIRFLOW_CTX_DAG_OWNER='Data-Ninja' AIRFLOW_CTX_DAG_ID='ELT-PROJECT' AIRFLOW_CTX_TASK_ID='transform.raw_order_details.run' AIRFLOW_CTX_EXECUTION_DATE='2024-07-06T00:00:00+00:00' AIRFLOW_CTX_TRY_NUMBER='1' AIRFLOW_CTX_DAG_RUN_ID='scheduled__2024-07-06T00:00:00+00:00'
[2024-07-14T04:24:39.499+0000] {taskinstance.py:430} INFO - ::endgroup::
[2024-07-14T04:24:39.504+0000] {local.py:174} INFO - Could not import dbtRunner. Falling back to subprocess for invoking dbt.
[2024-07-14T04:24:39.509+0000] {local.py:292} INFO - Cloning project to writable temp directory /tmp/tmp61z4e4oe from /opt/airflow/dags/dbt/dbt_project
[2024-07-14T04:24:39.536+0000] {local.py:303} INFO - Partial parse is enabled and the latest partial parse file is /tmp/cosmos/ELT-PROJECT__transform/target/partial_parse.msgpack
[2024-07-14T04:24:39.740+0000] {base.py:84} INFO - Using connection ID 'snow_conn' for task execution.
[2024-07-14T04:24:39.745+0000] {crypto.py:82} WARNING - empty cryptography key - values will not be stored encrypted.
[2024-07-14T04:24:39.758+0000] {config.py:298} INFO - Profile caching is enable.
[2024-07-14T04:24:39.765+0000] {config.py:272} INFO - Profile found in cache using profile: /tmp/cosmos/profile/a0017dab0633177292578162811b91dcb9c56d6e54017e9660056cc364a762ad/profiles.yml.
[2024-07-14T04:24:39.771+0000] {local.py:247} INFO - Trying to run the command:
 ['/opt/airflow/dbt_venv/bin/dbt', 'deps', '--project-dir', '/tmp/tmp61z4e4oe', '--profiles-dir', '/tmp/cosmos/profile/a0017dab0633177292578162811b91dcb9c56d6e54017e9660056cc364a762ad', '--profile', 'dbt_project', '--target', 'dev']
From /tmp/tmp61z4e4oe
[2024-07-14T04:24:39.782+0000] {subprocess.py:60} INFO - Tmp dir root location: 
 /tmp
[2024-07-14T04:24:39.784+0000] {subprocess.py:73} INFO - Running command: ['/opt/airflow/dbt_venv/bin/dbt', 'deps', '--project-dir', '/tmp/tmp61z4e4oe', '--profiles-dir', '/tmp/cosmos/profile/a0017dab0633177292578162811b91dcb9c56d6e54017e9660056cc364a762ad', '--profile', 'dbt_project', '--target', 'dev']
[2024-07-14T04:24:39.897+0000] {subprocess.py:84} INFO - Command output:
[2024-07-14T04:24:54.451+0000] {subprocess.py:94} INFO - [0m04:24:54  Running with dbt=1.8.3
[2024-07-14T04:24:57.174+0000] {subprocess.py:94} INFO - [0m04:24:57  Updating lock file in file path: /tmp/tmp61z4e4oe/package-lock.yml
[2024-07-14T04:24:57.264+0000] {subprocess.py:94} INFO - [0m04:24:57  Installing dbt-labs/dbt_utils
[2024-07-14T04:24:58.429+0000] {subprocess.py:94} INFO - [0m04:24:58  Installed from version 0.8.6
[2024-07-14T04:24:58.435+0000] {subprocess.py:94} INFO - [0m04:24:58  Updated version available: 1.2.0
[2024-07-14T04:24:58.441+0000] {subprocess.py:94} INFO - [0m04:24:58
[2024-07-14T04:24:58.450+0000] {subprocess.py:94} INFO - [0m04:24:58  Updates available for packages: ['dbt-labs/dbt_utils']
[2024-07-14T04:24:58.457+0000] {subprocess.py:94} INFO - Update your versions in packages.yml, then run dbt deps
[2024-07-14T04:25:00.848+0000] {subprocess.py:98} INFO - Command exited with return code 0
[2024-07-14T04:25:00.851+0000] {local.py:254} INFO - Update your versions in packages.yml, then run dbt deps
[2024-07-14T04:25:00.853+0000] {local.py:247} INFO - Trying to run the command:
 ['/opt/airflow/dbt_venv/bin/dbt', 'run', '--models', 'raw_order_details', '--project-dir', '/tmp/tmp61z4e4oe', '--profiles-dir', '/tmp/cosmos/profile/a0017dab0633177292578162811b91dcb9c56d6e54017e9660056cc364a762ad', '--profile', 'dbt_project', '--target', 'dev']
From /tmp/tmp61z4e4oe
[2024-07-14T04:25:00.855+0000] {subprocess.py:60} INFO - Tmp dir root location: 
 /tmp
[2024-07-14T04:25:00.860+0000] {subprocess.py:73} INFO - Running command: ['/opt/airflow/dbt_venv/bin/dbt', 'run', '--models', 'raw_order_details', '--project-dir', '/tmp/tmp61z4e4oe', '--profiles-dir', '/tmp/cosmos/profile/a0017dab0633177292578162811b91dcb9c56d6e54017e9660056cc364a762ad', '--profile', 'dbt_project', '--target', 'dev']
[2024-07-14T04:25:00.948+0000] {subprocess.py:84} INFO - Command output:
[2024-07-14T04:25:17.292+0000] {subprocess.py:94} INFO - [0m04:25:17  Running with dbt=1.8.3
[2024-07-14T04:25:20.805+0000] {subprocess.py:94} INFO - [0m04:25:20  Registered adapter: snowflake=1.8.3
[2024-07-14T04:25:26.524+0000] {subprocess.py:94} INFO - [0m04:25:26  Found 20 models, 27 data tests, 11 sources, 684 macros
[2024-07-14T04:25:26.571+0000] {subprocess.py:94} INFO - [0m04:25:26
[2024-07-14T04:25:35.759+0000] {subprocess.py:94} INFO - [0m04:25:35  Concurrency: 1 threads (target='dev')
[2024-07-14T04:25:35.762+0000] {subprocess.py:94} INFO - [0m04:25:35
[2024-07-14T04:25:35.935+0000] {subprocess.py:94} INFO - [0m04:25:35  1 of 1 START sql table model raw.raw_order_details ............................. [RUN]
[2024-07-14T04:25:39.094+0000] {subprocess.py:94} INFO - [0m04:25:39  1 of 1 OK created sql table model raw.raw_order_details ........................ [[32mSUCCESS 1[0m in 3.15s]
[2024-07-14T04:25:39.108+0000] {subprocess.py:94} INFO - [0m04:25:39
[2024-07-14T04:25:39.113+0000] {subprocess.py:94} INFO - [0m04:25:39  Finished running 1 table model in 0 hours 0 minutes and 12.53 seconds (12.53s).
[2024-07-14T04:25:39.978+0000] {subprocess.py:94} INFO - [0m04:25:39
[2024-07-14T04:25:39.982+0000] {subprocess.py:94} INFO - [0m04:25:39  [32mCompleted successfully[0m
[2024-07-14T04:25:39.986+0000] {subprocess.py:94} INFO - [0m04:25:39
[2024-07-14T04:25:39.990+0000] {subprocess.py:94} INFO - [0m04:25:39  Done. PASS=1 WARN=0 ERROR=0 SKIP=0 TOTAL=1
[2024-07-14T04:25:42.762+0000] {subprocess.py:98} INFO - Command exited with return code 0
[2024-07-14T04:25:42.765+0000] {local.py:254} INFO - [0m04:25:39  Done. PASS=1 WARN=0 ERROR=0 SKIP=0 TOTAL=1
[2024-07-14T04:25:44.098+0000] {local.py:196} WARNING - Artifact schema version: https://schemas.getdbt.com/dbt/manifest/v12.json is above dbt-ol supported version 7. This might cause errors.
[2024-07-14T04:25:44.100+0000] {local.py:196} WARNING - Artifact schema version: https://schemas.getdbt.com/dbt/run-results/v6.json is above dbt-ol supported version 5. This might cause errors.
[2024-07-14T04:25:44.141+0000] {local.py:349} INFO - Inlets: [Dataset(uri='snowflake://OU00370.europe-west2.gcp/ELT_BATCH.PUBLIC.order_details', extra=None)]
[2024-07-14T04:25:44.144+0000] {local.py:350} INFO - Outlets: [Dataset(uri='snowflake://OU00370.europe-west2.gcp/ELT_BATCH.raw.raw_order_details', extra=None)]
[2024-07-14T04:25:44.147+0000] {dag.py:3096} INFO - Sync 1 DAGs
[2024-07-14T04:25:44.561+0000] {taskinstance.py:441} INFO - ::group::Post task execution logs
[2024-07-14T04:25:44.914+0000] {taskinstance.py:1206} INFO - Marking task as SUCCESS. dag_id=ELT-PROJECT, task_id=transform.raw_order_details.run, run_id=scheduled__2024-07-06T00:00:00+00:00, execution_date=20240706T000000, start_date=20240714T042437, end_date=20240714T042544
[2024-07-14T04:25:45.341+0000] {local_task_job_runner.py:240} INFO - Task exited with return code 0
[2024-07-14T04:25:45.624+0000] {taskinstance.py:3503} INFO - 1 downstream tasks scheduled from follow-on schedule check
[2024-07-14T04:25:45.645+0000] {local_task_job_runner.py:222} INFO - ::endgroup::
