[2024-07-14T03:51:56.131+0000] {local_task_job_runner.py:120} INFO - ::group::Pre task execution logs
[2024-07-14T03:51:56.260+0000] {taskinstance.py:2076} INFO - Dependencies all met for dep_context=non-requeueable deps ti=<TaskInstance: ELT-PROJECT.transform.fact_order_details.run manual__2024-07-14T03:47:05.410676+00:00 [queued]>
[2024-07-14T03:51:56.322+0000] {taskinstance.py:2076} INFO - Dependencies all met for dep_context=requeueable deps ti=<TaskInstance: ELT-PROJECT.transform.fact_order_details.run manual__2024-07-14T03:47:05.410676+00:00 [queued]>
[2024-07-14T03:51:56.325+0000] {taskinstance.py:2306} INFO - Starting attempt 1 of 2
[2024-07-14T03:51:56.377+0000] {taskinstance.py:2330} INFO - Executing <Task(DbtRunLocalOperator): transform.fact_order_details.run> on 2024-07-14 03:47:05.410676+00:00
[2024-07-14T03:51:56.405+0000] {logging_mixin.py:188} WARNING - /home/airflow/.local/lib/python3.12/site-packages/airflow/task/task_runner/standard_task_runner.py:61 DeprecationWarning: This process (pid=9153) is multi-threaded, use of fork() may lead to deadlocks in the child.
[2024-07-14T03:51:56.409+0000] {standard_task_runner.py:63} INFO - Started process 9155 to run task
[2024-07-14T03:51:56.405+0000] {standard_task_runner.py:90} INFO - Running: ['airflow', 'tasks', 'run', 'ELT-PROJECT', 'transform.fact_order_details.run', 'manual__2024-07-14T03:47:05.410676+00:00', '--job-id', '666', '--raw', '--subdir', 'DAGS_FOLDER/elt.py', '--cfg-path', '/tmp/tmpnace_ktq']
[2024-07-14T03:51:56.412+0000] {standard_task_runner.py:91} INFO - Job 666: Subtask transform.fact_order_details.run
[2024-07-14T03:51:56.473+0000] {logging_mixin.py:188} WARNING - /home/airflow/.local/lib/python3.12/site-packages/airflow/settings.py:195 DeprecationWarning: The sql_alchemy_conn option in [core] has been moved to the sql_alchemy_conn option in [database] - the old setting has been used, but please update your config.
[2024-07-14T03:51:56.601+0000] {task_command.py:426} INFO - Running <TaskInstance: ELT-PROJECT.transform.fact_order_details.run manual__2024-07-14T03:47:05.410676+00:00 [running]> on host airflow-scheduler
[2024-07-14T03:51:57.010+0000] {taskinstance.py:2648} INFO - Exporting env vars: AIRFLOW_CTX_DAG_OWNER='Data-Ninja' AIRFLOW_CTX_DAG_ID='ELT-PROJECT' AIRFLOW_CTX_TASK_ID='transform.fact_order_details.run' AIRFLOW_CTX_EXECUTION_DATE='2024-07-14T03:47:05.410676+00:00' AIRFLOW_CTX_TRY_NUMBER='1' AIRFLOW_CTX_DAG_RUN_ID='manual__2024-07-14T03:47:05.410676+00:00'
[2024-07-14T03:51:57.016+0000] {taskinstance.py:430} INFO - ::endgroup::
[2024-07-14T03:51:57.025+0000] {local.py:174} INFO - Could not import dbtRunner. Falling back to subprocess for invoking dbt.
[2024-07-14T03:51:57.033+0000] {local.py:292} INFO - Cloning project to writable temp directory /tmp/tmpuclhp7f8 from /opt/airflow/dags/dbt/dbt_project
[2024-07-14T03:51:57.067+0000] {local.py:303} INFO - Partial parse is enabled and the latest partial parse file is /tmp/cosmos/ELT-PROJECT__transform/target/partial_parse.msgpack
[2024-07-14T03:51:57.178+0000] {base.py:84} INFO - Using connection ID 'snow_conn' for task execution.
[2024-07-14T03:51:57.181+0000] {crypto.py:82} WARNING - empty cryptography key - values will not be stored encrypted.
[2024-07-14T03:51:57.184+0000] {config.py:298} INFO - Profile caching is enable.
[2024-07-14T03:51:57.194+0000] {config.py:272} INFO - Profile found in cache using profile: /tmp/cosmos/profile/a0017dab0633177292578162811b91dcb9c56d6e54017e9660056cc364a762ad/profiles.yml.
[2024-07-14T03:51:57.198+0000] {local.py:247} INFO - Trying to run the command:
 ['/opt/airflow/dbt_venv/bin/dbt', 'deps', '--project-dir', '/tmp/tmpuclhp7f8', '--profiles-dir', '/tmp/cosmos/profile/a0017dab0633177292578162811b91dcb9c56d6e54017e9660056cc364a762ad', '--profile', 'dbt_project', '--target', 'dev']
From /tmp/tmpuclhp7f8
[2024-07-14T03:51:57.203+0000] {subprocess.py:60} INFO - Tmp dir root location: 
 /tmp
[2024-07-14T03:51:57.206+0000] {subprocess.py:73} INFO - Running command: ['/opt/airflow/dbt_venv/bin/dbt', 'deps', '--project-dir', '/tmp/tmpuclhp7f8', '--profiles-dir', '/tmp/cosmos/profile/a0017dab0633177292578162811b91dcb9c56d6e54017e9660056cc364a762ad', '--profile', 'dbt_project', '--target', 'dev']
[2024-07-14T03:51:57.247+0000] {subprocess.py:84} INFO - Command output:
[2024-07-14T03:52:02.202+0000] {subprocess.py:94} INFO - [0m03:52:02  Running with dbt=1.8.3
[2024-07-14T03:52:10.246+0000] {subprocess.py:94} INFO - [0m03:52:10  Updating lock file in file path: /tmp/tmpuclhp7f8/package-lock.yml
[2024-07-14T03:52:10.284+0000] {subprocess.py:94} INFO - [0m03:52:10  Installing dbt-labs/dbt_utils
[2024-07-14T03:52:10.995+0000] {subprocess.py:94} INFO - [0m03:52:10  Installed from version 0.8.6
[2024-07-14T03:52:10.999+0000] {subprocess.py:94} INFO - [0m03:52:10  Updated version available: 1.2.0
[2024-07-14T03:52:11.003+0000] {subprocess.py:94} INFO - [0m03:52:11
[2024-07-14T03:52:11.008+0000] {subprocess.py:94} INFO - [0m03:52:11  Updates available for packages: ['dbt-labs/dbt_utils']
[2024-07-14T03:52:11.012+0000] {subprocess.py:94} INFO - Update your versions in packages.yml, then run dbt deps
[2024-07-14T03:52:12.677+0000] {subprocess.py:98} INFO - Command exited with return code 0
[2024-07-14T03:52:12.679+0000] {local.py:254} INFO - Update your versions in packages.yml, then run dbt deps
[2024-07-14T03:52:12.681+0000] {local.py:247} INFO - Trying to run the command:
 ['/opt/airflow/dbt_venv/bin/dbt', 'run', '--models', 'fact_order_details', '--project-dir', '/tmp/tmpuclhp7f8', '--profiles-dir', '/tmp/cosmos/profile/a0017dab0633177292578162811b91dcb9c56d6e54017e9660056cc364a762ad', '--profile', 'dbt_project', '--target', 'dev']
From /tmp/tmpuclhp7f8
[2024-07-14T03:52:12.683+0000] {subprocess.py:60} INFO - Tmp dir root location: 
 /tmp
[2024-07-14T03:52:12.685+0000] {subprocess.py:73} INFO - Running command: ['/opt/airflow/dbt_venv/bin/dbt', 'run', '--models', 'fact_order_details', '--project-dir', '/tmp/tmpuclhp7f8', '--profiles-dir', '/tmp/cosmos/profile/a0017dab0633177292578162811b91dcb9c56d6e54017e9660056cc364a762ad', '--profile', 'dbt_project', '--target', 'dev']
[2024-07-14T03:52:12.705+0000] {subprocess.py:84} INFO - Command output:
[2024-07-14T03:52:18.457+0000] {subprocess.py:94} INFO - [0m03:52:18  Running with dbt=1.8.3
[2024-07-14T03:52:19.791+0000] {subprocess.py:94} INFO - [0m03:52:19  Registered adapter: snowflake=1.8.3
[2024-07-14T03:52:22.347+0000] {subprocess.py:94} INFO - [0m03:52:22  Found 20 models, 27 data tests, 11 sources, 684 macros
[2024-07-14T03:52:22.353+0000] {subprocess.py:94} INFO - [0m03:52:22
[2024-07-14T03:52:30.504+0000] {subprocess.py:94} INFO - [0m03:52:30  Concurrency: 1 threads (target='dev')
[2024-07-14T03:52:30.512+0000] {subprocess.py:94} INFO - [0m03:52:30
[2024-07-14T03:52:30.584+0000] {subprocess.py:94} INFO - [0m03:52:30  1 of 1 START sql table model dwh.fact_order_details ............................ [RUN]
[2024-07-14T03:52:33.547+0000] {subprocess.py:94} INFO - [0m03:52:33  1 of 1 OK created sql table model dwh.fact_order_details ....................... [[32mSUCCESS 1[0m in 2.94s]
[2024-07-14T03:52:33.568+0000] {subprocess.py:94} INFO - [0m03:52:33
[2024-07-14T03:52:33.573+0000] {subprocess.py:94} INFO - [0m03:52:33  Finished running 1 table model in 0 hours 0 minutes and 11.21 seconds (11.21s).
[2024-07-14T03:52:33.899+0000] {subprocess.py:94} INFO - [0m03:52:33
[2024-07-14T03:52:33.903+0000] {subprocess.py:94} INFO - [0m03:52:33  [32mCompleted successfully[0m
[2024-07-14T03:52:33.907+0000] {subprocess.py:94} INFO - [0m03:52:33
[2024-07-14T03:52:33.911+0000] {subprocess.py:94} INFO - [0m03:52:33  Done. PASS=1 WARN=0 ERROR=0 SKIP=0 TOTAL=1
[2024-07-14T03:52:36.170+0000] {subprocess.py:98} INFO - Command exited with return code 0
[2024-07-14T03:52:36.173+0000] {local.py:254} INFO - [0m03:52:33  Done. PASS=1 WARN=0 ERROR=0 SKIP=0 TOTAL=1
[2024-07-14T03:52:36.629+0000] {local.py:196} WARNING - Artifact schema version: https://schemas.getdbt.com/dbt/manifest/v12.json is above dbt-ol supported version 7. This might cause errors.
[2024-07-14T03:52:36.631+0000] {local.py:196} WARNING - Artifact schema version: https://schemas.getdbt.com/dbt/run-results/v6.json is above dbt-ol supported version 5. This might cause errors.
[2024-07-14T03:52:36.644+0000] {local.py:349} INFO - Inlets: [Dataset(uri='snowflake://OU00370.europe-west2.gcp/ELT_BATCH.dwh.dim_products', extra=None), Dataset(uri='snowflake://OU00370.europe-west2.gcp/ELT_BATCH.dwh.fact_orders', extra=None), Dataset(uri='snowflake://OU00370.europe-west2.gcp/ELT_BATCH.raw.raw_order_details', extra=None)]
[2024-07-14T03:52:36.646+0000] {local.py:350} INFO - Outlets: [Dataset(uri='snowflake://OU00370.europe-west2.gcp/ELT_BATCH.dwh.fact_order_details', extra=None)]
[2024-07-14T03:52:36.648+0000] {dag.py:3096} INFO - Sync 1 DAGs
[2024-07-14T03:52:36.699+0000] {dag.py:3954} INFO - Setting next_dagrun for ELT-PROJECT to None, run_after=None
[2024-07-14T03:52:36.823+0000] {taskinstance.py:441} INFO - ::group::Post task execution logs
[2024-07-14T03:52:36.934+0000] {taskinstance.py:1206} INFO - Marking task as SUCCESS. dag_id=ELT-PROJECT, task_id=transform.fact_order_details.run, run_id=manual__2024-07-14T03:47:05.410676+00:00, execution_date=20240714T034705, start_date=20240714T035156, end_date=20240714T035236
[2024-07-14T03:52:37.083+0000] {local_task_job_runner.py:240} INFO - Task exited with return code 0
[2024-07-14T03:52:37.148+0000] {local_task_job_runner.py:222} INFO - ::endgroup::
