[2024-07-14T04:05:51.131+0000] {local_task_job_runner.py:120} INFO - ::group::Pre task execution logs
[2024-07-14T04:05:51.386+0000] {taskinstance.py:2076} INFO - Dependencies all met for dep_context=non-requeueable deps ti=<TaskInstance: ELT-PROJECT.transform.raw_employees.run scheduled__2024-07-12T00:00:00+00:00 [queued]>
[2024-07-14T04:05:51.460+0000] {taskinstance.py:2076} INFO - Dependencies all met for dep_context=requeueable deps ti=<TaskInstance: ELT-PROJECT.transform.raw_employees.run scheduled__2024-07-12T00:00:00+00:00 [queued]>
[2024-07-14T04:05:51.467+0000] {taskinstance.py:2306} INFO - Starting attempt 1 of 2
[2024-07-14T04:05:51.598+0000] {taskinstance.py:2330} INFO - Executing <Task(DbtRunLocalOperator): transform.raw_employees.run> on 2024-07-12 00:00:00+00:00
[2024-07-14T04:05:51.687+0000] {logging_mixin.py:188} WARNING - /home/airflow/.local/lib/python3.12/site-packages/airflow/task/task_runner/standard_task_runner.py:61 DeprecationWarning: This process (pid=12984) is multi-threaded, use of fork() may lead to deadlocks in the child.
[2024-07-14T04:05:51.695+0000] {standard_task_runner.py:63} INFO - Started process 13004 to run task
[2024-07-14T04:05:51.697+0000] {standard_task_runner.py:90} INFO - Running: ['airflow', 'tasks', 'run', 'ELT-PROJECT', 'transform.raw_employees.run', 'scheduled__2024-07-12T00:00:00+00:00', '--job-id', '1084', '--raw', '--subdir', 'DAGS_FOLDER/elt.py', '--cfg-path', '/tmp/tmpp4j46uh8']
[2024-07-14T04:05:51.724+0000] {standard_task_runner.py:91} INFO - Job 1084: Subtask transform.raw_employees.run
[2024-07-14T04:05:51.815+0000] {logging_mixin.py:188} WARNING - /home/airflow/.local/lib/python3.12/site-packages/airflow/settings.py:195 DeprecationWarning: The sql_alchemy_conn option in [core] has been moved to the sql_alchemy_conn option in [database] - the old setting has been used, but please update your config.
[2024-07-14T04:05:52.075+0000] {task_command.py:426} INFO - Running <TaskInstance: ELT-PROJECT.transform.raw_employees.run scheduled__2024-07-12T00:00:00+00:00 [running]> on host airflow-scheduler
[2024-07-14T04:05:52.682+0000] {taskinstance.py:2648} INFO - Exporting env vars: AIRFLOW_CTX_DAG_OWNER='Data-Ninja' AIRFLOW_CTX_DAG_ID='ELT-PROJECT' AIRFLOW_CTX_TASK_ID='transform.raw_employees.run' AIRFLOW_CTX_EXECUTION_DATE='2024-07-12T00:00:00+00:00' AIRFLOW_CTX_TRY_NUMBER='1' AIRFLOW_CTX_DAG_RUN_ID='scheduled__2024-07-12T00:00:00+00:00'
[2024-07-14T04:05:52.685+0000] {taskinstance.py:430} INFO - ::endgroup::
[2024-07-14T04:05:52.690+0000] {local.py:174} INFO - Could not import dbtRunner. Falling back to subprocess for invoking dbt.
[2024-07-14T04:05:52.698+0000] {local.py:292} INFO - Cloning project to writable temp directory /tmp/tmpi6nh1gua from /opt/airflow/dags/dbt/dbt_project
[2024-07-14T04:05:52.711+0000] {local.py:303} INFO - Partial parse is enabled and the latest partial parse file is /tmp/cosmos/ELT-PROJECT__transform/target/partial_parse.msgpack
[2024-07-14T04:05:53.018+0000] {base.py:84} INFO - Using connection ID 'snow_conn' for task execution.
[2024-07-14T04:05:53.041+0000] {crypto.py:82} WARNING - empty cryptography key - values will not be stored encrypted.
[2024-07-14T04:05:53.046+0000] {config.py:298} INFO - Profile caching is enable.
[2024-07-14T04:05:53.060+0000] {config.py:272} INFO - Profile found in cache using profile: /tmp/cosmos/profile/a0017dab0633177292578162811b91dcb9c56d6e54017e9660056cc364a762ad/profiles.yml.
[2024-07-14T04:05:53.077+0000] {local.py:247} INFO - Trying to run the command:
 ['/opt/airflow/dbt_venv/bin/dbt', 'deps', '--project-dir', '/tmp/tmpi6nh1gua', '--profiles-dir', '/tmp/cosmos/profile/a0017dab0633177292578162811b91dcb9c56d6e54017e9660056cc364a762ad', '--profile', 'dbt_project', '--target', 'dev']
From /tmp/tmpi6nh1gua
[2024-07-14T04:05:53.094+0000] {subprocess.py:60} INFO - Tmp dir root location: 
 /tmp
[2024-07-14T04:05:53.098+0000] {subprocess.py:73} INFO - Running command: ['/opt/airflow/dbt_venv/bin/dbt', 'deps', '--project-dir', '/tmp/tmpi6nh1gua', '--profiles-dir', '/tmp/cosmos/profile/a0017dab0633177292578162811b91dcb9c56d6e54017e9660056cc364a762ad', '--profile', 'dbt_project', '--target', 'dev']
[2024-07-14T04:05:53.190+0000] {subprocess.py:84} INFO - Command output:
[2024-07-14T04:06:11.230+0000] {subprocess.py:94} INFO - [0m04:06:11  Running with dbt=1.8.3
[2024-07-14T04:06:12.489+0000] {subprocess.py:94} INFO - [0m04:06:12  Updating lock file in file path: /tmp/tmpi6nh1gua/package-lock.yml
[2024-07-14T04:06:12.538+0000] {subprocess.py:94} INFO - [0m04:06:12  Installing dbt-labs/dbt_utils
[2024-07-14T04:06:14.651+0000] {subprocess.py:94} INFO - [0m04:06:14  Installed from version 0.8.6
[2024-07-14T04:06:14.657+0000] {subprocess.py:94} INFO - [0m04:06:14  Updated version available: 1.2.0
[2024-07-14T04:06:14.665+0000] {subprocess.py:94} INFO - [0m04:06:14
[2024-07-14T04:06:14.676+0000] {subprocess.py:94} INFO - [0m04:06:14  Updates available for packages: ['dbt-labs/dbt_utils']
[2024-07-14T04:06:14.682+0000] {subprocess.py:94} INFO - Update your versions in packages.yml, then run dbt deps
[2024-07-14T04:06:17.006+0000] {subprocess.py:98} INFO - Command exited with return code 0
[2024-07-14T04:06:17.015+0000] {local.py:254} INFO - Update your versions in packages.yml, then run dbt deps
[2024-07-14T04:06:17.017+0000] {local.py:247} INFO - Trying to run the command:
 ['/opt/airflow/dbt_venv/bin/dbt', 'run', '--models', 'raw_employees', '--project-dir', '/tmp/tmpi6nh1gua', '--profiles-dir', '/tmp/cosmos/profile/a0017dab0633177292578162811b91dcb9c56d6e54017e9660056cc364a762ad', '--profile', 'dbt_project', '--target', 'dev']
From /tmp/tmpi6nh1gua
[2024-07-14T04:06:17.042+0000] {subprocess.py:60} INFO - Tmp dir root location: 
 /tmp
[2024-07-14T04:06:17.065+0000] {subprocess.py:73} INFO - Running command: ['/opt/airflow/dbt_venv/bin/dbt', 'run', '--models', 'raw_employees', '--project-dir', '/tmp/tmpi6nh1gua', '--profiles-dir', '/tmp/cosmos/profile/a0017dab0633177292578162811b91dcb9c56d6e54017e9660056cc364a762ad', '--profile', 'dbt_project', '--target', 'dev']
[2024-07-14T04:06:17.256+0000] {subprocess.py:84} INFO - Command output:
[2024-07-14T04:06:32.730+0000] {subprocess.py:94} INFO - [0m04:06:32  Running with dbt=1.8.3
[2024-07-14T04:06:36.704+0000] {subprocess.py:94} INFO - [0m04:06:36  Registered adapter: snowflake=1.8.3
[2024-07-14T04:06:40.214+0000] {subprocess.py:94} INFO - [0m04:06:40  Found 20 models, 27 data tests, 11 sources, 684 macros
[2024-07-14T04:06:40.229+0000] {subprocess.py:94} INFO - [0m04:06:40
[2024-07-14T04:06:49.098+0000] {subprocess.py:94} INFO - [0m04:06:49  Concurrency: 1 threads (target='dev')
[2024-07-14T04:06:49.103+0000] {subprocess.py:94} INFO - [0m04:06:49
[2024-07-14T04:06:49.135+0000] {subprocess.py:94} INFO - [0m04:06:49  1 of 1 START sql table model raw.raw_employees ................................. [RUN]
[2024-07-14T04:06:52.334+0000] {subprocess.py:94} INFO - [0m04:06:52  1 of 1 OK created sql table model raw.raw_employees ............................ [[32mSUCCESS 1[0m in 3.17s]
[2024-07-14T04:06:52.369+0000] {subprocess.py:94} INFO - [0m04:06:52
[2024-07-14T04:06:52.371+0000] {subprocess.py:94} INFO - [0m04:06:52  Finished running 1 table model in 0 hours 0 minutes and 12.14 seconds (12.14s).
[2024-07-14T04:06:53.446+0000] {subprocess.py:94} INFO - [0m04:06:53
[2024-07-14T04:06:53.480+0000] {subprocess.py:94} INFO - [0m04:06:53  [32mCompleted successfully[0m
[2024-07-14T04:06:53.488+0000] {subprocess.py:94} INFO - [0m04:06:53
[2024-07-14T04:06:53.494+0000] {subprocess.py:94} INFO - [0m04:06:53  Done. PASS=1 WARN=0 ERROR=0 SKIP=0 TOTAL=1
[2024-07-14T04:06:56.589+0000] {subprocess.py:98} INFO - Command exited with return code 0
[2024-07-14T04:06:56.591+0000] {local.py:254} INFO - [0m04:06:53  Done. PASS=1 WARN=0 ERROR=0 SKIP=0 TOTAL=1
[2024-07-14T04:06:57.518+0000] {local.py:196} WARNING - Artifact schema version: https://schemas.getdbt.com/dbt/manifest/v12.json is above dbt-ol supported version 7. This might cause errors.
[2024-07-14T04:06:57.529+0000] {local.py:196} WARNING - Artifact schema version: https://schemas.getdbt.com/dbt/run-results/v6.json is above dbt-ol supported version 5. This might cause errors.
[2024-07-14T04:06:57.575+0000] {local.py:349} INFO - Inlets: [Dataset(uri='snowflake://OU00370.europe-west2.gcp/ELT_BATCH.PUBLIC.employees', extra=None)]
[2024-07-14T04:06:57.607+0000] {local.py:350} INFO - Outlets: [Dataset(uri='snowflake://OU00370.europe-west2.gcp/ELT_BATCH.raw.raw_employees', extra=None)]
[2024-07-14T04:06:57.610+0000] {dag.py:3096} INFO - Sync 1 DAGs
[2024-07-14T04:06:57.987+0000] {taskinstance.py:441} INFO - ::group::Post task execution logs
[2024-07-14T04:06:58.284+0000] {taskinstance.py:1206} INFO - Marking task as SUCCESS. dag_id=ELT-PROJECT, task_id=transform.raw_employees.run, run_id=scheduled__2024-07-12T00:00:00+00:00, execution_date=20240712T000000, start_date=20240714T040551, end_date=20240714T040658
[2024-07-14T04:06:59.004+0000] {local_task_job_runner.py:240} INFO - Task exited with return code 0
[2024-07-14T04:06:59.234+0000] {taskinstance.py:3503} INFO - 1 downstream tasks scheduled from follow-on schedule check
[2024-07-14T04:06:59.248+0000] {local_task_job_runner.py:222} INFO - ::endgroup::
