[2024-07-13T15:22:13.881+0000] {local_task_job_runner.py:120} INFO - ::group::Pre task execution logs
[2024-07-13T15:22:13.971+0000] {taskinstance.py:2076} INFO - Dependencies all met for dep_context=non-requeueable deps ti=<TaskInstance: ELT-PROJECT.transform.raw_employees.run manual__2024-07-13T15:21:44.430274+00:00 [queued]>
[2024-07-13T15:22:14.006+0000] {taskinstance.py:2076} INFO - Dependencies all met for dep_context=requeueable deps ti=<TaskInstance: ELT-PROJECT.transform.raw_employees.run manual__2024-07-13T15:21:44.430274+00:00 [queued]>
[2024-07-13T15:22:14.008+0000] {taskinstance.py:2306} INFO - Starting attempt 1 of 2
[2024-07-13T15:22:14.045+0000] {taskinstance.py:2330} INFO - Executing <Task(DbtRunLocalOperator): transform.raw_employees.run> on 2024-07-13 15:21:44.430274+00:00
[2024-07-13T15:22:14.068+0000] {logging_mixin.py:188} WARNING - /home/airflow/.local/lib/python3.12/site-packages/airflow/task/task_runner/standard_task_runner.py:61 DeprecationWarning: This process (pid=1218) is multi-threaded, use of fork() may lead to deadlocks in the child.
[2024-07-13T15:22:14.070+0000] {standard_task_runner.py:63} INFO - Started process 1238 to run task
[2024-07-13T15:22:14.065+0000] {standard_task_runner.py:90} INFO - Running: ['airflow', 'tasks', 'run', 'ELT-PROJECT', 'transform.raw_employees.run', 'manual__2024-07-13T15:21:44.430274+00:00', '--job-id', '421', '--raw', '--subdir', 'DAGS_FOLDER/elt.py', '--cfg-path', '/tmp/tmpkcknbfff']
[2024-07-13T15:22:14.078+0000] {standard_task_runner.py:91} INFO - Job 421: Subtask transform.raw_employees.run
[2024-07-13T15:22:14.144+0000] {logging_mixin.py:188} WARNING - /home/airflow/.local/lib/python3.12/site-packages/airflow/settings.py:195 DeprecationWarning: The sql_alchemy_conn option in [core] has been moved to the sql_alchemy_conn option in [database] - the old setting has been used, but please update your config.
[2024-07-13T15:22:14.272+0000] {task_command.py:426} INFO - Running <TaskInstance: ELT-PROJECT.transform.raw_employees.run manual__2024-07-13T15:21:44.430274+00:00 [running]> on host airflow-scheduler
[2024-07-13T15:22:14.575+0000] {taskinstance.py:2648} INFO - Exporting env vars: AIRFLOW_CTX_DAG_OWNER='Data-Ninja' AIRFLOW_CTX_DAG_ID='ELT-PROJECT' AIRFLOW_CTX_TASK_ID='transform.raw_employees.run' AIRFLOW_CTX_EXECUTION_DATE='2024-07-13T15:21:44.430274+00:00' AIRFLOW_CTX_TRY_NUMBER='1' AIRFLOW_CTX_DAG_RUN_ID='manual__2024-07-13T15:21:44.430274+00:00'
[2024-07-13T15:22:14.583+0000] {taskinstance.py:430} INFO - ::endgroup::
[2024-07-13T15:22:14.587+0000] {local.py:174} INFO - Could not import dbtRunner. Falling back to subprocess for invoking dbt.
[2024-07-13T15:22:14.594+0000] {local.py:292} INFO - Cloning project to writable temp directory /tmp/tmpw8h017k0 from /opt/airflow/dags/dbt/dbt_project
[2024-07-13T15:22:14.627+0000] {local.py:303} INFO - Partial parse is enabled and the latest partial parse file is /tmp/cosmos/ELT-PROJECT__transform/target/partial_parse.msgpack
[2024-07-13T15:22:15.202+0000] {base.py:84} INFO - Using connection ID 'snow_conn' for task execution.
[2024-07-13T15:22:15.208+0000] {crypto.py:82} WARNING - empty cryptography key - values will not be stored encrypted.
[2024-07-13T15:22:15.210+0000] {config.py:298} INFO - Profile caching is enable.
[2024-07-13T15:22:15.216+0000] {config.py:272} INFO - Profile found in cache using profile: /tmp/cosmos/profile/a0017dab0633177292578162811b91dcb9c56d6e54017e9660056cc364a762ad/profiles.yml.
[2024-07-13T15:22:15.218+0000] {local.py:247} INFO - Trying to run the command:
 ['/opt/airflow/dbt_venv/bin/dbt', 'deps', '--project-dir', '/tmp/tmpw8h017k0', '--profiles-dir', '/tmp/cosmos/profile/a0017dab0633177292578162811b91dcb9c56d6e54017e9660056cc364a762ad', '--profile', 'dbt_project', '--target', 'dev']
From /tmp/tmpw8h017k0
[2024-07-13T15:22:15.221+0000] {subprocess.py:60} INFO - Tmp dir root location: 
 /tmp
[2024-07-13T15:22:15.227+0000] {subprocess.py:73} INFO - Running command: ['/opt/airflow/dbt_venv/bin/dbt', 'deps', '--project-dir', '/tmp/tmpw8h017k0', '--profiles-dir', '/tmp/cosmos/profile/a0017dab0633177292578162811b91dcb9c56d6e54017e9660056cc364a762ad', '--profile', 'dbt_project', '--target', 'dev']
[2024-07-13T15:22:15.278+0000] {subprocess.py:84} INFO - Command output:
[2024-07-13T15:22:25.003+0000] {subprocess.py:94} INFO - [0m15:22:25  Running with dbt=1.8.3
[2024-07-13T15:22:25.885+0000] {subprocess.py:94} INFO - [0m15:22:25  Updating lock file in file path: /tmp/tmpw8h017k0/package-lock.yml
[2024-07-13T15:22:25.905+0000] {subprocess.py:94} INFO - [0m15:22:25  Installing dbt-labs/dbt_utils
[2024-07-13T15:22:26.640+0000] {subprocess.py:94} INFO - [0m15:22:26  Installed from version 0.8.6
[2024-07-13T15:22:26.641+0000] {subprocess.py:94} INFO - [0m15:22:26  Updated version available: 1.2.0
[2024-07-13T15:22:26.644+0000] {subprocess.py:94} INFO - [0m15:22:26
[2024-07-13T15:22:26.645+0000] {subprocess.py:94} INFO - [0m15:22:26  Updates available for packages: ['dbt-labs/dbt_utils']
[2024-07-13T15:22:26.647+0000] {subprocess.py:94} INFO - Update your versions in packages.yml, then run dbt deps
[2024-07-13T15:22:28.461+0000] {subprocess.py:98} INFO - Command exited with return code 0
[2024-07-13T15:22:28.463+0000] {local.py:254} INFO - Update your versions in packages.yml, then run dbt deps
[2024-07-13T15:22:28.465+0000] {local.py:247} INFO - Trying to run the command:
 ['/opt/airflow/dbt_venv/bin/dbt', 'run', '--models', 'raw_employees', '--project-dir', '/tmp/tmpw8h017k0', '--profiles-dir', '/tmp/cosmos/profile/a0017dab0633177292578162811b91dcb9c56d6e54017e9660056cc364a762ad', '--profile', 'dbt_project', '--target', 'dev']
From /tmp/tmpw8h017k0
[2024-07-13T15:22:28.468+0000] {subprocess.py:60} INFO - Tmp dir root location: 
 /tmp
[2024-07-13T15:22:28.471+0000] {subprocess.py:73} INFO - Running command: ['/opt/airflow/dbt_venv/bin/dbt', 'run', '--models', 'raw_employees', '--project-dir', '/tmp/tmpw8h017k0', '--profiles-dir', '/tmp/cosmos/profile/a0017dab0633177292578162811b91dcb9c56d6e54017e9660056cc364a762ad', '--profile', 'dbt_project', '--target', 'dev']
[2024-07-13T15:22:28.522+0000] {subprocess.py:84} INFO - Command output:
[2024-07-13T15:22:36.662+0000] {subprocess.py:94} INFO - [0m15:22:36  Running with dbt=1.8.3
[2024-07-13T15:22:38.958+0000] {subprocess.py:94} INFO - [0m15:22:38  Registered adapter: snowflake=1.8.3
[2024-07-13T15:22:46.594+0000] {subprocess.py:94} INFO - [0m15:22:46  Found 20 models, 27 data tests, 11 sources, 684 macros
[2024-07-13T15:22:46.608+0000] {subprocess.py:94} INFO - [0m15:22:46
[2024-07-13T15:22:53.920+0000] {subprocess.py:94} INFO - [0m15:22:53  Concurrency: 1 threads (target='dev')
[2024-07-13T15:22:53.922+0000] {subprocess.py:94} INFO - [0m15:22:53
[2024-07-13T15:22:53.940+0000] {subprocess.py:94} INFO - [0m15:22:53  1 of 1 START sql table model raw.raw_employees ................................. [RUN]
[2024-07-13T15:22:56.329+0000] {subprocess.py:94} INFO - [0m15:22:56  1 of 1 OK created sql table model raw.raw_employees ............................ [[32mSUCCESS 1[0m in 2.38s]
[2024-07-13T15:22:56.335+0000] {subprocess.py:94} INFO - [0m15:22:56
[2024-07-13T15:22:56.336+0000] {subprocess.py:94} INFO - [0m15:22:56  Finished running 1 table model in 0 hours 0 minutes and 9.72 seconds (9.72s).
[2024-07-13T15:22:56.425+0000] {subprocess.py:94} INFO - [0m15:22:56
[2024-07-13T15:22:56.426+0000] {subprocess.py:94} INFO - [0m15:22:56  [32mCompleted successfully[0m
[2024-07-13T15:22:56.427+0000] {subprocess.py:94} INFO - [0m15:22:56
[2024-07-13T15:22:56.429+0000] {subprocess.py:94} INFO - [0m15:22:56  Done. PASS=1 WARN=0 ERROR=0 SKIP=0 TOTAL=1
[2024-07-13T15:22:58.392+0000] {subprocess.py:98} INFO - Command exited with return code 0
[2024-07-13T15:22:58.394+0000] {local.py:254} INFO - [0m15:22:56  Done. PASS=1 WARN=0 ERROR=0 SKIP=0 TOTAL=1
[2024-07-13T15:22:58.436+0000] {local.py:196} WARNING - Artifact schema version: https://schemas.getdbt.com/dbt/manifest/v12.json is above dbt-ol supported version 7. This might cause errors.
[2024-07-13T15:22:58.437+0000] {local.py:196} WARNING - Artifact schema version: https://schemas.getdbt.com/dbt/run-results/v6.json is above dbt-ol supported version 5. This might cause errors.
[2024-07-13T15:22:58.451+0000] {local.py:349} INFO - Inlets: [Dataset(uri='snowflake://OU00370.europe-west2.gcp/ELT_BATCH.PUBLIC.employees', extra=None)]
[2024-07-13T15:22:58.454+0000] {local.py:350} INFO - Outlets: [Dataset(uri='snowflake://OU00370.europe-west2.gcp/ELT_BATCH.raw.raw_employees', extra=None)]
[2024-07-13T15:22:58.456+0000] {dag.py:3096} INFO - Sync 1 DAGs
[2024-07-13T15:22:58.544+0000] {dag.py:3954} INFO - Setting next_dagrun for ELT-PROJECT to None, run_after=None
[2024-07-13T15:22:58.579+0000] {logging_mixin.py:188} WARNING - /home/airflow/.local/lib/python3.12/site-packages/airflow/datasets/manager.py:53 SAWarning: DELETE statement on table 'task_outlet_dataset_reference' expected to delete 1 row(s); 0 were matched.  Please set confirm_deleted_rows=False within the mapper configuration to prevent this warning.
[2024-07-13T15:22:58.647+0000] {taskinstance.py:441} INFO - ::group::Post task execution logs
[2024-07-13T15:22:58.794+0000] {taskinstance.py:1206} INFO - Marking task as SUCCESS. dag_id=ELT-PROJECT, task_id=transform.raw_employees.run, run_id=manual__2024-07-13T15:21:44.430274+00:00, execution_date=20240713T152144, start_date=20240713T152213, end_date=20240713T152258
[2024-07-13T15:22:58.949+0000] {local_task_job_runner.py:240} INFO - Task exited with return code 0
[2024-07-13T15:22:59.004+0000] {local_task_job_runner.py:222} INFO - ::endgroup::
