[2024-07-14T04:30:16.776+0000] {local_task_job_runner.py:120} INFO - ::group::Pre task execution logs
[2024-07-14T04:30:16.989+0000] {taskinstance.py:2076} INFO - Dependencies all met for dep_context=non-requeueable deps ti=<TaskInstance: ELT-PROJECT.transform.fact_order_details.run scheduled__2024-06-27T00:00:00+00:00 [queued]>
[2024-07-14T04:30:17.052+0000] {taskinstance.py:2076} INFO - Dependencies all met for dep_context=requeueable deps ti=<TaskInstance: ELT-PROJECT.transform.fact_order_details.run scheduled__2024-06-27T00:00:00+00:00 [queued]>
[2024-07-14T04:30:17.055+0000] {taskinstance.py:2306} INFO - Starting attempt 1 of 2
[2024-07-14T04:30:17.178+0000] {taskinstance.py:2330} INFO - Executing <Task(DbtRunLocalOperator): transform.fact_order_details.run> on 2024-06-27 00:00:00+00:00
[2024-07-14T04:30:17.207+0000] {logging_mixin.py:188} WARNING - /home/airflow/.local/lib/python3.12/site-packages/airflow/task/task_runner/standard_task_runner.py:61 DeprecationWarning: This process (pid=18098) is multi-threaded, use of fork() may lead to deadlocks in the child.
[2024-07-14T04:30:17.210+0000] {standard_task_runner.py:63} INFO - Started process 18132 to run task
[2024-07-14T04:30:17.215+0000] {standard_task_runner.py:90} INFO - Running: ['airflow', 'tasks', 'run', 'ELT-PROJECT', 'transform.fact_order_details.run', 'scheduled__2024-06-27T00:00:00+00:00', '--job-id', '1392', '--raw', '--subdir', 'DAGS_FOLDER/elt.py', '--cfg-path', '/tmp/tmp9ft0wt_p']
[2024-07-14T04:30:17.237+0000] {standard_task_runner.py:91} INFO - Job 1392: Subtask transform.fact_order_details.run
[2024-07-14T04:30:17.355+0000] {logging_mixin.py:188} WARNING - /home/airflow/.local/lib/python3.12/site-packages/airflow/settings.py:195 DeprecationWarning: The sql_alchemy_conn option in [core] has been moved to the sql_alchemy_conn option in [database] - the old setting has been used, but please update your config.
[2024-07-14T04:30:17.606+0000] {task_command.py:426} INFO - Running <TaskInstance: ELT-PROJECT.transform.fact_order_details.run scheduled__2024-06-27T00:00:00+00:00 [running]> on host airflow-scheduler
[2024-07-14T04:30:18.350+0000] {taskinstance.py:2648} INFO - Exporting env vars: AIRFLOW_CTX_DAG_OWNER='Data-Ninja' AIRFLOW_CTX_DAG_ID='ELT-PROJECT' AIRFLOW_CTX_TASK_ID='transform.fact_order_details.run' AIRFLOW_CTX_EXECUTION_DATE='2024-06-27T00:00:00+00:00' AIRFLOW_CTX_TRY_NUMBER='1' AIRFLOW_CTX_DAG_RUN_ID='scheduled__2024-06-27T00:00:00+00:00'
[2024-07-14T04:30:18.356+0000] {taskinstance.py:430} INFO - ::endgroup::
[2024-07-14T04:30:18.378+0000] {local.py:174} INFO - Could not import dbtRunner. Falling back to subprocess for invoking dbt.
[2024-07-14T04:30:18.382+0000] {local.py:292} INFO - Cloning project to writable temp directory /tmp/tmp_vz6fkvh from /opt/airflow/dags/dbt/dbt_project
[2024-07-14T04:30:18.401+0000] {local.py:303} INFO - Partial parse is enabled and the latest partial parse file is /tmp/cosmos/ELT-PROJECT__transform/target/partial_parse.msgpack
[2024-07-14T04:30:18.595+0000] {base.py:84} INFO - Using connection ID 'snow_conn' for task execution.
[2024-07-14T04:30:18.608+0000] {crypto.py:82} WARNING - empty cryptography key - values will not be stored encrypted.
[2024-07-14T04:30:18.610+0000] {config.py:298} INFO - Profile caching is enable.
[2024-07-14T04:30:18.627+0000] {config.py:272} INFO - Profile found in cache using profile: /tmp/cosmos/profile/a0017dab0633177292578162811b91dcb9c56d6e54017e9660056cc364a762ad/profiles.yml.
[2024-07-14T04:30:18.631+0000] {local.py:247} INFO - Trying to run the command:
 ['/opt/airflow/dbt_venv/bin/dbt', 'deps', '--project-dir', '/tmp/tmp_vz6fkvh', '--profiles-dir', '/tmp/cosmos/profile/a0017dab0633177292578162811b91dcb9c56d6e54017e9660056cc364a762ad', '--profile', 'dbt_project', '--target', 'dev']
From /tmp/tmp_vz6fkvh
[2024-07-14T04:30:18.634+0000] {subprocess.py:60} INFO - Tmp dir root location: 
 /tmp
[2024-07-14T04:30:18.635+0000] {subprocess.py:73} INFO - Running command: ['/opt/airflow/dbt_venv/bin/dbt', 'deps', '--project-dir', '/tmp/tmp_vz6fkvh', '--profiles-dir', '/tmp/cosmos/profile/a0017dab0633177292578162811b91dcb9c56d6e54017e9660056cc364a762ad', '--profile', 'dbt_project', '--target', 'dev']
[2024-07-14T04:30:18.691+0000] {subprocess.py:84} INFO - Command output:
[2024-07-14T04:30:34.117+0000] {subprocess.py:94} INFO - [0m04:30:34  Running with dbt=1.8.3
[2024-07-14T04:30:36.169+0000] {subprocess.py:94} INFO - [0m04:30:36  Updating lock file in file path: /tmp/tmp_vz6fkvh/package-lock.yml
[2024-07-14T04:30:36.190+0000] {subprocess.py:94} INFO - [0m04:30:36  Installing dbt-labs/dbt_utils
[2024-07-14T04:30:37.471+0000] {subprocess.py:94} INFO - [0m04:30:37  Installed from version 0.8.6
[2024-07-14T04:30:37.489+0000] {subprocess.py:94} INFO - [0m04:30:37  Updated version available: 1.2.0
[2024-07-14T04:30:37.492+0000] {subprocess.py:94} INFO - [0m04:30:37
[2024-07-14T04:30:37.497+0000] {subprocess.py:94} INFO - [0m04:30:37  Updates available for packages: ['dbt-labs/dbt_utils']
[2024-07-14T04:30:37.503+0000] {subprocess.py:94} INFO - Update your versions in packages.yml, then run dbt deps
[2024-07-14T04:30:39.766+0000] {subprocess.py:98} INFO - Command exited with return code 0
[2024-07-14T04:30:39.769+0000] {local.py:254} INFO - Update your versions in packages.yml, then run dbt deps
[2024-07-14T04:30:39.772+0000] {local.py:247} INFO - Trying to run the command:
 ['/opt/airflow/dbt_venv/bin/dbt', 'run', '--models', 'fact_order_details', '--project-dir', '/tmp/tmp_vz6fkvh', '--profiles-dir', '/tmp/cosmos/profile/a0017dab0633177292578162811b91dcb9c56d6e54017e9660056cc364a762ad', '--profile', 'dbt_project', '--target', 'dev']
From /tmp/tmp_vz6fkvh
[2024-07-14T04:30:39.774+0000] {subprocess.py:60} INFO - Tmp dir root location: 
 /tmp
[2024-07-14T04:30:39.776+0000] {subprocess.py:73} INFO - Running command: ['/opt/airflow/dbt_venv/bin/dbt', 'run', '--models', 'fact_order_details', '--project-dir', '/tmp/tmp_vz6fkvh', '--profiles-dir', '/tmp/cosmos/profile/a0017dab0633177292578162811b91dcb9c56d6e54017e9660056cc364a762ad', '--profile', 'dbt_project', '--target', 'dev']
[2024-07-14T04:30:39.856+0000] {subprocess.py:84} INFO - Command output:
[2024-07-14T04:30:57.770+0000] {subprocess.py:94} INFO - [0m04:30:57  Running with dbt=1.8.3
[2024-07-14T04:31:02.558+0000] {subprocess.py:94} INFO - [0m04:31:02  Registered adapter: snowflake=1.8.3
[2024-07-14T04:31:09.135+0000] {subprocess.py:94} INFO - [0m04:31:09  Found 20 models, 27 data tests, 11 sources, 684 macros
[2024-07-14T04:31:09.162+0000] {subprocess.py:94} INFO - [0m04:31:09
[2024-07-14T04:31:17.771+0000] {subprocess.py:94} INFO - [0m04:31:17  Concurrency: 1 threads (target='dev')
[2024-07-14T04:31:17.773+0000] {subprocess.py:94} INFO - [0m04:31:17
[2024-07-14T04:31:17.928+0000] {subprocess.py:94} INFO - [0m04:31:17  1 of 1 START sql table model dwh.fact_order_details ............................ [RUN]
[2024-07-14T04:31:21.977+0000] {subprocess.py:94} INFO - [0m04:31:21  1 of 1 OK created sql table model dwh.fact_order_details ....................... [[32mSUCCESS 1[0m in 4.04s]
[2024-07-14T04:31:22.006+0000] {subprocess.py:94} INFO - [0m04:31:22
[2024-07-14T04:31:22.010+0000] {subprocess.py:94} INFO - [0m04:31:22  Finished running 1 table model in 0 hours 0 minutes and 12.84 seconds (12.84s).
[2024-07-14T04:31:22.818+0000] {subprocess.py:94} INFO - [0m04:31:22
[2024-07-14T04:31:22.823+0000] {subprocess.py:94} INFO - [0m04:31:22  [32mCompleted successfully[0m
[2024-07-14T04:31:22.836+0000] {subprocess.py:94} INFO - [0m04:31:22
[2024-07-14T04:31:22.845+0000] {subprocess.py:94} INFO - [0m04:31:22  Done. PASS=1 WARN=0 ERROR=0 SKIP=0 TOTAL=1
[2024-07-14T04:31:26.178+0000] {subprocess.py:98} INFO - Command exited with return code 0
[2024-07-14T04:31:26.180+0000] {local.py:254} INFO - [0m04:31:22  Done. PASS=1 WARN=0 ERROR=0 SKIP=0 TOTAL=1
[2024-07-14T04:31:27.302+0000] {local.py:196} WARNING - Artifact schema version: https://schemas.getdbt.com/dbt/manifest/v12.json is above dbt-ol supported version 7. This might cause errors.
[2024-07-14T04:31:27.309+0000] {local.py:196} WARNING - Artifact schema version: https://schemas.getdbt.com/dbt/run-results/v6.json is above dbt-ol supported version 5. This might cause errors.
[2024-07-14T04:31:27.355+0000] {local.py:349} INFO - Inlets: [Dataset(uri='snowflake://OU00370.europe-west2.gcp/ELT_BATCH.dwh.dim_products', extra=None), Dataset(uri='snowflake://OU00370.europe-west2.gcp/ELT_BATCH.dwh.fact_orders', extra=None), Dataset(uri='snowflake://OU00370.europe-west2.gcp/ELT_BATCH.raw.raw_order_details', extra=None)]
[2024-07-14T04:31:27.377+0000] {local.py:350} INFO - Outlets: [Dataset(uri='snowflake://OU00370.europe-west2.gcp/ELT_BATCH.dwh.fact_order_details', extra=None)]
[2024-07-14T04:31:27.382+0000] {dag.py:3096} INFO - Sync 1 DAGs
[2024-07-14T04:31:27.706+0000] {taskinstance.py:441} INFO - ::group::Post task execution logs
[2024-07-14T04:31:27.969+0000] {taskinstance.py:1206} INFO - Marking task as SUCCESS. dag_id=ELT-PROJECT, task_id=transform.fact_order_details.run, run_id=scheduled__2024-06-27T00:00:00+00:00, execution_date=20240627T000000, start_date=20240714T043016, end_date=20240714T043127
[2024-07-14T04:31:28.118+0000] {local_task_job_runner.py:240} INFO - Task exited with return code 0
[2024-07-14T04:31:28.295+0000] {taskinstance.py:3503} INFO - 1 downstream tasks scheduled from follow-on schedule check
[2024-07-14T04:31:28.311+0000] {local_task_job_runner.py:222} INFO - ::endgroup::
