[2024-07-14T04:25:29.580+0000] {local_task_job_runner.py:120} INFO - ::group::Pre task execution logs
[2024-07-14T04:25:29.746+0000] {taskinstance.py:2076} INFO - Dependencies all met for dep_context=non-requeueable deps ti=<TaskInstance: ELT-PROJECT.transform.raw_order_details.run scheduled__2024-07-09T00:00:00+00:00 [queued]>
[2024-07-14T04:25:29.885+0000] {taskinstance.py:2076} INFO - Dependencies all met for dep_context=requeueable deps ti=<TaskInstance: ELT-PROJECT.transform.raw_order_details.run scheduled__2024-07-09T00:00:00+00:00 [queued]>
[2024-07-14T04:25:29.895+0000] {taskinstance.py:2306} INFO - Starting attempt 1 of 2
[2024-07-14T04:25:29.998+0000] {taskinstance.py:2330} INFO - Executing <Task(DbtRunLocalOperator): transform.raw_order_details.run> on 2024-07-09 00:00:00+00:00
[2024-07-14T04:25:30.078+0000] {standard_task_runner.py:90} INFO - Running: ['airflow', 'tasks', 'run', 'ELT-PROJECT', 'transform.raw_order_details.run', 'scheduled__2024-07-09T00:00:00+00:00', '--job-id', '1333', '--raw', '--subdir', 'DAGS_FOLDER/elt.py', '--cfg-path', '/tmp/tmpp27vzvu4']
[2024-07-14T04:25:30.083+0000] {standard_task_runner.py:91} INFO - Job 1333: Subtask transform.raw_order_details.run
[2024-07-14T04:25:30.073+0000] {logging_mixin.py:188} WARNING - /home/airflow/.local/lib/python3.12/site-packages/airflow/task/task_runner/standard_task_runner.py:61 DeprecationWarning: This process (pid=17148) is multi-threaded, use of fork() may lead to deadlocks in the child.
[2024-07-14T04:25:30.087+0000] {standard_task_runner.py:63} INFO - Started process 17169 to run task
[2024-07-14T04:25:30.141+0000] {logging_mixin.py:188} WARNING - /home/airflow/.local/lib/python3.12/site-packages/airflow/settings.py:195 DeprecationWarning: The sql_alchemy_conn option in [core] has been moved to the sql_alchemy_conn option in [database] - the old setting has been used, but please update your config.
[2024-07-14T04:25:30.454+0000] {task_command.py:426} INFO - Running <TaskInstance: ELT-PROJECT.transform.raw_order_details.run scheduled__2024-07-09T00:00:00+00:00 [running]> on host airflow-scheduler
[2024-07-14T04:25:31.143+0000] {taskinstance.py:2648} INFO - Exporting env vars: AIRFLOW_CTX_DAG_OWNER='Data-Ninja' AIRFLOW_CTX_DAG_ID='ELT-PROJECT' AIRFLOW_CTX_TASK_ID='transform.raw_order_details.run' AIRFLOW_CTX_EXECUTION_DATE='2024-07-09T00:00:00+00:00' AIRFLOW_CTX_TRY_NUMBER='1' AIRFLOW_CTX_DAG_RUN_ID='scheduled__2024-07-09T00:00:00+00:00'
[2024-07-14T04:25:31.153+0000] {taskinstance.py:430} INFO - ::endgroup::
[2024-07-14T04:25:31.165+0000] {local.py:174} INFO - Could not import dbtRunner. Falling back to subprocess for invoking dbt.
[2024-07-14T04:25:31.170+0000] {local.py:292} INFO - Cloning project to writable temp directory /tmp/tmpos4nheth from /opt/airflow/dags/dbt/dbt_project
[2024-07-14T04:25:31.195+0000] {local.py:303} INFO - Partial parse is enabled and the latest partial parse file is /tmp/cosmos/ELT-PROJECT__transform/target/partial_parse.msgpack
[2024-07-14T04:25:31.330+0000] {base.py:84} INFO - Using connection ID 'snow_conn' for task execution.
[2024-07-14T04:25:31.346+0000] {crypto.py:82} WARNING - empty cryptography key - values will not be stored encrypted.
[2024-07-14T04:25:31.347+0000] {config.py:298} INFO - Profile caching is enable.
[2024-07-14T04:25:31.352+0000] {config.py:272} INFO - Profile found in cache using profile: /tmp/cosmos/profile/a0017dab0633177292578162811b91dcb9c56d6e54017e9660056cc364a762ad/profiles.yml.
[2024-07-14T04:25:31.355+0000] {local.py:247} INFO - Trying to run the command:
 ['/opt/airflow/dbt_venv/bin/dbt', 'deps', '--project-dir', '/tmp/tmpos4nheth', '--profiles-dir', '/tmp/cosmos/profile/a0017dab0633177292578162811b91dcb9c56d6e54017e9660056cc364a762ad', '--profile', 'dbt_project', '--target', 'dev']
From /tmp/tmpos4nheth
[2024-07-14T04:25:31.358+0000] {subprocess.py:60} INFO - Tmp dir root location: 
 /tmp
[2024-07-14T04:25:31.367+0000] {subprocess.py:73} INFO - Running command: ['/opt/airflow/dbt_venv/bin/dbt', 'deps', '--project-dir', '/tmp/tmpos4nheth', '--profiles-dir', '/tmp/cosmos/profile/a0017dab0633177292578162811b91dcb9c56d6e54017e9660056cc364a762ad', '--profile', 'dbt_project', '--target', 'dev']
[2024-07-14T04:25:31.442+0000] {subprocess.py:84} INFO - Command output:
[2024-07-14T04:25:45.497+0000] {subprocess.py:94} INFO - [0m04:25:45  Running with dbt=1.8.3
[2024-07-14T04:25:48.518+0000] {subprocess.py:94} INFO - [0m04:25:48  Updating lock file in file path: /tmp/tmpos4nheth/package-lock.yml
[2024-07-14T04:25:48.567+0000] {subprocess.py:94} INFO - [0m04:25:48  Installing dbt-labs/dbt_utils
[2024-07-14T04:25:49.295+0000] {subprocess.py:94} INFO - [0m04:25:49  Installed from version 0.8.6
[2024-07-14T04:25:49.304+0000] {subprocess.py:94} INFO - [0m04:25:49  Updated version available: 1.2.0
[2024-07-14T04:25:49.309+0000] {subprocess.py:94} INFO - [0m04:25:49
[2024-07-14T04:25:49.313+0000] {subprocess.py:94} INFO - [0m04:25:49  Updates available for packages: ['dbt-labs/dbt_utils']
[2024-07-14T04:25:49.317+0000] {subprocess.py:94} INFO - Update your versions in packages.yml, then run dbt deps
[2024-07-14T04:25:51.312+0000] {subprocess.py:98} INFO - Command exited with return code 0
[2024-07-14T04:25:51.314+0000] {local.py:254} INFO - Update your versions in packages.yml, then run dbt deps
[2024-07-14T04:25:51.318+0000] {local.py:247} INFO - Trying to run the command:
 ['/opt/airflow/dbt_venv/bin/dbt', 'run', '--models', 'raw_order_details', '--project-dir', '/tmp/tmpos4nheth', '--profiles-dir', '/tmp/cosmos/profile/a0017dab0633177292578162811b91dcb9c56d6e54017e9660056cc364a762ad', '--profile', 'dbt_project', '--target', 'dev']
From /tmp/tmpos4nheth
[2024-07-14T04:25:51.321+0000] {subprocess.py:60} INFO - Tmp dir root location: 
 /tmp
[2024-07-14T04:25:51.324+0000] {subprocess.py:73} INFO - Running command: ['/opt/airflow/dbt_venv/bin/dbt', 'run', '--models', 'raw_order_details', '--project-dir', '/tmp/tmpos4nheth', '--profiles-dir', '/tmp/cosmos/profile/a0017dab0633177292578162811b91dcb9c56d6e54017e9660056cc364a762ad', '--profile', 'dbt_project', '--target', 'dev']
[2024-07-14T04:25:51.405+0000] {subprocess.py:84} INFO - Command output:
[2024-07-14T04:26:04.470+0000] {subprocess.py:94} INFO - [0m04:26:04  Running with dbt=1.8.3
[2024-07-14T04:26:08.724+0000] {subprocess.py:94} INFO - [0m04:26:08  Registered adapter: snowflake=1.8.3
[2024-07-14T04:26:14.031+0000] {subprocess.py:94} INFO - [0m04:26:14  Found 20 models, 27 data tests, 11 sources, 684 macros
[2024-07-14T04:26:14.043+0000] {subprocess.py:94} INFO - [0m04:26:14
[2024-07-14T04:26:22.825+0000] {subprocess.py:94} INFO - [0m04:26:22  Concurrency: 1 threads (target='dev')
[2024-07-14T04:26:22.829+0000] {subprocess.py:94} INFO - [0m04:26:22
[2024-07-14T04:26:23.005+0000] {subprocess.py:94} INFO - [0m04:26:23  1 of 1 START sql table model raw.raw_order_details ............................. [RUN]
[2024-07-14T04:26:26.255+0000] {subprocess.py:94} INFO - [0m04:26:26  1 of 1 OK created sql table model raw.raw_order_details ........................ [[32mSUCCESS 1[0m in 3.23s]
[2024-07-14T04:26:26.296+0000] {subprocess.py:94} INFO - [0m04:26:26
[2024-07-14T04:26:26.300+0000] {subprocess.py:94} INFO - [0m04:26:26  Finished running 1 table model in 0 hours 0 minutes and 12.25 seconds (12.25s).
[2024-07-14T04:26:27.512+0000] {subprocess.py:94} INFO - [0m04:26:27
[2024-07-14T04:26:27.516+0000] {subprocess.py:94} INFO - [0m04:26:27  [32mCompleted successfully[0m
[2024-07-14T04:26:27.519+0000] {subprocess.py:94} INFO - [0m04:26:27
[2024-07-14T04:26:27.523+0000] {subprocess.py:94} INFO - [0m04:26:27  Done. PASS=1 WARN=0 ERROR=0 SKIP=0 TOTAL=1
[2024-07-14T04:26:30.198+0000] {subprocess.py:98} INFO - Command exited with return code 0
[2024-07-14T04:26:30.201+0000] {local.py:254} INFO - [0m04:26:27  Done. PASS=1 WARN=0 ERROR=0 SKIP=0 TOTAL=1
[2024-07-14T04:26:31.509+0000] {local.py:196} WARNING - Artifact schema version: https://schemas.getdbt.com/dbt/manifest/v12.json is above dbt-ol supported version 7. This might cause errors.
[2024-07-14T04:26:31.519+0000] {local.py:196} WARNING - Artifact schema version: https://schemas.getdbt.com/dbt/run-results/v6.json is above dbt-ol supported version 5. This might cause errors.
[2024-07-14T04:26:31.555+0000] {local.py:349} INFO - Inlets: [Dataset(uri='snowflake://OU00370.europe-west2.gcp/ELT_BATCH.PUBLIC.order_details', extra=None)]
[2024-07-14T04:26:31.571+0000] {local.py:350} INFO - Outlets: [Dataset(uri='snowflake://OU00370.europe-west2.gcp/ELT_BATCH.raw.raw_order_details', extra=None)]
[2024-07-14T04:26:31.574+0000] {dag.py:3096} INFO - Sync 1 DAGs
[2024-07-14T04:26:31.997+0000] {taskinstance.py:441} INFO - ::group::Post task execution logs
[2024-07-14T04:26:32.578+0000] {taskinstance.py:1206} INFO - Marking task as SUCCESS. dag_id=ELT-PROJECT, task_id=transform.raw_order_details.run, run_id=scheduled__2024-07-09T00:00:00+00:00, execution_date=20240709T000000, start_date=20240714T042529, end_date=20240714T042632
[2024-07-14T04:26:33.882+0000] {local_task_job_runner.py:240} INFO - Task exited with return code 0
[2024-07-14T04:26:34.229+0000] {taskinstance.py:3503} INFO - 1 downstream tasks scheduled from follow-on schedule check
[2024-07-14T04:26:34.242+0000] {local_task_job_runner.py:222} INFO - ::endgroup::
