[2024-07-13T15:22:13.995+0000] {local_task_job_runner.py:120} INFO - ::group::Pre task execution logs
[2024-07-13T15:22:14.072+0000] {taskinstance.py:2076} INFO - Dependencies all met for dep_context=non-requeueable deps ti=<TaskInstance: ELT-PROJECT.transform.raw_shippers.run manual__2024-07-13T15:21:44.430274+00:00 [queued]>
[2024-07-13T15:22:14.115+0000] {taskinstance.py:2076} INFO - Dependencies all met for dep_context=requeueable deps ti=<TaskInstance: ELT-PROJECT.transform.raw_shippers.run manual__2024-07-13T15:21:44.430274+00:00 [queued]>
[2024-07-13T15:22:14.119+0000] {taskinstance.py:2306} INFO - Starting attempt 1 of 2
[2024-07-13T15:22:14.149+0000] {taskinstance.py:2330} INFO - Executing <Task(DbtRunLocalOperator): transform.raw_shippers.run> on 2024-07-13 15:21:44.430274+00:00
[2024-07-13T15:22:14.166+0000] {logging_mixin.py:188} WARNING - /home/airflow/.local/lib/python3.12/site-packages/airflow/task/task_runner/standard_task_runner.py:61 DeprecationWarning: This process (pid=1221) is multi-threaded, use of fork() may lead to deadlocks in the child.
[2024-07-13T15:22:14.168+0000] {standard_task_runner.py:63} INFO - Started process 1240 to run task
[2024-07-13T15:22:14.169+0000] {standard_task_runner.py:90} INFO - Running: ['airflow', 'tasks', 'run', 'ELT-PROJECT', 'transform.raw_shippers.run', 'manual__2024-07-13T15:21:44.430274+00:00', '--job-id', '422', '--raw', '--subdir', 'DAGS_FOLDER/elt.py', '--cfg-path', '/tmp/tmplzz91d3v']
[2024-07-13T15:22:14.181+0000] {standard_task_runner.py:91} INFO - Job 422: Subtask transform.raw_shippers.run
[2024-07-13T15:22:14.243+0000] {logging_mixin.py:188} WARNING - /home/airflow/.local/lib/python3.12/site-packages/airflow/settings.py:195 DeprecationWarning: The sql_alchemy_conn option in [core] has been moved to the sql_alchemy_conn option in [database] - the old setting has been used, but please update your config.
[2024-07-13T15:22:14.358+0000] {task_command.py:426} INFO - Running <TaskInstance: ELT-PROJECT.transform.raw_shippers.run manual__2024-07-13T15:21:44.430274+00:00 [running]> on host airflow-scheduler
[2024-07-13T15:22:14.706+0000] {taskinstance.py:2648} INFO - Exporting env vars: AIRFLOW_CTX_DAG_OWNER='Data-Ninja' AIRFLOW_CTX_DAG_ID='ELT-PROJECT' AIRFLOW_CTX_TASK_ID='transform.raw_shippers.run' AIRFLOW_CTX_EXECUTION_DATE='2024-07-13T15:21:44.430274+00:00' AIRFLOW_CTX_TRY_NUMBER='1' AIRFLOW_CTX_DAG_RUN_ID='manual__2024-07-13T15:21:44.430274+00:00'
[2024-07-13T15:22:14.713+0000] {taskinstance.py:430} INFO - ::endgroup::
[2024-07-13T15:22:14.741+0000] {local.py:174} INFO - Could not import dbtRunner. Falling back to subprocess for invoking dbt.
[2024-07-13T15:22:14.749+0000] {local.py:292} INFO - Cloning project to writable temp directory /tmp/tmp7fxd2hon from /opt/airflow/dags/dbt/dbt_project
[2024-07-13T15:22:14.775+0000] {local.py:303} INFO - Partial parse is enabled and the latest partial parse file is /tmp/cosmos/ELT-PROJECT__transform/target/partial_parse.msgpack
[2024-07-13T15:22:15.572+0000] {base.py:84} INFO - Using connection ID 'snow_conn' for task execution.
[2024-07-13T15:22:15.580+0000] {crypto.py:82} WARNING - empty cryptography key - values will not be stored encrypted.
[2024-07-13T15:22:15.588+0000] {config.py:298} INFO - Profile caching is enable.
[2024-07-13T15:22:15.593+0000] {config.py:272} INFO - Profile found in cache using profile: /tmp/cosmos/profile/a0017dab0633177292578162811b91dcb9c56d6e54017e9660056cc364a762ad/profiles.yml.
[2024-07-13T15:22:15.595+0000] {local.py:247} INFO - Trying to run the command:
 ['/opt/airflow/dbt_venv/bin/dbt', 'deps', '--project-dir', '/tmp/tmp7fxd2hon', '--profiles-dir', '/tmp/cosmos/profile/a0017dab0633177292578162811b91dcb9c56d6e54017e9660056cc364a762ad', '--profile', 'dbt_project', '--target', 'dev']
From /tmp/tmp7fxd2hon
[2024-07-13T15:22:15.599+0000] {subprocess.py:60} INFO - Tmp dir root location: 
 /tmp
[2024-07-13T15:22:15.601+0000] {subprocess.py:73} INFO - Running command: ['/opt/airflow/dbt_venv/bin/dbt', 'deps', '--project-dir', '/tmp/tmp7fxd2hon', '--profiles-dir', '/tmp/cosmos/profile/a0017dab0633177292578162811b91dcb9c56d6e54017e9660056cc364a762ad', '--profile', 'dbt_project', '--target', 'dev']
[2024-07-13T15:22:15.663+0000] {subprocess.py:84} INFO - Command output:
[2024-07-13T15:22:24.122+0000] {subprocess.py:94} INFO - [0m15:22:24  Running with dbt=1.8.3
[2024-07-13T15:22:25.147+0000] {subprocess.py:94} INFO - [0m15:22:25  Updating lock file in file path: /tmp/tmp7fxd2hon/package-lock.yml
[2024-07-13T15:22:25.185+0000] {subprocess.py:94} INFO - [0m15:22:25  Installing dbt-labs/dbt_utils
[2024-07-13T15:22:25.909+0000] {subprocess.py:94} INFO - [0m15:22:25  Installed from version 0.8.6
[2024-07-13T15:22:25.912+0000] {subprocess.py:94} INFO - [0m15:22:25  Updated version available: 1.2.0
[2024-07-13T15:22:25.917+0000] {subprocess.py:94} INFO - [0m15:22:25
[2024-07-13T15:22:25.919+0000] {subprocess.py:94} INFO - [0m15:22:25  Updates available for packages: ['dbt-labs/dbt_utils']
[2024-07-13T15:22:25.921+0000] {subprocess.py:94} INFO - Update your versions in packages.yml, then run dbt deps
[2024-07-13T15:22:27.396+0000] {subprocess.py:98} INFO - Command exited with return code 0
[2024-07-13T15:22:27.398+0000] {local.py:254} INFO - Update your versions in packages.yml, then run dbt deps
[2024-07-13T15:22:27.400+0000] {local.py:247} INFO - Trying to run the command:
 ['/opt/airflow/dbt_venv/bin/dbt', 'run', '--models', 'raw_shippers', '--project-dir', '/tmp/tmp7fxd2hon', '--profiles-dir', '/tmp/cosmos/profile/a0017dab0633177292578162811b91dcb9c56d6e54017e9660056cc364a762ad', '--profile', 'dbt_project', '--target', 'dev']
From /tmp/tmp7fxd2hon
[2024-07-13T15:22:27.402+0000] {subprocess.py:60} INFO - Tmp dir root location: 
 /tmp
[2024-07-13T15:22:27.403+0000] {subprocess.py:73} INFO - Running command: ['/opt/airflow/dbt_venv/bin/dbt', 'run', '--models', 'raw_shippers', '--project-dir', '/tmp/tmp7fxd2hon', '--profiles-dir', '/tmp/cosmos/profile/a0017dab0633177292578162811b91dcb9c56d6e54017e9660056cc364a762ad', '--profile', 'dbt_project', '--target', 'dev']
[2024-07-13T15:22:27.423+0000] {subprocess.py:84} INFO - Command output:
[2024-07-13T15:22:35.765+0000] {subprocess.py:94} INFO - [0m15:22:35  Running with dbt=1.8.3
[2024-07-13T15:22:37.794+0000] {subprocess.py:94} INFO - [0m15:22:37  Registered adapter: snowflake=1.8.3
[2024-07-13T15:22:44.854+0000] {subprocess.py:94} INFO - [0m15:22:44  Found 20 models, 27 data tests, 11 sources, 684 macros
[2024-07-13T15:22:44.887+0000] {subprocess.py:94} INFO - [0m15:22:44
[2024-07-13T15:22:52.355+0000] {subprocess.py:94} INFO - [0m15:22:52  Concurrency: 1 threads (target='dev')
[2024-07-13T15:22:52.356+0000] {subprocess.py:94} INFO - [0m15:22:52
[2024-07-13T15:22:52.378+0000] {subprocess.py:94} INFO - [0m15:22:52  1 of 1 START sql table model raw.raw_shippers .................................. [RUN]
[2024-07-13T15:22:54.675+0000] {subprocess.py:94} INFO - [0m15:22:54  1 of 1 OK created sql table model raw.raw_shippers ............................. [[32mSUCCESS 1[0m in 2.29s]
[2024-07-13T15:22:54.679+0000] {subprocess.py:94} INFO - [0m15:22:54
[2024-07-13T15:22:54.680+0000] {subprocess.py:94} INFO - [0m15:22:54  Finished running 1 table model in 0 hours 0 minutes and 9.78 seconds (9.78s).
[2024-07-13T15:22:54.743+0000] {subprocess.py:94} INFO - [0m15:22:54
[2024-07-13T15:22:54.745+0000] {subprocess.py:94} INFO - [0m15:22:54  [32mCompleted successfully[0m
[2024-07-13T15:22:54.746+0000] {subprocess.py:94} INFO - [0m15:22:54
[2024-07-13T15:22:54.747+0000] {subprocess.py:94} INFO - [0m15:22:54  Done. PASS=1 WARN=0 ERROR=0 SKIP=0 TOTAL=1
[2024-07-13T15:22:57.025+0000] {subprocess.py:98} INFO - Command exited with return code 0
[2024-07-13T15:22:57.026+0000] {local.py:254} INFO - [0m15:22:54  Done. PASS=1 WARN=0 ERROR=0 SKIP=0 TOTAL=1
[2024-07-13T15:22:57.053+0000] {local.py:196} WARNING - Artifact schema version: https://schemas.getdbt.com/dbt/manifest/v12.json is above dbt-ol supported version 7. This might cause errors.
[2024-07-13T15:22:57.054+0000] {local.py:196} WARNING - Artifact schema version: https://schemas.getdbt.com/dbt/run-results/v6.json is above dbt-ol supported version 5. This might cause errors.
[2024-07-13T15:22:57.071+0000] {local.py:349} INFO - Inlets: [Dataset(uri='snowflake://OU00370.europe-west2.gcp/ELT_BATCH.PUBLIC.shippers', extra=None)]
[2024-07-13T15:22:57.073+0000] {local.py:350} INFO - Outlets: [Dataset(uri='snowflake://OU00370.europe-west2.gcp/ELT_BATCH.raw.raw_shippers', extra=None)]
[2024-07-13T15:22:57.075+0000] {dag.py:3096} INFO - Sync 1 DAGs
[2024-07-13T15:22:57.113+0000] {dag.py:3954} INFO - Setting next_dagrun for ELT-PROJECT to None, run_after=None
[2024-07-13T15:22:57.169+0000] {taskinstance.py:441} INFO - ::group::Post task execution logs
[2024-07-13T15:22:57.235+0000] {taskinstance.py:1206} INFO - Marking task as SUCCESS. dag_id=ELT-PROJECT, task_id=transform.raw_shippers.run, run_id=manual__2024-07-13T15:21:44.430274+00:00, execution_date=20240713T152144, start_date=20240713T152214, end_date=20240713T152257
[2024-07-13T15:22:57.296+0000] {local_task_job_runner.py:240} INFO - Task exited with return code 0
[2024-07-13T15:22:57.442+0000] {taskinstance.py:3503} INFO - 1 downstream tasks scheduled from follow-on schedule check
[2024-07-13T15:22:57.453+0000] {local_task_job_runner.py:222} INFO - ::endgroup::
