[2024-07-14T04:51:52.855+0000] {local_task_job_runner.py:120} INFO - ::group::Pre task execution logs
[2024-07-14T04:51:52.937+0000] {taskinstance.py:2076} INFO - Dependencies all met for dep_context=non-requeueable deps ti=<TaskInstance: ELT-PROJECT.transform.best_employee_run scheduled__2024-07-13T00:00:00+00:00 [queued]>
[2024-07-14T04:51:53.025+0000] {taskinstance.py:2076} INFO - Dependencies all met for dep_context=requeueable deps ti=<TaskInstance: ELT-PROJECT.transform.best_employee_run scheduled__2024-07-13T00:00:00+00:00 [queued]>
[2024-07-14T04:51:53.029+0000] {taskinstance.py:2306} INFO - Starting attempt 1 of 2
[2024-07-14T04:51:53.059+0000] {taskinstance.py:2330} INFO - Executing <Task(DbtRunLocalOperator): transform.best_employee_run> on 2024-07-13 00:00:00+00:00
[2024-07-14T04:51:53.074+0000] {logging_mixin.py:188} WARNING - /home/airflow/.local/lib/python3.12/site-packages/airflow/task/task_runner/standard_task_runner.py:61 DeprecationWarning: This process (pid=22685) is multi-threaded, use of fork() may lead to deadlocks in the child.
[2024-07-14T04:51:53.076+0000] {standard_task_runner.py:63} INFO - Started process 22690 to run task
[2024-07-14T04:51:53.074+0000] {standard_task_runner.py:90} INFO - Running: ['airflow', 'tasks', 'run', 'ELT-PROJECT', 'transform.best_employee_run', 'scheduled__2024-07-13T00:00:00+00:00', '--job-id', '1672', '--raw', '--subdir', 'DAGS_FOLDER/elt.py', '--cfg-path', '/tmp/tmppxjweppt']
[2024-07-14T04:51:53.079+0000] {standard_task_runner.py:91} INFO - Job 1672: Subtask transform.best_employee_run
[2024-07-14T04:51:53.113+0000] {logging_mixin.py:188} WARNING - /home/airflow/.local/lib/python3.12/site-packages/airflow/settings.py:195 DeprecationWarning: The sql_alchemy_conn option in [core] has been moved to the sql_alchemy_conn option in [database] - the old setting has been used, but please update your config.
[2024-07-14T04:51:53.182+0000] {task_command.py:426} INFO - Running <TaskInstance: ELT-PROJECT.transform.best_employee_run scheduled__2024-07-13T00:00:00+00:00 [running]> on host airflow-scheduler
[2024-07-14T04:51:53.360+0000] {taskinstance.py:2648} INFO - Exporting env vars: AIRFLOW_CTX_DAG_OWNER='Data-Ninja' AIRFLOW_CTX_DAG_ID='ELT-PROJECT' AIRFLOW_CTX_TASK_ID='transform.best_employee_run' AIRFLOW_CTX_EXECUTION_DATE='2024-07-13T00:00:00+00:00' AIRFLOW_CTX_TRY_NUMBER='1' AIRFLOW_CTX_DAG_RUN_ID='scheduled__2024-07-13T00:00:00+00:00'
[2024-07-14T04:51:53.362+0000] {taskinstance.py:430} INFO - ::endgroup::
[2024-07-14T04:51:53.365+0000] {local.py:174} INFO - Could not import dbtRunner. Falling back to subprocess for invoking dbt.
[2024-07-14T04:51:53.367+0000] {local.py:292} INFO - Cloning project to writable temp directory /tmp/tmpfoplq5q1 from /opt/airflow/dags/dbt/dbt_project
[2024-07-14T04:51:53.375+0000] {local.py:303} INFO - Partial parse is enabled and the latest partial parse file is /tmp/cosmos/ELT-PROJECT__transform/target/partial_parse.msgpack
[2024-07-14T04:51:53.703+0000] {base.py:84} INFO - Using connection ID 'snow_conn' for task execution.
[2024-07-14T04:51:53.705+0000] {crypto.py:82} WARNING - empty cryptography key - values will not be stored encrypted.
[2024-07-14T04:51:53.706+0000] {config.py:298} INFO - Profile caching is enable.
[2024-07-14T04:51:53.710+0000] {config.py:272} INFO - Profile found in cache using profile: /tmp/cosmos/profile/a0017dab0633177292578162811b91dcb9c56d6e54017e9660056cc364a762ad/profiles.yml.
[2024-07-14T04:51:53.712+0000] {local.py:247} INFO - Trying to run the command:
 ['/opt/airflow/dbt_venv/bin/dbt', 'deps', '--project-dir', '/tmp/tmpfoplq5q1', '--profiles-dir', '/tmp/cosmos/profile/a0017dab0633177292578162811b91dcb9c56d6e54017e9660056cc364a762ad', '--profile', 'dbt_project', '--target', 'dev']
From /tmp/tmpfoplq5q1
[2024-07-14T04:51:53.714+0000] {subprocess.py:60} INFO - Tmp dir root location: 
 /tmp
[2024-07-14T04:51:53.715+0000] {subprocess.py:73} INFO - Running command: ['/opt/airflow/dbt_venv/bin/dbt', 'deps', '--project-dir', '/tmp/tmpfoplq5q1', '--profiles-dir', '/tmp/cosmos/profile/a0017dab0633177292578162811b91dcb9c56d6e54017e9660056cc364a762ad', '--profile', 'dbt_project', '--target', 'dev']
[2024-07-14T04:51:53.732+0000] {subprocess.py:84} INFO - Command output:
[2024-07-14T04:51:58.683+0000] {subprocess.py:94} INFO - [0m04:51:58  Running with dbt=1.8.3
[2024-07-14T04:51:59.255+0000] {subprocess.py:94} INFO - [0m04:51:59  Updating lock file in file path: /tmp/tmpfoplq5q1/package-lock.yml
[2024-07-14T04:51:59.267+0000] {subprocess.py:94} INFO - [0m04:51:59  Installing dbt-labs/dbt_utils
[2024-07-14T04:51:59.799+0000] {subprocess.py:94} INFO - [0m04:51:59  Installed from version 0.8.6
[2024-07-14T04:51:59.801+0000] {subprocess.py:94} INFO - [0m04:51:59  Updated version available: 1.2.0
[2024-07-14T04:51:59.804+0000] {subprocess.py:94} INFO - [0m04:51:59
[2024-07-14T04:51:59.806+0000] {subprocess.py:94} INFO - [0m04:51:59  Updates available for packages: ['dbt-labs/dbt_utils']
[2024-07-14T04:51:59.807+0000] {subprocess.py:94} INFO - Update your versions in packages.yml, then run dbt deps
[2024-07-14T04:52:01.363+0000] {subprocess.py:98} INFO - Command exited with return code 0
[2024-07-14T04:52:01.364+0000] {local.py:254} INFO - Update your versions in packages.yml, then run dbt deps
[2024-07-14T04:52:01.366+0000] {local.py:247} INFO - Trying to run the command:
 ['/opt/airflow/dbt_venv/bin/dbt', 'run', '--models', 'best_employee', '--project-dir', '/tmp/tmpfoplq5q1', '--profiles-dir', '/tmp/cosmos/profile/a0017dab0633177292578162811b91dcb9c56d6e54017e9660056cc364a762ad', '--profile', 'dbt_project', '--target', 'dev']
From /tmp/tmpfoplq5q1
[2024-07-14T04:52:01.367+0000] {subprocess.py:60} INFO - Tmp dir root location: 
 /tmp
[2024-07-14T04:52:01.368+0000] {subprocess.py:73} INFO - Running command: ['/opt/airflow/dbt_venv/bin/dbt', 'run', '--models', 'best_employee', '--project-dir', '/tmp/tmpfoplq5q1', '--profiles-dir', '/tmp/cosmos/profile/a0017dab0633177292578162811b91dcb9c56d6e54017e9660056cc364a762ad', '--profile', 'dbt_project', '--target', 'dev']
[2024-07-14T04:52:01.385+0000] {subprocess.py:84} INFO - Command output:
[2024-07-14T04:52:05.065+0000] {subprocess.py:94} INFO - [0m04:52:05  Running with dbt=1.8.3
[2024-07-14T04:52:06.042+0000] {subprocess.py:94} INFO - [0m04:52:06  Registered adapter: snowflake=1.8.3
[2024-07-14T04:52:08.089+0000] {subprocess.py:94} INFO - [0m04:52:08  Found 20 models, 27 data tests, 11 sources, 684 macros
[2024-07-14T04:52:08.096+0000] {subprocess.py:94} INFO - [0m04:52:08
[2024-07-14T04:52:15.198+0000] {subprocess.py:94} INFO - [0m04:52:15  Concurrency: 1 threads (target='dev')
[2024-07-14T04:52:15.199+0000] {subprocess.py:94} INFO - [0m04:52:15
[2024-07-14T04:52:15.215+0000] {subprocess.py:94} INFO - [0m04:52:15  1 of 1 START sql table model dm.best_employee .................................. [RUN]
[2024-07-14T04:52:19.295+0000] {subprocess.py:94} INFO - [0m04:52:19  1 of 1 OK created sql table model dm.best_employee ............................. [[32mSUCCESS 1[0m in 4.07s]
[2024-07-14T04:52:19.301+0000] {subprocess.py:94} INFO - [0m04:52:19
[2024-07-14T04:52:19.302+0000] {subprocess.py:94} INFO - [0m04:52:19  Finished running 1 table model in 0 hours 0 minutes and 11.20 seconds (11.20s).
[2024-07-14T04:52:19.465+0000] {subprocess.py:94} INFO - [0m04:52:19
[2024-07-14T04:52:19.467+0000] {subprocess.py:94} INFO - [0m04:52:19  [32mCompleted successfully[0m
[2024-07-14T04:52:19.469+0000] {subprocess.py:94} INFO - [0m04:52:19
[2024-07-14T04:52:19.471+0000] {subprocess.py:94} INFO - [0m04:52:19  Done. PASS=1 WARN=0 ERROR=0 SKIP=0 TOTAL=1
[2024-07-14T04:52:21.045+0000] {subprocess.py:98} INFO - Command exited with return code 0
[2024-07-14T04:52:21.046+0000] {local.py:254} INFO - [0m04:52:19  Done. PASS=1 WARN=0 ERROR=0 SKIP=0 TOTAL=1
[2024-07-14T04:52:21.070+0000] {local.py:196} WARNING - Artifact schema version: https://schemas.getdbt.com/dbt/manifest/v12.json is above dbt-ol supported version 7. This might cause errors.
[2024-07-14T04:52:21.070+0000] {local.py:196} WARNING - Artifact schema version: https://schemas.getdbt.com/dbt/run-results/v6.json is above dbt-ol supported version 5. This might cause errors.
[2024-07-14T04:52:21.081+0000] {local.py:349} INFO - Inlets: [Dataset(uri='snowflake://OU00370.europe-west2.gcp/ELT_BATCH.dwh.dim_employees', extra=None), Dataset(uri='snowflake://OU00370.europe-west2.gcp/ELT_BATCH.dwh.fact_order_details', extra=None), Dataset(uri='snowflake://OU00370.europe-west2.gcp/ELT_BATCH.dwh.fact_orders', extra=None)]
[2024-07-14T04:52:21.082+0000] {local.py:350} INFO - Outlets: [Dataset(uri='snowflake://OU00370.europe-west2.gcp/ELT_BATCH.dm.best_employee', extra=None)]
[2024-07-14T04:52:21.084+0000] {dag.py:3096} INFO - Sync 1 DAGs
[2024-07-14T04:52:21.122+0000] {dag.py:3954} INFO - Setting next_dagrun for ELT-PROJECT to 2024-07-14 00:00:00+00:00, run_after=2024-07-15 00:00:00+00:00
[2024-07-14T04:52:21.177+0000] {taskinstance.py:441} INFO - ::group::Post task execution logs
[2024-07-14T04:52:21.234+0000] {taskinstance.py:1206} INFO - Marking task as SUCCESS. dag_id=ELT-PROJECT, task_id=transform.best_employee_run, run_id=scheduled__2024-07-13T00:00:00+00:00, execution_date=20240713T000000, start_date=20240714T045152, end_date=20240714T045221
[2024-07-14T04:52:21.280+0000] {local_task_job_runner.py:240} INFO - Task exited with return code 0
[2024-07-14T04:52:21.370+0000] {taskinstance.py:3503} INFO - 0 downstream tasks scheduled from follow-on schedule check
[2024-07-14T04:52:21.374+0000] {local_task_job_runner.py:222} INFO - ::endgroup::
