[2024-07-14T04:03:22.599+0000] {local_task_job_runner.py:120} INFO - ::group::Pre task execution logs
[2024-07-14T04:03:22.815+0000] {taskinstance.py:2076} INFO - Dependencies all met for dep_context=non-requeueable deps ti=<TaskInstance: ELT-PROJECT.transform.raw_employees.run scheduled__2024-06-30T00:00:00+00:00 [queued]>
[2024-07-14T04:03:22.908+0000] {taskinstance.py:2076} INFO - Dependencies all met for dep_context=requeueable deps ti=<TaskInstance: ELT-PROJECT.transform.raw_employees.run scheduled__2024-06-30T00:00:00+00:00 [queued]>
[2024-07-14T04:03:22.924+0000] {taskinstance.py:2306} INFO - Starting attempt 1 of 2
[2024-07-14T04:03:23.005+0000] {taskinstance.py:2330} INFO - Executing <Task(DbtRunLocalOperator): transform.raw_employees.run> on 2024-06-30 00:00:00+00:00
[2024-07-14T04:03:23.116+0000] {standard_task_runner.py:90} INFO - Running: ['airflow', 'tasks', 'run', 'ELT-PROJECT', 'transform.raw_employees.run', 'scheduled__2024-06-30T00:00:00+00:00', '--job-id', '1048', '--raw', '--subdir', 'DAGS_FOLDER/elt.py', '--cfg-path', '/tmp/tmpafdg5c9b']
[2024-07-14T04:03:23.133+0000] {standard_task_runner.py:91} INFO - Job 1048: Subtask transform.raw_employees.run
[2024-07-14T04:03:23.093+0000] {logging_mixin.py:188} WARNING - /home/airflow/.local/lib/python3.12/site-packages/airflow/task/task_runner/standard_task_runner.py:61 DeprecationWarning: This process (pid=12415) is multi-threaded, use of fork() may lead to deadlocks in the child.
[2024-07-14T04:03:23.184+0000] {standard_task_runner.py:63} INFO - Started process 12452 to run task
[2024-07-14T04:03:23.229+0000] {logging_mixin.py:188} WARNING - /home/airflow/.local/lib/python3.12/site-packages/airflow/settings.py:195 DeprecationWarning: The sql_alchemy_conn option in [core] has been moved to the sql_alchemy_conn option in [database] - the old setting has been used, but please update your config.
[2024-07-14T04:03:23.440+0000] {task_command.py:426} INFO - Running <TaskInstance: ELT-PROJECT.transform.raw_employees.run scheduled__2024-06-30T00:00:00+00:00 [running]> on host airflow-scheduler
[2024-07-14T04:03:24.042+0000] {taskinstance.py:2648} INFO - Exporting env vars: AIRFLOW_CTX_DAG_OWNER='Data-Ninja' AIRFLOW_CTX_DAG_ID='ELT-PROJECT' AIRFLOW_CTX_TASK_ID='transform.raw_employees.run' AIRFLOW_CTX_EXECUTION_DATE='2024-06-30T00:00:00+00:00' AIRFLOW_CTX_TRY_NUMBER='1' AIRFLOW_CTX_DAG_RUN_ID='scheduled__2024-06-30T00:00:00+00:00'
[2024-07-14T04:03:24.045+0000] {taskinstance.py:430} INFO - ::endgroup::
[2024-07-14T04:03:24.050+0000] {local.py:174} INFO - Could not import dbtRunner. Falling back to subprocess for invoking dbt.
[2024-07-14T04:03:24.064+0000] {local.py:292} INFO - Cloning project to writable temp directory /tmp/tmpax0fk5zb from /opt/airflow/dags/dbt/dbt_project
[2024-07-14T04:03:24.192+0000] {local.py:303} INFO - Partial parse is enabled and the latest partial parse file is /tmp/cosmos/ELT-PROJECT__transform/target/partial_parse.msgpack
[2024-07-14T04:03:24.418+0000] {base.py:84} INFO - Using connection ID 'snow_conn' for task execution.
[2024-07-14T04:03:24.427+0000] {crypto.py:82} WARNING - empty cryptography key - values will not be stored encrypted.
[2024-07-14T04:03:24.444+0000] {config.py:298} INFO - Profile caching is enable.
[2024-07-14T04:03:24.452+0000] {config.py:272} INFO - Profile found in cache using profile: /tmp/cosmos/profile/a0017dab0633177292578162811b91dcb9c56d6e54017e9660056cc364a762ad/profiles.yml.
[2024-07-14T04:03:24.454+0000] {local.py:247} INFO - Trying to run the command:
 ['/opt/airflow/dbt_venv/bin/dbt', 'deps', '--project-dir', '/tmp/tmpax0fk5zb', '--profiles-dir', '/tmp/cosmos/profile/a0017dab0633177292578162811b91dcb9c56d6e54017e9660056cc364a762ad', '--profile', 'dbt_project', '--target', 'dev']
From /tmp/tmpax0fk5zb
[2024-07-14T04:03:24.457+0000] {subprocess.py:60} INFO - Tmp dir root location: 
 /tmp
[2024-07-14T04:03:24.459+0000] {subprocess.py:73} INFO - Running command: ['/opt/airflow/dbt_venv/bin/dbt', 'deps', '--project-dir', '/tmp/tmpax0fk5zb', '--profiles-dir', '/tmp/cosmos/profile/a0017dab0633177292578162811b91dcb9c56d6e54017e9660056cc364a762ad', '--profile', 'dbt_project', '--target', 'dev']
[2024-07-14T04:03:24.554+0000] {subprocess.py:84} INFO - Command output:
[2024-07-14T04:03:42.144+0000] {subprocess.py:94} INFO - [0m04:03:42  Running with dbt=1.8.3
[2024-07-14T04:03:43.948+0000] {subprocess.py:94} INFO - [0m04:03:43  Updating lock file in file path: /tmp/tmpax0fk5zb/package-lock.yml
[2024-07-14T04:03:44.011+0000] {subprocess.py:94} INFO - [0m04:03:43  Installing dbt-labs/dbt_utils
[2024-07-14T04:03:44.827+0000] {subprocess.py:94} INFO - [0m04:03:44  Installed from version 0.8.6
[2024-07-14T04:03:44.835+0000] {subprocess.py:94} INFO - [0m04:03:44  Updated version available: 1.2.0
[2024-07-14T04:03:44.843+0000] {subprocess.py:94} INFO - [0m04:03:44
[2024-07-14T04:03:44.857+0000] {subprocess.py:94} INFO - [0m04:03:44  Updates available for packages: ['dbt-labs/dbt_utils']
[2024-07-14T04:03:44.859+0000] {subprocess.py:94} INFO - Update your versions in packages.yml, then run dbt deps
[2024-07-14T04:03:47.077+0000] {subprocess.py:98} INFO - Command exited with return code 0
[2024-07-14T04:03:47.079+0000] {local.py:254} INFO - Update your versions in packages.yml, then run dbt deps
[2024-07-14T04:03:47.081+0000] {local.py:247} INFO - Trying to run the command:
 ['/opt/airflow/dbt_venv/bin/dbt', 'run', '--models', 'raw_employees', '--project-dir', '/tmp/tmpax0fk5zb', '--profiles-dir', '/tmp/cosmos/profile/a0017dab0633177292578162811b91dcb9c56d6e54017e9660056cc364a762ad', '--profile', 'dbt_project', '--target', 'dev']
From /tmp/tmpax0fk5zb
[2024-07-14T04:03:47.084+0000] {subprocess.py:60} INFO - Tmp dir root location: 
 /tmp
[2024-07-14T04:03:47.086+0000] {subprocess.py:73} INFO - Running command: ['/opt/airflow/dbt_venv/bin/dbt', 'run', '--models', 'raw_employees', '--project-dir', '/tmp/tmpax0fk5zb', '--profiles-dir', '/tmp/cosmos/profile/a0017dab0633177292578162811b91dcb9c56d6e54017e9660056cc364a762ad', '--profile', 'dbt_project', '--target', 'dev']
[2024-07-14T04:03:47.156+0000] {subprocess.py:84} INFO - Command output:
[2024-07-14T04:04:01.184+0000] {subprocess.py:94} INFO - [0m04:04:01  Running with dbt=1.8.3
[2024-07-14T04:04:05.680+0000] {subprocess.py:94} INFO - [0m04:04:05  Registered adapter: snowflake=1.8.3
[2024-07-14T04:04:10.799+0000] {subprocess.py:94} INFO - [0m04:04:10  Found 20 models, 27 data tests, 11 sources, 684 macros
[2024-07-14T04:04:10.809+0000] {subprocess.py:94} INFO - [0m04:04:10
[2024-07-14T04:04:19.160+0000] {subprocess.py:94} INFO - [0m04:04:19  Concurrency: 1 threads (target='dev')
[2024-07-14T04:04:19.163+0000] {subprocess.py:94} INFO - [0m04:04:19
[2024-07-14T04:04:19.194+0000] {subprocess.py:94} INFO - [0m04:04:19  1 of 1 START sql table model raw.raw_employees ................................. [RUN]
[2024-07-14T04:04:21.628+0000] {subprocess.py:94} INFO - [0m04:04:21  1 of 1 OK created sql table model raw.raw_employees ............................ [[32mSUCCESS 1[0m in 2.42s]
[2024-07-14T04:04:21.644+0000] {subprocess.py:94} INFO - [0m04:04:21
[2024-07-14T04:04:21.649+0000] {subprocess.py:94} INFO - [0m04:04:21  Finished running 1 table model in 0 hours 0 minutes and 10.83 seconds (10.83s).
[2024-07-14T04:04:22.141+0000] {subprocess.py:94} INFO - [0m04:04:22
[2024-07-14T04:04:22.144+0000] {subprocess.py:94} INFO - [0m04:04:22  [32mCompleted successfully[0m
[2024-07-14T04:04:22.147+0000] {subprocess.py:94} INFO - [0m04:04:22
[2024-07-14T04:04:22.163+0000] {subprocess.py:94} INFO - [0m04:04:22  Done. PASS=1 WARN=0 ERROR=0 SKIP=0 TOTAL=1
[2024-07-14T04:04:24.078+0000] {subprocess.py:98} INFO - Command exited with return code 0
[2024-07-14T04:04:24.083+0000] {local.py:254} INFO - [0m04:04:22  Done. PASS=1 WARN=0 ERROR=0 SKIP=0 TOTAL=1
[2024-07-14T04:04:24.987+0000] {local.py:196} WARNING - Artifact schema version: https://schemas.getdbt.com/dbt/manifest/v12.json is above dbt-ol supported version 7. This might cause errors.
[2024-07-14T04:04:25.010+0000] {local.py:196} WARNING - Artifact schema version: https://schemas.getdbt.com/dbt/run-results/v6.json is above dbt-ol supported version 5. This might cause errors.
[2024-07-14T04:04:25.052+0000] {local.py:349} INFO - Inlets: [Dataset(uri='snowflake://OU00370.europe-west2.gcp/ELT_BATCH.PUBLIC.employees', extra=None)]
[2024-07-14T04:04:25.070+0000] {local.py:350} INFO - Outlets: [Dataset(uri='snowflake://OU00370.europe-west2.gcp/ELT_BATCH.raw.raw_employees', extra=None)]
[2024-07-14T04:04:25.074+0000] {dag.py:3096} INFO - Sync 1 DAGs
[2024-07-14T04:04:25.429+0000] {taskinstance.py:441} INFO - ::group::Post task execution logs
[2024-07-14T04:04:25.673+0000] {taskinstance.py:1206} INFO - Marking task as SUCCESS. dag_id=ELT-PROJECT, task_id=transform.raw_employees.run, run_id=scheduled__2024-06-30T00:00:00+00:00, execution_date=20240630T000000, start_date=20240714T040322, end_date=20240714T040425
[2024-07-14T04:04:26.081+0000] {local_task_job_runner.py:240} INFO - Task exited with return code 0
[2024-07-14T04:04:26.136+0000] {local_task_job_runner.py:222} INFO - ::endgroup::
