[2024-07-13T15:14:50.656+0000] {local_task_job_runner.py:120} INFO - ::group::Pre task execution logs
[2024-07-13T15:14:50.745+0000] {taskinstance.py:2076} INFO - Dependencies all met for dep_context=non-requeueable deps ti=<TaskInstance: ELT-PROJECT.load.load_order_details manual__2024-07-13T15:14:34.532265+00:00 [queued]>
[2024-07-13T15:14:50.769+0000] {taskinstance.py:2076} INFO - Dependencies all met for dep_context=requeueable deps ti=<TaskInstance: ELT-PROJECT.load.load_order_details manual__2024-07-13T15:14:34.532265+00:00 [queued]>
[2024-07-13T15:14:50.770+0000] {taskinstance.py:2306} INFO - Starting attempt 1 of 2
[2024-07-13T15:14:50.829+0000] {taskinstance.py:2330} INFO - Executing <Task(_PythonDecoratedOperator): load.load_order_details> on 2024-07-13 15:14:34.532265+00:00
[2024-07-13T15:14:50.854+0000] {logging_mixin.py:188} WARNING - /home/airflow/.local/lib/python3.12/site-packages/airflow/task/task_runner/standard_task_runner.py:61 DeprecationWarning: This process (pid=459) is multi-threaded, use of fork() may lead to deadlocks in the child.
[2024-07-13T15:14:50.857+0000] {standard_task_runner.py:63} INFO - Started process 489 to run task
[2024-07-13T15:14:50.875+0000] {standard_task_runner.py:90} INFO - Running: ['airflow', 'tasks', 'run', 'ELT-PROJECT', 'load.load_order_details', 'manual__2024-07-13T15:14:34.532265+00:00', '--job-id', '379', '--raw', '--subdir', 'DAGS_FOLDER/elt.py', '--cfg-path', '/tmp/tmpctey1oi4']
[2024-07-13T15:14:50.880+0000] {standard_task_runner.py:91} INFO - Job 379: Subtask load.load_order_details
[2024-07-13T15:14:50.981+0000] {logging_mixin.py:188} WARNING - /home/airflow/.local/lib/python3.12/site-packages/airflow/settings.py:195 DeprecationWarning: The sql_alchemy_conn option in [core] has been moved to the sql_alchemy_conn option in [database] - the old setting has been used, but please update your config.
[2024-07-13T15:14:51.165+0000] {task_command.py:426} INFO - Running <TaskInstance: ELT-PROJECT.load.load_order_details manual__2024-07-13T15:14:34.532265+00:00 [running]> on host airflow-scheduler
[2024-07-13T15:14:53.046+0000] {taskinstance.py:2648} INFO - Exporting env vars: AIRFLOW_CTX_DAG_OWNER='Data-Ninja' AIRFLOW_CTX_DAG_ID='ELT-PROJECT' AIRFLOW_CTX_TASK_ID='load.load_order_details' AIRFLOW_CTX_EXECUTION_DATE='2024-07-13T15:14:34.532265+00:00' AIRFLOW_CTX_TRY_NUMBER='1' AIRFLOW_CTX_DAG_RUN_ID='manual__2024-07-13T15:14:34.532265+00:00'
[2024-07-13T15:14:53.050+0000] {taskinstance.py:430} INFO - ::endgroup::
[2024-07-13T15:14:53.055+0000] {connection.py:399} INFO - Snowflake Connector for Python Version: 3.10.1, Python Version: 3.12.4, Platform: Linux-5.15.133.1-microsoft-standard-WSL2-x86_64-with-glibc2.36
[2024-07-13T15:14:53.058+0000] {connection.py:1249} INFO - THIS CONNECTION IS IN INSECURE MODE. IT MEANS THE CERTIFICATE WILL BE VALIDATED BUT THE CERTIFICATE REVOCATION STATUS WILL NOT BE CHECKED.
[2024-07-13T15:14:53.243+0000] {ssl_wrap_socket.py:100} INFO - THIS CONNECTION IS IN INSECURE MODE. IT MEANS THE CERTIFICATE WILL BE VALIDATED BUT THE CERTIFICATE REVOCATION STATUS WILL NOT BE CHECKED.
[2024-07-13T15:14:53.637+0000] {logging_mixin.py:188} INFO - Nama kolom di DataFrame: Index(['orderID', 'productID', 'unitPrice', 'quantity', 'discount'], dtype='object')
[2024-07-13T15:14:54.029+0000] {cursor.py:1149} INFO - Number of results in first chunk: 1
[2024-07-13T15:14:54.682+0000] {ssl_wrap_socket.py:100} INFO - THIS CONNECTION IS IN INSECURE MODE. IT MEANS THE CERTIFICATE WILL BE VALIDATED BUT THE CERTIFICATE REVOCATION STATUS WILL NOT BE CHECKED.
[2024-07-13T15:14:57.566+0000] {cursor.py:1149} INFO - Number of results in first chunk: 1
[2024-07-13T15:14:58.778+0000] {cursor.py:1149} INFO - Number of results in first chunk: 5
[2024-07-13T15:14:59.152+0000] {cursor.py:1149} INFO - Number of results in first chunk: 1
[2024-07-13T15:14:59.874+0000] {cursor.py:1149} INFO - Number of results in first chunk: 1
[2024-07-13T15:15:01.382+0000] {cursor.py:1149} INFO - Number of results in first chunk: 1
[2024-07-13T15:15:01.384+0000] {logging_mixin.py:188} INFO - Done order_details.
[2024-07-13T15:15:01.386+0000] {connection.py:762} INFO - closed
[2024-07-13T15:15:01.736+0000] {connection.py:768} INFO - No async queries seem to be running, deleting session
[2024-07-13T15:15:02.145+0000] {python.py:237} INFO - Done. Returned value was: None
[2024-07-13T15:15:02.156+0000] {taskinstance.py:441} INFO - ::group::Post task execution logs
[2024-07-13T15:15:02.252+0000] {taskinstance.py:1206} INFO - Marking task as SUCCESS. dag_id=ELT-PROJECT, task_id=load.load_order_details, run_id=manual__2024-07-13T15:14:34.532265+00:00, execution_date=20240713T151434, start_date=20240713T151450, end_date=20240713T151502
[2024-07-13T15:15:02.369+0000] {local_task_job_runner.py:240} INFO - Task exited with return code 0
[2024-07-13T15:15:02.402+0000] {local_task_job_runner.py:222} INFO - ::endgroup::
