[2024-07-14T04:15:26.065+0000] {local_task_job_runner.py:120} INFO - ::group::Pre task execution logs
[2024-07-14T04:15:26.192+0000] {taskinstance.py:2076} INFO - Dependencies all met for dep_context=non-requeueable deps ti=<TaskInstance: ELT-PROJECT.transform.dim_employees.run scheduled__2024-07-11T00:00:00+00:00 [queued]>
[2024-07-14T04:15:26.262+0000] {taskinstance.py:2076} INFO - Dependencies all met for dep_context=requeueable deps ti=<TaskInstance: ELT-PROJECT.transform.dim_employees.run scheduled__2024-07-11T00:00:00+00:00 [queued]>
[2024-07-14T04:15:26.264+0000] {taskinstance.py:2306} INFO - Starting attempt 1 of 2
[2024-07-14T04:15:26.373+0000] {taskinstance.py:2330} INFO - Executing <Task(DbtRunLocalOperator): transform.dim_employees.run> on 2024-07-11 00:00:00+00:00
[2024-07-14T04:15:26.413+0000] {logging_mixin.py:188} WARNING - /home/airflow/.local/lib/python3.12/site-packages/airflow/task/task_runner/standard_task_runner.py:61 DeprecationWarning: This process (pid=15110) is multi-threaded, use of fork() may lead to deadlocks in the child.
[2024-07-14T04:15:26.422+0000] {standard_task_runner.py:63} INFO - Started process 15122 to run task
[2024-07-14T04:15:26.424+0000] {standard_task_runner.py:90} INFO - Running: ['airflow', 'tasks', 'run', 'ELT-PROJECT', 'transform.dim_employees.run', 'scheduled__2024-07-11T00:00:00+00:00', '--job-id', '1206', '--raw', '--subdir', 'DAGS_FOLDER/elt.py', '--cfg-path', '/tmp/tmpjg41qgju']
[2024-07-14T04:15:26.445+0000] {standard_task_runner.py:91} INFO - Job 1206: Subtask transform.dim_employees.run
[2024-07-14T04:15:26.518+0000] {logging_mixin.py:188} WARNING - /home/airflow/.local/lib/python3.12/site-packages/airflow/settings.py:195 DeprecationWarning: The sql_alchemy_conn option in [core] has been moved to the sql_alchemy_conn option in [database] - the old setting has been used, but please update your config.
[2024-07-14T04:15:26.742+0000] {task_command.py:426} INFO - Running <TaskInstance: ELT-PROJECT.transform.dim_employees.run scheduled__2024-07-11T00:00:00+00:00 [running]> on host airflow-scheduler
[2024-07-14T04:15:27.363+0000] {taskinstance.py:2648} INFO - Exporting env vars: AIRFLOW_CTX_DAG_OWNER='Data-Ninja' AIRFLOW_CTX_DAG_ID='ELT-PROJECT' AIRFLOW_CTX_TASK_ID='transform.dim_employees.run' AIRFLOW_CTX_EXECUTION_DATE='2024-07-11T00:00:00+00:00' AIRFLOW_CTX_TRY_NUMBER='1' AIRFLOW_CTX_DAG_RUN_ID='scheduled__2024-07-11T00:00:00+00:00'
[2024-07-14T04:15:27.371+0000] {taskinstance.py:430} INFO - ::endgroup::
[2024-07-14T04:15:27.381+0000] {local.py:174} INFO - Could not import dbtRunner. Falling back to subprocess for invoking dbt.
[2024-07-14T04:15:27.387+0000] {local.py:292} INFO - Cloning project to writable temp directory /tmp/tmpiwy6e3s9 from /opt/airflow/dags/dbt/dbt_project
[2024-07-14T04:15:27.422+0000] {local.py:303} INFO - Partial parse is enabled and the latest partial parse file is /tmp/cosmos/ELT-PROJECT__transform/target/partial_parse.msgpack
[2024-07-14T04:15:27.633+0000] {base.py:84} INFO - Using connection ID 'snow_conn' for task execution.
[2024-07-14T04:15:27.647+0000] {crypto.py:82} WARNING - empty cryptography key - values will not be stored encrypted.
[2024-07-14T04:15:27.648+0000] {config.py:298} INFO - Profile caching is enable.
[2024-07-14T04:15:27.677+0000] {config.py:272} INFO - Profile found in cache using profile: /tmp/cosmos/profile/a0017dab0633177292578162811b91dcb9c56d6e54017e9660056cc364a762ad/profiles.yml.
[2024-07-14T04:15:27.701+0000] {local.py:247} INFO - Trying to run the command:
 ['/opt/airflow/dbt_venv/bin/dbt', 'deps', '--project-dir', '/tmp/tmpiwy6e3s9', '--profiles-dir', '/tmp/cosmos/profile/a0017dab0633177292578162811b91dcb9c56d6e54017e9660056cc364a762ad', '--profile', 'dbt_project', '--target', 'dev']
From /tmp/tmpiwy6e3s9
[2024-07-14T04:15:27.704+0000] {subprocess.py:60} INFO - Tmp dir root location: 
 /tmp
[2024-07-14T04:15:27.706+0000] {subprocess.py:73} INFO - Running command: ['/opt/airflow/dbt_venv/bin/dbt', 'deps', '--project-dir', '/tmp/tmpiwy6e3s9', '--profiles-dir', '/tmp/cosmos/profile/a0017dab0633177292578162811b91dcb9c56d6e54017e9660056cc364a762ad', '--profile', 'dbt_project', '--target', 'dev']
[2024-07-14T04:15:27.763+0000] {subprocess.py:84} INFO - Command output:
[2024-07-14T04:15:44.753+0000] {subprocess.py:94} INFO - [0m04:15:44  Running with dbt=1.8.3
[2024-07-14T04:15:46.429+0000] {subprocess.py:94} INFO - [0m04:15:46  Updating lock file in file path: /tmp/tmpiwy6e3s9/package-lock.yml
[2024-07-14T04:15:46.465+0000] {subprocess.py:94} INFO - [0m04:15:46  Installing dbt-labs/dbt_utils
[2024-07-14T04:15:47.257+0000] {subprocess.py:94} INFO - [0m04:15:47  Installed from version 0.8.6
[2024-07-14T04:15:47.282+0000] {subprocess.py:94} INFO - [0m04:15:47  Updated version available: 1.2.0
[2024-07-14T04:15:47.287+0000] {subprocess.py:94} INFO - [0m04:15:47
[2024-07-14T04:15:47.291+0000] {subprocess.py:94} INFO - [0m04:15:47  Updates available for packages: ['dbt-labs/dbt_utils']
[2024-07-14T04:15:47.294+0000] {subprocess.py:94} INFO - Update your versions in packages.yml, then run dbt deps
[2024-07-14T04:15:49.575+0000] {subprocess.py:98} INFO - Command exited with return code 0
[2024-07-14T04:15:49.577+0000] {local.py:254} INFO - Update your versions in packages.yml, then run dbt deps
[2024-07-14T04:15:49.579+0000] {local.py:247} INFO - Trying to run the command:
 ['/opt/airflow/dbt_venv/bin/dbt', 'run', '--models', 'dim_employees', '--project-dir', '/tmp/tmpiwy6e3s9', '--profiles-dir', '/tmp/cosmos/profile/a0017dab0633177292578162811b91dcb9c56d6e54017e9660056cc364a762ad', '--profile', 'dbt_project', '--target', 'dev']
From /tmp/tmpiwy6e3s9
[2024-07-14T04:15:49.583+0000] {subprocess.py:60} INFO - Tmp dir root location: 
 /tmp
[2024-07-14T04:15:49.585+0000] {subprocess.py:73} INFO - Running command: ['/opt/airflow/dbt_venv/bin/dbt', 'run', '--models', 'dim_employees', '--project-dir', '/tmp/tmpiwy6e3s9', '--profiles-dir', '/tmp/cosmos/profile/a0017dab0633177292578162811b91dcb9c56d6e54017e9660056cc364a762ad', '--profile', 'dbt_project', '--target', 'dev']
[2024-07-14T04:15:49.664+0000] {subprocess.py:84} INFO - Command output:
[2024-07-14T04:16:05.289+0000] {subprocess.py:94} INFO - [0m04:16:05  Running with dbt=1.8.3
[2024-07-14T04:16:10.607+0000] {subprocess.py:94} INFO - [0m04:16:10  Registered adapter: snowflake=1.8.3
[2024-07-14T04:16:19.644+0000] {subprocess.py:94} INFO - [0m04:16:19  Found 20 models, 27 data tests, 11 sources, 684 macros
[2024-07-14T04:16:19.665+0000] {subprocess.py:94} INFO - [0m04:16:19
[2024-07-14T04:16:30.104+0000] {subprocess.py:94} INFO - [0m04:16:30  Concurrency: 1 threads (target='dev')
[2024-07-14T04:16:30.118+0000] {subprocess.py:94} INFO - [0m04:16:30
[2024-07-14T04:16:30.248+0000] {subprocess.py:94} INFO - [0m04:16:30  1 of 1 START sql table model dwh.dim_employees ................................. [RUN]
[2024-07-14T04:16:33.324+0000] {subprocess.py:94} INFO - [0m04:16:33  1 of 1 OK created sql table model dwh.dim_employees ............................ [[32mSUCCESS 1[0m in 3.06s]
[2024-07-14T04:16:33.367+0000] {subprocess.py:94} INFO - [0m04:16:33
[2024-07-14T04:16:33.370+0000] {subprocess.py:94} INFO - [0m04:16:33  Finished running 1 table model in 0 hours 0 minutes and 13.70 seconds (13.70s).
[2024-07-14T04:16:34.271+0000] {subprocess.py:94} INFO - [0m04:16:34
[2024-07-14T04:16:34.277+0000] {subprocess.py:94} INFO - [0m04:16:34  [32mCompleted successfully[0m
[2024-07-14T04:16:34.281+0000] {subprocess.py:94} INFO - [0m04:16:34
[2024-07-14T04:16:34.284+0000] {subprocess.py:94} INFO - [0m04:16:34  Done. PASS=1 WARN=0 ERROR=0 SKIP=0 TOTAL=1
[2024-07-14T04:16:36.691+0000] {subprocess.py:98} INFO - Command exited with return code 0
[2024-07-14T04:16:36.694+0000] {local.py:254} INFO - [0m04:16:34  Done. PASS=1 WARN=0 ERROR=0 SKIP=0 TOTAL=1
[2024-07-14T04:16:37.249+0000] {local.py:196} WARNING - Artifact schema version: https://schemas.getdbt.com/dbt/manifest/v12.json is above dbt-ol supported version 7. This might cause errors.
[2024-07-14T04:16:37.250+0000] {local.py:196} WARNING - Artifact schema version: https://schemas.getdbt.com/dbt/run-results/v6.json is above dbt-ol supported version 5. This might cause errors.
[2024-07-14T04:16:37.293+0000] {local.py:349} INFO - Inlets: [Dataset(uri='snowflake://OU00370.europe-west2.gcp/ELT_BATCH.raw.raw_employees', extra=None)]
[2024-07-14T04:16:37.319+0000] {local.py:350} INFO - Outlets: [Dataset(uri='snowflake://OU00370.europe-west2.gcp/ELT_BATCH.dwh.dim_employees', extra=None)]
[2024-07-14T04:16:37.324+0000] {dag.py:3096} INFO - Sync 1 DAGs
[2024-07-14T04:16:37.653+0000] {taskinstance.py:441} INFO - ::group::Post task execution logs
[2024-07-14T04:16:37.958+0000] {taskinstance.py:1206} INFO - Marking task as SUCCESS. dag_id=ELT-PROJECT, task_id=transform.dim_employees.run, run_id=scheduled__2024-07-11T00:00:00+00:00, execution_date=20240711T000000, start_date=20240714T041526, end_date=20240714T041637
[2024-07-14T04:16:38.881+0000] {local_task_job_runner.py:240} INFO - Task exited with return code 0
[2024-07-14T04:16:39.365+0000] {taskinstance.py:3503} INFO - 1 downstream tasks scheduled from follow-on schedule check
[2024-07-14T04:16:39.399+0000] {local_task_job_runner.py:222} INFO - ::endgroup::
