[2024-07-14T04:23:46.221+0000] {local_task_job_runner.py:120} INFO - ::group::Pre task execution logs
[2024-07-14T04:23:46.386+0000] {taskinstance.py:2076} INFO - Dependencies all met for dep_context=non-requeueable deps ti=<TaskInstance: ELT-PROJECT.transform.raw_order_details.run scheduled__2024-07-03T00:00:00+00:00 [queued]>
[2024-07-14T04:23:46.460+0000] {taskinstance.py:2076} INFO - Dependencies all met for dep_context=requeueable deps ti=<TaskInstance: ELT-PROJECT.transform.raw_order_details.run scheduled__2024-07-03T00:00:00+00:00 [queued]>
[2024-07-14T04:23:46.468+0000] {taskinstance.py:2306} INFO - Starting attempt 1 of 2
[2024-07-14T04:23:46.587+0000] {taskinstance.py:2330} INFO - Executing <Task(DbtRunLocalOperator): transform.raw_order_details.run> on 2024-07-03 00:00:00+00:00
[2024-07-14T04:23:46.644+0000] {logging_mixin.py:188} WARNING - /home/airflow/.local/lib/python3.12/site-packages/airflow/task/task_runner/standard_task_runner.py:61 DeprecationWarning: This process (pid=16776) is multi-threaded, use of fork() may lead to deadlocks in the child.
[2024-07-14T04:23:46.651+0000] {standard_task_runner.py:63} INFO - Started process 16806 to run task
[2024-07-14T04:23:46.653+0000] {standard_task_runner.py:90} INFO - Running: ['airflow', 'tasks', 'run', 'ELT-PROJECT', 'transform.raw_order_details.run', 'scheduled__2024-07-03T00:00:00+00:00', '--job-id', '1314', '--raw', '--subdir', 'DAGS_FOLDER/elt.py', '--cfg-path', '/tmp/tmpkw680v_d']
[2024-07-14T04:23:46.677+0000] {standard_task_runner.py:91} INFO - Job 1314: Subtask transform.raw_order_details.run
[2024-07-14T04:23:46.807+0000] {logging_mixin.py:188} WARNING - /home/airflow/.local/lib/python3.12/site-packages/airflow/settings.py:195 DeprecationWarning: The sql_alchemy_conn option in [core] has been moved to the sql_alchemy_conn option in [database] - the old setting has been used, but please update your config.
[2024-07-14T04:23:47.215+0000] {task_command.py:426} INFO - Running <TaskInstance: ELT-PROJECT.transform.raw_order_details.run scheduled__2024-07-03T00:00:00+00:00 [running]> on host airflow-scheduler
[2024-07-14T04:23:47.990+0000] {taskinstance.py:2648} INFO - Exporting env vars: AIRFLOW_CTX_DAG_OWNER='Data-Ninja' AIRFLOW_CTX_DAG_ID='ELT-PROJECT' AIRFLOW_CTX_TASK_ID='transform.raw_order_details.run' AIRFLOW_CTX_EXECUTION_DATE='2024-07-03T00:00:00+00:00' AIRFLOW_CTX_TRY_NUMBER='1' AIRFLOW_CTX_DAG_RUN_ID='scheduled__2024-07-03T00:00:00+00:00'
[2024-07-14T04:23:48.019+0000] {taskinstance.py:430} INFO - ::endgroup::
[2024-07-14T04:23:48.050+0000] {local.py:174} INFO - Could not import dbtRunner. Falling back to subprocess for invoking dbt.
[2024-07-14T04:23:48.065+0000] {local.py:292} INFO - Cloning project to writable temp directory /tmp/tmpq73l7tk5 from /opt/airflow/dags/dbt/dbt_project
[2024-07-14T04:23:48.102+0000] {local.py:303} INFO - Partial parse is enabled and the latest partial parse file is /tmp/cosmos/ELT-PROJECT__transform/target/partial_parse.msgpack
[2024-07-14T04:23:48.410+0000] {base.py:84} INFO - Using connection ID 'snow_conn' for task execution.
[2024-07-14T04:23:48.412+0000] {crypto.py:82} WARNING - empty cryptography key - values will not be stored encrypted.
[2024-07-14T04:23:48.415+0000] {config.py:298} INFO - Profile caching is enable.
[2024-07-14T04:23:48.425+0000] {config.py:272} INFO - Profile found in cache using profile: /tmp/cosmos/profile/a0017dab0633177292578162811b91dcb9c56d6e54017e9660056cc364a762ad/profiles.yml.
[2024-07-14T04:23:48.452+0000] {local.py:247} INFO - Trying to run the command:
 ['/opt/airflow/dbt_venv/bin/dbt', 'deps', '--project-dir', '/tmp/tmpq73l7tk5', '--profiles-dir', '/tmp/cosmos/profile/a0017dab0633177292578162811b91dcb9c56d6e54017e9660056cc364a762ad', '--profile', 'dbt_project', '--target', 'dev']
From /tmp/tmpq73l7tk5
[2024-07-14T04:23:48.457+0000] {subprocess.py:60} INFO - Tmp dir root location: 
 /tmp
[2024-07-14T04:23:48.459+0000] {subprocess.py:73} INFO - Running command: ['/opt/airflow/dbt_venv/bin/dbt', 'deps', '--project-dir', '/tmp/tmpq73l7tk5', '--profiles-dir', '/tmp/cosmos/profile/a0017dab0633177292578162811b91dcb9c56d6e54017e9660056cc364a762ad', '--profile', 'dbt_project', '--target', 'dev']
[2024-07-14T04:23:48.562+0000] {subprocess.py:84} INFO - Command output:
[2024-07-14T04:24:00.799+0000] {subprocess.py:94} INFO - [0m04:24:00  Running with dbt=1.8.3
[2024-07-14T04:24:01.879+0000] {subprocess.py:94} INFO - [0m04:24:01  Updating lock file in file path: /tmp/tmpq73l7tk5/package-lock.yml
[2024-07-14T04:24:01.944+0000] {subprocess.py:94} INFO - [0m04:24:01  Installing dbt-labs/dbt_utils
[2024-07-14T04:24:02.768+0000] {subprocess.py:94} INFO - [0m04:24:02  Installed from version 0.8.6
[2024-07-14T04:24:02.789+0000] {subprocess.py:94} INFO - [0m04:24:02  Updated version available: 1.2.0
[2024-07-14T04:24:02.796+0000] {subprocess.py:94} INFO - [0m04:24:02
[2024-07-14T04:24:02.799+0000] {subprocess.py:94} INFO - [0m04:24:02  Updates available for packages: ['dbt-labs/dbt_utils']
[2024-07-14T04:24:02.802+0000] {subprocess.py:94} INFO - Update your versions in packages.yml, then run dbt deps
[2024-07-14T04:24:05.070+0000] {subprocess.py:98} INFO - Command exited with return code 0
[2024-07-14T04:24:05.073+0000] {local.py:254} INFO - Update your versions in packages.yml, then run dbt deps
[2024-07-14T04:24:05.076+0000] {local.py:247} INFO - Trying to run the command:
 ['/opt/airflow/dbt_venv/bin/dbt', 'run', '--models', 'raw_order_details', '--project-dir', '/tmp/tmpq73l7tk5', '--profiles-dir', '/tmp/cosmos/profile/a0017dab0633177292578162811b91dcb9c56d6e54017e9660056cc364a762ad', '--profile', 'dbt_project', '--target', 'dev']
From /tmp/tmpq73l7tk5
[2024-07-14T04:24:05.079+0000] {subprocess.py:60} INFO - Tmp dir root location: 
 /tmp
[2024-07-14T04:24:05.081+0000] {subprocess.py:73} INFO - Running command: ['/opt/airflow/dbt_venv/bin/dbt', 'run', '--models', 'raw_order_details', '--project-dir', '/tmp/tmpq73l7tk5', '--profiles-dir', '/tmp/cosmos/profile/a0017dab0633177292578162811b91dcb9c56d6e54017e9660056cc364a762ad', '--profile', 'dbt_project', '--target', 'dev']
[2024-07-14T04:24:05.195+0000] {subprocess.py:84} INFO - Command output:
[2024-07-14T04:24:19.926+0000] {subprocess.py:94} INFO - [0m04:24:19  Running with dbt=1.8.3
[2024-07-14T04:24:25.437+0000] {subprocess.py:94} INFO - [0m04:24:25  Registered adapter: snowflake=1.8.3
[2024-07-14T04:24:30.217+0000] {subprocess.py:94} INFO - [0m04:24:30  Found 20 models, 27 data tests, 11 sources, 684 macros
[2024-07-14T04:24:30.237+0000] {subprocess.py:94} INFO - [0m04:24:30
[2024-07-14T04:24:38.660+0000] {subprocess.py:94} INFO - [0m04:24:38  Concurrency: 1 threads (target='dev')
[2024-07-14T04:24:38.690+0000] {subprocess.py:94} INFO - [0m04:24:38
[2024-07-14T04:24:38.826+0000] {subprocess.py:94} INFO - [0m04:24:38  1 of 1 START sql table model raw.raw_order_details ............................. [RUN]
[2024-07-14T04:24:41.944+0000] {subprocess.py:94} INFO - [0m04:24:41  1 of 1 OK created sql table model raw.raw_order_details ........................ [[32mSUCCESS 1[0m in 3.09s]
[2024-07-14T04:24:41.955+0000] {subprocess.py:94} INFO - [0m04:24:41
[2024-07-14T04:24:41.958+0000] {subprocess.py:94} INFO - [0m04:24:41  Finished running 1 table model in 0 hours 0 minutes and 11.71 seconds (11.71s).
[2024-07-14T04:24:42.676+0000] {subprocess.py:94} INFO - [0m04:24:42
[2024-07-14T04:24:42.680+0000] {subprocess.py:94} INFO - [0m04:24:42  [32mCompleted successfully[0m
[2024-07-14T04:24:42.683+0000] {subprocess.py:94} INFO - [0m04:24:42
[2024-07-14T04:24:42.684+0000] {subprocess.py:94} INFO - [0m04:24:42  Done. PASS=1 WARN=0 ERROR=0 SKIP=0 TOTAL=1
[2024-07-14T04:24:45.268+0000] {subprocess.py:98} INFO - Command exited with return code 0
[2024-07-14T04:24:45.271+0000] {local.py:254} INFO - [0m04:24:42  Done. PASS=1 WARN=0 ERROR=0 SKIP=0 TOTAL=1
[2024-07-14T04:24:46.573+0000] {local.py:196} WARNING - Artifact schema version: https://schemas.getdbt.com/dbt/manifest/v12.json is above dbt-ol supported version 7. This might cause errors.
[2024-07-14T04:24:46.575+0000] {local.py:196} WARNING - Artifact schema version: https://schemas.getdbt.com/dbt/run-results/v6.json is above dbt-ol supported version 5. This might cause errors.
[2024-07-14T04:24:46.619+0000] {local.py:349} INFO - Inlets: [Dataset(uri='snowflake://OU00370.europe-west2.gcp/ELT_BATCH.PUBLIC.order_details', extra=None)]
[2024-07-14T04:24:46.662+0000] {local.py:350} INFO - Outlets: [Dataset(uri='snowflake://OU00370.europe-west2.gcp/ELT_BATCH.raw.raw_order_details', extra=None)]
[2024-07-14T04:24:46.664+0000] {dag.py:3096} INFO - Sync 1 DAGs
[2024-07-14T04:24:46.986+0000] {taskinstance.py:441} INFO - ::group::Post task execution logs
[2024-07-14T04:24:47.264+0000] {taskinstance.py:1206} INFO - Marking task as SUCCESS. dag_id=ELT-PROJECT, task_id=transform.raw_order_details.run, run_id=scheduled__2024-07-03T00:00:00+00:00, execution_date=20240703T000000, start_date=20240714T042346, end_date=20240714T042447
[2024-07-14T04:24:48.850+0000] {local_task_job_runner.py:240} INFO - Task exited with return code 0
[2024-07-14T04:24:49.146+0000] {taskinstance.py:3503} INFO - 1 downstream tasks scheduled from follow-on schedule check
[2024-07-14T04:24:49.158+0000] {local_task_job_runner.py:222} INFO - ::endgroup::
