[2024-07-14T04:22:39.129+0000] {local_task_job_runner.py:120} INFO - ::group::Pre task execution logs
[2024-07-14T04:22:39.280+0000] {taskinstance.py:2076} INFO - Dependencies all met for dep_context=non-requeueable deps ti=<TaskInstance: ELT-PROJECT.transform.fact_orders.run scheduled__2024-06-28T00:00:00+00:00 [queued]>
[2024-07-14T04:22:39.432+0000] {taskinstance.py:2076} INFO - Dependencies all met for dep_context=requeueable deps ti=<TaskInstance: ELT-PROJECT.transform.fact_orders.run scheduled__2024-06-28T00:00:00+00:00 [queued]>
[2024-07-14T04:22:39.453+0000] {taskinstance.py:2306} INFO - Starting attempt 1 of 2
[2024-07-14T04:22:39.550+0000] {taskinstance.py:2330} INFO - Executing <Task(DbtRunLocalOperator): transform.fact_orders.run> on 2024-06-28 00:00:00+00:00
[2024-07-14T04:22:39.591+0000] {logging_mixin.py:188} WARNING - /home/airflow/.local/lib/python3.12/site-packages/airflow/task/task_runner/standard_task_runner.py:61 DeprecationWarning: This process (pid=16537) is multi-threaded, use of fork() may lead to deadlocks in the child.
[2024-07-14T04:22:39.604+0000] {standard_task_runner.py:63} INFO - Started process 16559 to run task
[2024-07-14T04:22:39.604+0000] {standard_task_runner.py:90} INFO - Running: ['airflow', 'tasks', 'run', 'ELT-PROJECT', 'transform.fact_orders.run', 'scheduled__2024-06-28T00:00:00+00:00', '--job-id', '1300', '--raw', '--subdir', 'DAGS_FOLDER/elt.py', '--cfg-path', '/tmp/tmpsg06sc6c']
[2024-07-14T04:22:39.610+0000] {standard_task_runner.py:91} INFO - Job 1300: Subtask transform.fact_orders.run
[2024-07-14T04:22:39.667+0000] {logging_mixin.py:188} WARNING - /home/airflow/.local/lib/python3.12/site-packages/airflow/settings.py:195 DeprecationWarning: The sql_alchemy_conn option in [core] has been moved to the sql_alchemy_conn option in [database] - the old setting has been used, but please update your config.
[2024-07-14T04:22:39.909+0000] {task_command.py:426} INFO - Running <TaskInstance: ELT-PROJECT.transform.fact_orders.run scheduled__2024-06-28T00:00:00+00:00 [running]> on host airflow-scheduler
[2024-07-14T04:22:40.433+0000] {taskinstance.py:2648} INFO - Exporting env vars: AIRFLOW_CTX_DAG_OWNER='Data-Ninja' AIRFLOW_CTX_DAG_ID='ELT-PROJECT' AIRFLOW_CTX_TASK_ID='transform.fact_orders.run' AIRFLOW_CTX_EXECUTION_DATE='2024-06-28T00:00:00+00:00' AIRFLOW_CTX_TRY_NUMBER='1' AIRFLOW_CTX_DAG_RUN_ID='scheduled__2024-06-28T00:00:00+00:00'
[2024-07-14T04:22:40.437+0000] {taskinstance.py:430} INFO - ::endgroup::
[2024-07-14T04:22:40.440+0000] {local.py:174} INFO - Could not import dbtRunner. Falling back to subprocess for invoking dbt.
[2024-07-14T04:22:40.443+0000] {local.py:292} INFO - Cloning project to writable temp directory /tmp/tmp81rkogvk from /opt/airflow/dags/dbt/dbt_project
[2024-07-14T04:22:40.475+0000] {local.py:303} INFO - Partial parse is enabled and the latest partial parse file is /tmp/cosmos/ELT-PROJECT__transform/target/partial_parse.msgpack
[2024-07-14T04:22:40.591+0000] {base.py:84} INFO - Using connection ID 'snow_conn' for task execution.
[2024-07-14T04:22:40.593+0000] {crypto.py:82} WARNING - empty cryptography key - values will not be stored encrypted.
[2024-07-14T04:22:40.602+0000] {config.py:298} INFO - Profile caching is enable.
[2024-07-14T04:22:40.608+0000] {config.py:272} INFO - Profile found in cache using profile: /tmp/cosmos/profile/a0017dab0633177292578162811b91dcb9c56d6e54017e9660056cc364a762ad/profiles.yml.
[2024-07-14T04:22:40.611+0000] {local.py:247} INFO - Trying to run the command:
 ['/opt/airflow/dbt_venv/bin/dbt', 'deps', '--project-dir', '/tmp/tmp81rkogvk', '--profiles-dir', '/tmp/cosmos/profile/a0017dab0633177292578162811b91dcb9c56d6e54017e9660056cc364a762ad', '--profile', 'dbt_project', '--target', 'dev']
From /tmp/tmp81rkogvk
[2024-07-14T04:22:40.615+0000] {subprocess.py:60} INFO - Tmp dir root location: 
 /tmp
[2024-07-14T04:22:40.632+0000] {subprocess.py:73} INFO - Running command: ['/opt/airflow/dbt_venv/bin/dbt', 'deps', '--project-dir', '/tmp/tmp81rkogvk', '--profiles-dir', '/tmp/cosmos/profile/a0017dab0633177292578162811b91dcb9c56d6e54017e9660056cc364a762ad', '--profile', 'dbt_project', '--target', 'dev']
[2024-07-14T04:22:40.700+0000] {subprocess.py:84} INFO - Command output:
[2024-07-14T04:22:51.408+0000] {subprocess.py:94} INFO - [0m04:22:51  Running with dbt=1.8.3
[2024-07-14T04:22:52.766+0000] {subprocess.py:94} INFO - [0m04:22:52  Updating lock file in file path: /tmp/tmp81rkogvk/package-lock.yml
[2024-07-14T04:22:52.826+0000] {subprocess.py:94} INFO - [0m04:22:52  Installing dbt-labs/dbt_utils
[2024-07-14T04:22:53.589+0000] {subprocess.py:94} INFO - [0m04:22:53  Installed from version 0.8.6
[2024-07-14T04:22:53.610+0000] {subprocess.py:94} INFO - [0m04:22:53  Updated version available: 1.2.0
[2024-07-14T04:22:53.613+0000] {subprocess.py:94} INFO - [0m04:22:53
[2024-07-14T04:22:53.620+0000] {subprocess.py:94} INFO - [0m04:22:53  Updates available for packages: ['dbt-labs/dbt_utils']
[2024-07-14T04:22:53.623+0000] {subprocess.py:94} INFO - Update your versions in packages.yml, then run dbt deps
[2024-07-14T04:22:56.874+0000] {subprocess.py:98} INFO - Command exited with return code 0
[2024-07-14T04:22:56.878+0000] {local.py:254} INFO - Update your versions in packages.yml, then run dbt deps
[2024-07-14T04:22:56.884+0000] {local.py:247} INFO - Trying to run the command:
 ['/opt/airflow/dbt_venv/bin/dbt', 'run', '--models', 'fact_orders', '--project-dir', '/tmp/tmp81rkogvk', '--profiles-dir', '/tmp/cosmos/profile/a0017dab0633177292578162811b91dcb9c56d6e54017e9660056cc364a762ad', '--profile', 'dbt_project', '--target', 'dev']
From /tmp/tmp81rkogvk
[2024-07-14T04:22:56.887+0000] {subprocess.py:60} INFO - Tmp dir root location: 
 /tmp
[2024-07-14T04:22:56.894+0000] {subprocess.py:73} INFO - Running command: ['/opt/airflow/dbt_venv/bin/dbt', 'run', '--models', 'fact_orders', '--project-dir', '/tmp/tmp81rkogvk', '--profiles-dir', '/tmp/cosmos/profile/a0017dab0633177292578162811b91dcb9c56d6e54017e9660056cc364a762ad', '--profile', 'dbt_project', '--target', 'dev']
[2024-07-14T04:22:57.031+0000] {subprocess.py:84} INFO - Command output:
[2024-07-14T04:23:12.888+0000] {subprocess.py:94} INFO - [0m04:23:12  Running with dbt=1.8.3
[2024-07-14T04:23:16.886+0000] {subprocess.py:94} INFO - [0m04:23:16  Registered adapter: snowflake=1.8.3
[2024-07-14T04:23:21.474+0000] {subprocess.py:94} INFO - [0m04:23:21  Found 20 models, 27 data tests, 11 sources, 684 macros
[2024-07-14T04:23:21.488+0000] {subprocess.py:94} INFO - [0m04:23:21
[2024-07-14T04:23:30.286+0000] {subprocess.py:94} INFO - [0m04:23:30  Concurrency: 1 threads (target='dev')
[2024-07-14T04:23:30.289+0000] {subprocess.py:94} INFO - [0m04:23:30
[2024-07-14T04:23:30.466+0000] {subprocess.py:94} INFO - [0m04:23:30  1 of 1 START sql table model dwh.fact_orders ................................... [RUN]
[2024-07-14T04:23:33.548+0000] {subprocess.py:94} INFO - [0m04:23:33  1 of 1 OK created sql table model dwh.fact_orders .............................. [[32mSUCCESS 1[0m in 3.07s]
[2024-07-14T04:23:33.597+0000] {subprocess.py:94} INFO - [0m04:23:33
[2024-07-14T04:23:33.600+0000] {subprocess.py:94} INFO - [0m04:23:33  Finished running 1 table model in 0 hours 0 minutes and 12.10 seconds (12.10s).
[2024-07-14T04:23:34.547+0000] {subprocess.py:94} INFO - [0m04:23:34
[2024-07-14T04:23:34.573+0000] {subprocess.py:94} INFO - [0m04:23:34  [32mCompleted successfully[0m
[2024-07-14T04:23:34.578+0000] {subprocess.py:94} INFO - [0m04:23:34
[2024-07-14T04:23:34.585+0000] {subprocess.py:94} INFO - [0m04:23:34  Done. PASS=1 WARN=0 ERROR=0 SKIP=0 TOTAL=1
[2024-07-14T04:23:38.339+0000] {subprocess.py:98} INFO - Command exited with return code 0
[2024-07-14T04:23:38.341+0000] {local.py:254} INFO - [0m04:23:34  Done. PASS=1 WARN=0 ERROR=0 SKIP=0 TOTAL=1
[2024-07-14T04:23:39.449+0000] {local.py:196} WARNING - Artifact schema version: https://schemas.getdbt.com/dbt/manifest/v12.json is above dbt-ol supported version 7. This might cause errors.
[2024-07-14T04:23:39.450+0000] {local.py:196} WARNING - Artifact schema version: https://schemas.getdbt.com/dbt/run-results/v6.json is above dbt-ol supported version 5. This might cause errors.
[2024-07-14T04:23:39.466+0000] {local.py:349} INFO - Inlets: [Dataset(uri='snowflake://OU00370.europe-west2.gcp/ELT_BATCH.dwh.dim_employees', extra=None), Dataset(uri='snowflake://OU00370.europe-west2.gcp/ELT_BATCH.raw.raw_orders', extra=None)]
[2024-07-14T04:23:39.489+0000] {local.py:350} INFO - Outlets: [Dataset(uri='snowflake://OU00370.europe-west2.gcp/ELT_BATCH.dwh.fact_orders', extra=None)]
[2024-07-14T04:23:39.492+0000] {dag.py:3096} INFO - Sync 1 DAGs
[2024-07-14T04:23:39.824+0000] {taskinstance.py:441} INFO - ::group::Post task execution logs
[2024-07-14T04:23:40.092+0000] {taskinstance.py:1206} INFO - Marking task as SUCCESS. dag_id=ELT-PROJECT, task_id=transform.fact_orders.run, run_id=scheduled__2024-06-28T00:00:00+00:00, execution_date=20240628T000000, start_date=20240714T042239, end_date=20240714T042340
[2024-07-14T04:23:40.418+0000] {local_task_job_runner.py:240} INFO - Task exited with return code 0
[2024-07-14T04:23:40.804+0000] {taskinstance.py:3503} INFO - 1 downstream tasks scheduled from follow-on schedule check
[2024-07-14T04:23:40.820+0000] {local_task_job_runner.py:222} INFO - ::endgroup::
