[2024-07-14T04:37:50.311+0000] {local_task_job_runner.py:120} INFO - ::group::Pre task execution logs
[2024-07-14T04:37:50.603+0000] {taskinstance.py:2076} INFO - Dependencies all met for dep_context=non-requeueable deps ti=<TaskInstance: ELT-PROJECT.transform.raw_territories.run scheduled__2024-07-12T00:00:00+00:00 [queued]>
[2024-07-14T04:37:50.737+0000] {taskinstance.py:2076} INFO - Dependencies all met for dep_context=requeueable deps ti=<TaskInstance: ELT-PROJECT.transform.raw_territories.run scheduled__2024-07-12T00:00:00+00:00 [queued]>
[2024-07-14T04:37:50.739+0000] {taskinstance.py:2306} INFO - Starting attempt 1 of 2
[2024-07-14T04:37:50.873+0000] {taskinstance.py:2330} INFO - Executing <Task(DbtRunLocalOperator): transform.raw_territories.run> on 2024-07-12 00:00:00+00:00
[2024-07-14T04:37:50.913+0000] {logging_mixin.py:188} WARNING - /home/airflow/.local/lib/python3.12/site-packages/airflow/task/task_runner/standard_task_runner.py:61 DeprecationWarning: This process (pid=19638) is multi-threaded, use of fork() may lead to deadlocks in the child.
[2024-07-14T04:37:50.926+0000] {standard_task_runner.py:63} INFO - Started process 19672 to run task
[2024-07-14T04:37:50.921+0000] {standard_task_runner.py:90} INFO - Running: ['airflow', 'tasks', 'run', 'ELT-PROJECT', 'transform.raw_territories.run', 'scheduled__2024-07-12T00:00:00+00:00', '--job-id', '1484', '--raw', '--subdir', 'DAGS_FOLDER/elt.py', '--cfg-path', '/tmp/tmpzz51_pbn']
[2024-07-14T04:37:50.958+0000] {standard_task_runner.py:91} INFO - Job 1484: Subtask transform.raw_territories.run
[2024-07-14T04:37:51.029+0000] {logging_mixin.py:188} WARNING - /home/airflow/.local/lib/python3.12/site-packages/airflow/settings.py:195 DeprecationWarning: The sql_alchemy_conn option in [core] has been moved to the sql_alchemy_conn option in [database] - the old setting has been used, but please update your config.
[2024-07-14T04:37:51.337+0000] {task_command.py:426} INFO - Running <TaskInstance: ELT-PROJECT.transform.raw_territories.run scheduled__2024-07-12T00:00:00+00:00 [running]> on host airflow-scheduler
[2024-07-14T04:37:51.878+0000] {taskinstance.py:2648} INFO - Exporting env vars: AIRFLOW_CTX_DAG_OWNER='Data-Ninja' AIRFLOW_CTX_DAG_ID='ELT-PROJECT' AIRFLOW_CTX_TASK_ID='transform.raw_territories.run' AIRFLOW_CTX_EXECUTION_DATE='2024-07-12T00:00:00+00:00' AIRFLOW_CTX_TRY_NUMBER='1' AIRFLOW_CTX_DAG_RUN_ID='scheduled__2024-07-12T00:00:00+00:00'
[2024-07-14T04:37:51.882+0000] {taskinstance.py:430} INFO - ::endgroup::
[2024-07-14T04:37:51.885+0000] {local.py:174} INFO - Could not import dbtRunner. Falling back to subprocess for invoking dbt.
[2024-07-14T04:37:51.896+0000] {local.py:292} INFO - Cloning project to writable temp directory /tmp/tmpcrbd2nv_ from /opt/airflow/dags/dbt/dbt_project
[2024-07-14T04:37:51.945+0000] {local.py:303} INFO - Partial parse is enabled and the latest partial parse file is /tmp/cosmos/ELT-PROJECT__transform/target/partial_parse.msgpack
[2024-07-14T04:37:52.179+0000] {base.py:84} INFO - Using connection ID 'snow_conn' for task execution.
[2024-07-14T04:37:52.185+0000] {crypto.py:82} WARNING - empty cryptography key - values will not be stored encrypted.
[2024-07-14T04:37:52.198+0000] {config.py:298} INFO - Profile caching is enable.
[2024-07-14T04:37:52.211+0000] {config.py:272} INFO - Profile found in cache using profile: /tmp/cosmos/profile/a0017dab0633177292578162811b91dcb9c56d6e54017e9660056cc364a762ad/profiles.yml.
[2024-07-14T04:37:52.224+0000] {local.py:247} INFO - Trying to run the command:
 ['/opt/airflow/dbt_venv/bin/dbt', 'deps', '--project-dir', '/tmp/tmpcrbd2nv_', '--profiles-dir', '/tmp/cosmos/profile/a0017dab0633177292578162811b91dcb9c56d6e54017e9660056cc364a762ad', '--profile', 'dbt_project', '--target', 'dev']
From /tmp/tmpcrbd2nv_
[2024-07-14T04:37:52.227+0000] {subprocess.py:60} INFO - Tmp dir root location: 
 /tmp
[2024-07-14T04:37:52.238+0000] {subprocess.py:73} INFO - Running command: ['/opt/airflow/dbt_venv/bin/dbt', 'deps', '--project-dir', '/tmp/tmpcrbd2nv_', '--profiles-dir', '/tmp/cosmos/profile/a0017dab0633177292578162811b91dcb9c56d6e54017e9660056cc364a762ad', '--profile', 'dbt_project', '--target', 'dev']
[2024-07-14T04:37:52.306+0000] {subprocess.py:84} INFO - Command output:
[2024-07-14T04:38:10.479+0000] {subprocess.py:94} INFO - [0m04:38:10  Running with dbt=1.8.3
[2024-07-14T04:38:11.964+0000] {subprocess.py:94} INFO - [0m04:38:11  Updating lock file in file path: /tmp/tmpcrbd2nv_/package-lock.yml
[2024-07-14T04:38:12.053+0000] {subprocess.py:94} INFO - [0m04:38:12  Installing dbt-labs/dbt_utils
[2024-07-14T04:38:12.783+0000] {subprocess.py:94} INFO - [0m04:38:12  Installed from version 0.8.6
[2024-07-14T04:38:12.799+0000] {subprocess.py:94} INFO - [0m04:38:12  Updated version available: 1.2.0
[2024-07-14T04:38:12.806+0000] {subprocess.py:94} INFO - [0m04:38:12
[2024-07-14T04:38:12.820+0000] {subprocess.py:94} INFO - [0m04:38:12  Updates available for packages: ['dbt-labs/dbt_utils']
[2024-07-14T04:38:12.822+0000] {subprocess.py:94} INFO - Update your versions in packages.yml, then run dbt deps
[2024-07-14T04:38:15.334+0000] {subprocess.py:98} INFO - Command exited with return code 0
[2024-07-14T04:38:15.336+0000] {local.py:254} INFO - Update your versions in packages.yml, then run dbt deps
[2024-07-14T04:38:15.339+0000] {local.py:247} INFO - Trying to run the command:
 ['/opt/airflow/dbt_venv/bin/dbt', 'run', '--models', 'raw_territories', '--project-dir', '/tmp/tmpcrbd2nv_', '--profiles-dir', '/tmp/cosmos/profile/a0017dab0633177292578162811b91dcb9c56d6e54017e9660056cc364a762ad', '--profile', 'dbt_project', '--target', 'dev']
From /tmp/tmpcrbd2nv_
[2024-07-14T04:38:15.341+0000] {subprocess.py:60} INFO - Tmp dir root location: 
 /tmp
[2024-07-14T04:38:15.343+0000] {subprocess.py:73} INFO - Running command: ['/opt/airflow/dbt_venv/bin/dbt', 'run', '--models', 'raw_territories', '--project-dir', '/tmp/tmpcrbd2nv_', '--profiles-dir', '/tmp/cosmos/profile/a0017dab0633177292578162811b91dcb9c56d6e54017e9660056cc364a762ad', '--profile', 'dbt_project', '--target', 'dev']
[2024-07-14T04:38:15.440+0000] {subprocess.py:84} INFO - Command output:
[2024-07-14T04:38:34.081+0000] {subprocess.py:94} INFO - [0m04:38:34  Running with dbt=1.8.3
[2024-07-14T04:38:39.007+0000] {subprocess.py:94} INFO - [0m04:38:39  Registered adapter: snowflake=1.8.3
[2024-07-14T04:38:44.890+0000] {subprocess.py:94} INFO - [0m04:38:44  Found 20 models, 27 data tests, 11 sources, 684 macros
[2024-07-14T04:38:44.902+0000] {subprocess.py:94} INFO - [0m04:38:44
[2024-07-14T04:38:54.688+0000] {subprocess.py:94} INFO - [0m04:38:54  Concurrency: 1 threads (target='dev')
[2024-07-14T04:38:54.694+0000] {subprocess.py:94} INFO - [0m04:38:54
[2024-07-14T04:38:54.808+0000] {subprocess.py:94} INFO - [0m04:38:54  1 of 1 START sql table model raw.raw_territories ............................... [RUN]
[2024-07-14T04:38:57.955+0000] {subprocess.py:94} INFO - [0m04:38:57  1 of 1 OK created sql table model raw.raw_territories .......................... [[32mSUCCESS 1[0m in 3.09s]
[2024-07-14T04:38:58.009+0000] {subprocess.py:94} INFO - [0m04:38:58
[2024-07-14T04:38:58.014+0000] {subprocess.py:94} INFO - [0m04:38:58  Finished running 1 table model in 0 hours 0 minutes and 13.08 seconds (13.08s).
[2024-07-14T04:38:59.019+0000] {subprocess.py:94} INFO - [0m04:38:59
[2024-07-14T04:38:59.021+0000] {subprocess.py:94} INFO - [0m04:38:59  [32mCompleted successfully[0m
[2024-07-14T04:38:59.026+0000] {subprocess.py:94} INFO - [0m04:38:59
[2024-07-14T04:38:59.046+0000] {subprocess.py:94} INFO - [0m04:38:59  Done. PASS=1 WARN=0 ERROR=0 SKIP=0 TOTAL=1
[2024-07-14T04:39:02.834+0000] {subprocess.py:98} INFO - Command exited with return code 0
[2024-07-14T04:39:02.838+0000] {local.py:254} INFO - [0m04:38:59  Done. PASS=1 WARN=0 ERROR=0 SKIP=0 TOTAL=1
[2024-07-14T04:39:04.275+0000] {local.py:196} WARNING - Artifact schema version: https://schemas.getdbt.com/dbt/manifest/v12.json is above dbt-ol supported version 7. This might cause errors.
[2024-07-14T04:39:04.281+0000] {local.py:196} WARNING - Artifact schema version: https://schemas.getdbt.com/dbt/run-results/v6.json is above dbt-ol supported version 5. This might cause errors.
[2024-07-14T04:39:04.345+0000] {local.py:349} INFO - Inlets: [Dataset(uri='snowflake://OU00370.europe-west2.gcp/ELT_BATCH.PUBLIC.territories', extra=None)]
[2024-07-14T04:39:04.354+0000] {local.py:350} INFO - Outlets: [Dataset(uri='snowflake://OU00370.europe-west2.gcp/ELT_BATCH.raw.raw_territories', extra=None)]
[2024-07-14T04:39:04.380+0000] {dag.py:3096} INFO - Sync 1 DAGs
[2024-07-14T04:39:04.816+0000] {taskinstance.py:441} INFO - ::group::Post task execution logs
[2024-07-14T04:39:05.015+0000] {taskinstance.py:1206} INFO - Marking task as SUCCESS. dag_id=ELT-PROJECT, task_id=transform.raw_territories.run, run_id=scheduled__2024-07-12T00:00:00+00:00, execution_date=20240712T000000, start_date=20240714T043750, end_date=20240714T043905
[2024-07-14T04:39:05.190+0000] {local_task_job_runner.py:240} INFO - Task exited with return code 0
[2024-07-14T04:39:05.258+0000] {local_task_job_runner.py:222} INFO - ::endgroup::
