[2024-07-14T04:14:21.739+0000] {local_task_job_runner.py:120} INFO - ::group::Pre task execution logs
[2024-07-14T04:14:21.907+0000] {taskinstance.py:2076} INFO - Dependencies all met for dep_context=non-requeueable deps ti=<TaskInstance: ELT-PROJECT.transform.dim_employees.run scheduled__2024-07-09T00:00:00+00:00 [queued]>
[2024-07-14T04:14:22.007+0000] {taskinstance.py:2076} INFO - Dependencies all met for dep_context=requeueable deps ti=<TaskInstance: ELT-PROJECT.transform.dim_employees.run scheduled__2024-07-09T00:00:00+00:00 [queued]>
[2024-07-14T04:14:22.016+0000] {taskinstance.py:2306} INFO - Starting attempt 1 of 2
[2024-07-14T04:14:22.235+0000] {taskinstance.py:2330} INFO - Executing <Task(DbtRunLocalOperator): transform.dim_employees.run> on 2024-07-09 00:00:00+00:00
[2024-07-14T04:14:22.309+0000] {logging_mixin.py:188} WARNING - /home/airflow/.local/lib/python3.12/site-packages/airflow/task/task_runner/standard_task_runner.py:61 DeprecationWarning: This process (pid=14849) is multi-threaded, use of fork() may lead to deadlocks in the child.
[2024-07-14T04:14:22.327+0000] {standard_task_runner.py:90} INFO - Running: ['airflow', 'tasks', 'run', 'ELT-PROJECT', 'transform.dim_employees.run', 'scheduled__2024-07-09T00:00:00+00:00', '--job-id', '1197', '--raw', '--subdir', 'DAGS_FOLDER/elt.py', '--cfg-path', '/tmp/tmpox5b33om']
[2024-07-14T04:14:22.349+0000] {standard_task_runner.py:63} INFO - Started process 14886 to run task
[2024-07-14T04:14:22.356+0000] {standard_task_runner.py:91} INFO - Job 1197: Subtask transform.dim_employees.run
[2024-07-14T04:14:22.486+0000] {logging_mixin.py:188} WARNING - /home/airflow/.local/lib/python3.12/site-packages/airflow/settings.py:195 DeprecationWarning: The sql_alchemy_conn option in [core] has been moved to the sql_alchemy_conn option in [database] - the old setting has been used, but please update your config.
[2024-07-14T04:14:22.751+0000] {task_command.py:426} INFO - Running <TaskInstance: ELT-PROJECT.transform.dim_employees.run scheduled__2024-07-09T00:00:00+00:00 [running]> on host airflow-scheduler
[2024-07-14T04:14:23.509+0000] {taskinstance.py:2648} INFO - Exporting env vars: AIRFLOW_CTX_DAG_OWNER='Data-Ninja' AIRFLOW_CTX_DAG_ID='ELT-PROJECT' AIRFLOW_CTX_TASK_ID='transform.dim_employees.run' AIRFLOW_CTX_EXECUTION_DATE='2024-07-09T00:00:00+00:00' AIRFLOW_CTX_TRY_NUMBER='1' AIRFLOW_CTX_DAG_RUN_ID='scheduled__2024-07-09T00:00:00+00:00'
[2024-07-14T04:14:23.515+0000] {taskinstance.py:430} INFO - ::endgroup::
[2024-07-14T04:14:23.536+0000] {local.py:174} INFO - Could not import dbtRunner. Falling back to subprocess for invoking dbt.
[2024-07-14T04:14:23.540+0000] {local.py:292} INFO - Cloning project to writable temp directory /tmp/tmpbksrgvpz from /opt/airflow/dags/dbt/dbt_project
[2024-07-14T04:14:23.565+0000] {local.py:303} INFO - Partial parse is enabled and the latest partial parse file is /tmp/cosmos/ELT-PROJECT__transform/target/partial_parse.msgpack
[2024-07-14T04:14:23.748+0000] {base.py:84} INFO - Using connection ID 'snow_conn' for task execution.
[2024-07-14T04:14:23.750+0000] {crypto.py:82} WARNING - empty cryptography key - values will not be stored encrypted.
[2024-07-14T04:14:23.752+0000] {config.py:298} INFO - Profile caching is enable.
[2024-07-14T04:14:23.777+0000] {config.py:272} INFO - Profile found in cache using profile: /tmp/cosmos/profile/a0017dab0633177292578162811b91dcb9c56d6e54017e9660056cc364a762ad/profiles.yml.
[2024-07-14T04:14:23.780+0000] {local.py:247} INFO - Trying to run the command:
 ['/opt/airflow/dbt_venv/bin/dbt', 'deps', '--project-dir', '/tmp/tmpbksrgvpz', '--profiles-dir', '/tmp/cosmos/profile/a0017dab0633177292578162811b91dcb9c56d6e54017e9660056cc364a762ad', '--profile', 'dbt_project', '--target', 'dev']
From /tmp/tmpbksrgvpz
[2024-07-14T04:14:23.783+0000] {subprocess.py:60} INFO - Tmp dir root location: 
 /tmp
[2024-07-14T04:14:23.786+0000] {subprocess.py:73} INFO - Running command: ['/opt/airflow/dbt_venv/bin/dbt', 'deps', '--project-dir', '/tmp/tmpbksrgvpz', '--profiles-dir', '/tmp/cosmos/profile/a0017dab0633177292578162811b91dcb9c56d6e54017e9660056cc364a762ad', '--profile', 'dbt_project', '--target', 'dev']
[2024-07-14T04:14:23.867+0000] {subprocess.py:84} INFO - Command output:
[2024-07-14T04:14:43.290+0000] {subprocess.py:94} INFO - [0m04:14:43  Running with dbt=1.8.3
[2024-07-14T04:14:45.445+0000] {subprocess.py:94} INFO - [0m04:14:45  Updating lock file in file path: /tmp/tmpbksrgvpz/package-lock.yml
[2024-07-14T04:14:45.469+0000] {subprocess.py:94} INFO - [0m04:14:45  Installing dbt-labs/dbt_utils
[2024-07-14T04:14:46.308+0000] {subprocess.py:94} INFO - [0m04:14:46  Installed from version 0.8.6
[2024-07-14T04:14:46.312+0000] {subprocess.py:94} INFO - [0m04:14:46  Updated version available: 1.2.0
[2024-07-14T04:14:46.321+0000] {subprocess.py:94} INFO - [0m04:14:46
[2024-07-14T04:14:46.326+0000] {subprocess.py:94} INFO - [0m04:14:46  Updates available for packages: ['dbt-labs/dbt_utils']
[2024-07-14T04:14:46.330+0000] {subprocess.py:94} INFO - Update your versions in packages.yml, then run dbt deps
[2024-07-14T04:14:48.816+0000] {subprocess.py:98} INFO - Command exited with return code 0
[2024-07-14T04:14:48.819+0000] {local.py:254} INFO - Update your versions in packages.yml, then run dbt deps
[2024-07-14T04:14:48.821+0000] {local.py:247} INFO - Trying to run the command:
 ['/opt/airflow/dbt_venv/bin/dbt', 'run', '--models', 'dim_employees', '--project-dir', '/tmp/tmpbksrgvpz', '--profiles-dir', '/tmp/cosmos/profile/a0017dab0633177292578162811b91dcb9c56d6e54017e9660056cc364a762ad', '--profile', 'dbt_project', '--target', 'dev']
From /tmp/tmpbksrgvpz
[2024-07-14T04:14:48.824+0000] {subprocess.py:60} INFO - Tmp dir root location: 
 /tmp
[2024-07-14T04:14:48.826+0000] {subprocess.py:73} INFO - Running command: ['/opt/airflow/dbt_venv/bin/dbt', 'run', '--models', 'dim_employees', '--project-dir', '/tmp/tmpbksrgvpz', '--profiles-dir', '/tmp/cosmos/profile/a0017dab0633177292578162811b91dcb9c56d6e54017e9660056cc364a762ad', '--profile', 'dbt_project', '--target', 'dev']
[2024-07-14T04:14:48.894+0000] {subprocess.py:84} INFO - Command output:
[2024-07-14T04:15:03.879+0000] {subprocess.py:94} INFO - [0m04:15:03  Running with dbt=1.8.3
[2024-07-14T04:15:08.424+0000] {subprocess.py:94} INFO - [0m04:15:08  Registered adapter: snowflake=1.8.3
[2024-07-14T04:15:12.474+0000] {subprocess.py:94} INFO - [0m04:15:12  Found 20 models, 27 data tests, 11 sources, 684 macros
[2024-07-14T04:15:12.490+0000] {subprocess.py:94} INFO - [0m04:15:12
[2024-07-14T04:15:20.125+0000] {subprocess.py:94} INFO - [0m04:15:20  Concurrency: 1 threads (target='dev')
[2024-07-14T04:15:20.130+0000] {subprocess.py:94} INFO - [0m04:15:20
[2024-07-14T04:15:20.207+0000] {subprocess.py:94} INFO - [0m04:15:20  1 of 1 START sql table model dwh.dim_employees ................................. [RUN]
[2024-07-14T04:15:22.792+0000] {subprocess.py:94} INFO - [0m04:15:22  1 of 1 OK created sql table model dwh.dim_employees ............................ [[32mSUCCESS 1[0m in 2.57s]
[2024-07-14T04:15:22.831+0000] {subprocess.py:94} INFO - [0m04:15:22
[2024-07-14T04:15:22.837+0000] {subprocess.py:94} INFO - [0m04:15:22  Finished running 1 table model in 0 hours 0 minutes and 10.34 seconds (10.34s).
[2024-07-14T04:15:23.523+0000] {subprocess.py:94} INFO - [0m04:15:23
[2024-07-14T04:15:23.527+0000] {subprocess.py:94} INFO - [0m04:15:23  [32mCompleted successfully[0m
[2024-07-14T04:15:23.530+0000] {subprocess.py:94} INFO - [0m04:15:23
[2024-07-14T04:15:23.539+0000] {subprocess.py:94} INFO - [0m04:15:23  Done. PASS=1 WARN=0 ERROR=0 SKIP=0 TOTAL=1
[2024-07-14T04:15:26.341+0000] {subprocess.py:98} INFO - Command exited with return code 0
[2024-07-14T04:15:26.343+0000] {local.py:254} INFO - [0m04:15:23  Done. PASS=1 WARN=0 ERROR=0 SKIP=0 TOTAL=1
[2024-07-14T04:15:27.100+0000] {local.py:196} WARNING - Artifact schema version: https://schemas.getdbt.com/dbt/manifest/v12.json is above dbt-ol supported version 7. This might cause errors.
[2024-07-14T04:15:27.112+0000] {local.py:196} WARNING - Artifact schema version: https://schemas.getdbt.com/dbt/run-results/v6.json is above dbt-ol supported version 5. This might cause errors.
[2024-07-14T04:15:27.159+0000] {local.py:349} INFO - Inlets: [Dataset(uri='snowflake://OU00370.europe-west2.gcp/ELT_BATCH.raw.raw_employees', extra=None)]
[2024-07-14T04:15:27.171+0000] {local.py:350} INFO - Outlets: [Dataset(uri='snowflake://OU00370.europe-west2.gcp/ELT_BATCH.dwh.dim_employees', extra=None)]
[2024-07-14T04:15:27.182+0000] {dag.py:3096} INFO - Sync 1 DAGs
[2024-07-14T04:15:27.608+0000] {taskinstance.py:441} INFO - ::group::Post task execution logs
[2024-07-14T04:15:27.849+0000] {taskinstance.py:1206} INFO - Marking task as SUCCESS. dag_id=ELT-PROJECT, task_id=transform.dim_employees.run, run_id=scheduled__2024-07-09T00:00:00+00:00, execution_date=20240709T000000, start_date=20240714T041421, end_date=20240714T041527
[2024-07-14T04:15:28.776+0000] {local_task_job_runner.py:240} INFO - Task exited with return code 0
[2024-07-14T04:15:29.012+0000] {taskinstance.py:3503} INFO - 1 downstream tasks scheduled from follow-on schedule check
[2024-07-14T04:15:29.028+0000] {local_task_job_runner.py:222} INFO - ::endgroup::
