[2024-07-13T14:26:33.893+0000] {local_task_job_runner.py:120} INFO - ::group::Pre task execution logs
[2024-07-13T14:26:33.974+0000] {taskinstance.py:2076} INFO - Dependencies all met for dep_context=non-requeueable deps ti=<TaskInstance: ELT-PROJECT.extract.extract_shippers scheduled__2024-07-06T00:00:00+00:00 [queued]>
[2024-07-13T14:26:34.012+0000] {taskinstance.py:2076} INFO - Dependencies all met for dep_context=requeueable deps ti=<TaskInstance: ELT-PROJECT.extract.extract_shippers scheduled__2024-07-06T00:00:00+00:00 [queued]>
[2024-07-13T14:26:34.014+0000] {taskinstance.py:2306} INFO - Starting attempt 1 of 2
[2024-07-13T14:26:34.065+0000] {taskinstance.py:2330} INFO - Executing <Task(_PythonDecoratedOperator): extract.extract_shippers> on 2024-07-06 00:00:00+00:00
[2024-07-13T14:26:34.085+0000] {logging_mixin.py:188} WARNING - /home/airflow/.local/lib/python3.12/site-packages/airflow/task/task_runner/standard_task_runner.py:61 DeprecationWarning: This process (pid=4109) is multi-threaded, use of fork() may lead to deadlocks in the child.
[2024-07-13T14:26:34.098+0000] {standard_task_runner.py:63} INFO - Started process 4132 to run task
[2024-07-13T14:26:34.093+0000] {standard_task_runner.py:90} INFO - Running: ['airflow', 'tasks', 'run', 'ELT-PROJECT', 'extract.extract_shippers', 'scheduled__2024-07-06T00:00:00+00:00', '--job-id', '240', '--raw', '--subdir', 'DAGS_FOLDER/elt.py', '--cfg-path', '/tmp/tmp0npqp4ti']
[2024-07-13T14:26:34.105+0000] {standard_task_runner.py:91} INFO - Job 240: Subtask extract.extract_shippers
[2024-07-13T14:26:34.177+0000] {logging_mixin.py:188} WARNING - /home/airflow/.local/lib/python3.12/site-packages/airflow/settings.py:195 DeprecationWarning: The sql_alchemy_conn option in [core] has been moved to the sql_alchemy_conn option in [database] - the old setting has been used, but please update your config.
[2024-07-13T14:26:34.403+0000] {task_command.py:426} INFO - Running <TaskInstance: ELT-PROJECT.extract.extract_shippers scheduled__2024-07-06T00:00:00+00:00 [running]> on host airflow-scheduler
[2024-07-13T14:26:34.814+0000] {taskinstance.py:2648} INFO - Exporting env vars: AIRFLOW_CTX_DAG_OWNER='Data-Ninja' AIRFLOW_CTX_DAG_ID='ELT-PROJECT' AIRFLOW_CTX_TASK_ID='extract.extract_shippers' AIRFLOW_CTX_EXECUTION_DATE='2024-07-06T00:00:00+00:00' AIRFLOW_CTX_TRY_NUMBER='1' AIRFLOW_CTX_DAG_RUN_ID='scheduled__2024-07-06T00:00:00+00:00'
[2024-07-13T14:26:34.818+0000] {taskinstance.py:430} INFO - ::endgroup::
[2024-07-13T14:26:34.857+0000] {base.py:84} INFO - Using connection ID 'post_conn' for task execution.
[2024-07-13T14:26:35.065+0000] {taskinstance.py:441} INFO - ::group::Post task execution logs
[2024-07-13T14:26:35.068+0000] {taskinstance.py:2905} ERROR - Task failed with exception
Traceback (most recent call last):
  File "/home/airflow/.local/lib/python3.12/site-packages/airflow/models/taskinstance.py", line 465, in _execute_task
    result = _execute_callable(context=context, **execute_callable_kwargs)
             ^^^^^^^^^^^^^^^^^^^^^^^^^^^^^^^^^^^^^^^^^^^^^^^^^^^^^^^^^^^^^
  File "/home/airflow/.local/lib/python3.12/site-packages/airflow/models/taskinstance.py", line 432, in _execute_callable
    return execute_callable(context=context, **execute_callable_kwargs)
           ^^^^^^^^^^^^^^^^^^^^^^^^^^^^^^^^^^^^^^^^^^^^^^^^^^^^^^^^^^^^
  File "/home/airflow/.local/lib/python3.12/site-packages/airflow/models/baseoperator.py", line 401, in wrapper
    return func(self, *args, **kwargs)
           ^^^^^^^^^^^^^^^^^^^^^^^^^^^
  File "/home/airflow/.local/lib/python3.12/site-packages/airflow/decorators/base.py", line 265, in execute
    return_value = super().execute(context)
                   ^^^^^^^^^^^^^^^^^^^^^^^^
  File "/home/airflow/.local/lib/python3.12/site-packages/airflow/models/baseoperator.py", line 401, in wrapper
    return func(self, *args, **kwargs)
           ^^^^^^^^^^^^^^^^^^^^^^^^^^^
  File "/home/airflow/.local/lib/python3.12/site-packages/airflow/operators/python.py", line 235, in execute
    return_value = self.execute_callable()
                   ^^^^^^^^^^^^^^^^^^^^^^^
  File "/home/airflow/.local/lib/python3.12/site-packages/airflow/operators/python.py", line 252, in execute_callable
    return self.python_callable(*self.op_args, **self.op_kwargs)
           ^^^^^^^^^^^^^^^^^^^^^^^^^^^^^^^^^^^^^^^^^^^^^^^^^^^^^
  File "/opt/airflow/dags/elt.py", line 49, in extract
    return extract_func(
           ^^^^^^^^^^^^^
  File "/opt/airflow/dags/el_module/extractors.py", line 11, in extract_func
    ).get_conn()
      ^^^^^^^^^^
  File "/home/airflow/.local/lib/python3.12/site-packages/airflow/providers/postgres/hooks/postgres.py", line 175, in get_conn
    self.conn = psycopg2.connect(**conn_args)
                ^^^^^^^^^^^^^^^^^^^^^^^^^^^^^
  File "/home/airflow/.local/lib/python3.12/site-packages/psycopg2/__init__.py", line 122, in connect
    conn = _connect(dsn, connection_factory=connection_factory, **kwasync)
           ^^^^^^^^^^^^^^^^^^^^^^^^^^^^^^^^^^^^^^^^^^^^^^^^^^^^^^^^^^^^^^^
psycopg2.OperationalError: connection to server at "ep-bold-forest-89569418.ap-southeast-1.aws.neon.tech" (13.228.184.177), port 5432 failed: ERROR:  password authentication failed for user 'dataninja'
connection to server at "ep-bold-forest-89569418.ap-southeast-1.aws.neon.tech" (13.228.184.177), port 5432 failed: ERROR:  connection is insecure (try using `sslmode=require`)

[2024-07-13T14:26:35.157+0000] {taskinstance.py:1206} INFO - Marking task as UP_FOR_RETRY. dag_id=ELT-PROJECT, task_id=extract.extract_shippers, run_id=scheduled__2024-07-06T00:00:00+00:00, execution_date=20240706T000000, start_date=20240713T142633, end_date=20240713T142635
[2024-07-13T14:26:35.330+0000] {standard_task_runner.py:110} ERROR - Failed to execute job 240 for task extract.extract_shippers (connection to server at "ep-bold-forest-89569418.ap-southeast-1.aws.neon.tech" (13.228.184.177), port 5432 failed: ERROR:  password authentication failed for user 'dataninja'
connection to server at "ep-bold-forest-89569418.ap-southeast-1.aws.neon.tech" (13.228.184.177), port 5432 failed: ERROR:  connection is insecure (try using `sslmode=require`)
; 4132)
[2024-07-13T14:26:35.377+0000] {local_task_job_runner.py:240} INFO - Task exited with return code 1
[2024-07-13T14:26:35.644+0000] {taskinstance.py:3503} INFO - 0 downstream tasks scheduled from follow-on schedule check
[2024-07-13T14:26:35.658+0000] {local_task_job_runner.py:222} INFO - ::endgroup::
[2024-07-14T03:59:18.461+0000] {local_task_job_runner.py:120} INFO - ::group::Pre task execution logs
[2024-07-14T03:59:18.570+0000] {taskinstance.py:2076} INFO - Dependencies all met for dep_context=non-requeueable deps ti=<TaskInstance: ELT-PROJECT.extract.extract_shippers scheduled__2024-07-06T00:00:00+00:00 [queued]>
[2024-07-14T03:59:18.645+0000] {taskinstance.py:2076} INFO - Dependencies all met for dep_context=requeueable deps ti=<TaskInstance: ELT-PROJECT.extract.extract_shippers scheduled__2024-07-06T00:00:00+00:00 [queued]>
[2024-07-14T03:59:18.651+0000] {taskinstance.py:2306} INFO - Starting attempt 1 of 2
[2024-07-14T03:59:18.773+0000] {taskinstance.py:2330} INFO - Executing <Task(_PythonDecoratedOperator): extract.extract_shippers> on 2024-07-06 00:00:00+00:00
[2024-07-14T03:59:18.808+0000] {logging_mixin.py:188} WARNING - /home/airflow/.local/lib/python3.12/site-packages/airflow/task/task_runner/standard_task_runner.py:61 DeprecationWarning: This process (pid=9829) is multi-threaded, use of fork() may lead to deadlocks in the child.
[2024-07-14T03:59:18.833+0000] {standard_task_runner.py:63} INFO - Started process 9870 to run task
[2024-07-14T03:59:18.826+0000] {standard_task_runner.py:90} INFO - Running: ['airflow', 'tasks', 'run', 'ELT-PROJECT', 'extract.extract_shippers', 'scheduled__2024-07-06T00:00:00+00:00', '--job-id', '774', '--raw', '--subdir', 'DAGS_FOLDER/elt.py', '--cfg-path', '/tmp/tmpdaa80n6g']
[2024-07-14T03:59:18.849+0000] {standard_task_runner.py:91} INFO - Job 774: Subtask extract.extract_shippers
[2024-07-14T03:59:18.972+0000] {logging_mixin.py:188} WARNING - /home/airflow/.local/lib/python3.12/site-packages/airflow/settings.py:195 DeprecationWarning: The sql_alchemy_conn option in [core] has been moved to the sql_alchemy_conn option in [database] - the old setting has been used, but please update your config.
[2024-07-14T03:59:19.306+0000] {task_command.py:426} INFO - Running <TaskInstance: ELT-PROJECT.extract.extract_shippers scheduled__2024-07-06T00:00:00+00:00 [running]> on host airflow-scheduler
[2024-07-14T03:59:19.849+0000] {taskinstance.py:2648} INFO - Exporting env vars: AIRFLOW_CTX_DAG_OWNER='Data-Ninja' AIRFLOW_CTX_DAG_ID='ELT-PROJECT' AIRFLOW_CTX_TASK_ID='extract.extract_shippers' AIRFLOW_CTX_EXECUTION_DATE='2024-07-06T00:00:00+00:00' AIRFLOW_CTX_TRY_NUMBER='1' AIRFLOW_CTX_DAG_RUN_ID='scheduled__2024-07-06T00:00:00+00:00'
[2024-07-14T03:59:19.852+0000] {taskinstance.py:430} INFO - ::endgroup::
[2024-07-14T03:59:19.991+0000] {base.py:84} INFO - Using connection ID 'post_conn' for task execution.
[2024-07-14T03:59:20.260+0000] {python.py:237} INFO - Done. Returned value was:    shipperID       companyName           phone
0          1    Speedy Express  (503) 555-9831
1          2    United Package  (503) 555-3199
2          3  Federal Shipping  (503) 555-9931
[2024-07-14T03:59:20.313+0000] {taskinstance.py:441} INFO - ::group::Post task execution logs
[2024-07-14T03:59:21.302+0000] {taskinstance.py:1206} INFO - Marking task as SUCCESS. dag_id=ELT-PROJECT, task_id=extract.extract_shippers, run_id=scheduled__2024-07-06T00:00:00+00:00, execution_date=20240706T000000, start_date=20240714T035918, end_date=20240714T035921
[2024-07-14T03:59:21.445+0000] {local_task_job_runner.py:240} INFO - Task exited with return code 0
[2024-07-14T03:59:21.523+0000] {local_task_job_runner.py:222} INFO - ::endgroup::
