[2024-07-14T03:32:10.921+0000] {local_task_job_runner.py:120} INFO - ::group::Pre task execution logs
[2024-07-14T03:32:10.986+0000] {taskinstance.py:2076} INFO - Dependencies all met for dep_context=non-requeueable deps ti=<TaskInstance: ELT-PROJECT.transform.gross_revenue_run manual__2024-07-14T03:25:17.009601+00:00 [queued]>
[2024-07-14T03:32:11.025+0000] {taskinstance.py:2076} INFO - Dependencies all met for dep_context=requeueable deps ti=<TaskInstance: ELT-PROJECT.transform.gross_revenue_run manual__2024-07-14T03:25:17.009601+00:00 [queued]>
[2024-07-14T03:32:11.026+0000] {taskinstance.py:2306} INFO - Starting attempt 1 of 2
[2024-07-14T03:32:11.059+0000] {taskinstance.py:2330} INFO - Executing <Task(DbtRunLocalOperator): transform.gross_revenue_run> on 2024-07-14 03:25:17.009601+00:00
[2024-07-14T03:32:11.079+0000] {standard_task_runner.py:90} INFO - Running: ['airflow', 'tasks', 'run', 'ELT-PROJECT', 'transform.gross_revenue_run', 'manual__2024-07-14T03:25:17.009601+00:00', '--job-id', '608', '--raw', '--subdir', 'DAGS_FOLDER/elt.py', '--cfg-path', '/tmp/tmp2_vkf_pa']
[2024-07-14T03:32:11.083+0000] {logging_mixin.py:188} WARNING - /home/airflow/.local/lib/python3.12/site-packages/airflow/task/task_runner/standard_task_runner.py:61 DeprecationWarning: This process (pid=7646) is multi-threaded, use of fork() may lead to deadlocks in the child.
[2024-07-14T03:32:11.084+0000] {standard_task_runner.py:91} INFO - Job 608: Subtask transform.gross_revenue_run
[2024-07-14T03:32:11.085+0000] {standard_task_runner.py:63} INFO - Started process 7656 to run task
[2024-07-14T03:32:11.124+0000] {logging_mixin.py:188} WARNING - /home/airflow/.local/lib/python3.12/site-packages/airflow/settings.py:195 DeprecationWarning: The sql_alchemy_conn option in [core] has been moved to the sql_alchemy_conn option in [database] - the old setting has been used, but please update your config.
[2024-07-14T03:32:11.215+0000] {task_command.py:426} INFO - Running <TaskInstance: ELT-PROJECT.transform.gross_revenue_run manual__2024-07-14T03:25:17.009601+00:00 [running]> on host airflow-scheduler
[2024-07-14T03:32:11.437+0000] {taskinstance.py:2648} INFO - Exporting env vars: AIRFLOW_CTX_DAG_OWNER='Data-Ninja' AIRFLOW_CTX_DAG_ID='ELT-PROJECT' AIRFLOW_CTX_TASK_ID='transform.gross_revenue_run' AIRFLOW_CTX_EXECUTION_DATE='2024-07-14T03:25:17.009601+00:00' AIRFLOW_CTX_TRY_NUMBER='1' AIRFLOW_CTX_DAG_RUN_ID='manual__2024-07-14T03:25:17.009601+00:00'
[2024-07-14T03:32:11.442+0000] {taskinstance.py:430} INFO - ::endgroup::
[2024-07-14T03:32:11.446+0000] {local.py:174} INFO - Could not import dbtRunner. Falling back to subprocess for invoking dbt.
[2024-07-14T03:32:11.451+0000] {local.py:292} INFO - Cloning project to writable temp directory /tmp/tmpz_mtfgpq from /opt/airflow/dags/dbt/dbt_project
[2024-07-14T03:32:11.462+0000] {local.py:303} INFO - Partial parse is enabled and the latest partial parse file is /tmp/cosmos/ELT-PROJECT__transform/target/partial_parse.msgpack
[2024-07-14T03:32:11.524+0000] {base.py:84} INFO - Using connection ID 'snow_conn' for task execution.
[2024-07-14T03:32:11.525+0000] {crypto.py:82} WARNING - empty cryptography key - values will not be stored encrypted.
[2024-07-14T03:32:11.527+0000] {config.py:298} INFO - Profile caching is enable.
[2024-07-14T03:32:11.532+0000] {config.py:272} INFO - Profile found in cache using profile: /tmp/cosmos/profile/a0017dab0633177292578162811b91dcb9c56d6e54017e9660056cc364a762ad/profiles.yml.
[2024-07-14T03:32:11.534+0000] {local.py:247} INFO - Trying to run the command:
 ['/opt/airflow/dbt_venv/bin/dbt', 'deps', '--project-dir', '/tmp/tmpz_mtfgpq', '--profiles-dir', '/tmp/cosmos/profile/a0017dab0633177292578162811b91dcb9c56d6e54017e9660056cc364a762ad', '--profile', 'dbt_project', '--target', 'dev']
From /tmp/tmpz_mtfgpq
[2024-07-14T03:32:11.537+0000] {subprocess.py:60} INFO - Tmp dir root location: 
 /tmp
[2024-07-14T03:32:11.540+0000] {subprocess.py:73} INFO - Running command: ['/opt/airflow/dbt_venv/bin/dbt', 'deps', '--project-dir', '/tmp/tmpz_mtfgpq', '--profiles-dir', '/tmp/cosmos/profile/a0017dab0633177292578162811b91dcb9c56d6e54017e9660056cc364a762ad', '--profile', 'dbt_project', '--target', 'dev']
[2024-07-14T03:32:11.560+0000] {subprocess.py:84} INFO - Command output:
[2024-07-14T03:32:16.778+0000] {subprocess.py:94} INFO - [0m03:32:16  Running with dbt=1.8.3
[2024-07-14T03:32:17.343+0000] {subprocess.py:94} INFO - [0m03:32:17  Updating lock file in file path: /tmp/tmpz_mtfgpq/package-lock.yml
[2024-07-14T03:32:17.358+0000] {subprocess.py:94} INFO - [0m03:32:17  Installing dbt-labs/dbt_utils
[2024-07-14T03:32:18.088+0000] {subprocess.py:94} INFO - [0m03:32:18  Installed from version 0.8.6
[2024-07-14T03:32:18.090+0000] {subprocess.py:94} INFO - [0m03:32:18  Updated version available: 1.2.0
[2024-07-14T03:32:18.094+0000] {subprocess.py:94} INFO - [0m03:32:18
[2024-07-14T03:32:18.096+0000] {subprocess.py:94} INFO - [0m03:32:18  Updates available for packages: ['dbt-labs/dbt_utils']
[2024-07-14T03:32:18.098+0000] {subprocess.py:94} INFO - Update your versions in packages.yml, then run dbt deps
[2024-07-14T03:32:20.500+0000] {subprocess.py:98} INFO - Command exited with return code 0
[2024-07-14T03:32:20.502+0000] {local.py:254} INFO - Update your versions in packages.yml, then run dbt deps
[2024-07-14T03:32:20.504+0000] {local.py:247} INFO - Trying to run the command:
 ['/opt/airflow/dbt_venv/bin/dbt', 'run', '--models', 'gross_revenue', '--project-dir', '/tmp/tmpz_mtfgpq', '--profiles-dir', '/tmp/cosmos/profile/a0017dab0633177292578162811b91dcb9c56d6e54017e9660056cc364a762ad', '--profile', 'dbt_project', '--target', 'dev']
From /tmp/tmpz_mtfgpq
[2024-07-14T03:32:20.507+0000] {subprocess.py:60} INFO - Tmp dir root location: 
 /tmp
[2024-07-14T03:32:20.509+0000] {subprocess.py:73} INFO - Running command: ['/opt/airflow/dbt_venv/bin/dbt', 'run', '--models', 'gross_revenue', '--project-dir', '/tmp/tmpz_mtfgpq', '--profiles-dir', '/tmp/cosmos/profile/a0017dab0633177292578162811b91dcb9c56d6e54017e9660056cc364a762ad', '--profile', 'dbt_project', '--target', 'dev']
[2024-07-14T03:32:20.531+0000] {subprocess.py:84} INFO - Command output:
[2024-07-14T03:32:25.789+0000] {subprocess.py:94} INFO - [0m03:32:25  Running with dbt=1.8.3
[2024-07-14T03:32:27.047+0000] {subprocess.py:94} INFO - [0m03:32:27  Registered adapter: snowflake=1.8.3
[2024-07-14T03:32:29.382+0000] {subprocess.py:94} INFO - [0m03:32:29  Found 20 models, 27 data tests, 11 sources, 684 macros
[2024-07-14T03:32:29.391+0000] {subprocess.py:94} INFO - [0m03:32:29
[2024-07-14T03:32:38.836+0000] {subprocess.py:94} INFO - [0m03:32:38  Concurrency: 1 threads (target='dev')
[2024-07-14T03:32:38.841+0000] {subprocess.py:94} INFO - [0m03:32:38
[2024-07-14T03:32:38.919+0000] {subprocess.py:94} INFO - [0m03:32:38  1 of 1 START sql table model dm.gross_revenue .................................. [RUN]
[2024-07-14T03:32:42.280+0000] {subprocess.py:94} INFO - [0m03:32:42  1 of 1 OK created sql table model dm.gross_revenue ............................. [[32mSUCCESS 1[0m in 3.34s]
[2024-07-14T03:32:42.299+0000] {subprocess.py:94} INFO - [0m03:32:42
[2024-07-14T03:32:42.303+0000] {subprocess.py:94} INFO - [0m03:32:42  Finished running 1 table model in 0 hours 0 minutes and 12.91 seconds (12.91s).
[2024-07-14T03:32:42.761+0000] {subprocess.py:94} INFO - [0m03:32:42
[2024-07-14T03:32:42.763+0000] {subprocess.py:94} INFO - [0m03:32:42  [32mCompleted successfully[0m
[2024-07-14T03:32:42.766+0000] {subprocess.py:94} INFO - [0m03:32:42
[2024-07-14T03:32:42.768+0000] {subprocess.py:94} INFO - [0m03:32:42  Done. PASS=1 WARN=0 ERROR=0 SKIP=0 TOTAL=1
[2024-07-14T03:32:44.713+0000] {subprocess.py:98} INFO - Command exited with return code 0
[2024-07-14T03:32:44.715+0000] {local.py:254} INFO - [0m03:32:42  Done. PASS=1 WARN=0 ERROR=0 SKIP=0 TOTAL=1
[2024-07-14T03:32:45.090+0000] {local.py:196} WARNING - Artifact schema version: https://schemas.getdbt.com/dbt/manifest/v12.json is above dbt-ol supported version 7. This might cause errors.
[2024-07-14T03:32:45.091+0000] {local.py:196} WARNING - Artifact schema version: https://schemas.getdbt.com/dbt/run-results/v6.json is above dbt-ol supported version 5. This might cause errors.
[2024-07-14T03:32:45.106+0000] {local.py:349} INFO - Inlets: [Dataset(uri='snowflake://OU00370.europe-west2.gcp/ELT_BATCH.dwh.dim_products', extra=None), Dataset(uri='snowflake://OU00370.europe-west2.gcp/ELT_BATCH.dwh.dim_suppliers', extra=None), Dataset(uri='snowflake://OU00370.europe-west2.gcp/ELT_BATCH.dwh.fact_order_details', extra=None), Dataset(uri='snowflake://OU00370.europe-west2.gcp/ELT_BATCH.dwh.fact_orders', extra=None)]
[2024-07-14T03:32:45.108+0000] {local.py:350} INFO - Outlets: [Dataset(uri='snowflake://OU00370.europe-west2.gcp/ELT_BATCH.dm.gross_revenue', extra=None)]
[2024-07-14T03:32:45.110+0000] {dag.py:3096} INFO - Sync 1 DAGs
[2024-07-14T03:32:45.151+0000] {dag.py:3954} INFO - Setting next_dagrun for ELT-PROJECT to None, run_after=None
[2024-07-14T03:32:45.240+0000] {taskinstance.py:441} INFO - ::group::Post task execution logs
[2024-07-14T03:32:45.336+0000] {taskinstance.py:1206} INFO - Marking task as SUCCESS. dag_id=ELT-PROJECT, task_id=transform.gross_revenue_run, run_id=manual__2024-07-14T03:25:17.009601+00:00, execution_date=20240714T032517, start_date=20240714T033210, end_date=20240714T033245
[2024-07-14T03:32:45.398+0000] {local_task_job_runner.py:240} INFO - Task exited with return code 0
[2024-07-14T03:32:45.485+0000] {taskinstance.py:3503} INFO - 0 downstream tasks scheduled from follow-on schedule check
[2024-07-14T03:32:45.499+0000] {local_task_job_runner.py:222} INFO - ::endgroup::
