[2024-07-14T03:17:57.652+0000] {local_task_job_runner.py:120} INFO - ::group::Pre task execution logs
[2024-07-14T03:17:57.756+0000] {taskinstance.py:2076} INFO - Dependencies all met for dep_context=non-requeueable deps ti=<TaskInstance: ELT-PROJECT.transform.raw_regions.run manual__2024-07-14T03:17:17.901957+00:00 [queued]>
[2024-07-14T03:17:57.805+0000] {taskinstance.py:2076} INFO - Dependencies all met for dep_context=requeueable deps ti=<TaskInstance: ELT-PROJECT.transform.raw_regions.run manual__2024-07-14T03:17:17.901957+00:00 [queued]>
[2024-07-14T03:17:57.806+0000] {taskinstance.py:2306} INFO - Starting attempt 1 of 2
[2024-07-14T03:17:57.866+0000] {taskinstance.py:2330} INFO - Executing <Task(DbtRunLocalOperator): transform.raw_regions.run> on 2024-07-14 03:17:17.901957+00:00
[2024-07-14T03:17:57.883+0000] {standard_task_runner.py:90} INFO - Running: ['airflow', 'tasks', 'run', 'ELT-PROJECT', 'transform.raw_regions.run', 'manual__2024-07-14T03:17:17.901957+00:00', '--job-id', '527', '--raw', '--subdir', 'DAGS_FOLDER/elt.py', '--cfg-path', '/tmp/tmpizsv_tjm']
[2024-07-14T03:17:57.889+0000] {standard_task_runner.py:91} INFO - Job 527: Subtask transform.raw_regions.run
[2024-07-14T03:17:57.891+0000] {logging_mixin.py:188} WARNING - /home/airflow/.local/lib/python3.12/site-packages/airflow/task/task_runner/standard_task_runner.py:61 DeprecationWarning: This process (pid=5917) is multi-threaded, use of fork() may lead to deadlocks in the child.
[2024-07-14T03:17:57.892+0000] {standard_task_runner.py:63} INFO - Started process 5935 to run task
[2024-07-14T03:17:57.980+0000] {logging_mixin.py:188} WARNING - /home/airflow/.local/lib/python3.12/site-packages/airflow/settings.py:195 DeprecationWarning: The sql_alchemy_conn option in [core] has been moved to the sql_alchemy_conn option in [database] - the old setting has been used, but please update your config.
[2024-07-14T03:17:58.191+0000] {task_command.py:426} INFO - Running <TaskInstance: ELT-PROJECT.transform.raw_regions.run manual__2024-07-14T03:17:17.901957+00:00 [running]> on host airflow-scheduler
[2024-07-14T03:17:58.603+0000] {taskinstance.py:2648} INFO - Exporting env vars: AIRFLOW_CTX_DAG_OWNER='Data-Ninja' AIRFLOW_CTX_DAG_ID='ELT-PROJECT' AIRFLOW_CTX_TASK_ID='transform.raw_regions.run' AIRFLOW_CTX_EXECUTION_DATE='2024-07-14T03:17:17.901957+00:00' AIRFLOW_CTX_TRY_NUMBER='1' AIRFLOW_CTX_DAG_RUN_ID='manual__2024-07-14T03:17:17.901957+00:00'
[2024-07-14T03:17:58.606+0000] {taskinstance.py:430} INFO - ::endgroup::
[2024-07-14T03:17:58.610+0000] {local.py:174} INFO - Could not import dbtRunner. Falling back to subprocess for invoking dbt.
[2024-07-14T03:17:58.614+0000] {local.py:292} INFO - Cloning project to writable temp directory /tmp/tmpx0qrakyj from /opt/airflow/dags/dbt/dbt_project
[2024-07-14T03:17:58.634+0000] {local.py:303} INFO - Partial parse is enabled and the latest partial parse file is /tmp/cosmos/ELT-PROJECT__transform/target/partial_parse.msgpack
[2024-07-14T03:17:59.325+0000] {base.py:84} INFO - Using connection ID 'snow_conn' for task execution.
[2024-07-14T03:17:59.337+0000] {crypto.py:82} WARNING - empty cryptography key - values will not be stored encrypted.
[2024-07-14T03:17:59.341+0000] {config.py:298} INFO - Profile caching is enable.
[2024-07-14T03:17:59.352+0000] {config.py:272} INFO - Profile found in cache using profile: /tmp/cosmos/profile/a0017dab0633177292578162811b91dcb9c56d6e54017e9660056cc364a762ad/profiles.yml.
[2024-07-14T03:17:59.358+0000] {local.py:247} INFO - Trying to run the command:
 ['/opt/airflow/dbt_venv/bin/dbt', 'deps', '--project-dir', '/tmp/tmpx0qrakyj', '--profiles-dir', '/tmp/cosmos/profile/a0017dab0633177292578162811b91dcb9c56d6e54017e9660056cc364a762ad', '--profile', 'dbt_project', '--target', 'dev']
From /tmp/tmpx0qrakyj
[2024-07-14T03:17:59.367+0000] {subprocess.py:60} INFO - Tmp dir root location: 
 /tmp
[2024-07-14T03:17:59.376+0000] {subprocess.py:73} INFO - Running command: ['/opt/airflow/dbt_venv/bin/dbt', 'deps', '--project-dir', '/tmp/tmpx0qrakyj', '--profiles-dir', '/tmp/cosmos/profile/a0017dab0633177292578162811b91dcb9c56d6e54017e9660056cc364a762ad', '--profile', 'dbt_project', '--target', 'dev']
[2024-07-14T03:17:59.480+0000] {subprocess.py:84} INFO - Command output:
[2024-07-14T03:18:09.393+0000] {subprocess.py:94} INFO - [0m03:18:09  Running with dbt=1.8.3
[2024-07-14T03:18:11.774+0000] {subprocess.py:94} INFO - [0m03:18:11  Updating lock file in file path: /tmp/tmpx0qrakyj/package-lock.yml
[2024-07-14T03:18:11.801+0000] {subprocess.py:94} INFO - [0m03:18:11  Installing dbt-labs/dbt_utils
[2024-07-14T03:18:12.639+0000] {subprocess.py:94} INFO - [0m03:18:12  Installed from version 0.8.6
[2024-07-14T03:18:12.641+0000] {subprocess.py:94} INFO - [0m03:18:12  Updated version available: 1.2.0
[2024-07-14T03:18:12.643+0000] {subprocess.py:94} INFO - [0m03:18:12
[2024-07-14T03:18:12.645+0000] {subprocess.py:94} INFO - [0m03:18:12  Updates available for packages: ['dbt-labs/dbt_utils']
[2024-07-14T03:18:12.647+0000] {subprocess.py:94} INFO - Update your versions in packages.yml, then run dbt deps
[2024-07-14T03:18:14.404+0000] {subprocess.py:98} INFO - Command exited with return code 0
[2024-07-14T03:18:14.408+0000] {local.py:254} INFO - Update your versions in packages.yml, then run dbt deps
[2024-07-14T03:18:14.412+0000] {local.py:247} INFO - Trying to run the command:
 ['/opt/airflow/dbt_venv/bin/dbt', 'run', '--models', 'raw_regions', '--project-dir', '/tmp/tmpx0qrakyj', '--profiles-dir', '/tmp/cosmos/profile/a0017dab0633177292578162811b91dcb9c56d6e54017e9660056cc364a762ad', '--profile', 'dbt_project', '--target', 'dev']
From /tmp/tmpx0qrakyj
[2024-07-14T03:18:14.416+0000] {subprocess.py:60} INFO - Tmp dir root location: 
 /tmp
[2024-07-14T03:18:14.419+0000] {subprocess.py:73} INFO - Running command: ['/opt/airflow/dbt_venv/bin/dbt', 'run', '--models', 'raw_regions', '--project-dir', '/tmp/tmpx0qrakyj', '--profiles-dir', '/tmp/cosmos/profile/a0017dab0633177292578162811b91dcb9c56d6e54017e9660056cc364a762ad', '--profile', 'dbt_project', '--target', 'dev']
[2024-07-14T03:18:14.464+0000] {subprocess.py:84} INFO - Command output:
[2024-07-14T03:18:24.961+0000] {subprocess.py:94} INFO - [0m03:18:24  Running with dbt=1.8.3
[2024-07-14T03:18:27.825+0000] {subprocess.py:94} INFO - [0m03:18:27  Registered adapter: snowflake=1.8.3
[2024-07-14T03:18:34.535+0000] {subprocess.py:94} INFO - [0m03:18:34  Found 20 models, 27 data tests, 11 sources, 684 macros
[2024-07-14T03:18:34.546+0000] {subprocess.py:94} INFO - [0m03:18:34
[2024-07-14T03:18:41.936+0000] {subprocess.py:94} INFO - [0m03:18:41  Concurrency: 1 threads (target='dev')
[2024-07-14T03:18:41.939+0000] {subprocess.py:94} INFO - [0m03:18:41
[2024-07-14T03:18:41.974+0000] {subprocess.py:94} INFO - [0m03:18:41  1 of 1 START sql table model raw.raw_regions ................................... [RUN]
[2024-07-14T03:18:44.520+0000] {subprocess.py:94} INFO - [0m03:18:44  1 of 1 OK created sql table model raw.raw_regions .............................. [[32mSUCCESS 1[0m in 2.53s]
[2024-07-14T03:18:44.542+0000] {subprocess.py:94} INFO - [0m03:18:44
[2024-07-14T03:18:44.547+0000] {subprocess.py:94} INFO - [0m03:18:44  Finished running 1 table model in 0 hours 0 minutes and 9.99 seconds (9.99s).
[2024-07-14T03:18:44.821+0000] {subprocess.py:94} INFO - [0m03:18:44
[2024-07-14T03:18:44.823+0000] {subprocess.py:94} INFO - [0m03:18:44  [32mCompleted successfully[0m
[2024-07-14T03:18:44.825+0000] {subprocess.py:94} INFO - [0m03:18:44
[2024-07-14T03:18:44.827+0000] {subprocess.py:94} INFO - [0m03:18:44  Done. PASS=1 WARN=0 ERROR=0 SKIP=0 TOTAL=1
[2024-07-14T03:18:46.552+0000] {subprocess.py:98} INFO - Command exited with return code 0
[2024-07-14T03:18:46.555+0000] {local.py:254} INFO - [0m03:18:44  Done. PASS=1 WARN=0 ERROR=0 SKIP=0 TOTAL=1
[2024-07-14T03:18:46.620+0000] {local.py:196} WARNING - Artifact schema version: https://schemas.getdbt.com/dbt/manifest/v12.json is above dbt-ol supported version 7. This might cause errors.
[2024-07-14T03:18:46.621+0000] {local.py:196} WARNING - Artifact schema version: https://schemas.getdbt.com/dbt/run-results/v6.json is above dbt-ol supported version 5. This might cause errors.
[2024-07-14T03:18:46.643+0000] {local.py:349} INFO - Inlets: [Dataset(uri='snowflake://OU00370.europe-west2.gcp/ELT_BATCH.PUBLIC.regions', extra=None)]
[2024-07-14T03:18:46.646+0000] {local.py:350} INFO - Outlets: [Dataset(uri='snowflake://OU00370.europe-west2.gcp/ELT_BATCH.raw.raw_regions', extra=None)]
[2024-07-14T03:18:46.650+0000] {dag.py:3096} INFO - Sync 1 DAGs
[2024-07-14T03:18:46.699+0000] {dag.py:3954} INFO - Setting next_dagrun for ELT-PROJECT to None, run_after=None
[2024-07-14T03:18:46.787+0000] {taskinstance.py:441} INFO - ::group::Post task execution logs
[2024-07-14T03:18:46.883+0000] {taskinstance.py:1206} INFO - Marking task as SUCCESS. dag_id=ELT-PROJECT, task_id=transform.raw_regions.run, run_id=manual__2024-07-14T03:17:17.901957+00:00, execution_date=20240714T031717, start_date=20240714T031757, end_date=20240714T031846
[2024-07-14T03:18:46.988+0000] {local_task_job_runner.py:240} INFO - Task exited with return code 0
[2024-07-14T03:18:47.121+0000] {taskinstance.py:3503} INFO - 1 downstream tasks scheduled from follow-on schedule check
[2024-07-14T03:18:47.131+0000] {local_task_job_runner.py:222} INFO - ::endgroup::
