[2024-06-24T14:12:12.266+0000] {local_task_job_runner.py:120} INFO - ::group::Pre task execution logs
[2024-06-24T14:12:12.379+0000] {taskinstance.py:2076} INFO - Dependencies all met for dep_context=non-requeueable deps ti=<TaskInstance: ELT-PROJECT.load.load_suppliers manual__2024-06-24T14:11:50.150166+00:00 [queued]>
[2024-06-24T14:12:12.433+0000] {taskinstance.py:2076} INFO - Dependencies all met for dep_context=requeueable deps ti=<TaskInstance: ELT-PROJECT.load.load_suppliers manual__2024-06-24T14:11:50.150166+00:00 [queued]>
[2024-06-24T14:12:12.438+0000] {taskinstance.py:2306} INFO - Starting attempt 1 of 2
[2024-06-24T14:12:12.530+0000] {taskinstance.py:2330} INFO - Executing <Task(_PythonDecoratedOperator): load.load_suppliers> on 2024-06-24 14:11:50.150166+00:00
[2024-06-24T14:12:12.574+0000] {logging_mixin.py:188} WARNING - /home/airflow/.local/lib/python3.12/site-packages/airflow/task/task_runner/standard_task_runner.py:61 DeprecationWarning: This process (pid=955) is multi-threaded, use of fork() may lead to deadlocks in the child.
[2024-06-24T14:12:12.582+0000] {standard_task_runner.py:63} INFO - Started process 977 to run task
[2024-06-24T14:12:12.582+0000] {standard_task_runner.py:90} INFO - Running: ['airflow', 'tasks', 'run', 'ELT-PROJECT', 'load.load_suppliers', 'manual__2024-06-24T14:11:50.150166+00:00', '--job-id', '138', '--raw', '--subdir', 'DAGS_FOLDER/elt.py', '--cfg-path', '/tmp/tmpmukqa9bv']
[2024-06-24T14:12:12.592+0000] {standard_task_runner.py:91} INFO - Job 138: Subtask load.load_suppliers
[2024-06-24T14:12:12.689+0000] {logging_mixin.py:188} WARNING - /home/airflow/.local/lib/python3.12/site-packages/airflow/settings.py:195 DeprecationWarning: The sql_alchemy_conn option in [core] has been moved to the sql_alchemy_conn option in [database] - the old setting has been used, but please update your config.
[2024-06-24T14:12:12.895+0000] {task_command.py:426} INFO - Running <TaskInstance: ELT-PROJECT.load.load_suppliers manual__2024-06-24T14:11:50.150166+00:00 [running]> on host airflow-scheduler
[2024-06-24T14:12:14.813+0000] {taskinstance.py:2648} INFO - Exporting env vars: AIRFLOW_CTX_DAG_OWNER='Data-Ninja' AIRFLOW_CTX_DAG_ID='ELT-PROJECT' AIRFLOW_CTX_TASK_ID='load.load_suppliers' AIRFLOW_CTX_EXECUTION_DATE='2024-06-24T14:11:50.150166+00:00' AIRFLOW_CTX_TRY_NUMBER='1' AIRFLOW_CTX_DAG_RUN_ID='manual__2024-06-24T14:11:50.150166+00:00'
[2024-06-24T14:12:14.829+0000] {taskinstance.py:430} INFO - ::endgroup::
[2024-06-24T14:12:14.837+0000] {connection.py:399} INFO - Snowflake Connector for Python Version: 3.10.1, Python Version: 3.12.4, Platform: Linux-5.15.133.1-microsoft-standard-WSL2-x86_64-with-glibc2.36
[2024-06-24T14:12:14.875+0000] {connection.py:1249} INFO - THIS CONNECTION IS IN INSECURE MODE. IT MEANS THE CERTIFICATE WILL BE VALIDATED BUT THE CERTIFICATE REVOCATION STATUS WILL NOT BE CHECKED.
[2024-06-24T14:12:15.163+0000] {ssl_wrap_socket.py:100} INFO - THIS CONNECTION IS IN INSECURE MODE. IT MEANS THE CERTIFICATE WILL BE VALIDATED BUT THE CERTIFICATE REVOCATION STATUS WILL NOT BE CHECKED.
[2024-06-24T14:12:15.747+0000] {logging_mixin.py:188} INFO - Nama kolom di DataFrame: Index(['supplierID', 'companyName', 'contactName', 'contactTitle', 'address',
       'city', 'region', 'postalCode', 'country', 'phone', 'fax', 'homePage'],
      dtype='object')
[2024-06-24T14:12:16.145+0000] {cursor.py:1149} INFO - Number of results in first chunk: 1
[2024-06-24T14:12:16.824+0000] {ssl_wrap_socket.py:100} INFO - THIS CONNECTION IS IN INSECURE MODE. IT MEANS THE CERTIFICATE WILL BE VALIDATED BUT THE CERTIFICATE REVOCATION STATUS WILL NOT BE CHECKED.
[2024-06-24T14:12:19.546+0000] {cursor.py:1149} INFO - Number of results in first chunk: 1
[2024-06-24T14:12:20.213+0000] {cursor.py:1149} INFO - Number of results in first chunk: 12
[2024-06-24T14:12:20.603+0000] {cursor.py:1149} INFO - Number of results in first chunk: 1
[2024-06-24T14:12:21.309+0000] {cursor.py:1149} INFO - Number of results in first chunk: 1
[2024-06-24T14:12:23.041+0000] {cursor.py:1149} INFO - Number of results in first chunk: 1
[2024-06-24T14:12:23.042+0000] {logging_mixin.py:188} INFO - Done suppliers.
[2024-06-24T14:12:23.043+0000] {connection.py:762} INFO - closed
[2024-06-24T14:12:23.380+0000] {connection.py:768} INFO - No async queries seem to be running, deleting session
[2024-06-24T14:12:23.736+0000] {python.py:237} INFO - Done. Returned value was: None
[2024-06-24T14:12:23.739+0000] {taskinstance.py:441} INFO - ::group::Post task execution logs
[2024-06-24T14:12:23.806+0000] {taskinstance.py:1206} INFO - Marking task as SUCCESS. dag_id=ELT-PROJECT, task_id=load.load_suppliers, run_id=manual__2024-06-24T14:11:50.150166+00:00, execution_date=20240624T141150, start_date=20240624T141212, end_date=20240624T141223
[2024-06-24T14:12:23.992+0000] {local_task_job_runner.py:240} INFO - Task exited with return code 0
[2024-06-24T14:12:24.043+0000] {local_task_job_runner.py:222} INFO - ::endgroup::
