[2024-07-14T03:47:19.669+0000] {local_task_job_runner.py:120} INFO - ::group::Pre task execution logs
[2024-07-14T03:47:19.754+0000] {taskinstance.py:2076} INFO - Dependencies all met for dep_context=non-requeueable deps ti=<TaskInstance: ELT-PROJECT.load.load_employee_territories manual__2024-07-14T03:47:05.410676+00:00 [queued]>
[2024-07-14T03:47:19.792+0000] {taskinstance.py:2076} INFO - Dependencies all met for dep_context=requeueable deps ti=<TaskInstance: ELT-PROJECT.load.load_employee_territories manual__2024-07-14T03:47:05.410676+00:00 [queued]>
[2024-07-14T03:47:19.793+0000] {taskinstance.py:2306} INFO - Starting attempt 1 of 2
[2024-07-14T03:47:19.849+0000] {taskinstance.py:2330} INFO - Executing <Task(_PythonDecoratedOperator): load.load_employee_territories> on 2024-07-14 03:47:05.410676+00:00
[2024-07-14T03:47:19.873+0000] {logging_mixin.py:188} WARNING - /home/airflow/.local/lib/python3.12/site-packages/airflow/task/task_runner/standard_task_runner.py:61 DeprecationWarning: This process (pid=8330) is multi-threaded, use of fork() may lead to deadlocks in the child.
[2024-07-14T03:47:19.890+0000] {standard_task_runner.py:63} INFO - Started process 8350 to run task
[2024-07-14T03:47:19.885+0000] {standard_task_runner.py:90} INFO - Running: ['airflow', 'tasks', 'run', 'ELT-PROJECT', 'load.load_employee_territories', 'manual__2024-07-14T03:47:05.410676+00:00', '--job-id', '624', '--raw', '--subdir', 'DAGS_FOLDER/elt.py', '--cfg-path', '/tmp/tmp6xg__j__']
[2024-07-14T03:47:19.896+0000] {standard_task_runner.py:91} INFO - Job 624: Subtask load.load_employee_territories
[2024-07-14T03:47:19.991+0000] {logging_mixin.py:188} WARNING - /home/airflow/.local/lib/python3.12/site-packages/airflow/settings.py:195 DeprecationWarning: The sql_alchemy_conn option in [core] has been moved to the sql_alchemy_conn option in [database] - the old setting has been used, but please update your config.
[2024-07-14T03:47:20.193+0000] {task_command.py:426} INFO - Running <TaskInstance: ELT-PROJECT.load.load_employee_territories manual__2024-07-14T03:47:05.410676+00:00 [running]> on host airflow-scheduler
[2024-07-14T03:47:21.557+0000] {taskinstance.py:2648} INFO - Exporting env vars: AIRFLOW_CTX_DAG_OWNER='Data-Ninja' AIRFLOW_CTX_DAG_ID='ELT-PROJECT' AIRFLOW_CTX_TASK_ID='load.load_employee_territories' AIRFLOW_CTX_EXECUTION_DATE='2024-07-14T03:47:05.410676+00:00' AIRFLOW_CTX_TRY_NUMBER='1' AIRFLOW_CTX_DAG_RUN_ID='manual__2024-07-14T03:47:05.410676+00:00'
[2024-07-14T03:47:21.581+0000] {taskinstance.py:430} INFO - ::endgroup::
[2024-07-14T03:47:21.585+0000] {connection.py:399} INFO - Snowflake Connector for Python Version: 3.10.1, Python Version: 3.12.4, Platform: Linux-5.15.133.1-microsoft-standard-WSL2-x86_64-with-glibc2.36
[2024-07-14T03:47:21.587+0000] {connection.py:1249} INFO - THIS CONNECTION IS IN INSECURE MODE. IT MEANS THE CERTIFICATE WILL BE VALIDATED BUT THE CERTIFICATE REVOCATION STATUS WILL NOT BE CHECKED.
[2024-07-14T03:47:22.049+0000] {ssl_wrap_socket.py:100} INFO - THIS CONNECTION IS IN INSECURE MODE. IT MEANS THE CERTIFICATE WILL BE VALIDATED BUT THE CERTIFICATE REVOCATION STATUS WILL NOT BE CHECKED.
[2024-07-14T03:47:22.564+0000] {logging_mixin.py:188} INFO - Nama kolom di DataFrame: Index(['employeeID', 'territoryID'], dtype='object')
[2024-07-14T03:47:22.981+0000] {cursor.py:1149} INFO - Number of results in first chunk: 1
[2024-07-14T03:47:23.635+0000] {ssl_wrap_socket.py:100} INFO - THIS CONNECTION IS IN INSECURE MODE. IT MEANS THE CERTIFICATE WILL BE VALIDATED BUT THE CERTIFICATE REVOCATION STATUS WILL NOT BE CHECKED.
[2024-07-14T03:47:26.383+0000] {cursor.py:1149} INFO - Number of results in first chunk: 1
[2024-07-14T03:47:27.693+0000] {cursor.py:1149} INFO - Number of results in first chunk: 2
[2024-07-14T03:47:28.092+0000] {cursor.py:1149} INFO - Number of results in first chunk: 1
[2024-07-14T03:47:28.694+0000] {cursor.py:1149} INFO - Number of results in first chunk: 1
[2024-07-14T03:47:30.061+0000] {cursor.py:1149} INFO - Number of results in first chunk: 1
[2024-07-14T03:47:30.065+0000] {logging_mixin.py:188} INFO - Done employee_territories.
[2024-07-14T03:47:30.067+0000] {connection.py:762} INFO - closed
[2024-07-14T03:47:30.577+0000] {connection.py:768} INFO - No async queries seem to be running, deleting session
[2024-07-14T03:47:31.206+0000] {python.py:237} INFO - Done. Returned value was: None
[2024-07-14T03:47:31.214+0000] {taskinstance.py:441} INFO - ::group::Post task execution logs
[2024-07-14T03:47:31.306+0000] {taskinstance.py:1206} INFO - Marking task as SUCCESS. dag_id=ELT-PROJECT, task_id=load.load_employee_territories, run_id=manual__2024-07-14T03:47:05.410676+00:00, execution_date=20240714T034705, start_date=20240714T034719, end_date=20240714T034731
[2024-07-14T03:47:31.410+0000] {local_task_job_runner.py:240} INFO - Task exited with return code 0
[2024-07-14T03:47:31.438+0000] {local_task_job_runner.py:222} INFO - ::endgroup::
