[2024-06-24T13:24:36.430+0000] {local_task_job_runner.py:120} INFO - ::group::Pre task execution logs
[2024-06-24T13:24:36.544+0000] {taskinstance.py:2076} INFO - Dependencies all met for dep_context=non-requeueable deps ti=<TaskInstance: ELT-PROJECT.extract.extract_regions manual__2024-06-24T13:24:24.964468+00:00 [queued]>
[2024-06-24T13:24:36.610+0000] {taskinstance.py:2076} INFO - Dependencies all met for dep_context=requeueable deps ti=<TaskInstance: ELT-PROJECT.extract.extract_regions manual__2024-06-24T13:24:24.964468+00:00 [queued]>
[2024-06-24T13:24:36.611+0000] {taskinstance.py:2306} INFO - Starting attempt 1 of 2
[2024-06-24T13:24:36.673+0000] {taskinstance.py:2330} INFO - Executing <Task(_PythonDecoratedOperator): extract.extract_regions> on 2024-06-24 13:24:24.964468+00:00
[2024-06-24T13:24:36.702+0000] {logging_mixin.py:188} WARNING - /home/airflow/.local/lib/python3.12/site-packages/airflow/task/task_runner/standard_task_runner.py:61 DeprecationWarning: This process (pid=1229) is multi-threaded, use of fork() may lead to deadlocks in the child.
[2024-06-24T13:24:36.710+0000] {standard_task_runner.py:63} INFO - Started process 1253 to run task
[2024-06-24T13:24:36.706+0000] {standard_task_runner.py:90} INFO - Running: ['airflow', 'tasks', 'run', 'ELT-PROJECT', 'extract.extract_regions', 'manual__2024-06-24T13:24:24.964468+00:00', '--job-id', '43', '--raw', '--subdir', 'DAGS_FOLDER/elt.py', '--cfg-path', '/tmp/tmpc7gtn1gg']
[2024-06-24T13:24:36.729+0000] {standard_task_runner.py:91} INFO - Job 43: Subtask extract.extract_regions
[2024-06-24T13:24:36.853+0000] {logging_mixin.py:188} WARNING - /home/airflow/.local/lib/python3.12/site-packages/airflow/settings.py:195 DeprecationWarning: The sql_alchemy_conn option in [core] has been moved to the sql_alchemy_conn option in [database] - the old setting has been used, but please update your config.
[2024-06-24T13:24:37.132+0000] {task_command.py:426} INFO - Running <TaskInstance: ELT-PROJECT.extract.extract_regions manual__2024-06-24T13:24:24.964468+00:00 [running]> on host airflow-scheduler
[2024-06-24T13:24:37.891+0000] {taskinstance.py:2648} INFO - Exporting env vars: AIRFLOW_CTX_DAG_OWNER='Data-Ninja' AIRFLOW_CTX_DAG_ID='ELT-PROJECT' AIRFLOW_CTX_TASK_ID='extract.extract_regions' AIRFLOW_CTX_EXECUTION_DATE='2024-06-24T13:24:24.964468+00:00' AIRFLOW_CTX_TRY_NUMBER='1' AIRFLOW_CTX_DAG_RUN_ID='manual__2024-06-24T13:24:24.964468+00:00'
[2024-06-24T13:24:37.898+0000] {taskinstance.py:430} INFO - ::endgroup::
[2024-06-24T13:24:38.664+0000] {python.py:237} INFO - Done. Returned value was:    regionID regionDescription
0         1           Eastern
1         2           Western
2         3          Northern
3         4          Southern
[2024-06-24T13:24:38.689+0000] {taskinstance.py:441} INFO - ::group::Post task execution logs
[2024-06-24T13:24:40.220+0000] {taskinstance.py:1206} INFO - Marking task as SUCCESS. dag_id=ELT-PROJECT, task_id=extract.extract_regions, run_id=manual__2024-06-24T13:24:24.964468+00:00, execution_date=20240624T132424, start_date=20240624T132436, end_date=20240624T132440
[2024-06-24T13:24:40.354+0000] {local_task_job_runner.py:240} INFO - Task exited with return code 0
[2024-06-24T13:24:40.572+0000] {taskinstance.py:3503} INFO - 1 downstream tasks scheduled from follow-on schedule check
[2024-06-24T13:24:40.583+0000] {local_task_job_runner.py:222} INFO - ::endgroup::
