[2024-07-13T14:26:24.615+0000] {local_task_job_runner.py:120} INFO - ::group::Pre task execution logs
[2024-07-13T14:26:24.762+0000] {taskinstance.py:2076} INFO - Dependencies all met for dep_context=non-requeueable deps ti=<TaskInstance: ELT-PROJECT.extract.extract_order_details scheduled__2024-07-04T00:00:00+00:00 [queued]>
[2024-07-13T14:26:24.814+0000] {taskinstance.py:2076} INFO - Dependencies all met for dep_context=requeueable deps ti=<TaskInstance: ELT-PROJECT.extract.extract_order_details scheduled__2024-07-04T00:00:00+00:00 [queued]>
[2024-07-13T14:26:24.815+0000] {taskinstance.py:2306} INFO - Starting attempt 1 of 2
[2024-07-13T14:26:25.014+0000] {taskinstance.py:2330} INFO - Executing <Task(_PythonDecoratedOperator): extract.extract_order_details> on 2024-07-04 00:00:00+00:00
[2024-07-13T14:26:25.065+0000] {logging_mixin.py:188} WARNING - /home/airflow/.local/lib/python3.12/site-packages/airflow/task/task_runner/standard_task_runner.py:61 DeprecationWarning: This process (pid=4055) is multi-threaded, use of fork() may lead to deadlocks in the child.
[2024-07-13T14:26:25.074+0000] {standard_task_runner.py:63} INFO - Started process 4097 to run task
[2024-07-13T14:26:25.090+0000] {standard_task_runner.py:90} INFO - Running: ['airflow', 'tasks', 'run', 'ELT-PROJECT', 'extract.extract_order_details', 'scheduled__2024-07-04T00:00:00+00:00', '--job-id', '227', '--raw', '--subdir', 'DAGS_FOLDER/elt.py', '--cfg-path', '/tmp/tmpue1dl18l']
[2024-07-13T14:26:25.177+0000] {standard_task_runner.py:91} INFO - Job 227: Subtask extract.extract_order_details
[2024-07-13T14:26:25.287+0000] {logging_mixin.py:188} WARNING - /home/airflow/.local/lib/python3.12/site-packages/airflow/settings.py:195 DeprecationWarning: The sql_alchemy_conn option in [core] has been moved to the sql_alchemy_conn option in [database] - the old setting has been used, but please update your config.
[2024-07-13T14:26:25.614+0000] {task_command.py:426} INFO - Running <TaskInstance: ELT-PROJECT.extract.extract_order_details scheduled__2024-07-04T00:00:00+00:00 [running]> on host airflow-scheduler
[2024-07-13T14:26:26.352+0000] {taskinstance.py:2648} INFO - Exporting env vars: AIRFLOW_CTX_DAG_OWNER='Data-Ninja' AIRFLOW_CTX_DAG_ID='ELT-PROJECT' AIRFLOW_CTX_TASK_ID='extract.extract_order_details' AIRFLOW_CTX_EXECUTION_DATE='2024-07-04T00:00:00+00:00' AIRFLOW_CTX_TRY_NUMBER='1' AIRFLOW_CTX_DAG_RUN_ID='scheduled__2024-07-04T00:00:00+00:00'
[2024-07-13T14:26:26.362+0000] {taskinstance.py:430} INFO - ::endgroup::
[2024-07-13T14:26:26.495+0000] {base.py:84} INFO - Using connection ID 'post_conn' for task execution.
[2024-07-13T14:26:26.735+0000] {taskinstance.py:441} INFO - ::group::Post task execution logs
[2024-07-13T14:26:26.737+0000] {taskinstance.py:2905} ERROR - Task failed with exception
Traceback (most recent call last):
  File "/home/airflow/.local/lib/python3.12/site-packages/airflow/models/taskinstance.py", line 465, in _execute_task
    result = _execute_callable(context=context, **execute_callable_kwargs)
             ^^^^^^^^^^^^^^^^^^^^^^^^^^^^^^^^^^^^^^^^^^^^^^^^^^^^^^^^^^^^^
  File "/home/airflow/.local/lib/python3.12/site-packages/airflow/models/taskinstance.py", line 432, in _execute_callable
    return execute_callable(context=context, **execute_callable_kwargs)
           ^^^^^^^^^^^^^^^^^^^^^^^^^^^^^^^^^^^^^^^^^^^^^^^^^^^^^^^^^^^^
  File "/home/airflow/.local/lib/python3.12/site-packages/airflow/models/baseoperator.py", line 401, in wrapper
    return func(self, *args, **kwargs)
           ^^^^^^^^^^^^^^^^^^^^^^^^^^^
  File "/home/airflow/.local/lib/python3.12/site-packages/airflow/decorators/base.py", line 265, in execute
    return_value = super().execute(context)
                   ^^^^^^^^^^^^^^^^^^^^^^^^
  File "/home/airflow/.local/lib/python3.12/site-packages/airflow/models/baseoperator.py", line 401, in wrapper
    return func(self, *args, **kwargs)
           ^^^^^^^^^^^^^^^^^^^^^^^^^^^
  File "/home/airflow/.local/lib/python3.12/site-packages/airflow/operators/python.py", line 235, in execute
    return_value = self.execute_callable()
                   ^^^^^^^^^^^^^^^^^^^^^^^
  File "/home/airflow/.local/lib/python3.12/site-packages/airflow/operators/python.py", line 252, in execute_callable
    return self.python_callable(*self.op_args, **self.op_kwargs)
           ^^^^^^^^^^^^^^^^^^^^^^^^^^^^^^^^^^^^^^^^^^^^^^^^^^^^^
  File "/opt/airflow/dags/elt.py", line 49, in extract
    return extract_func(
           ^^^^^^^^^^^^^
  File "/opt/airflow/dags/el_module/extractors.py", line 11, in extract_func
    ).get_conn()
      ^^^^^^^^^^
  File "/home/airflow/.local/lib/python3.12/site-packages/airflow/providers/postgres/hooks/postgres.py", line 175, in get_conn
    self.conn = psycopg2.connect(**conn_args)
                ^^^^^^^^^^^^^^^^^^^^^^^^^^^^^
  File "/home/airflow/.local/lib/python3.12/site-packages/psycopg2/__init__.py", line 122, in connect
    conn = _connect(dsn, connection_factory=connection_factory, **kwasync)
           ^^^^^^^^^^^^^^^^^^^^^^^^^^^^^^^^^^^^^^^^^^^^^^^^^^^^^^^^^^^^^^^
psycopg2.OperationalError: connection to server at "ep-bold-forest-89569418.ap-southeast-1.aws.neon.tech" (13.228.184.177), port 5432 failed: ERROR:  password authentication failed for user 'dataninja'
connection to server at "ep-bold-forest-89569418.ap-southeast-1.aws.neon.tech" (13.228.184.177), port 5432 failed: ERROR:  connection is insecure (try using `sslmode=require`)

[2024-07-13T14:26:26.855+0000] {taskinstance.py:1206} INFO - Marking task as UP_FOR_RETRY. dag_id=ELT-PROJECT, task_id=extract.extract_order_details, run_id=scheduled__2024-07-04T00:00:00+00:00, execution_date=20240704T000000, start_date=20240713T142624, end_date=20240713T142626
[2024-07-13T14:26:26.929+0000] {standard_task_runner.py:110} ERROR - Failed to execute job 227 for task extract.extract_order_details (connection to server at "ep-bold-forest-89569418.ap-southeast-1.aws.neon.tech" (13.228.184.177), port 5432 failed: ERROR:  password authentication failed for user 'dataninja'
connection to server at "ep-bold-forest-89569418.ap-southeast-1.aws.neon.tech" (13.228.184.177), port 5432 failed: ERROR:  connection is insecure (try using `sslmode=require`)
; 4097)
[2024-07-13T14:26:27.015+0000] {local_task_job_runner.py:240} INFO - Task exited with return code 1
[2024-07-13T14:26:27.212+0000] {taskinstance.py:3503} INFO - 0 downstream tasks scheduled from follow-on schedule check
[2024-07-13T14:26:27.225+0000] {local_task_job_runner.py:222} INFO - ::endgroup::
[2024-07-14T03:59:05.149+0000] {local_task_job_runner.py:120} INFO - ::group::Pre task execution logs
[2024-07-14T03:59:05.247+0000] {taskinstance.py:2076} INFO - Dependencies all met for dep_context=non-requeueable deps ti=<TaskInstance: ELT-PROJECT.extract.extract_order_details scheduled__2024-07-04T00:00:00+00:00 [queued]>
[2024-07-14T03:59:05.317+0000] {taskinstance.py:2076} INFO - Dependencies all met for dep_context=requeueable deps ti=<TaskInstance: ELT-PROJECT.extract.extract_order_details scheduled__2024-07-04T00:00:00+00:00 [queued]>
[2024-07-14T03:59:05.323+0000] {taskinstance.py:2306} INFO - Starting attempt 1 of 2
[2024-07-14T03:59:05.428+0000] {taskinstance.py:2330} INFO - Executing <Task(_PythonDecoratedOperator): extract.extract_order_details> on 2024-07-04 00:00:00+00:00
[2024-07-14T03:59:05.447+0000] {logging_mixin.py:188} WARNING - /home/airflow/.local/lib/python3.12/site-packages/airflow/task/task_runner/standard_task_runner.py:61 DeprecationWarning: This process (pid=9757) is multi-threaded, use of fork() may lead to deadlocks in the child.
[2024-07-14T03:59:05.455+0000] {standard_task_runner.py:63} INFO - Started process 9794 to run task
[2024-07-14T03:59:05.456+0000] {standard_task_runner.py:90} INFO - Running: ['airflow', 'tasks', 'run', 'ELT-PROJECT', 'extract.extract_order_details', 'scheduled__2024-07-04T00:00:00+00:00', '--job-id', '759', '--raw', '--subdir', 'DAGS_FOLDER/elt.py', '--cfg-path', '/tmp/tmpysdl6rbu']
[2024-07-14T03:59:05.471+0000] {standard_task_runner.py:91} INFO - Job 759: Subtask extract.extract_order_details
[2024-07-14T03:59:05.531+0000] {logging_mixin.py:188} WARNING - /home/airflow/.local/lib/python3.12/site-packages/airflow/settings.py:195 DeprecationWarning: The sql_alchemy_conn option in [core] has been moved to the sql_alchemy_conn option in [database] - the old setting has been used, but please update your config.
[2024-07-14T03:59:05.703+0000] {task_command.py:426} INFO - Running <TaskInstance: ELT-PROJECT.extract.extract_order_details scheduled__2024-07-04T00:00:00+00:00 [running]> on host airflow-scheduler
[2024-07-14T03:59:06.092+0000] {taskinstance.py:2648} INFO - Exporting env vars: AIRFLOW_CTX_DAG_OWNER='Data-Ninja' AIRFLOW_CTX_DAG_ID='ELT-PROJECT' AIRFLOW_CTX_TASK_ID='extract.extract_order_details' AIRFLOW_CTX_EXECUTION_DATE='2024-07-04T00:00:00+00:00' AIRFLOW_CTX_TRY_NUMBER='1' AIRFLOW_CTX_DAG_RUN_ID='scheduled__2024-07-04T00:00:00+00:00'
[2024-07-14T03:59:06.098+0000] {taskinstance.py:430} INFO - ::endgroup::
[2024-07-14T03:59:06.159+0000] {base.py:84} INFO - Using connection ID 'post_conn' for task execution.
[2024-07-14T03:59:06.734+0000] {python.py:237} INFO - Done. Returned value was:       orderID  productID  unitPrice  quantity  discount
0       10248         11      14.00        12      0.00
1       10248         42       9.80        10      0.00
2       10248         72      34.80         5      0.00
3       10249         14      18.60         9      0.00
4       10249         51      42.40        40      0.00
...       ...        ...        ...       ...       ...
2150    11077         64      33.25         2      0.03
2151    11077         66      17.00         1      0.00
2152    11077         73      15.00         2      0.01
2153    11077         75       7.75         4      0.00
2154    11077         77      13.00         2      0.00

[2155 rows x 5 columns]
[2024-07-14T03:59:06.827+0000] {taskinstance.py:441} INFO - ::group::Post task execution logs
[2024-07-14T03:59:07.793+0000] {taskinstance.py:1206} INFO - Marking task as SUCCESS. dag_id=ELT-PROJECT, task_id=extract.extract_order_details, run_id=scheduled__2024-07-04T00:00:00+00:00, execution_date=20240704T000000, start_date=20240714T035905, end_date=20240714T035907
[2024-07-14T03:59:08.250+0000] {local_task_job_runner.py:240} INFO - Task exited with return code 0
[2024-07-14T03:59:08.469+0000] {taskinstance.py:3503} INFO - 1 downstream tasks scheduled from follow-on schedule check
[2024-07-14T03:59:08.477+0000] {local_task_job_runner.py:222} INFO - ::endgroup::
