[2024-06-24T13:16:12.536+0000] {local_task_job_runner.py:120} INFO - ::group::Pre task execution logs
[2024-06-24T13:16:12.684+0000] {taskinstance.py:2076} INFO - Dependencies all met for dep_context=non-requeueable deps ti=<TaskInstance: ELT-PROJECT.load.load_shippers manual__2024-06-24T13:15:08.740845+00:00 [queued]>
[2024-06-24T13:16:12.745+0000] {taskinstance.py:2076} INFO - Dependencies all met for dep_context=requeueable deps ti=<TaskInstance: ELT-PROJECT.load.load_shippers manual__2024-06-24T13:15:08.740845+00:00 [queued]>
[2024-06-24T13:16:12.748+0000] {taskinstance.py:2306} INFO - Starting attempt 1 of 2
[2024-06-24T13:16:12.953+0000] {taskinstance.py:2330} INFO - Executing <Task(_PythonDecoratedOperator): load.load_shippers> on 2024-06-24 13:15:08.740845+00:00
[2024-06-24T13:16:12.994+0000] {logging_mixin.py:188} WARNING - /home/airflow/.local/lib/python3.12/site-packages/airflow/task/task_runner/standard_task_runner.py:61 DeprecationWarning: This process (pid=773) is multi-threaded, use of fork() may lead to deadlocks in the child.
[2024-06-24T13:16:13.009+0000] {standard_task_runner.py:90} INFO - Running: ['airflow', 'tasks', 'run', 'ELT-PROJECT', 'load.load_shippers', 'manual__2024-06-24T13:15:08.740845+00:00', '--job-id', '21', '--raw', '--subdir', 'DAGS_FOLDER/elt.py', '--cfg-path', '/tmp/tmp9eib_k36']
[2024-06-24T13:16:13.016+0000] {standard_task_runner.py:63} INFO - Started process 793 to run task
[2024-06-24T13:16:13.017+0000] {standard_task_runner.py:91} INFO - Job 21: Subtask load.load_shippers
[2024-06-24T13:16:13.145+0000] {logging_mixin.py:188} WARNING - /home/airflow/.local/lib/python3.12/site-packages/airflow/settings.py:195 DeprecationWarning: The sql_alchemy_conn option in [core] has been moved to the sql_alchemy_conn option in [database] - the old setting has been used, but please update your config.
[2024-06-24T13:16:13.572+0000] {task_command.py:426} INFO - Running <TaskInstance: ELT-PROJECT.load.load_shippers manual__2024-06-24T13:15:08.740845+00:00 [running]> on host airflow-scheduler
[2024-06-24T13:16:16.744+0000] {taskinstance.py:2648} INFO - Exporting env vars: AIRFLOW_CTX_DAG_OWNER='Data-Ninja' AIRFLOW_CTX_DAG_ID='ELT-PROJECT' AIRFLOW_CTX_TASK_ID='load.load_shippers' AIRFLOW_CTX_EXECUTION_DATE='2024-06-24T13:15:08.740845+00:00' AIRFLOW_CTX_TRY_NUMBER='1' AIRFLOW_CTX_DAG_RUN_ID='manual__2024-06-24T13:15:08.740845+00:00'
[2024-06-24T13:16:16.749+0000] {taskinstance.py:430} INFO - ::endgroup::
[2024-06-24T13:16:16.767+0000] {connection.py:399} INFO - Snowflake Connector for Python Version: 3.10.1, Python Version: 3.12.4, Platform: Linux-5.15.133.1-microsoft-standard-WSL2-x86_64-with-glibc2.36
[2024-06-24T13:16:16.777+0000] {connection.py:1249} INFO - THIS CONNECTION IS IN INSECURE MODE. IT MEANS THE CERTIFICATE WILL BE VALIDATED BUT THE CERTIFICATE REVOCATION STATUS WILL NOT BE CHECKED.
[2024-06-24T13:16:17.199+0000] {ssl_wrap_socket.py:100} INFO - THIS CONNECTION IS IN INSECURE MODE. IT MEANS THE CERTIFICATE WILL BE VALIDATED BUT THE CERTIFICATE REVOCATION STATUS WILL NOT BE CHECKED.
[2024-06-24T13:16:17.831+0000] {logging_mixin.py:188} INFO - Nama kolom di DataFrame: Index(['shipperID', 'companyName', 'phone'], dtype='object')
[2024-06-24T13:16:18.315+0000] {cursor.py:1149} INFO - Number of results in first chunk: 1
[2024-06-24T13:16:19.083+0000] {ssl_wrap_socket.py:100} INFO - THIS CONNECTION IS IN INSECURE MODE. IT MEANS THE CERTIFICATE WILL BE VALIDATED BUT THE CERTIFICATE REVOCATION STATUS WILL NOT BE CHECKED.
[2024-06-24T13:16:21.737+0000] {cursor.py:1149} INFO - Number of results in first chunk: 1
[2024-06-24T13:16:22.742+0000] {cursor.py:1149} INFO - Number of results in first chunk: 3
[2024-06-24T13:16:23.109+0000] {cursor.py:1149} INFO - Number of results in first chunk: 1
[2024-06-24T13:16:24.046+0000] {cursor.py:1149} INFO - Number of results in first chunk: 1
[2024-06-24T13:16:25.920+0000] {cursor.py:1149} INFO - Number of results in first chunk: 1
[2024-06-24T13:16:25.921+0000] {logging_mixin.py:188} INFO - Done shippers.
[2024-06-24T13:16:25.922+0000] {connection.py:762} INFO - closed
[2024-06-24T13:16:26.272+0000] {connection.py:768} INFO - No async queries seem to be running, deleting session
[2024-06-24T13:16:26.639+0000] {python.py:237} INFO - Done. Returned value was: None
[2024-06-24T13:16:26.642+0000] {taskinstance.py:441} INFO - ::group::Post task execution logs
[2024-06-24T13:16:26.701+0000] {taskinstance.py:1206} INFO - Marking task as SUCCESS. dag_id=ELT-PROJECT, task_id=load.load_shippers, run_id=manual__2024-06-24T13:15:08.740845+00:00, execution_date=20240624T131508, start_date=20240624T131612, end_date=20240624T131626
[2024-06-24T13:16:26.835+0000] {local_task_job_runner.py:240} INFO - Task exited with return code 0
[2024-06-24T13:16:26.879+0000] {local_task_job_runner.py:222} INFO - ::endgroup::
