[2024-07-14T04:14:26.788+0000] {local_task_job_runner.py:120} INFO - ::group::Pre task execution logs
[2024-07-14T04:14:27.005+0000] {taskinstance.py:2076} INFO - Dependencies all met for dep_context=non-requeueable deps ti=<TaskInstance: ELT-PROJECT.transform.raw_orders.run scheduled__2024-07-09T00:00:00+00:00 [queued]>
[2024-07-14T04:14:27.085+0000] {taskinstance.py:2076} INFO - Dependencies all met for dep_context=requeueable deps ti=<TaskInstance: ELT-PROJECT.transform.raw_orders.run scheduled__2024-07-09T00:00:00+00:00 [queued]>
[2024-07-14T04:14:27.090+0000] {taskinstance.py:2306} INFO - Starting attempt 1 of 2
[2024-07-14T04:14:27.185+0000] {taskinstance.py:2330} INFO - Executing <Task(DbtRunLocalOperator): transform.raw_orders.run> on 2024-07-09 00:00:00+00:00
[2024-07-14T04:14:27.237+0000] {logging_mixin.py:188} WARNING - /home/airflow/.local/lib/python3.12/site-packages/airflow/task/task_runner/standard_task_runner.py:61 DeprecationWarning: This process (pid=14877) is multi-threaded, use of fork() may lead to deadlocks in the child.
[2024-07-14T04:14:27.226+0000] {standard_task_runner.py:90} INFO - Running: ['airflow', 'tasks', 'run', 'ELT-PROJECT', 'transform.raw_orders.run', 'scheduled__2024-07-09T00:00:00+00:00', '--job-id', '1199', '--raw', '--subdir', 'DAGS_FOLDER/elt.py', '--cfg-path', '/tmp/tmpke_zz12o']
[2024-07-14T04:14:27.246+0000] {standard_task_runner.py:63} INFO - Started process 14897 to run task
[2024-07-14T04:14:27.248+0000] {standard_task_runner.py:91} INFO - Job 1199: Subtask transform.raw_orders.run
[2024-07-14T04:14:27.327+0000] {logging_mixin.py:188} WARNING - /home/airflow/.local/lib/python3.12/site-packages/airflow/settings.py:195 DeprecationWarning: The sql_alchemy_conn option in [core] has been moved to the sql_alchemy_conn option in [database] - the old setting has been used, but please update your config.
[2024-07-14T04:14:27.598+0000] {task_command.py:426} INFO - Running <TaskInstance: ELT-PROJECT.transform.raw_orders.run scheduled__2024-07-09T00:00:00+00:00 [running]> on host airflow-scheduler
[2024-07-14T04:14:28.199+0000] {taskinstance.py:2648} INFO - Exporting env vars: AIRFLOW_CTX_DAG_OWNER='Data-Ninja' AIRFLOW_CTX_DAG_ID='ELT-PROJECT' AIRFLOW_CTX_TASK_ID='transform.raw_orders.run' AIRFLOW_CTX_EXECUTION_DATE='2024-07-09T00:00:00+00:00' AIRFLOW_CTX_TRY_NUMBER='1' AIRFLOW_CTX_DAG_RUN_ID='scheduled__2024-07-09T00:00:00+00:00'
[2024-07-14T04:14:28.203+0000] {taskinstance.py:430} INFO - ::endgroup::
[2024-07-14T04:14:28.207+0000] {local.py:174} INFO - Could not import dbtRunner. Falling back to subprocess for invoking dbt.
[2024-07-14T04:14:28.210+0000] {local.py:292} INFO - Cloning project to writable temp directory /tmp/tmpppodabwg from /opt/airflow/dags/dbt/dbt_project
[2024-07-14T04:14:28.224+0000] {local.py:303} INFO - Partial parse is enabled and the latest partial parse file is /tmp/cosmos/ELT-PROJECT__transform/target/partial_parse.msgpack
[2024-07-14T04:14:28.431+0000] {base.py:84} INFO - Using connection ID 'snow_conn' for task execution.
[2024-07-14T04:14:28.433+0000] {crypto.py:82} WARNING - empty cryptography key - values will not be stored encrypted.
[2024-07-14T04:14:28.434+0000] {config.py:298} INFO - Profile caching is enable.
[2024-07-14T04:14:28.459+0000] {config.py:272} INFO - Profile found in cache using profile: /tmp/cosmos/profile/a0017dab0633177292578162811b91dcb9c56d6e54017e9660056cc364a762ad/profiles.yml.
[2024-07-14T04:14:28.464+0000] {local.py:247} INFO - Trying to run the command:
 ['/opt/airflow/dbt_venv/bin/dbt', 'deps', '--project-dir', '/tmp/tmpppodabwg', '--profiles-dir', '/tmp/cosmos/profile/a0017dab0633177292578162811b91dcb9c56d6e54017e9660056cc364a762ad', '--profile', 'dbt_project', '--target', 'dev']
From /tmp/tmpppodabwg
[2024-07-14T04:14:28.469+0000] {subprocess.py:60} INFO - Tmp dir root location: 
 /tmp
[2024-07-14T04:14:28.471+0000] {subprocess.py:73} INFO - Running command: ['/opt/airflow/dbt_venv/bin/dbt', 'deps', '--project-dir', '/tmp/tmpppodabwg', '--profiles-dir', '/tmp/cosmos/profile/a0017dab0633177292578162811b91dcb9c56d6e54017e9660056cc364a762ad', '--profile', 'dbt_project', '--target', 'dev']
[2024-07-14T04:14:28.545+0000] {subprocess.py:84} INFO - Command output:
[2024-07-14T04:14:43.056+0000] {subprocess.py:94} INFO - [0m04:14:43  Running with dbt=1.8.3
[2024-07-14T04:14:45.473+0000] {subprocess.py:94} INFO - [0m04:14:45  Updating lock file in file path: /tmp/tmpppodabwg/package-lock.yml
[2024-07-14T04:14:45.517+0000] {subprocess.py:94} INFO - [0m04:14:45  Installing dbt-labs/dbt_utils
[2024-07-14T04:14:46.235+0000] {subprocess.py:94} INFO - [0m04:14:46  Installed from version 0.8.6
[2024-07-14T04:14:46.264+0000] {subprocess.py:94} INFO - [0m04:14:46  Updated version available: 1.2.0
[2024-07-14T04:14:46.271+0000] {subprocess.py:94} INFO - [0m04:14:46
[2024-07-14T04:14:46.277+0000] {subprocess.py:94} INFO - [0m04:14:46  Updates available for packages: ['dbt-labs/dbt_utils']
[2024-07-14T04:14:46.281+0000] {subprocess.py:94} INFO - Update your versions in packages.yml, then run dbt deps
[2024-07-14T04:14:48.160+0000] {subprocess.py:98} INFO - Command exited with return code 0
[2024-07-14T04:14:48.165+0000] {local.py:254} INFO - Update your versions in packages.yml, then run dbt deps
[2024-07-14T04:14:48.168+0000] {local.py:247} INFO - Trying to run the command:
 ['/opt/airflow/dbt_venv/bin/dbt', 'run', '--models', 'raw_orders', '--project-dir', '/tmp/tmpppodabwg', '--profiles-dir', '/tmp/cosmos/profile/a0017dab0633177292578162811b91dcb9c56d6e54017e9660056cc364a762ad', '--profile', 'dbt_project', '--target', 'dev']
From /tmp/tmpppodabwg
[2024-07-14T04:14:48.172+0000] {subprocess.py:60} INFO - Tmp dir root location: 
 /tmp
[2024-07-14T04:14:48.180+0000] {subprocess.py:73} INFO - Running command: ['/opt/airflow/dbt_venv/bin/dbt', 'run', '--models', 'raw_orders', '--project-dir', '/tmp/tmpppodabwg', '--profiles-dir', '/tmp/cosmos/profile/a0017dab0633177292578162811b91dcb9c56d6e54017e9660056cc364a762ad', '--profile', 'dbt_project', '--target', 'dev']
[2024-07-14T04:14:48.248+0000] {subprocess.py:84} INFO - Command output:
[2024-07-14T04:15:02.939+0000] {subprocess.py:94} INFO - [0m04:15:02  Running with dbt=1.8.3
[2024-07-14T04:15:06.646+0000] {subprocess.py:94} INFO - [0m04:15:06  Registered adapter: snowflake=1.8.3
[2024-07-14T04:15:10.474+0000] {subprocess.py:94} INFO - [0m04:15:10  Found 20 models, 27 data tests, 11 sources, 684 macros
[2024-07-14T04:15:10.490+0000] {subprocess.py:94} INFO - [0m04:15:10
[2024-07-14T04:15:19.898+0000] {subprocess.py:94} INFO - [0m04:15:19  Concurrency: 1 threads (target='dev')
[2024-07-14T04:15:19.940+0000] {subprocess.py:94} INFO - [0m04:15:19
[2024-07-14T04:15:19.996+0000] {subprocess.py:94} INFO - [0m04:15:19  1 of 1 START sql table model raw.raw_orders .................................... [RUN]
[2024-07-14T04:15:22.484+0000] {subprocess.py:94} INFO - [0m04:15:22  1 of 1 OK created sql table model raw.raw_orders ............................... [[32mSUCCESS 1[0m in 2.47s]
[2024-07-14T04:15:22.528+0000] {subprocess.py:94} INFO - [0m04:15:22
[2024-07-14T04:15:22.533+0000] {subprocess.py:94} INFO - [0m04:15:22  Finished running 1 table model in 0 hours 0 minutes and 12.03 seconds (12.03s).
[2024-07-14T04:15:23.210+0000] {subprocess.py:94} INFO - [0m04:15:23
[2024-07-14T04:15:23.215+0000] {subprocess.py:94} INFO - [0m04:15:23  [32mCompleted successfully[0m
[2024-07-14T04:15:23.219+0000] {subprocess.py:94} INFO - [0m04:15:23
[2024-07-14T04:15:23.224+0000] {subprocess.py:94} INFO - [0m04:15:23  Done. PASS=1 WARN=0 ERROR=0 SKIP=0 TOTAL=1
[2024-07-14T04:15:27.355+0000] {subprocess.py:98} INFO - Command exited with return code 0
[2024-07-14T04:15:27.358+0000] {local.py:254} INFO - [0m04:15:23  Done. PASS=1 WARN=0 ERROR=0 SKIP=0 TOTAL=1
[2024-07-14T04:15:28.599+0000] {local.py:196} WARNING - Artifact schema version: https://schemas.getdbt.com/dbt/manifest/v12.json is above dbt-ol supported version 7. This might cause errors.
[2024-07-14T04:15:28.620+0000] {local.py:196} WARNING - Artifact schema version: https://schemas.getdbt.com/dbt/run-results/v6.json is above dbt-ol supported version 5. This might cause errors.
[2024-07-14T04:15:28.661+0000] {local.py:349} INFO - Inlets: [Dataset(uri='snowflake://OU00370.europe-west2.gcp/ELT_BATCH.PUBLIC.orders', extra=None)]
[2024-07-14T04:15:28.665+0000] {local.py:350} INFO - Outlets: [Dataset(uri='snowflake://OU00370.europe-west2.gcp/ELT_BATCH.raw.raw_orders', extra=None)]
[2024-07-14T04:15:28.679+0000] {dag.py:3096} INFO - Sync 1 DAGs
[2024-07-14T04:15:29.051+0000] {taskinstance.py:441} INFO - ::group::Post task execution logs
[2024-07-14T04:15:29.299+0000] {taskinstance.py:1206} INFO - Marking task as SUCCESS. dag_id=ELT-PROJECT, task_id=transform.raw_orders.run, run_id=scheduled__2024-07-09T00:00:00+00:00, execution_date=20240709T000000, start_date=20240714T041427, end_date=20240714T041529
[2024-07-14T04:15:29.510+0000] {local_task_job_runner.py:240} INFO - Task exited with return code 0
[2024-07-14T04:15:29.549+0000] {local_task_job_runner.py:222} INFO - ::endgroup::
