[2024-07-14T04:34:53.273+0000] {local_task_job_runner.py:120} INFO - ::group::Pre task execution logs
[2024-07-14T04:34:53.512+0000] {taskinstance.py:2076} INFO - Dependencies all met for dep_context=non-requeueable deps ti=<TaskInstance: ELT-PROJECT.transform.raw_territories.run scheduled__2024-07-03T00:00:00+00:00 [queued]>
[2024-07-14T04:34:53.687+0000] {taskinstance.py:2076} INFO - Dependencies all met for dep_context=requeueable deps ti=<TaskInstance: ELT-PROJECT.transform.raw_territories.run scheduled__2024-07-03T00:00:00+00:00 [queued]>
[2024-07-14T04:34:53.698+0000] {taskinstance.py:2306} INFO - Starting attempt 1 of 2
[2024-07-14T04:34:54.175+0000] {taskinstance.py:2330} INFO - Executing <Task(DbtRunLocalOperator): transform.raw_territories.run> on 2024-07-03 00:00:00+00:00
[2024-07-14T04:34:54.208+0000] {logging_mixin.py:188} WARNING - /home/airflow/.local/lib/python3.12/site-packages/airflow/task/task_runner/standard_task_runner.py:61 DeprecationWarning: This process (pid=19041) is multi-threaded, use of fork() may lead to deadlocks in the child.
[2024-07-14T04:34:54.226+0000] {standard_task_runner.py:63} INFO - Started process 19072 to run task
[2024-07-14T04:34:54.226+0000] {standard_task_runner.py:90} INFO - Running: ['airflow', 'tasks', 'run', 'ELT-PROJECT', 'transform.raw_territories.run', 'scheduled__2024-07-03T00:00:00+00:00', '--job-id', '1450', '--raw', '--subdir', 'DAGS_FOLDER/elt.py', '--cfg-path', '/tmp/tmppfw1r8yr']
[2024-07-14T04:34:54.241+0000] {standard_task_runner.py:91} INFO - Job 1450: Subtask transform.raw_territories.run
[2024-07-14T04:34:54.357+0000] {logging_mixin.py:188} WARNING - /home/airflow/.local/lib/python3.12/site-packages/airflow/settings.py:195 DeprecationWarning: The sql_alchemy_conn option in [core] has been moved to the sql_alchemy_conn option in [database] - the old setting has been used, but please update your config.
[2024-07-14T04:34:54.590+0000] {task_command.py:426} INFO - Running <TaskInstance: ELT-PROJECT.transform.raw_territories.run scheduled__2024-07-03T00:00:00+00:00 [running]> on host airflow-scheduler
[2024-07-14T04:34:55.029+0000] {taskinstance.py:2648} INFO - Exporting env vars: AIRFLOW_CTX_DAG_OWNER='Data-Ninja' AIRFLOW_CTX_DAG_ID='ELT-PROJECT' AIRFLOW_CTX_TASK_ID='transform.raw_territories.run' AIRFLOW_CTX_EXECUTION_DATE='2024-07-03T00:00:00+00:00' AIRFLOW_CTX_TRY_NUMBER='1' AIRFLOW_CTX_DAG_RUN_ID='scheduled__2024-07-03T00:00:00+00:00'
[2024-07-14T04:34:55.041+0000] {taskinstance.py:430} INFO - ::endgroup::
[2024-07-14T04:34:55.079+0000] {local.py:174} INFO - Could not import dbtRunner. Falling back to subprocess for invoking dbt.
[2024-07-14T04:34:55.103+0000] {local.py:292} INFO - Cloning project to writable temp directory /tmp/tmpkxs_n2qq from /opt/airflow/dags/dbt/dbt_project
[2024-07-14T04:34:55.123+0000] {local.py:303} INFO - Partial parse is enabled and the latest partial parse file is /tmp/cosmos/ELT-PROJECT__transform/target/partial_parse.msgpack
[2024-07-14T04:34:55.402+0000] {base.py:84} INFO - Using connection ID 'snow_conn' for task execution.
[2024-07-14T04:34:55.404+0000] {crypto.py:82} WARNING - empty cryptography key - values will not be stored encrypted.
[2024-07-14T04:34:55.405+0000] {config.py:298} INFO - Profile caching is enable.
[2024-07-14T04:34:55.419+0000] {config.py:272} INFO - Profile found in cache using profile: /tmp/cosmos/profile/a0017dab0633177292578162811b91dcb9c56d6e54017e9660056cc364a762ad/profiles.yml.
[2024-07-14T04:34:55.438+0000] {local.py:247} INFO - Trying to run the command:
 ['/opt/airflow/dbt_venv/bin/dbt', 'deps', '--project-dir', '/tmp/tmpkxs_n2qq', '--profiles-dir', '/tmp/cosmos/profile/a0017dab0633177292578162811b91dcb9c56d6e54017e9660056cc364a762ad', '--profile', 'dbt_project', '--target', 'dev']
From /tmp/tmpkxs_n2qq
[2024-07-14T04:34:55.441+0000] {subprocess.py:60} INFO - Tmp dir root location: 
 /tmp
[2024-07-14T04:34:55.451+0000] {subprocess.py:73} INFO - Running command: ['/opt/airflow/dbt_venv/bin/dbt', 'deps', '--project-dir', '/tmp/tmpkxs_n2qq', '--profiles-dir', '/tmp/cosmos/profile/a0017dab0633177292578162811b91dcb9c56d6e54017e9660056cc364a762ad', '--profile', 'dbt_project', '--target', 'dev']
[2024-07-14T04:34:55.578+0000] {subprocess.py:84} INFO - Command output:
[2024-07-14T04:35:13.607+0000] {subprocess.py:94} INFO - [0m04:35:13  Running with dbt=1.8.3
[2024-07-14T04:35:15.217+0000] {subprocess.py:94} INFO - [0m04:35:15  Updating lock file in file path: /tmp/tmpkxs_n2qq/package-lock.yml
[2024-07-14T04:35:15.272+0000] {subprocess.py:94} INFO - [0m04:35:15  Installing dbt-labs/dbt_utils
[2024-07-14T04:35:15.976+0000] {subprocess.py:94} INFO - [0m04:35:15  Installed from version 0.8.6
[2024-07-14T04:35:15.980+0000] {subprocess.py:94} INFO - [0m04:35:15  Updated version available: 1.2.0
[2024-07-14T04:35:16.008+0000] {subprocess.py:94} INFO - [0m04:35:16
[2024-07-14T04:35:16.012+0000] {subprocess.py:94} INFO - [0m04:35:16  Updates available for packages: ['dbt-labs/dbt_utils']
[2024-07-14T04:35:16.014+0000] {subprocess.py:94} INFO - Update your versions in packages.yml, then run dbt deps
[2024-07-14T04:35:22.126+0000] {subprocess.py:98} INFO - Command exited with return code 0
[2024-07-14T04:35:22.135+0000] {local.py:254} INFO - Update your versions in packages.yml, then run dbt deps
[2024-07-14T04:35:22.138+0000] {local.py:247} INFO - Trying to run the command:
 ['/opt/airflow/dbt_venv/bin/dbt', 'run', '--models', 'raw_territories', '--project-dir', '/tmp/tmpkxs_n2qq', '--profiles-dir', '/tmp/cosmos/profile/a0017dab0633177292578162811b91dcb9c56d6e54017e9660056cc364a762ad', '--profile', 'dbt_project', '--target', 'dev']
From /tmp/tmpkxs_n2qq
[2024-07-14T04:35:22.150+0000] {subprocess.py:60} INFO - Tmp dir root location: 
 /tmp
[2024-07-14T04:35:22.155+0000] {subprocess.py:73} INFO - Running command: ['/opt/airflow/dbt_venv/bin/dbt', 'run', '--models', 'raw_territories', '--project-dir', '/tmp/tmpkxs_n2qq', '--profiles-dir', '/tmp/cosmos/profile/a0017dab0633177292578162811b91dcb9c56d6e54017e9660056cc364a762ad', '--profile', 'dbt_project', '--target', 'dev']
[2024-07-14T04:35:22.242+0000] {subprocess.py:84} INFO - Command output:
[2024-07-14T04:35:39.299+0000] {subprocess.py:94} INFO - [0m04:35:39  Running with dbt=1.8.3
[2024-07-14T04:35:43.336+0000] {subprocess.py:94} INFO - [0m04:35:43  Registered adapter: snowflake=1.8.3
[2024-07-14T04:35:48.517+0000] {subprocess.py:94} INFO - [0m04:35:48  Found 20 models, 27 data tests, 11 sources, 684 macros
[2024-07-14T04:35:48.531+0000] {subprocess.py:94} INFO - [0m04:35:48
[2024-07-14T04:35:57.545+0000] {subprocess.py:94} INFO - [0m04:35:57  Concurrency: 1 threads (target='dev')
[2024-07-14T04:35:57.549+0000] {subprocess.py:94} INFO - [0m04:35:57
[2024-07-14T04:35:57.651+0000] {subprocess.py:94} INFO - [0m04:35:57  1 of 1 START sql table model raw.raw_territories ............................... [RUN]
[2024-07-14T04:36:01.363+0000] {subprocess.py:94} INFO - [0m04:36:01  1 of 1 OK created sql table model raw.raw_territories .......................... [[32mSUCCESS 1[0m in 3.69s]
[2024-07-14T04:36:01.386+0000] {subprocess.py:94} INFO - [0m04:36:01
[2024-07-14T04:36:01.399+0000] {subprocess.py:94} INFO - [0m04:36:01  Finished running 1 table model in 0 hours 0 minutes and 12.86 seconds (12.86s).
[2024-07-14T04:36:02.515+0000] {subprocess.py:94} INFO - [0m04:36:02
[2024-07-14T04:36:02.528+0000] {subprocess.py:94} INFO - [0m04:36:02  [32mCompleted successfully[0m
[2024-07-14T04:36:02.547+0000] {subprocess.py:94} INFO - [0m04:36:02
[2024-07-14T04:36:02.551+0000] {subprocess.py:94} INFO - [0m04:36:02  Done. PASS=1 WARN=0 ERROR=0 SKIP=0 TOTAL=1
[2024-07-14T04:36:05.871+0000] {subprocess.py:98} INFO - Command exited with return code 0
[2024-07-14T04:36:05.873+0000] {local.py:254} INFO - [0m04:36:02  Done. PASS=1 WARN=0 ERROR=0 SKIP=0 TOTAL=1
[2024-07-14T04:36:07.173+0000] {local.py:196} WARNING - Artifact schema version: https://schemas.getdbt.com/dbt/manifest/v12.json is above dbt-ol supported version 7. This might cause errors.
[2024-07-14T04:36:07.187+0000] {local.py:196} WARNING - Artifact schema version: https://schemas.getdbt.com/dbt/run-results/v6.json is above dbt-ol supported version 5. This might cause errors.
[2024-07-14T04:36:07.204+0000] {local.py:349} INFO - Inlets: [Dataset(uri='snowflake://OU00370.europe-west2.gcp/ELT_BATCH.PUBLIC.territories', extra=None)]
[2024-07-14T04:36:07.216+0000] {local.py:350} INFO - Outlets: [Dataset(uri='snowflake://OU00370.europe-west2.gcp/ELT_BATCH.raw.raw_territories', extra=None)]
[2024-07-14T04:36:07.232+0000] {dag.py:3096} INFO - Sync 1 DAGs
[2024-07-14T04:36:07.786+0000] {taskinstance.py:441} INFO - ::group::Post task execution logs
[2024-07-14T04:36:08.076+0000] {taskinstance.py:1206} INFO - Marking task as SUCCESS. dag_id=ELT-PROJECT, task_id=transform.raw_territories.run, run_id=scheduled__2024-07-03T00:00:00+00:00, execution_date=20240703T000000, start_date=20240714T043453, end_date=20240714T043608
[2024-07-14T04:36:08.567+0000] {local_task_job_runner.py:240} INFO - Task exited with return code 0
[2024-07-14T04:36:08.939+0000] {taskinstance.py:3503} INFO - 1 downstream tasks scheduled from follow-on schedule check
[2024-07-14T04:36:08.973+0000] {local_task_job_runner.py:222} INFO - ::endgroup::
