[2024-07-14T04:23:24.738+0000] {local_task_job_runner.py:120} INFO - ::group::Pre task execution logs
[2024-07-14T04:23:24.934+0000] {taskinstance.py:2076} INFO - Dependencies all met for dep_context=non-requeueable deps ti=<TaskInstance: ELT-PROJECT.transform.dim_products.run scheduled__2024-07-01T00:00:00+00:00 [queued]>
[2024-07-14T04:23:25.009+0000] {taskinstance.py:2076} INFO - Dependencies all met for dep_context=requeueable deps ti=<TaskInstance: ELT-PROJECT.transform.dim_products.run scheduled__2024-07-01T00:00:00+00:00 [queued]>
[2024-07-14T04:23:25.020+0000] {taskinstance.py:2306} INFO - Starting attempt 1 of 2
[2024-07-14T04:23:25.210+0000] {taskinstance.py:2330} INFO - Executing <Task(DbtRunLocalOperator): transform.dim_products.run> on 2024-07-01 00:00:00+00:00
[2024-07-14T04:23:25.302+0000] {logging_mixin.py:188} WARNING - /home/airflow/.local/lib/python3.12/site-packages/airflow/task/task_runner/standard_task_runner.py:61 DeprecationWarning: This process (pid=16718) is multi-threaded, use of fork() may lead to deadlocks in the child.
[2024-07-14T04:23:25.263+0000] {standard_task_runner.py:90} INFO - Running: ['airflow', 'tasks', 'run', 'ELT-PROJECT', 'transform.dim_products.run', 'scheduled__2024-07-01T00:00:00+00:00', '--job-id', '1308', '--raw', '--subdir', 'DAGS_FOLDER/elt.py', '--cfg-path', '/tmp/tmpha1sf1nz']
[2024-07-14T04:23:25.312+0000] {standard_task_runner.py:63} INFO - Started process 16739 to run task
[2024-07-14T04:23:25.313+0000] {standard_task_runner.py:91} INFO - Job 1308: Subtask transform.dim_products.run
[2024-07-14T04:23:25.519+0000] {logging_mixin.py:188} WARNING - /home/airflow/.local/lib/python3.12/site-packages/airflow/settings.py:195 DeprecationWarning: The sql_alchemy_conn option in [core] has been moved to the sql_alchemy_conn option in [database] - the old setting has been used, but please update your config.
[2024-07-14T04:23:25.828+0000] {task_command.py:426} INFO - Running <TaskInstance: ELT-PROJECT.transform.dim_products.run scheduled__2024-07-01T00:00:00+00:00 [running]> on host airflow-scheduler
[2024-07-14T04:23:26.460+0000] {taskinstance.py:2648} INFO - Exporting env vars: AIRFLOW_CTX_DAG_OWNER='Data-Ninja' AIRFLOW_CTX_DAG_ID='ELT-PROJECT' AIRFLOW_CTX_TASK_ID='transform.dim_products.run' AIRFLOW_CTX_EXECUTION_DATE='2024-07-01T00:00:00+00:00' AIRFLOW_CTX_TRY_NUMBER='1' AIRFLOW_CTX_DAG_RUN_ID='scheduled__2024-07-01T00:00:00+00:00'
[2024-07-14T04:23:26.464+0000] {taskinstance.py:430} INFO - ::endgroup::
[2024-07-14T04:23:26.476+0000] {local.py:174} INFO - Could not import dbtRunner. Falling back to subprocess for invoking dbt.
[2024-07-14T04:23:26.498+0000] {local.py:292} INFO - Cloning project to writable temp directory /tmp/tmpxq21iys4 from /opt/airflow/dags/dbt/dbt_project
[2024-07-14T04:23:26.520+0000] {local.py:303} INFO - Partial parse is enabled and the latest partial parse file is /tmp/cosmos/ELT-PROJECT__transform/target/partial_parse.msgpack
[2024-07-14T04:23:26.676+0000] {base.py:84} INFO - Using connection ID 'snow_conn' for task execution.
[2024-07-14T04:23:26.700+0000] {crypto.py:82} WARNING - empty cryptography key - values will not be stored encrypted.
[2024-07-14T04:23:26.723+0000] {config.py:298} INFO - Profile caching is enable.
[2024-07-14T04:23:26.729+0000] {config.py:272} INFO - Profile found in cache using profile: /tmp/cosmos/profile/a0017dab0633177292578162811b91dcb9c56d6e54017e9660056cc364a762ad/profiles.yml.
[2024-07-14T04:23:26.746+0000] {local.py:247} INFO - Trying to run the command:
 ['/opt/airflow/dbt_venv/bin/dbt', 'deps', '--project-dir', '/tmp/tmpxq21iys4', '--profiles-dir', '/tmp/cosmos/profile/a0017dab0633177292578162811b91dcb9c56d6e54017e9660056cc364a762ad', '--profile', 'dbt_project', '--target', 'dev']
From /tmp/tmpxq21iys4
[2024-07-14T04:23:26.751+0000] {subprocess.py:60} INFO - Tmp dir root location: 
 /tmp
[2024-07-14T04:23:26.781+0000] {subprocess.py:73} INFO - Running command: ['/opt/airflow/dbt_venv/bin/dbt', 'deps', '--project-dir', '/tmp/tmpxq21iys4', '--profiles-dir', '/tmp/cosmos/profile/a0017dab0633177292578162811b91dcb9c56d6e54017e9660056cc364a762ad', '--profile', 'dbt_project', '--target', 'dev']
[2024-07-14T04:23:26.902+0000] {subprocess.py:84} INFO - Command output:
[2024-07-14T04:23:41.676+0000] {subprocess.py:94} INFO - [0m04:23:41  Running with dbt=1.8.3
[2024-07-14T04:23:43.677+0000] {subprocess.py:94} INFO - [0m04:23:43  Updating lock file in file path: /tmp/tmpxq21iys4/package-lock.yml
[2024-07-14T04:23:43.728+0000] {subprocess.py:94} INFO - [0m04:23:43  Installing dbt-labs/dbt_utils
[2024-07-14T04:23:45.680+0000] {subprocess.py:94} INFO - [0m04:23:45  Installed from version 0.8.6
[2024-07-14T04:23:45.688+0000] {subprocess.py:94} INFO - [0m04:23:45  Updated version available: 1.2.0
[2024-07-14T04:23:45.707+0000] {subprocess.py:94} INFO - [0m04:23:45
[2024-07-14T04:23:45.719+0000] {subprocess.py:94} INFO - [0m04:23:45  Updates available for packages: ['dbt-labs/dbt_utils']
[2024-07-14T04:23:45.726+0000] {subprocess.py:94} INFO - Update your versions in packages.yml, then run dbt deps
[2024-07-14T04:23:48.993+0000] {subprocess.py:98} INFO - Command exited with return code 0
[2024-07-14T04:23:48.998+0000] {local.py:254} INFO - Update your versions in packages.yml, then run dbt deps
[2024-07-14T04:23:49.005+0000] {local.py:247} INFO - Trying to run the command:
 ['/opt/airflow/dbt_venv/bin/dbt', 'run', '--models', 'dim_products', '--project-dir', '/tmp/tmpxq21iys4', '--profiles-dir', '/tmp/cosmos/profile/a0017dab0633177292578162811b91dcb9c56d6e54017e9660056cc364a762ad', '--profile', 'dbt_project', '--target', 'dev']
From /tmp/tmpxq21iys4
[2024-07-14T04:23:49.008+0000] {subprocess.py:60} INFO - Tmp dir root location: 
 /tmp
[2024-07-14T04:23:49.015+0000] {subprocess.py:73} INFO - Running command: ['/opt/airflow/dbt_venv/bin/dbt', 'run', '--models', 'dim_products', '--project-dir', '/tmp/tmpxq21iys4', '--profiles-dir', '/tmp/cosmos/profile/a0017dab0633177292578162811b91dcb9c56d6e54017e9660056cc364a762ad', '--profile', 'dbt_project', '--target', 'dev']
[2024-07-14T04:23:49.094+0000] {subprocess.py:84} INFO - Command output:
[2024-07-14T04:24:00.937+0000] {subprocess.py:94} INFO - [0m04:24:00  Running with dbt=1.8.3
[2024-07-14T04:24:03.761+0000] {subprocess.py:94} INFO - [0m04:24:03  Registered adapter: snowflake=1.8.3
[2024-07-14T04:24:09.751+0000] {subprocess.py:94} INFO - [0m04:24:09  Found 20 models, 27 data tests, 11 sources, 684 macros
[2024-07-14T04:24:09.811+0000] {subprocess.py:94} INFO - [0m04:24:09
[2024-07-14T04:24:18.362+0000] {subprocess.py:94} INFO - [0m04:24:18  Concurrency: 1 threads (target='dev')
[2024-07-14T04:24:18.370+0000] {subprocess.py:94} INFO - [0m04:24:18
[2024-07-14T04:24:18.486+0000] {subprocess.py:94} INFO - [0m04:24:18  1 of 1 START sql table model dwh.dim_products .................................. [RUN]
[2024-07-14T04:24:21.511+0000] {subprocess.py:94} INFO - [0m04:24:21  1 of 1 OK created sql table model dwh.dim_products ............................. [[32mSUCCESS 1[0m in 3.00s]
[2024-07-14T04:24:21.534+0000] {subprocess.py:94} INFO - [0m04:24:21
[2024-07-14T04:24:21.536+0000] {subprocess.py:94} INFO - [0m04:24:21  Finished running 1 table model in 0 hours 0 minutes and 11.71 seconds (11.71s).
[2024-07-14T04:24:22.887+0000] {subprocess.py:94} INFO - [0m04:24:22
[2024-07-14T04:24:22.910+0000] {subprocess.py:94} INFO - [0m04:24:22  [32mCompleted successfully[0m
[2024-07-14T04:24:22.914+0000] {subprocess.py:94} INFO - [0m04:24:22
[2024-07-14T04:24:22.919+0000] {subprocess.py:94} INFO - [0m04:24:22  Done. PASS=1 WARN=0 ERROR=0 SKIP=0 TOTAL=1
[2024-07-14T04:24:26.215+0000] {subprocess.py:98} INFO - Command exited with return code 0
[2024-07-14T04:24:26.217+0000] {local.py:254} INFO - [0m04:24:22  Done. PASS=1 WARN=0 ERROR=0 SKIP=0 TOTAL=1
[2024-07-14T04:24:27.400+0000] {local.py:196} WARNING - Artifact schema version: https://schemas.getdbt.com/dbt/manifest/v12.json is above dbt-ol supported version 7. This might cause errors.
[2024-07-14T04:24:27.405+0000] {local.py:196} WARNING - Artifact schema version: https://schemas.getdbt.com/dbt/run-results/v6.json is above dbt-ol supported version 5. This might cause errors.
[2024-07-14T04:24:27.456+0000] {local.py:349} INFO - Inlets: [Dataset(uri='snowflake://OU00370.europe-west2.gcp/ELT_BATCH.dwh.dim_categories', extra=None), Dataset(uri='snowflake://OU00370.europe-west2.gcp/ELT_BATCH.dwh.dim_suppliers', extra=None), Dataset(uri='snowflake://OU00370.europe-west2.gcp/ELT_BATCH.raw.raw_products', extra=None)]
[2024-07-14T04:24:27.462+0000] {local.py:350} INFO - Outlets: [Dataset(uri='snowflake://OU00370.europe-west2.gcp/ELT_BATCH.dwh.dim_products', extra=None)]
[2024-07-14T04:24:27.482+0000] {dag.py:3096} INFO - Sync 1 DAGs
[2024-07-14T04:24:28.209+0000] {taskinstance.py:441} INFO - ::group::Post task execution logs
[2024-07-14T04:24:28.518+0000] {taskinstance.py:1206} INFO - Marking task as SUCCESS. dag_id=ELT-PROJECT, task_id=transform.dim_products.run, run_id=scheduled__2024-07-01T00:00:00+00:00, execution_date=20240701T000000, start_date=20240714T042324, end_date=20240714T042428
[2024-07-14T04:24:29.640+0000] {local_task_job_runner.py:240} INFO - Task exited with return code 0
[2024-07-14T04:24:29.829+0000] {taskinstance.py:3503} INFO - 1 downstream tasks scheduled from follow-on schedule check
[2024-07-14T04:24:29.843+0000] {local_task_job_runner.py:222} INFO - ::endgroup::
