[2024-07-14T03:25:56.830+0000] {local_task_job_runner.py:120} INFO - ::group::Pre task execution logs
[2024-07-14T03:25:56.951+0000] {taskinstance.py:2076} INFO - Dependencies all met for dep_context=non-requeueable deps ti=<TaskInstance: ELT-PROJECT.transform.raw_orders.run manual__2024-07-14T03:25:17.009601+00:00 [queued]>
[2024-07-14T03:25:56.998+0000] {taskinstance.py:2076} INFO - Dependencies all met for dep_context=requeueable deps ti=<TaskInstance: ELT-PROJECT.transform.raw_orders.run manual__2024-07-14T03:25:17.009601+00:00 [queued]>
[2024-07-14T03:25:57.000+0000] {taskinstance.py:2306} INFO - Starting attempt 1 of 2
[2024-07-14T03:25:57.039+0000] {taskinstance.py:2330} INFO - Executing <Task(DbtRunLocalOperator): transform.raw_orders.run> on 2024-07-14 03:25:17.009601+00:00
[2024-07-14T03:25:57.068+0000] {logging_mixin.py:188} WARNING - /home/airflow/.local/lib/python3.12/site-packages/airflow/task/task_runner/standard_task_runner.py:61 DeprecationWarning: This process (pid=6875) is multi-threaded, use of fork() may lead to deadlocks in the child.
[2024-07-14T03:25:57.093+0000] {standard_task_runner.py:63} INFO - Started process 6904 to run task
[2024-07-14T03:25:57.080+0000] {standard_task_runner.py:90} INFO - Running: ['airflow', 'tasks', 'run', 'ELT-PROJECT', 'transform.raw_orders.run', 'manual__2024-07-14T03:25:17.009601+00:00', '--job-id', '585', '--raw', '--subdir', 'DAGS_FOLDER/elt.py', '--cfg-path', '/tmp/tmpezkr6myz']
[2024-07-14T03:25:57.106+0000] {standard_task_runner.py:91} INFO - Job 585: Subtask transform.raw_orders.run
[2024-07-14T03:25:57.181+0000] {logging_mixin.py:188} WARNING - /home/airflow/.local/lib/python3.12/site-packages/airflow/settings.py:195 DeprecationWarning: The sql_alchemy_conn option in [core] has been moved to the sql_alchemy_conn option in [database] - the old setting has been used, but please update your config.
[2024-07-14T03:25:57.371+0000] {task_command.py:426} INFO - Running <TaskInstance: ELT-PROJECT.transform.raw_orders.run manual__2024-07-14T03:25:17.009601+00:00 [running]> on host airflow-scheduler
[2024-07-14T03:25:57.934+0000] {taskinstance.py:2648} INFO - Exporting env vars: AIRFLOW_CTX_DAG_OWNER='Data-Ninja' AIRFLOW_CTX_DAG_ID='ELT-PROJECT' AIRFLOW_CTX_TASK_ID='transform.raw_orders.run' AIRFLOW_CTX_EXECUTION_DATE='2024-07-14T03:25:17.009601+00:00' AIRFLOW_CTX_TRY_NUMBER='1' AIRFLOW_CTX_DAG_RUN_ID='manual__2024-07-14T03:25:17.009601+00:00'
[2024-07-14T03:25:57.937+0000] {taskinstance.py:430} INFO - ::endgroup::
[2024-07-14T03:25:57.942+0000] {local.py:174} INFO - Could not import dbtRunner. Falling back to subprocess for invoking dbt.
[2024-07-14T03:25:57.952+0000] {local.py:292} INFO - Cloning project to writable temp directory /tmp/tmp83wsa_zv from /opt/airflow/dags/dbt/dbt_project
[2024-07-14T03:25:57.990+0000] {local.py:303} INFO - Partial parse is enabled and the latest partial parse file is /tmp/cosmos/ELT-PROJECT__transform/target/partial_parse.msgpack
[2024-07-14T03:25:58.659+0000] {base.py:84} INFO - Using connection ID 'snow_conn' for task execution.
[2024-07-14T03:25:58.672+0000] {crypto.py:82} WARNING - empty cryptography key - values will not be stored encrypted.
[2024-07-14T03:25:58.673+0000] {config.py:298} INFO - Profile caching is enable.
[2024-07-14T03:25:58.682+0000] {config.py:272} INFO - Profile found in cache using profile: /tmp/cosmos/profile/a0017dab0633177292578162811b91dcb9c56d6e54017e9660056cc364a762ad/profiles.yml.
[2024-07-14T03:25:58.684+0000] {local.py:247} INFO - Trying to run the command:
 ['/opt/airflow/dbt_venv/bin/dbt', 'deps', '--project-dir', '/tmp/tmp83wsa_zv', '--profiles-dir', '/tmp/cosmos/profile/a0017dab0633177292578162811b91dcb9c56d6e54017e9660056cc364a762ad', '--profile', 'dbt_project', '--target', 'dev']
From /tmp/tmp83wsa_zv
[2024-07-14T03:25:58.689+0000] {subprocess.py:60} INFO - Tmp dir root location: 
 /tmp
[2024-07-14T03:25:58.692+0000] {subprocess.py:73} INFO - Running command: ['/opt/airflow/dbt_venv/bin/dbt', 'deps', '--project-dir', '/tmp/tmp83wsa_zv', '--profiles-dir', '/tmp/cosmos/profile/a0017dab0633177292578162811b91dcb9c56d6e54017e9660056cc364a762ad', '--profile', 'dbt_project', '--target', 'dev']
[2024-07-14T03:25:58.771+0000] {subprocess.py:84} INFO - Command output:
[2024-07-14T03:26:09.876+0000] {subprocess.py:94} INFO - [0m03:26:09  Running with dbt=1.8.3
[2024-07-14T03:26:10.564+0000] {subprocess.py:94} INFO - [0m03:26:10  Updating lock file in file path: /tmp/tmp83wsa_zv/package-lock.yml
[2024-07-14T03:26:10.580+0000] {subprocess.py:94} INFO - [0m03:26:10  Installing dbt-labs/dbt_utils
[2024-07-14T03:26:15.127+0000] {subprocess.py:94} INFO - [0m03:26:15  Installed from version 0.8.6
[2024-07-14T03:26:15.130+0000] {subprocess.py:94} INFO - [0m03:26:15  Updated version available: 1.2.0
[2024-07-14T03:26:15.133+0000] {subprocess.py:94} INFO - [0m03:26:15
[2024-07-14T03:26:15.136+0000] {subprocess.py:94} INFO - [0m03:26:15  Updates available for packages: ['dbt-labs/dbt_utils']
[2024-07-14T03:26:15.139+0000] {subprocess.py:94} INFO - Update your versions in packages.yml, then run dbt deps
[2024-07-14T03:26:17.551+0000] {subprocess.py:98} INFO - Command exited with return code 0
[2024-07-14T03:26:17.554+0000] {local.py:254} INFO - Update your versions in packages.yml, then run dbt deps
[2024-07-14T03:26:17.558+0000] {local.py:247} INFO - Trying to run the command:
 ['/opt/airflow/dbt_venv/bin/dbt', 'run', '--models', 'raw_orders', '--project-dir', '/tmp/tmp83wsa_zv', '--profiles-dir', '/tmp/cosmos/profile/a0017dab0633177292578162811b91dcb9c56d6e54017e9660056cc364a762ad', '--profile', 'dbt_project', '--target', 'dev']
From /tmp/tmp83wsa_zv
[2024-07-14T03:26:17.560+0000] {subprocess.py:60} INFO - Tmp dir root location: 
 /tmp
[2024-07-14T03:26:17.563+0000] {subprocess.py:73} INFO - Running command: ['/opt/airflow/dbt_venv/bin/dbt', 'run', '--models', 'raw_orders', '--project-dir', '/tmp/tmp83wsa_zv', '--profiles-dir', '/tmp/cosmos/profile/a0017dab0633177292578162811b91dcb9c56d6e54017e9660056cc364a762ad', '--profile', 'dbt_project', '--target', 'dev']
[2024-07-14T03:26:17.671+0000] {subprocess.py:84} INFO - Command output:
[2024-07-14T03:26:31.749+0000] {subprocess.py:94} INFO - [0m03:26:31  Running with dbt=1.8.3
[2024-07-14T03:26:35.024+0000] {subprocess.py:94} INFO - [0m03:26:35  Registered adapter: snowflake=1.8.3
[2024-07-14T03:26:40.653+0000] {subprocess.py:94} INFO - [0m03:26:40  Found 20 models, 27 data tests, 11 sources, 684 macros
[2024-07-14T03:26:40.663+0000] {subprocess.py:94} INFO - [0m03:26:40
[2024-07-14T03:26:49.180+0000] {subprocess.py:94} INFO - [0m03:26:49  Concurrency: 1 threads (target='dev')
[2024-07-14T03:26:49.182+0000] {subprocess.py:94} INFO - [0m03:26:49
[2024-07-14T03:26:49.203+0000] {subprocess.py:94} INFO - [0m03:26:49  1 of 1 START sql table model raw.raw_orders .................................... [RUN]
[2024-07-14T03:26:51.469+0000] {subprocess.py:94} INFO - [0m03:26:51  1 of 1 OK created sql table model raw.raw_orders ............................... [[32mSUCCESS 1[0m in 2.25s]
[2024-07-14T03:26:51.482+0000] {subprocess.py:94} INFO - [0m03:26:51
[2024-07-14T03:26:51.484+0000] {subprocess.py:94} INFO - [0m03:26:51  Finished running 1 table model in 0 hours 0 minutes and 10.82 seconds (10.82s).
[2024-07-14T03:26:51.726+0000] {subprocess.py:94} INFO - [0m03:26:51
[2024-07-14T03:26:51.732+0000] {subprocess.py:94} INFO - [0m03:26:51  [32mCompleted successfully[0m
[2024-07-14T03:26:51.743+0000] {subprocess.py:94} INFO - [0m03:26:51
[2024-07-14T03:26:51.748+0000] {subprocess.py:94} INFO - [0m03:26:51  Done. PASS=1 WARN=0 ERROR=0 SKIP=0 TOTAL=1
[2024-07-14T03:26:54.244+0000] {subprocess.py:98} INFO - Command exited with return code 0
[2024-07-14T03:26:54.247+0000] {local.py:254} INFO - [0m03:26:51  Done. PASS=1 WARN=0 ERROR=0 SKIP=0 TOTAL=1
[2024-07-14T03:26:54.394+0000] {local.py:196} WARNING - Artifact schema version: https://schemas.getdbt.com/dbt/manifest/v12.json is above dbt-ol supported version 7. This might cause errors.
[2024-07-14T03:26:54.398+0000] {local.py:196} WARNING - Artifact schema version: https://schemas.getdbt.com/dbt/run-results/v6.json is above dbt-ol supported version 5. This might cause errors.
[2024-07-14T03:26:54.447+0000] {local.py:349} INFO - Inlets: [Dataset(uri='snowflake://OU00370.europe-west2.gcp/ELT_BATCH.PUBLIC.orders', extra=None)]
[2024-07-14T03:26:54.452+0000] {local.py:350} INFO - Outlets: [Dataset(uri='snowflake://OU00370.europe-west2.gcp/ELT_BATCH.raw.raw_orders', extra=None)]
[2024-07-14T03:26:54.464+0000] {dag.py:3096} INFO - Sync 1 DAGs
[2024-07-14T03:26:54.568+0000] {dag.py:3954} INFO - Setting next_dagrun for ELT-PROJECT to None, run_after=None
[2024-07-14T03:26:54.740+0000] {taskinstance.py:441} INFO - ::group::Post task execution logs
[2024-07-14T03:26:54.899+0000] {taskinstance.py:1206} INFO - Marking task as SUCCESS. dag_id=ELT-PROJECT, task_id=transform.raw_orders.run, run_id=manual__2024-07-14T03:25:17.009601+00:00, execution_date=20240714T032517, start_date=20240714T032556, end_date=20240714T032654
[2024-07-14T03:26:55.015+0000] {local_task_job_runner.py:240} INFO - Task exited with return code 0
[2024-07-14T03:26:55.051+0000] {local_task_job_runner.py:222} INFO - ::endgroup::
