[2024-07-14T04:01:09.076+0000] {local_task_job_runner.py:120} INFO - ::group::Pre task execution logs
[2024-07-14T04:01:09.128+0000] {taskinstance.py:2076} INFO - Dependencies all met for dep_context=non-requeueable deps ti=<TaskInstance: ELT-PROJECT.load.load_products scheduled__2024-07-02T00:00:00+00:00 [queued]>
[2024-07-14T04:01:09.156+0000] {taskinstance.py:2076} INFO - Dependencies all met for dep_context=requeueable deps ti=<TaskInstance: ELT-PROJECT.load.load_products scheduled__2024-07-02T00:00:00+00:00 [queued]>
[2024-07-14T04:01:09.157+0000] {taskinstance.py:2306} INFO - Starting attempt 1 of 2
[2024-07-14T04:01:09.191+0000] {taskinstance.py:2330} INFO - Executing <Task(_PythonDecoratedOperator): load.load_products> on 2024-07-02 00:00:00+00:00
[2024-07-14T04:01:09.212+0000] {logging_mixin.py:188} WARNING - /home/airflow/.local/lib/python3.12/site-packages/airflow/task/task_runner/standard_task_runner.py:61 DeprecationWarning: This process (pid=10804) is multi-threaded, use of fork() may lead to deadlocks in the child.
[2024-07-14T04:01:09.214+0000] {standard_task_runner.py:63} INFO - Started process 10876 to run task
[2024-07-14T04:01:09.210+0000] {standard_task_runner.py:90} INFO - Running: ['airflow', 'tasks', 'run', 'ELT-PROJECT', 'load.load_products', 'scheduled__2024-07-02T00:00:00+00:00', '--job-id', '910', '--raw', '--subdir', 'DAGS_FOLDER/elt.py', '--cfg-path', '/tmp/tmpy89adchj']
[2024-07-14T04:01:09.216+0000] {standard_task_runner.py:91} INFO - Job 910: Subtask load.load_products
[2024-07-14T04:01:09.263+0000] {logging_mixin.py:188} WARNING - /home/airflow/.local/lib/python3.12/site-packages/airflow/settings.py:195 DeprecationWarning: The sql_alchemy_conn option in [core] has been moved to the sql_alchemy_conn option in [database] - the old setting has been used, but please update your config.
[2024-07-14T04:01:09.398+0000] {task_command.py:426} INFO - Running <TaskInstance: ELT-PROJECT.load.load_products scheduled__2024-07-02T00:00:00+00:00 [running]> on host airflow-scheduler
[2024-07-14T04:01:10.304+0000] {taskinstance.py:2648} INFO - Exporting env vars: AIRFLOW_CTX_DAG_OWNER='Data-Ninja' AIRFLOW_CTX_DAG_ID='ELT-PROJECT' AIRFLOW_CTX_TASK_ID='load.load_products' AIRFLOW_CTX_EXECUTION_DATE='2024-07-02T00:00:00+00:00' AIRFLOW_CTX_TRY_NUMBER='1' AIRFLOW_CTX_DAG_RUN_ID='scheduled__2024-07-02T00:00:00+00:00'
[2024-07-14T04:01:10.306+0000] {taskinstance.py:430} INFO - ::endgroup::
[2024-07-14T04:01:10.309+0000] {connection.py:399} INFO - Snowflake Connector for Python Version: 3.10.1, Python Version: 3.12.4, Platform: Linux-5.15.133.1-microsoft-standard-WSL2-x86_64-with-glibc2.36
[2024-07-14T04:01:10.311+0000] {connection.py:1249} INFO - THIS CONNECTION IS IN INSECURE MODE. IT MEANS THE CERTIFICATE WILL BE VALIDATED BUT THE CERTIFICATE REVOCATION STATUS WILL NOT BE CHECKED.
[2024-07-14T04:01:10.439+0000] {ssl_wrap_socket.py:100} INFO - THIS CONNECTION IS IN INSECURE MODE. IT MEANS THE CERTIFICATE WILL BE VALIDATED BUT THE CERTIFICATE REVOCATION STATUS WILL NOT BE CHECKED.
[2024-07-14T04:01:10.827+0000] {logging_mixin.py:188} INFO - Nama kolom di DataFrame: Index(['productID', 'productName', 'supplierID', 'categoryID',
       'quantityPerUnit', 'unitPrice', 'unitsInStock', 'unitsOnOrder',
       'reorderLevel', 'discontinued'],
      dtype='object')
[2024-07-14T04:01:11.300+0000] {cursor.py:1149} INFO - Number of results in first chunk: 1
[2024-07-14T04:01:12.434+0000] {ssl_wrap_socket.py:100} INFO - THIS CONNECTION IS IN INSECURE MODE. IT MEANS THE CERTIFICATE WILL BE VALIDATED BUT THE CERTIFICATE REVOCATION STATUS WILL NOT BE CHECKED.
[2024-07-14T04:01:14.848+0000] {cursor.py:1149} INFO - Number of results in first chunk: 1
[2024-07-14T04:01:15.501+0000] {cursor.py:1149} INFO - Number of results in first chunk: 10
[2024-07-14T04:01:15.962+0000] {cursor.py:1149} INFO - Number of results in first chunk: 1
[2024-07-14T04:01:16.702+0000] {cursor.py:1149} INFO - Number of results in first chunk: 1
[2024-07-14T04:01:18.020+0000] {cursor.py:1149} INFO - Number of results in first chunk: 1
[2024-07-14T04:01:18.021+0000] {logging_mixin.py:188} INFO - Done products.
[2024-07-14T04:01:18.023+0000] {connection.py:762} INFO - closed
[2024-07-14T04:01:18.419+0000] {connection.py:768} INFO - No async queries seem to be running, deleting session
[2024-07-14T04:01:18.804+0000] {python.py:237} INFO - Done. Returned value was: None
[2024-07-14T04:01:18.807+0000] {taskinstance.py:441} INFO - ::group::Post task execution logs
[2024-07-14T04:01:18.841+0000] {taskinstance.py:1206} INFO - Marking task as SUCCESS. dag_id=ELT-PROJECT, task_id=load.load_products, run_id=scheduled__2024-07-02T00:00:00+00:00, execution_date=20240702T000000, start_date=20240714T040109, end_date=20240714T040118
[2024-07-14T04:01:18.926+0000] {local_task_job_runner.py:240} INFO - Task exited with return code 0
[2024-07-14T04:01:19.064+0000] {taskinstance.py:3503} INFO - 0 downstream tasks scheduled from follow-on schedule check
[2024-07-14T04:01:19.070+0000] {local_task_job_runner.py:222} INFO - ::endgroup::
