[2024-07-14T04:05:52.549+0000] {local_task_job_runner.py:120} INFO - ::group::Pre task execution logs
[2024-07-14T04:05:52.706+0000] {taskinstance.py:2076} INFO - Dependencies all met for dep_context=non-requeueable deps ti=<TaskInstance: ELT-PROJECT.transform.raw_categories.run scheduled__2024-07-12T00:00:00+00:00 [queued]>
[2024-07-14T04:05:52.830+0000] {taskinstance.py:2076} INFO - Dependencies all met for dep_context=requeueable deps ti=<TaskInstance: ELT-PROJECT.transform.raw_categories.run scheduled__2024-07-12T00:00:00+00:00 [queued]>
[2024-07-14T04:05:52.838+0000] {taskinstance.py:2306} INFO - Starting attempt 1 of 2
[2024-07-14T04:05:52.987+0000] {taskinstance.py:2330} INFO - Executing <Task(DbtRunLocalOperator): transform.raw_categories.run> on 2024-07-12 00:00:00+00:00
[2024-07-14T04:05:53.041+0000] {standard_task_runner.py:90} INFO - Running: ['airflow', 'tasks', 'run', 'ELT-PROJECT', 'transform.raw_categories.run', 'scheduled__2024-07-12T00:00:00+00:00', '--job-id', '1085', '--raw', '--subdir', 'DAGS_FOLDER/elt.py', '--cfg-path', '/tmp/tmpl8a_vwkj']
[2024-07-14T04:05:53.078+0000] {logging_mixin.py:188} WARNING - /home/airflow/.local/lib/python3.12/site-packages/airflow/task/task_runner/standard_task_runner.py:61 DeprecationWarning: This process (pid=12981) is multi-threaded, use of fork() may lead to deadlocks in the child.
[2024-07-14T04:05:53.085+0000] {standard_task_runner.py:63} INFO - Started process 13011 to run task
[2024-07-14T04:05:53.082+0000] {standard_task_runner.py:91} INFO - Job 1085: Subtask transform.raw_categories.run
[2024-07-14T04:05:53.224+0000] {logging_mixin.py:188} WARNING - /home/airflow/.local/lib/python3.12/site-packages/airflow/settings.py:195 DeprecationWarning: The sql_alchemy_conn option in [core] has been moved to the sql_alchemy_conn option in [database] - the old setting has been used, but please update your config.
[2024-07-14T04:05:53.538+0000] {task_command.py:426} INFO - Running <TaskInstance: ELT-PROJECT.transform.raw_categories.run scheduled__2024-07-12T00:00:00+00:00 [running]> on host airflow-scheduler
[2024-07-14T04:05:54.280+0000] {taskinstance.py:2648} INFO - Exporting env vars: AIRFLOW_CTX_DAG_OWNER='Data-Ninja' AIRFLOW_CTX_DAG_ID='ELT-PROJECT' AIRFLOW_CTX_TASK_ID='transform.raw_categories.run' AIRFLOW_CTX_EXECUTION_DATE='2024-07-12T00:00:00+00:00' AIRFLOW_CTX_TRY_NUMBER='1' AIRFLOW_CTX_DAG_RUN_ID='scheduled__2024-07-12T00:00:00+00:00'
[2024-07-14T04:05:54.288+0000] {taskinstance.py:430} INFO - ::endgroup::
[2024-07-14T04:05:54.304+0000] {local.py:174} INFO - Could not import dbtRunner. Falling back to subprocess for invoking dbt.
[2024-07-14T04:05:54.309+0000] {local.py:292} INFO - Cloning project to writable temp directory /tmp/tmpcrwbf8hj from /opt/airflow/dags/dbt/dbt_project
[2024-07-14T04:05:54.331+0000] {local.py:303} INFO - Partial parse is enabled and the latest partial parse file is /tmp/cosmos/ELT-PROJECT__transform/target/partial_parse.msgpack
[2024-07-14T04:05:54.631+0000] {base.py:84} INFO - Using connection ID 'snow_conn' for task execution.
[2024-07-14T04:05:54.645+0000] {crypto.py:82} WARNING - empty cryptography key - values will not be stored encrypted.
[2024-07-14T04:05:54.646+0000] {config.py:298} INFO - Profile caching is enable.
[2024-07-14T04:05:54.654+0000] {config.py:272} INFO - Profile found in cache using profile: /tmp/cosmos/profile/a0017dab0633177292578162811b91dcb9c56d6e54017e9660056cc364a762ad/profiles.yml.
[2024-07-14T04:05:54.657+0000] {local.py:247} INFO - Trying to run the command:
 ['/opt/airflow/dbt_venv/bin/dbt', 'deps', '--project-dir', '/tmp/tmpcrwbf8hj', '--profiles-dir', '/tmp/cosmos/profile/a0017dab0633177292578162811b91dcb9c56d6e54017e9660056cc364a762ad', '--profile', 'dbt_project', '--target', 'dev']
From /tmp/tmpcrwbf8hj
[2024-07-14T04:05:54.663+0000] {subprocess.py:60} INFO - Tmp dir root location: 
 /tmp
[2024-07-14T04:05:54.685+0000] {subprocess.py:73} INFO - Running command: ['/opt/airflow/dbt_venv/bin/dbt', 'deps', '--project-dir', '/tmp/tmpcrwbf8hj', '--profiles-dir', '/tmp/cosmos/profile/a0017dab0633177292578162811b91dcb9c56d6e54017e9660056cc364a762ad', '--profile', 'dbt_project', '--target', 'dev']
[2024-07-14T04:05:54.743+0000] {subprocess.py:84} INFO - Command output:
[2024-07-14T04:06:09.151+0000] {subprocess.py:94} INFO - [0m04:06:09  Running with dbt=1.8.3
[2024-07-14T04:06:10.543+0000] {subprocess.py:94} INFO - [0m04:06:10  Updating lock file in file path: /tmp/tmpcrwbf8hj/package-lock.yml
[2024-07-14T04:06:10.616+0000] {subprocess.py:94} INFO - [0m04:06:10  Installing dbt-labs/dbt_utils
[2024-07-14T04:06:11.522+0000] {subprocess.py:94} INFO - [0m04:06:11  Installed from version 0.8.6
[2024-07-14T04:06:11.525+0000] {subprocess.py:94} INFO - [0m04:06:11  Updated version available: 1.2.0
[2024-07-14T04:06:11.545+0000] {subprocess.py:94} INFO - [0m04:06:11
[2024-07-14T04:06:11.550+0000] {subprocess.py:94} INFO - [0m04:06:11  Updates available for packages: ['dbt-labs/dbt_utils']
[2024-07-14T04:06:11.553+0000] {subprocess.py:94} INFO - Update your versions in packages.yml, then run dbt deps
[2024-07-14T04:06:13.463+0000] {subprocess.py:98} INFO - Command exited with return code 0
[2024-07-14T04:06:13.484+0000] {local.py:254} INFO - Update your versions in packages.yml, then run dbt deps
[2024-07-14T04:06:13.494+0000] {local.py:247} INFO - Trying to run the command:
 ['/opt/airflow/dbt_venv/bin/dbt', 'run', '--models', 'raw_categories', '--project-dir', '/tmp/tmpcrwbf8hj', '--profiles-dir', '/tmp/cosmos/profile/a0017dab0633177292578162811b91dcb9c56d6e54017e9660056cc364a762ad', '--profile', 'dbt_project', '--target', 'dev']
From /tmp/tmpcrwbf8hj
[2024-07-14T04:06:13.498+0000] {subprocess.py:60} INFO - Tmp dir root location: 
 /tmp
[2024-07-14T04:06:13.501+0000] {subprocess.py:73} INFO - Running command: ['/opt/airflow/dbt_venv/bin/dbt', 'run', '--models', 'raw_categories', '--project-dir', '/tmp/tmpcrwbf8hj', '--profiles-dir', '/tmp/cosmos/profile/a0017dab0633177292578162811b91dcb9c56d6e54017e9660056cc364a762ad', '--profile', 'dbt_project', '--target', 'dev']
[2024-07-14T04:06:13.594+0000] {subprocess.py:84} INFO - Command output:
[2024-07-14T04:06:28.514+0000] {subprocess.py:94} INFO - [0m04:06:28  Running with dbt=1.8.3
[2024-07-14T04:06:31.267+0000] {subprocess.py:94} INFO - [0m04:06:31  Registered adapter: snowflake=1.8.3
[2024-07-14T04:06:36.651+0000] {subprocess.py:94} INFO - [0m04:06:36  Found 20 models, 27 data tests, 11 sources, 684 macros
[2024-07-14T04:06:36.670+0000] {subprocess.py:94} INFO - [0m04:06:36
[2024-07-14T04:06:44.987+0000] {subprocess.py:94} INFO - [0m04:06:44  Concurrency: 1 threads (target='dev')
[2024-07-14T04:06:44.991+0000] {subprocess.py:94} INFO - [0m04:06:44
[2024-07-14T04:06:45.030+0000] {subprocess.py:94} INFO - [0m04:06:45  1 of 1 START sql table model raw.raw_categories ................................ [RUN]
[2024-07-14T04:06:47.565+0000] {subprocess.py:94} INFO - [0m04:06:47  1 of 1 OK created sql table model raw.raw_categories ........................... [[32mSUCCESS 1[0m in 2.52s]
[2024-07-14T04:06:47.580+0000] {subprocess.py:94} INFO - [0m04:06:47
[2024-07-14T04:06:47.582+0000] {subprocess.py:94} INFO - [0m04:06:47  Finished running 1 table model in 0 hours 0 minutes and 10.90 seconds (10.90s).
[2024-07-14T04:06:48.031+0000] {subprocess.py:94} INFO - [0m04:06:48
[2024-07-14T04:06:48.033+0000] {subprocess.py:94} INFO - [0m04:06:48  [32mCompleted successfully[0m
[2024-07-14T04:06:48.039+0000] {subprocess.py:94} INFO - [0m04:06:48
[2024-07-14T04:06:48.047+0000] {subprocess.py:94} INFO - [0m04:06:48  Done. PASS=1 WARN=0 ERROR=0 SKIP=0 TOTAL=1
[2024-07-14T04:06:50.296+0000] {subprocess.py:98} INFO - Command exited with return code 0
[2024-07-14T04:06:50.298+0000] {local.py:254} INFO - [0m04:06:48  Done. PASS=1 WARN=0 ERROR=0 SKIP=0 TOTAL=1
[2024-07-14T04:06:51.063+0000] {local.py:196} WARNING - Artifact schema version: https://schemas.getdbt.com/dbt/manifest/v12.json is above dbt-ol supported version 7. This might cause errors.
[2024-07-14T04:06:51.073+0000] {local.py:196} WARNING - Artifact schema version: https://schemas.getdbt.com/dbt/run-results/v6.json is above dbt-ol supported version 5. This might cause errors.
[2024-07-14T04:06:51.108+0000] {local.py:349} INFO - Inlets: [Dataset(uri='snowflake://OU00370.europe-west2.gcp/ELT_BATCH.PUBLIC.categories', extra=None)]
[2024-07-14T04:06:51.120+0000] {local.py:350} INFO - Outlets: [Dataset(uri='snowflake://OU00370.europe-west2.gcp/ELT_BATCH.raw.raw_categories', extra=None)]
[2024-07-14T04:06:51.124+0000] {dag.py:3096} INFO - Sync 1 DAGs
[2024-07-14T04:06:51.681+0000] {taskinstance.py:441} INFO - ::group::Post task execution logs
[2024-07-14T04:06:51.931+0000] {taskinstance.py:1206} INFO - Marking task as SUCCESS. dag_id=ELT-PROJECT, task_id=transform.raw_categories.run, run_id=scheduled__2024-07-12T00:00:00+00:00, execution_date=20240712T000000, start_date=20240714T040552, end_date=20240714T040651
[2024-07-14T04:06:52.268+0000] {local_task_job_runner.py:240} INFO - Task exited with return code 0
[2024-07-14T04:06:52.457+0000] {taskinstance.py:3503} INFO - 1 downstream tasks scheduled from follow-on schedule check
[2024-07-14T04:06:52.479+0000] {local_task_job_runner.py:222} INFO - ::endgroup::
