[2024-07-14T04:25:53.516+0000] {local_task_job_runner.py:120} INFO - ::group::Pre task execution logs
[2024-07-14T04:25:53.682+0000] {taskinstance.py:2076} INFO - Dependencies all met for dep_context=non-requeueable deps ti=<TaskInstance: ELT-PROJECT.transform.dim_products.run scheduled__2024-07-12T00:00:00+00:00 [queued]>
[2024-07-14T04:25:53.757+0000] {taskinstance.py:2076} INFO - Dependencies all met for dep_context=requeueable deps ti=<TaskInstance: ELT-PROJECT.transform.dim_products.run scheduled__2024-07-12T00:00:00+00:00 [queued]>
[2024-07-14T04:25:53.758+0000] {taskinstance.py:2306} INFO - Starting attempt 1 of 2
[2024-07-14T04:25:53.871+0000] {taskinstance.py:2330} INFO - Executing <Task(DbtRunLocalOperator): transform.dim_products.run> on 2024-07-12 00:00:00+00:00
[2024-07-14T04:25:53.906+0000] {logging_mixin.py:188} WARNING - /home/airflow/.local/lib/python3.12/site-packages/airflow/task/task_runner/standard_task_runner.py:61 DeprecationWarning: This process (pid=17246) is multi-threaded, use of fork() may lead to deadlocks in the child.
[2024-07-14T04:25:53.912+0000] {standard_task_runner.py:63} INFO - Started process 17280 to run task
[2024-07-14T04:25:53.912+0000] {standard_task_runner.py:90} INFO - Running: ['airflow', 'tasks', 'run', 'ELT-PROJECT', 'transform.dim_products.run', 'scheduled__2024-07-12T00:00:00+00:00', '--job-id', '1340', '--raw', '--subdir', 'DAGS_FOLDER/elt.py', '--cfg-path', '/tmp/tmpz61lvfx4']
[2024-07-14T04:25:53.925+0000] {standard_task_runner.py:91} INFO - Job 1340: Subtask transform.dim_products.run
[2024-07-14T04:25:54.033+0000] {logging_mixin.py:188} WARNING - /home/airflow/.local/lib/python3.12/site-packages/airflow/settings.py:195 DeprecationWarning: The sql_alchemy_conn option in [core] has been moved to the sql_alchemy_conn option in [database] - the old setting has been used, but please update your config.
[2024-07-14T04:25:54.325+0000] {task_command.py:426} INFO - Running <TaskInstance: ELT-PROJECT.transform.dim_products.run scheduled__2024-07-12T00:00:00+00:00 [running]> on host airflow-scheduler
[2024-07-14T04:25:54.727+0000] {taskinstance.py:2648} INFO - Exporting env vars: AIRFLOW_CTX_DAG_OWNER='Data-Ninja' AIRFLOW_CTX_DAG_ID='ELT-PROJECT' AIRFLOW_CTX_TASK_ID='transform.dim_products.run' AIRFLOW_CTX_EXECUTION_DATE='2024-07-12T00:00:00+00:00' AIRFLOW_CTX_TRY_NUMBER='1' AIRFLOW_CTX_DAG_RUN_ID='scheduled__2024-07-12T00:00:00+00:00'
[2024-07-14T04:25:54.748+0000] {taskinstance.py:430} INFO - ::endgroup::
[2024-07-14T04:25:54.777+0000] {local.py:174} INFO - Could not import dbtRunner. Falling back to subprocess for invoking dbt.
[2024-07-14T04:25:54.780+0000] {local.py:292} INFO - Cloning project to writable temp directory /tmp/tmp9lhxn21s from /opt/airflow/dags/dbt/dbt_project
[2024-07-14T04:25:54.803+0000] {local.py:303} INFO - Partial parse is enabled and the latest partial parse file is /tmp/cosmos/ELT-PROJECT__transform/target/partial_parse.msgpack
[2024-07-14T04:25:54.957+0000] {base.py:84} INFO - Using connection ID 'snow_conn' for task execution.
[2024-07-14T04:25:54.958+0000] {crypto.py:82} WARNING - empty cryptography key - values will not be stored encrypted.
[2024-07-14T04:25:54.962+0000] {config.py:298} INFO - Profile caching is enable.
[2024-07-14T04:25:54.988+0000] {config.py:272} INFO - Profile found in cache using profile: /tmp/cosmos/profile/a0017dab0633177292578162811b91dcb9c56d6e54017e9660056cc364a762ad/profiles.yml.
[2024-07-14T04:25:54.992+0000] {local.py:247} INFO - Trying to run the command:
 ['/opt/airflow/dbt_venv/bin/dbt', 'deps', '--project-dir', '/tmp/tmp9lhxn21s', '--profiles-dir', '/tmp/cosmos/profile/a0017dab0633177292578162811b91dcb9c56d6e54017e9660056cc364a762ad', '--profile', 'dbt_project', '--target', 'dev']
From /tmp/tmp9lhxn21s
[2024-07-14T04:25:54.995+0000] {subprocess.py:60} INFO - Tmp dir root location: 
 /tmp
[2024-07-14T04:25:54.998+0000] {subprocess.py:73} INFO - Running command: ['/opt/airflow/dbt_venv/bin/dbt', 'deps', '--project-dir', '/tmp/tmp9lhxn21s', '--profiles-dir', '/tmp/cosmos/profile/a0017dab0633177292578162811b91dcb9c56d6e54017e9660056cc364a762ad', '--profile', 'dbt_project', '--target', 'dev']
[2024-07-14T04:25:55.067+0000] {subprocess.py:84} INFO - Command output:
[2024-07-14T04:26:09.014+0000] {subprocess.py:94} INFO - [0m04:26:09  Running with dbt=1.8.3
[2024-07-14T04:26:12.317+0000] {subprocess.py:94} INFO - [0m04:26:12  Updating lock file in file path: /tmp/tmp9lhxn21s/package-lock.yml
[2024-07-14T04:26:12.382+0000] {subprocess.py:94} INFO - [0m04:26:12  Installing dbt-labs/dbt_utils
[2024-07-14T04:26:14.022+0000] {subprocess.py:94} INFO - [0m04:26:14  Installed from version 0.8.6
[2024-07-14T04:26:14.047+0000] {subprocess.py:94} INFO - [0m04:26:14  Updated version available: 1.2.0
[2024-07-14T04:26:14.054+0000] {subprocess.py:94} INFO - [0m04:26:14
[2024-07-14T04:26:14.076+0000] {subprocess.py:94} INFO - [0m04:26:14  Updates available for packages: ['dbt-labs/dbt_utils']
[2024-07-14T04:26:14.078+0000] {subprocess.py:94} INFO - Update your versions in packages.yml, then run dbt deps
[2024-07-14T04:26:16.897+0000] {subprocess.py:98} INFO - Command exited with return code 0
[2024-07-14T04:26:16.899+0000] {local.py:254} INFO - Update your versions in packages.yml, then run dbt deps
[2024-07-14T04:26:16.901+0000] {local.py:247} INFO - Trying to run the command:
 ['/opt/airflow/dbt_venv/bin/dbt', 'run', '--models', 'dim_products', '--project-dir', '/tmp/tmp9lhxn21s', '--profiles-dir', '/tmp/cosmos/profile/a0017dab0633177292578162811b91dcb9c56d6e54017e9660056cc364a762ad', '--profile', 'dbt_project', '--target', 'dev']
From /tmp/tmp9lhxn21s
[2024-07-14T04:26:16.903+0000] {subprocess.py:60} INFO - Tmp dir root location: 
 /tmp
[2024-07-14T04:26:16.905+0000] {subprocess.py:73} INFO - Running command: ['/opt/airflow/dbt_venv/bin/dbt', 'run', '--models', 'dim_products', '--project-dir', '/tmp/tmp9lhxn21s', '--profiles-dir', '/tmp/cosmos/profile/a0017dab0633177292578162811b91dcb9c56d6e54017e9660056cc364a762ad', '--profile', 'dbt_project', '--target', 'dev']
[2024-07-14T04:26:17.006+0000] {subprocess.py:84} INFO - Command output:
[2024-07-14T04:26:30.786+0000] {subprocess.py:94} INFO - [0m04:26:30  Running with dbt=1.8.3
[2024-07-14T04:26:34.590+0000] {subprocess.py:94} INFO - [0m04:26:34  Registered adapter: snowflake=1.8.3
[2024-07-14T04:26:39.281+0000] {subprocess.py:94} INFO - [0m04:26:39  Found 20 models, 27 data tests, 11 sources, 684 macros
[2024-07-14T04:26:39.296+0000] {subprocess.py:94} INFO - [0m04:26:39
[2024-07-14T04:26:47.811+0000] {subprocess.py:94} INFO - [0m04:26:47  Concurrency: 1 threads (target='dev')
[2024-07-14T04:26:47.821+0000] {subprocess.py:94} INFO - [0m04:26:47
[2024-07-14T04:26:47.927+0000] {subprocess.py:94} INFO - [0m04:26:47  1 of 1 START sql table model dwh.dim_products .................................. [RUN]
[2024-07-14T04:26:55.182+0000] {subprocess.py:94} INFO - [0m04:26:55  1 of 1 OK created sql table model dwh.dim_products ............................. [[32mSUCCESS 1[0m in 7.25s]
[2024-07-14T04:26:55.206+0000] {subprocess.py:94} INFO - [0m04:26:55
[2024-07-14T04:26:55.208+0000] {subprocess.py:94} INFO - [0m04:26:55  Finished running 1 table model in 0 hours 0 minutes and 15.90 seconds (15.90s).
[2024-07-14T04:26:55.990+0000] {subprocess.py:94} INFO - [0m04:26:55
[2024-07-14T04:26:56.007+0000] {subprocess.py:94} INFO - [0m04:26:56  [32mCompleted successfully[0m
[2024-07-14T04:26:56.016+0000] {subprocess.py:94} INFO - [0m04:26:56
[2024-07-14T04:26:56.031+0000] {subprocess.py:94} INFO - [0m04:26:56  Done. PASS=1 WARN=0 ERROR=0 SKIP=0 TOTAL=1
[2024-07-14T04:26:58.720+0000] {subprocess.py:98} INFO - Command exited with return code 0
[2024-07-14T04:26:58.723+0000] {local.py:254} INFO - [0m04:26:56  Done. PASS=1 WARN=0 ERROR=0 SKIP=0 TOTAL=1
[2024-07-14T04:26:59.436+0000] {local.py:196} WARNING - Artifact schema version: https://schemas.getdbt.com/dbt/manifest/v12.json is above dbt-ol supported version 7. This might cause errors.
[2024-07-14T04:26:59.446+0000] {local.py:196} WARNING - Artifact schema version: https://schemas.getdbt.com/dbt/run-results/v6.json is above dbt-ol supported version 5. This might cause errors.
[2024-07-14T04:26:59.540+0000] {local.py:349} INFO - Inlets: [Dataset(uri='snowflake://OU00370.europe-west2.gcp/ELT_BATCH.dwh.dim_categories', extra=None), Dataset(uri='snowflake://OU00370.europe-west2.gcp/ELT_BATCH.dwh.dim_suppliers', extra=None), Dataset(uri='snowflake://OU00370.europe-west2.gcp/ELT_BATCH.raw.raw_products', extra=None)]
[2024-07-14T04:26:59.555+0000] {local.py:350} INFO - Outlets: [Dataset(uri='snowflake://OU00370.europe-west2.gcp/ELT_BATCH.dwh.dim_products', extra=None)]
[2024-07-14T04:26:59.561+0000] {dag.py:3096} INFO - Sync 1 DAGs
[2024-07-14T04:26:59.975+0000] {taskinstance.py:441} INFO - ::group::Post task execution logs
[2024-07-14T04:27:00.238+0000] {taskinstance.py:1206} INFO - Marking task as SUCCESS. dag_id=ELT-PROJECT, task_id=transform.dim_products.run, run_id=scheduled__2024-07-12T00:00:00+00:00, execution_date=20240712T000000, start_date=20240714T042553, end_date=20240714T042700
[2024-07-14T04:27:01.257+0000] {local_task_job_runner.py:240} INFO - Task exited with return code 0
[2024-07-14T04:27:01.619+0000] {taskinstance.py:3503} INFO - 1 downstream tasks scheduled from follow-on schedule check
[2024-07-14T04:27:01.657+0000] {local_task_job_runner.py:222} INFO - ::endgroup::
