[2024-07-14T04:03:26.927+0000] {local_task_job_runner.py:120} INFO - ::group::Pre task execution logs
[2024-07-14T04:03:27.115+0000] {taskinstance.py:2076} INFO - Dependencies all met for dep_context=non-requeueable deps ti=<TaskInstance: ELT-PROJECT.transform.raw_suppliers.run scheduled__2024-07-01T00:00:00+00:00 [queued]>
[2024-07-14T04:03:27.255+0000] {taskinstance.py:2076} INFO - Dependencies all met for dep_context=requeueable deps ti=<TaskInstance: ELT-PROJECT.transform.raw_suppliers.run scheduled__2024-07-01T00:00:00+00:00 [queued]>
[2024-07-14T04:03:27.258+0000] {taskinstance.py:2306} INFO - Starting attempt 1 of 2
[2024-07-14T04:03:27.372+0000] {taskinstance.py:2330} INFO - Executing <Task(DbtRunLocalOperator): transform.raw_suppliers.run> on 2024-07-01 00:00:00+00:00
[2024-07-14T04:03:27.411+0000] {logging_mixin.py:188} WARNING - /home/airflow/.local/lib/python3.12/site-packages/airflow/task/task_runner/standard_task_runner.py:61 DeprecationWarning: This process (pid=12439) is multi-threaded, use of fork() may lead to deadlocks in the child.
[2024-07-14T04:03:27.419+0000] {standard_task_runner.py:63} INFO - Started process 12462 to run task
[2024-07-14T04:03:27.419+0000] {standard_task_runner.py:90} INFO - Running: ['airflow', 'tasks', 'run', 'ELT-PROJECT', 'transform.raw_suppliers.run', 'scheduled__2024-07-01T00:00:00+00:00', '--job-id', '1052', '--raw', '--subdir', 'DAGS_FOLDER/elt.py', '--cfg-path', '/tmp/tmpjp7w7vyn']
[2024-07-14T04:03:27.426+0000] {standard_task_runner.py:91} INFO - Job 1052: Subtask transform.raw_suppliers.run
[2024-07-14T04:03:27.522+0000] {logging_mixin.py:188} WARNING - /home/airflow/.local/lib/python3.12/site-packages/airflow/settings.py:195 DeprecationWarning: The sql_alchemy_conn option in [core] has been moved to the sql_alchemy_conn option in [database] - the old setting has been used, but please update your config.
[2024-07-14T04:03:27.759+0000] {task_command.py:426} INFO - Running <TaskInstance: ELT-PROJECT.transform.raw_suppliers.run scheduled__2024-07-01T00:00:00+00:00 [running]> on host airflow-scheduler
[2024-07-14T04:03:28.231+0000] {taskinstance.py:2648} INFO - Exporting env vars: AIRFLOW_CTX_DAG_OWNER='Data-Ninja' AIRFLOW_CTX_DAG_ID='ELT-PROJECT' AIRFLOW_CTX_TASK_ID='transform.raw_suppliers.run' AIRFLOW_CTX_EXECUTION_DATE='2024-07-01T00:00:00+00:00' AIRFLOW_CTX_TRY_NUMBER='1' AIRFLOW_CTX_DAG_RUN_ID='scheduled__2024-07-01T00:00:00+00:00'
[2024-07-14T04:03:28.247+0000] {taskinstance.py:430} INFO - ::endgroup::
[2024-07-14T04:03:28.250+0000] {local.py:174} INFO - Could not import dbtRunner. Falling back to subprocess for invoking dbt.
[2024-07-14T04:03:28.255+0000] {local.py:292} INFO - Cloning project to writable temp directory /tmp/tmppl7zcbpj from /opt/airflow/dags/dbt/dbt_project
[2024-07-14T04:03:28.295+0000] {local.py:303} INFO - Partial parse is enabled and the latest partial parse file is /tmp/cosmos/ELT-PROJECT__transform/target/partial_parse.msgpack
[2024-07-14T04:03:28.500+0000] {base.py:84} INFO - Using connection ID 'snow_conn' for task execution.
[2024-07-14T04:03:28.518+0000] {crypto.py:82} WARNING - empty cryptography key - values will not be stored encrypted.
[2024-07-14T04:03:28.521+0000] {config.py:298} INFO - Profile caching is enable.
[2024-07-14T04:03:28.533+0000] {config.py:272} INFO - Profile found in cache using profile: /tmp/cosmos/profile/a0017dab0633177292578162811b91dcb9c56d6e54017e9660056cc364a762ad/profiles.yml.
[2024-07-14T04:03:28.543+0000] {local.py:247} INFO - Trying to run the command:
 ['/opt/airflow/dbt_venv/bin/dbt', 'deps', '--project-dir', '/tmp/tmppl7zcbpj', '--profiles-dir', '/tmp/cosmos/profile/a0017dab0633177292578162811b91dcb9c56d6e54017e9660056cc364a762ad', '--profile', 'dbt_project', '--target', 'dev']
From /tmp/tmppl7zcbpj
[2024-07-14T04:03:28.557+0000] {subprocess.py:60} INFO - Tmp dir root location: 
 /tmp
[2024-07-14T04:03:28.559+0000] {subprocess.py:73} INFO - Running command: ['/opt/airflow/dbt_venv/bin/dbt', 'deps', '--project-dir', '/tmp/tmppl7zcbpj', '--profiles-dir', '/tmp/cosmos/profile/a0017dab0633177292578162811b91dcb9c56d6e54017e9660056cc364a762ad', '--profile', 'dbt_project', '--target', 'dev']
[2024-07-14T04:03:28.612+0000] {subprocess.py:84} INFO - Command output:
[2024-07-14T04:03:45.204+0000] {subprocess.py:94} INFO - [0m04:03:45  Running with dbt=1.8.3
[2024-07-14T04:03:46.615+0000] {subprocess.py:94} INFO - [0m04:03:46  Updating lock file in file path: /tmp/tmppl7zcbpj/package-lock.yml
[2024-07-14T04:03:46.697+0000] {subprocess.py:94} INFO - [0m04:03:46  Installing dbt-labs/dbt_utils
[2024-07-14T04:03:47.630+0000] {subprocess.py:94} INFO - [0m04:03:47  Installed from version 0.8.6
[2024-07-14T04:03:47.654+0000] {subprocess.py:94} INFO - [0m04:03:47  Updated version available: 1.2.0
[2024-07-14T04:03:47.659+0000] {subprocess.py:94} INFO - [0m04:03:47
[2024-07-14T04:03:47.662+0000] {subprocess.py:94} INFO - [0m04:03:47  Updates available for packages: ['dbt-labs/dbt_utils']
[2024-07-14T04:03:47.665+0000] {subprocess.py:94} INFO - Update your versions in packages.yml, then run dbt deps
[2024-07-14T04:03:50.301+0000] {subprocess.py:98} INFO - Command exited with return code 0
[2024-07-14T04:03:50.304+0000] {local.py:254} INFO - Update your versions in packages.yml, then run dbt deps
[2024-07-14T04:03:50.307+0000] {local.py:247} INFO - Trying to run the command:
 ['/opt/airflow/dbt_venv/bin/dbt', 'run', '--models', 'raw_suppliers', '--project-dir', '/tmp/tmppl7zcbpj', '--profiles-dir', '/tmp/cosmos/profile/a0017dab0633177292578162811b91dcb9c56d6e54017e9660056cc364a762ad', '--profile', 'dbt_project', '--target', 'dev']
From /tmp/tmppl7zcbpj
[2024-07-14T04:03:50.309+0000] {subprocess.py:60} INFO - Tmp dir root location: 
 /tmp
[2024-07-14T04:03:50.312+0000] {subprocess.py:73} INFO - Running command: ['/opt/airflow/dbt_venv/bin/dbt', 'run', '--models', 'raw_suppliers', '--project-dir', '/tmp/tmppl7zcbpj', '--profiles-dir', '/tmp/cosmos/profile/a0017dab0633177292578162811b91dcb9c56d6e54017e9660056cc364a762ad', '--profile', 'dbt_project', '--target', 'dev']
[2024-07-14T04:03:50.361+0000] {subprocess.py:84} INFO - Command output:
[2024-07-14T04:04:05.146+0000] {subprocess.py:94} INFO - [0m04:04:05  Running with dbt=1.8.3
[2024-07-14T04:04:09.866+0000] {subprocess.py:94} INFO - [0m04:04:09  Registered adapter: snowflake=1.8.3
[2024-07-14T04:04:13.662+0000] {subprocess.py:94} INFO - [0m04:04:13  Found 20 models, 27 data tests, 11 sources, 684 macros
[2024-07-14T04:04:13.670+0000] {subprocess.py:94} INFO - [0m04:04:13
[2024-07-14T04:04:20.752+0000] {subprocess.py:94} INFO - [0m04:04:20  Concurrency: 1 threads (target='dev')
[2024-07-14T04:04:20.756+0000] {subprocess.py:94} INFO - [0m04:04:20
[2024-07-14T04:04:20.796+0000] {subprocess.py:94} INFO - [0m04:04:20  1 of 1 START sql table model raw.raw_suppliers ................................. [RUN]
[2024-07-14T04:04:23.287+0000] {subprocess.py:94} INFO - [0m04:04:23  1 of 1 OK created sql table model raw.raw_suppliers ............................ [[32mSUCCESS 1[0m in 2.47s]
[2024-07-14T04:04:23.314+0000] {subprocess.py:94} INFO - [0m04:04:23
[2024-07-14T04:04:23.319+0000] {subprocess.py:94} INFO - [0m04:04:23  Finished running 1 table model in 0 hours 0 minutes and 9.64 seconds (9.64s).
[2024-07-14T04:04:23.729+0000] {subprocess.py:94} INFO - [0m04:04:23
[2024-07-14T04:04:23.732+0000] {subprocess.py:94} INFO - [0m04:04:23  [32mCompleted successfully[0m
[2024-07-14T04:04:23.737+0000] {subprocess.py:94} INFO - [0m04:04:23
[2024-07-14T04:04:23.742+0000] {subprocess.py:94} INFO - [0m04:04:23  Done. PASS=1 WARN=0 ERROR=0 SKIP=0 TOTAL=1
[2024-07-14T04:04:26.515+0000] {subprocess.py:98} INFO - Command exited with return code 0
[2024-07-14T04:04:26.517+0000] {local.py:254} INFO - [0m04:04:23  Done. PASS=1 WARN=0 ERROR=0 SKIP=0 TOTAL=1
[2024-07-14T04:04:27.281+0000] {local.py:196} WARNING - Artifact schema version: https://schemas.getdbt.com/dbt/manifest/v12.json is above dbt-ol supported version 7. This might cause errors.
[2024-07-14T04:04:27.282+0000] {local.py:196} WARNING - Artifact schema version: https://schemas.getdbt.com/dbt/run-results/v6.json is above dbt-ol supported version 5. This might cause errors.
[2024-07-14T04:04:27.304+0000] {local.py:349} INFO - Inlets: [Dataset(uri='snowflake://OU00370.europe-west2.gcp/ELT_BATCH.PUBLIC.suppliers', extra=None)]
[2024-07-14T04:04:27.311+0000] {local.py:350} INFO - Outlets: [Dataset(uri='snowflake://OU00370.europe-west2.gcp/ELT_BATCH.raw.raw_suppliers', extra=None)]
[2024-07-14T04:04:27.318+0000] {dag.py:3096} INFO - Sync 1 DAGs
[2024-07-14T04:04:27.661+0000] {taskinstance.py:441} INFO - ::group::Post task execution logs
[2024-07-14T04:04:27.893+0000] {taskinstance.py:1206} INFO - Marking task as SUCCESS. dag_id=ELT-PROJECT, task_id=transform.raw_suppliers.run, run_id=scheduled__2024-07-01T00:00:00+00:00, execution_date=20240701T000000, start_date=20240714T040327, end_date=20240714T040427
[2024-07-14T04:04:28.559+0000] {local_task_job_runner.py:240} INFO - Task exited with return code 0
[2024-07-14T04:04:28.735+0000] {taskinstance.py:3503} INFO - 1 downstream tasks scheduled from follow-on schedule check
[2024-07-14T04:04:28.768+0000] {local_task_job_runner.py:222} INFO - ::endgroup::
