[2024-07-14T04:10:14.352+0000] {local_task_job_runner.py:120} INFO - ::group::Pre task execution logs
[2024-07-14T04:10:14.613+0000] {taskinstance.py:2076} INFO - Dependencies all met for dep_context=non-requeueable deps ti=<TaskInstance: ELT-PROJECT.transform.raw_orders.run scheduled__2024-06-28T00:00:00+00:00 [queued]>
[2024-07-14T04:10:14.739+0000] {taskinstance.py:2076} INFO - Dependencies all met for dep_context=requeueable deps ti=<TaskInstance: ELT-PROJECT.transform.raw_orders.run scheduled__2024-06-28T00:00:00+00:00 [queued]>
[2024-07-14T04:10:14.745+0000] {taskinstance.py:2306} INFO - Starting attempt 1 of 2
[2024-07-14T04:10:14.812+0000] {taskinstance.py:2330} INFO - Executing <Task(DbtRunLocalOperator): transform.raw_orders.run> on 2024-06-28 00:00:00+00:00
[2024-07-14T04:10:14.861+0000] {logging_mixin.py:188} WARNING - /home/airflow/.local/lib/python3.12/site-packages/airflow/task/task_runner/standard_task_runner.py:61 DeprecationWarning: This process (pid=13909) is multi-threaded, use of fork() may lead to deadlocks in the child.
[2024-07-14T04:10:14.869+0000] {standard_task_runner.py:63} INFO - Started process 13943 to run task
[2024-07-14T04:10:14.848+0000] {standard_task_runner.py:90} INFO - Running: ['airflow', 'tasks', 'run', 'ELT-PROJECT', 'transform.raw_orders.run', 'scheduled__2024-06-28T00:00:00+00:00', '--job-id', '1137', '--raw', '--subdir', 'DAGS_FOLDER/elt.py', '--cfg-path', '/tmp/tmpj82snp9l']
[2024-07-14T04:10:14.895+0000] {standard_task_runner.py:91} INFO - Job 1137: Subtask transform.raw_orders.run
[2024-07-14T04:10:14.975+0000] {logging_mixin.py:188} WARNING - /home/airflow/.local/lib/python3.12/site-packages/airflow/settings.py:195 DeprecationWarning: The sql_alchemy_conn option in [core] has been moved to the sql_alchemy_conn option in [database] - the old setting has been used, but please update your config.
[2024-07-14T04:10:15.261+0000] {task_command.py:426} INFO - Running <TaskInstance: ELT-PROJECT.transform.raw_orders.run scheduled__2024-06-28T00:00:00+00:00 [running]> on host airflow-scheduler
[2024-07-14T04:10:15.850+0000] {taskinstance.py:2648} INFO - Exporting env vars: AIRFLOW_CTX_DAG_OWNER='Data-Ninja' AIRFLOW_CTX_DAG_ID='ELT-PROJECT' AIRFLOW_CTX_TASK_ID='transform.raw_orders.run' AIRFLOW_CTX_EXECUTION_DATE='2024-06-28T00:00:00+00:00' AIRFLOW_CTX_TRY_NUMBER='1' AIRFLOW_CTX_DAG_RUN_ID='scheduled__2024-06-28T00:00:00+00:00'
[2024-07-14T04:10:15.853+0000] {taskinstance.py:430} INFO - ::endgroup::
[2024-07-14T04:10:15.856+0000] {local.py:174} INFO - Could not import dbtRunner. Falling back to subprocess for invoking dbt.
[2024-07-14T04:10:15.861+0000] {local.py:292} INFO - Cloning project to writable temp directory /tmp/tmpqoeouxck from /opt/airflow/dags/dbt/dbt_project
[2024-07-14T04:10:15.888+0000] {local.py:303} INFO - Partial parse is enabled and the latest partial parse file is /tmp/cosmos/ELT-PROJECT__transform/target/partial_parse.msgpack
[2024-07-14T04:10:16.029+0000] {base.py:84} INFO - Using connection ID 'snow_conn' for task execution.
[2024-07-14T04:10:16.040+0000] {crypto.py:82} WARNING - empty cryptography key - values will not be stored encrypted.
[2024-07-14T04:10:16.043+0000] {config.py:298} INFO - Profile caching is enable.
[2024-07-14T04:10:16.056+0000] {config.py:272} INFO - Profile found in cache using profile: /tmp/cosmos/profile/a0017dab0633177292578162811b91dcb9c56d6e54017e9660056cc364a762ad/profiles.yml.
[2024-07-14T04:10:16.069+0000] {local.py:247} INFO - Trying to run the command:
 ['/opt/airflow/dbt_venv/bin/dbt', 'deps', '--project-dir', '/tmp/tmpqoeouxck', '--profiles-dir', '/tmp/cosmos/profile/a0017dab0633177292578162811b91dcb9c56d6e54017e9660056cc364a762ad', '--profile', 'dbt_project', '--target', 'dev']
From /tmp/tmpqoeouxck
[2024-07-14T04:10:16.090+0000] {subprocess.py:60} INFO - Tmp dir root location: 
 /tmp
[2024-07-14T04:10:16.106+0000] {subprocess.py:73} INFO - Running command: ['/opt/airflow/dbt_venv/bin/dbt', 'deps', '--project-dir', '/tmp/tmpqoeouxck', '--profiles-dir', '/tmp/cosmos/profile/a0017dab0633177292578162811b91dcb9c56d6e54017e9660056cc364a762ad', '--profile', 'dbt_project', '--target', 'dev']
[2024-07-14T04:10:16.166+0000] {subprocess.py:84} INFO - Command output:
[2024-07-14T04:10:25.825+0000] {subprocess.py:94} INFO - [0m04:10:25  Running with dbt=1.8.3
[2024-07-14T04:10:27.817+0000] {subprocess.py:94} INFO - [0m04:10:27  Updating lock file in file path: /tmp/tmpqoeouxck/package-lock.yml
[2024-07-14T04:10:27.901+0000] {subprocess.py:94} INFO - [0m04:10:27  Installing dbt-labs/dbt_utils
[2024-07-14T04:10:28.994+0000] {subprocess.py:94} INFO - [0m04:10:28  Installed from version 0.8.6
[2024-07-14T04:10:28.998+0000] {subprocess.py:94} INFO - [0m04:10:28  Updated version available: 1.2.0
[2024-07-14T04:10:29.012+0000] {subprocess.py:94} INFO - [0m04:10:29
[2024-07-14T04:10:29.030+0000] {subprocess.py:94} INFO - [0m04:10:29  Updates available for packages: ['dbt-labs/dbt_utils']
[2024-07-14T04:10:29.034+0000] {subprocess.py:94} INFO - Update your versions in packages.yml, then run dbt deps
[2024-07-14T04:10:31.121+0000] {subprocess.py:98} INFO - Command exited with return code 0
[2024-07-14T04:10:31.123+0000] {local.py:254} INFO - Update your versions in packages.yml, then run dbt deps
[2024-07-14T04:10:31.125+0000] {local.py:247} INFO - Trying to run the command:
 ['/opt/airflow/dbt_venv/bin/dbt', 'run', '--models', 'raw_orders', '--project-dir', '/tmp/tmpqoeouxck', '--profiles-dir', '/tmp/cosmos/profile/a0017dab0633177292578162811b91dcb9c56d6e54017e9660056cc364a762ad', '--profile', 'dbt_project', '--target', 'dev']
From /tmp/tmpqoeouxck
[2024-07-14T04:10:31.127+0000] {subprocess.py:60} INFO - Tmp dir root location: 
 /tmp
[2024-07-14T04:10:31.130+0000] {subprocess.py:73} INFO - Running command: ['/opt/airflow/dbt_venv/bin/dbt', 'run', '--models', 'raw_orders', '--project-dir', '/tmp/tmpqoeouxck', '--profiles-dir', '/tmp/cosmos/profile/a0017dab0633177292578162811b91dcb9c56d6e54017e9660056cc364a762ad', '--profile', 'dbt_project', '--target', 'dev']
[2024-07-14T04:10:31.207+0000] {subprocess.py:84} INFO - Command output:
[2024-07-14T04:10:44.852+0000] {subprocess.py:94} INFO - [0m04:10:44  Running with dbt=1.8.3
[2024-07-14T04:10:49.110+0000] {subprocess.py:94} INFO - [0m04:10:49  Registered adapter: snowflake=1.8.3
[2024-07-14T04:10:54.347+0000] {subprocess.py:94} INFO - [0m04:10:54  Found 20 models, 27 data tests, 11 sources, 684 macros
[2024-07-14T04:10:54.384+0000] {subprocess.py:94} INFO - [0m04:10:54
[2024-07-14T04:11:03.893+0000] {subprocess.py:94} INFO - [0m04:11:03  Concurrency: 1 threads (target='dev')
[2024-07-14T04:11:03.897+0000] {subprocess.py:94} INFO - [0m04:11:03
[2024-07-14T04:11:04.043+0000] {subprocess.py:94} INFO - [0m04:11:04  1 of 1 START sql table model raw.raw_orders .................................... [RUN]
[2024-07-14T04:11:06.820+0000] {subprocess.py:94} INFO - [0m04:11:06  1 of 1 OK created sql table model raw.raw_orders ............................... [[32mSUCCESS 1[0m in 2.77s]
[2024-07-14T04:11:06.852+0000] {subprocess.py:94} INFO - [0m04:11:06
[2024-07-14T04:11:06.855+0000] {subprocess.py:94} INFO - [0m04:11:06  Finished running 1 table model in 0 hours 0 minutes and 12.47 seconds (12.47s).
[2024-07-14T04:11:07.796+0000] {subprocess.py:94} INFO - [0m04:11:07
[2024-07-14T04:11:07.800+0000] {subprocess.py:94} INFO - [0m04:11:07  [32mCompleted successfully[0m
[2024-07-14T04:11:07.818+0000] {subprocess.py:94} INFO - [0m04:11:07
[2024-07-14T04:11:07.836+0000] {subprocess.py:94} INFO - [0m04:11:07  Done. PASS=1 WARN=0 ERROR=0 SKIP=0 TOTAL=1
[2024-07-14T04:11:10.732+0000] {subprocess.py:98} INFO - Command exited with return code 0
[2024-07-14T04:11:10.735+0000] {local.py:254} INFO - [0m04:11:07  Done. PASS=1 WARN=0 ERROR=0 SKIP=0 TOTAL=1
[2024-07-14T04:11:12.023+0000] {local.py:196} WARNING - Artifact schema version: https://schemas.getdbt.com/dbt/manifest/v12.json is above dbt-ol supported version 7. This might cause errors.
[2024-07-14T04:11:12.037+0000] {local.py:196} WARNING - Artifact schema version: https://schemas.getdbt.com/dbt/run-results/v6.json is above dbt-ol supported version 5. This might cause errors.
[2024-07-14T04:11:12.147+0000] {local.py:349} INFO - Inlets: [Dataset(uri='snowflake://OU00370.europe-west2.gcp/ELT_BATCH.PUBLIC.orders', extra=None)]
[2024-07-14T04:11:12.187+0000] {local.py:350} INFO - Outlets: [Dataset(uri='snowflake://OU00370.europe-west2.gcp/ELT_BATCH.raw.raw_orders', extra=None)]
[2024-07-14T04:11:12.190+0000] {dag.py:3096} INFO - Sync 1 DAGs
[2024-07-14T04:11:12.718+0000] {taskinstance.py:441} INFO - ::group::Post task execution logs
[2024-07-14T04:11:13.001+0000] {taskinstance.py:1206} INFO - Marking task as SUCCESS. dag_id=ELT-PROJECT, task_id=transform.raw_orders.run, run_id=scheduled__2024-06-28T00:00:00+00:00, execution_date=20240628T000000, start_date=20240714T041014, end_date=20240714T041113
[2024-07-14T04:11:13.243+0000] {local_task_job_runner.py:240} INFO - Task exited with return code 0
[2024-07-14T04:11:13.398+0000] {local_task_job_runner.py:222} INFO - ::endgroup::
