[2024-07-14T04:12:56.526+0000] {local_task_job_runner.py:120} INFO - ::group::Pre task execution logs
[2024-07-14T04:12:56.742+0000] {taskinstance.py:2076} INFO - Dependencies all met for dep_context=non-requeueable deps ti=<TaskInstance: ELT-PROJECT.transform.raw_products.run scheduled__2024-07-04T00:00:00+00:00 [queued]>
[2024-07-14T04:12:56.834+0000] {taskinstance.py:2076} INFO - Dependencies all met for dep_context=requeueable deps ti=<TaskInstance: ELT-PROJECT.transform.raw_products.run scheduled__2024-07-04T00:00:00+00:00 [queued]>
[2024-07-14T04:12:56.835+0000] {taskinstance.py:2306} INFO - Starting attempt 1 of 2
[2024-07-14T04:12:56.975+0000] {taskinstance.py:2330} INFO - Executing <Task(DbtRunLocalOperator): transform.raw_products.run> on 2024-07-04 00:00:00+00:00
[2024-07-14T04:12:57.003+0000] {logging_mixin.py:188} WARNING - /home/airflow/.local/lib/python3.12/site-packages/airflow/task/task_runner/standard_task_runner.py:61 DeprecationWarning: This process (pid=14549) is multi-threaded, use of fork() may lead to deadlocks in the child.
[2024-07-14T04:12:57.017+0000] {standard_task_runner.py:63} INFO - Started process 14573 to run task
[2024-07-14T04:12:57.027+0000] {standard_task_runner.py:90} INFO - Running: ['airflow', 'tasks', 'run', 'ELT-PROJECT', 'transform.raw_products.run', 'scheduled__2024-07-04T00:00:00+00:00', '--job-id', '1174', '--raw', '--subdir', 'DAGS_FOLDER/elt.py', '--cfg-path', '/tmp/tmp25two5u2']
[2024-07-14T04:12:57.066+0000] {standard_task_runner.py:91} INFO - Job 1174: Subtask transform.raw_products.run
[2024-07-14T04:12:57.221+0000] {logging_mixin.py:188} WARNING - /home/airflow/.local/lib/python3.12/site-packages/airflow/settings.py:195 DeprecationWarning: The sql_alchemy_conn option in [core] has been moved to the sql_alchemy_conn option in [database] - the old setting has been used, but please update your config.
[2024-07-14T04:12:57.808+0000] {task_command.py:426} INFO - Running <TaskInstance: ELT-PROJECT.transform.raw_products.run scheduled__2024-07-04T00:00:00+00:00 [running]> on host airflow-scheduler
[2024-07-14T04:12:59.024+0000] {taskinstance.py:2648} INFO - Exporting env vars: AIRFLOW_CTX_DAG_OWNER='Data-Ninja' AIRFLOW_CTX_DAG_ID='ELT-PROJECT' AIRFLOW_CTX_TASK_ID='transform.raw_products.run' AIRFLOW_CTX_EXECUTION_DATE='2024-07-04T00:00:00+00:00' AIRFLOW_CTX_TRY_NUMBER='1' AIRFLOW_CTX_DAG_RUN_ID='scheduled__2024-07-04T00:00:00+00:00'
[2024-07-14T04:12:59.030+0000] {taskinstance.py:430} INFO - ::endgroup::
[2024-07-14T04:12:59.058+0000] {local.py:174} INFO - Could not import dbtRunner. Falling back to subprocess for invoking dbt.
[2024-07-14T04:12:59.061+0000] {local.py:292} INFO - Cloning project to writable temp directory /tmp/tmpooazmejm from /opt/airflow/dags/dbt/dbt_project
[2024-07-14T04:12:59.101+0000] {local.py:303} INFO - Partial parse is enabled and the latest partial parse file is /tmp/cosmos/ELT-PROJECT__transform/target/partial_parse.msgpack
[2024-07-14T04:12:59.418+0000] {base.py:84} INFO - Using connection ID 'snow_conn' for task execution.
[2024-07-14T04:12:59.419+0000] {crypto.py:82} WARNING - empty cryptography key - values will not be stored encrypted.
[2024-07-14T04:12:59.428+0000] {config.py:298} INFO - Profile caching is enable.
[2024-07-14T04:12:59.447+0000] {config.py:272} INFO - Profile found in cache using profile: /tmp/cosmos/profile/a0017dab0633177292578162811b91dcb9c56d6e54017e9660056cc364a762ad/profiles.yml.
[2024-07-14T04:12:59.459+0000] {local.py:247} INFO - Trying to run the command:
 ['/opt/airflow/dbt_venv/bin/dbt', 'deps', '--project-dir', '/tmp/tmpooazmejm', '--profiles-dir', '/tmp/cosmos/profile/a0017dab0633177292578162811b91dcb9c56d6e54017e9660056cc364a762ad', '--profile', 'dbt_project', '--target', 'dev']
From /tmp/tmpooazmejm
[2024-07-14T04:12:59.469+0000] {subprocess.py:60} INFO - Tmp dir root location: 
 /tmp
[2024-07-14T04:12:59.490+0000] {subprocess.py:73} INFO - Running command: ['/opt/airflow/dbt_venv/bin/dbt', 'deps', '--project-dir', '/tmp/tmpooazmejm', '--profiles-dir', '/tmp/cosmos/profile/a0017dab0633177292578162811b91dcb9c56d6e54017e9660056cc364a762ad', '--profile', 'dbt_project', '--target', 'dev']
[2024-07-14T04:12:59.578+0000] {subprocess.py:84} INFO - Command output:
[2024-07-14T04:13:17.062+0000] {subprocess.py:94} INFO - [0m04:13:17  Running with dbt=1.8.3
[2024-07-14T04:13:19.329+0000] {subprocess.py:94} INFO - [0m04:13:19  Updating lock file in file path: /tmp/tmpooazmejm/package-lock.yml
[2024-07-14T04:13:19.358+0000] {subprocess.py:94} INFO - [0m04:13:19  Installing dbt-labs/dbt_utils
[2024-07-14T04:13:21.149+0000] {subprocess.py:94} INFO - [0m04:13:21  Installed from version 0.8.6
[2024-07-14T04:13:21.157+0000] {subprocess.py:94} INFO - [0m04:13:21  Updated version available: 1.2.0
[2024-07-14T04:13:21.163+0000] {subprocess.py:94} INFO - [0m04:13:21
[2024-07-14T04:13:21.167+0000] {subprocess.py:94} INFO - [0m04:13:21  Updates available for packages: ['dbt-labs/dbt_utils']
[2024-07-14T04:13:21.170+0000] {subprocess.py:94} INFO - Update your versions in packages.yml, then run dbt deps
[2024-07-14T04:13:23.221+0000] {subprocess.py:98} INFO - Command exited with return code 0
[2024-07-14T04:13:23.227+0000] {local.py:254} INFO - Update your versions in packages.yml, then run dbt deps
[2024-07-14T04:13:23.229+0000] {local.py:247} INFO - Trying to run the command:
 ['/opt/airflow/dbt_venv/bin/dbt', 'run', '--models', 'raw_products', '--project-dir', '/tmp/tmpooazmejm', '--profiles-dir', '/tmp/cosmos/profile/a0017dab0633177292578162811b91dcb9c56d6e54017e9660056cc364a762ad', '--profile', 'dbt_project', '--target', 'dev']
From /tmp/tmpooazmejm
[2024-07-14T04:13:23.232+0000] {subprocess.py:60} INFO - Tmp dir root location: 
 /tmp
[2024-07-14T04:13:23.237+0000] {subprocess.py:73} INFO - Running command: ['/opt/airflow/dbt_venv/bin/dbt', 'run', '--models', 'raw_products', '--project-dir', '/tmp/tmpooazmejm', '--profiles-dir', '/tmp/cosmos/profile/a0017dab0633177292578162811b91dcb9c56d6e54017e9660056cc364a762ad', '--profile', 'dbt_project', '--target', 'dev']
[2024-07-14T04:13:23.385+0000] {subprocess.py:84} INFO - Command output:
[2024-07-14T04:13:36.588+0000] {subprocess.py:94} INFO - [0m04:13:36  Running with dbt=1.8.3
[2024-07-14T04:13:41.336+0000] {subprocess.py:94} INFO - [0m04:13:41  Registered adapter: snowflake=1.8.3
[2024-07-14T04:13:46.515+0000] {subprocess.py:94} INFO - [0m04:13:46  Found 20 models, 27 data tests, 11 sources, 684 macros
[2024-07-14T04:13:46.542+0000] {subprocess.py:94} INFO - [0m04:13:46
[2024-07-14T04:13:55.031+0000] {subprocess.py:94} INFO - [0m04:13:55  Concurrency: 1 threads (target='dev')
[2024-07-14T04:13:55.034+0000] {subprocess.py:94} INFO - [0m04:13:55
[2024-07-14T04:13:55.161+0000] {subprocess.py:94} INFO - [0m04:13:55  1 of 1 START sql table model raw.raw_products .................................. [RUN]
[2024-07-14T04:13:58.370+0000] {subprocess.py:94} INFO - [0m04:13:58  1 of 1 OK created sql table model raw.raw_products ............................. [[32mSUCCESS 1[0m in 3.19s]
[2024-07-14T04:13:58.397+0000] {subprocess.py:94} INFO - [0m04:13:58
[2024-07-14T04:13:58.400+0000] {subprocess.py:94} INFO - [0m04:13:58  Finished running 1 table model in 0 hours 0 minutes and 11.85 seconds (11.85s).
[2024-07-14T04:13:58.835+0000] {subprocess.py:94} INFO - [0m04:13:58
[2024-07-14T04:13:58.840+0000] {subprocess.py:94} INFO - [0m04:13:58  [32mCompleted successfully[0m
[2024-07-14T04:13:58.844+0000] {subprocess.py:94} INFO - [0m04:13:58
[2024-07-14T04:13:58.848+0000] {subprocess.py:94} INFO - [0m04:13:58  Done. PASS=1 WARN=0 ERROR=0 SKIP=0 TOTAL=1
[2024-07-14T04:14:06.648+0000] {subprocess.py:98} INFO - Command exited with return code 0
[2024-07-14T04:14:06.654+0000] {local.py:254} INFO - [0m04:13:58  Done. PASS=1 WARN=0 ERROR=0 SKIP=0 TOTAL=1
[2024-07-14T04:14:08.221+0000] {local.py:196} WARNING - Artifact schema version: https://schemas.getdbt.com/dbt/manifest/v12.json is above dbt-ol supported version 7. This might cause errors.
[2024-07-14T04:14:08.246+0000] {local.py:196} WARNING - Artifact schema version: https://schemas.getdbt.com/dbt/run-results/v6.json is above dbt-ol supported version 5. This might cause errors.
[2024-07-14T04:14:08.305+0000] {local.py:349} INFO - Inlets: [Dataset(uri='snowflake://OU00370.europe-west2.gcp/ELT_BATCH.PUBLIC.products', extra=None)]
[2024-07-14T04:14:08.325+0000] {local.py:350} INFO - Outlets: [Dataset(uri='snowflake://OU00370.europe-west2.gcp/ELT_BATCH.raw.raw_products', extra=None)]
[2024-07-14T04:14:08.336+0000] {dag.py:3096} INFO - Sync 1 DAGs
[2024-07-14T04:14:08.872+0000] {taskinstance.py:441} INFO - ::group::Post task execution logs
[2024-07-14T04:14:09.097+0000] {taskinstance.py:1206} INFO - Marking task as SUCCESS. dag_id=ELT-PROJECT, task_id=transform.raw_products.run, run_id=scheduled__2024-07-04T00:00:00+00:00, execution_date=20240704T000000, start_date=20240714T041256, end_date=20240714T041409
[2024-07-14T04:14:09.707+0000] {local_task_job_runner.py:240} INFO - Task exited with return code 0
[2024-07-14T04:14:10.495+0000] {taskinstance.py:3503} INFO - 1 downstream tasks scheduled from follow-on schedule check
[2024-07-14T04:14:10.533+0000] {local_task_job_runner.py:222} INFO - ::endgroup::
