[2024-07-14T04:10:40.766+0000] {local_task_job_runner.py:120} INFO - ::group::Pre task execution logs
[2024-07-14T04:10:40.940+0000] {taskinstance.py:2076} INFO - Dependencies all met for dep_context=non-requeueable deps ti=<TaskInstance: ELT-PROJECT.transform.raw_orders.run scheduled__2024-06-29T00:00:00+00:00 [queued]>
[2024-07-14T04:10:41.024+0000] {taskinstance.py:2076} INFO - Dependencies all met for dep_context=requeueable deps ti=<TaskInstance: ELT-PROJECT.transform.raw_orders.run scheduled__2024-06-29T00:00:00+00:00 [queued]>
[2024-07-14T04:10:41.029+0000] {taskinstance.py:2306} INFO - Starting attempt 1 of 2
[2024-07-14T04:10:41.124+0000] {taskinstance.py:2330} INFO - Executing <Task(DbtRunLocalOperator): transform.raw_orders.run> on 2024-06-29 00:00:00+00:00
[2024-07-14T04:10:41.171+0000] {standard_task_runner.py:90} INFO - Running: ['airflow', 'tasks', 'run', 'ELT-PROJECT', 'transform.raw_orders.run', 'scheduled__2024-06-29T00:00:00+00:00', '--job-id', '1148', '--raw', '--subdir', 'DAGS_FOLDER/elt.py', '--cfg-path', '/tmp/tmpljmurs1j']
[2024-07-14T04:10:41.156+0000] {logging_mixin.py:188} WARNING - /home/airflow/.local/lib/python3.12/site-packages/airflow/task/task_runner/standard_task_runner.py:61 DeprecationWarning: This process (pid=14032) is multi-threaded, use of fork() may lead to deadlocks in the child.
[2024-07-14T04:10:41.201+0000] {standard_task_runner.py:63} INFO - Started process 14057 to run task
[2024-07-14T04:10:41.201+0000] {standard_task_runner.py:91} INFO - Job 1148: Subtask transform.raw_orders.run
[2024-07-14T04:10:41.293+0000] {logging_mixin.py:188} WARNING - /home/airflow/.local/lib/python3.12/site-packages/airflow/settings.py:195 DeprecationWarning: The sql_alchemy_conn option in [core] has been moved to the sql_alchemy_conn option in [database] - the old setting has been used, but please update your config.
[2024-07-14T04:10:41.653+0000] {task_command.py:426} INFO - Running <TaskInstance: ELT-PROJECT.transform.raw_orders.run scheduled__2024-06-29T00:00:00+00:00 [running]> on host airflow-scheduler
[2024-07-14T04:10:42.367+0000] {taskinstance.py:2648} INFO - Exporting env vars: AIRFLOW_CTX_DAG_OWNER='Data-Ninja' AIRFLOW_CTX_DAG_ID='ELT-PROJECT' AIRFLOW_CTX_TASK_ID='transform.raw_orders.run' AIRFLOW_CTX_EXECUTION_DATE='2024-06-29T00:00:00+00:00' AIRFLOW_CTX_TRY_NUMBER='1' AIRFLOW_CTX_DAG_RUN_ID='scheduled__2024-06-29T00:00:00+00:00'
[2024-07-14T04:10:42.375+0000] {taskinstance.py:430} INFO - ::endgroup::
[2024-07-14T04:10:42.381+0000] {local.py:174} INFO - Could not import dbtRunner. Falling back to subprocess for invoking dbt.
[2024-07-14T04:10:42.389+0000] {local.py:292} INFO - Cloning project to writable temp directory /tmp/tmpzun3426f from /opt/airflow/dags/dbt/dbt_project
[2024-07-14T04:10:42.412+0000] {local.py:303} INFO - Partial parse is enabled and the latest partial parse file is /tmp/cosmos/ELT-PROJECT__transform/target/partial_parse.msgpack
[2024-07-14T04:10:43.131+0000] {base.py:84} INFO - Using connection ID 'snow_conn' for task execution.
[2024-07-14T04:10:43.133+0000] {crypto.py:82} WARNING - empty cryptography key - values will not be stored encrypted.
[2024-07-14T04:10:43.136+0000] {config.py:298} INFO - Profile caching is enable.
[2024-07-14T04:10:43.142+0000] {config.py:272} INFO - Profile found in cache using profile: /tmp/cosmos/profile/a0017dab0633177292578162811b91dcb9c56d6e54017e9660056cc364a762ad/profiles.yml.
[2024-07-14T04:10:43.144+0000] {local.py:247} INFO - Trying to run the command:
 ['/opt/airflow/dbt_venv/bin/dbt', 'deps', '--project-dir', '/tmp/tmpzun3426f', '--profiles-dir', '/tmp/cosmos/profile/a0017dab0633177292578162811b91dcb9c56d6e54017e9660056cc364a762ad', '--profile', 'dbt_project', '--target', 'dev']
From /tmp/tmpzun3426f
[2024-07-14T04:10:43.147+0000] {subprocess.py:60} INFO - Tmp dir root location: 
 /tmp
[2024-07-14T04:10:43.150+0000] {subprocess.py:73} INFO - Running command: ['/opt/airflow/dbt_venv/bin/dbt', 'deps', '--project-dir', '/tmp/tmpzun3426f', '--profiles-dir', '/tmp/cosmos/profile/a0017dab0633177292578162811b91dcb9c56d6e54017e9660056cc364a762ad', '--profile', 'dbt_project', '--target', 'dev']
[2024-07-14T04:10:43.220+0000] {subprocess.py:84} INFO - Command output:
[2024-07-14T04:11:00.076+0000] {subprocess.py:94} INFO - [0m04:11:00  Running with dbt=1.8.3
[2024-07-14T04:11:01.397+0000] {subprocess.py:94} INFO - [0m04:11:01  Updating lock file in file path: /tmp/tmpzun3426f/package-lock.yml
[2024-07-14T04:11:01.442+0000] {subprocess.py:94} INFO - [0m04:11:01  Installing dbt-labs/dbt_utils
[2024-07-14T04:11:02.383+0000] {subprocess.py:94} INFO - [0m04:11:02  Installed from version 0.8.6
[2024-07-14T04:11:02.398+0000] {subprocess.py:94} INFO - [0m04:11:02  Updated version available: 1.2.0
[2024-07-14T04:11:02.407+0000] {subprocess.py:94} INFO - [0m04:11:02
[2024-07-14T04:11:02.410+0000] {subprocess.py:94} INFO - [0m04:11:02  Updates available for packages: ['dbt-labs/dbt_utils']
[2024-07-14T04:11:02.412+0000] {subprocess.py:94} INFO - Update your versions in packages.yml, then run dbt deps
[2024-07-14T04:11:04.352+0000] {subprocess.py:98} INFO - Command exited with return code 0
[2024-07-14T04:11:04.356+0000] {local.py:254} INFO - Update your versions in packages.yml, then run dbt deps
[2024-07-14T04:11:04.363+0000] {local.py:247} INFO - Trying to run the command:
 ['/opt/airflow/dbt_venv/bin/dbt', 'run', '--models', 'raw_orders', '--project-dir', '/tmp/tmpzun3426f', '--profiles-dir', '/tmp/cosmos/profile/a0017dab0633177292578162811b91dcb9c56d6e54017e9660056cc364a762ad', '--profile', 'dbt_project', '--target', 'dev']
From /tmp/tmpzun3426f
[2024-07-14T04:11:04.365+0000] {subprocess.py:60} INFO - Tmp dir root location: 
 /tmp
[2024-07-14T04:11:04.370+0000] {subprocess.py:73} INFO - Running command: ['/opt/airflow/dbt_venv/bin/dbt', 'run', '--models', 'raw_orders', '--project-dir', '/tmp/tmpzun3426f', '--profiles-dir', '/tmp/cosmos/profile/a0017dab0633177292578162811b91dcb9c56d6e54017e9660056cc364a762ad', '--profile', 'dbt_project', '--target', 'dev']
[2024-07-14T04:11:04.459+0000] {subprocess.py:84} INFO - Command output:
[2024-07-14T04:11:22.356+0000] {subprocess.py:94} INFO - [0m04:11:22  Running with dbt=1.8.3
[2024-07-14T04:11:24.971+0000] {subprocess.py:94} INFO - [0m04:11:24  Registered adapter: snowflake=1.8.3
[2024-07-14T04:11:29.173+0000] {subprocess.py:94} INFO - [0m04:11:29  Found 20 models, 27 data tests, 11 sources, 684 macros
[2024-07-14T04:11:29.187+0000] {subprocess.py:94} INFO - [0m04:11:29
[2024-07-14T04:11:36.920+0000] {subprocess.py:94} INFO - [0m04:11:36  Concurrency: 1 threads (target='dev')
[2024-07-14T04:11:36.934+0000] {subprocess.py:94} INFO - [0m04:11:36
[2024-07-14T04:11:37.033+0000] {subprocess.py:94} INFO - [0m04:11:37  1 of 1 START sql table model raw.raw_orders .................................... [RUN]
[2024-07-14T04:11:40.203+0000] {subprocess.py:94} INFO - [0m04:11:40  1 of 1 OK created sql table model raw.raw_orders ............................... [[32mSUCCESS 1[0m in 3.16s]
[2024-07-14T04:11:40.238+0000] {subprocess.py:94} INFO - [0m04:11:40
[2024-07-14T04:11:40.244+0000] {subprocess.py:94} INFO - [0m04:11:40  Finished running 1 table model in 0 hours 0 minutes and 11.05 seconds (11.05s).
[2024-07-14T04:11:40.905+0000] {subprocess.py:94} INFO - [0m04:11:40
[2024-07-14T04:11:40.910+0000] {subprocess.py:94} INFO - [0m04:11:40  [32mCompleted successfully[0m
[2024-07-14T04:11:40.914+0000] {subprocess.py:94} INFO - [0m04:11:40
[2024-07-14T04:11:40.918+0000] {subprocess.py:94} INFO - [0m04:11:40  Done. PASS=1 WARN=0 ERROR=0 SKIP=0 TOTAL=1
[2024-07-14T04:11:43.427+0000] {subprocess.py:98} INFO - Command exited with return code 0
[2024-07-14T04:11:43.438+0000] {local.py:254} INFO - [0m04:11:40  Done. PASS=1 WARN=0 ERROR=0 SKIP=0 TOTAL=1
[2024-07-14T04:11:43.587+0000] {local.py:196} WARNING - Artifact schema version: https://schemas.getdbt.com/dbt/manifest/v12.json is above dbt-ol supported version 7. This might cause errors.
[2024-07-14T04:11:43.604+0000] {local.py:196} WARNING - Artifact schema version: https://schemas.getdbt.com/dbt/run-results/v6.json is above dbt-ol supported version 5. This might cause errors.
[2024-07-14T04:11:43.654+0000] {local.py:349} INFO - Inlets: [Dataset(uri='snowflake://OU00370.europe-west2.gcp/ELT_BATCH.PUBLIC.orders', extra=None)]
[2024-07-14T04:11:43.674+0000] {local.py:350} INFO - Outlets: [Dataset(uri='snowflake://OU00370.europe-west2.gcp/ELT_BATCH.raw.raw_orders', extra=None)]
[2024-07-14T04:11:43.678+0000] {dag.py:3096} INFO - Sync 1 DAGs
[2024-07-14T04:11:44.226+0000] {taskinstance.py:441} INFO - ::group::Post task execution logs
[2024-07-14T04:11:44.583+0000] {taskinstance.py:1206} INFO - Marking task as SUCCESS. dag_id=ELT-PROJECT, task_id=transform.raw_orders.run, run_id=scheduled__2024-06-29T00:00:00+00:00, execution_date=20240629T000000, start_date=20240714T041040, end_date=20240714T041144
[2024-07-14T04:11:44.809+0000] {local_task_job_runner.py:240} INFO - Task exited with return code 0
[2024-07-14T04:11:45.167+0000] {taskinstance.py:3503} INFO - 1 downstream tasks scheduled from follow-on schedule check
[2024-07-14T04:11:45.176+0000] {local_task_job_runner.py:222} INFO - ::endgroup::
