[2024-07-14T04:09:30.559+0000] {local_task_job_runner.py:120} INFO - ::group::Pre task execution logs
[2024-07-14T04:09:30.687+0000] {taskinstance.py:2076} INFO - Dependencies all met for dep_context=non-requeueable deps ti=<TaskInstance: ELT-PROJECT.transform.raw_orders.run scheduled__2024-06-27T00:00:00+00:00 [queued]>
[2024-07-14T04:09:30.891+0000] {taskinstance.py:2076} INFO - Dependencies all met for dep_context=requeueable deps ti=<TaskInstance: ELT-PROJECT.transform.raw_orders.run scheduled__2024-06-27T00:00:00+00:00 [queued]>
[2024-07-14T04:09:30.896+0000] {taskinstance.py:2306} INFO - Starting attempt 1 of 2
[2024-07-14T04:09:31.011+0000] {taskinstance.py:2330} INFO - Executing <Task(DbtRunLocalOperator): transform.raw_orders.run> on 2024-06-27 00:00:00+00:00
[2024-07-14T04:09:31.038+0000] {logging_mixin.py:188} WARNING - /home/airflow/.local/lib/python3.12/site-packages/airflow/task/task_runner/standard_task_runner.py:61 DeprecationWarning: This process (pid=13777) is multi-threaded, use of fork() may lead to deadlocks in the child.
[2024-07-14T04:09:31.050+0000] {standard_task_runner.py:63} INFO - Started process 13807 to run task
[2024-07-14T04:09:31.038+0000] {standard_task_runner.py:90} INFO - Running: ['airflow', 'tasks', 'run', 'ELT-PROJECT', 'transform.raw_orders.run', 'scheduled__2024-06-27T00:00:00+00:00', '--job-id', '1134', '--raw', '--subdir', 'DAGS_FOLDER/elt.py', '--cfg-path', '/tmp/tmp893fcxjq']
[2024-07-14T04:09:31.077+0000] {standard_task_runner.py:91} INFO - Job 1134: Subtask transform.raw_orders.run
[2024-07-14T04:09:31.178+0000] {logging_mixin.py:188} WARNING - /home/airflow/.local/lib/python3.12/site-packages/airflow/settings.py:195 DeprecationWarning: The sql_alchemy_conn option in [core] has been moved to the sql_alchemy_conn option in [database] - the old setting has been used, but please update your config.
[2024-07-14T04:09:31.447+0000] {task_command.py:426} INFO - Running <TaskInstance: ELT-PROJECT.transform.raw_orders.run scheduled__2024-06-27T00:00:00+00:00 [running]> on host airflow-scheduler
[2024-07-14T04:09:32.159+0000] {taskinstance.py:2648} INFO - Exporting env vars: AIRFLOW_CTX_DAG_OWNER='Data-Ninja' AIRFLOW_CTX_DAG_ID='ELT-PROJECT' AIRFLOW_CTX_TASK_ID='transform.raw_orders.run' AIRFLOW_CTX_EXECUTION_DATE='2024-06-27T00:00:00+00:00' AIRFLOW_CTX_TRY_NUMBER='1' AIRFLOW_CTX_DAG_RUN_ID='scheduled__2024-06-27T00:00:00+00:00'
[2024-07-14T04:09:32.173+0000] {taskinstance.py:430} INFO - ::endgroup::
[2024-07-14T04:09:32.177+0000] {local.py:174} INFO - Could not import dbtRunner. Falling back to subprocess for invoking dbt.
[2024-07-14T04:09:32.180+0000] {local.py:292} INFO - Cloning project to writable temp directory /tmp/tmpfm_xxstl from /opt/airflow/dags/dbt/dbt_project
[2024-07-14T04:09:32.208+0000] {local.py:303} INFO - Partial parse is enabled and the latest partial parse file is /tmp/cosmos/ELT-PROJECT__transform/target/partial_parse.msgpack
[2024-07-14T04:09:32.351+0000] {base.py:84} INFO - Using connection ID 'snow_conn' for task execution.
[2024-07-14T04:09:32.359+0000] {crypto.py:82} WARNING - empty cryptography key - values will not be stored encrypted.
[2024-07-14T04:09:32.371+0000] {config.py:298} INFO - Profile caching is enable.
[2024-07-14T04:09:32.383+0000] {config.py:272} INFO - Profile found in cache using profile: /tmp/cosmos/profile/a0017dab0633177292578162811b91dcb9c56d6e54017e9660056cc364a762ad/profiles.yml.
[2024-07-14T04:09:32.394+0000] {local.py:247} INFO - Trying to run the command:
 ['/opt/airflow/dbt_venv/bin/dbt', 'deps', '--project-dir', '/tmp/tmpfm_xxstl', '--profiles-dir', '/tmp/cosmos/profile/a0017dab0633177292578162811b91dcb9c56d6e54017e9660056cc364a762ad', '--profile', 'dbt_project', '--target', 'dev']
From /tmp/tmpfm_xxstl
[2024-07-14T04:09:32.403+0000] {subprocess.py:60} INFO - Tmp dir root location: 
 /tmp
[2024-07-14T04:09:32.417+0000] {subprocess.py:73} INFO - Running command: ['/opt/airflow/dbt_venv/bin/dbt', 'deps', '--project-dir', '/tmp/tmpfm_xxstl', '--profiles-dir', '/tmp/cosmos/profile/a0017dab0633177292578162811b91dcb9c56d6e54017e9660056cc364a762ad', '--profile', 'dbt_project', '--target', 'dev']
[2024-07-14T04:09:32.510+0000] {subprocess.py:84} INFO - Command output:
[2024-07-14T04:09:49.754+0000] {subprocess.py:94} INFO - [0m04:09:49  Running with dbt=1.8.3
[2024-07-14T04:09:50.865+0000] {subprocess.py:94} INFO - [0m04:09:50  Updating lock file in file path: /tmp/tmpfm_xxstl/package-lock.yml
[2024-07-14T04:09:50.927+0000] {subprocess.py:94} INFO - [0m04:09:50  Installing dbt-labs/dbt_utils
[2024-07-14T04:09:52.016+0000] {subprocess.py:94} INFO - [0m04:09:52  Installed from version 0.8.6
[2024-07-14T04:09:52.041+0000] {subprocess.py:94} INFO - [0m04:09:52  Updated version available: 1.2.0
[2024-07-14T04:09:52.048+0000] {subprocess.py:94} INFO - [0m04:09:52
[2024-07-14T04:09:52.073+0000] {subprocess.py:94} INFO - [0m04:09:52  Updates available for packages: ['dbt-labs/dbt_utils']
[2024-07-14T04:09:52.075+0000] {subprocess.py:94} INFO - Update your versions in packages.yml, then run dbt deps
[2024-07-14T04:09:54.265+0000] {subprocess.py:98} INFO - Command exited with return code 0
[2024-07-14T04:09:54.267+0000] {local.py:254} INFO - Update your versions in packages.yml, then run dbt deps
[2024-07-14T04:09:54.269+0000] {local.py:247} INFO - Trying to run the command:
 ['/opt/airflow/dbt_venv/bin/dbt', 'run', '--models', 'raw_orders', '--project-dir', '/tmp/tmpfm_xxstl', '--profiles-dir', '/tmp/cosmos/profile/a0017dab0633177292578162811b91dcb9c56d6e54017e9660056cc364a762ad', '--profile', 'dbt_project', '--target', 'dev']
From /tmp/tmpfm_xxstl
[2024-07-14T04:09:54.271+0000] {subprocess.py:60} INFO - Tmp dir root location: 
 /tmp
[2024-07-14T04:09:54.273+0000] {subprocess.py:73} INFO - Running command: ['/opt/airflow/dbt_venv/bin/dbt', 'run', '--models', 'raw_orders', '--project-dir', '/tmp/tmpfm_xxstl', '--profiles-dir', '/tmp/cosmos/profile/a0017dab0633177292578162811b91dcb9c56d6e54017e9660056cc364a762ad', '--profile', 'dbt_project', '--target', 'dev']
[2024-07-14T04:09:54.329+0000] {subprocess.py:84} INFO - Command output:
[2024-07-14T04:10:08.295+0000] {subprocess.py:94} INFO - [0m04:10:08  Running with dbt=1.8.3
[2024-07-14T04:10:13.839+0000] {subprocess.py:94} INFO - [0m04:10:13  Registered adapter: snowflake=1.8.3
[2024-07-14T04:10:18.511+0000] {subprocess.py:94} INFO - [0m04:10:18  Found 20 models, 27 data tests, 11 sources, 684 macros
[2024-07-14T04:10:18.524+0000] {subprocess.py:94} INFO - [0m04:10:18
[2024-07-14T04:10:25.889+0000] {subprocess.py:94} INFO - [0m04:10:25  Concurrency: 1 threads (target='dev')
[2024-07-14T04:10:25.895+0000] {subprocess.py:94} INFO - [0m04:10:25
[2024-07-14T04:10:26.038+0000] {subprocess.py:94} INFO - [0m04:10:26  1 of 1 START sql table model raw.raw_orders .................................... [RUN]
[2024-07-14T04:10:29.386+0000] {subprocess.py:94} INFO - [0m04:10:29  1 of 1 OK created sql table model raw.raw_orders ............................... [[32mSUCCESS 1[0m in 3.33s]
[2024-07-14T04:10:29.405+0000] {subprocess.py:94} INFO - [0m04:10:29
[2024-07-14T04:10:29.409+0000] {subprocess.py:94} INFO - [0m04:10:29  Finished running 1 table model in 0 hours 0 minutes and 10.88 seconds (10.88s).
[2024-07-14T04:10:29.972+0000] {subprocess.py:94} INFO - [0m04:10:29
[2024-07-14T04:10:29.976+0000] {subprocess.py:94} INFO - [0m04:10:29  [32mCompleted successfully[0m
[2024-07-14T04:10:29.982+0000] {subprocess.py:94} INFO - [0m04:10:29
[2024-07-14T04:10:29.989+0000] {subprocess.py:94} INFO - [0m04:10:29  Done. PASS=1 WARN=0 ERROR=0 SKIP=0 TOTAL=1
[2024-07-14T04:10:32.637+0000] {subprocess.py:98} INFO - Command exited with return code 0
[2024-07-14T04:10:32.639+0000] {local.py:254} INFO - [0m04:10:29  Done. PASS=1 WARN=0 ERROR=0 SKIP=0 TOTAL=1
[2024-07-14T04:10:33.238+0000] {local.py:196} WARNING - Artifact schema version: https://schemas.getdbt.com/dbt/manifest/v12.json is above dbt-ol supported version 7. This might cause errors.
[2024-07-14T04:10:33.259+0000] {local.py:196} WARNING - Artifact schema version: https://schemas.getdbt.com/dbt/run-results/v6.json is above dbt-ol supported version 5. This might cause errors.
[2024-07-14T04:10:33.281+0000] {local.py:349} INFO - Inlets: [Dataset(uri='snowflake://OU00370.europe-west2.gcp/ELT_BATCH.PUBLIC.orders', extra=None)]
[2024-07-14T04:10:33.283+0000] {local.py:350} INFO - Outlets: [Dataset(uri='snowflake://OU00370.europe-west2.gcp/ELT_BATCH.raw.raw_orders', extra=None)]
[2024-07-14T04:10:33.293+0000] {dag.py:3096} INFO - Sync 1 DAGs
[2024-07-14T04:10:33.688+0000] {taskinstance.py:441} INFO - ::group::Post task execution logs
[2024-07-14T04:10:33.937+0000] {taskinstance.py:1206} INFO - Marking task as SUCCESS. dag_id=ELT-PROJECT, task_id=transform.raw_orders.run, run_id=scheduled__2024-06-27T00:00:00+00:00, execution_date=20240627T000000, start_date=20240714T040930, end_date=20240714T041033
[2024-07-14T04:10:35.714+0000] {local_task_job_runner.py:240} INFO - Task exited with return code 0
[2024-07-14T04:10:35.967+0000] {taskinstance.py:3503} INFO - 1 downstream tasks scheduled from follow-on schedule check
[2024-07-14T04:10:36.001+0000] {local_task_job_runner.py:222} INFO - ::endgroup::
