[2024-06-26T23:19:42.677+0000] {local_task_job_runner.py:120} INFO - ::group::Pre task execution logs
[2024-06-26T23:19:42.745+0000] {taskinstance.py:2076} INFO - Dependencies all met for dep_context=non-requeueable deps ti=<TaskInstance: ELT-PROJECT.load.load_shippers scheduled__2024-06-25T00:00:00+00:00 [queued]>
[2024-06-26T23:19:42.782+0000] {taskinstance.py:2076} INFO - Dependencies all met for dep_context=requeueable deps ti=<TaskInstance: ELT-PROJECT.load.load_shippers scheduled__2024-06-25T00:00:00+00:00 [queued]>
[2024-06-26T23:19:42.786+0000] {taskinstance.py:2306} INFO - Starting attempt 1 of 2
[2024-06-26T23:19:42.869+0000] {taskinstance.py:2330} INFO - Executing <Task(_PythonDecoratedOperator): load.load_shippers> on 2024-06-25 00:00:00+00:00
[2024-06-26T23:19:42.915+0000] {logging_mixin.py:188} WARNING - /home/airflow/.local/lib/python3.12/site-packages/airflow/task/task_runner/standard_task_runner.py:61 DeprecationWarning: This process (pid=429) is multi-threaded, use of fork() may lead to deadlocks in the child.
[2024-06-26T23:19:42.929+0000] {standard_task_runner.py:63} INFO - Started process 458 to run task
[2024-06-26T23:19:42.919+0000] {standard_task_runner.py:90} INFO - Running: ['airflow', 'tasks', 'run', 'ELT-PROJECT', 'load.load_shippers', 'scheduled__2024-06-25T00:00:00+00:00', '--job-id', '267', '--raw', '--subdir', 'DAGS_FOLDER/elt.py', '--cfg-path', '/tmp/tmp6a_1iclu']
[2024-06-26T23:19:42.938+0000] {standard_task_runner.py:91} INFO - Job 267: Subtask load.load_shippers
[2024-06-26T23:19:43.020+0000] {logging_mixin.py:188} WARNING - /home/airflow/.local/lib/python3.12/site-packages/airflow/settings.py:195 DeprecationWarning: The sql_alchemy_conn option in [core] has been moved to the sql_alchemy_conn option in [database] - the old setting has been used, but please update your config.
[2024-06-26T23:19:43.205+0000] {task_command.py:426} INFO - Running <TaskInstance: ELT-PROJECT.load.load_shippers scheduled__2024-06-25T00:00:00+00:00 [running]> on host airflow-scheduler
[2024-06-26T23:19:44.017+0000] {taskinstance.py:2648} INFO - Exporting env vars: AIRFLOW_CTX_DAG_OWNER='Data-Ninja' AIRFLOW_CTX_DAG_ID='ELT-PROJECT' AIRFLOW_CTX_TASK_ID='load.load_shippers' AIRFLOW_CTX_EXECUTION_DATE='2024-06-25T00:00:00+00:00' AIRFLOW_CTX_TRY_NUMBER='1' AIRFLOW_CTX_DAG_RUN_ID='scheduled__2024-06-25T00:00:00+00:00'
[2024-06-26T23:19:44.028+0000] {taskinstance.py:430} INFO - ::endgroup::
[2024-06-26T23:19:44.042+0000] {connection.py:399} INFO - Snowflake Connector for Python Version: 3.10.1, Python Version: 3.12.4, Platform: Linux-5.15.133.1-microsoft-standard-WSL2-x86_64-with-glibc2.36
[2024-06-26T23:19:44.057+0000] {connection.py:1249} INFO - THIS CONNECTION IS IN INSECURE MODE. IT MEANS THE CERTIFICATE WILL BE VALIDATED BUT THE CERTIFICATE REVOCATION STATUS WILL NOT BE CHECKED.
[2024-06-26T23:19:45.224+0000] {ssl_wrap_socket.py:100} INFO - THIS CONNECTION IS IN INSECURE MODE. IT MEANS THE CERTIFICATE WILL BE VALIDATED BUT THE CERTIFICATE REVOCATION STATUS WILL NOT BE CHECKED.
[2024-06-26T23:19:45.794+0000] {logging_mixin.py:188} INFO - Nama kolom di DataFrame: Index(['shipperID', 'companyName', 'phone'], dtype='object')
[2024-06-26T23:19:46.209+0000] {cursor.py:1149} INFO - Number of results in first chunk: 1
[2024-06-26T23:19:46.826+0000] {ssl_wrap_socket.py:100} INFO - THIS CONNECTION IS IN INSECURE MODE. IT MEANS THE CERTIFICATE WILL BE VALIDATED BUT THE CERTIFICATE REVOCATION STATUS WILL NOT BE CHECKED.
[2024-06-26T23:19:49.531+0000] {cursor.py:1149} INFO - Number of results in first chunk: 1
[2024-06-26T23:19:50.161+0000] {cursor.py:1149} INFO - Number of results in first chunk: 3
[2024-06-26T23:19:50.549+0000] {cursor.py:1149} INFO - Number of results in first chunk: 1
[2024-06-26T23:19:51.254+0000] {cursor.py:1149} INFO - Number of results in first chunk: 1
[2024-06-26T23:19:52.728+0000] {cursor.py:1149} INFO - Number of results in first chunk: 1
[2024-06-26T23:19:52.729+0000] {logging_mixin.py:188} INFO - Done shippers.
[2024-06-26T23:19:52.730+0000] {connection.py:762} INFO - closed
[2024-06-26T23:19:53.066+0000] {connection.py:768} INFO - No async queries seem to be running, deleting session
[2024-06-26T23:19:53.410+0000] {python.py:237} INFO - Done. Returned value was: None
[2024-06-26T23:19:53.411+0000] {taskinstance.py:441} INFO - ::group::Post task execution logs
[2024-06-26T23:19:53.428+0000] {taskinstance.py:1206} INFO - Marking task as SUCCESS. dag_id=ELT-PROJECT, task_id=load.load_shippers, run_id=scheduled__2024-06-25T00:00:00+00:00, execution_date=20240625T000000, start_date=20240626T231942, end_date=20240626T231953
[2024-06-26T23:19:53.491+0000] {local_task_job_runner.py:240} INFO - Task exited with return code 0
[2024-06-26T23:19:53.576+0000] {taskinstance.py:3503} INFO - 0 downstream tasks scheduled from follow-on schedule check
[2024-06-26T23:19:53.579+0000] {local_task_job_runner.py:222} INFO - ::endgroup::
