[2024-07-14T04:37:17.993+0000] {local_task_job_runner.py:120} INFO - ::group::Pre task execution logs
[2024-07-14T04:37:18.343+0000] {taskinstance.py:2076} INFO - Dependencies all met for dep_context=non-requeueable deps ti=<TaskInstance: ELT-PROJECT.transform.raw_shippers.run scheduled__2024-07-10T00:00:00+00:00 [queued]>
[2024-07-14T04:37:18.396+0000] {taskinstance.py:2076} INFO - Dependencies all met for dep_context=requeueable deps ti=<TaskInstance: ELT-PROJECT.transform.raw_shippers.run scheduled__2024-07-10T00:00:00+00:00 [queued]>
[2024-07-14T04:37:18.400+0000] {taskinstance.py:2306} INFO - Starting attempt 1 of 2
[2024-07-14T04:37:18.469+0000] {taskinstance.py:2330} INFO - Executing <Task(DbtRunLocalOperator): transform.raw_shippers.run> on 2024-07-10 00:00:00+00:00
[2024-07-14T04:37:18.520+0000] {logging_mixin.py:188} WARNING - /home/airflow/.local/lib/python3.12/site-packages/airflow/task/task_runner/standard_task_runner.py:61 DeprecationWarning: This process (pid=19544) is multi-threaded, use of fork() may lead to deadlocks in the child.
[2024-07-14T04:37:18.522+0000] {standard_task_runner.py:63} INFO - Started process 19566 to run task
[2024-07-14T04:37:18.518+0000] {standard_task_runner.py:90} INFO - Running: ['airflow', 'tasks', 'run', 'ELT-PROJECT', 'transform.raw_shippers.run', 'scheduled__2024-07-10T00:00:00+00:00', '--job-id', '1478', '--raw', '--subdir', 'DAGS_FOLDER/elt.py', '--cfg-path', '/tmp/tmpsb51iacf']
[2024-07-14T04:37:18.539+0000] {standard_task_runner.py:91} INFO - Job 1478: Subtask transform.raw_shippers.run
[2024-07-14T04:37:18.623+0000] {logging_mixin.py:188} WARNING - /home/airflow/.local/lib/python3.12/site-packages/airflow/settings.py:195 DeprecationWarning: The sql_alchemy_conn option in [core] has been moved to the sql_alchemy_conn option in [database] - the old setting has been used, but please update your config.
[2024-07-14T04:37:18.815+0000] {task_command.py:426} INFO - Running <TaskInstance: ELT-PROJECT.transform.raw_shippers.run scheduled__2024-07-10T00:00:00+00:00 [running]> on host airflow-scheduler
[2024-07-14T04:37:19.348+0000] {taskinstance.py:2648} INFO - Exporting env vars: AIRFLOW_CTX_DAG_OWNER='Data-Ninja' AIRFLOW_CTX_DAG_ID='ELT-PROJECT' AIRFLOW_CTX_TASK_ID='transform.raw_shippers.run' AIRFLOW_CTX_EXECUTION_DATE='2024-07-10T00:00:00+00:00' AIRFLOW_CTX_TRY_NUMBER='1' AIRFLOW_CTX_DAG_RUN_ID='scheduled__2024-07-10T00:00:00+00:00'
[2024-07-14T04:37:19.353+0000] {taskinstance.py:430} INFO - ::endgroup::
[2024-07-14T04:37:19.360+0000] {local.py:174} INFO - Could not import dbtRunner. Falling back to subprocess for invoking dbt.
[2024-07-14T04:37:19.364+0000] {local.py:292} INFO - Cloning project to writable temp directory /tmp/tmponwbzulu from /opt/airflow/dags/dbt/dbt_project
[2024-07-14T04:37:19.409+0000] {local.py:303} INFO - Partial parse is enabled and the latest partial parse file is /tmp/cosmos/ELT-PROJECT__transform/target/partial_parse.msgpack
[2024-07-14T04:37:19.660+0000] {base.py:84} INFO - Using connection ID 'snow_conn' for task execution.
[2024-07-14T04:37:19.671+0000] {crypto.py:82} WARNING - empty cryptography key - values will not be stored encrypted.
[2024-07-14T04:37:19.676+0000] {config.py:298} INFO - Profile caching is enable.
[2024-07-14T04:37:19.697+0000] {config.py:272} INFO - Profile found in cache using profile: /tmp/cosmos/profile/a0017dab0633177292578162811b91dcb9c56d6e54017e9660056cc364a762ad/profiles.yml.
[2024-07-14T04:37:19.708+0000] {local.py:247} INFO - Trying to run the command:
 ['/opt/airflow/dbt_venv/bin/dbt', 'deps', '--project-dir', '/tmp/tmponwbzulu', '--profiles-dir', '/tmp/cosmos/profile/a0017dab0633177292578162811b91dcb9c56d6e54017e9660056cc364a762ad', '--profile', 'dbt_project', '--target', 'dev']
From /tmp/tmponwbzulu
[2024-07-14T04:37:19.714+0000] {subprocess.py:60} INFO - Tmp dir root location: 
 /tmp
[2024-07-14T04:37:19.729+0000] {subprocess.py:73} INFO - Running command: ['/opt/airflow/dbt_venv/bin/dbt', 'deps', '--project-dir', '/tmp/tmponwbzulu', '--profiles-dir', '/tmp/cosmos/profile/a0017dab0633177292578162811b91dcb9c56d6e54017e9660056cc364a762ad', '--profile', 'dbt_project', '--target', 'dev']
[2024-07-14T04:37:19.860+0000] {subprocess.py:84} INFO - Command output:
[2024-07-14T04:37:36.708+0000] {subprocess.py:94} INFO - [0m04:37:36  Running with dbt=1.8.3
[2024-07-14T04:37:38.668+0000] {subprocess.py:94} INFO - [0m04:37:38  Updating lock file in file path: /tmp/tmponwbzulu/package-lock.yml
[2024-07-14T04:37:38.707+0000] {subprocess.py:94} INFO - [0m04:37:38  Installing dbt-labs/dbt_utils
[2024-07-14T04:37:39.654+0000] {subprocess.py:94} INFO - [0m04:37:39  Installed from version 0.8.6
[2024-07-14T04:37:39.668+0000] {subprocess.py:94} INFO - [0m04:37:39  Updated version available: 1.2.0
[2024-07-14T04:37:39.674+0000] {subprocess.py:94} INFO - [0m04:37:39
[2024-07-14T04:37:39.681+0000] {subprocess.py:94} INFO - [0m04:37:39  Updates available for packages: ['dbt-labs/dbt_utils']
[2024-07-14T04:37:39.691+0000] {subprocess.py:94} INFO - Update your versions in packages.yml, then run dbt deps
[2024-07-14T04:37:42.648+0000] {subprocess.py:98} INFO - Command exited with return code 0
[2024-07-14T04:37:42.651+0000] {local.py:254} INFO - Update your versions in packages.yml, then run dbt deps
[2024-07-14T04:37:42.654+0000] {local.py:247} INFO - Trying to run the command:
 ['/opt/airflow/dbt_venv/bin/dbt', 'run', '--models', 'raw_shippers', '--project-dir', '/tmp/tmponwbzulu', '--profiles-dir', '/tmp/cosmos/profile/a0017dab0633177292578162811b91dcb9c56d6e54017e9660056cc364a762ad', '--profile', 'dbt_project', '--target', 'dev']
From /tmp/tmponwbzulu
[2024-07-14T04:37:42.661+0000] {subprocess.py:60} INFO - Tmp dir root location: 
 /tmp
[2024-07-14T04:37:42.686+0000] {subprocess.py:73} INFO - Running command: ['/opt/airflow/dbt_venv/bin/dbt', 'run', '--models', 'raw_shippers', '--project-dir', '/tmp/tmponwbzulu', '--profiles-dir', '/tmp/cosmos/profile/a0017dab0633177292578162811b91dcb9c56d6e54017e9660056cc364a762ad', '--profile', 'dbt_project', '--target', 'dev']
[2024-07-14T04:37:42.762+0000] {subprocess.py:84} INFO - Command output:
[2024-07-14T04:37:58.422+0000] {subprocess.py:94} INFO - [0m04:37:58  Running with dbt=1.8.3
[2024-07-14T04:38:01.797+0000] {subprocess.py:94} INFO - [0m04:38:01  Registered adapter: snowflake=1.8.3
[2024-07-14T04:38:05.091+0000] {subprocess.py:94} INFO - [0m04:38:05  Found 20 models, 27 data tests, 11 sources, 684 macros
[2024-07-14T04:38:05.109+0000] {subprocess.py:94} INFO - [0m04:38:05
[2024-07-14T04:38:13.859+0000] {subprocess.py:94} INFO - [0m04:38:13  Concurrency: 1 threads (target='dev')
[2024-07-14T04:38:13.868+0000] {subprocess.py:94} INFO - [0m04:38:13
[2024-07-14T04:38:13.951+0000] {subprocess.py:94} INFO - [0m04:38:13  1 of 1 START sql table model raw.raw_shippers .................................. [RUN]
[2024-07-14T04:38:17.329+0000] {subprocess.py:94} INFO - [0m04:38:17  1 of 1 OK created sql table model raw.raw_shippers ............................. [[32mSUCCESS 1[0m in 3.34s]
[2024-07-14T04:38:17.363+0000] {subprocess.py:94} INFO - [0m04:38:17
[2024-07-14T04:38:17.366+0000] {subprocess.py:94} INFO - [0m04:38:17  Finished running 1 table model in 0 hours 0 minutes and 12.24 seconds (12.24s).
[2024-07-14T04:38:18.246+0000] {subprocess.py:94} INFO - [0m04:38:18
[2024-07-14T04:38:18.264+0000] {subprocess.py:94} INFO - [0m04:38:18  [32mCompleted successfully[0m
[2024-07-14T04:38:18.267+0000] {subprocess.py:94} INFO - [0m04:38:18
[2024-07-14T04:38:18.288+0000] {subprocess.py:94} INFO - [0m04:38:18  Done. PASS=1 WARN=0 ERROR=0 SKIP=0 TOTAL=1
[2024-07-14T04:38:21.135+0000] {subprocess.py:98} INFO - Command exited with return code 0
[2024-07-14T04:38:21.143+0000] {local.py:254} INFO - [0m04:38:18  Done. PASS=1 WARN=0 ERROR=0 SKIP=0 TOTAL=1
[2024-07-14T04:38:22.746+0000] {local.py:196} WARNING - Artifact schema version: https://schemas.getdbt.com/dbt/manifest/v12.json is above dbt-ol supported version 7. This might cause errors.
[2024-07-14T04:38:22.759+0000] {local.py:196} WARNING - Artifact schema version: https://schemas.getdbt.com/dbt/run-results/v6.json is above dbt-ol supported version 5. This might cause errors.
[2024-07-14T04:38:22.816+0000] {local.py:349} INFO - Inlets: [Dataset(uri='snowflake://OU00370.europe-west2.gcp/ELT_BATCH.PUBLIC.shippers', extra=None)]
[2024-07-14T04:38:22.836+0000] {local.py:350} INFO - Outlets: [Dataset(uri='snowflake://OU00370.europe-west2.gcp/ELT_BATCH.raw.raw_shippers', extra=None)]
[2024-07-14T04:38:22.847+0000] {dag.py:3096} INFO - Sync 1 DAGs
[2024-07-14T04:38:23.223+0000] {taskinstance.py:441} INFO - ::group::Post task execution logs
[2024-07-14T04:38:23.437+0000] {taskinstance.py:1206} INFO - Marking task as SUCCESS. dag_id=ELT-PROJECT, task_id=transform.raw_shippers.run, run_id=scheduled__2024-07-10T00:00:00+00:00, execution_date=20240710T000000, start_date=20240714T043718, end_date=20240714T043823
[2024-07-14T04:38:23.680+0000] {local_task_job_runner.py:240} INFO - Task exited with return code 0
[2024-07-14T04:38:24.026+0000] {taskinstance.py:3503} INFO - 1 downstream tasks scheduled from follow-on schedule check
[2024-07-14T04:38:24.047+0000] {local_task_job_runner.py:222} INFO - ::endgroup::
