[2024-07-09T20:25:34.207+0000] {local_task_job_runner.py:120} INFO - ::group::Pre task execution logs
[2024-07-09T20:25:34.328+0000] {taskinstance.py:2076} INFO - Dependencies all met for dep_context=non-requeueable deps ti=<TaskInstance: ELT-PROJECT.wait_until_all_connections_closed manual__2024-07-09T20:25:25.664667+00:00 [queued]>
[2024-07-09T20:25:34.435+0000] {taskinstance.py:2076} INFO - Dependencies all met for dep_context=requeueable deps ti=<TaskInstance: ELT-PROJECT.wait_until_all_connections_closed manual__2024-07-09T20:25:25.664667+00:00 [queued]>
[2024-07-09T20:25:34.437+0000] {taskinstance.py:2306} INFO - Starting attempt 1 of 2
[2024-07-09T20:25:34.533+0000] {taskinstance.py:2330} INFO - Executing <Task(TimeDeltaSensor): wait_until_all_connections_closed> on 2024-07-09 20:25:25.664667+00:00
[2024-07-09T20:25:34.607+0000] {standard_task_runner.py:90} INFO - Running: ['airflow', 'tasks', 'run', 'ELT-PROJECT', 'wait_until_all_connections_closed', 'manual__2024-07-09T20:25:25.664667+00:00', '--job-id', '94', '--raw', '--subdir', 'DAGS_FOLDER/elt.py', '--cfg-path', '/tmp/tmp9bezaz0b']
[2024-07-09T20:25:34.640+0000] {standard_task_runner.py:91} INFO - Job 94: Subtask wait_until_all_connections_closed
[2024-07-09T20:25:34.632+0000] {logging_mixin.py:188} WARNING - /home/airflow/.local/lib/python3.12/site-packages/airflow/task/task_runner/standard_task_runner.py:61 DeprecationWarning: This process (pid=8023) is multi-threaded, use of fork() may lead to deadlocks in the child.
[2024-07-09T20:25:34.668+0000] {standard_task_runner.py:63} INFO - Started process 8059 to run task
[2024-07-09T20:25:34.759+0000] {logging_mixin.py:188} WARNING - /home/airflow/.local/lib/python3.12/site-packages/airflow/settings.py:195 DeprecationWarning: The sql_alchemy_conn option in [core] has been moved to the sql_alchemy_conn option in [database] - the old setting has been used, but please update your config.
[2024-07-09T20:25:34.964+0000] {task_command.py:426} INFO - Running <TaskInstance: ELT-PROJECT.wait_until_all_connections_closed manual__2024-07-09T20:25:25.664667+00:00 [running]> on host airflow-scheduler
[2024-07-09T20:25:35.412+0000] {taskinstance.py:2648} INFO - Exporting env vars: AIRFLOW_CTX_DAG_OWNER='Data-Ninja' AIRFLOW_CTX_DAG_ID='ELT-PROJECT' AIRFLOW_CTX_TASK_ID='wait_until_all_connections_closed' AIRFLOW_CTX_EXECUTION_DATE='2024-07-09T20:25:25.664667+00:00' AIRFLOW_CTX_TRY_NUMBER='1' AIRFLOW_CTX_DAG_RUN_ID='manual__2024-07-09T20:25:25.664667+00:00'
[2024-07-09T20:25:35.421+0000] {taskinstance.py:430} INFO - ::endgroup::
[2024-07-09T20:25:35.433+0000] {time_delta.py:51} INFO - Checking if the time (2024-07-09 20:25:35.664667+00:00) has come
[2024-07-09T20:26:35.438+0000] {time_delta.py:51} INFO - Checking if the time (2024-07-09 20:25:35.664667+00:00) has come
[2024-07-09T20:26:35.439+0000] {base.py:294} INFO - Success criteria met. Exiting.
[2024-07-09T20:26:35.440+0000] {taskinstance.py:441} INFO - ::group::Post task execution logs
[2024-07-09T20:26:35.459+0000] {taskinstance.py:1206} INFO - Marking task as SUCCESS. dag_id=ELT-PROJECT, task_id=wait_until_all_connections_closed, run_id=manual__2024-07-09T20:25:25.664667+00:00, execution_date=20240709T202525, start_date=20240709T202534, end_date=20240709T202635
[2024-07-09T20:26:35.497+0000] {local_task_job_runner.py:240} INFO - Task exited with return code 0
[2024-07-09T20:26:35.527+0000] {taskinstance.py:3503} INFO - 0 downstream tasks scheduled from follow-on schedule check
[2024-07-09T20:26:35.534+0000] {local_task_job_runner.py:222} INFO - ::endgroup::
