[2024-07-14T04:41:01.942+0000] {local_task_job_runner.py:120} INFO - ::group::Pre task execution logs
[2024-07-14T04:41:02.090+0000] {taskinstance.py:2076} INFO - Dependencies all met for dep_context=non-requeueable deps ti=<TaskInstance: ELT-PROJECT.transform.gross_revenue_run scheduled__2024-07-01T00:00:00+00:00 [queued]>
[2024-07-14T04:41:02.186+0000] {taskinstance.py:2076} INFO - Dependencies all met for dep_context=requeueable deps ti=<TaskInstance: ELT-PROJECT.transform.gross_revenue_run scheduled__2024-07-01T00:00:00+00:00 [queued]>
[2024-07-14T04:41:02.191+0000] {taskinstance.py:2306} INFO - Starting attempt 1 of 2
[2024-07-14T04:41:02.335+0000] {taskinstance.py:2330} INFO - Executing <Task(DbtRunLocalOperator): transform.gross_revenue_run> on 2024-07-01 00:00:00+00:00
[2024-07-14T04:41:02.372+0000] {logging_mixin.py:188} WARNING - /home/airflow/.local/lib/python3.12/site-packages/airflow/task/task_runner/standard_task_runner.py:61 DeprecationWarning: This process (pid=20458) is multi-threaded, use of fork() may lead to deadlocks in the child.
[2024-07-14T04:41:02.375+0000] {standard_task_runner.py:63} INFO - Started process 20486 to run task
[2024-07-14T04:41:02.397+0000] {standard_task_runner.py:90} INFO - Running: ['airflow', 'tasks', 'run', 'ELT-PROJECT', 'transform.gross_revenue_run', 'scheduled__2024-07-01T00:00:00+00:00', '--job-id', '1542', '--raw', '--subdir', 'DAGS_FOLDER/elt.py', '--cfg-path', '/tmp/tmpcixswkgy']
[2024-07-14T04:41:02.412+0000] {standard_task_runner.py:91} INFO - Job 1542: Subtask transform.gross_revenue_run
[2024-07-14T04:41:02.526+0000] {logging_mixin.py:188} WARNING - /home/airflow/.local/lib/python3.12/site-packages/airflow/settings.py:195 DeprecationWarning: The sql_alchemy_conn option in [core] has been moved to the sql_alchemy_conn option in [database] - the old setting has been used, but please update your config.
[2024-07-14T04:41:02.797+0000] {task_command.py:426} INFO - Running <TaskInstance: ELT-PROJECT.transform.gross_revenue_run scheduled__2024-07-01T00:00:00+00:00 [running]> on host airflow-scheduler
[2024-07-14T04:41:03.523+0000] {taskinstance.py:2648} INFO - Exporting env vars: AIRFLOW_CTX_DAG_OWNER='Data-Ninja' AIRFLOW_CTX_DAG_ID='ELT-PROJECT' AIRFLOW_CTX_TASK_ID='transform.gross_revenue_run' AIRFLOW_CTX_EXECUTION_DATE='2024-07-01T00:00:00+00:00' AIRFLOW_CTX_TRY_NUMBER='1' AIRFLOW_CTX_DAG_RUN_ID='scheduled__2024-07-01T00:00:00+00:00'
[2024-07-14T04:41:03.531+0000] {taskinstance.py:430} INFO - ::endgroup::
[2024-07-14T04:41:03.539+0000] {local.py:174} INFO - Could not import dbtRunner. Falling back to subprocess for invoking dbt.
[2024-07-14T04:41:03.553+0000] {local.py:292} INFO - Cloning project to writable temp directory /tmp/tmp6r2x47gn from /opt/airflow/dags/dbt/dbt_project
[2024-07-14T04:41:03.579+0000] {local.py:303} INFO - Partial parse is enabled and the latest partial parse file is /tmp/cosmos/ELT-PROJECT__transform/target/partial_parse.msgpack
[2024-07-14T04:41:04.525+0000] {base.py:84} INFO - Using connection ID 'snow_conn' for task execution.
[2024-07-14T04:41:04.545+0000] {crypto.py:82} WARNING - empty cryptography key - values will not be stored encrypted.
[2024-07-14T04:41:04.560+0000] {config.py:298} INFO - Profile caching is enable.
[2024-07-14T04:41:04.567+0000] {config.py:272} INFO - Profile found in cache using profile: /tmp/cosmos/profile/a0017dab0633177292578162811b91dcb9c56d6e54017e9660056cc364a762ad/profiles.yml.
[2024-07-14T04:41:04.572+0000] {local.py:247} INFO - Trying to run the command:
 ['/opt/airflow/dbt_venv/bin/dbt', 'deps', '--project-dir', '/tmp/tmp6r2x47gn', '--profiles-dir', '/tmp/cosmos/profile/a0017dab0633177292578162811b91dcb9c56d6e54017e9660056cc364a762ad', '--profile', 'dbt_project', '--target', 'dev']
From /tmp/tmp6r2x47gn
[2024-07-14T04:41:04.583+0000] {subprocess.py:60} INFO - Tmp dir root location: 
 /tmp
[2024-07-14T04:41:04.610+0000] {subprocess.py:73} INFO - Running command: ['/opt/airflow/dbt_venv/bin/dbt', 'deps', '--project-dir', '/tmp/tmp6r2x47gn', '--profiles-dir', '/tmp/cosmos/profile/a0017dab0633177292578162811b91dcb9c56d6e54017e9660056cc364a762ad', '--profile', 'dbt_project', '--target', 'dev']
[2024-07-14T04:41:04.658+0000] {subprocess.py:84} INFO - Command output:
[2024-07-14T04:41:20.977+0000] {subprocess.py:94} INFO - [0m04:41:20  Running with dbt=1.8.3
[2024-07-14T04:41:23.788+0000] {subprocess.py:94} INFO - [0m04:41:23  Updating lock file in file path: /tmp/tmp6r2x47gn/package-lock.yml
[2024-07-14T04:41:23.835+0000] {subprocess.py:94} INFO - [0m04:41:23  Installing dbt-labs/dbt_utils
[2024-07-14T04:41:24.792+0000] {subprocess.py:94} INFO - [0m04:41:24  Installed from version 0.8.6
[2024-07-14T04:41:24.795+0000] {subprocess.py:94} INFO - [0m04:41:24  Updated version available: 1.2.0
[2024-07-14T04:41:24.802+0000] {subprocess.py:94} INFO - [0m04:41:24
[2024-07-14T04:41:24.806+0000] {subprocess.py:94} INFO - [0m04:41:24  Updates available for packages: ['dbt-labs/dbt_utils']
[2024-07-14T04:41:24.810+0000] {subprocess.py:94} INFO - Update your versions in packages.yml, then run dbt deps
[2024-07-14T04:41:26.825+0000] {subprocess.py:98} INFO - Command exited with return code 0
[2024-07-14T04:41:26.830+0000] {local.py:254} INFO - Update your versions in packages.yml, then run dbt deps
[2024-07-14T04:41:26.834+0000] {local.py:247} INFO - Trying to run the command:
 ['/opt/airflow/dbt_venv/bin/dbt', 'run', '--models', 'gross_revenue', '--project-dir', '/tmp/tmp6r2x47gn', '--profiles-dir', '/tmp/cosmos/profile/a0017dab0633177292578162811b91dcb9c56d6e54017e9660056cc364a762ad', '--profile', 'dbt_project', '--target', 'dev']
From /tmp/tmp6r2x47gn
[2024-07-14T04:41:26.840+0000] {subprocess.py:60} INFO - Tmp dir root location: 
 /tmp
[2024-07-14T04:41:26.843+0000] {subprocess.py:73} INFO - Running command: ['/opt/airflow/dbt_venv/bin/dbt', 'run', '--models', 'gross_revenue', '--project-dir', '/tmp/tmp6r2x47gn', '--profiles-dir', '/tmp/cosmos/profile/a0017dab0633177292578162811b91dcb9c56d6e54017e9660056cc364a762ad', '--profile', 'dbt_project', '--target', 'dev']
[2024-07-14T04:41:26.883+0000] {subprocess.py:84} INFO - Command output:
[2024-07-14T04:41:45.922+0000] {subprocess.py:94} INFO - [0m04:41:45  Running with dbt=1.8.3
[2024-07-14T04:41:51.418+0000] {subprocess.py:94} INFO - [0m04:41:51  Registered adapter: snowflake=1.8.3
[2024-07-14T04:41:56.390+0000] {subprocess.py:94} INFO - [0m04:41:56  Found 20 models, 27 data tests, 11 sources, 684 macros
[2024-07-14T04:41:56.408+0000] {subprocess.py:94} INFO - [0m04:41:56
[2024-07-14T04:42:04.732+0000] {subprocess.py:94} INFO - [0m04:42:04  Concurrency: 1 threads (target='dev')
[2024-07-14T04:42:04.735+0000] {subprocess.py:94} INFO - [0m04:42:04
[2024-07-14T04:42:04.766+0000] {subprocess.py:94} INFO - [0m04:42:04  1 of 1 START sql table model dm.gross_revenue .................................. [RUN]
[2024-07-14T04:42:08.501+0000] {subprocess.py:94} INFO - [0m04:42:08  1 of 1 OK created sql table model dm.gross_revenue ............................. [[32mSUCCESS 1[0m in 3.72s]
[2024-07-14T04:42:08.537+0000] {subprocess.py:94} INFO - [0m04:42:08
[2024-07-14T04:42:08.540+0000] {subprocess.py:94} INFO - [0m04:42:08  Finished running 1 table model in 0 hours 0 minutes and 12.13 seconds (12.13s).
[2024-07-14T04:42:08.965+0000] {subprocess.py:94} INFO - [0m04:42:08
[2024-07-14T04:42:08.971+0000] {subprocess.py:94} INFO - [0m04:42:08  [32mCompleted successfully[0m
[2024-07-14T04:42:08.975+0000] {subprocess.py:94} INFO - [0m04:42:08
[2024-07-14T04:42:08.977+0000] {subprocess.py:94} INFO - [0m04:42:08  Done. PASS=1 WARN=0 ERROR=0 SKIP=0 TOTAL=1
[2024-07-14T04:42:11.405+0000] {subprocess.py:98} INFO - Command exited with return code 0
[2024-07-14T04:42:11.411+0000] {local.py:254} INFO - [0m04:42:08  Done. PASS=1 WARN=0 ERROR=0 SKIP=0 TOTAL=1
[2024-07-14T04:42:11.487+0000] {local.py:196} WARNING - Artifact schema version: https://schemas.getdbt.com/dbt/manifest/v12.json is above dbt-ol supported version 7. This might cause errors.
[2024-07-14T04:42:11.496+0000] {local.py:196} WARNING - Artifact schema version: https://schemas.getdbt.com/dbt/run-results/v6.json is above dbt-ol supported version 5. This might cause errors.
[2024-07-14T04:42:11.521+0000] {local.py:349} INFO - Inlets: [Dataset(uri='snowflake://OU00370.europe-west2.gcp/ELT_BATCH.dwh.dim_products', extra=None), Dataset(uri='snowflake://OU00370.europe-west2.gcp/ELT_BATCH.dwh.dim_suppliers', extra=None), Dataset(uri='snowflake://OU00370.europe-west2.gcp/ELT_BATCH.dwh.fact_order_details', extra=None), Dataset(uri='snowflake://OU00370.europe-west2.gcp/ELT_BATCH.dwh.fact_orders', extra=None)]
[2024-07-14T04:42:11.523+0000] {local.py:350} INFO - Outlets: [Dataset(uri='snowflake://OU00370.europe-west2.gcp/ELT_BATCH.dm.gross_revenue', extra=None)]
[2024-07-14T04:42:11.532+0000] {dag.py:3096} INFO - Sync 1 DAGs
[2024-07-14T04:42:11.724+0000] {dag.py:3954} INFO - Setting next_dagrun for ELT-PROJECT to 2024-07-14 00:00:00+00:00, run_after=2024-07-15 00:00:00+00:00
[2024-07-14T04:42:11.927+0000] {taskinstance.py:441} INFO - ::group::Post task execution logs
[2024-07-14T04:42:12.122+0000] {taskinstance.py:1206} INFO - Marking task as SUCCESS. dag_id=ELT-PROJECT, task_id=transform.gross_revenue_run, run_id=scheduled__2024-07-01T00:00:00+00:00, execution_date=20240701T000000, start_date=20240714T044102, end_date=20240714T044212
[2024-07-14T04:42:12.346+0000] {local_task_job_runner.py:240} INFO - Task exited with return code 0
[2024-07-14T04:42:12.577+0000] {taskinstance.py:3503} INFO - 0 downstream tasks scheduled from follow-on schedule check
[2024-07-14T04:42:12.593+0000] {local_task_job_runner.py:222} INFO - ::endgroup::
