[2024-07-14T03:25:33.186+0000] {local_task_job_runner.py:120} INFO - ::group::Pre task execution logs
[2024-07-14T03:25:33.269+0000] {taskinstance.py:2076} INFO - Dependencies all met for dep_context=non-requeueable deps ti=<TaskInstance: ELT-PROJECT.load.load_employee_territories manual__2024-07-14T03:25:17.009601+00:00 [queued]>
[2024-07-14T03:25:33.313+0000] {taskinstance.py:2076} INFO - Dependencies all met for dep_context=requeueable deps ti=<TaskInstance: ELT-PROJECT.load.load_employee_territories manual__2024-07-14T03:25:17.009601+00:00 [queued]>
[2024-07-14T03:25:33.315+0000] {taskinstance.py:2306} INFO - Starting attempt 1 of 2
[2024-07-14T03:25:33.381+0000] {taskinstance.py:2330} INFO - Executing <Task(_PythonDecoratedOperator): load.load_employee_territories> on 2024-07-14 03:25:17.009601+00:00
[2024-07-14T03:25:33.422+0000] {logging_mixin.py:188} WARNING - /home/airflow/.local/lib/python3.12/site-packages/airflow/task/task_runner/standard_task_runner.py:61 DeprecationWarning: This process (pid=6720) is multi-threaded, use of fork() may lead to deadlocks in the child.
[2024-07-14T03:25:33.433+0000] {standard_task_runner.py:63} INFO - Started process 6737 to run task
[2024-07-14T03:25:33.441+0000] {standard_task_runner.py:90} INFO - Running: ['airflow', 'tasks', 'run', 'ELT-PROJECT', 'load.load_employee_territories', 'manual__2024-07-14T03:25:17.009601+00:00', '--job-id', '563', '--raw', '--subdir', 'DAGS_FOLDER/elt.py', '--cfg-path', '/tmp/tmprgdj9vg9']
[2024-07-14T03:25:33.450+0000] {standard_task_runner.py:91} INFO - Job 563: Subtask load.load_employee_territories
[2024-07-14T03:25:33.526+0000] {logging_mixin.py:188} WARNING - /home/airflow/.local/lib/python3.12/site-packages/airflow/settings.py:195 DeprecationWarning: The sql_alchemy_conn option in [core] has been moved to the sql_alchemy_conn option in [database] - the old setting has been used, but please update your config.
[2024-07-14T03:25:33.673+0000] {task_command.py:426} INFO - Running <TaskInstance: ELT-PROJECT.load.load_employee_territories manual__2024-07-14T03:25:17.009601+00:00 [running]> on host airflow-scheduler
[2024-07-14T03:25:35.405+0000] {taskinstance.py:2648} INFO - Exporting env vars: AIRFLOW_CTX_DAG_OWNER='Data-Ninja' AIRFLOW_CTX_DAG_ID='ELT-PROJECT' AIRFLOW_CTX_TASK_ID='load.load_employee_territories' AIRFLOW_CTX_EXECUTION_DATE='2024-07-14T03:25:17.009601+00:00' AIRFLOW_CTX_TRY_NUMBER='1' AIRFLOW_CTX_DAG_RUN_ID='manual__2024-07-14T03:25:17.009601+00:00'
[2024-07-14T03:25:35.413+0000] {taskinstance.py:430} INFO - ::endgroup::
[2024-07-14T03:25:35.448+0000] {connection.py:399} INFO - Snowflake Connector for Python Version: 3.10.1, Python Version: 3.12.4, Platform: Linux-5.15.133.1-microsoft-standard-WSL2-x86_64-with-glibc2.36
[2024-07-14T03:25:35.452+0000] {connection.py:1249} INFO - THIS CONNECTION IS IN INSECURE MODE. IT MEANS THE CERTIFICATE WILL BE VALIDATED BUT THE CERTIFICATE REVOCATION STATUS WILL NOT BE CHECKED.
[2024-07-14T03:25:36.332+0000] {ssl_wrap_socket.py:100} INFO - THIS CONNECTION IS IN INSECURE MODE. IT MEANS THE CERTIFICATE WILL BE VALIDATED BUT THE CERTIFICATE REVOCATION STATUS WILL NOT BE CHECKED.
[2024-07-14T03:25:36.892+0000] {logging_mixin.py:188} INFO - Nama kolom di DataFrame: Index(['employeeID', 'territoryID'], dtype='object')
[2024-07-14T03:25:37.286+0000] {cursor.py:1149} INFO - Number of results in first chunk: 1
[2024-07-14T03:25:37.985+0000] {ssl_wrap_socket.py:100} INFO - THIS CONNECTION IS IN INSECURE MODE. IT MEANS THE CERTIFICATE WILL BE VALIDATED BUT THE CERTIFICATE REVOCATION STATUS WILL NOT BE CHECKED.
[2024-07-14T03:25:40.635+0000] {cursor.py:1149} INFO - Number of results in first chunk: 1
[2024-07-14T03:25:41.272+0000] {cursor.py:1149} INFO - Number of results in first chunk: 2
[2024-07-14T03:25:41.702+0000] {cursor.py:1149} INFO - Number of results in first chunk: 1
[2024-07-14T03:25:42.241+0000] {cursor.py:1149} INFO - Number of results in first chunk: 1
[2024-07-14T03:25:43.624+0000] {cursor.py:1149} INFO - Number of results in first chunk: 1
[2024-07-14T03:25:43.628+0000] {logging_mixin.py:188} INFO - Done employee_territories.
[2024-07-14T03:25:43.630+0000] {connection.py:762} INFO - closed
[2024-07-14T03:25:43.990+0000] {connection.py:768} INFO - No async queries seem to be running, deleting session
[2024-07-14T03:25:44.342+0000] {python.py:237} INFO - Done. Returned value was: None
[2024-07-14T03:25:44.346+0000] {taskinstance.py:441} INFO - ::group::Post task execution logs
[2024-07-14T03:25:44.391+0000] {taskinstance.py:1206} INFO - Marking task as SUCCESS. dag_id=ELT-PROJECT, task_id=load.load_employee_territories, run_id=manual__2024-07-14T03:25:17.009601+00:00, execution_date=20240714T032517, start_date=20240714T032533, end_date=20240714T032544
[2024-07-14T03:25:44.515+0000] {local_task_job_runner.py:240} INFO - Task exited with return code 0
[2024-07-14T03:25:44.710+0000] {taskinstance.py:3503} INFO - 0 downstream tasks scheduled from follow-on schedule check
[2024-07-14T03:25:44.719+0000] {local_task_job_runner.py:222} INFO - ::endgroup::
