[2024-07-14T04:02:45.033+0000] {local_task_job_runner.py:120} INFO - ::group::Pre task execution logs
[2024-07-14T04:02:45.103+0000] {taskinstance.py:2076} INFO - Dependencies all met for dep_context=non-requeueable deps ti=<TaskInstance: ELT-PROJECT.load.load_employee_territories scheduled__2024-07-11T00:00:00+00:00 [queued]>
[2024-07-14T04:02:45.131+0000] {taskinstance.py:2076} INFO - Dependencies all met for dep_context=requeueable deps ti=<TaskInstance: ELT-PROJECT.load.load_employee_territories scheduled__2024-07-11T00:00:00+00:00 [queued]>
[2024-07-14T04:02:45.132+0000] {taskinstance.py:2306} INFO - Starting attempt 1 of 2
[2024-07-14T04:02:45.176+0000] {taskinstance.py:2330} INFO - Executing <Task(_PythonDecoratedOperator): load.load_employee_territories> on 2024-07-11 00:00:00+00:00
[2024-07-14T04:02:45.197+0000] {logging_mixin.py:188} WARNING - /home/airflow/.local/lib/python3.12/site-packages/airflow/task/task_runner/standard_task_runner.py:61 DeprecationWarning: This process (pid=12030) is multi-threaded, use of fork() may lead to deadlocks in the child.
[2024-07-14T04:02:45.201+0000] {standard_task_runner.py:63} INFO - Started process 12069 to run task
[2024-07-14T04:02:45.203+0000] {standard_task_runner.py:90} INFO - Running: ['airflow', 'tasks', 'run', 'ELT-PROJECT', 'load.load_employee_territories', 'scheduled__2024-07-11T00:00:00+00:00', '--job-id', '1000', '--raw', '--subdir', 'DAGS_FOLDER/elt.py', '--cfg-path', '/tmp/tmp2y8z7kwk']
[2024-07-14T04:02:45.208+0000] {standard_task_runner.py:91} INFO - Job 1000: Subtask load.load_employee_territories
[2024-07-14T04:02:45.266+0000] {logging_mixin.py:188} WARNING - /home/airflow/.local/lib/python3.12/site-packages/airflow/settings.py:195 DeprecationWarning: The sql_alchemy_conn option in [core] has been moved to the sql_alchemy_conn option in [database] - the old setting has been used, but please update your config.
[2024-07-14T04:02:45.426+0000] {task_command.py:426} INFO - Running <TaskInstance: ELT-PROJECT.load.load_employee_territories scheduled__2024-07-11T00:00:00+00:00 [running]> on host airflow-scheduler
[2024-07-14T04:02:46.393+0000] {taskinstance.py:2648} INFO - Exporting env vars: AIRFLOW_CTX_DAG_OWNER='Data-Ninja' AIRFLOW_CTX_DAG_ID='ELT-PROJECT' AIRFLOW_CTX_TASK_ID='load.load_employee_territories' AIRFLOW_CTX_EXECUTION_DATE='2024-07-11T00:00:00+00:00' AIRFLOW_CTX_TRY_NUMBER='1' AIRFLOW_CTX_DAG_RUN_ID='scheduled__2024-07-11T00:00:00+00:00'
[2024-07-14T04:02:46.396+0000] {taskinstance.py:430} INFO - ::endgroup::
[2024-07-14T04:02:46.399+0000] {connection.py:399} INFO - Snowflake Connector for Python Version: 3.10.1, Python Version: 3.12.4, Platform: Linux-5.15.133.1-microsoft-standard-WSL2-x86_64-with-glibc2.36
[2024-07-14T04:02:46.402+0000] {connection.py:1249} INFO - THIS CONNECTION IS IN INSECURE MODE. IT MEANS THE CERTIFICATE WILL BE VALIDATED BUT THE CERTIFICATE REVOCATION STATUS WILL NOT BE CHECKED.
[2024-07-14T04:02:46.558+0000] {ssl_wrap_socket.py:100} INFO - THIS CONNECTION IS IN INSECURE MODE. IT MEANS THE CERTIFICATE WILL BE VALIDATED BUT THE CERTIFICATE REVOCATION STATUS WILL NOT BE CHECKED.
[2024-07-14T04:02:46.995+0000] {logging_mixin.py:188} INFO - Nama kolom di DataFrame: Index(['employeeID', 'territoryID'], dtype='object')
[2024-07-14T04:02:47.414+0000] {cursor.py:1149} INFO - Number of results in first chunk: 1
[2024-07-14T04:02:48.065+0000] {ssl_wrap_socket.py:100} INFO - THIS CONNECTION IS IN INSECURE MODE. IT MEANS THE CERTIFICATE WILL BE VALIDATED BUT THE CERTIFICATE REVOCATION STATUS WILL NOT BE CHECKED.
[2024-07-14T04:02:50.307+0000] {cursor.py:1149} INFO - Number of results in first chunk: 1
[2024-07-14T04:02:50.931+0000] {cursor.py:1149} INFO - Number of results in first chunk: 2
[2024-07-14T04:02:51.302+0000] {cursor.py:1149} INFO - Number of results in first chunk: 1
[2024-07-14T04:02:51.852+0000] {cursor.py:1149} INFO - Number of results in first chunk: 1
[2024-07-14T04:02:53.348+0000] {cursor.py:1149} INFO - Number of results in first chunk: 1
[2024-07-14T04:02:53.350+0000] {logging_mixin.py:188} INFO - Done employee_territories.
[2024-07-14T04:02:53.351+0000] {connection.py:762} INFO - closed
[2024-07-14T04:02:53.691+0000] {connection.py:768} INFO - No async queries seem to be running, deleting session
[2024-07-14T04:02:54.082+0000] {python.py:237} INFO - Done. Returned value was: None
[2024-07-14T04:02:54.094+0000] {taskinstance.py:441} INFO - ::group::Post task execution logs
[2024-07-14T04:02:54.162+0000] {taskinstance.py:1206} INFO - Marking task as SUCCESS. dag_id=ELT-PROJECT, task_id=load.load_employee_territories, run_id=scheduled__2024-07-11T00:00:00+00:00, execution_date=20240711T000000, start_date=20240714T040245, end_date=20240714T040254
[2024-07-14T04:02:55.797+0000] {local_task_job_runner.py:240} INFO - Task exited with return code 0
[2024-07-14T04:02:55.826+0000] {local_task_job_runner.py:222} INFO - ::endgroup::
