[2024-07-14T04:38:14.775+0000] {local_task_job_runner.py:120} INFO - ::group::Pre task execution logs
[2024-07-14T04:38:14.902+0000] {taskinstance.py:2076} INFO - Dependencies all met for dep_context=non-requeueable deps ti=<TaskInstance: ELT-PROJECT.transform.gross_revenue_run scheduled__2024-06-27T00:00:00+00:00 [queued]>
[2024-07-14T04:38:15.008+0000] {taskinstance.py:2076} INFO - Dependencies all met for dep_context=requeueable deps ti=<TaskInstance: ELT-PROJECT.transform.gross_revenue_run scheduled__2024-06-27T00:00:00+00:00 [queued]>
[2024-07-14T04:38:15.010+0000] {taskinstance.py:2306} INFO - Starting attempt 1 of 2
[2024-07-14T04:38:15.148+0000] {taskinstance.py:2330} INFO - Executing <Task(DbtRunLocalOperator): transform.gross_revenue_run> on 2024-06-27 00:00:00+00:00
[2024-07-14T04:38:15.224+0000] {logging_mixin.py:188} WARNING - /home/airflow/.local/lib/python3.12/site-packages/airflow/task/task_runner/standard_task_runner.py:61 DeprecationWarning: This process (pid=19733) is multi-threaded, use of fork() may lead to deadlocks in the child.
[2024-07-14T04:38:15.216+0000] {standard_task_runner.py:90} INFO - Running: ['airflow', 'tasks', 'run', 'ELT-PROJECT', 'transform.gross_revenue_run', 'scheduled__2024-06-27T00:00:00+00:00', '--job-id', '1488', '--raw', '--subdir', 'DAGS_FOLDER/elt.py', '--cfg-path', '/tmp/tmp4af58enm']
[2024-07-14T04:38:15.235+0000] {standard_task_runner.py:63} INFO - Started process 19760 to run task
[2024-07-14T04:38:15.257+0000] {standard_task_runner.py:91} INFO - Job 1488: Subtask transform.gross_revenue_run
[2024-07-14T04:38:15.354+0000] {logging_mixin.py:188} WARNING - /home/airflow/.local/lib/python3.12/site-packages/airflow/settings.py:195 DeprecationWarning: The sql_alchemy_conn option in [core] has been moved to the sql_alchemy_conn option in [database] - the old setting has been used, but please update your config.
[2024-07-14T04:38:15.525+0000] {task_command.py:426} INFO - Running <TaskInstance: ELT-PROJECT.transform.gross_revenue_run scheduled__2024-06-27T00:00:00+00:00 [running]> on host airflow-scheduler
[2024-07-14T04:38:16.018+0000] {taskinstance.py:2648} INFO - Exporting env vars: AIRFLOW_CTX_DAG_OWNER='Data-Ninja' AIRFLOW_CTX_DAG_ID='ELT-PROJECT' AIRFLOW_CTX_TASK_ID='transform.gross_revenue_run' AIRFLOW_CTX_EXECUTION_DATE='2024-06-27T00:00:00+00:00' AIRFLOW_CTX_TRY_NUMBER='1' AIRFLOW_CTX_DAG_RUN_ID='scheduled__2024-06-27T00:00:00+00:00'
[2024-07-14T04:38:16.022+0000] {taskinstance.py:430} INFO - ::endgroup::
[2024-07-14T04:38:16.026+0000] {local.py:174} INFO - Could not import dbtRunner. Falling back to subprocess for invoking dbt.
[2024-07-14T04:38:16.034+0000] {local.py:292} INFO - Cloning project to writable temp directory /tmp/tmp2y9b4oc5 from /opt/airflow/dags/dbt/dbt_project
[2024-07-14T04:38:16.081+0000] {local.py:303} INFO - Partial parse is enabled and the latest partial parse file is /tmp/cosmos/ELT-PROJECT__transform/target/partial_parse.msgpack
[2024-07-14T04:38:16.248+0000] {base.py:84} INFO - Using connection ID 'snow_conn' for task execution.
[2024-07-14T04:38:16.258+0000] {crypto.py:82} WARNING - empty cryptography key - values will not be stored encrypted.
[2024-07-14T04:38:16.264+0000] {config.py:298} INFO - Profile caching is enable.
[2024-07-14T04:38:16.273+0000] {config.py:272} INFO - Profile found in cache using profile: /tmp/cosmos/profile/a0017dab0633177292578162811b91dcb9c56d6e54017e9660056cc364a762ad/profiles.yml.
[2024-07-14T04:38:16.284+0000] {local.py:247} INFO - Trying to run the command:
 ['/opt/airflow/dbt_venv/bin/dbt', 'deps', '--project-dir', '/tmp/tmp2y9b4oc5', '--profiles-dir', '/tmp/cosmos/profile/a0017dab0633177292578162811b91dcb9c56d6e54017e9660056cc364a762ad', '--profile', 'dbt_project', '--target', 'dev']
From /tmp/tmp2y9b4oc5
[2024-07-14T04:38:16.298+0000] {subprocess.py:60} INFO - Tmp dir root location: 
 /tmp
[2024-07-14T04:38:16.304+0000] {subprocess.py:73} INFO - Running command: ['/opt/airflow/dbt_venv/bin/dbt', 'deps', '--project-dir', '/tmp/tmp2y9b4oc5', '--profiles-dir', '/tmp/cosmos/profile/a0017dab0633177292578162811b91dcb9c56d6e54017e9660056cc364a762ad', '--profile', 'dbt_project', '--target', 'dev']
[2024-07-14T04:38:16.356+0000] {subprocess.py:84} INFO - Command output:
[2024-07-14T04:38:33.069+0000] {subprocess.py:94} INFO - [0m04:38:33  Running with dbt=1.8.3
[2024-07-14T04:38:35.503+0000] {subprocess.py:94} INFO - [0m04:38:35  Updating lock file in file path: /tmp/tmp2y9b4oc5/package-lock.yml
[2024-07-14T04:38:35.560+0000] {subprocess.py:94} INFO - [0m04:38:35  Installing dbt-labs/dbt_utils
[2024-07-14T04:38:36.350+0000] {subprocess.py:94} INFO - [0m04:38:36  Installed from version 0.8.6
[2024-07-14T04:38:36.356+0000] {subprocess.py:94} INFO - [0m04:38:36  Updated version available: 1.2.0
[2024-07-14T04:38:36.368+0000] {subprocess.py:94} INFO - [0m04:38:36
[2024-07-14T04:38:36.389+0000] {subprocess.py:94} INFO - [0m04:38:36  Updates available for packages: ['dbt-labs/dbt_utils']
[2024-07-14T04:38:36.391+0000] {subprocess.py:94} INFO - Update your versions in packages.yml, then run dbt deps
[2024-07-14T04:38:40.506+0000] {subprocess.py:98} INFO - Command exited with return code 0
[2024-07-14T04:38:40.520+0000] {local.py:254} INFO - Update your versions in packages.yml, then run dbt deps
[2024-07-14T04:38:40.536+0000] {local.py:247} INFO - Trying to run the command:
 ['/opt/airflow/dbt_venv/bin/dbt', 'run', '--models', 'gross_revenue', '--project-dir', '/tmp/tmp2y9b4oc5', '--profiles-dir', '/tmp/cosmos/profile/a0017dab0633177292578162811b91dcb9c56d6e54017e9660056cc364a762ad', '--profile', 'dbt_project', '--target', 'dev']
From /tmp/tmp2y9b4oc5
[2024-07-14T04:38:40.546+0000] {subprocess.py:60} INFO - Tmp dir root location: 
 /tmp
[2024-07-14T04:38:40.553+0000] {subprocess.py:73} INFO - Running command: ['/opt/airflow/dbt_venv/bin/dbt', 'run', '--models', 'gross_revenue', '--project-dir', '/tmp/tmp2y9b4oc5', '--profiles-dir', '/tmp/cosmos/profile/a0017dab0633177292578162811b91dcb9c56d6e54017e9660056cc364a762ad', '--profile', 'dbt_project', '--target', 'dev']
[2024-07-14T04:38:40.656+0000] {subprocess.py:84} INFO - Command output:
[2024-07-14T04:38:55.461+0000] {subprocess.py:94} INFO - [0m04:38:55  Running with dbt=1.8.3
[2024-07-14T04:39:00.258+0000] {subprocess.py:94} INFO - [0m04:39:00  Registered adapter: snowflake=1.8.3
[2024-07-14T04:39:07.232+0000] {subprocess.py:94} INFO - [0m04:39:07  Found 20 models, 27 data tests, 11 sources, 684 macros
[2024-07-14T04:39:07.276+0000] {subprocess.py:94} INFO - [0m04:39:07
[2024-07-14T04:39:15.789+0000] {subprocess.py:94} INFO - [0m04:39:15  Concurrency: 1 threads (target='dev')
[2024-07-14T04:39:15.792+0000] {subprocess.py:94} INFO - [0m04:39:15
[2024-07-14T04:39:15.910+0000] {subprocess.py:94} INFO - [0m04:39:15  1 of 1 START sql table model dm.gross_revenue .................................. [RUN]
[2024-07-14T04:39:19.326+0000] {subprocess.py:94} INFO - [0m04:39:19  1 of 1 OK created sql table model dm.gross_revenue ............................. [[32mSUCCESS 1[0m in 3.40s]
[2024-07-14T04:39:19.381+0000] {subprocess.py:94} INFO - [0m04:39:19
[2024-07-14T04:39:19.391+0000] {subprocess.py:94} INFO - [0m04:39:19  Finished running 1 table model in 0 hours 0 minutes and 12.10 seconds (12.10s).
[2024-07-14T04:39:20.254+0000] {subprocess.py:94} INFO - [0m04:39:20
[2024-07-14T04:39:20.261+0000] {subprocess.py:94} INFO - [0m04:39:20  [32mCompleted successfully[0m
[2024-07-14T04:39:20.269+0000] {subprocess.py:94} INFO - [0m04:39:20
[2024-07-14T04:39:20.275+0000] {subprocess.py:94} INFO - [0m04:39:20  Done. PASS=1 WARN=0 ERROR=0 SKIP=0 TOTAL=1
[2024-07-14T04:39:23.048+0000] {subprocess.py:98} INFO - Command exited with return code 0
[2024-07-14T04:39:23.051+0000] {local.py:254} INFO - [0m04:39:20  Done. PASS=1 WARN=0 ERROR=0 SKIP=0 TOTAL=1
[2024-07-14T04:39:24.418+0000] {local.py:196} WARNING - Artifact schema version: https://schemas.getdbt.com/dbt/manifest/v12.json is above dbt-ol supported version 7. This might cause errors.
[2024-07-14T04:39:24.442+0000] {local.py:196} WARNING - Artifact schema version: https://schemas.getdbt.com/dbt/run-results/v6.json is above dbt-ol supported version 5. This might cause errors.
[2024-07-14T04:39:24.499+0000] {local.py:349} INFO - Inlets: [Dataset(uri='snowflake://OU00370.europe-west2.gcp/ELT_BATCH.dwh.dim_products', extra=None), Dataset(uri='snowflake://OU00370.europe-west2.gcp/ELT_BATCH.dwh.dim_suppliers', extra=None), Dataset(uri='snowflake://OU00370.europe-west2.gcp/ELT_BATCH.dwh.fact_order_details', extra=None), Dataset(uri='snowflake://OU00370.europe-west2.gcp/ELT_BATCH.dwh.fact_orders', extra=None)]
[2024-07-14T04:39:24.512+0000] {local.py:350} INFO - Outlets: [Dataset(uri='snowflake://OU00370.europe-west2.gcp/ELT_BATCH.dm.gross_revenue', extra=None)]
[2024-07-14T04:39:24.534+0000] {dag.py:3096} INFO - Sync 1 DAGs
[2024-07-14T04:39:24.819+0000] {taskinstance.py:441} INFO - ::group::Post task execution logs
[2024-07-14T04:39:25.105+0000] {taskinstance.py:1206} INFO - Marking task as SUCCESS. dag_id=ELT-PROJECT, task_id=transform.gross_revenue_run, run_id=scheduled__2024-06-27T00:00:00+00:00, execution_date=20240627T000000, start_date=20240714T043814, end_date=20240714T043925
[2024-07-14T04:39:25.284+0000] {local_task_job_runner.py:240} INFO - Task exited with return code 0
[2024-07-14T04:39:25.336+0000] {local_task_job_runner.py:222} INFO - ::endgroup::
