[2024-07-13T15:48:25.656+0000] {local_task_job_runner.py:120} INFO - ::group::Pre task execution logs
[2024-07-13T15:48:25.728+0000] {taskinstance.py:2076} INFO - Dependencies all met for dep_context=non-requeueable deps ti=<TaskInstance: ELT-PROJECT.transform.raw_products.run manual__2024-07-13T15:47:53.906361+00:00 [queued]>
[2024-07-13T15:48:25.774+0000] {taskinstance.py:2076} INFO - Dependencies all met for dep_context=requeueable deps ti=<TaskInstance: ELT-PROJECT.transform.raw_products.run manual__2024-07-13T15:47:53.906361+00:00 [queued]>
[2024-07-13T15:48:25.778+0000] {taskinstance.py:2306} INFO - Starting attempt 1 of 2
[2024-07-13T15:48:25.845+0000] {taskinstance.py:2330} INFO - Executing <Task(DbtRunLocalOperator): transform.raw_products.run> on 2024-07-13 15:47:53.906361+00:00
[2024-07-13T15:48:25.860+0000] {standard_task_runner.py:90} INFO - Running: ['airflow', 'tasks', 'run', 'ELT-PROJECT', 'transform.raw_products.run', 'manual__2024-07-13T15:47:53.906361+00:00', '--job-id', '479', '--raw', '--subdir', 'DAGS_FOLDER/elt.py', '--cfg-path', '/tmp/tmpgiaq61ei']
[2024-07-13T15:48:25.870+0000] {standard_task_runner.py:91} INFO - Job 479: Subtask transform.raw_products.run
[2024-07-13T15:48:25.860+0000] {logging_mixin.py:188} WARNING - /home/airflow/.local/lib/python3.12/site-packages/airflow/task/task_runner/standard_task_runner.py:61 DeprecationWarning: This process (pid=2930) is multi-threaded, use of fork() may lead to deadlocks in the child.
[2024-07-13T15:48:25.879+0000] {standard_task_runner.py:63} INFO - Started process 2954 to run task
[2024-07-13T15:48:25.920+0000] {logging_mixin.py:188} WARNING - /home/airflow/.local/lib/python3.12/site-packages/airflow/settings.py:195 DeprecationWarning: The sql_alchemy_conn option in [core] has been moved to the sql_alchemy_conn option in [database] - the old setting has been used, but please update your config.
[2024-07-13T15:48:26.080+0000] {task_command.py:426} INFO - Running <TaskInstance: ELT-PROJECT.transform.raw_products.run manual__2024-07-13T15:47:53.906361+00:00 [running]> on host airflow-scheduler
[2024-07-13T15:48:26.484+0000] {taskinstance.py:2648} INFO - Exporting env vars: AIRFLOW_CTX_DAG_OWNER='Data-Ninja' AIRFLOW_CTX_DAG_ID='ELT-PROJECT' AIRFLOW_CTX_TASK_ID='transform.raw_products.run' AIRFLOW_CTX_EXECUTION_DATE='2024-07-13T15:47:53.906361+00:00' AIRFLOW_CTX_TRY_NUMBER='1' AIRFLOW_CTX_DAG_RUN_ID='manual__2024-07-13T15:47:53.906361+00:00'
[2024-07-13T15:48:26.495+0000] {taskinstance.py:430} INFO - ::endgroup::
[2024-07-13T15:48:26.513+0000] {local.py:174} INFO - Could not import dbtRunner. Falling back to subprocess for invoking dbt.
[2024-07-13T15:48:26.517+0000] {local.py:292} INFO - Cloning project to writable temp directory /tmp/tmpmmti_xcu from /opt/airflow/dags/dbt/dbt_project
[2024-07-13T15:48:26.538+0000] {local.py:303} INFO - Partial parse is enabled and the latest partial parse file is /tmp/cosmos/ELT-PROJECT__transform/target/partial_parse.msgpack
[2024-07-13T15:48:27.515+0000] {base.py:84} INFO - Using connection ID 'snow_conn' for task execution.
[2024-07-13T15:48:27.537+0000] {crypto.py:82} WARNING - empty cryptography key - values will not be stored encrypted.
[2024-07-13T15:48:27.539+0000] {config.py:298} INFO - Profile caching is enable.
[2024-07-13T15:48:27.549+0000] {config.py:272} INFO - Profile found in cache using profile: /tmp/cosmos/profile/a0017dab0633177292578162811b91dcb9c56d6e54017e9660056cc364a762ad/profiles.yml.
[2024-07-13T15:48:27.554+0000] {local.py:247} INFO - Trying to run the command:
 ['/opt/airflow/dbt_venv/bin/dbt', 'deps', '--project-dir', '/tmp/tmpmmti_xcu', '--profiles-dir', '/tmp/cosmos/profile/a0017dab0633177292578162811b91dcb9c56d6e54017e9660056cc364a762ad', '--profile', 'dbt_project', '--target', 'dev']
From /tmp/tmpmmti_xcu
[2024-07-13T15:48:27.577+0000] {subprocess.py:60} INFO - Tmp dir root location: 
 /tmp
[2024-07-13T15:48:27.597+0000] {subprocess.py:73} INFO - Running command: ['/opt/airflow/dbt_venv/bin/dbt', 'deps', '--project-dir', '/tmp/tmpmmti_xcu', '--profiles-dir', '/tmp/cosmos/profile/a0017dab0633177292578162811b91dcb9c56d6e54017e9660056cc364a762ad', '--profile', 'dbt_project', '--target', 'dev']
[2024-07-13T15:48:27.662+0000] {subprocess.py:84} INFO - Command output:
[2024-07-13T15:48:41.107+0000] {subprocess.py:94} INFO - [0m15:48:41  Running with dbt=1.8.3
[2024-07-13T15:48:42.610+0000] {subprocess.py:94} INFO - [0m15:48:42  Updating lock file in file path: /tmp/tmpmmti_xcu/package-lock.yml
[2024-07-13T15:48:42.632+0000] {subprocess.py:94} INFO - [0m15:48:42  Installing dbt-labs/dbt_utils
[2024-07-13T15:48:44.535+0000] {subprocess.py:94} INFO - [0m15:48:44  Installed from version 0.8.6
[2024-07-13T15:48:44.538+0000] {subprocess.py:94} INFO - [0m15:48:44  Updated version available: 1.2.0
[2024-07-13T15:48:44.541+0000] {subprocess.py:94} INFO - [0m15:48:44
[2024-07-13T15:48:44.548+0000] {subprocess.py:94} INFO - [0m15:48:44  Updates available for packages: ['dbt-labs/dbt_utils']
[2024-07-13T15:48:44.551+0000] {subprocess.py:94} INFO - Update your versions in packages.yml, then run dbt deps
[2024-07-13T15:48:47.047+0000] {subprocess.py:98} INFO - Command exited with return code 0
[2024-07-13T15:48:47.050+0000] {local.py:254} INFO - Update your versions in packages.yml, then run dbt deps
[2024-07-13T15:48:47.052+0000] {local.py:247} INFO - Trying to run the command:
 ['/opt/airflow/dbt_venv/bin/dbt', 'run', '--models', 'raw_products', '--project-dir', '/tmp/tmpmmti_xcu', '--profiles-dir', '/tmp/cosmos/profile/a0017dab0633177292578162811b91dcb9c56d6e54017e9660056cc364a762ad', '--profile', 'dbt_project', '--target', 'dev']
From /tmp/tmpmmti_xcu
[2024-07-13T15:48:47.054+0000] {subprocess.py:60} INFO - Tmp dir root location: 
 /tmp
[2024-07-13T15:48:47.058+0000] {subprocess.py:73} INFO - Running command: ['/opt/airflow/dbt_venv/bin/dbt', 'run', '--models', 'raw_products', '--project-dir', '/tmp/tmpmmti_xcu', '--profiles-dir', '/tmp/cosmos/profile/a0017dab0633177292578162811b91dcb9c56d6e54017e9660056cc364a762ad', '--profile', 'dbt_project', '--target', 'dev']
[2024-07-13T15:48:47.131+0000] {subprocess.py:84} INFO - Command output:
[2024-07-13T15:49:00.985+0000] {subprocess.py:94} INFO - [0m15:49:00  Running with dbt=1.8.3
[2024-07-13T15:49:03.873+0000] {subprocess.py:94} INFO - [0m15:49:03  Registered adapter: snowflake=1.8.3
[2024-07-13T15:49:06.490+0000] {subprocess.py:94} INFO - [0m15:49:06  Found 20 models, 27 data tests, 11 sources, 684 macros
[2024-07-13T15:49:06.498+0000] {subprocess.py:94} INFO - [0m15:49:06
[2024-07-13T15:49:13.263+0000] {subprocess.py:94} INFO - [0m15:49:13  Concurrency: 1 threads (target='dev')
[2024-07-13T15:49:13.264+0000] {subprocess.py:94} INFO - [0m15:49:13
[2024-07-13T15:49:13.280+0000] {subprocess.py:94} INFO - [0m15:49:13  1 of 1 START sql table model raw.raw_products .................................. [RUN]
[2024-07-13T15:49:15.377+0000] {subprocess.py:94} INFO - [0m15:49:15  1 of 1 OK created sql table model raw.raw_products ............................. [[32mSUCCESS 1[0m in 2.09s]
[2024-07-13T15:49:15.387+0000] {subprocess.py:94} INFO - [0m15:49:15
[2024-07-13T15:49:15.389+0000] {subprocess.py:94} INFO - [0m15:49:15  Finished running 1 table model in 0 hours 0 minutes and 8.89 seconds (8.89s).
[2024-07-13T15:49:15.603+0000] {subprocess.py:94} INFO - [0m15:49:15
[2024-07-13T15:49:15.605+0000] {subprocess.py:94} INFO - [0m15:49:15  [32mCompleted successfully[0m
[2024-07-13T15:49:15.606+0000] {subprocess.py:94} INFO - [0m15:49:15
[2024-07-13T15:49:15.607+0000] {subprocess.py:94} INFO - [0m15:49:15  Done. PASS=1 WARN=0 ERROR=0 SKIP=0 TOTAL=1
[2024-07-13T15:49:21.352+0000] {subprocess.py:98} INFO - Command exited with return code 0
[2024-07-13T15:49:21.355+0000] {local.py:254} INFO - [0m15:49:15  Done. PASS=1 WARN=0 ERROR=0 SKIP=0 TOTAL=1
[2024-07-13T15:49:21.414+0000] {local.py:196} WARNING - Artifact schema version: https://schemas.getdbt.com/dbt/manifest/v12.json is above dbt-ol supported version 7. This might cause errors.
[2024-07-13T15:49:21.416+0000] {local.py:196} WARNING - Artifact schema version: https://schemas.getdbt.com/dbt/run-results/v6.json is above dbt-ol supported version 5. This might cause errors.
[2024-07-13T15:49:21.434+0000] {local.py:349} INFO - Inlets: [Dataset(uri='snowflake://OU00370.europe-west2.gcp/ELT_BATCH.PUBLIC.products', extra=None)]
[2024-07-13T15:49:21.437+0000] {local.py:350} INFO - Outlets: [Dataset(uri='snowflake://OU00370.europe-west2.gcp/ELT_BATCH.raw.raw_products', extra=None)]
[2024-07-13T15:49:21.440+0000] {dag.py:3096} INFO - Sync 1 DAGs
[2024-07-13T15:49:21.584+0000] {dag.py:3954} INFO - Setting next_dagrun for ELT-PROJECT to None, run_after=None
[2024-07-13T15:49:21.816+0000] {taskinstance.py:441} INFO - ::group::Post task execution logs
[2024-07-13T15:49:22.039+0000] {taskinstance.py:1206} INFO - Marking task as SUCCESS. dag_id=ELT-PROJECT, task_id=transform.raw_products.run, run_id=manual__2024-07-13T15:47:53.906361+00:00, execution_date=20240713T154753, start_date=20240713T154825, end_date=20240713T154922
[2024-07-13T15:49:22.133+0000] {local_task_job_runner.py:240} INFO - Task exited with return code 0
[2024-07-13T15:49:22.271+0000] {taskinstance.py:3503} INFO - 1 downstream tasks scheduled from follow-on schedule check
[2024-07-13T15:49:22.274+0000] {local_task_job_runner.py:222} INFO - ::endgroup::
