[2024-07-14T03:25:55.641+0000] {local_task_job_runner.py:120} INFO - ::group::Pre task execution logs
[2024-07-14T03:25:55.746+0000] {taskinstance.py:2076} INFO - Dependencies all met for dep_context=non-requeueable deps ti=<TaskInstance: ELT-PROJECT.transform.raw_customers.run manual__2024-07-14T03:25:17.009601+00:00 [queued]>
[2024-07-14T03:25:55.802+0000] {taskinstance.py:2076} INFO - Dependencies all met for dep_context=requeueable deps ti=<TaskInstance: ELT-PROJECT.transform.raw_customers.run manual__2024-07-14T03:25:17.009601+00:00 [queued]>
[2024-07-14T03:25:55.804+0000] {taskinstance.py:2306} INFO - Starting attempt 1 of 2
[2024-07-14T03:25:55.860+0000] {taskinstance.py:2330} INFO - Executing <Task(DbtRunLocalOperator): transform.raw_customers.run> on 2024-07-14 03:25:17.009601+00:00
[2024-07-14T03:25:55.890+0000] {logging_mixin.py:188} WARNING - /home/airflow/.local/lib/python3.12/site-packages/airflow/task/task_runner/standard_task_runner.py:61 DeprecationWarning: This process (pid=6873) is multi-threaded, use of fork() may lead to deadlocks in the child.
[2024-07-14T03:25:55.894+0000] {standard_task_runner.py:63} INFO - Started process 6896 to run task
[2024-07-14T03:25:55.892+0000] {standard_task_runner.py:90} INFO - Running: ['airflow', 'tasks', 'run', 'ELT-PROJECT', 'transform.raw_customers.run', 'manual__2024-07-14T03:25:17.009601+00:00', '--job-id', '578', '--raw', '--subdir', 'DAGS_FOLDER/elt.py', '--cfg-path', '/tmp/tmpe1wjrle3']
[2024-07-14T03:25:55.908+0000] {standard_task_runner.py:91} INFO - Job 578: Subtask transform.raw_customers.run
[2024-07-14T03:25:56.018+0000] {logging_mixin.py:188} WARNING - /home/airflow/.local/lib/python3.12/site-packages/airflow/settings.py:195 DeprecationWarning: The sql_alchemy_conn option in [core] has been moved to the sql_alchemy_conn option in [database] - the old setting has been used, but please update your config.
[2024-07-14T03:25:56.194+0000] {task_command.py:426} INFO - Running <TaskInstance: ELT-PROJECT.transform.raw_customers.run manual__2024-07-14T03:25:17.009601+00:00 [running]> on host airflow-scheduler
[2024-07-14T03:25:56.746+0000] {taskinstance.py:2648} INFO - Exporting env vars: AIRFLOW_CTX_DAG_OWNER='Data-Ninja' AIRFLOW_CTX_DAG_ID='ELT-PROJECT' AIRFLOW_CTX_TASK_ID='transform.raw_customers.run' AIRFLOW_CTX_EXECUTION_DATE='2024-07-14T03:25:17.009601+00:00' AIRFLOW_CTX_TRY_NUMBER='1' AIRFLOW_CTX_DAG_RUN_ID='manual__2024-07-14T03:25:17.009601+00:00'
[2024-07-14T03:25:56.754+0000] {taskinstance.py:430} INFO - ::endgroup::
[2024-07-14T03:25:56.762+0000] {local.py:174} INFO - Could not import dbtRunner. Falling back to subprocess for invoking dbt.
[2024-07-14T03:25:56.767+0000] {local.py:292} INFO - Cloning project to writable temp directory /tmp/tmpyqd0sn0a from /opt/airflow/dags/dbt/dbt_project
[2024-07-14T03:25:56.792+0000] {local.py:303} INFO - Partial parse is enabled and the latest partial parse file is /tmp/cosmos/ELT-PROJECT__transform/target/partial_parse.msgpack
[2024-07-14T03:25:57.510+0000] {base.py:84} INFO - Using connection ID 'snow_conn' for task execution.
[2024-07-14T03:25:57.513+0000] {crypto.py:82} WARNING - empty cryptography key - values will not be stored encrypted.
[2024-07-14T03:25:57.514+0000] {config.py:298} INFO - Profile caching is enable.
[2024-07-14T03:25:57.524+0000] {config.py:272} INFO - Profile found in cache using profile: /tmp/cosmos/profile/a0017dab0633177292578162811b91dcb9c56d6e54017e9660056cc364a762ad/profiles.yml.
[2024-07-14T03:25:57.527+0000] {local.py:247} INFO - Trying to run the command:
 ['/opt/airflow/dbt_venv/bin/dbt', 'deps', '--project-dir', '/tmp/tmpyqd0sn0a', '--profiles-dir', '/tmp/cosmos/profile/a0017dab0633177292578162811b91dcb9c56d6e54017e9660056cc364a762ad', '--profile', 'dbt_project', '--target', 'dev']
From /tmp/tmpyqd0sn0a
[2024-07-14T03:25:57.536+0000] {subprocess.py:60} INFO - Tmp dir root location: 
 /tmp
[2024-07-14T03:25:57.539+0000] {subprocess.py:73} INFO - Running command: ['/opt/airflow/dbt_venv/bin/dbt', 'deps', '--project-dir', '/tmp/tmpyqd0sn0a', '--profiles-dir', '/tmp/cosmos/profile/a0017dab0633177292578162811b91dcb9c56d6e54017e9660056cc364a762ad', '--profile', 'dbt_project', '--target', 'dev']
[2024-07-14T03:25:57.587+0000] {subprocess.py:84} INFO - Command output:
[2024-07-14T03:26:08.633+0000] {subprocess.py:94} INFO - [0m03:26:08  Running with dbt=1.8.3
[2024-07-14T03:26:09.796+0000] {subprocess.py:94} INFO - [0m03:26:09  Updating lock file in file path: /tmp/tmpyqd0sn0a/package-lock.yml
[2024-07-14T03:26:09.841+0000] {subprocess.py:94} INFO - [0m03:26:09  Installing dbt-labs/dbt_utils
[2024-07-14T03:26:14.377+0000] {subprocess.py:94} INFO - [0m03:26:14  Installed from version 0.8.6
[2024-07-14T03:26:14.379+0000] {subprocess.py:94} INFO - [0m03:26:14  Updated version available: 1.2.0
[2024-07-14T03:26:14.382+0000] {subprocess.py:94} INFO - [0m03:26:14
[2024-07-14T03:26:14.386+0000] {subprocess.py:94} INFO - [0m03:26:14  Updates available for packages: ['dbt-labs/dbt_utils']
[2024-07-14T03:26:14.389+0000] {subprocess.py:94} INFO - Update your versions in packages.yml, then run dbt deps
[2024-07-14T03:26:16.442+0000] {subprocess.py:98} INFO - Command exited with return code 0
[2024-07-14T03:26:16.463+0000] {local.py:254} INFO - Update your versions in packages.yml, then run dbt deps
[2024-07-14T03:26:16.465+0000] {local.py:247} INFO - Trying to run the command:
 ['/opt/airflow/dbt_venv/bin/dbt', 'run', '--models', 'raw_customers', '--project-dir', '/tmp/tmpyqd0sn0a', '--profiles-dir', '/tmp/cosmos/profile/a0017dab0633177292578162811b91dcb9c56d6e54017e9660056cc364a762ad', '--profile', 'dbt_project', '--target', 'dev']
From /tmp/tmpyqd0sn0a
[2024-07-14T03:26:16.470+0000] {subprocess.py:60} INFO - Tmp dir root location: 
 /tmp
[2024-07-14T03:26:16.490+0000] {subprocess.py:73} INFO - Running command: ['/opt/airflow/dbt_venv/bin/dbt', 'run', '--models', 'raw_customers', '--project-dir', '/tmp/tmpyqd0sn0a', '--profiles-dir', '/tmp/cosmos/profile/a0017dab0633177292578162811b91dcb9c56d6e54017e9660056cc364a762ad', '--profile', 'dbt_project', '--target', 'dev']
[2024-07-14T03:26:16.608+0000] {subprocess.py:84} INFO - Command output:
[2024-07-14T03:26:29.308+0000] {subprocess.py:94} INFO - [0m03:26:29  Running with dbt=1.8.3
[2024-07-14T03:26:31.941+0000] {subprocess.py:94} INFO - [0m03:26:31  Registered adapter: snowflake=1.8.3
[2024-07-14T03:26:39.655+0000] {subprocess.py:94} INFO - [0m03:26:39  Found 20 models, 27 data tests, 11 sources, 684 macros
[2024-07-14T03:26:39.670+0000] {subprocess.py:94} INFO - [0m03:26:39
[2024-07-14T03:26:47.362+0000] {subprocess.py:94} INFO - [0m03:26:47  Concurrency: 1 threads (target='dev')
[2024-07-14T03:26:47.366+0000] {subprocess.py:94} INFO - [0m03:26:47
[2024-07-14T03:26:47.444+0000] {subprocess.py:94} INFO - [0m03:26:47  1 of 1 START sql table model raw.raw_customers ................................. [RUN]
[2024-07-14T03:26:49.859+0000] {subprocess.py:94} INFO - [0m03:26:49  1 of 1 OK created sql table model raw.raw_customers ............................ [[32mSUCCESS 1[0m in 2.40s]
[2024-07-14T03:26:49.887+0000] {subprocess.py:94} INFO - [0m03:26:49
[2024-07-14T03:26:49.891+0000] {subprocess.py:94} INFO - [0m03:26:49  Finished running 1 table model in 0 hours 0 minutes and 10.21 seconds (10.21s).
[2024-07-14T03:26:50.067+0000] {subprocess.py:94} INFO - [0m03:26:50
[2024-07-14T03:26:50.069+0000] {subprocess.py:94} INFO - [0m03:26:50  [32mCompleted successfully[0m
[2024-07-14T03:26:50.071+0000] {subprocess.py:94} INFO - [0m03:26:50
[2024-07-14T03:26:50.074+0000] {subprocess.py:94} INFO - [0m03:26:50  Done. PASS=1 WARN=0 ERROR=0 SKIP=0 TOTAL=1
[2024-07-14T03:26:52.143+0000] {subprocess.py:98} INFO - Command exited with return code 0
[2024-07-14T03:26:52.148+0000] {local.py:254} INFO - [0m03:26:50  Done. PASS=1 WARN=0 ERROR=0 SKIP=0 TOTAL=1
[2024-07-14T03:26:52.245+0000] {local.py:196} WARNING - Artifact schema version: https://schemas.getdbt.com/dbt/manifest/v12.json is above dbt-ol supported version 7. This might cause errors.
[2024-07-14T03:26:52.248+0000] {local.py:196} WARNING - Artifact schema version: https://schemas.getdbt.com/dbt/run-results/v6.json is above dbt-ol supported version 5. This might cause errors.
[2024-07-14T03:26:52.300+0000] {local.py:349} INFO - Inlets: [Dataset(uri='snowflake://OU00370.europe-west2.gcp/ELT_BATCH.PUBLIC.customers', extra=None)]
[2024-07-14T03:26:52.313+0000] {local.py:350} INFO - Outlets: [Dataset(uri='snowflake://OU00370.europe-west2.gcp/ELT_BATCH.raw.raw_customers', extra=None)]
[2024-07-14T03:26:52.330+0000] {dag.py:3096} INFO - Sync 1 DAGs
[2024-07-14T03:26:52.535+0000] {dag.py:3954} INFO - Setting next_dagrun for ELT-PROJECT to None, run_after=None
[2024-07-14T03:26:52.836+0000] {taskinstance.py:441} INFO - ::group::Post task execution logs
[2024-07-14T03:26:53.057+0000] {taskinstance.py:1206} INFO - Marking task as SUCCESS. dag_id=ELT-PROJECT, task_id=transform.raw_customers.run, run_id=manual__2024-07-14T03:25:17.009601+00:00, execution_date=20240714T032517, start_date=20240714T032555, end_date=20240714T032653
[2024-07-14T03:26:53.308+0000] {local_task_job_runner.py:240} INFO - Task exited with return code 0
[2024-07-14T03:26:53.695+0000] {taskinstance.py:3503} INFO - 1 downstream tasks scheduled from follow-on schedule check
[2024-07-14T03:26:53.897+0000] {local_task_job_runner.py:222} INFO - ::endgroup::
