[2024-07-13T14:29:00.762+0000] {local_task_job_runner.py:120} INFO - ::group::Pre task execution logs
[2024-07-13T14:29:00.861+0000] {taskinstance.py:2076} INFO - Dependencies all met for dep_context=non-requeueable deps ti=<TaskInstance: ELT-PROJECT.extract.extract_employees manual__2024-07-13T14:28:54.037699+00:00 [queued]>
[2024-07-13T14:29:00.894+0000] {taskinstance.py:2076} INFO - Dependencies all met for dep_context=requeueable deps ti=<TaskInstance: ELT-PROJECT.extract.extract_employees manual__2024-07-13T14:28:54.037699+00:00 [queued]>
[2024-07-13T14:29:00.895+0000] {taskinstance.py:2306} INFO - Starting attempt 1 of 2
[2024-07-13T14:29:00.944+0000] {taskinstance.py:2330} INFO - Executing <Task(_PythonDecoratedOperator): extract.extract_employees> on 2024-07-13 14:28:54.037699+00:00
[2024-07-13T14:29:00.961+0000] {standard_task_runner.py:90} INFO - Running: ['airflow', 'tasks', 'run', 'ELT-PROJECT', 'extract.extract_employees', 'manual__2024-07-13T14:28:54.037699+00:00', '--job-id', '327', '--raw', '--subdir', 'DAGS_FOLDER/elt.py', '--cfg-path', '/tmp/tmp2m854lf3']
[2024-07-13T14:29:00.967+0000] {logging_mixin.py:188} WARNING - /home/airflow/.local/lib/python3.12/site-packages/airflow/task/task_runner/standard_task_runner.py:61 DeprecationWarning: This process (pid=4451) is multi-threaded, use of fork() may lead to deadlocks in the child.
[2024-07-13T14:29:00.968+0000] {standard_task_runner.py:91} INFO - Job 327: Subtask extract.extract_employees
[2024-07-13T14:29:00.969+0000] {standard_task_runner.py:63} INFO - Started process 4488 to run task
[2024-07-13T14:29:01.017+0000] {logging_mixin.py:188} WARNING - /home/airflow/.local/lib/python3.12/site-packages/airflow/settings.py:195 DeprecationWarning: The sql_alchemy_conn option in [core] has been moved to the sql_alchemy_conn option in [database] - the old setting has been used, but please update your config.
[2024-07-13T14:29:01.172+0000] {task_command.py:426} INFO - Running <TaskInstance: ELT-PROJECT.extract.extract_employees manual__2024-07-13T14:28:54.037699+00:00 [running]> on host airflow-scheduler
[2024-07-13T14:29:01.561+0000] {taskinstance.py:2648} INFO - Exporting env vars: AIRFLOW_CTX_DAG_OWNER='Data-Ninja' AIRFLOW_CTX_DAG_ID='ELT-PROJECT' AIRFLOW_CTX_TASK_ID='extract.extract_employees' AIRFLOW_CTX_EXECUTION_DATE='2024-07-13T14:28:54.037699+00:00' AIRFLOW_CTX_TRY_NUMBER='1' AIRFLOW_CTX_DAG_RUN_ID='manual__2024-07-13T14:28:54.037699+00:00'
[2024-07-13T14:29:01.567+0000] {taskinstance.py:430} INFO - ::endgroup::
[2024-07-13T14:29:01.601+0000] {base.py:84} INFO - Using connection ID 'post_conn' for task execution.
[2024-07-13T14:29:01.797+0000] {taskinstance.py:441} INFO - ::group::Post task execution logs
[2024-07-13T14:29:01.800+0000] {taskinstance.py:2905} ERROR - Task failed with exception
Traceback (most recent call last):
  File "/home/airflow/.local/lib/python3.12/site-packages/airflow/models/taskinstance.py", line 465, in _execute_task
    result = _execute_callable(context=context, **execute_callable_kwargs)
             ^^^^^^^^^^^^^^^^^^^^^^^^^^^^^^^^^^^^^^^^^^^^^^^^^^^^^^^^^^^^^
  File "/home/airflow/.local/lib/python3.12/site-packages/airflow/models/taskinstance.py", line 432, in _execute_callable
    return execute_callable(context=context, **execute_callable_kwargs)
           ^^^^^^^^^^^^^^^^^^^^^^^^^^^^^^^^^^^^^^^^^^^^^^^^^^^^^^^^^^^^
  File "/home/airflow/.local/lib/python3.12/site-packages/airflow/models/baseoperator.py", line 401, in wrapper
    return func(self, *args, **kwargs)
           ^^^^^^^^^^^^^^^^^^^^^^^^^^^
  File "/home/airflow/.local/lib/python3.12/site-packages/airflow/decorators/base.py", line 265, in execute
    return_value = super().execute(context)
                   ^^^^^^^^^^^^^^^^^^^^^^^^
  File "/home/airflow/.local/lib/python3.12/site-packages/airflow/models/baseoperator.py", line 401, in wrapper
    return func(self, *args, **kwargs)
           ^^^^^^^^^^^^^^^^^^^^^^^^^^^
  File "/home/airflow/.local/lib/python3.12/site-packages/airflow/operators/python.py", line 235, in execute
    return_value = self.execute_callable()
                   ^^^^^^^^^^^^^^^^^^^^^^^
  File "/home/airflow/.local/lib/python3.12/site-packages/airflow/operators/python.py", line 252, in execute_callable
    return self.python_callable(*self.op_args, **self.op_kwargs)
           ^^^^^^^^^^^^^^^^^^^^^^^^^^^^^^^^^^^^^^^^^^^^^^^^^^^^^
  File "/opt/airflow/dags/elt.py", line 49, in extract
    return extract_func(
           ^^^^^^^^^^^^^
  File "/opt/airflow/dags/el_module/extractors.py", line 11, in extract_func
    ).get_conn()
      ^^^^^^^^^^
  File "/home/airflow/.local/lib/python3.12/site-packages/airflow/providers/postgres/hooks/postgres.py", line 175, in get_conn
    self.conn = psycopg2.connect(**conn_args)
                ^^^^^^^^^^^^^^^^^^^^^^^^^^^^^
  File "/home/airflow/.local/lib/python3.12/site-packages/psycopg2/__init__.py", line 122, in connect
    conn = _connect(dsn, connection_factory=connection_factory, **kwasync)
           ^^^^^^^^^^^^^^^^^^^^^^^^^^^^^^^^^^^^^^^^^^^^^^^^^^^^^^^^^^^^^^^
psycopg2.OperationalError: connection to server at "ep-bold-forest-89569418.ap-southeast-1.aws.neon.tech" (13.228.184.177), port 5432 failed: ERROR:  password authentication failed for user 'dataninja'
connection to server at "ep-bold-forest-89569418.ap-southeast-1.aws.neon.tech" (13.228.184.177), port 5432 failed: ERROR:  connection is insecure (try using `sslmode=require`)

[2024-07-13T14:29:01.890+0000] {taskinstance.py:1206} INFO - Marking task as UP_FOR_RETRY. dag_id=ELT-PROJECT, task_id=extract.extract_employees, run_id=manual__2024-07-13T14:28:54.037699+00:00, execution_date=20240713T142854, start_date=20240713T142900, end_date=20240713T142901
[2024-07-13T14:29:01.962+0000] {standard_task_runner.py:110} ERROR - Failed to execute job 327 for task extract.extract_employees (connection to server at "ep-bold-forest-89569418.ap-southeast-1.aws.neon.tech" (13.228.184.177), port 5432 failed: ERROR:  password authentication failed for user 'dataninja'
connection to server at "ep-bold-forest-89569418.ap-southeast-1.aws.neon.tech" (13.228.184.177), port 5432 failed: ERROR:  connection is insecure (try using `sslmode=require`)
; 4488)
[2024-07-13T14:29:02.010+0000] {local_task_job_runner.py:240} INFO - Task exited with return code 1
[2024-07-13T14:29:02.197+0000] {taskinstance.py:3503} INFO - 0 downstream tasks scheduled from follow-on schedule check
[2024-07-13T14:29:02.210+0000] {local_task_job_runner.py:222} INFO - ::endgroup::
