[2024-07-13T15:21:55.022+0000] {local_task_job_runner.py:120} INFO - ::group::Pre task execution logs
[2024-07-13T15:21:55.082+0000] {taskinstance.py:2076} INFO - Dependencies all met for dep_context=non-requeueable deps ti=<TaskInstance: ELT-PROJECT.load.load_customers manual__2024-07-13T15:21:44.430274+00:00 [queued]>
[2024-07-13T15:21:55.103+0000] {taskinstance.py:2076} INFO - Dependencies all met for dep_context=requeueable deps ti=<TaskInstance: ELT-PROJECT.load.load_customers manual__2024-07-13T15:21:44.430274+00:00 [queued]>
[2024-07-13T15:21:55.104+0000] {taskinstance.py:2306} INFO - Starting attempt 1 of 2
[2024-07-13T15:21:55.140+0000] {taskinstance.py:2330} INFO - Executing <Task(_PythonDecoratedOperator): load.load_customers> on 2024-07-13 15:21:44.430274+00:00
[2024-07-13T15:21:55.160+0000] {logging_mixin.py:188} WARNING - /home/airflow/.local/lib/python3.12/site-packages/airflow/task/task_runner/standard_task_runner.py:61 DeprecationWarning: This process (pid=1064) is multi-threaded, use of fork() may lead to deadlocks in the child.
[2024-07-13T15:21:55.162+0000] {standard_task_runner.py:63} INFO - Started process 1090 to run task
[2024-07-13T15:21:55.168+0000] {standard_task_runner.py:90} INFO - Running: ['airflow', 'tasks', 'run', 'ELT-PROJECT', 'load.load_customers', 'manual__2024-07-13T15:21:44.430274+00:00', '--job-id', '411', '--raw', '--subdir', 'DAGS_FOLDER/elt.py', '--cfg-path', '/tmp/tmpqoh8mlyv']
[2024-07-13T15:21:55.172+0000] {standard_task_runner.py:91} INFO - Job 411: Subtask load.load_customers
[2024-07-13T15:21:55.228+0000] {logging_mixin.py:188} WARNING - /home/airflow/.local/lib/python3.12/site-packages/airflow/settings.py:195 DeprecationWarning: The sql_alchemy_conn option in [core] has been moved to the sql_alchemy_conn option in [database] - the old setting has been used, but please update your config.
[2024-07-13T15:21:55.393+0000] {task_command.py:426} INFO - Running <TaskInstance: ELT-PROJECT.load.load_customers manual__2024-07-13T15:21:44.430274+00:00 [running]> on host airflow-scheduler
[2024-07-13T15:21:56.428+0000] {taskinstance.py:2648} INFO - Exporting env vars: AIRFLOW_CTX_DAG_OWNER='Data-Ninja' AIRFLOW_CTX_DAG_ID='ELT-PROJECT' AIRFLOW_CTX_TASK_ID='load.load_customers' AIRFLOW_CTX_EXECUTION_DATE='2024-07-13T15:21:44.430274+00:00' AIRFLOW_CTX_TRY_NUMBER='1' AIRFLOW_CTX_DAG_RUN_ID='manual__2024-07-13T15:21:44.430274+00:00'
[2024-07-13T15:21:56.430+0000] {taskinstance.py:430} INFO - ::endgroup::
[2024-07-13T15:21:56.432+0000] {connection.py:399} INFO - Snowflake Connector for Python Version: 3.10.1, Python Version: 3.12.4, Platform: Linux-5.15.133.1-microsoft-standard-WSL2-x86_64-with-glibc2.36
[2024-07-13T15:21:56.433+0000] {connection.py:1249} INFO - THIS CONNECTION IS IN INSECURE MODE. IT MEANS THE CERTIFICATE WILL BE VALIDATED BUT THE CERTIFICATE REVOCATION STATUS WILL NOT BE CHECKED.
[2024-07-13T15:21:56.802+0000] {ssl_wrap_socket.py:100} INFO - THIS CONNECTION IS IN INSECURE MODE. IT MEANS THE CERTIFICATE WILL BE VALIDATED BUT THE CERTIFICATE REVOCATION STATUS WILL NOT BE CHECKED.
[2024-07-13T15:21:57.379+0000] {logging_mixin.py:188} INFO - Nama kolom di DataFrame: Index(['customerID', 'companyName', 'contactName', 'contactTitle', 'address',
       'city', 'region', 'postalCode', 'country', 'phone', 'fax'],
      dtype='object')
[2024-07-13T15:21:57.913+0000] {cursor.py:1149} INFO - Number of results in first chunk: 1
[2024-07-13T15:21:58.458+0000] {ssl_wrap_socket.py:100} INFO - THIS CONNECTION IS IN INSECURE MODE. IT MEANS THE CERTIFICATE WILL BE VALIDATED BUT THE CERTIFICATE REVOCATION STATUS WILL NOT BE CHECKED.
[2024-07-13T15:22:01.321+0000] {cursor.py:1149} INFO - Number of results in first chunk: 1
[2024-07-13T15:22:02.625+0000] {cursor.py:1149} INFO - Number of results in first chunk: 11
[2024-07-13T15:22:02.985+0000] {cursor.py:1149} INFO - Number of results in first chunk: 1
[2024-07-13T15:22:04.165+0000] {cursor.py:1149} INFO - Number of results in first chunk: 1
[2024-07-13T15:22:06.035+0000] {cursor.py:1149} INFO - Number of results in first chunk: 1
[2024-07-13T15:22:06.036+0000] {logging_mixin.py:188} INFO - Done customers.
[2024-07-13T15:22:06.037+0000] {connection.py:762} INFO - closed
[2024-07-13T15:22:06.378+0000] {connection.py:768} INFO - No async queries seem to be running, deleting session
[2024-07-13T15:22:06.721+0000] {python.py:237} INFO - Done. Returned value was: None
[2024-07-13T15:22:06.723+0000] {taskinstance.py:441} INFO - ::group::Post task execution logs
[2024-07-13T15:22:06.743+0000] {taskinstance.py:1206} INFO - Marking task as SUCCESS. dag_id=ELT-PROJECT, task_id=load.load_customers, run_id=manual__2024-07-13T15:21:44.430274+00:00, execution_date=20240713T152144, start_date=20240713T152155, end_date=20240713T152206
[2024-07-13T15:22:06.811+0000] {local_task_job_runner.py:240} INFO - Task exited with return code 0
[2024-07-13T15:22:06.898+0000] {taskinstance.py:3503} INFO - 1 downstream tasks scheduled from follow-on schedule check
[2024-07-13T15:22:06.901+0000] {local_task_job_runner.py:222} INFO - ::endgroup::
