[2024-07-13T14:27:21.166+0000] {local_task_job_runner.py:120} INFO - ::group::Pre task execution logs
[2024-07-13T14:27:21.275+0000] {taskinstance.py:2076} INFO - Dependencies all met for dep_context=non-requeueable deps ti=<TaskInstance: ELT-PROJECT.extract.extract_products scheduled__2024-07-12T00:00:00+00:00 [queued]>
[2024-07-13T14:27:21.339+0000] {taskinstance.py:2076} INFO - Dependencies all met for dep_context=requeueable deps ti=<TaskInstance: ELT-PROJECT.extract.extract_products scheduled__2024-07-12T00:00:00+00:00 [queued]>
[2024-07-13T14:27:21.341+0000] {taskinstance.py:2306} INFO - Starting attempt 1 of 2
[2024-07-13T14:27:21.411+0000] {taskinstance.py:2330} INFO - Executing <Task(_PythonDecoratedOperator): extract.extract_products> on 2024-07-12 00:00:00+00:00
[2024-07-13T14:27:21.455+0000] {standard_task_runner.py:90} INFO - Running: ['airflow', 'tasks', 'run', 'ELT-PROJECT', 'extract.extract_products', 'scheduled__2024-07-12T00:00:00+00:00', '--job-id', '313', '--raw', '--subdir', 'DAGS_FOLDER/elt.py', '--cfg-path', '/tmp/tmpdk27v2do']
[2024-07-13T14:27:21.461+0000] {standard_task_runner.py:91} INFO - Job 313: Subtask extract.extract_products
[2024-07-13T14:27:21.452+0000] {logging_mixin.py:188} WARNING - /home/airflow/.local/lib/python3.12/site-packages/airflow/task/task_runner/standard_task_runner.py:61 DeprecationWarning: This process (pid=4354) is multi-threaded, use of fork() may lead to deadlocks in the child.
[2024-07-13T14:27:21.490+0000] {standard_task_runner.py:63} INFO - Started process 4376 to run task
[2024-07-13T14:27:21.543+0000] {logging_mixin.py:188} WARNING - /home/airflow/.local/lib/python3.12/site-packages/airflow/settings.py:195 DeprecationWarning: The sql_alchemy_conn option in [core] has been moved to the sql_alchemy_conn option in [database] - the old setting has been used, but please update your config.
[2024-07-13T14:27:21.705+0000] {task_command.py:426} INFO - Running <TaskInstance: ELT-PROJECT.extract.extract_products scheduled__2024-07-12T00:00:00+00:00 [running]> on host airflow-scheduler
[2024-07-13T14:27:22.571+0000] {taskinstance.py:2648} INFO - Exporting env vars: AIRFLOW_CTX_DAG_OWNER='Data-Ninja' AIRFLOW_CTX_DAG_ID='ELT-PROJECT' AIRFLOW_CTX_TASK_ID='extract.extract_products' AIRFLOW_CTX_EXECUTION_DATE='2024-07-12T00:00:00+00:00' AIRFLOW_CTX_TRY_NUMBER='1' AIRFLOW_CTX_DAG_RUN_ID='scheduled__2024-07-12T00:00:00+00:00'
[2024-07-13T14:27:22.608+0000] {taskinstance.py:430} INFO - ::endgroup::
[2024-07-13T14:27:22.705+0000] {base.py:84} INFO - Using connection ID 'post_conn' for task execution.
[2024-07-13T14:27:23.004+0000] {taskinstance.py:441} INFO - ::group::Post task execution logs
[2024-07-13T14:27:23.006+0000] {taskinstance.py:2905} ERROR - Task failed with exception
Traceback (most recent call last):
  File "/home/airflow/.local/lib/python3.12/site-packages/airflow/models/taskinstance.py", line 465, in _execute_task
    result = _execute_callable(context=context, **execute_callable_kwargs)
             ^^^^^^^^^^^^^^^^^^^^^^^^^^^^^^^^^^^^^^^^^^^^^^^^^^^^^^^^^^^^^
  File "/home/airflow/.local/lib/python3.12/site-packages/airflow/models/taskinstance.py", line 432, in _execute_callable
    return execute_callable(context=context, **execute_callable_kwargs)
           ^^^^^^^^^^^^^^^^^^^^^^^^^^^^^^^^^^^^^^^^^^^^^^^^^^^^^^^^^^^^
  File "/home/airflow/.local/lib/python3.12/site-packages/airflow/models/baseoperator.py", line 401, in wrapper
    return func(self, *args, **kwargs)
           ^^^^^^^^^^^^^^^^^^^^^^^^^^^
  File "/home/airflow/.local/lib/python3.12/site-packages/airflow/decorators/base.py", line 265, in execute
    return_value = super().execute(context)
                   ^^^^^^^^^^^^^^^^^^^^^^^^
  File "/home/airflow/.local/lib/python3.12/site-packages/airflow/models/baseoperator.py", line 401, in wrapper
    return func(self, *args, **kwargs)
           ^^^^^^^^^^^^^^^^^^^^^^^^^^^
  File "/home/airflow/.local/lib/python3.12/site-packages/airflow/operators/python.py", line 235, in execute
    return_value = self.execute_callable()
                   ^^^^^^^^^^^^^^^^^^^^^^^
  File "/home/airflow/.local/lib/python3.12/site-packages/airflow/operators/python.py", line 252, in execute_callable
    return self.python_callable(*self.op_args, **self.op_kwargs)
           ^^^^^^^^^^^^^^^^^^^^^^^^^^^^^^^^^^^^^^^^^^^^^^^^^^^^^
  File "/opt/airflow/dags/elt.py", line 49, in extract
    return extract_func(
           ^^^^^^^^^^^^^
  File "/opt/airflow/dags/el_module/extractors.py", line 11, in extract_func
    ).get_conn()
      ^^^^^^^^^^
  File "/home/airflow/.local/lib/python3.12/site-packages/airflow/providers/postgres/hooks/postgres.py", line 175, in get_conn
    self.conn = psycopg2.connect(**conn_args)
                ^^^^^^^^^^^^^^^^^^^^^^^^^^^^^
  File "/home/airflow/.local/lib/python3.12/site-packages/psycopg2/__init__.py", line 122, in connect
    conn = _connect(dsn, connection_factory=connection_factory, **kwasync)
           ^^^^^^^^^^^^^^^^^^^^^^^^^^^^^^^^^^^^^^^^^^^^^^^^^^^^^^^^^^^^^^^
psycopg2.OperationalError: connection to server at "ep-bold-forest-89569418.ap-southeast-1.aws.neon.tech" (13.228.184.177), port 5432 failed: ERROR:  password authentication failed for user 'dataninja'
connection to server at "ep-bold-forest-89569418.ap-southeast-1.aws.neon.tech" (13.228.184.177), port 5432 failed: ERROR:  connection is insecure (try using `sslmode=require`)

[2024-07-13T14:27:23.640+0000] {taskinstance.py:1206} INFO - Marking task as UP_FOR_RETRY. dag_id=ELT-PROJECT, task_id=extract.extract_products, run_id=scheduled__2024-07-12T00:00:00+00:00, execution_date=20240712T000000, start_date=20240713T142721, end_date=20240713T142723
[2024-07-13T14:27:23.696+0000] {standard_task_runner.py:110} ERROR - Failed to execute job 313 for task extract.extract_products (connection to server at "ep-bold-forest-89569418.ap-southeast-1.aws.neon.tech" (13.228.184.177), port 5432 failed: ERROR:  password authentication failed for user 'dataninja'
connection to server at "ep-bold-forest-89569418.ap-southeast-1.aws.neon.tech" (13.228.184.177), port 5432 failed: ERROR:  connection is insecure (try using `sslmode=require`)
; 4376)
[2024-07-13T14:27:23.777+0000] {local_task_job_runner.py:240} INFO - Task exited with return code 1
[2024-07-13T14:27:23.823+0000] {local_task_job_runner.py:222} INFO - ::endgroup::
[2024-07-14T04:00:02.700+0000] {local_task_job_runner.py:120} INFO - ::group::Pre task execution logs
[2024-07-14T04:00:02.868+0000] {taskinstance.py:2076} INFO - Dependencies all met for dep_context=non-requeueable deps ti=<TaskInstance: ELT-PROJECT.extract.extract_products scheduled__2024-07-12T00:00:00+00:00 [queued]>
[2024-07-14T04:00:02.940+0000] {taskinstance.py:2076} INFO - Dependencies all met for dep_context=requeueable deps ti=<TaskInstance: ELT-PROJECT.extract.extract_products scheduled__2024-07-12T00:00:00+00:00 [queued]>
[2024-07-14T04:00:02.943+0000] {taskinstance.py:2306} INFO - Starting attempt 1 of 2
[2024-07-14T04:00:03.122+0000] {taskinstance.py:2330} INFO - Executing <Task(_PythonDecoratedOperator): extract.extract_products> on 2024-07-12 00:00:00+00:00
[2024-07-14T04:00:03.153+0000] {logging_mixin.py:188} WARNING - /home/airflow/.local/lib/python3.12/site-packages/airflow/task/task_runner/standard_task_runner.py:61 DeprecationWarning: This process (pid=10070) is multi-threaded, use of fork() may lead to deadlocks in the child.
[2024-07-14T04:00:03.157+0000] {standard_task_runner.py:63} INFO - Started process 10102 to run task
[2024-07-14T04:00:03.159+0000] {standard_task_runner.py:90} INFO - Running: ['airflow', 'tasks', 'run', 'ELT-PROJECT', 'extract.extract_products', 'scheduled__2024-07-12T00:00:00+00:00', '--job-id', '844', '--raw', '--subdir', 'DAGS_FOLDER/elt.py', '--cfg-path', '/tmp/tmpjlepntz5']
[2024-07-14T04:00:03.169+0000] {standard_task_runner.py:91} INFO - Job 844: Subtask extract.extract_products
[2024-07-14T04:00:03.288+0000] {logging_mixin.py:188} WARNING - /home/airflow/.local/lib/python3.12/site-packages/airflow/settings.py:195 DeprecationWarning: The sql_alchemy_conn option in [core] has been moved to the sql_alchemy_conn option in [database] - the old setting has been used, but please update your config.
[2024-07-14T04:00:03.545+0000] {task_command.py:426} INFO - Running <TaskInstance: ELT-PROJECT.extract.extract_products scheduled__2024-07-12T00:00:00+00:00 [running]> on host airflow-scheduler
[2024-07-14T04:00:04.203+0000] {taskinstance.py:2648} INFO - Exporting env vars: AIRFLOW_CTX_DAG_OWNER='Data-Ninja' AIRFLOW_CTX_DAG_ID='ELT-PROJECT' AIRFLOW_CTX_TASK_ID='extract.extract_products' AIRFLOW_CTX_EXECUTION_DATE='2024-07-12T00:00:00+00:00' AIRFLOW_CTX_TRY_NUMBER='1' AIRFLOW_CTX_DAG_RUN_ID='scheduled__2024-07-12T00:00:00+00:00'
[2024-07-14T04:00:04.209+0000] {taskinstance.py:430} INFO - ::endgroup::
[2024-07-14T04:00:04.279+0000] {base.py:84} INFO - Using connection ID 'post_conn' for task execution.
[2024-07-14T04:00:04.879+0000] {python.py:237} INFO - Done. Returned value was:     productID                      productName  ...  reorderLevel  discontinued
0          39                 Chartreuse verte  ...             5             0
1          40                 Boston Crab Meat  ...            30             0
2          41  Jack's New England Clam Chowder  ...            10             0
3          42    Singaporean Hokkien Fried Mee  ...             0             1
4          43                      Ipoh Coffee  ...            25             0
..        ...                              ...  ...           ...           ...
72         34                    Sasquatch Ale  ...            15             0
73         35                   Steeleye Stout  ...            15             0
74         36                      Inlagd Sill  ...            20             0
75         37                       Gravad lax  ...            25             0
76         38                    Côte de Blaye  ...            15             0

[77 rows x 10 columns]
[2024-07-14T04:00:05.061+0000] {taskinstance.py:441} INFO - ::group::Post task execution logs
[2024-07-14T04:00:05.958+0000] {taskinstance.py:1206} INFO - Marking task as SUCCESS. dag_id=ELT-PROJECT, task_id=extract.extract_products, run_id=scheduled__2024-07-12T00:00:00+00:00, execution_date=20240712T000000, start_date=20240714T040002, end_date=20240714T040005
[2024-07-14T04:00:06.059+0000] {local_task_job_runner.py:240} INFO - Task exited with return code 0
[2024-07-14T04:00:06.159+0000] {local_task_job_runner.py:222} INFO - ::endgroup::
