[2024-07-13T15:23:40.112+0000] {local_task_job_runner.py:120} INFO - ::group::Pre task execution logs
[2024-07-13T15:23:40.148+0000] {taskinstance.py:2076} INFO - Dependencies all met for dep_context=non-requeueable deps ti=<TaskInstance: ELT-PROJECT.transform.dim_suppliers.run manual__2024-07-13T15:21:44.430274+00:00 [queued]>
[2024-07-13T15:23:40.166+0000] {taskinstance.py:2076} INFO - Dependencies all met for dep_context=requeueable deps ti=<TaskInstance: ELT-PROJECT.transform.dim_suppliers.run manual__2024-07-13T15:21:44.430274+00:00 [queued]>
[2024-07-13T15:23:40.167+0000] {taskinstance.py:2306} INFO - Starting attempt 1 of 2
[2024-07-13T15:23:40.195+0000] {taskinstance.py:2330} INFO - Executing <Task(DbtRunLocalOperator): transform.dim_suppliers.run> on 2024-07-13 15:21:44.430274+00:00
[2024-07-13T15:23:40.209+0000] {logging_mixin.py:188} WARNING - /home/airflow/.local/lib/python3.12/site-packages/airflow/task/task_runner/standard_task_runner.py:61 DeprecationWarning: This process (pid=1639) is multi-threaded, use of fork() may lead to deadlocks in the child.
[2024-07-13T15:23:40.211+0000] {standard_task_runner.py:63} INFO - Started process 1643 to run task
[2024-07-13T15:23:40.209+0000] {standard_task_runner.py:90} INFO - Running: ['airflow', 'tasks', 'run', 'ELT-PROJECT', 'transform.dim_suppliers.run', 'manual__2024-07-13T15:21:44.430274+00:00', '--job-id', '440', '--raw', '--subdir', 'DAGS_FOLDER/elt.py', '--cfg-path', '/tmp/tmpe2vz60p2']
[2024-07-13T15:23:40.213+0000] {standard_task_runner.py:91} INFO - Job 440: Subtask transform.dim_suppliers.run
[2024-07-13T15:23:40.243+0000] {logging_mixin.py:188} WARNING - /home/airflow/.local/lib/python3.12/site-packages/airflow/settings.py:195 DeprecationWarning: The sql_alchemy_conn option in [core] has been moved to the sql_alchemy_conn option in [database] - the old setting has been used, but please update your config.
[2024-07-13T15:23:40.335+0000] {task_command.py:426} INFO - Running <TaskInstance: ELT-PROJECT.transform.dim_suppliers.run manual__2024-07-13T15:21:44.430274+00:00 [running]> on host airflow-scheduler
[2024-07-13T15:23:40.562+0000] {taskinstance.py:2648} INFO - Exporting env vars: AIRFLOW_CTX_DAG_OWNER='Data-Ninja' AIRFLOW_CTX_DAG_ID='ELT-PROJECT' AIRFLOW_CTX_TASK_ID='transform.dim_suppliers.run' AIRFLOW_CTX_EXECUTION_DATE='2024-07-13T15:21:44.430274+00:00' AIRFLOW_CTX_TRY_NUMBER='1' AIRFLOW_CTX_DAG_RUN_ID='manual__2024-07-13T15:21:44.430274+00:00'
[2024-07-13T15:23:40.565+0000] {taskinstance.py:430} INFO - ::endgroup::
[2024-07-13T15:23:40.567+0000] {local.py:174} INFO - Could not import dbtRunner. Falling back to subprocess for invoking dbt.
[2024-07-13T15:23:40.571+0000] {local.py:292} INFO - Cloning project to writable temp directory /tmp/tmp2ape_9_i from /opt/airflow/dags/dbt/dbt_project
[2024-07-13T15:23:40.578+0000] {local.py:303} INFO - Partial parse is enabled and the latest partial parse file is /tmp/cosmos/ELT-PROJECT__transform/target/partial_parse.msgpack
[2024-07-13T15:23:40.629+0000] {base.py:84} INFO - Using connection ID 'snow_conn' for task execution.
[2024-07-13T15:23:40.630+0000] {crypto.py:82} WARNING - empty cryptography key - values will not be stored encrypted.
[2024-07-13T15:23:40.631+0000] {config.py:298} INFO - Profile caching is enable.
[2024-07-13T15:23:40.635+0000] {config.py:272} INFO - Profile found in cache using profile: /tmp/cosmos/profile/a0017dab0633177292578162811b91dcb9c56d6e54017e9660056cc364a762ad/profiles.yml.
[2024-07-13T15:23:40.637+0000] {local.py:247} INFO - Trying to run the command:
 ['/opt/airflow/dbt_venv/bin/dbt', 'deps', '--project-dir', '/tmp/tmp2ape_9_i', '--profiles-dir', '/tmp/cosmos/profile/a0017dab0633177292578162811b91dcb9c56d6e54017e9660056cc364a762ad', '--profile', 'dbt_project', '--target', 'dev']
From /tmp/tmp2ape_9_i
[2024-07-13T15:23:40.638+0000] {subprocess.py:60} INFO - Tmp dir root location: 
 /tmp
[2024-07-13T15:23:40.640+0000] {subprocess.py:73} INFO - Running command: ['/opt/airflow/dbt_venv/bin/dbt', 'deps', '--project-dir', '/tmp/tmp2ape_9_i', '--profiles-dir', '/tmp/cosmos/profile/a0017dab0633177292578162811b91dcb9c56d6e54017e9660056cc364a762ad', '--profile', 'dbt_project', '--target', 'dev']
[2024-07-13T15:23:40.660+0000] {subprocess.py:84} INFO - Command output:
[2024-07-13T15:23:44.795+0000] {subprocess.py:94} INFO - [0m15:23:44  Running with dbt=1.8.3
[2024-07-13T15:23:45.880+0000] {subprocess.py:94} INFO - [0m15:23:45  Updating lock file in file path: /tmp/tmp2ape_9_i/package-lock.yml
[2024-07-13T15:23:45.893+0000] {subprocess.py:94} INFO - [0m15:23:45  Installing dbt-labs/dbt_utils
[2024-07-13T15:23:46.407+0000] {subprocess.py:94} INFO - [0m15:23:46  Installed from version 0.8.6
[2024-07-13T15:23:46.408+0000] {subprocess.py:94} INFO - [0m15:23:46  Updated version available: 1.2.0
[2024-07-13T15:23:46.410+0000] {subprocess.py:94} INFO - [0m15:23:46
[2024-07-13T15:23:46.411+0000] {subprocess.py:94} INFO - [0m15:23:46  Updates available for packages: ['dbt-labs/dbt_utils']
[2024-07-13T15:23:46.412+0000] {subprocess.py:94} INFO - Update your versions in packages.yml, then run dbt deps
[2024-07-13T15:23:48.208+0000] {subprocess.py:98} INFO - Command exited with return code 0
[2024-07-13T15:23:48.209+0000] {local.py:254} INFO - Update your versions in packages.yml, then run dbt deps
[2024-07-13T15:23:48.210+0000] {local.py:247} INFO - Trying to run the command:
 ['/opt/airflow/dbt_venv/bin/dbt', 'run', '--models', 'dim_suppliers', '--project-dir', '/tmp/tmp2ape_9_i', '--profiles-dir', '/tmp/cosmos/profile/a0017dab0633177292578162811b91dcb9c56d6e54017e9660056cc364a762ad', '--profile', 'dbt_project', '--target', 'dev']
From /tmp/tmp2ape_9_i
[2024-07-13T15:23:48.211+0000] {subprocess.py:60} INFO - Tmp dir root location: 
 /tmp
[2024-07-13T15:23:48.212+0000] {subprocess.py:73} INFO - Running command: ['/opt/airflow/dbt_venv/bin/dbt', 'run', '--models', 'dim_suppliers', '--project-dir', '/tmp/tmp2ape_9_i', '--profiles-dir', '/tmp/cosmos/profile/a0017dab0633177292578162811b91dcb9c56d6e54017e9660056cc364a762ad', '--profile', 'dbt_project', '--target', 'dev']
[2024-07-13T15:23:48.224+0000] {subprocess.py:84} INFO - Command output:
[2024-07-13T15:23:51.458+0000] {subprocess.py:94} INFO - [0m15:23:51  Running with dbt=1.8.3
[2024-07-13T15:23:52.381+0000] {subprocess.py:94} INFO - [0m15:23:52  Registered adapter: snowflake=1.8.3
[2024-07-13T15:23:54.063+0000] {subprocess.py:94} INFO - [0m15:23:54  Found 20 models, 27 data tests, 11 sources, 684 macros
[2024-07-13T15:23:54.067+0000] {subprocess.py:94} INFO - [0m15:23:54
[2024-07-13T15:24:02.911+0000] {subprocess.py:94} INFO - [0m15:24:02  Concurrency: 1 threads (target='dev')
[2024-07-13T15:24:02.913+0000] {subprocess.py:94} INFO - [0m15:24:02
[2024-07-13T15:24:02.934+0000] {subprocess.py:94} INFO - [0m15:24:02  1 of 1 START sql table model dwh.dim_suppliers ................................. [RUN]
[2024-07-13T15:24:05.163+0000] {subprocess.py:94} INFO - [0m15:24:05  1 of 1 OK created sql table model dwh.dim_suppliers ............................ [[32mSUCCESS 1[0m in 2.22s]
[2024-07-13T15:24:05.169+0000] {subprocess.py:94} INFO - [0m15:24:05
[2024-07-13T15:24:05.170+0000] {subprocess.py:94} INFO - [0m15:24:05  Finished running 1 table model in 0 hours 0 minutes and 11.10 seconds (11.10s).
[2024-07-13T15:24:05.330+0000] {subprocess.py:94} INFO - [0m15:24:05
[2024-07-13T15:24:05.332+0000] {subprocess.py:94} INFO - [0m15:24:05  [32mCompleted successfully[0m
[2024-07-13T15:24:05.334+0000] {subprocess.py:94} INFO - [0m15:24:05
[2024-07-13T15:24:05.335+0000] {subprocess.py:94} INFO - [0m15:24:05  Done. PASS=1 WARN=0 ERROR=0 SKIP=0 TOTAL=1
[2024-07-13T15:24:06.888+0000] {subprocess.py:98} INFO - Command exited with return code 0
[2024-07-13T15:24:06.889+0000] {local.py:254} INFO - [0m15:24:05  Done. PASS=1 WARN=0 ERROR=0 SKIP=0 TOTAL=1
[2024-07-13T15:24:07.172+0000] {local.py:196} WARNING - Artifact schema version: https://schemas.getdbt.com/dbt/manifest/v12.json is above dbt-ol supported version 7. This might cause errors.
[2024-07-13T15:24:07.173+0000] {local.py:196} WARNING - Artifact schema version: https://schemas.getdbt.com/dbt/run-results/v6.json is above dbt-ol supported version 5. This might cause errors.
[2024-07-13T15:24:07.185+0000] {local.py:349} INFO - Inlets: [Dataset(uri='snowflake://OU00370.europe-west2.gcp/ELT_BATCH.raw.raw_suppliers', extra=None)]
[2024-07-13T15:24:07.186+0000] {local.py:350} INFO - Outlets: [Dataset(uri='snowflake://OU00370.europe-west2.gcp/ELT_BATCH.dwh.dim_suppliers', extra=None)]
[2024-07-13T15:24:07.188+0000] {dag.py:3096} INFO - Sync 1 DAGs
[2024-07-13T15:24:07.221+0000] {dag.py:3954} INFO - Setting next_dagrun for ELT-PROJECT to None, run_after=None
[2024-07-13T15:24:07.287+0000] {taskinstance.py:441} INFO - ::group::Post task execution logs
[2024-07-13T15:24:07.353+0000] {taskinstance.py:1206} INFO - Marking task as SUCCESS. dag_id=ELT-PROJECT, task_id=transform.dim_suppliers.run, run_id=manual__2024-07-13T15:21:44.430274+00:00, execution_date=20240713T152144, start_date=20240713T152340, end_date=20240713T152407
[2024-07-13T15:24:07.433+0000] {local_task_job_runner.py:240} INFO - Task exited with return code 0
[2024-07-13T15:24:07.523+0000] {taskinstance.py:3503} INFO - 1 downstream tasks scheduled from follow-on schedule check
[2024-07-13T15:24:07.530+0000] {local_task_job_runner.py:222} INFO - ::endgroup::
