[2024-07-14T04:03:17.438+0000] {local_task_job_runner.py:120} INFO - ::group::Pre task execution logs
[2024-07-14T04:03:17.611+0000] {taskinstance.py:2076} INFO - Dependencies all met for dep_context=non-requeueable deps ti=<TaskInstance: ELT-PROJECT.transform.raw_employees.run scheduled__2024-06-27T00:00:00+00:00 [queued]>
[2024-07-14T04:03:17.690+0000] {taskinstance.py:2076} INFO - Dependencies all met for dep_context=requeueable deps ti=<TaskInstance: ELT-PROJECT.transform.raw_employees.run scheduled__2024-06-27T00:00:00+00:00 [queued]>
[2024-07-14T04:03:17.707+0000] {taskinstance.py:2306} INFO - Starting attempt 1 of 2
[2024-07-14T04:03:17.783+0000] {taskinstance.py:2330} INFO - Executing <Task(DbtRunLocalOperator): transform.raw_employees.run> on 2024-06-27 00:00:00+00:00
[2024-07-14T04:03:17.826+0000] {standard_task_runner.py:90} INFO - Running: ['airflow', 'tasks', 'run', 'ELT-PROJECT', 'transform.raw_employees.run', 'scheduled__2024-06-27T00:00:00+00:00', '--job-id', '1040', '--raw', '--subdir', 'DAGS_FOLDER/elt.py', '--cfg-path', '/tmp/tmpw75m0vg7']
[2024-07-14T04:03:17.841+0000] {standard_task_runner.py:91} INFO - Job 1040: Subtask transform.raw_employees.run
[2024-07-14T04:03:17.850+0000] {logging_mixin.py:188} WARNING - /home/airflow/.local/lib/python3.12/site-packages/airflow/task/task_runner/standard_task_runner.py:61 DeprecationWarning: This process (pid=12391) is multi-threaded, use of fork() may lead to deadlocks in the child.
[2024-07-14T04:03:17.884+0000] {standard_task_runner.py:63} INFO - Started process 12418 to run task
[2024-07-14T04:03:17.936+0000] {logging_mixin.py:188} WARNING - /home/airflow/.local/lib/python3.12/site-packages/airflow/settings.py:195 DeprecationWarning: The sql_alchemy_conn option in [core] has been moved to the sql_alchemy_conn option in [database] - the old setting has been used, but please update your config.
[2024-07-14T04:03:18.162+0000] {task_command.py:426} INFO - Running <TaskInstance: ELT-PROJECT.transform.raw_employees.run scheduled__2024-06-27T00:00:00+00:00 [running]> on host airflow-scheduler
[2024-07-14T04:03:18.879+0000] {taskinstance.py:2648} INFO - Exporting env vars: AIRFLOW_CTX_DAG_OWNER='Data-Ninja' AIRFLOW_CTX_DAG_ID='ELT-PROJECT' AIRFLOW_CTX_TASK_ID='transform.raw_employees.run' AIRFLOW_CTX_EXECUTION_DATE='2024-06-27T00:00:00+00:00' AIRFLOW_CTX_TRY_NUMBER='1' AIRFLOW_CTX_DAG_RUN_ID='scheduled__2024-06-27T00:00:00+00:00'
[2024-07-14T04:03:18.885+0000] {taskinstance.py:430} INFO - ::endgroup::
[2024-07-14T04:03:18.892+0000] {local.py:174} INFO - Could not import dbtRunner. Falling back to subprocess for invoking dbt.
[2024-07-14T04:03:18.896+0000] {local.py:292} INFO - Cloning project to writable temp directory /tmp/tmpaswgldmw from /opt/airflow/dags/dbt/dbt_project
[2024-07-14T04:03:18.926+0000] {local.py:303} INFO - Partial parse is enabled and the latest partial parse file is /tmp/cosmos/ELT-PROJECT__transform/target/partial_parse.msgpack
[2024-07-14T04:03:19.060+0000] {base.py:84} INFO - Using connection ID 'snow_conn' for task execution.
[2024-07-14T04:03:19.066+0000] {crypto.py:82} WARNING - empty cryptography key - values will not be stored encrypted.
[2024-07-14T04:03:19.073+0000] {config.py:298} INFO - Profile caching is enable.
[2024-07-14T04:03:19.090+0000] {config.py:272} INFO - Profile found in cache using profile: /tmp/cosmos/profile/a0017dab0633177292578162811b91dcb9c56d6e54017e9660056cc364a762ad/profiles.yml.
[2024-07-14T04:03:19.099+0000] {local.py:247} INFO - Trying to run the command:
 ['/opt/airflow/dbt_venv/bin/dbt', 'deps', '--project-dir', '/tmp/tmpaswgldmw', '--profiles-dir', '/tmp/cosmos/profile/a0017dab0633177292578162811b91dcb9c56d6e54017e9660056cc364a762ad', '--profile', 'dbt_project', '--target', 'dev']
From /tmp/tmpaswgldmw
[2024-07-14T04:03:19.106+0000] {subprocess.py:60} INFO - Tmp dir root location: 
 /tmp
[2024-07-14T04:03:19.115+0000] {subprocess.py:73} INFO - Running command: ['/opt/airflow/dbt_venv/bin/dbt', 'deps', '--project-dir', '/tmp/tmpaswgldmw', '--profiles-dir', '/tmp/cosmos/profile/a0017dab0633177292578162811b91dcb9c56d6e54017e9660056cc364a762ad', '--profile', 'dbt_project', '--target', 'dev']
[2024-07-14T04:03:19.156+0000] {subprocess.py:84} INFO - Command output:
[2024-07-14T04:03:33.508+0000] {subprocess.py:94} INFO - [0m04:03:33  Running with dbt=1.8.3
[2024-07-14T04:03:35.436+0000] {subprocess.py:94} INFO - [0m04:03:35  Updating lock file in file path: /tmp/tmpaswgldmw/package-lock.yml
[2024-07-14T04:03:35.466+0000] {subprocess.py:94} INFO - [0m04:03:35  Installing dbt-labs/dbt_utils
[2024-07-14T04:03:36.577+0000] {subprocess.py:94} INFO - [0m04:03:36  Installed from version 0.8.6
[2024-07-14T04:03:36.581+0000] {subprocess.py:94} INFO - [0m04:03:36  Updated version available: 1.2.0
[2024-07-14T04:03:36.584+0000] {subprocess.py:94} INFO - [0m04:03:36
[2024-07-14T04:03:36.586+0000] {subprocess.py:94} INFO - [0m04:03:36  Updates available for packages: ['dbt-labs/dbt_utils']
[2024-07-14T04:03:36.588+0000] {subprocess.py:94} INFO - Update your versions in packages.yml, then run dbt deps
[2024-07-14T04:03:38.770+0000] {subprocess.py:98} INFO - Command exited with return code 0
[2024-07-14T04:03:38.772+0000] {local.py:254} INFO - Update your versions in packages.yml, then run dbt deps
[2024-07-14T04:03:38.775+0000] {local.py:247} INFO - Trying to run the command:
 ['/opt/airflow/dbt_venv/bin/dbt', 'run', '--models', 'raw_employees', '--project-dir', '/tmp/tmpaswgldmw', '--profiles-dir', '/tmp/cosmos/profile/a0017dab0633177292578162811b91dcb9c56d6e54017e9660056cc364a762ad', '--profile', 'dbt_project', '--target', 'dev']
From /tmp/tmpaswgldmw
[2024-07-14T04:03:38.783+0000] {subprocess.py:60} INFO - Tmp dir root location: 
 /tmp
[2024-07-14T04:03:38.794+0000] {subprocess.py:73} INFO - Running command: ['/opt/airflow/dbt_venv/bin/dbt', 'run', '--models', 'raw_employees', '--project-dir', '/tmp/tmpaswgldmw', '--profiles-dir', '/tmp/cosmos/profile/a0017dab0633177292578162811b91dcb9c56d6e54017e9660056cc364a762ad', '--profile', 'dbt_project', '--target', 'dev']
[2024-07-14T04:03:38.909+0000] {subprocess.py:84} INFO - Command output:
[2024-07-14T04:03:51.306+0000] {subprocess.py:94} INFO - [0m04:03:51  Running with dbt=1.8.3
[2024-07-14T04:03:55.259+0000] {subprocess.py:94} INFO - [0m04:03:55  Registered adapter: snowflake=1.8.3
[2024-07-14T04:04:00.578+0000] {subprocess.py:94} INFO - [0m04:04:00  Found 20 models, 27 data tests, 11 sources, 684 macros
[2024-07-14T04:04:00.640+0000] {subprocess.py:94} INFO - [0m04:04:00
[2024-07-14T04:04:10.982+0000] {subprocess.py:94} INFO - [0m04:04:10  Concurrency: 1 threads (target='dev')
[2024-07-14T04:04:11.003+0000] {subprocess.py:94} INFO - [0m04:04:11
[2024-07-14T04:04:11.163+0000] {subprocess.py:94} INFO - [0m04:04:11  1 of 1 START sql table model raw.raw_employees ................................. [RUN]
[2024-07-14T04:04:14.313+0000] {subprocess.py:94} INFO - [0m04:04:14  1 of 1 OK created sql table model raw.raw_employees ............................ [[32mSUCCESS 1[0m in 3.10s]
[2024-07-14T04:04:14.374+0000] {subprocess.py:94} INFO - [0m04:04:14
[2024-07-14T04:04:14.396+0000] {subprocess.py:94} INFO - [0m04:04:14  Finished running 1 table model in 0 hours 0 minutes and 13.71 seconds (13.71s).
[2024-07-14T04:04:14.907+0000] {subprocess.py:94} INFO - [0m04:04:14
[2024-07-14T04:04:14.920+0000] {subprocess.py:94} INFO - [0m04:04:14  [32mCompleted successfully[0m
[2024-07-14T04:04:14.924+0000] {subprocess.py:94} INFO - [0m04:04:14
[2024-07-14T04:04:14.929+0000] {subprocess.py:94} INFO - [0m04:04:14  Done. PASS=1 WARN=0 ERROR=0 SKIP=0 TOTAL=1
[2024-07-14T04:04:16.710+0000] {subprocess.py:98} INFO - Command exited with return code 0
[2024-07-14T04:04:16.712+0000] {local.py:254} INFO - [0m04:04:14  Done. PASS=1 WARN=0 ERROR=0 SKIP=0 TOTAL=1
[2024-07-14T04:04:17.398+0000] {local.py:196} WARNING - Artifact schema version: https://schemas.getdbt.com/dbt/manifest/v12.json is above dbt-ol supported version 7. This might cause errors.
[2024-07-14T04:04:17.400+0000] {local.py:196} WARNING - Artifact schema version: https://schemas.getdbt.com/dbt/run-results/v6.json is above dbt-ol supported version 5. This might cause errors.
[2024-07-14T04:04:17.418+0000] {local.py:349} INFO - Inlets: [Dataset(uri='snowflake://OU00370.europe-west2.gcp/ELT_BATCH.PUBLIC.employees', extra=None)]
[2024-07-14T04:04:17.421+0000] {local.py:350} INFO - Outlets: [Dataset(uri='snowflake://OU00370.europe-west2.gcp/ELT_BATCH.raw.raw_employees', extra=None)]
[2024-07-14T04:04:17.423+0000] {dag.py:3096} INFO - Sync 1 DAGs
[2024-07-14T04:04:17.593+0000] {taskinstance.py:441} INFO - ::group::Post task execution logs
[2024-07-14T04:04:17.697+0000] {taskinstance.py:1206} INFO - Marking task as SUCCESS. dag_id=ELT-PROJECT, task_id=transform.raw_employees.run, run_id=scheduled__2024-06-27T00:00:00+00:00, execution_date=20240627T000000, start_date=20240714T040317, end_date=20240714T040417
[2024-07-14T04:04:17.943+0000] {local_task_job_runner.py:240} INFO - Task exited with return code 0
[2024-07-14T04:04:18.062+0000] {taskinstance.py:3503} INFO - 1 downstream tasks scheduled from follow-on schedule check
[2024-07-14T04:04:18.066+0000] {local_task_job_runner.py:222} INFO - ::endgroup::
