[2024-07-14T04:13:44.574+0000] {local_task_job_runner.py:120} INFO - ::group::Pre task execution logs
[2024-07-14T04:13:44.968+0000] {taskinstance.py:2076} INFO - Dependencies all met for dep_context=non-requeueable deps ti=<TaskInstance: ELT-PROJECT.transform.raw_products.run scheduled__2024-07-07T00:00:00+00:00 [queued]>
[2024-07-14T04:13:45.076+0000] {taskinstance.py:2076} INFO - Dependencies all met for dep_context=requeueable deps ti=<TaskInstance: ELT-PROJECT.transform.raw_products.run scheduled__2024-07-07T00:00:00+00:00 [queued]>
[2024-07-14T04:13:45.088+0000] {taskinstance.py:2306} INFO - Starting attempt 1 of 2
[2024-07-14T04:13:45.168+0000] {taskinstance.py:2330} INFO - Executing <Task(DbtRunLocalOperator): transform.raw_products.run> on 2024-07-07 00:00:00+00:00
[2024-07-14T04:13:45.211+0000] {logging_mixin.py:188} WARNING - /home/airflow/.local/lib/python3.12/site-packages/airflow/task/task_runner/standard_task_runner.py:61 DeprecationWarning: This process (pid=14713) is multi-threaded, use of fork() may lead to deadlocks in the child.
[2024-07-14T04:13:45.223+0000] {standard_task_runner.py:90} INFO - Running: ['airflow', 'tasks', 'run', 'ELT-PROJECT', 'transform.raw_products.run', 'scheduled__2024-07-07T00:00:00+00:00', '--job-id', '1188', '--raw', '--subdir', 'DAGS_FOLDER/elt.py', '--cfg-path', '/tmp/tmphhq7ge9w']
[2024-07-14T04:13:45.227+0000] {standard_task_runner.py:63} INFO - Started process 14734 to run task
[2024-07-14T04:13:45.240+0000] {standard_task_runner.py:91} INFO - Job 1188: Subtask transform.raw_products.run
[2024-07-14T04:13:45.330+0000] {logging_mixin.py:188} WARNING - /home/airflow/.local/lib/python3.12/site-packages/airflow/settings.py:195 DeprecationWarning: The sql_alchemy_conn option in [core] has been moved to the sql_alchemy_conn option in [database] - the old setting has been used, but please update your config.
[2024-07-14T04:13:45.518+0000] {task_command.py:426} INFO - Running <TaskInstance: ELT-PROJECT.transform.raw_products.run scheduled__2024-07-07T00:00:00+00:00 [running]> on host airflow-scheduler
[2024-07-14T04:13:46.078+0000] {taskinstance.py:2648} INFO - Exporting env vars: AIRFLOW_CTX_DAG_OWNER='Data-Ninja' AIRFLOW_CTX_DAG_ID='ELT-PROJECT' AIRFLOW_CTX_TASK_ID='transform.raw_products.run' AIRFLOW_CTX_EXECUTION_DATE='2024-07-07T00:00:00+00:00' AIRFLOW_CTX_TRY_NUMBER='1' AIRFLOW_CTX_DAG_RUN_ID='scheduled__2024-07-07T00:00:00+00:00'
[2024-07-14T04:13:46.083+0000] {taskinstance.py:430} INFO - ::endgroup::
[2024-07-14T04:13:46.105+0000] {local.py:174} INFO - Could not import dbtRunner. Falling back to subprocess for invoking dbt.
[2024-07-14T04:13:46.110+0000] {local.py:292} INFO - Cloning project to writable temp directory /tmp/tmptbgu0wyy from /opt/airflow/dags/dbt/dbt_project
[2024-07-14T04:13:46.159+0000] {local.py:303} INFO - Partial parse is enabled and the latest partial parse file is /tmp/cosmos/ELT-PROJECT__transform/target/partial_parse.msgpack
[2024-07-14T04:13:46.508+0000] {base.py:84} INFO - Using connection ID 'snow_conn' for task execution.
[2024-07-14T04:13:46.518+0000] {crypto.py:82} WARNING - empty cryptography key - values will not be stored encrypted.
[2024-07-14T04:13:46.525+0000] {config.py:298} INFO - Profile caching is enable.
[2024-07-14T04:13:46.535+0000] {config.py:272} INFO - Profile found in cache using profile: /tmp/cosmos/profile/a0017dab0633177292578162811b91dcb9c56d6e54017e9660056cc364a762ad/profiles.yml.
[2024-07-14T04:13:46.556+0000] {local.py:247} INFO - Trying to run the command:
 ['/opt/airflow/dbt_venv/bin/dbt', 'deps', '--project-dir', '/tmp/tmptbgu0wyy', '--profiles-dir', '/tmp/cosmos/profile/a0017dab0633177292578162811b91dcb9c56d6e54017e9660056cc364a762ad', '--profile', 'dbt_project', '--target', 'dev']
From /tmp/tmptbgu0wyy
[2024-07-14T04:13:46.560+0000] {subprocess.py:60} INFO - Tmp dir root location: 
 /tmp
[2024-07-14T04:13:46.563+0000] {subprocess.py:73} INFO - Running command: ['/opt/airflow/dbt_venv/bin/dbt', 'deps', '--project-dir', '/tmp/tmptbgu0wyy', '--profiles-dir', '/tmp/cosmos/profile/a0017dab0633177292578162811b91dcb9c56d6e54017e9660056cc364a762ad', '--profile', 'dbt_project', '--target', 'dev']
[2024-07-14T04:13:46.666+0000] {subprocess.py:84} INFO - Command output:
[2024-07-14T04:13:59.039+0000] {subprocess.py:94} INFO - [0m04:13:59  Running with dbt=1.8.3
[2024-07-14T04:13:59.899+0000] {subprocess.py:94} INFO - [0m04:13:59  Updating lock file in file path: /tmp/tmptbgu0wyy/package-lock.yml
[2024-07-14T04:13:59.914+0000] {subprocess.py:94} INFO - [0m04:13:59  Installing dbt-labs/dbt_utils
[2024-07-14T04:14:00.476+0000] {subprocess.py:94} INFO - [0m04:14:00  Installed from version 0.8.6
[2024-07-14T04:14:00.478+0000] {subprocess.py:94} INFO - [0m04:14:00  Updated version available: 1.2.0
[2024-07-14T04:14:00.482+0000] {subprocess.py:94} INFO - [0m04:14:00
[2024-07-14T04:14:00.485+0000] {subprocess.py:94} INFO - [0m04:14:00  Updates available for packages: ['dbt-labs/dbt_utils']
[2024-07-14T04:14:00.489+0000] {subprocess.py:94} INFO - Update your versions in packages.yml, then run dbt deps
[2024-07-14T04:14:05.771+0000] {subprocess.py:98} INFO - Command exited with return code 0
[2024-07-14T04:14:05.774+0000] {local.py:254} INFO - Update your versions in packages.yml, then run dbt deps
[2024-07-14T04:14:05.782+0000] {local.py:247} INFO - Trying to run the command:
 ['/opt/airflow/dbt_venv/bin/dbt', 'run', '--models', 'raw_products', '--project-dir', '/tmp/tmptbgu0wyy', '--profiles-dir', '/tmp/cosmos/profile/a0017dab0633177292578162811b91dcb9c56d6e54017e9660056cc364a762ad', '--profile', 'dbt_project', '--target', 'dev']
From /tmp/tmptbgu0wyy
[2024-07-14T04:14:05.789+0000] {subprocess.py:60} INFO - Tmp dir root location: 
 /tmp
[2024-07-14T04:14:05.806+0000] {subprocess.py:73} INFO - Running command: ['/opt/airflow/dbt_venv/bin/dbt', 'run', '--models', 'raw_products', '--project-dir', '/tmp/tmptbgu0wyy', '--profiles-dir', '/tmp/cosmos/profile/a0017dab0633177292578162811b91dcb9c56d6e54017e9660056cc364a762ad', '--profile', 'dbt_project', '--target', 'dev']
[2024-07-14T04:14:05.943+0000] {subprocess.py:84} INFO - Command output:
[2024-07-14T04:14:27.578+0000] {subprocess.py:94} INFO - [0m04:14:27  Running with dbt=1.8.3
[2024-07-14T04:14:32.936+0000] {subprocess.py:94} INFO - [0m04:14:32  Registered adapter: snowflake=1.8.3
[2024-07-14T04:14:38.417+0000] {subprocess.py:94} INFO - [0m04:14:38  Found 20 models, 27 data tests, 11 sources, 684 macros
[2024-07-14T04:14:38.428+0000] {subprocess.py:94} INFO - [0m04:14:38
[2024-07-14T04:14:47.194+0000] {subprocess.py:94} INFO - [0m04:14:47  Concurrency: 1 threads (target='dev')
[2024-07-14T04:14:47.201+0000] {subprocess.py:94} INFO - [0m04:14:47
[2024-07-14T04:14:47.338+0000] {subprocess.py:94} INFO - [0m04:14:47  1 of 1 START sql table model raw.raw_products .................................. [RUN]
[2024-07-14T04:14:50.123+0000] {subprocess.py:94} INFO - [0m04:14:50  1 of 1 OK created sql table model raw.raw_products ............................. [[32mSUCCESS 1[0m in 2.77s]
[2024-07-14T04:14:50.241+0000] {subprocess.py:94} INFO - [0m04:14:50
[2024-07-14T04:14:50.268+0000] {subprocess.py:94} INFO - [0m04:14:50  Finished running 1 table model in 0 hours 0 minutes and 11.79 seconds (11.79s).
[2024-07-14T04:14:51.106+0000] {subprocess.py:94} INFO - [0m04:14:51
[2024-07-14T04:14:51.133+0000] {subprocess.py:94} INFO - [0m04:14:51  [32mCompleted successfully[0m
[2024-07-14T04:14:51.135+0000] {subprocess.py:94} INFO - [0m04:14:51
[2024-07-14T04:14:51.137+0000] {subprocess.py:94} INFO - [0m04:14:51  Done. PASS=1 WARN=0 ERROR=0 SKIP=0 TOTAL=1
[2024-07-14T04:14:54.460+0000] {subprocess.py:98} INFO - Command exited with return code 0
[2024-07-14T04:14:54.465+0000] {local.py:254} INFO - [0m04:14:51  Done. PASS=1 WARN=0 ERROR=0 SKIP=0 TOTAL=1
[2024-07-14T04:14:55.791+0000] {local.py:196} WARNING - Artifact schema version: https://schemas.getdbt.com/dbt/manifest/v12.json is above dbt-ol supported version 7. This might cause errors.
[2024-07-14T04:14:55.810+0000] {local.py:196} WARNING - Artifact schema version: https://schemas.getdbt.com/dbt/run-results/v6.json is above dbt-ol supported version 5. This might cause errors.
[2024-07-14T04:14:55.826+0000] {local.py:349} INFO - Inlets: [Dataset(uri='snowflake://OU00370.europe-west2.gcp/ELT_BATCH.PUBLIC.products', extra=None)]
[2024-07-14T04:14:55.850+0000] {local.py:350} INFO - Outlets: [Dataset(uri='snowflake://OU00370.europe-west2.gcp/ELT_BATCH.raw.raw_products', extra=None)]
[2024-07-14T04:14:55.862+0000] {dag.py:3096} INFO - Sync 1 DAGs
[2024-07-14T04:14:56.311+0000] {taskinstance.py:441} INFO - ::group::Post task execution logs
[2024-07-14T04:14:56.544+0000] {taskinstance.py:1206} INFO - Marking task as SUCCESS. dag_id=ELT-PROJECT, task_id=transform.raw_products.run, run_id=scheduled__2024-07-07T00:00:00+00:00, execution_date=20240707T000000, start_date=20240714T041344, end_date=20240714T041456
[2024-07-14T04:14:57.905+0000] {local_task_job_runner.py:240} INFO - Task exited with return code 0
[2024-07-14T04:14:58.181+0000] {taskinstance.py:3503} INFO - 1 downstream tasks scheduled from follow-on schedule check
[2024-07-14T04:14:58.209+0000] {local_task_job_runner.py:222} INFO - ::endgroup::
