[2024-07-14T04:14:20.585+0000] {local_task_job_runner.py:120} INFO - ::group::Pre task execution logs
[2024-07-14T04:14:20.729+0000] {taskinstance.py:2076} INFO - Dependencies all met for dep_context=non-requeueable deps ti=<TaskInstance: ELT-PROJECT.transform.dim_categories.run scheduled__2024-07-09T00:00:00+00:00 [queued]>
[2024-07-14T04:14:20.903+0000] {taskinstance.py:2076} INFO - Dependencies all met for dep_context=requeueable deps ti=<TaskInstance: ELT-PROJECT.transform.dim_categories.run scheduled__2024-07-09T00:00:00+00:00 [queued]>
[2024-07-14T04:14:20.904+0000] {taskinstance.py:2306} INFO - Starting attempt 1 of 2
[2024-07-14T04:14:21.041+0000] {taskinstance.py:2330} INFO - Executing <Task(DbtRunLocalOperator): transform.dim_categories.run> on 2024-07-09 00:00:00+00:00
[2024-07-14T04:14:21.076+0000] {standard_task_runner.py:90} INFO - Running: ['airflow', 'tasks', 'run', 'ELT-PROJECT', 'transform.dim_categories.run', 'scheduled__2024-07-09T00:00:00+00:00', '--job-id', '1193', '--raw', '--subdir', 'DAGS_FOLDER/elt.py', '--cfg-path', '/tmp/tmp25clnurp']
[2024-07-14T04:14:21.084+0000] {standard_task_runner.py:91} INFO - Job 1193: Subtask transform.dim_categories.run
[2024-07-14T04:14:21.091+0000] {logging_mixin.py:188} WARNING - /home/airflow/.local/lib/python3.12/site-packages/airflow/task/task_runner/standard_task_runner.py:61 DeprecationWarning: This process (pid=14850) is multi-threaded, use of fork() may lead to deadlocks in the child.
[2024-07-14T04:14:21.110+0000] {standard_task_runner.py:63} INFO - Started process 14881 to run task
[2024-07-14T04:14:21.187+0000] {logging_mixin.py:188} WARNING - /home/airflow/.local/lib/python3.12/site-packages/airflow/settings.py:195 DeprecationWarning: The sql_alchemy_conn option in [core] has been moved to the sql_alchemy_conn option in [database] - the old setting has been used, but please update your config.
[2024-07-14T04:14:21.467+0000] {task_command.py:426} INFO - Running <TaskInstance: ELT-PROJECT.transform.dim_categories.run scheduled__2024-07-09T00:00:00+00:00 [running]> on host airflow-scheduler
[2024-07-14T04:14:22.290+0000] {taskinstance.py:2648} INFO - Exporting env vars: AIRFLOW_CTX_DAG_OWNER='Data-Ninja' AIRFLOW_CTX_DAG_ID='ELT-PROJECT' AIRFLOW_CTX_TASK_ID='transform.dim_categories.run' AIRFLOW_CTX_EXECUTION_DATE='2024-07-09T00:00:00+00:00' AIRFLOW_CTX_TRY_NUMBER='1' AIRFLOW_CTX_DAG_RUN_ID='scheduled__2024-07-09T00:00:00+00:00'
[2024-07-14T04:14:22.293+0000] {taskinstance.py:430} INFO - ::endgroup::
[2024-07-14T04:14:22.299+0000] {local.py:174} INFO - Could not import dbtRunner. Falling back to subprocess for invoking dbt.
[2024-07-14T04:14:22.305+0000] {local.py:292} INFO - Cloning project to writable temp directory /tmp/tmpccoc6h9m from /opt/airflow/dags/dbt/dbt_project
[2024-07-14T04:14:22.333+0000] {local.py:303} INFO - Partial parse is enabled and the latest partial parse file is /tmp/cosmos/ELT-PROJECT__transform/target/partial_parse.msgpack
[2024-07-14T04:14:22.615+0000] {base.py:84} INFO - Using connection ID 'snow_conn' for task execution.
[2024-07-14T04:14:22.623+0000] {crypto.py:82} WARNING - empty cryptography key - values will not be stored encrypted.
[2024-07-14T04:14:22.625+0000] {config.py:298} INFO - Profile caching is enable.
[2024-07-14T04:14:22.643+0000] {config.py:272} INFO - Profile found in cache using profile: /tmp/cosmos/profile/a0017dab0633177292578162811b91dcb9c56d6e54017e9660056cc364a762ad/profiles.yml.
[2024-07-14T04:14:22.654+0000] {local.py:247} INFO - Trying to run the command:
 ['/opt/airflow/dbt_venv/bin/dbt', 'deps', '--project-dir', '/tmp/tmpccoc6h9m', '--profiles-dir', '/tmp/cosmos/profile/a0017dab0633177292578162811b91dcb9c56d6e54017e9660056cc364a762ad', '--profile', 'dbt_project', '--target', 'dev']
From /tmp/tmpccoc6h9m
[2024-07-14T04:14:22.663+0000] {subprocess.py:60} INFO - Tmp dir root location: 
 /tmp
[2024-07-14T04:14:22.674+0000] {subprocess.py:73} INFO - Running command: ['/opt/airflow/dbt_venv/bin/dbt', 'deps', '--project-dir', '/tmp/tmpccoc6h9m', '--profiles-dir', '/tmp/cosmos/profile/a0017dab0633177292578162811b91dcb9c56d6e54017e9660056cc364a762ad', '--profile', 'dbt_project', '--target', 'dev']
[2024-07-14T04:14:22.767+0000] {subprocess.py:84} INFO - Command output:
[2024-07-14T04:14:40.400+0000] {subprocess.py:94} INFO - [0m04:14:40  Running with dbt=1.8.3
[2024-07-14T04:14:41.904+0000] {subprocess.py:94} INFO - [0m04:14:41  Updating lock file in file path: /tmp/tmpccoc6h9m/package-lock.yml
[2024-07-14T04:14:41.940+0000] {subprocess.py:94} INFO - [0m04:14:41  Installing dbt-labs/dbt_utils
[2024-07-14T04:14:42.699+0000] {subprocess.py:94} INFO - [0m04:14:42  Installed from version 0.8.6
[2024-07-14T04:14:42.720+0000] {subprocess.py:94} INFO - [0m04:14:42  Updated version available: 1.2.0
[2024-07-14T04:14:42.779+0000] {subprocess.py:94} INFO - [0m04:14:42
[2024-07-14T04:14:42.827+0000] {subprocess.py:94} INFO - [0m04:14:42  Updates available for packages: ['dbt-labs/dbt_utils']
[2024-07-14T04:14:42.843+0000] {subprocess.py:94} INFO - Update your versions in packages.yml, then run dbt deps
[2024-07-14T04:14:45.251+0000] {subprocess.py:98} INFO - Command exited with return code 0
[2024-07-14T04:14:45.257+0000] {local.py:254} INFO - Update your versions in packages.yml, then run dbt deps
[2024-07-14T04:14:45.259+0000] {local.py:247} INFO - Trying to run the command:
 ['/opt/airflow/dbt_venv/bin/dbt', 'run', '--models', 'dim_categories', '--project-dir', '/tmp/tmpccoc6h9m', '--profiles-dir', '/tmp/cosmos/profile/a0017dab0633177292578162811b91dcb9c56d6e54017e9660056cc364a762ad', '--profile', 'dbt_project', '--target', 'dev']
From /tmp/tmpccoc6h9m
[2024-07-14T04:14:45.263+0000] {subprocess.py:60} INFO - Tmp dir root location: 
 /tmp
[2024-07-14T04:14:45.266+0000] {subprocess.py:73} INFO - Running command: ['/opt/airflow/dbt_venv/bin/dbt', 'run', '--models', 'dim_categories', '--project-dir', '/tmp/tmpccoc6h9m', '--profiles-dir', '/tmp/cosmos/profile/a0017dab0633177292578162811b91dcb9c56d6e54017e9660056cc364a762ad', '--profile', 'dbt_project', '--target', 'dev']
[2024-07-14T04:14:45.296+0000] {subprocess.py:84} INFO - Command output:
[2024-07-14T04:14:58.580+0000] {subprocess.py:94} INFO - [0m04:14:58  Running with dbt=1.8.3
[2024-07-14T04:15:01.860+0000] {subprocess.py:94} INFO - [0m04:15:01  Registered adapter: snowflake=1.8.3
[2024-07-14T04:15:06.618+0000] {subprocess.py:94} INFO - [0m04:15:06  Found 20 models, 27 data tests, 11 sources, 684 macros
[2024-07-14T04:15:06.635+0000] {subprocess.py:94} INFO - [0m04:15:06
[2024-07-14T04:15:15.747+0000] {subprocess.py:94} INFO - [0m04:15:15  Concurrency: 1 threads (target='dev')
[2024-07-14T04:15:15.755+0000] {subprocess.py:94} INFO - [0m04:15:15
[2024-07-14T04:15:15.840+0000] {subprocess.py:94} INFO - [0m04:15:15  1 of 1 START sql table model dwh.dim_categories ................................ [RUN]
[2024-07-14T04:15:18.784+0000] {subprocess.py:94} INFO - [0m04:15:18  1 of 1 OK created sql table model dwh.dim_categories ........................... [[32mSUCCESS 1[0m in 2.93s]
[2024-07-14T04:15:18.795+0000] {subprocess.py:94} INFO - [0m04:15:18
[2024-07-14T04:15:18.797+0000] {subprocess.py:94} INFO - [0m04:15:18  Finished running 1 table model in 0 hours 0 minutes and 12.14 seconds (12.14s).
[2024-07-14T04:15:19.140+0000] {subprocess.py:94} INFO - [0m04:15:19
[2024-07-14T04:15:19.142+0000] {subprocess.py:94} INFO - [0m04:15:19  [32mCompleted successfully[0m
[2024-07-14T04:15:19.144+0000] {subprocess.py:94} INFO - [0m04:15:19
[2024-07-14T04:15:19.145+0000] {subprocess.py:94} INFO - [0m04:15:19  Done. PASS=1 WARN=0 ERROR=0 SKIP=0 TOTAL=1
[2024-07-14T04:15:21.215+0000] {subprocess.py:98} INFO - Command exited with return code 0
[2024-07-14T04:15:21.217+0000] {local.py:254} INFO - [0m04:15:19  Done. PASS=1 WARN=0 ERROR=0 SKIP=0 TOTAL=1
[2024-07-14T04:15:21.864+0000] {local.py:196} WARNING - Artifact schema version: https://schemas.getdbt.com/dbt/manifest/v12.json is above dbt-ol supported version 7. This might cause errors.
[2024-07-14T04:15:21.865+0000] {local.py:196} WARNING - Artifact schema version: https://schemas.getdbt.com/dbt/run-results/v6.json is above dbt-ol supported version 5. This might cause errors.
[2024-07-14T04:15:21.885+0000] {local.py:349} INFO - Inlets: [Dataset(uri='snowflake://OU00370.europe-west2.gcp/ELT_BATCH.raw.raw_categories', extra=None)]
[2024-07-14T04:15:21.888+0000] {local.py:350} INFO - Outlets: [Dataset(uri='snowflake://OU00370.europe-west2.gcp/ELT_BATCH.dwh.dim_categories', extra=None)]
[2024-07-14T04:15:21.891+0000] {dag.py:3096} INFO - Sync 1 DAGs
[2024-07-14T04:15:22.186+0000] {taskinstance.py:441} INFO - ::group::Post task execution logs
[2024-07-14T04:15:22.358+0000] {taskinstance.py:1206} INFO - Marking task as SUCCESS. dag_id=ELT-PROJECT, task_id=transform.dim_categories.run, run_id=scheduled__2024-07-09T00:00:00+00:00, execution_date=20240709T000000, start_date=20240714T041420, end_date=20240714T041522
[2024-07-14T04:15:22.517+0000] {local_task_job_runner.py:240} INFO - Task exited with return code 0
[2024-07-14T04:15:22.752+0000] {taskinstance.py:3503} INFO - 1 downstream tasks scheduled from follow-on schedule check
[2024-07-14T04:15:22.770+0000] {local_task_job_runner.py:222} INFO - ::endgroup::
