[2024-07-13T14:27:21.123+0000] {local_task_job_runner.py:120} INFO - ::group::Pre task execution logs
[2024-07-13T14:27:21.201+0000] {taskinstance.py:2076} INFO - Dependencies all met for dep_context=non-requeueable deps ti=<TaskInstance: ELT-PROJECT.extract.extract_regions scheduled__2024-07-12T00:00:00+00:00 [queued]>
[2024-07-13T14:27:21.232+0000] {taskinstance.py:2076} INFO - Dependencies all met for dep_context=requeueable deps ti=<TaskInstance: ELT-PROJECT.extract.extract_regions scheduled__2024-07-12T00:00:00+00:00 [queued]>
[2024-07-13T14:27:21.233+0000] {taskinstance.py:2306} INFO - Starting attempt 1 of 2
[2024-07-13T14:27:21.292+0000] {taskinstance.py:2330} INFO - Executing <Task(_PythonDecoratedOperator): extract.extract_regions> on 2024-07-12 00:00:00+00:00
[2024-07-13T14:27:21.323+0000] {logging_mixin.py:188} WARNING - /home/airflow/.local/lib/python3.12/site-packages/airflow/task/task_runner/standard_task_runner.py:61 DeprecationWarning: This process (pid=4358) is multi-threaded, use of fork() may lead to deadlocks in the child.
[2024-07-13T14:27:21.326+0000] {standard_task_runner.py:63} INFO - Started process 4375 to run task
[2024-07-13T14:27:21.325+0000] {standard_task_runner.py:90} INFO - Running: ['airflow', 'tasks', 'run', 'ELT-PROJECT', 'extract.extract_regions', 'scheduled__2024-07-12T00:00:00+00:00', '--job-id', '311', '--raw', '--subdir', 'DAGS_FOLDER/elt.py', '--cfg-path', '/tmp/tmpe8ao6kxr']
[2024-07-13T14:27:21.336+0000] {standard_task_runner.py:91} INFO - Job 311: Subtask extract.extract_regions
[2024-07-13T14:27:21.441+0000] {logging_mixin.py:188} WARNING - /home/airflow/.local/lib/python3.12/site-packages/airflow/settings.py:195 DeprecationWarning: The sql_alchemy_conn option in [core] has been moved to the sql_alchemy_conn option in [database] - the old setting has been used, but please update your config.
[2024-07-13T14:27:21.592+0000] {task_command.py:426} INFO - Running <TaskInstance: ELT-PROJECT.extract.extract_regions scheduled__2024-07-12T00:00:00+00:00 [running]> on host airflow-scheduler
[2024-07-13T14:27:22.483+0000] {taskinstance.py:2648} INFO - Exporting env vars: AIRFLOW_CTX_DAG_OWNER='Data-Ninja' AIRFLOW_CTX_DAG_ID='ELT-PROJECT' AIRFLOW_CTX_TASK_ID='extract.extract_regions' AIRFLOW_CTX_EXECUTION_DATE='2024-07-12T00:00:00+00:00' AIRFLOW_CTX_TRY_NUMBER='1' AIRFLOW_CTX_DAG_RUN_ID='scheduled__2024-07-12T00:00:00+00:00'
[2024-07-13T14:27:22.498+0000] {taskinstance.py:430} INFO - ::endgroup::
[2024-07-13T14:27:22.571+0000] {base.py:84} INFO - Using connection ID 'post_conn' for task execution.
[2024-07-13T14:27:22.864+0000] {taskinstance.py:441} INFO - ::group::Post task execution logs
[2024-07-13T14:27:22.867+0000] {taskinstance.py:2905} ERROR - Task failed with exception
Traceback (most recent call last):
  File "/home/airflow/.local/lib/python3.12/site-packages/airflow/models/taskinstance.py", line 465, in _execute_task
    result = _execute_callable(context=context, **execute_callable_kwargs)
             ^^^^^^^^^^^^^^^^^^^^^^^^^^^^^^^^^^^^^^^^^^^^^^^^^^^^^^^^^^^^^
  File "/home/airflow/.local/lib/python3.12/site-packages/airflow/models/taskinstance.py", line 432, in _execute_callable
    return execute_callable(context=context, **execute_callable_kwargs)
           ^^^^^^^^^^^^^^^^^^^^^^^^^^^^^^^^^^^^^^^^^^^^^^^^^^^^^^^^^^^^
  File "/home/airflow/.local/lib/python3.12/site-packages/airflow/models/baseoperator.py", line 401, in wrapper
    return func(self, *args, **kwargs)
           ^^^^^^^^^^^^^^^^^^^^^^^^^^^
  File "/home/airflow/.local/lib/python3.12/site-packages/airflow/decorators/base.py", line 265, in execute
    return_value = super().execute(context)
                   ^^^^^^^^^^^^^^^^^^^^^^^^
  File "/home/airflow/.local/lib/python3.12/site-packages/airflow/models/baseoperator.py", line 401, in wrapper
    return func(self, *args, **kwargs)
           ^^^^^^^^^^^^^^^^^^^^^^^^^^^
  File "/home/airflow/.local/lib/python3.12/site-packages/airflow/operators/python.py", line 235, in execute
    return_value = self.execute_callable()
                   ^^^^^^^^^^^^^^^^^^^^^^^
  File "/home/airflow/.local/lib/python3.12/site-packages/airflow/operators/python.py", line 252, in execute_callable
    return self.python_callable(*self.op_args, **self.op_kwargs)
           ^^^^^^^^^^^^^^^^^^^^^^^^^^^^^^^^^^^^^^^^^^^^^^^^^^^^^
  File "/opt/airflow/dags/elt.py", line 49, in extract
    return extract_func(
           ^^^^^^^^^^^^^
  File "/opt/airflow/dags/el_module/extractors.py", line 11, in extract_func
    ).get_conn()
      ^^^^^^^^^^
  File "/home/airflow/.local/lib/python3.12/site-packages/airflow/providers/postgres/hooks/postgres.py", line 175, in get_conn
    self.conn = psycopg2.connect(**conn_args)
                ^^^^^^^^^^^^^^^^^^^^^^^^^^^^^
  File "/home/airflow/.local/lib/python3.12/site-packages/psycopg2/__init__.py", line 122, in connect
    conn = _connect(dsn, connection_factory=connection_factory, **kwasync)
           ^^^^^^^^^^^^^^^^^^^^^^^^^^^^^^^^^^^^^^^^^^^^^^^^^^^^^^^^^^^^^^^
psycopg2.OperationalError: connection to server at "ep-bold-forest-89569418.ap-southeast-1.aws.neon.tech" (13.228.184.177), port 5432 failed: ERROR:  password authentication failed for user 'dataninja'
connection to server at "ep-bold-forest-89569418.ap-southeast-1.aws.neon.tech" (13.228.184.177), port 5432 failed: ERROR:  connection is insecure (try using `sslmode=require`)

[2024-07-13T14:27:23.707+0000] {taskinstance.py:1206} INFO - Marking task as UP_FOR_RETRY. dag_id=ELT-PROJECT, task_id=extract.extract_regions, run_id=scheduled__2024-07-12T00:00:00+00:00, execution_date=20240712T000000, start_date=20240713T142721, end_date=20240713T142723
[2024-07-13T14:27:23.777+0000] {standard_task_runner.py:110} ERROR - Failed to execute job 311 for task extract.extract_regions (connection to server at "ep-bold-forest-89569418.ap-southeast-1.aws.neon.tech" (13.228.184.177), port 5432 failed: ERROR:  password authentication failed for user 'dataninja'
connection to server at "ep-bold-forest-89569418.ap-southeast-1.aws.neon.tech" (13.228.184.177), port 5432 failed: ERROR:  connection is insecure (try using `sslmode=require`)
; 4375)
[2024-07-13T14:27:23.843+0000] {local_task_job_runner.py:240} INFO - Task exited with return code 1
[2024-07-13T14:27:23.892+0000] {local_task_job_runner.py:222} INFO - ::endgroup::
[2024-07-14T04:00:01.835+0000] {local_task_job_runner.py:120} INFO - ::group::Pre task execution logs
[2024-07-14T04:00:01.952+0000] {taskinstance.py:2076} INFO - Dependencies all met for dep_context=non-requeueable deps ti=<TaskInstance: ELT-PROJECT.extract.extract_regions scheduled__2024-07-12T00:00:00+00:00 [queued]>
[2024-07-14T04:00:01.996+0000] {taskinstance.py:2076} INFO - Dependencies all met for dep_context=requeueable deps ti=<TaskInstance: ELT-PROJECT.extract.extract_regions scheduled__2024-07-12T00:00:00+00:00 [queued]>
[2024-07-14T04:00:01.998+0000] {taskinstance.py:2306} INFO - Starting attempt 1 of 2
[2024-07-14T04:00:02.061+0000] {taskinstance.py:2330} INFO - Executing <Task(_PythonDecoratedOperator): extract.extract_regions> on 2024-07-12 00:00:00+00:00
[2024-07-14T04:00:02.089+0000] {logging_mixin.py:188} WARNING - /home/airflow/.local/lib/python3.12/site-packages/airflow/task/task_runner/standard_task_runner.py:61 DeprecationWarning: This process (pid=10069) is multi-threaded, use of fork() may lead to deadlocks in the child.
[2024-07-14T04:00:02.092+0000] {standard_task_runner.py:63} INFO - Started process 10093 to run task
[2024-07-14T04:00:02.107+0000] {standard_task_runner.py:90} INFO - Running: ['airflow', 'tasks', 'run', 'ELT-PROJECT', 'extract.extract_regions', 'scheduled__2024-07-12T00:00:00+00:00', '--job-id', '839', '--raw', '--subdir', 'DAGS_FOLDER/elt.py', '--cfg-path', '/tmp/tmphkr0xhwa']
[2024-07-14T04:00:02.114+0000] {standard_task_runner.py:91} INFO - Job 839: Subtask extract.extract_regions
[2024-07-14T04:00:02.238+0000] {logging_mixin.py:188} WARNING - /home/airflow/.local/lib/python3.12/site-packages/airflow/settings.py:195 DeprecationWarning: The sql_alchemy_conn option in [core] has been moved to the sql_alchemy_conn option in [database] - the old setting has been used, but please update your config.
[2024-07-14T04:00:02.488+0000] {task_command.py:426} INFO - Running <TaskInstance: ELT-PROJECT.extract.extract_regions scheduled__2024-07-12T00:00:00+00:00 [running]> on host airflow-scheduler
[2024-07-14T04:00:02.965+0000] {taskinstance.py:2648} INFO - Exporting env vars: AIRFLOW_CTX_DAG_OWNER='Data-Ninja' AIRFLOW_CTX_DAG_ID='ELT-PROJECT' AIRFLOW_CTX_TASK_ID='extract.extract_regions' AIRFLOW_CTX_EXECUTION_DATE='2024-07-12T00:00:00+00:00' AIRFLOW_CTX_TRY_NUMBER='1' AIRFLOW_CTX_DAG_RUN_ID='scheduled__2024-07-12T00:00:00+00:00'
[2024-07-14T04:00:02.973+0000] {taskinstance.py:430} INFO - ::endgroup::
[2024-07-14T04:00:03.038+0000] {base.py:84} INFO - Using connection ID 'post_conn' for task execution.
[2024-07-14T04:00:03.330+0000] {python.py:237} INFO - Done. Returned value was:    regionID regionDescription
0         3          Northern
1         4          Southern
2         1           Eastern
3         2           Western
[2024-07-14T04:00:03.386+0000] {taskinstance.py:441} INFO - ::group::Post task execution logs
[2024-07-14T04:00:04.200+0000] {taskinstance.py:1206} INFO - Marking task as SUCCESS. dag_id=ELT-PROJECT, task_id=extract.extract_regions, run_id=scheduled__2024-07-12T00:00:00+00:00, execution_date=20240712T000000, start_date=20240714T040001, end_date=20240714T040004
[2024-07-14T04:00:04.334+0000] {local_task_job_runner.py:240} INFO - Task exited with return code 0
[2024-07-14T04:00:04.574+0000] {taskinstance.py:3503} INFO - 1 downstream tasks scheduled from follow-on schedule check
[2024-07-14T04:00:04.598+0000] {local_task_job_runner.py:222} INFO - ::endgroup::
