[2024-06-24T14:06:05.292+0000] {local_task_job_runner.py:120} INFO - ::group::Pre task execution logs
[2024-06-24T14:06:05.499+0000] {taskinstance.py:2076} INFO - Dependencies all met for dep_context=non-requeueable deps ti=<TaskInstance: ELT-PROJECT.load.load_customers manual__2024-06-24T14:05:31.711528+00:00 [queued]>
[2024-06-24T14:06:05.614+0000] {taskinstance.py:2076} INFO - Dependencies all met for dep_context=requeueable deps ti=<TaskInstance: ELT-PROJECT.load.load_customers manual__2024-06-24T14:05:31.711528+00:00 [queued]>
[2024-06-24T14:06:05.630+0000] {taskinstance.py:2306} INFO - Starting attempt 1 of 2
[2024-06-24T14:06:05.792+0000] {taskinstance.py:2330} INFO - Executing <Task(_PythonDecoratedOperator): load.load_customers> on 2024-06-24 14:05:31.711528+00:00
[2024-06-24T14:06:05.822+0000] {logging_mixin.py:188} WARNING - /home/airflow/.local/lib/python3.12/site-packages/airflow/task/task_runner/standard_task_runner.py:61 DeprecationWarning: This process (pid=600) is multi-threaded, use of fork() may lead to deadlocks in the child.
[2024-06-24T14:06:05.829+0000] {standard_task_runner.py:63} INFO - Started process 622 to run task
[2024-06-24T14:06:05.850+0000] {standard_task_runner.py:90} INFO - Running: ['airflow', 'tasks', 'run', 'ELT-PROJECT', 'load.load_customers', 'manual__2024-06-24T14:05:31.711528+00:00', '--job-id', '112', '--raw', '--subdir', 'DAGS_FOLDER/elt.py', '--cfg-path', '/tmp/tmpmorsqswj']
[2024-06-24T14:06:05.878+0000] {standard_task_runner.py:91} INFO - Job 112: Subtask load.load_customers
[2024-06-24T14:06:05.985+0000] {logging_mixin.py:188} WARNING - /home/airflow/.local/lib/python3.12/site-packages/airflow/settings.py:195 DeprecationWarning: The sql_alchemy_conn option in [core] has been moved to the sql_alchemy_conn option in [database] - the old setting has been used, but please update your config.
[2024-06-24T14:06:06.357+0000] {task_command.py:426} INFO - Running <TaskInstance: ELT-PROJECT.load.load_customers manual__2024-06-24T14:05:31.711528+00:00 [running]> on host airflow-scheduler
[2024-06-24T14:06:08.534+0000] {taskinstance.py:2648} INFO - Exporting env vars: AIRFLOW_CTX_DAG_OWNER='Data-Ninja' AIRFLOW_CTX_DAG_ID='ELT-PROJECT' AIRFLOW_CTX_TASK_ID='load.load_customers' AIRFLOW_CTX_EXECUTION_DATE='2024-06-24T14:05:31.711528+00:00' AIRFLOW_CTX_TRY_NUMBER='1' AIRFLOW_CTX_DAG_RUN_ID='manual__2024-06-24T14:05:31.711528+00:00'
[2024-06-24T14:06:08.543+0000] {taskinstance.py:430} INFO - ::endgroup::
[2024-06-24T14:06:08.549+0000] {connection.py:399} INFO - Snowflake Connector for Python Version: 3.10.1, Python Version: 3.12.4, Platform: Linux-5.15.133.1-microsoft-standard-WSL2-x86_64-with-glibc2.36
[2024-06-24T14:06:08.552+0000] {connection.py:1249} INFO - THIS CONNECTION IS IN INSECURE MODE. IT MEANS THE CERTIFICATE WILL BE VALIDATED BUT THE CERTIFICATE REVOCATION STATUS WILL NOT BE CHECKED.
[2024-06-24T14:06:08.895+0000] {ssl_wrap_socket.py:100} INFO - THIS CONNECTION IS IN INSECURE MODE. IT MEANS THE CERTIFICATE WILL BE VALIDATED BUT THE CERTIFICATE REVOCATION STATUS WILL NOT BE CHECKED.
[2024-06-24T14:06:09.554+0000] {logging_mixin.py:188} INFO - Nama kolom di DataFrame: Index(['customerID', 'companyName', 'contactName', 'contactTitle', 'address',
       'city', 'region', 'postalCode', 'country', 'phone', 'fax'],
      dtype='object')
[2024-06-24T14:06:09.972+0000] {cursor.py:1149} INFO - Number of results in first chunk: 1
[2024-06-24T14:06:11.116+0000] {ssl_wrap_socket.py:100} INFO - THIS CONNECTION IS IN INSECURE MODE. IT MEANS THE CERTIFICATE WILL BE VALIDATED BUT THE CERTIFICATE REVOCATION STATUS WILL NOT BE CHECKED.
[2024-06-24T14:06:13.481+0000] {cursor.py:1149} INFO - Number of results in first chunk: 1
[2024-06-24T14:06:14.438+0000] {cursor.py:1149} INFO - Number of results in first chunk: 11
[2024-06-24T14:06:14.805+0000] {cursor.py:1149} INFO - Number of results in first chunk: 1
[2024-06-24T14:06:15.736+0000] {cursor.py:1149} INFO - Number of results in first chunk: 1
[2024-06-24T14:06:17.390+0000] {cursor.py:1149} INFO - Number of results in first chunk: 1
[2024-06-24T14:06:17.394+0000] {logging_mixin.py:188} INFO - Done customers.
[2024-06-24T14:06:17.396+0000] {connection.py:762} INFO - closed
[2024-06-24T14:06:17.743+0000] {connection.py:768} INFO - No async queries seem to be running, deleting session
[2024-06-24T14:06:18.077+0000] {python.py:237} INFO - Done. Returned value was: None
[2024-06-24T14:06:18.080+0000] {taskinstance.py:441} INFO - ::group::Post task execution logs
[2024-06-24T14:06:18.122+0000] {taskinstance.py:1206} INFO - Marking task as SUCCESS. dag_id=ELT-PROJECT, task_id=load.load_customers, run_id=manual__2024-06-24T14:05:31.711528+00:00, execution_date=20240624T140531, start_date=20240624T140605, end_date=20240624T140618
[2024-06-24T14:06:18.209+0000] {local_task_job_runner.py:240} INFO - Task exited with return code 0
[2024-06-24T14:06:18.399+0000] {taskinstance.py:3503} INFO - 0 downstream tasks scheduled from follow-on schedule check
[2024-06-24T14:06:18.404+0000] {local_task_job_runner.py:222} INFO - ::endgroup::
