[2024-07-14T03:47:43.933+0000] {local_task_job_runner.py:120} INFO - ::group::Pre task execution logs
[2024-07-14T03:47:44.057+0000] {taskinstance.py:2076} INFO - Dependencies all met for dep_context=non-requeueable deps ti=<TaskInstance: ELT-PROJECT.transform.raw_employees.run manual__2024-07-14T03:47:05.410676+00:00 [queued]>
[2024-07-14T03:47:44.113+0000] {taskinstance.py:2076} INFO - Dependencies all met for dep_context=requeueable deps ti=<TaskInstance: ELT-PROJECT.transform.raw_employees.run manual__2024-07-14T03:47:05.410676+00:00 [queued]>
[2024-07-14T03:47:44.115+0000] {taskinstance.py:2306} INFO - Starting attempt 1 of 2
[2024-07-14T03:47:44.177+0000] {taskinstance.py:2330} INFO - Executing <Task(DbtRunLocalOperator): transform.raw_employees.run> on 2024-07-14 03:47:05.410676+00:00
[2024-07-14T03:47:44.206+0000] {logging_mixin.py:188} WARNING - /home/airflow/.local/lib/python3.12/site-packages/airflow/task/task_runner/standard_task_runner.py:61 DeprecationWarning: This process (pid=8485) is multi-threaded, use of fork() may lead to deadlocks in the child.
[2024-07-14T03:47:44.210+0000] {standard_task_runner.py:63} INFO - Started process 8509 to run task
[2024-07-14T03:47:44.205+0000] {standard_task_runner.py:90} INFO - Running: ['airflow', 'tasks', 'run', 'ELT-PROJECT', 'transform.raw_employees.run', 'manual__2024-07-14T03:47:05.410676+00:00', '--job-id', '638', '--raw', '--subdir', 'DAGS_FOLDER/elt.py', '--cfg-path', '/tmp/tmpk0_mwf60']
[2024-07-14T03:47:44.216+0000] {standard_task_runner.py:91} INFO - Job 638: Subtask transform.raw_employees.run
[2024-07-14T03:47:44.295+0000] {logging_mixin.py:188} WARNING - /home/airflow/.local/lib/python3.12/site-packages/airflow/settings.py:195 DeprecationWarning: The sql_alchemy_conn option in [core] has been moved to the sql_alchemy_conn option in [database] - the old setting has been used, but please update your config.
[2024-07-14T03:47:44.498+0000] {task_command.py:426} INFO - Running <TaskInstance: ELT-PROJECT.transform.raw_employees.run manual__2024-07-14T03:47:05.410676+00:00 [running]> on host airflow-scheduler
[2024-07-14T03:47:45.066+0000] {taskinstance.py:2648} INFO - Exporting env vars: AIRFLOW_CTX_DAG_OWNER='Data-Ninja' AIRFLOW_CTX_DAG_ID='ELT-PROJECT' AIRFLOW_CTX_TASK_ID='transform.raw_employees.run' AIRFLOW_CTX_EXECUTION_DATE='2024-07-14T03:47:05.410676+00:00' AIRFLOW_CTX_TRY_NUMBER='1' AIRFLOW_CTX_DAG_RUN_ID='manual__2024-07-14T03:47:05.410676+00:00'
[2024-07-14T03:47:45.080+0000] {taskinstance.py:430} INFO - ::endgroup::
[2024-07-14T03:47:45.098+0000] {local.py:174} INFO - Could not import dbtRunner. Falling back to subprocess for invoking dbt.
[2024-07-14T03:47:45.105+0000] {local.py:292} INFO - Cloning project to writable temp directory /tmp/tmpjt3y38jk from /opt/airflow/dags/dbt/dbt_project
[2024-07-14T03:47:45.161+0000] {local.py:303} INFO - Partial parse is enabled and the latest partial parse file is /tmp/cosmos/ELT-PROJECT__transform/target/partial_parse.msgpack
[2024-07-14T03:47:45.926+0000] {base.py:84} INFO - Using connection ID 'snow_conn' for task execution.
[2024-07-14T03:47:45.932+0000] {crypto.py:82} WARNING - empty cryptography key - values will not be stored encrypted.
[2024-07-14T03:47:45.938+0000] {config.py:298} INFO - Profile caching is enable.
[2024-07-14T03:47:45.952+0000] {config.py:272} INFO - Profile found in cache using profile: /tmp/cosmos/profile/a0017dab0633177292578162811b91dcb9c56d6e54017e9660056cc364a762ad/profiles.yml.
[2024-07-14T03:47:45.956+0000] {local.py:247} INFO - Trying to run the command:
 ['/opt/airflow/dbt_venv/bin/dbt', 'deps', '--project-dir', '/tmp/tmpjt3y38jk', '--profiles-dir', '/tmp/cosmos/profile/a0017dab0633177292578162811b91dcb9c56d6e54017e9660056cc364a762ad', '--profile', 'dbt_project', '--target', 'dev']
From /tmp/tmpjt3y38jk
[2024-07-14T03:47:45.959+0000] {subprocess.py:60} INFO - Tmp dir root location: 
 /tmp
[2024-07-14T03:47:45.966+0000] {subprocess.py:73} INFO - Running command: ['/opt/airflow/dbt_venv/bin/dbt', 'deps', '--project-dir', '/tmp/tmpjt3y38jk', '--profiles-dir', '/tmp/cosmos/profile/a0017dab0633177292578162811b91dcb9c56d6e54017e9660056cc364a762ad', '--profile', 'dbt_project', '--target', 'dev']
[2024-07-14T03:47:46.034+0000] {subprocess.py:84} INFO - Command output:
[2024-07-14T03:47:55.470+0000] {subprocess.py:94} INFO - [0m03:47:55  Running with dbt=1.8.3
[2024-07-14T03:47:56.645+0000] {subprocess.py:94} INFO - [0m03:47:56  Updating lock file in file path: /tmp/tmpjt3y38jk/package-lock.yml
[2024-07-14T03:47:56.710+0000] {subprocess.py:94} INFO - [0m03:47:56  Installing dbt-labs/dbt_utils
[2024-07-14T03:47:57.342+0000] {subprocess.py:94} INFO - [0m03:47:57  Installed from version 0.8.6
[2024-07-14T03:47:57.347+0000] {subprocess.py:94} INFO - [0m03:47:57  Updated version available: 1.2.0
[2024-07-14T03:47:57.352+0000] {subprocess.py:94} INFO - [0m03:47:57
[2024-07-14T03:47:57.355+0000] {subprocess.py:94} INFO - [0m03:47:57  Updates available for packages: ['dbt-labs/dbt_utils']
[2024-07-14T03:47:57.357+0000] {subprocess.py:94} INFO - Update your versions in packages.yml, then run dbt deps
[2024-07-14T03:47:58.972+0000] {subprocess.py:98} INFO - Command exited with return code 0
[2024-07-14T03:47:58.976+0000] {local.py:254} INFO - Update your versions in packages.yml, then run dbt deps
[2024-07-14T03:47:58.978+0000] {local.py:247} INFO - Trying to run the command:
 ['/opt/airflow/dbt_venv/bin/dbt', 'run', '--models', 'raw_employees', '--project-dir', '/tmp/tmpjt3y38jk', '--profiles-dir', '/tmp/cosmos/profile/a0017dab0633177292578162811b91dcb9c56d6e54017e9660056cc364a762ad', '--profile', 'dbt_project', '--target', 'dev']
From /tmp/tmpjt3y38jk
[2024-07-14T03:47:58.981+0000] {subprocess.py:60} INFO - Tmp dir root location: 
 /tmp
[2024-07-14T03:47:58.984+0000] {subprocess.py:73} INFO - Running command: ['/opt/airflow/dbt_venv/bin/dbt', 'run', '--models', 'raw_employees', '--project-dir', '/tmp/tmpjt3y38jk', '--profiles-dir', '/tmp/cosmos/profile/a0017dab0633177292578162811b91dcb9c56d6e54017e9660056cc364a762ad', '--profile', 'dbt_project', '--target', 'dev']
[2024-07-14T03:47:59.019+0000] {subprocess.py:84} INFO - Command output:
[2024-07-14T03:48:09.057+0000] {subprocess.py:94} INFO - [0m03:48:09  Running with dbt=1.8.3
[2024-07-14T03:48:11.937+0000] {subprocess.py:94} INFO - [0m03:48:11  Registered adapter: snowflake=1.8.3
[2024-07-14T03:48:17.511+0000] {subprocess.py:94} INFO - [0m03:48:17  Found 20 models, 27 data tests, 11 sources, 684 macros
[2024-07-14T03:48:17.527+0000] {subprocess.py:94} INFO - [0m03:48:17
[2024-07-14T03:48:26.968+0000] {subprocess.py:94} INFO - [0m03:48:26  Concurrency: 1 threads (target='dev')
[2024-07-14T03:48:26.970+0000] {subprocess.py:94} INFO - [0m03:48:26
[2024-07-14T03:48:27.009+0000] {subprocess.py:94} INFO - [0m03:48:27  1 of 1 START sql table model raw.raw_employees ................................. [RUN]
[2024-07-14T03:48:29.416+0000] {subprocess.py:94} INFO - [0m03:48:29  1 of 1 OK created sql table model raw.raw_employees ............................ [[32mSUCCESS 1[0m in 2.39s]
[2024-07-14T03:48:29.432+0000] {subprocess.py:94} INFO - [0m03:48:29
[2024-07-14T03:48:29.435+0000] {subprocess.py:94} INFO - [0m03:48:29  Finished running 1 table model in 0 hours 0 minutes and 11.90 seconds (11.90s).
[2024-07-14T03:48:29.606+0000] {subprocess.py:94} INFO - [0m03:48:29
[2024-07-14T03:48:29.608+0000] {subprocess.py:94} INFO - [0m03:48:29  [32mCompleted successfully[0m
[2024-07-14T03:48:29.612+0000] {subprocess.py:94} INFO - [0m03:48:29
[2024-07-14T03:48:29.614+0000] {subprocess.py:94} INFO - [0m03:48:29  Done. PASS=1 WARN=0 ERROR=0 SKIP=0 TOTAL=1
[2024-07-14T03:48:31.793+0000] {subprocess.py:98} INFO - Command exited with return code 0
[2024-07-14T03:48:31.796+0000] {local.py:254} INFO - [0m03:48:29  Done. PASS=1 WARN=0 ERROR=0 SKIP=0 TOTAL=1
[2024-07-14T03:48:31.878+0000] {local.py:196} WARNING - Artifact schema version: https://schemas.getdbt.com/dbt/manifest/v12.json is above dbt-ol supported version 7. This might cause errors.
[2024-07-14T03:48:31.880+0000] {local.py:196} WARNING - Artifact schema version: https://schemas.getdbt.com/dbt/run-results/v6.json is above dbt-ol supported version 5. This might cause errors.
[2024-07-14T03:48:31.901+0000] {local.py:349} INFO - Inlets: [Dataset(uri='snowflake://OU00370.europe-west2.gcp/ELT_BATCH.PUBLIC.employees', extra=None)]
[2024-07-14T03:48:31.922+0000] {local.py:350} INFO - Outlets: [Dataset(uri='snowflake://OU00370.europe-west2.gcp/ELT_BATCH.raw.raw_employees', extra=None)]
[2024-07-14T03:48:31.926+0000] {dag.py:3096} INFO - Sync 1 DAGs
[2024-07-14T03:48:32.000+0000] {dag.py:3954} INFO - Setting next_dagrun for ELT-PROJECT to None, run_after=None
[2024-07-14T03:48:32.107+0000] {taskinstance.py:441} INFO - ::group::Post task execution logs
[2024-07-14T03:48:32.217+0000] {taskinstance.py:1206} INFO - Marking task as SUCCESS. dag_id=ELT-PROJECT, task_id=transform.raw_employees.run, run_id=manual__2024-07-14T03:47:05.410676+00:00, execution_date=20240714T034705, start_date=20240714T034744, end_date=20240714T034832
[2024-07-14T03:48:32.290+0000] {local_task_job_runner.py:240} INFO - Task exited with return code 0
[2024-07-14T03:48:32.321+0000] {local_task_job_runner.py:222} INFO - ::endgroup::
