[2024-06-22T14:01:24.588+0000] {local_task_job_runner.py:120} INFO - ::group::Pre task execution logs
[2024-06-22T14:01:24.754+0000] {taskinstance.py:2076} INFO - Dependencies all met for dep_context=non-requeueable deps ti=<TaskInstance: ELT-PROJECT.extract.extract_regions manual__2024-06-22T14:00:08.796342+00:00 [queued]>
[2024-06-22T14:01:25.120+0000] {taskinstance.py:2076} INFO - Dependencies all met for dep_context=requeueable deps ti=<TaskInstance: ELT-PROJECT.extract.extract_regions manual__2024-06-22T14:00:08.796342+00:00 [queued]>
[2024-06-22T14:01:25.132+0000] {taskinstance.py:2306} INFO - Starting attempt 1 of 2
[2024-06-22T14:01:25.401+0000] {taskinstance.py:2330} INFO - Executing <Task(_PythonDecoratedOperator): extract.extract_regions> on 2024-06-22 14:00:08.796342+00:00
[2024-06-22T14:01:25.747+0000] {standard_task_runner.py:90} INFO - Running: ['airflow', 'tasks', 'run', 'ELT-PROJECT', 'extract.extract_regions', 'manual__2024-06-22T14:00:08.796342+00:00', '--job-id', '43', '--raw', '--subdir', 'DAGS_FOLDER/elt.py', '--cfg-path', '/tmp/tmp31cct_1e']
[2024-06-22T14:01:25.785+0000] {standard_task_runner.py:91} INFO - Job 43: Subtask extract.extract_regions
[2024-06-22T14:01:25.985+0000] {logging_mixin.py:188} WARNING - /home/airflow/.local/lib/python3.12/site-packages/airflow/task/task_runner/standard_task_runner.py:61 DeprecationWarning: This process (pid=2160) is multi-threaded, use of fork() may lead to deadlocks in the child.
[2024-06-22T14:01:25.988+0000] {standard_task_runner.py:63} INFO - Started process 2299 to run task
[2024-06-22T14:01:26.382+0000] {logging_mixin.py:188} WARNING - /home/airflow/.local/lib/python3.12/site-packages/airflow/settings.py:195 DeprecationWarning: The sql_alchemy_conn option in [core] has been moved to the sql_alchemy_conn option in [database] - the old setting has been used, but please update your config.
[2024-06-22T14:01:27.151+0000] {task_command.py:426} INFO - Running <TaskInstance: ELT-PROJECT.extract.extract_regions manual__2024-06-22T14:00:08.796342+00:00 [running]> on host airflow-scheduler
[2024-06-22T14:01:32.786+0000] {taskinstance.py:2648} INFO - Exporting env vars: AIRFLOW_CTX_DAG_OWNER='Data-Ninja' AIRFLOW_CTX_DAG_ID='ELT-PROJECT' AIRFLOW_CTX_TASK_ID='extract.extract_regions' AIRFLOW_CTX_EXECUTION_DATE='2024-06-22T14:00:08.796342+00:00' AIRFLOW_CTX_TRY_NUMBER='1' AIRFLOW_CTX_DAG_RUN_ID='manual__2024-06-22T14:00:08.796342+00:00'
[2024-06-22T14:01:32.798+0000] {taskinstance.py:430} INFO - ::endgroup::
[2024-06-22T14:02:24.453+0000] {local_task_job_runner.py:310} WARNING - State of this instance has been externally set to failed. Terminating instance.
[2024-06-22T14:02:24.907+0000] {local_task_job_runner.py:222} INFO - ::endgroup::
[2024-06-22T14:02:25.148+0000] {process_utils.py:132} INFO - Sending 15 to group 2299. PIDs of all processes in the group: [2373, 2299]
[2024-06-22T14:02:25.197+0000] {process_utils.py:87} INFO - Sending the signal 15 to group 2299
[2024-06-22T14:02:25.740+0000] {taskinstance.py:2611} ERROR - Received SIGTERM. Terminating subprocesses.
[2024-06-22T14:02:27.201+0000] {taskinstance.py:441} INFO - ::group::Post task execution logs
[2024-06-22T14:02:31.071+0000] {process_utils.py:80} INFO - Process psutil.Process(pid=2373, status='terminated', started='14:01:32') (2373) terminated with exit code None
[2024-06-22T14:02:31.453+0000] {process_utils.py:80} INFO - Process psutil.Process(pid=2299, status='terminated', exitcode=0, started='14:01:25') (2299) terminated with exit code 0
