[2024-07-14T04:14:21.473+0000] {local_task_job_runner.py:120} INFO - ::group::Pre task execution logs
[2024-07-14T04:14:21.685+0000] {taskinstance.py:2076} INFO - Dependencies all met for dep_context=non-requeueable deps ti=<TaskInstance: ELT-PROJECT.transform.raw_products.run scheduled__2024-07-08T00:00:00+00:00 [queued]>
[2024-07-14T04:14:21.811+0000] {taskinstance.py:2076} INFO - Dependencies all met for dep_context=requeueable deps ti=<TaskInstance: ELT-PROJECT.transform.raw_products.run scheduled__2024-07-08T00:00:00+00:00 [queued]>
[2024-07-14T04:14:21.814+0000] {taskinstance.py:2306} INFO - Starting attempt 1 of 2
[2024-07-14T04:14:24.063+0000] {taskinstance.py:2330} INFO - Executing <Task(DbtRunLocalOperator): transform.raw_products.run> on 2024-07-08 00:00:00+00:00
[2024-07-14T04:14:24.093+0000] {logging_mixin.py:188} WARNING - /home/airflow/.local/lib/python3.12/site-packages/airflow/task/task_runner/standard_task_runner.py:61 DeprecationWarning: This process (pid=14852) is multi-threaded, use of fork() may lead to deadlocks in the child.
[2024-07-14T04:14:24.110+0000] {standard_task_runner.py:63} INFO - Started process 14893 to run task
[2024-07-14T04:14:24.105+0000] {standard_task_runner.py:90} INFO - Running: ['airflow', 'tasks', 'run', 'ELT-PROJECT', 'transform.raw_products.run', 'scheduled__2024-07-08T00:00:00+00:00', '--job-id', '1196', '--raw', '--subdir', 'DAGS_FOLDER/elt.py', '--cfg-path', '/tmp/tmp5dt9c5t1']
[2024-07-14T04:14:24.143+0000] {standard_task_runner.py:91} INFO - Job 1196: Subtask transform.raw_products.run
[2024-07-14T04:14:24.243+0000] {logging_mixin.py:188} WARNING - /home/airflow/.local/lib/python3.12/site-packages/airflow/settings.py:195 DeprecationWarning: The sql_alchemy_conn option in [core] has been moved to the sql_alchemy_conn option in [database] - the old setting has been used, but please update your config.
[2024-07-14T04:14:24.520+0000] {task_command.py:426} INFO - Running <TaskInstance: ELT-PROJECT.transform.raw_products.run scheduled__2024-07-08T00:00:00+00:00 [running]> on host airflow-scheduler
[2024-07-14T04:14:25.377+0000] {taskinstance.py:2648} INFO - Exporting env vars: AIRFLOW_CTX_DAG_OWNER='Data-Ninja' AIRFLOW_CTX_DAG_ID='ELT-PROJECT' AIRFLOW_CTX_TASK_ID='transform.raw_products.run' AIRFLOW_CTX_EXECUTION_DATE='2024-07-08T00:00:00+00:00' AIRFLOW_CTX_TRY_NUMBER='1' AIRFLOW_CTX_DAG_RUN_ID='scheduled__2024-07-08T00:00:00+00:00'
[2024-07-14T04:14:25.392+0000] {taskinstance.py:430} INFO - ::endgroup::
[2024-07-14T04:14:25.398+0000] {local.py:174} INFO - Could not import dbtRunner. Falling back to subprocess for invoking dbt.
[2024-07-14T04:14:25.406+0000] {local.py:292} INFO - Cloning project to writable temp directory /tmp/tmpcvhvz8z4 from /opt/airflow/dags/dbt/dbt_project
[2024-07-14T04:14:25.465+0000] {local.py:303} INFO - Partial parse is enabled and the latest partial parse file is /tmp/cosmos/ELT-PROJECT__transform/target/partial_parse.msgpack
[2024-07-14T04:14:25.813+0000] {base.py:84} INFO - Using connection ID 'snow_conn' for task execution.
[2024-07-14T04:14:25.830+0000] {crypto.py:82} WARNING - empty cryptography key - values will not be stored encrypted.
[2024-07-14T04:14:25.835+0000] {config.py:298} INFO - Profile caching is enable.
[2024-07-14T04:14:25.848+0000] {config.py:272} INFO - Profile found in cache using profile: /tmp/cosmos/profile/a0017dab0633177292578162811b91dcb9c56d6e54017e9660056cc364a762ad/profiles.yml.
[2024-07-14T04:14:25.859+0000] {local.py:247} INFO - Trying to run the command:
 ['/opt/airflow/dbt_venv/bin/dbt', 'deps', '--project-dir', '/tmp/tmpcvhvz8z4', '--profiles-dir', '/tmp/cosmos/profile/a0017dab0633177292578162811b91dcb9c56d6e54017e9660056cc364a762ad', '--profile', 'dbt_project', '--target', 'dev']
From /tmp/tmpcvhvz8z4
[2024-07-14T04:14:25.865+0000] {subprocess.py:60} INFO - Tmp dir root location: 
 /tmp
[2024-07-14T04:14:25.898+0000] {subprocess.py:73} INFO - Running command: ['/opt/airflow/dbt_venv/bin/dbt', 'deps', '--project-dir', '/tmp/tmpcvhvz8z4', '--profiles-dir', '/tmp/cosmos/profile/a0017dab0633177292578162811b91dcb9c56d6e54017e9660056cc364a762ad', '--profile', 'dbt_project', '--target', 'dev']
[2024-07-14T04:14:25.986+0000] {subprocess.py:84} INFO - Command output:
[2024-07-14T04:14:41.768+0000] {subprocess.py:94} INFO - [0m04:14:41  Running with dbt=1.8.3
[2024-07-14T04:14:43.576+0000] {subprocess.py:94} INFO - [0m04:14:43  Updating lock file in file path: /tmp/tmpcvhvz8z4/package-lock.yml
[2024-07-14T04:14:43.754+0000] {subprocess.py:94} INFO - [0m04:14:43  Installing dbt-labs/dbt_utils
[2024-07-14T04:14:45.280+0000] {subprocess.py:94} INFO - [0m04:14:45  Installed from version 0.8.6
[2024-07-14T04:14:45.282+0000] {subprocess.py:94} INFO - [0m04:14:45  Updated version available: 1.2.0
[2024-07-14T04:14:45.285+0000] {subprocess.py:94} INFO - [0m04:14:45
[2024-07-14T04:14:45.287+0000] {subprocess.py:94} INFO - [0m04:14:45  Updates available for packages: ['dbt-labs/dbt_utils']
[2024-07-14T04:14:45.292+0000] {subprocess.py:94} INFO - Update your versions in packages.yml, then run dbt deps
[2024-07-14T04:14:47.193+0000] {subprocess.py:98} INFO - Command exited with return code 0
[2024-07-14T04:14:47.197+0000] {local.py:254} INFO - Update your versions in packages.yml, then run dbt deps
[2024-07-14T04:14:47.199+0000] {local.py:247} INFO - Trying to run the command:
 ['/opt/airflow/dbt_venv/bin/dbt', 'run', '--models', 'raw_products', '--project-dir', '/tmp/tmpcvhvz8z4', '--profiles-dir', '/tmp/cosmos/profile/a0017dab0633177292578162811b91dcb9c56d6e54017e9660056cc364a762ad', '--profile', 'dbt_project', '--target', 'dev']
From /tmp/tmpcvhvz8z4
[2024-07-14T04:14:47.202+0000] {subprocess.py:60} INFO - Tmp dir root location: 
 /tmp
[2024-07-14T04:14:47.207+0000] {subprocess.py:73} INFO - Running command: ['/opt/airflow/dbt_venv/bin/dbt', 'run', '--models', 'raw_products', '--project-dir', '/tmp/tmpcvhvz8z4', '--profiles-dir', '/tmp/cosmos/profile/a0017dab0633177292578162811b91dcb9c56d6e54017e9660056cc364a762ad', '--profile', 'dbt_project', '--target', 'dev']
[2024-07-14T04:14:47.295+0000] {subprocess.py:84} INFO - Command output:
[2024-07-14T04:15:00.805+0000] {subprocess.py:94} INFO - [0m04:15:00  Running with dbt=1.8.3
[2024-07-14T04:15:03.932+0000] {subprocess.py:94} INFO - [0m04:15:03  Registered adapter: snowflake=1.8.3
[2024-07-14T04:15:08.820+0000] {subprocess.py:94} INFO - [0m04:15:08  Found 20 models, 27 data tests, 11 sources, 684 macros
[2024-07-14T04:15:08.842+0000] {subprocess.py:94} INFO - [0m04:15:08
[2024-07-14T04:15:17.591+0000] {subprocess.py:94} INFO - [0m04:15:17  Concurrency: 1 threads (target='dev')
[2024-07-14T04:15:17.595+0000] {subprocess.py:94} INFO - [0m04:15:17
[2024-07-14T04:15:17.645+0000] {subprocess.py:94} INFO - [0m04:15:17  1 of 1 START sql table model raw.raw_products .................................. [RUN]
[2024-07-14T04:15:20.875+0000] {subprocess.py:94} INFO - [0m04:15:20  1 of 1 OK created sql table model raw.raw_products ............................. [[32mSUCCESS 1[0m in 3.22s]
[2024-07-14T04:15:20.898+0000] {subprocess.py:94} INFO - [0m04:15:20
[2024-07-14T04:15:20.911+0000] {subprocess.py:94} INFO - [0m04:15:20  Finished running 1 table model in 0 hours 0 minutes and 12.04 seconds (12.04s).
[2024-07-14T04:15:21.367+0000] {subprocess.py:94} INFO - [0m04:15:21
[2024-07-14T04:15:21.370+0000] {subprocess.py:94} INFO - [0m04:15:21  [32mCompleted successfully[0m
[2024-07-14T04:15:21.376+0000] {subprocess.py:94} INFO - [0m04:15:21
[2024-07-14T04:15:21.384+0000] {subprocess.py:94} INFO - [0m04:15:21  Done. PASS=1 WARN=0 ERROR=0 SKIP=0 TOTAL=1
[2024-07-14T04:15:23.605+0000] {subprocess.py:98} INFO - Command exited with return code 0
[2024-07-14T04:15:23.611+0000] {local.py:254} INFO - [0m04:15:21  Done. PASS=1 WARN=0 ERROR=0 SKIP=0 TOTAL=1
[2024-07-14T04:15:24.221+0000] {local.py:196} WARNING - Artifact schema version: https://schemas.getdbt.com/dbt/manifest/v12.json is above dbt-ol supported version 7. This might cause errors.
[2024-07-14T04:15:24.223+0000] {local.py:196} WARNING - Artifact schema version: https://schemas.getdbt.com/dbt/run-results/v6.json is above dbt-ol supported version 5. This might cause errors.
[2024-07-14T04:15:24.281+0000] {local.py:349} INFO - Inlets: [Dataset(uri='snowflake://OU00370.europe-west2.gcp/ELT_BATCH.PUBLIC.products', extra=None)]
[2024-07-14T04:15:24.292+0000] {local.py:350} INFO - Outlets: [Dataset(uri='snowflake://OU00370.europe-west2.gcp/ELT_BATCH.raw.raw_products', extra=None)]
[2024-07-14T04:15:24.303+0000] {dag.py:3096} INFO - Sync 1 DAGs
[2024-07-14T04:15:24.885+0000] {taskinstance.py:441} INFO - ::group::Post task execution logs
[2024-07-14T04:15:25.176+0000] {taskinstance.py:1206} INFO - Marking task as SUCCESS. dag_id=ELT-PROJECT, task_id=transform.raw_products.run, run_id=scheduled__2024-07-08T00:00:00+00:00, execution_date=20240708T000000, start_date=20240714T041421, end_date=20240714T041525
[2024-07-14T04:15:26.553+0000] {local_task_job_runner.py:240} INFO - Task exited with return code 0
[2024-07-14T04:15:26.956+0000] {taskinstance.py:3503} INFO - 1 downstream tasks scheduled from follow-on schedule check
[2024-07-14T04:15:26.964+0000] {local_task_job_runner.py:222} INFO - ::endgroup::
