[2024-07-14T04:46:28.688+0000] {local_task_job_runner.py:120} INFO - ::group::Pre task execution logs
[2024-07-14T04:46:28.971+0000] {taskinstance.py:2076} INFO - Dependencies all met for dep_context=non-requeueable deps ti=<TaskInstance: ELT-PROJECT.transform.raw_employee_territories_run scheduled__2024-07-06T00:00:00+00:00 [queued]>
[2024-07-14T04:46:29.050+0000] {taskinstance.py:2076} INFO - Dependencies all met for dep_context=requeueable deps ti=<TaskInstance: ELT-PROJECT.transform.raw_employee_territories_run scheduled__2024-07-06T00:00:00+00:00 [queued]>
[2024-07-14T04:46:29.055+0000] {taskinstance.py:2306} INFO - Starting attempt 1 of 2
[2024-07-14T04:46:29.172+0000] {taskinstance.py:2330} INFO - Executing <Task(DbtRunLocalOperator): transform.raw_employee_territories_run> on 2024-07-06 00:00:00+00:00
[2024-07-14T04:46:29.209+0000] {logging_mixin.py:188} WARNING - /home/airflow/.local/lib/python3.12/site-packages/airflow/task/task_runner/standard_task_runner.py:61 DeprecationWarning: This process (pid=21496) is multi-threaded, use of fork() may lead to deadlocks in the child.
[2024-07-14T04:46:29.218+0000] {standard_task_runner.py:63} INFO - Started process 21553 to run task
[2024-07-14T04:46:29.232+0000] {standard_task_runner.py:90} INFO - Running: ['airflow', 'tasks', 'run', 'ELT-PROJECT', 'transform.raw_employee_territories_run', 'scheduled__2024-07-06T00:00:00+00:00', '--job-id', '1607', '--raw', '--subdir', 'DAGS_FOLDER/elt.py', '--cfg-path', '/tmp/tmph4icrq4m']
[2024-07-14T04:46:29.264+0000] {standard_task_runner.py:91} INFO - Job 1607: Subtask transform.raw_employee_territories_run
[2024-07-14T04:46:29.403+0000] {logging_mixin.py:188} WARNING - /home/airflow/.local/lib/python3.12/site-packages/airflow/settings.py:195 DeprecationWarning: The sql_alchemy_conn option in [core] has been moved to the sql_alchemy_conn option in [database] - the old setting has been used, but please update your config.
[2024-07-14T04:46:29.704+0000] {task_command.py:426} INFO - Running <TaskInstance: ELT-PROJECT.transform.raw_employee_territories_run scheduled__2024-07-06T00:00:00+00:00 [running]> on host airflow-scheduler
[2024-07-14T04:46:30.373+0000] {taskinstance.py:2648} INFO - Exporting env vars: AIRFLOW_CTX_DAG_OWNER='Data-Ninja' AIRFLOW_CTX_DAG_ID='ELT-PROJECT' AIRFLOW_CTX_TASK_ID='transform.raw_employee_territories_run' AIRFLOW_CTX_EXECUTION_DATE='2024-07-06T00:00:00+00:00' AIRFLOW_CTX_TRY_NUMBER='1' AIRFLOW_CTX_DAG_RUN_ID='scheduled__2024-07-06T00:00:00+00:00'
[2024-07-14T04:46:30.378+0000] {taskinstance.py:430} INFO - ::endgroup::
[2024-07-14T04:46:30.381+0000] {local.py:174} INFO - Could not import dbtRunner. Falling back to subprocess for invoking dbt.
[2024-07-14T04:46:30.387+0000] {local.py:292} INFO - Cloning project to writable temp directory /tmp/tmpc6n9x7my from /opt/airflow/dags/dbt/dbt_project
[2024-07-14T04:46:30.405+0000] {local.py:303} INFO - Partial parse is enabled and the latest partial parse file is /tmp/cosmos/ELT-PROJECT__transform/target/partial_parse.msgpack
[2024-07-14T04:46:31.613+0000] {base.py:84} INFO - Using connection ID 'snow_conn' for task execution.
[2024-07-14T04:46:31.624+0000] {crypto.py:82} WARNING - empty cryptography key - values will not be stored encrypted.
[2024-07-14T04:46:31.641+0000] {config.py:298} INFO - Profile caching is enable.
[2024-07-14T04:46:31.646+0000] {config.py:272} INFO - Profile found in cache using profile: /tmp/cosmos/profile/a0017dab0633177292578162811b91dcb9c56d6e54017e9660056cc364a762ad/profiles.yml.
[2024-07-14T04:46:31.661+0000] {local.py:247} INFO - Trying to run the command:
 ['/opt/airflow/dbt_venv/bin/dbt', 'deps', '--project-dir', '/tmp/tmpc6n9x7my', '--profiles-dir', '/tmp/cosmos/profile/a0017dab0633177292578162811b91dcb9c56d6e54017e9660056cc364a762ad', '--profile', 'dbt_project', '--target', 'dev']
From /tmp/tmpc6n9x7my
[2024-07-14T04:46:31.676+0000] {subprocess.py:60} INFO - Tmp dir root location: 
 /tmp
[2024-07-14T04:46:31.680+0000] {subprocess.py:73} INFO - Running command: ['/opt/airflow/dbt_venv/bin/dbt', 'deps', '--project-dir', '/tmp/tmpc6n9x7my', '--profiles-dir', '/tmp/cosmos/profile/a0017dab0633177292578162811b91dcb9c56d6e54017e9660056cc364a762ad', '--profile', 'dbt_project', '--target', 'dev']
[2024-07-14T04:46:31.755+0000] {subprocess.py:84} INFO - Command output:
[2024-07-14T04:46:45.889+0000] {subprocess.py:94} INFO - [0m04:46:45  Running with dbt=1.8.3
[2024-07-14T04:46:48.187+0000] {subprocess.py:94} INFO - [0m04:46:48  Updating lock file in file path: /tmp/tmpc6n9x7my/package-lock.yml
[2024-07-14T04:46:48.272+0000] {subprocess.py:94} INFO - [0m04:46:48  Installing dbt-labs/dbt_utils
[2024-07-14T04:46:49.129+0000] {subprocess.py:94} INFO - [0m04:46:49  Installed from version 0.8.6
[2024-07-14T04:46:49.154+0000] {subprocess.py:94} INFO - [0m04:46:49  Updated version available: 1.2.0
[2024-07-14T04:46:49.172+0000] {subprocess.py:94} INFO - [0m04:46:49
[2024-07-14T04:46:49.181+0000] {subprocess.py:94} INFO - [0m04:46:49  Updates available for packages: ['dbt-labs/dbt_utils']
[2024-07-14T04:46:49.184+0000] {subprocess.py:94} INFO - Update your versions in packages.yml, then run dbt deps
[2024-07-14T04:46:52.899+0000] {subprocess.py:98} INFO - Command exited with return code 0
[2024-07-14T04:46:52.901+0000] {local.py:254} INFO - Update your versions in packages.yml, then run dbt deps
[2024-07-14T04:46:52.904+0000] {local.py:247} INFO - Trying to run the command:
 ['/opt/airflow/dbt_venv/bin/dbt', 'run', '--models', 'raw_employee_territories', '--project-dir', '/tmp/tmpc6n9x7my', '--profiles-dir', '/tmp/cosmos/profile/a0017dab0633177292578162811b91dcb9c56d6e54017e9660056cc364a762ad', '--profile', 'dbt_project', '--target', 'dev']
From /tmp/tmpc6n9x7my
[2024-07-14T04:46:52.910+0000] {subprocess.py:60} INFO - Tmp dir root location: 
 /tmp
[2024-07-14T04:46:52.916+0000] {subprocess.py:73} INFO - Running command: ['/opt/airflow/dbt_venv/bin/dbt', 'run', '--models', 'raw_employee_territories', '--project-dir', '/tmp/tmpc6n9x7my', '--profiles-dir', '/tmp/cosmos/profile/a0017dab0633177292578162811b91dcb9c56d6e54017e9660056cc364a762ad', '--profile', 'dbt_project', '--target', 'dev']
[2024-07-14T04:46:52.999+0000] {subprocess.py:84} INFO - Command output:
[2024-07-14T04:47:05.553+0000] {subprocess.py:94} INFO - [0m04:47:05  Running with dbt=1.8.3
[2024-07-14T04:47:10.275+0000] {subprocess.py:94} INFO - [0m04:47:10  Registered adapter: snowflake=1.8.3
[2024-07-14T04:47:14.820+0000] {subprocess.py:94} INFO - [0m04:47:14  Found 20 models, 27 data tests, 11 sources, 684 macros
[2024-07-14T04:47:14.856+0000] {subprocess.py:94} INFO - [0m04:47:14
[2024-07-14T04:47:23.553+0000] {subprocess.py:94} INFO - [0m04:47:23  Concurrency: 1 threads (target='dev')
[2024-07-14T04:47:23.564+0000] {subprocess.py:94} INFO - [0m04:47:23
[2024-07-14T04:47:23.717+0000] {subprocess.py:94} INFO - [0m04:47:23  1 of 1 START sql table model raw.raw_employee_territories ...................... [RUN]
[2024-07-14T04:47:26.927+0000] {subprocess.py:94} INFO - [0m04:47:26  1 of 1 OK created sql table model raw.raw_employee_territories ................. [[32mSUCCESS 1[0m in 3.14s]
[2024-07-14T04:47:26.983+0000] {subprocess.py:94} INFO - [0m04:47:26
[2024-07-14T04:47:26.986+0000] {subprocess.py:94} INFO - [0m04:47:26  Finished running 1 table model in 0 hours 0 minutes and 12.11 seconds (12.11s).
[2024-07-14T04:47:28.472+0000] {subprocess.py:94} INFO - [0m04:47:28
[2024-07-14T04:47:28.491+0000] {subprocess.py:94} INFO - [0m04:47:28  [32mCompleted successfully[0m
[2024-07-14T04:47:28.509+0000] {subprocess.py:94} INFO - [0m04:47:28
[2024-07-14T04:47:28.538+0000] {subprocess.py:94} INFO - [0m04:47:28  Done. PASS=1 WARN=0 ERROR=0 SKIP=0 TOTAL=1
[2024-07-14T04:47:31.664+0000] {subprocess.py:98} INFO - Command exited with return code 0
[2024-07-14T04:47:31.669+0000] {local.py:254} INFO - [0m04:47:28  Done. PASS=1 WARN=0 ERROR=0 SKIP=0 TOTAL=1
[2024-07-14T04:47:31.790+0000] {local.py:196} WARNING - Artifact schema version: https://schemas.getdbt.com/dbt/manifest/v12.json is above dbt-ol supported version 7. This might cause errors.
[2024-07-14T04:47:31.792+0000] {local.py:196} WARNING - Artifact schema version: https://schemas.getdbt.com/dbt/run-results/v6.json is above dbt-ol supported version 5. This might cause errors.
[2024-07-14T04:47:31.808+0000] {local.py:349} INFO - Inlets: [Dataset(uri='snowflake://OU00370.europe-west2.gcp/ELT_BATCH.PUBLIC.employee_territories', extra=None)]
[2024-07-14T04:47:31.811+0000] {local.py:350} INFO - Outlets: [Dataset(uri='snowflake://OU00370.europe-west2.gcp/ELT_BATCH.raw.raw_employee_territories', extra=None)]
[2024-07-14T04:47:31.813+0000] {dag.py:3096} INFO - Sync 1 DAGs
[2024-07-14T04:47:31.906+0000] {dag.py:3954} INFO - Setting next_dagrun for ELT-PROJECT to 2024-07-14 00:00:00+00:00, run_after=2024-07-15 00:00:00+00:00
[2024-07-14T04:47:32.084+0000] {taskinstance.py:441} INFO - ::group::Post task execution logs
[2024-07-14T04:47:32.268+0000] {taskinstance.py:1206} INFO - Marking task as SUCCESS. dag_id=ELT-PROJECT, task_id=transform.raw_employee_territories_run, run_id=scheduled__2024-07-06T00:00:00+00:00, execution_date=20240706T000000, start_date=20240714T044628, end_date=20240714T044732
[2024-07-14T04:47:32.520+0000] {local_task_job_runner.py:240} INFO - Task exited with return code 0
[2024-07-14T04:47:32.781+0000] {taskinstance.py:3503} INFO - 0 downstream tasks scheduled from follow-on schedule check
[2024-07-14T04:47:32.808+0000] {local_task_job_runner.py:222} INFO - ::endgroup::
