[2024-07-14T03:53:17.954+0000] {local_task_job_runner.py:120} INFO - ::group::Pre task execution logs
[2024-07-14T03:53:18.001+0000] {taskinstance.py:2076} INFO - Dependencies all met for dep_context=non-requeueable deps ti=<TaskInstance: ELT-PROJECT.transform.popular_product_categories_run manual__2024-07-14T03:47:05.410676+00:00 [queued]>
[2024-07-14T03:53:18.032+0000] {taskinstance.py:2076} INFO - Dependencies all met for dep_context=requeueable deps ti=<TaskInstance: ELT-PROJECT.transform.popular_product_categories_run manual__2024-07-14T03:47:05.410676+00:00 [queued]>
[2024-07-14T03:53:18.034+0000] {taskinstance.py:2306} INFO - Starting attempt 1 of 2
[2024-07-14T03:53:18.062+0000] {taskinstance.py:2330} INFO - Executing <Task(DbtRunLocalOperator): transform.popular_product_categories_run> on 2024-07-14 03:47:05.410676+00:00
[2024-07-14T03:53:18.078+0000] {logging_mixin.py:188} WARNING - /home/airflow/.local/lib/python3.12/site-packages/airflow/task/task_runner/standard_task_runner.py:61 DeprecationWarning: This process (pid=9239) is multi-threaded, use of fork() may lead to deadlocks in the child.
[2024-07-14T03:53:18.080+0000] {standard_task_runner.py:63} INFO - Started process 9243 to run task
[2024-07-14T03:53:18.078+0000] {standard_task_runner.py:90} INFO - Running: ['airflow', 'tasks', 'run', 'ELT-PROJECT', 'transform.popular_product_categories_run', 'manual__2024-07-14T03:47:05.410676+00:00', '--job-id', '668', '--raw', '--subdir', 'DAGS_FOLDER/elt.py', '--cfg-path', '/tmp/tmpvle2x7gj']
[2024-07-14T03:53:18.081+0000] {standard_task_runner.py:91} INFO - Job 668: Subtask transform.popular_product_categories_run
[2024-07-14T03:53:18.116+0000] {logging_mixin.py:188} WARNING - /home/airflow/.local/lib/python3.12/site-packages/airflow/settings.py:195 DeprecationWarning: The sql_alchemy_conn option in [core] has been moved to the sql_alchemy_conn option in [database] - the old setting has been used, but please update your config.
[2024-07-14T03:53:18.200+0000] {task_command.py:426} INFO - Running <TaskInstance: ELT-PROJECT.transform.popular_product_categories_run manual__2024-07-14T03:47:05.410676+00:00 [running]> on host airflow-scheduler
[2024-07-14T03:53:18.405+0000] {taskinstance.py:2648} INFO - Exporting env vars: AIRFLOW_CTX_DAG_OWNER='Data-Ninja' AIRFLOW_CTX_DAG_ID='ELT-PROJECT' AIRFLOW_CTX_TASK_ID='transform.popular_product_categories_run' AIRFLOW_CTX_EXECUTION_DATE='2024-07-14T03:47:05.410676+00:00' AIRFLOW_CTX_TRY_NUMBER='1' AIRFLOW_CTX_DAG_RUN_ID='manual__2024-07-14T03:47:05.410676+00:00'
[2024-07-14T03:53:18.408+0000] {taskinstance.py:430} INFO - ::endgroup::
[2024-07-14T03:53:18.412+0000] {local.py:174} INFO - Could not import dbtRunner. Falling back to subprocess for invoking dbt.
[2024-07-14T03:53:18.415+0000] {local.py:292} INFO - Cloning project to writable temp directory /tmp/tmpdz665ucw from /opt/airflow/dags/dbt/dbt_project
[2024-07-14T03:53:18.429+0000] {local.py:303} INFO - Partial parse is enabled and the latest partial parse file is /tmp/cosmos/ELT-PROJECT__transform/target/partial_parse.msgpack
[2024-07-14T03:53:18.487+0000] {base.py:84} INFO - Using connection ID 'snow_conn' for task execution.
[2024-07-14T03:53:18.489+0000] {crypto.py:82} WARNING - empty cryptography key - values will not be stored encrypted.
[2024-07-14T03:53:18.490+0000] {config.py:298} INFO - Profile caching is enable.
[2024-07-14T03:53:18.495+0000] {config.py:272} INFO - Profile found in cache using profile: /tmp/cosmos/profile/a0017dab0633177292578162811b91dcb9c56d6e54017e9660056cc364a762ad/profiles.yml.
[2024-07-14T03:53:18.496+0000] {local.py:247} INFO - Trying to run the command:
 ['/opt/airflow/dbt_venv/bin/dbt', 'deps', '--project-dir', '/tmp/tmpdz665ucw', '--profiles-dir', '/tmp/cosmos/profile/a0017dab0633177292578162811b91dcb9c56d6e54017e9660056cc364a762ad', '--profile', 'dbt_project', '--target', 'dev']
From /tmp/tmpdz665ucw
[2024-07-14T03:53:18.499+0000] {subprocess.py:60} INFO - Tmp dir root location: 
 /tmp
[2024-07-14T03:53:18.501+0000] {subprocess.py:73} INFO - Running command: ['/opt/airflow/dbt_venv/bin/dbt', 'deps', '--project-dir', '/tmp/tmpdz665ucw', '--profiles-dir', '/tmp/cosmos/profile/a0017dab0633177292578162811b91dcb9c56d6e54017e9660056cc364a762ad', '--profile', 'dbt_project', '--target', 'dev']
[2024-07-14T03:53:18.523+0000] {subprocess.py:84} INFO - Command output:
[2024-07-14T03:53:23.483+0000] {subprocess.py:94} INFO - [0m03:53:23  Running with dbt=1.8.3
[2024-07-14T03:53:24.537+0000] {subprocess.py:94} INFO - [0m03:53:24  Updating lock file in file path: /tmp/tmpdz665ucw/package-lock.yml
[2024-07-14T03:53:24.555+0000] {subprocess.py:94} INFO - [0m03:53:24  Installing dbt-labs/dbt_utils
[2024-07-14T03:53:25.732+0000] {subprocess.py:94} INFO - [0m03:53:25  Installed from version 0.8.6
[2024-07-14T03:53:25.737+0000] {subprocess.py:94} INFO - [0m03:53:25  Updated version available: 1.2.0
[2024-07-14T03:53:25.742+0000] {subprocess.py:94} INFO - [0m03:53:25
[2024-07-14T03:53:25.744+0000] {subprocess.py:94} INFO - [0m03:53:25  Updates available for packages: ['dbt-labs/dbt_utils']
[2024-07-14T03:53:25.746+0000] {subprocess.py:94} INFO - Update your versions in packages.yml, then run dbt deps
[2024-07-14T03:53:27.910+0000] {subprocess.py:98} INFO - Command exited with return code 0
[2024-07-14T03:53:27.912+0000] {local.py:254} INFO - Update your versions in packages.yml, then run dbt deps
[2024-07-14T03:53:27.914+0000] {local.py:247} INFO - Trying to run the command:
 ['/opt/airflow/dbt_venv/bin/dbt', 'run', '--models', 'popular_product_categories', '--project-dir', '/tmp/tmpdz665ucw', '--profiles-dir', '/tmp/cosmos/profile/a0017dab0633177292578162811b91dcb9c56d6e54017e9660056cc364a762ad', '--profile', 'dbt_project', '--target', 'dev']
From /tmp/tmpdz665ucw
[2024-07-14T03:53:27.917+0000] {subprocess.py:60} INFO - Tmp dir root location: 
 /tmp
[2024-07-14T03:53:27.919+0000] {subprocess.py:73} INFO - Running command: ['/opt/airflow/dbt_venv/bin/dbt', 'run', '--models', 'popular_product_categories', '--project-dir', '/tmp/tmpdz665ucw', '--profiles-dir', '/tmp/cosmos/profile/a0017dab0633177292578162811b91dcb9c56d6e54017e9660056cc364a762ad', '--profile', 'dbt_project', '--target', 'dev']
[2024-07-14T03:53:27.952+0000] {subprocess.py:84} INFO - Command output:
[2024-07-14T03:53:32.802+0000] {subprocess.py:94} INFO - [0m03:53:32  Running with dbt=1.8.3
[2024-07-14T03:53:34.052+0000] {subprocess.py:94} INFO - [0m03:53:34  Registered adapter: snowflake=1.8.3
[2024-07-14T03:53:35.628+0000] {subprocess.py:94} INFO - [0m03:53:35  Found 20 models, 27 data tests, 11 sources, 684 macros
[2024-07-14T03:53:35.635+0000] {subprocess.py:94} INFO - [0m03:53:35
[2024-07-14T03:53:44.290+0000] {subprocess.py:94} INFO - [0m03:53:44  Concurrency: 1 threads (target='dev')
[2024-07-14T03:53:44.294+0000] {subprocess.py:94} INFO - [0m03:53:44
[2024-07-14T03:53:44.346+0000] {subprocess.py:94} INFO - [0m03:53:44  1 of 1 START sql table model dm.popular_product_categories ..................... [RUN]
[2024-07-14T03:53:47.381+0000] {subprocess.py:94} INFO - [0m03:53:47  1 of 1 OK created sql table model dm.popular_product_categories ................ [[32mSUCCESS 1[0m in 3.03s]
[2024-07-14T03:53:47.392+0000] {subprocess.py:94} INFO - [0m03:53:47
[2024-07-14T03:53:47.394+0000] {subprocess.py:94} INFO - [0m03:53:47  Finished running 1 table model in 0 hours 0 minutes and 11.75 seconds (11.75s).
[2024-07-14T03:53:47.668+0000] {subprocess.py:94} INFO - [0m03:53:47
[2024-07-14T03:53:47.670+0000] {subprocess.py:94} INFO - [0m03:53:47  [32mCompleted successfully[0m
[2024-07-14T03:53:47.673+0000] {subprocess.py:94} INFO - [0m03:53:47
[2024-07-14T03:53:47.675+0000] {subprocess.py:94} INFO - [0m03:53:47  Done. PASS=1 WARN=0 ERROR=0 SKIP=0 TOTAL=1
[2024-07-14T03:53:50.001+0000] {subprocess.py:98} INFO - Command exited with return code 0
[2024-07-14T03:53:50.004+0000] {local.py:254} INFO - [0m03:53:47  Done. PASS=1 WARN=0 ERROR=0 SKIP=0 TOTAL=1
[2024-07-14T03:53:50.371+0000] {local.py:196} WARNING - Artifact schema version: https://schemas.getdbt.com/dbt/manifest/v12.json is above dbt-ol supported version 7. This might cause errors.
[2024-07-14T03:53:50.373+0000] {local.py:196} WARNING - Artifact schema version: https://schemas.getdbt.com/dbt/run-results/v6.json is above dbt-ol supported version 5. This might cause errors.
[2024-07-14T03:53:50.386+0000] {local.py:349} INFO - Inlets: [Dataset(uri='snowflake://OU00370.europe-west2.gcp/ELT_BATCH.dwh.dim_categories', extra=None), Dataset(uri='snowflake://OU00370.europe-west2.gcp/ELT_BATCH.dwh.dim_products', extra=None), Dataset(uri='snowflake://OU00370.europe-west2.gcp/ELT_BATCH.dwh.fact_order_details', extra=None), Dataset(uri='snowflake://OU00370.europe-west2.gcp/ELT_BATCH.dwh.fact_orders', extra=None)]
[2024-07-14T03:53:50.388+0000] {local.py:350} INFO - Outlets: [Dataset(uri='snowflake://OU00370.europe-west2.gcp/ELT_BATCH.dm.popular_product_categories', extra=None)]
[2024-07-14T03:53:50.390+0000] {dag.py:3096} INFO - Sync 1 DAGs
[2024-07-14T03:53:50.428+0000] {dag.py:3954} INFO - Setting next_dagrun for ELT-PROJECT to None, run_after=None
[2024-07-14T03:53:50.513+0000] {taskinstance.py:441} INFO - ::group::Post task execution logs
[2024-07-14T03:53:50.609+0000] {taskinstance.py:1206} INFO - Marking task as SUCCESS. dag_id=ELT-PROJECT, task_id=transform.popular_product_categories_run, run_id=manual__2024-07-14T03:47:05.410676+00:00, execution_date=20240714T034705, start_date=20240714T035318, end_date=20240714T035350
[2024-07-14T03:53:50.691+0000] {local_task_job_runner.py:240} INFO - Task exited with return code 0
[2024-07-14T03:53:50.721+0000] {local_task_job_runner.py:222} INFO - ::endgroup::
