[2024-06-24T14:39:43.369+0000] {local_task_job_runner.py:120} INFO - ::group::Pre task execution logs
[2024-06-24T14:39:43.648+0000] {taskinstance.py:2076} INFO - Dependencies all met for dep_context=non-requeueable deps ti=<TaskInstance: ELT-PROJECT.load.load_suppliers manual__2024-06-24T14:38:58.078871+00:00 [queued]>
[2024-06-24T14:39:43.757+0000] {taskinstance.py:2076} INFO - Dependencies all met for dep_context=requeueable deps ti=<TaskInstance: ELT-PROJECT.load.load_suppliers manual__2024-06-24T14:38:58.078871+00:00 [queued]>
[2024-06-24T14:39:43.779+0000] {taskinstance.py:2306} INFO - Starting attempt 1 of 2
[2024-06-24T14:39:44.009+0000] {taskinstance.py:2330} INFO - Executing <Task(_PythonDecoratedOperator): load.load_suppliers> on 2024-06-24 14:38:58.078871+00:00
[2024-06-24T14:39:44.198+0000] {standard_task_runner.py:90} INFO - Running: ['airflow', 'tasks', 'run', 'ELT-PROJECT', 'load.load_suppliers', 'manual__2024-06-24T14:38:58.078871+00:00', '--job-id', '196', '--raw', '--subdir', 'DAGS_FOLDER/elt.py', '--cfg-path', '/tmp/tmp7chspa82']
[2024-06-24T14:39:44.214+0000] {logging_mixin.py:188} WARNING - /home/airflow/.local/lib/python3.12/site-packages/airflow/task/task_runner/standard_task_runner.py:61 DeprecationWarning: This process (pid=2516) is multi-threaded, use of fork() may lead to deadlocks in the child.
[2024-06-24T14:39:44.217+0000] {standard_task_runner.py:91} INFO - Job 196: Subtask load.load_suppliers
[2024-06-24T14:39:44.229+0000] {standard_task_runner.py:63} INFO - Started process 2544 to run task
[2024-06-24T14:39:44.445+0000] {logging_mixin.py:188} WARNING - /home/airflow/.local/lib/python3.12/site-packages/airflow/settings.py:195 DeprecationWarning: The sql_alchemy_conn option in [core] has been moved to the sql_alchemy_conn option in [database] - the old setting has been used, but please update your config.
[2024-06-24T14:39:45.106+0000] {task_command.py:426} INFO - Running <TaskInstance: ELT-PROJECT.load.load_suppliers manual__2024-06-24T14:38:58.078871+00:00 [running]> on host airflow-scheduler
[2024-06-24T14:39:48.879+0000] {taskinstance.py:2648} INFO - Exporting env vars: AIRFLOW_CTX_DAG_OWNER='Data-Ninja' AIRFLOW_CTX_DAG_ID='ELT-PROJECT' AIRFLOW_CTX_TASK_ID='load.load_suppliers' AIRFLOW_CTX_EXECUTION_DATE='2024-06-24T14:38:58.078871+00:00' AIRFLOW_CTX_TRY_NUMBER='1' AIRFLOW_CTX_DAG_RUN_ID='manual__2024-06-24T14:38:58.078871+00:00'
[2024-06-24T14:39:48.888+0000] {taskinstance.py:430} INFO - ::endgroup::
[2024-06-24T14:39:48.899+0000] {connection.py:399} INFO - Snowflake Connector for Python Version: 3.10.1, Python Version: 3.12.4, Platform: Linux-5.15.133.1-microsoft-standard-WSL2-x86_64-with-glibc2.36
[2024-06-24T14:39:48.904+0000] {connection.py:1249} INFO - THIS CONNECTION IS IN INSECURE MODE. IT MEANS THE CERTIFICATE WILL BE VALIDATED BUT THE CERTIFICATE REVOCATION STATUS WILL NOT BE CHECKED.
[2024-06-24T14:39:49.272+0000] {ssl_wrap_socket.py:100} INFO - THIS CONNECTION IS IN INSECURE MODE. IT MEANS THE CERTIFICATE WILL BE VALIDATED BUT THE CERTIFICATE REVOCATION STATUS WILL NOT BE CHECKED.
[2024-06-24T14:39:49.911+0000] {logging_mixin.py:188} INFO - Nama kolom di DataFrame: Index(['supplierID', 'companyName', 'contactName', 'contactTitle', 'address',
       'city', 'region', 'postalCode', 'country', 'phone', 'fax', 'homePage'],
      dtype='object')
[2024-06-24T14:39:50.438+0000] {cursor.py:1149} INFO - Number of results in first chunk: 1
[2024-06-24T14:39:51.539+0000] {ssl_wrap_socket.py:100} INFO - THIS CONNECTION IS IN INSECURE MODE. IT MEANS THE CERTIFICATE WILL BE VALIDATED BUT THE CERTIFICATE REVOCATION STATUS WILL NOT BE CHECKED.
[2024-06-24T14:39:54.336+0000] {cursor.py:1149} INFO - Number of results in first chunk: 1
[2024-06-24T14:39:55.112+0000] {cursor.py:1149} INFO - Number of results in first chunk: 12
[2024-06-24T14:39:55.488+0000] {cursor.py:1149} INFO - Number of results in first chunk: 1
[2024-06-24T14:39:56.361+0000] {cursor.py:1149} INFO - Number of results in first chunk: 1
[2024-06-24T14:39:57.975+0000] {cursor.py:1149} INFO - Number of results in first chunk: 1
[2024-06-24T14:39:57.985+0000] {logging_mixin.py:188} INFO - Done suppliers.
[2024-06-24T14:39:57.988+0000] {connection.py:762} INFO - closed
[2024-06-24T14:39:58.358+0000] {connection.py:768} INFO - No async queries seem to be running, deleting session
[2024-06-24T14:39:58.717+0000] {python.py:237} INFO - Done. Returned value was: None
[2024-06-24T14:39:58.719+0000] {taskinstance.py:441} INFO - ::group::Post task execution logs
[2024-06-24T14:39:58.779+0000] {taskinstance.py:1206} INFO - Marking task as SUCCESS. dag_id=ELT-PROJECT, task_id=load.load_suppliers, run_id=manual__2024-06-24T14:38:58.078871+00:00, execution_date=20240624T143858, start_date=20240624T143943, end_date=20240624T143958
[2024-06-24T14:39:58.865+0000] {local_task_job_runner.py:240} INFO - Task exited with return code 0
[2024-06-24T14:39:59.105+0000] {taskinstance.py:3503} INFO - 0 downstream tasks scheduled from follow-on schedule check
[2024-06-24T14:39:59.110+0000] {local_task_job_runner.py:222} INFO - ::endgroup::
