[2024-07-14T04:01:41.357+0000] {local_task_job_runner.py:120} INFO - ::group::Pre task execution logs
[2024-07-14T04:01:41.467+0000] {taskinstance.py:2076} INFO - Dependencies all met for dep_context=non-requeueable deps ti=<TaskInstance: ELT-PROJECT.load.load_categories scheduled__2024-07-05T00:00:00+00:00 [queued]>
[2024-07-14T04:01:41.516+0000] {taskinstance.py:2076} INFO - Dependencies all met for dep_context=requeueable deps ti=<TaskInstance: ELT-PROJECT.load.load_categories scheduled__2024-07-05T00:00:00+00:00 [queued]>
[2024-07-14T04:01:41.518+0000] {taskinstance.py:2306} INFO - Starting attempt 1 of 2
[2024-07-14T04:01:43.109+0000] {taskinstance.py:2330} INFO - Executing <Task(_PythonDecoratedOperator): load.load_categories> on 2024-07-05 00:00:00+00:00
[2024-07-14T04:01:43.129+0000] {logging_mixin.py:188} WARNING - /home/airflow/.local/lib/python3.12/site-packages/airflow/task/task_runner/standard_task_runner.py:61 DeprecationWarning: This process (pid=11219) is multi-threaded, use of fork() may lead to deadlocks in the child.
[2024-07-14T04:01:43.132+0000] {standard_task_runner.py:63} INFO - Started process 11273 to run task
[2024-07-14T04:01:43.129+0000] {standard_task_runner.py:90} INFO - Running: ['airflow', 'tasks', 'run', 'ELT-PROJECT', 'load.load_categories', 'scheduled__2024-07-05T00:00:00+00:00', '--job-id', '937', '--raw', '--subdir', 'DAGS_FOLDER/elt.py', '--cfg-path', '/tmp/tmpb2i40po5']
[2024-07-14T04:01:43.137+0000] {standard_task_runner.py:91} INFO - Job 937: Subtask load.load_categories
[2024-07-14T04:01:43.199+0000] {logging_mixin.py:188} WARNING - /home/airflow/.local/lib/python3.12/site-packages/airflow/settings.py:195 DeprecationWarning: The sql_alchemy_conn option in [core] has been moved to the sql_alchemy_conn option in [database] - the old setting has been used, but please update your config.
[2024-07-14T04:01:43.421+0000] {task_command.py:426} INFO - Running <TaskInstance: ELT-PROJECT.load.load_categories scheduled__2024-07-05T00:00:00+00:00 [running]> on host airflow-scheduler
[2024-07-14T04:01:44.711+0000] {taskinstance.py:2648} INFO - Exporting env vars: AIRFLOW_CTX_DAG_OWNER='Data-Ninja' AIRFLOW_CTX_DAG_ID='ELT-PROJECT' AIRFLOW_CTX_TASK_ID='load.load_categories' AIRFLOW_CTX_EXECUTION_DATE='2024-07-05T00:00:00+00:00' AIRFLOW_CTX_TRY_NUMBER='1' AIRFLOW_CTX_DAG_RUN_ID='scheduled__2024-07-05T00:00:00+00:00'
[2024-07-14T04:01:44.713+0000] {taskinstance.py:430} INFO - ::endgroup::
[2024-07-14T04:01:44.720+0000] {connection.py:399} INFO - Snowflake Connector for Python Version: 3.10.1, Python Version: 3.12.4, Platform: Linux-5.15.133.1-microsoft-standard-WSL2-x86_64-with-glibc2.36
[2024-07-14T04:01:44.732+0000] {connection.py:1249} INFO - THIS CONNECTION IS IN INSECURE MODE. IT MEANS THE CERTIFICATE WILL BE VALIDATED BUT THE CERTIFICATE REVOCATION STATUS WILL NOT BE CHECKED.
[2024-07-14T04:01:45.159+0000] {ssl_wrap_socket.py:100} INFO - THIS CONNECTION IS IN INSECURE MODE. IT MEANS THE CERTIFICATE WILL BE VALIDATED BUT THE CERTIFICATE REVOCATION STATUS WILL NOT BE CHECKED.
[2024-07-14T04:01:45.545+0000] {logging_mixin.py:188} INFO - Nama kolom di DataFrame: Index(['categoryID', 'categoryName', 'description', 'picture'], dtype='object')
[2024-07-14T04:01:45.962+0000] {cursor.py:1149} INFO - Number of results in first chunk: 1
[2024-07-14T04:01:46.563+0000] {ssl_wrap_socket.py:100} INFO - THIS CONNECTION IS IN INSECURE MODE. IT MEANS THE CERTIFICATE WILL BE VALIDATED BUT THE CERTIFICATE REVOCATION STATUS WILL NOT BE CHECKED.
[2024-07-14T04:01:49.049+0000] {cursor.py:1149} INFO - Number of results in first chunk: 1
[2024-07-14T04:01:49.729+0000] {cursor.py:1149} INFO - Number of results in first chunk: 4
[2024-07-14T04:01:50.114+0000] {cursor.py:1149} INFO - Number of results in first chunk: 1
[2024-07-14T04:01:50.933+0000] {cursor.py:1149} INFO - Number of results in first chunk: 1
[2024-07-14T04:01:52.314+0000] {cursor.py:1149} INFO - Number of results in first chunk: 1
[2024-07-14T04:01:52.315+0000] {logging_mixin.py:188} INFO - Done categories.
[2024-07-14T04:01:52.316+0000] {connection.py:762} INFO - closed
[2024-07-14T04:01:52.660+0000] {connection.py:768} INFO - No async queries seem to be running, deleting session
[2024-07-14T04:01:53.008+0000] {python.py:237} INFO - Done. Returned value was: None
[2024-07-14T04:01:53.010+0000] {taskinstance.py:441} INFO - ::group::Post task execution logs
[2024-07-14T04:01:53.039+0000] {taskinstance.py:1206} INFO - Marking task as SUCCESS. dag_id=ELT-PROJECT, task_id=load.load_categories, run_id=scheduled__2024-07-05T00:00:00+00:00, execution_date=20240705T000000, start_date=20240714T040141, end_date=20240714T040153
[2024-07-14T04:01:53.106+0000] {local_task_job_runner.py:240} INFO - Task exited with return code 0
[2024-07-14T04:01:53.128+0000] {local_task_job_runner.py:222} INFO - ::endgroup::
