[2024-07-14T04:34:23.874+0000] {local_task_job_runner.py:120} INFO - ::group::Pre task execution logs
[2024-07-14T04:34:24.160+0000] {taskinstance.py:2076} INFO - Dependencies all met for dep_context=non-requeueable deps ti=<TaskInstance: ELT-PROJECT.transform.raw_territories.run scheduled__2024-07-02T00:00:00+00:00 [queued]>
[2024-07-14T04:34:24.288+0000] {taskinstance.py:2076} INFO - Dependencies all met for dep_context=requeueable deps ti=<TaskInstance: ELT-PROJECT.transform.raw_territories.run scheduled__2024-07-02T00:00:00+00:00 [queued]>
[2024-07-14T04:34:24.290+0000] {taskinstance.py:2306} INFO - Starting attempt 1 of 2
[2024-07-14T04:34:24.398+0000] {taskinstance.py:2330} INFO - Executing <Task(DbtRunLocalOperator): transform.raw_territories.run> on 2024-07-02 00:00:00+00:00
[2024-07-14T04:34:24.432+0000] {logging_mixin.py:188} WARNING - /home/airflow/.local/lib/python3.12/site-packages/airflow/task/task_runner/standard_task_runner.py:61 DeprecationWarning: This process (pid=18933) is multi-threaded, use of fork() may lead to deadlocks in the child.
[2024-07-14T04:34:24.435+0000] {standard_task_runner.py:90} INFO - Running: ['airflow', 'tasks', 'run', 'ELT-PROJECT', 'transform.raw_territories.run', 'scheduled__2024-07-02T00:00:00+00:00', '--job-id', '1444', '--raw', '--subdir', 'DAGS_FOLDER/elt.py', '--cfg-path', '/tmp/tmpbfvmqozx']
[2024-07-14T04:34:24.439+0000] {standard_task_runner.py:63} INFO - Started process 18978 to run task
[2024-07-14T04:34:24.467+0000] {standard_task_runner.py:91} INFO - Job 1444: Subtask transform.raw_territories.run
[2024-07-14T04:34:24.572+0000] {logging_mixin.py:188} WARNING - /home/airflow/.local/lib/python3.12/site-packages/airflow/settings.py:195 DeprecationWarning: The sql_alchemy_conn option in [core] has been moved to the sql_alchemy_conn option in [database] - the old setting has been used, but please update your config.
[2024-07-14T04:34:24.751+0000] {task_command.py:426} INFO - Running <TaskInstance: ELT-PROJECT.transform.raw_territories.run scheduled__2024-07-02T00:00:00+00:00 [running]> on host airflow-scheduler
[2024-07-14T04:34:25.187+0000] {taskinstance.py:2648} INFO - Exporting env vars: AIRFLOW_CTX_DAG_OWNER='Data-Ninja' AIRFLOW_CTX_DAG_ID='ELT-PROJECT' AIRFLOW_CTX_TASK_ID='transform.raw_territories.run' AIRFLOW_CTX_EXECUTION_DATE='2024-07-02T00:00:00+00:00' AIRFLOW_CTX_TRY_NUMBER='1' AIRFLOW_CTX_DAG_RUN_ID='scheduled__2024-07-02T00:00:00+00:00'
[2024-07-14T04:34:25.192+0000] {taskinstance.py:430} INFO - ::endgroup::
[2024-07-14T04:34:25.201+0000] {local.py:174} INFO - Could not import dbtRunner. Falling back to subprocess for invoking dbt.
[2024-07-14T04:34:25.207+0000] {local.py:292} INFO - Cloning project to writable temp directory /tmp/tmptp7g4i9h from /opt/airflow/dags/dbt/dbt_project
[2024-07-14T04:34:25.231+0000] {local.py:303} INFO - Partial parse is enabled and the latest partial parse file is /tmp/cosmos/ELT-PROJECT__transform/target/partial_parse.msgpack
[2024-07-14T04:34:25.449+0000] {base.py:84} INFO - Using connection ID 'snow_conn' for task execution.
[2024-07-14T04:34:25.451+0000] {crypto.py:82} WARNING - empty cryptography key - values will not be stored encrypted.
[2024-07-14T04:34:25.453+0000] {config.py:298} INFO - Profile caching is enable.
[2024-07-14T04:34:25.466+0000] {config.py:272} INFO - Profile found in cache using profile: /tmp/cosmos/profile/a0017dab0633177292578162811b91dcb9c56d6e54017e9660056cc364a762ad/profiles.yml.
[2024-07-14T04:34:25.472+0000] {local.py:247} INFO - Trying to run the command:
 ['/opt/airflow/dbt_venv/bin/dbt', 'deps', '--project-dir', '/tmp/tmptp7g4i9h', '--profiles-dir', '/tmp/cosmos/profile/a0017dab0633177292578162811b91dcb9c56d6e54017e9660056cc364a762ad', '--profile', 'dbt_project', '--target', 'dev']
From /tmp/tmptp7g4i9h
[2024-07-14T04:34:25.474+0000] {subprocess.py:60} INFO - Tmp dir root location: 
 /tmp
[2024-07-14T04:34:25.476+0000] {subprocess.py:73} INFO - Running command: ['/opt/airflow/dbt_venv/bin/dbt', 'deps', '--project-dir', '/tmp/tmptp7g4i9h', '--profiles-dir', '/tmp/cosmos/profile/a0017dab0633177292578162811b91dcb9c56d6e54017e9660056cc364a762ad', '--profile', 'dbt_project', '--target', 'dev']
[2024-07-14T04:34:25.533+0000] {subprocess.py:84} INFO - Command output:
[2024-07-14T04:34:39.818+0000] {subprocess.py:94} INFO - [0m04:34:39  Running with dbt=1.8.3
[2024-07-14T04:34:41.414+0000] {subprocess.py:94} INFO - [0m04:34:41  Updating lock file in file path: /tmp/tmptp7g4i9h/package-lock.yml
[2024-07-14T04:34:41.462+0000] {subprocess.py:94} INFO - [0m04:34:41  Installing dbt-labs/dbt_utils
[2024-07-14T04:34:42.543+0000] {subprocess.py:94} INFO - [0m04:34:42  Installed from version 0.8.6
[2024-07-14T04:34:42.548+0000] {subprocess.py:94} INFO - [0m04:34:42  Updated version available: 1.2.0
[2024-07-14T04:34:42.559+0000] {subprocess.py:94} INFO - [0m04:34:42
[2024-07-14T04:34:42.600+0000] {subprocess.py:94} INFO - [0m04:34:42  Updates available for packages: ['dbt-labs/dbt_utils']
[2024-07-14T04:34:42.618+0000] {subprocess.py:94} INFO - Update your versions in packages.yml, then run dbt deps
[2024-07-14T04:34:45.997+0000] {subprocess.py:98} INFO - Command exited with return code 0
[2024-07-14T04:34:46.000+0000] {local.py:254} INFO - Update your versions in packages.yml, then run dbt deps
[2024-07-14T04:34:46.003+0000] {local.py:247} INFO - Trying to run the command:
 ['/opt/airflow/dbt_venv/bin/dbt', 'run', '--models', 'raw_territories', '--project-dir', '/tmp/tmptp7g4i9h', '--profiles-dir', '/tmp/cosmos/profile/a0017dab0633177292578162811b91dcb9c56d6e54017e9660056cc364a762ad', '--profile', 'dbt_project', '--target', 'dev']
From /tmp/tmptp7g4i9h
[2024-07-14T04:34:46.008+0000] {subprocess.py:60} INFO - Tmp dir root location: 
 /tmp
[2024-07-14T04:34:46.026+0000] {subprocess.py:73} INFO - Running command: ['/opt/airflow/dbt_venv/bin/dbt', 'run', '--models', 'raw_territories', '--project-dir', '/tmp/tmptp7g4i9h', '--profiles-dir', '/tmp/cosmos/profile/a0017dab0633177292578162811b91dcb9c56d6e54017e9660056cc364a762ad', '--profile', 'dbt_project', '--target', 'dev']
[2024-07-14T04:34:46.229+0000] {subprocess.py:84} INFO - Command output:
[2024-07-14T04:35:03.124+0000] {subprocess.py:94} INFO - [0m04:35:03  Running with dbt=1.8.3
[2024-07-14T04:35:07.798+0000] {subprocess.py:94} INFO - [0m04:35:07  Registered adapter: snowflake=1.8.3
[2024-07-14T04:35:13.306+0000] {subprocess.py:94} INFO - [0m04:35:13  Found 20 models, 27 data tests, 11 sources, 684 macros
[2024-07-14T04:35:13.358+0000] {subprocess.py:94} INFO - [0m04:35:13
[2024-07-14T04:35:21.630+0000] {subprocess.py:94} INFO - [0m04:35:21  Concurrency: 1 threads (target='dev')
[2024-07-14T04:35:21.633+0000] {subprocess.py:94} INFO - [0m04:35:21
[2024-07-14T04:35:21.778+0000] {subprocess.py:94} INFO - [0m04:35:21  1 of 1 START sql table model raw.raw_territories ............................... [RUN]
[2024-07-14T04:35:24.831+0000] {subprocess.py:94} INFO - [0m04:35:24  1 of 1 OK created sql table model raw.raw_territories .......................... [[32mSUCCESS 1[0m in 3.03s]
[2024-07-14T04:35:24.883+0000] {subprocess.py:94} INFO - [0m04:35:24
[2024-07-14T04:35:24.890+0000] {subprocess.py:94} INFO - [0m04:35:24  Finished running 1 table model in 0 hours 0 minutes and 11.52 seconds (11.52s).
[2024-07-14T04:35:25.673+0000] {subprocess.py:94} INFO - [0m04:35:25
[2024-07-14T04:35:25.680+0000] {subprocess.py:94} INFO - [0m04:35:25  [32mCompleted successfully[0m
[2024-07-14T04:35:25.687+0000] {subprocess.py:94} INFO - [0m04:35:25
[2024-07-14T04:35:25.693+0000] {subprocess.py:94} INFO - [0m04:35:25  Done. PASS=1 WARN=0 ERROR=0 SKIP=0 TOTAL=1
[2024-07-14T04:35:28.437+0000] {subprocess.py:98} INFO - Command exited with return code 0
[2024-07-14T04:35:28.440+0000] {local.py:254} INFO - [0m04:35:25  Done. PASS=1 WARN=0 ERROR=0 SKIP=0 TOTAL=1
[2024-07-14T04:35:30.029+0000] {local.py:196} WARNING - Artifact schema version: https://schemas.getdbt.com/dbt/manifest/v12.json is above dbt-ol supported version 7. This might cause errors.
[2024-07-14T04:35:30.042+0000] {local.py:196} WARNING - Artifact schema version: https://schemas.getdbt.com/dbt/run-results/v6.json is above dbt-ol supported version 5. This might cause errors.
[2024-07-14T04:35:30.071+0000] {local.py:349} INFO - Inlets: [Dataset(uri='snowflake://OU00370.europe-west2.gcp/ELT_BATCH.PUBLIC.territories', extra=None)]
[2024-07-14T04:35:30.100+0000] {local.py:350} INFO - Outlets: [Dataset(uri='snowflake://OU00370.europe-west2.gcp/ELT_BATCH.raw.raw_territories', extra=None)]
[2024-07-14T04:35:30.102+0000] {dag.py:3096} INFO - Sync 1 DAGs
[2024-07-14T04:35:30.716+0000] {taskinstance.py:441} INFO - ::group::Post task execution logs
[2024-07-14T04:35:30.957+0000] {taskinstance.py:1206} INFO - Marking task as SUCCESS. dag_id=ELT-PROJECT, task_id=transform.raw_territories.run, run_id=scheduled__2024-07-02T00:00:00+00:00, execution_date=20240702T000000, start_date=20240714T043424, end_date=20240714T043530
[2024-07-14T04:35:31.167+0000] {local_task_job_runner.py:240} INFO - Task exited with return code 0
[2024-07-14T04:35:31.233+0000] {local_task_job_runner.py:222} INFO - ::endgroup::
