[2024-07-14T04:15:32.762+0000] {local_task_job_runner.py:120} INFO - ::group::Pre task execution logs
[2024-07-14T04:15:32.840+0000] {taskinstance.py:2076} INFO - Dependencies all met for dep_context=non-requeueable deps ti=<TaskInstance: ELT-PROJECT.transform.dim_suppliers.run scheduled__2024-07-11T00:00:00+00:00 [queued]>
[2024-07-14T04:15:33.007+0000] {taskinstance.py:2076} INFO - Dependencies all met for dep_context=requeueable deps ti=<TaskInstance: ELT-PROJECT.transform.dim_suppliers.run scheduled__2024-07-11T00:00:00+00:00 [queued]>
[2024-07-14T04:15:33.008+0000] {taskinstance.py:2306} INFO - Starting attempt 1 of 2
[2024-07-14T04:15:33.113+0000] {taskinstance.py:2330} INFO - Executing <Task(DbtRunLocalOperator): transform.dim_suppliers.run> on 2024-07-11 00:00:00+00:00
[2024-07-14T04:15:33.160+0000] {standard_task_runner.py:90} INFO - Running: ['airflow', 'tasks', 'run', 'ELT-PROJECT', 'transform.dim_suppliers.run', 'scheduled__2024-07-11T00:00:00+00:00', '--job-id', '1210', '--raw', '--subdir', 'DAGS_FOLDER/elt.py', '--cfg-path', '/tmp/tmpbd4b6yyf']
[2024-07-14T04:15:33.171+0000] {standard_task_runner.py:91} INFO - Job 1210: Subtask transform.dim_suppliers.run
[2024-07-14T04:15:33.160+0000] {logging_mixin.py:188} WARNING - /home/airflow/.local/lib/python3.12/site-packages/airflow/task/task_runner/standard_task_runner.py:61 DeprecationWarning: This process (pid=15127) is multi-threaded, use of fork() may lead to deadlocks in the child.
[2024-07-14T04:15:33.182+0000] {standard_task_runner.py:63} INFO - Started process 15148 to run task
[2024-07-14T04:15:33.257+0000] {logging_mixin.py:188} WARNING - /home/airflow/.local/lib/python3.12/site-packages/airflow/settings.py:195 DeprecationWarning: The sql_alchemy_conn option in [core] has been moved to the sql_alchemy_conn option in [database] - the old setting has been used, but please update your config.
[2024-07-14T04:15:33.500+0000] {task_command.py:426} INFO - Running <TaskInstance: ELT-PROJECT.transform.dim_suppliers.run scheduled__2024-07-11T00:00:00+00:00 [running]> on host airflow-scheduler
[2024-07-14T04:15:34.042+0000] {taskinstance.py:2648} INFO - Exporting env vars: AIRFLOW_CTX_DAG_OWNER='Data-Ninja' AIRFLOW_CTX_DAG_ID='ELT-PROJECT' AIRFLOW_CTX_TASK_ID='transform.dim_suppliers.run' AIRFLOW_CTX_EXECUTION_DATE='2024-07-11T00:00:00+00:00' AIRFLOW_CTX_TRY_NUMBER='1' AIRFLOW_CTX_DAG_RUN_ID='scheduled__2024-07-11T00:00:00+00:00'
[2024-07-14T04:15:34.047+0000] {taskinstance.py:430} INFO - ::endgroup::
[2024-07-14T04:15:34.075+0000] {local.py:174} INFO - Could not import dbtRunner. Falling back to subprocess for invoking dbt.
[2024-07-14T04:15:34.079+0000] {local.py:292} INFO - Cloning project to writable temp directory /tmp/tmpk9ushrjc from /opt/airflow/dags/dbt/dbt_project
[2024-07-14T04:15:34.099+0000] {local.py:303} INFO - Partial parse is enabled and the latest partial parse file is /tmp/cosmos/ELT-PROJECT__transform/target/partial_parse.msgpack
[2024-07-14T04:15:34.311+0000] {base.py:84} INFO - Using connection ID 'snow_conn' for task execution.
[2024-07-14T04:15:34.315+0000] {crypto.py:82} WARNING - empty cryptography key - values will not be stored encrypted.
[2024-07-14T04:15:34.319+0000] {config.py:298} INFO - Profile caching is enable.
[2024-07-14T04:15:34.326+0000] {config.py:272} INFO - Profile found in cache using profile: /tmp/cosmos/profile/a0017dab0633177292578162811b91dcb9c56d6e54017e9660056cc364a762ad/profiles.yml.
[2024-07-14T04:15:34.329+0000] {local.py:247} INFO - Trying to run the command:
 ['/opt/airflow/dbt_venv/bin/dbt', 'deps', '--project-dir', '/tmp/tmpk9ushrjc', '--profiles-dir', '/tmp/cosmos/profile/a0017dab0633177292578162811b91dcb9c56d6e54017e9660056cc364a762ad', '--profile', 'dbt_project', '--target', 'dev']
From /tmp/tmpk9ushrjc
[2024-07-14T04:15:34.334+0000] {subprocess.py:60} INFO - Tmp dir root location: 
 /tmp
[2024-07-14T04:15:34.387+0000] {subprocess.py:73} INFO - Running command: ['/opt/airflow/dbt_venv/bin/dbt', 'deps', '--project-dir', '/tmp/tmpk9ushrjc', '--profiles-dir', '/tmp/cosmos/profile/a0017dab0633177292578162811b91dcb9c56d6e54017e9660056cc364a762ad', '--profile', 'dbt_project', '--target', 'dev']
[2024-07-14T04:15:34.497+0000] {subprocess.py:84} INFO - Command output:
[2024-07-14T04:15:51.266+0000] {subprocess.py:94} INFO - [0m04:15:51  Running with dbt=1.8.3
[2024-07-14T04:15:52.965+0000] {subprocess.py:94} INFO - [0m04:15:52  Updating lock file in file path: /tmp/tmpk9ushrjc/package-lock.yml
[2024-07-14T04:15:52.993+0000] {subprocess.py:94} INFO - [0m04:15:52  Installing dbt-labs/dbt_utils
[2024-07-14T04:15:53.918+0000] {subprocess.py:94} INFO - [0m04:15:53  Installed from version 0.8.6
[2024-07-14T04:15:53.934+0000] {subprocess.py:94} INFO - [0m04:15:53  Updated version available: 1.2.0
[2024-07-14T04:15:53.939+0000] {subprocess.py:94} INFO - [0m04:15:53
[2024-07-14T04:15:53.947+0000] {subprocess.py:94} INFO - [0m04:15:53  Updates available for packages: ['dbt-labs/dbt_utils']
[2024-07-14T04:15:53.949+0000] {subprocess.py:94} INFO - Update your versions in packages.yml, then run dbt deps
[2024-07-14T04:15:55.827+0000] {subprocess.py:98} INFO - Command exited with return code 0
[2024-07-14T04:15:55.830+0000] {local.py:254} INFO - Update your versions in packages.yml, then run dbt deps
[2024-07-14T04:15:55.841+0000] {local.py:247} INFO - Trying to run the command:
 ['/opt/airflow/dbt_venv/bin/dbt', 'run', '--models', 'dim_suppliers', '--project-dir', '/tmp/tmpk9ushrjc', '--profiles-dir', '/tmp/cosmos/profile/a0017dab0633177292578162811b91dcb9c56d6e54017e9660056cc364a762ad', '--profile', 'dbt_project', '--target', 'dev']
From /tmp/tmpk9ushrjc
[2024-07-14T04:15:55.844+0000] {subprocess.py:60} INFO - Tmp dir root location: 
 /tmp
[2024-07-14T04:15:55.846+0000] {subprocess.py:73} INFO - Running command: ['/opt/airflow/dbt_venv/bin/dbt', 'run', '--models', 'dim_suppliers', '--project-dir', '/tmp/tmpk9ushrjc', '--profiles-dir', '/tmp/cosmos/profile/a0017dab0633177292578162811b91dcb9c56d6e54017e9660056cc364a762ad', '--profile', 'dbt_project', '--target', 'dev']
[2024-07-14T04:15:55.944+0000] {subprocess.py:84} INFO - Command output:
[2024-07-14T04:16:12.890+0000] {subprocess.py:94} INFO - [0m04:16:12  Running with dbt=1.8.3
[2024-07-14T04:16:18.304+0000] {subprocess.py:94} INFO - [0m04:16:18  Registered adapter: snowflake=1.8.3
[2024-07-14T04:16:25.976+0000] {subprocess.py:94} INFO - [0m04:16:25  Found 20 models, 27 data tests, 11 sources, 684 macros
[2024-07-14T04:16:26.013+0000] {subprocess.py:94} INFO - [0m04:16:26
[2024-07-14T04:16:35.395+0000] {subprocess.py:94} INFO - [0m04:16:35  Concurrency: 1 threads (target='dev')
[2024-07-14T04:16:35.398+0000] {subprocess.py:94} INFO - [0m04:16:35
[2024-07-14T04:16:35.526+0000] {subprocess.py:94} INFO - [0m04:16:35  1 of 1 START sql table model dwh.dim_suppliers ................................. [RUN]
[2024-07-14T04:16:38.497+0000] {subprocess.py:94} INFO - [0m04:16:38  1 of 1 OK created sql table model dwh.dim_suppliers ............................ [[32mSUCCESS 1[0m in 2.96s]
[2024-07-14T04:16:38.519+0000] {subprocess.py:94} INFO - [0m04:16:38
[2024-07-14T04:16:38.521+0000] {subprocess.py:94} INFO - [0m04:16:38  Finished running 1 table model in 0 hours 0 minutes and 12.50 seconds (12.50s).
[2024-07-14T04:16:39.111+0000] {subprocess.py:94} INFO - [0m04:16:39
[2024-07-14T04:16:39.236+0000] {subprocess.py:94} INFO - [0m04:16:39  [32mCompleted successfully[0m
[2024-07-14T04:16:39.305+0000] {subprocess.py:94} INFO - [0m04:16:39
[2024-07-14T04:16:39.352+0000] {subprocess.py:94} INFO - [0m04:16:39  Done. PASS=1 WARN=0 ERROR=0 SKIP=0 TOTAL=1
[2024-07-14T04:16:41.752+0000] {subprocess.py:98} INFO - Command exited with return code 0
[2024-07-14T04:16:41.766+0000] {local.py:254} INFO - [0m04:16:39  Done. PASS=1 WARN=0 ERROR=0 SKIP=0 TOTAL=1
[2024-07-14T04:16:43.546+0000] {local.py:196} WARNING - Artifact schema version: https://schemas.getdbt.com/dbt/manifest/v12.json is above dbt-ol supported version 7. This might cause errors.
[2024-07-14T04:16:43.593+0000] {local.py:196} WARNING - Artifact schema version: https://schemas.getdbt.com/dbt/run-results/v6.json is above dbt-ol supported version 5. This might cause errors.
[2024-07-14T04:16:43.630+0000] {local.py:349} INFO - Inlets: [Dataset(uri='snowflake://OU00370.europe-west2.gcp/ELT_BATCH.raw.raw_suppliers', extra=None)]
[2024-07-14T04:16:43.666+0000] {local.py:350} INFO - Outlets: [Dataset(uri='snowflake://OU00370.europe-west2.gcp/ELT_BATCH.dwh.dim_suppliers', extra=None)]
[2024-07-14T04:16:43.674+0000] {dag.py:3096} INFO - Sync 1 DAGs
[2024-07-14T04:16:44.162+0000] {taskinstance.py:441} INFO - ::group::Post task execution logs
[2024-07-14T04:16:44.426+0000] {taskinstance.py:1206} INFO - Marking task as SUCCESS. dag_id=ELT-PROJECT, task_id=transform.dim_suppliers.run, run_id=scheduled__2024-07-11T00:00:00+00:00, execution_date=20240711T000000, start_date=20240714T041532, end_date=20240714T041644
[2024-07-14T04:16:44.568+0000] {local_task_job_runner.py:240} INFO - Task exited with return code 0
[2024-07-14T04:16:44.655+0000] {local_task_job_runner.py:222} INFO - ::endgroup::
