[2024-07-14T04:23:27.136+0000] {local_task_job_runner.py:120} INFO - ::group::Pre task execution logs
[2024-07-14T04:23:27.254+0000] {taskinstance.py:2076} INFO - Dependencies all met for dep_context=non-requeueable deps ti=<TaskInstance: ELT-PROJECT.transform.fact_orders.run scheduled__2024-07-01T00:00:00+00:00 [queued]>
[2024-07-14T04:23:27.299+0000] {taskinstance.py:2076} INFO - Dependencies all met for dep_context=requeueable deps ti=<TaskInstance: ELT-PROJECT.transform.fact_orders.run scheduled__2024-07-01T00:00:00+00:00 [queued]>
[2024-07-14T04:23:27.300+0000] {taskinstance.py:2306} INFO - Starting attempt 1 of 2
[2024-07-14T04:23:28.560+0000] {taskinstance.py:2330} INFO - Executing <Task(DbtRunLocalOperator): transform.fact_orders.run> on 2024-07-01 00:00:00+00:00
[2024-07-14T04:23:28.598+0000] {logging_mixin.py:188} WARNING - /home/airflow/.local/lib/python3.12/site-packages/airflow/task/task_runner/standard_task_runner.py:61 DeprecationWarning: This process (pid=16722) is multi-threaded, use of fork() may lead to deadlocks in the child.
[2024-07-14T04:23:28.604+0000] {standard_task_runner.py:90} INFO - Running: ['airflow', 'tasks', 'run', 'ELT-PROJECT', 'transform.fact_orders.run', 'scheduled__2024-07-01T00:00:00+00:00', '--job-id', '1310', '--raw', '--subdir', 'DAGS_FOLDER/elt.py', '--cfg-path', '/tmp/tmp_i08m8f9']
[2024-07-14T04:23:28.623+0000] {standard_task_runner.py:63} INFO - Started process 16752 to run task
[2024-07-14T04:23:28.623+0000] {standard_task_runner.py:91} INFO - Job 1310: Subtask transform.fact_orders.run
[2024-07-14T04:23:28.742+0000] {logging_mixin.py:188} WARNING - /home/airflow/.local/lib/python3.12/site-packages/airflow/settings.py:195 DeprecationWarning: The sql_alchemy_conn option in [core] has been moved to the sql_alchemy_conn option in [database] - the old setting has been used, but please update your config.
[2024-07-14T04:23:28.961+0000] {task_command.py:426} INFO - Running <TaskInstance: ELT-PROJECT.transform.fact_orders.run scheduled__2024-07-01T00:00:00+00:00 [running]> on host airflow-scheduler
[2024-07-14T04:23:29.519+0000] {taskinstance.py:2648} INFO - Exporting env vars: AIRFLOW_CTX_DAG_OWNER='Data-Ninja' AIRFLOW_CTX_DAG_ID='ELT-PROJECT' AIRFLOW_CTX_TASK_ID='transform.fact_orders.run' AIRFLOW_CTX_EXECUTION_DATE='2024-07-01T00:00:00+00:00' AIRFLOW_CTX_TRY_NUMBER='1' AIRFLOW_CTX_DAG_RUN_ID='scheduled__2024-07-01T00:00:00+00:00'
[2024-07-14T04:23:29.551+0000] {taskinstance.py:430} INFO - ::endgroup::
[2024-07-14T04:23:29.558+0000] {local.py:174} INFO - Could not import dbtRunner. Falling back to subprocess for invoking dbt.
[2024-07-14T04:23:29.563+0000] {local.py:292} INFO - Cloning project to writable temp directory /tmp/tmp6xw3bzyu from /opt/airflow/dags/dbt/dbt_project
[2024-07-14T04:23:29.590+0000] {local.py:303} INFO - Partial parse is enabled and the latest partial parse file is /tmp/cosmos/ELT-PROJECT__transform/target/partial_parse.msgpack
[2024-07-14T04:23:29.749+0000] {base.py:84} INFO - Using connection ID 'snow_conn' for task execution.
[2024-07-14T04:23:29.759+0000] {crypto.py:82} WARNING - empty cryptography key - values will not be stored encrypted.
[2024-07-14T04:23:29.761+0000] {config.py:298} INFO - Profile caching is enable.
[2024-07-14T04:23:29.768+0000] {config.py:272} INFO - Profile found in cache using profile: /tmp/cosmos/profile/a0017dab0633177292578162811b91dcb9c56d6e54017e9660056cc364a762ad/profiles.yml.
[2024-07-14T04:23:29.772+0000] {local.py:247} INFO - Trying to run the command:
 ['/opt/airflow/dbt_venv/bin/dbt', 'deps', '--project-dir', '/tmp/tmp6xw3bzyu', '--profiles-dir', '/tmp/cosmos/profile/a0017dab0633177292578162811b91dcb9c56d6e54017e9660056cc364a762ad', '--profile', 'dbt_project', '--target', 'dev']
From /tmp/tmp6xw3bzyu
[2024-07-14T04:23:29.778+0000] {subprocess.py:60} INFO - Tmp dir root location: 
 /tmp
[2024-07-14T04:23:29.784+0000] {subprocess.py:73} INFO - Running command: ['/opt/airflow/dbt_venv/bin/dbt', 'deps', '--project-dir', '/tmp/tmp6xw3bzyu', '--profiles-dir', '/tmp/cosmos/profile/a0017dab0633177292578162811b91dcb9c56d6e54017e9660056cc364a762ad', '--profile', 'dbt_project', '--target', 'dev']
[2024-07-14T04:23:29.891+0000] {subprocess.py:84} INFO - Command output:
[2024-07-14T04:23:45.284+0000] {subprocess.py:94} INFO - [0m04:23:45  Running with dbt=1.8.3
[2024-07-14T04:23:48.449+0000] {subprocess.py:94} INFO - [0m04:23:48  Updating lock file in file path: /tmp/tmp6xw3bzyu/package-lock.yml
[2024-07-14T04:23:48.534+0000] {subprocess.py:94} INFO - [0m04:23:48  Installing dbt-labs/dbt_utils
[2024-07-14T04:23:49.603+0000] {subprocess.py:94} INFO - [0m04:23:49  Installed from version 0.8.6
[2024-07-14T04:23:49.617+0000] {subprocess.py:94} INFO - [0m04:23:49  Updated version available: 1.2.0
[2024-07-14T04:23:49.637+0000] {subprocess.py:94} INFO - [0m04:23:49
[2024-07-14T04:23:49.647+0000] {subprocess.py:94} INFO - [0m04:23:49  Updates available for packages: ['dbt-labs/dbt_utils']
[2024-07-14T04:23:49.651+0000] {subprocess.py:94} INFO - Update your versions in packages.yml, then run dbt deps
[2024-07-14T04:23:51.828+0000] {subprocess.py:98} INFO - Command exited with return code 0
[2024-07-14T04:23:51.831+0000] {local.py:254} INFO - Update your versions in packages.yml, then run dbt deps
[2024-07-14T04:23:51.834+0000] {local.py:247} INFO - Trying to run the command:
 ['/opt/airflow/dbt_venv/bin/dbt', 'run', '--models', 'fact_orders', '--project-dir', '/tmp/tmp6xw3bzyu', '--profiles-dir', '/tmp/cosmos/profile/a0017dab0633177292578162811b91dcb9c56d6e54017e9660056cc364a762ad', '--profile', 'dbt_project', '--target', 'dev']
From /tmp/tmp6xw3bzyu
[2024-07-14T04:23:51.840+0000] {subprocess.py:60} INFO - Tmp dir root location: 
 /tmp
[2024-07-14T04:23:51.855+0000] {subprocess.py:73} INFO - Running command: ['/opt/airflow/dbt_venv/bin/dbt', 'run', '--models', 'fact_orders', '--project-dir', '/tmp/tmp6xw3bzyu', '--profiles-dir', '/tmp/cosmos/profile/a0017dab0633177292578162811b91dcb9c56d6e54017e9660056cc364a762ad', '--profile', 'dbt_project', '--target', 'dev']
[2024-07-14T04:23:51.925+0000] {subprocess.py:84} INFO - Command output:
[2024-07-14T04:24:03.638+0000] {subprocess.py:94} INFO - [0m04:24:03  Running with dbt=1.8.3
[2024-07-14T04:24:09.251+0000] {subprocess.py:94} INFO - [0m04:24:09  Registered adapter: snowflake=1.8.3
[2024-07-14T04:24:12.894+0000] {subprocess.py:94} INFO - [0m04:24:12  Found 20 models, 27 data tests, 11 sources, 684 macros
[2024-07-14T04:24:12.908+0000] {subprocess.py:94} INFO - [0m04:24:12
[2024-07-14T04:24:22.255+0000] {subprocess.py:94} INFO - [0m04:24:22  Concurrency: 1 threads (target='dev')
[2024-07-14T04:24:22.261+0000] {subprocess.py:94} INFO - [0m04:24:22
[2024-07-14T04:24:22.481+0000] {subprocess.py:94} INFO - [0m04:24:22  1 of 1 START sql table model dwh.fact_orders ................................... [RUN]
[2024-07-14T04:24:25.655+0000] {subprocess.py:94} INFO - [0m04:24:25  1 of 1 OK created sql table model dwh.fact_orders .............................. [[32mSUCCESS 1[0m in 3.16s]
[2024-07-14T04:24:25.668+0000] {subprocess.py:94} INFO - [0m04:24:25
[2024-07-14T04:24:25.671+0000] {subprocess.py:94} INFO - [0m04:24:25  Finished running 1 table model in 0 hours 0 minutes and 12.75 seconds (12.75s).
[2024-07-14T04:24:26.600+0000] {subprocess.py:94} INFO - [0m04:24:26
[2024-07-14T04:24:26.603+0000] {subprocess.py:94} INFO - [0m04:24:26  [32mCompleted successfully[0m
[2024-07-14T04:24:26.607+0000] {subprocess.py:94} INFO - [0m04:24:26
[2024-07-14T04:24:26.611+0000] {subprocess.py:94} INFO - [0m04:24:26  Done. PASS=1 WARN=0 ERROR=0 SKIP=0 TOTAL=1
[2024-07-14T04:24:29.280+0000] {subprocess.py:98} INFO - Command exited with return code 0
[2024-07-14T04:24:29.283+0000] {local.py:254} INFO - [0m04:24:26  Done. PASS=1 WARN=0 ERROR=0 SKIP=0 TOTAL=1
[2024-07-14T04:24:30.183+0000] {local.py:196} WARNING - Artifact schema version: https://schemas.getdbt.com/dbt/manifest/v12.json is above dbt-ol supported version 7. This might cause errors.
[2024-07-14T04:24:30.188+0000] {local.py:196} WARNING - Artifact schema version: https://schemas.getdbt.com/dbt/run-results/v6.json is above dbt-ol supported version 5. This might cause errors.
[2024-07-14T04:24:30.224+0000] {local.py:349} INFO - Inlets: [Dataset(uri='snowflake://OU00370.europe-west2.gcp/ELT_BATCH.dwh.dim_employees', extra=None), Dataset(uri='snowflake://OU00370.europe-west2.gcp/ELT_BATCH.raw.raw_orders', extra=None)]
[2024-07-14T04:24:30.244+0000] {local.py:350} INFO - Outlets: [Dataset(uri='snowflake://OU00370.europe-west2.gcp/ELT_BATCH.dwh.fact_orders', extra=None)]
[2024-07-14T04:24:30.246+0000] {dag.py:3096} INFO - Sync 1 DAGs
[2024-07-14T04:24:30.647+0000] {taskinstance.py:441} INFO - ::group::Post task execution logs
[2024-07-14T04:24:30.929+0000] {taskinstance.py:1206} INFO - Marking task as SUCCESS. dag_id=ELT-PROJECT, task_id=transform.fact_orders.run, run_id=scheduled__2024-07-01T00:00:00+00:00, execution_date=20240701T000000, start_date=20240714T042327, end_date=20240714T042430
[2024-07-14T04:24:31.155+0000] {local_task_job_runner.py:240} INFO - Task exited with return code 0
[2024-07-14T04:24:31.430+0000] {taskinstance.py:3503} INFO - 1 downstream tasks scheduled from follow-on schedule check
[2024-07-14T04:24:31.450+0000] {local_task_job_runner.py:222} INFO - ::endgroup::
