[2024-07-14T04:46:40.669+0000] {local_task_job_runner.py:120} INFO - ::group::Pre task execution logs
[2024-07-14T04:46:40.897+0000] {taskinstance.py:2076} INFO - Dependencies all met for dep_context=non-requeueable deps ti=<TaskInstance: ELT-PROJECT.transform.best_employee_run scheduled__2024-07-06T00:00:00+00:00 [queued]>
[2024-07-14T04:46:40.995+0000] {taskinstance.py:2076} INFO - Dependencies all met for dep_context=requeueable deps ti=<TaskInstance: ELT-PROJECT.transform.best_employee_run scheduled__2024-07-06T00:00:00+00:00 [queued]>
[2024-07-14T04:46:40.996+0000] {taskinstance.py:2306} INFO - Starting attempt 1 of 2
[2024-07-14T04:46:41.260+0000] {taskinstance.py:2330} INFO - Executing <Task(DbtRunLocalOperator): transform.best_employee_run> on 2024-07-06 00:00:00+00:00
[2024-07-14T04:46:41.305+0000] {logging_mixin.py:188} WARNING - /home/airflow/.local/lib/python3.12/site-packages/airflow/task/task_runner/standard_task_runner.py:61 DeprecationWarning: This process (pid=21561) is multi-threaded, use of fork() may lead to deadlocks in the child.
[2024-07-14T04:46:41.313+0000] {standard_task_runner.py:63} INFO - Started process 21596 to run task
[2024-07-14T04:46:41.302+0000] {standard_task_runner.py:90} INFO - Running: ['airflow', 'tasks', 'run', 'ELT-PROJECT', 'transform.best_employee_run', 'scheduled__2024-07-06T00:00:00+00:00', '--job-id', '1613', '--raw', '--subdir', 'DAGS_FOLDER/elt.py', '--cfg-path', '/tmp/tmp9a_6z9oi']
[2024-07-14T04:46:41.319+0000] {standard_task_runner.py:91} INFO - Job 1613: Subtask transform.best_employee_run
[2024-07-14T04:46:41.453+0000] {logging_mixin.py:188} WARNING - /home/airflow/.local/lib/python3.12/site-packages/airflow/settings.py:195 DeprecationWarning: The sql_alchemy_conn option in [core] has been moved to the sql_alchemy_conn option in [database] - the old setting has been used, but please update your config.
[2024-07-14T04:46:41.767+0000] {task_command.py:426} INFO - Running <TaskInstance: ELT-PROJECT.transform.best_employee_run scheduled__2024-07-06T00:00:00+00:00 [running]> on host airflow-scheduler
[2024-07-14T04:46:42.533+0000] {taskinstance.py:2648} INFO - Exporting env vars: AIRFLOW_CTX_DAG_OWNER='Data-Ninja' AIRFLOW_CTX_DAG_ID='ELT-PROJECT' AIRFLOW_CTX_TASK_ID='transform.best_employee_run' AIRFLOW_CTX_EXECUTION_DATE='2024-07-06T00:00:00+00:00' AIRFLOW_CTX_TRY_NUMBER='1' AIRFLOW_CTX_DAG_RUN_ID='scheduled__2024-07-06T00:00:00+00:00'
[2024-07-14T04:46:42.543+0000] {taskinstance.py:430} INFO - ::endgroup::
[2024-07-14T04:46:42.567+0000] {local.py:174} INFO - Could not import dbtRunner. Falling back to subprocess for invoking dbt.
[2024-07-14T04:46:42.575+0000] {local.py:292} INFO - Cloning project to writable temp directory /tmp/tmpbh5xfi10 from /opt/airflow/dags/dbt/dbt_project
[2024-07-14T04:46:42.609+0000] {local.py:303} INFO - Partial parse is enabled and the latest partial parse file is /tmp/cosmos/ELT-PROJECT__transform/target/partial_parse.msgpack
[2024-07-14T04:46:42.761+0000] {base.py:84} INFO - Using connection ID 'snow_conn' for task execution.
[2024-07-14T04:46:42.764+0000] {crypto.py:82} WARNING - empty cryptography key - values will not be stored encrypted.
[2024-07-14T04:46:42.778+0000] {config.py:298} INFO - Profile caching is enable.
[2024-07-14T04:46:42.788+0000] {config.py:272} INFO - Profile found in cache using profile: /tmp/cosmos/profile/a0017dab0633177292578162811b91dcb9c56d6e54017e9660056cc364a762ad/profiles.yml.
[2024-07-14T04:46:42.824+0000] {local.py:247} INFO - Trying to run the command:
 ['/opt/airflow/dbt_venv/bin/dbt', 'deps', '--project-dir', '/tmp/tmpbh5xfi10', '--profiles-dir', '/tmp/cosmos/profile/a0017dab0633177292578162811b91dcb9c56d6e54017e9660056cc364a762ad', '--profile', 'dbt_project', '--target', 'dev']
From /tmp/tmpbh5xfi10
[2024-07-14T04:46:42.831+0000] {subprocess.py:60} INFO - Tmp dir root location: 
 /tmp
[2024-07-14T04:46:42.842+0000] {subprocess.py:73} INFO - Running command: ['/opt/airflow/dbt_venv/bin/dbt', 'deps', '--project-dir', '/tmp/tmpbh5xfi10', '--profiles-dir', '/tmp/cosmos/profile/a0017dab0633177292578162811b91dcb9c56d6e54017e9660056cc364a762ad', '--profile', 'dbt_project', '--target', 'dev']
[2024-07-14T04:46:42.946+0000] {subprocess.py:84} INFO - Command output:
[2024-07-14T04:46:58.147+0000] {subprocess.py:94} INFO - [0m04:46:58  Running with dbt=1.8.3
[2024-07-14T04:46:59.413+0000] {subprocess.py:94} INFO - [0m04:46:59  Updating lock file in file path: /tmp/tmpbh5xfi10/package-lock.yml
[2024-07-14T04:46:59.478+0000] {subprocess.py:94} INFO - [0m04:46:59  Installing dbt-labs/dbt_utils
[2024-07-14T04:47:00.292+0000] {subprocess.py:94} INFO - [0m04:47:00  Installed from version 0.8.6
[2024-07-14T04:47:00.307+0000] {subprocess.py:94} INFO - [0m04:47:00  Updated version available: 1.2.0
[2024-07-14T04:47:00.324+0000] {subprocess.py:94} INFO - [0m04:47:00
[2024-07-14T04:47:00.343+0000] {subprocess.py:94} INFO - [0m04:47:00  Updates available for packages: ['dbt-labs/dbt_utils']
[2024-07-14T04:47:00.348+0000] {subprocess.py:94} INFO - Update your versions in packages.yml, then run dbt deps
[2024-07-14T04:47:02.265+0000] {subprocess.py:98} INFO - Command exited with return code 0
[2024-07-14T04:47:02.266+0000] {local.py:254} INFO - Update your versions in packages.yml, then run dbt deps
[2024-07-14T04:47:02.268+0000] {local.py:247} INFO - Trying to run the command:
 ['/opt/airflow/dbt_venv/bin/dbt', 'run', '--models', 'best_employee', '--project-dir', '/tmp/tmpbh5xfi10', '--profiles-dir', '/tmp/cosmos/profile/a0017dab0633177292578162811b91dcb9c56d6e54017e9660056cc364a762ad', '--profile', 'dbt_project', '--target', 'dev']
From /tmp/tmpbh5xfi10
[2024-07-14T04:47:02.271+0000] {subprocess.py:60} INFO - Tmp dir root location: 
 /tmp
[2024-07-14T04:47:02.276+0000] {subprocess.py:73} INFO - Running command: ['/opt/airflow/dbt_venv/bin/dbt', 'run', '--models', 'best_employee', '--project-dir', '/tmp/tmpbh5xfi10', '--profiles-dir', '/tmp/cosmos/profile/a0017dab0633177292578162811b91dcb9c56d6e54017e9660056cc364a762ad', '--profile', 'dbt_project', '--target', 'dev']
[2024-07-14T04:47:02.343+0000] {subprocess.py:84} INFO - Command output:
[2024-07-14T04:47:18.184+0000] {subprocess.py:94} INFO - [0m04:47:18  Running with dbt=1.8.3
[2024-07-14T04:47:21.688+0000] {subprocess.py:94} INFO - [0m04:47:21  Registered adapter: snowflake=1.8.3
[2024-07-14T04:47:26.268+0000] {subprocess.py:94} INFO - [0m04:47:26  Found 20 models, 27 data tests, 11 sources, 684 macros
[2024-07-14T04:47:26.277+0000] {subprocess.py:94} INFO - [0m04:47:26
[2024-07-14T04:47:35.252+0000] {subprocess.py:94} INFO - [0m04:47:35  Concurrency: 1 threads (target='dev')
[2024-07-14T04:47:35.256+0000] {subprocess.py:94} INFO - [0m04:47:35
[2024-07-14T04:47:35.363+0000] {subprocess.py:94} INFO - [0m04:47:35  1 of 1 START sql table model dm.best_employee .................................. [RUN]
[2024-07-14T04:47:38.170+0000] {subprocess.py:94} INFO - [0m04:47:38  1 of 1 OK created sql table model dm.best_employee ............................. [[32mSUCCESS 1[0m in 2.80s]
[2024-07-14T04:47:38.196+0000] {subprocess.py:94} INFO - [0m04:47:38
[2024-07-14T04:47:38.200+0000] {subprocess.py:94} INFO - [0m04:47:38  Finished running 1 table model in 0 hours 0 minutes and 11.92 seconds (11.92s).
[2024-07-14T04:47:39.101+0000] {subprocess.py:94} INFO - [0m04:47:39
[2024-07-14T04:47:39.104+0000] {subprocess.py:94} INFO - [0m04:47:39  [32mCompleted successfully[0m
[2024-07-14T04:47:39.111+0000] {subprocess.py:94} INFO - [0m04:47:39
[2024-07-14T04:47:39.127+0000] {subprocess.py:94} INFO - [0m04:47:39  Done. PASS=1 WARN=0 ERROR=0 SKIP=0 TOTAL=1
[2024-07-14T04:47:42.975+0000] {subprocess.py:98} INFO - Command exited with return code 0
[2024-07-14T04:47:42.978+0000] {local.py:254} INFO - [0m04:47:39  Done. PASS=1 WARN=0 ERROR=0 SKIP=0 TOTAL=1
[2024-07-14T04:47:44.108+0000] {local.py:196} WARNING - Artifact schema version: https://schemas.getdbt.com/dbt/manifest/v12.json is above dbt-ol supported version 7. This might cause errors.
[2024-07-14T04:47:44.128+0000] {local.py:196} WARNING - Artifact schema version: https://schemas.getdbt.com/dbt/run-results/v6.json is above dbt-ol supported version 5. This might cause errors.
[2024-07-14T04:47:44.166+0000] {local.py:349} INFO - Inlets: [Dataset(uri='snowflake://OU00370.europe-west2.gcp/ELT_BATCH.dwh.dim_employees', extra=None), Dataset(uri='snowflake://OU00370.europe-west2.gcp/ELT_BATCH.dwh.fact_order_details', extra=None), Dataset(uri='snowflake://OU00370.europe-west2.gcp/ELT_BATCH.dwh.fact_orders', extra=None)]
[2024-07-14T04:47:44.194+0000] {local.py:350} INFO - Outlets: [Dataset(uri='snowflake://OU00370.europe-west2.gcp/ELT_BATCH.dm.best_employee', extra=None)]
[2024-07-14T04:47:44.200+0000] {dag.py:3096} INFO - Sync 1 DAGs
[2024-07-14T04:47:44.402+0000] {dag.py:3954} INFO - Setting next_dagrun for ELT-PROJECT to 2024-07-14 00:00:00+00:00, run_after=2024-07-15 00:00:00+00:00
[2024-07-14T04:47:44.737+0000] {taskinstance.py:441} INFO - ::group::Post task execution logs
[2024-07-14T04:47:45.055+0000] {taskinstance.py:1206} INFO - Marking task as SUCCESS. dag_id=ELT-PROJECT, task_id=transform.best_employee_run, run_id=scheduled__2024-07-06T00:00:00+00:00, execution_date=20240706T000000, start_date=20240714T044640, end_date=20240714T044745
[2024-07-14T04:47:45.546+0000] {local_task_job_runner.py:240} INFO - Task exited with return code 0
[2024-07-14T04:47:45.751+0000] {taskinstance.py:3503} INFO - 0 downstream tasks scheduled from follow-on schedule check
[2024-07-14T04:47:45.778+0000] {local_task_job_runner.py:222} INFO - ::endgroup::
