[2024-07-13T15:22:14.053+0000] {local_task_job_runner.py:120} INFO - ::group::Pre task execution logs
[2024-07-13T15:22:14.193+0000] {taskinstance.py:2076} INFO - Dependencies all met for dep_context=non-requeueable deps ti=<TaskInstance: ELT-PROJECT.transform.raw_suppliers.run manual__2024-07-13T15:21:44.430274+00:00 [queued]>
[2024-07-13T15:22:14.262+0000] {taskinstance.py:2076} INFO - Dependencies all met for dep_context=requeueable deps ti=<TaskInstance: ELT-PROJECT.transform.raw_suppliers.run manual__2024-07-13T15:21:44.430274+00:00 [queued]>
[2024-07-13T15:22:14.263+0000] {taskinstance.py:2306} INFO - Starting attempt 1 of 2
[2024-07-13T15:22:14.341+0000] {taskinstance.py:2330} INFO - Executing <Task(DbtRunLocalOperator): transform.raw_suppliers.run> on 2024-07-13 15:21:44.430274+00:00
[2024-07-13T15:22:14.368+0000] {logging_mixin.py:188} WARNING - /home/airflow/.local/lib/python3.12/site-packages/airflow/task/task_runner/standard_task_runner.py:61 DeprecationWarning: This process (pid=1216) is multi-threaded, use of fork() may lead to deadlocks in the child.
[2024-07-13T15:22:14.373+0000] {standard_task_runner.py:63} INFO - Started process 1245 to run task
[2024-07-13T15:22:14.365+0000] {standard_task_runner.py:90} INFO - Running: ['airflow', 'tasks', 'run', 'ELT-PROJECT', 'transform.raw_suppliers.run', 'manual__2024-07-13T15:21:44.430274+00:00', '--job-id', '424', '--raw', '--subdir', 'DAGS_FOLDER/elt.py', '--cfg-path', '/tmp/tmp9ln075xt']
[2024-07-13T15:22:14.380+0000] {standard_task_runner.py:91} INFO - Job 424: Subtask transform.raw_suppliers.run
[2024-07-13T15:22:14.443+0000] {logging_mixin.py:188} WARNING - /home/airflow/.local/lib/python3.12/site-packages/airflow/settings.py:195 DeprecationWarning: The sql_alchemy_conn option in [core] has been moved to the sql_alchemy_conn option in [database] - the old setting has been used, but please update your config.
[2024-07-13T15:22:14.625+0000] {task_command.py:426} INFO - Running <TaskInstance: ELT-PROJECT.transform.raw_suppliers.run manual__2024-07-13T15:21:44.430274+00:00 [running]> on host airflow-scheduler
[2024-07-13T15:22:15.085+0000] {taskinstance.py:2648} INFO - Exporting env vars: AIRFLOW_CTX_DAG_OWNER='Data-Ninja' AIRFLOW_CTX_DAG_ID='ELT-PROJECT' AIRFLOW_CTX_TASK_ID='transform.raw_suppliers.run' AIRFLOW_CTX_EXECUTION_DATE='2024-07-13T15:21:44.430274+00:00' AIRFLOW_CTX_TRY_NUMBER='1' AIRFLOW_CTX_DAG_RUN_ID='manual__2024-07-13T15:21:44.430274+00:00'
[2024-07-13T15:22:15.094+0000] {taskinstance.py:430} INFO - ::endgroup::
[2024-07-13T15:22:15.097+0000] {local.py:174} INFO - Could not import dbtRunner. Falling back to subprocess for invoking dbt.
[2024-07-13T15:22:15.100+0000] {local.py:292} INFO - Cloning project to writable temp directory /tmp/tmp5r678f2z from /opt/airflow/dags/dbt/dbt_project
[2024-07-13T15:22:15.113+0000] {local.py:303} INFO - Partial parse is enabled and the latest partial parse file is /tmp/cosmos/ELT-PROJECT__transform/target/partial_parse.msgpack
[2024-07-13T15:22:15.970+0000] {base.py:84} INFO - Using connection ID 'snow_conn' for task execution.
[2024-07-13T15:22:15.973+0000] {crypto.py:82} WARNING - empty cryptography key - values will not be stored encrypted.
[2024-07-13T15:22:15.975+0000] {config.py:298} INFO - Profile caching is enable.
[2024-07-13T15:22:15.980+0000] {config.py:272} INFO - Profile found in cache using profile: /tmp/cosmos/profile/a0017dab0633177292578162811b91dcb9c56d6e54017e9660056cc364a762ad/profiles.yml.
[2024-07-13T15:22:15.982+0000] {local.py:247} INFO - Trying to run the command:
 ['/opt/airflow/dbt_venv/bin/dbt', 'deps', '--project-dir', '/tmp/tmp5r678f2z', '--profiles-dir', '/tmp/cosmos/profile/a0017dab0633177292578162811b91dcb9c56d6e54017e9660056cc364a762ad', '--profile', 'dbt_project', '--target', 'dev']
From /tmp/tmp5r678f2z
[2024-07-13T15:22:15.988+0000] {subprocess.py:60} INFO - Tmp dir root location: 
 /tmp
[2024-07-13T15:22:15.993+0000] {subprocess.py:73} INFO - Running command: ['/opt/airflow/dbt_venv/bin/dbt', 'deps', '--project-dir', '/tmp/tmp5r678f2z', '--profiles-dir', '/tmp/cosmos/profile/a0017dab0633177292578162811b91dcb9c56d6e54017e9660056cc364a762ad', '--profile', 'dbt_project', '--target', 'dev']
[2024-07-13T15:22:16.083+0000] {subprocess.py:84} INFO - Command output:
[2024-07-13T15:22:25.444+0000] {subprocess.py:94} INFO - [0m15:22:25  Running with dbt=1.8.3
[2024-07-13T15:22:26.106+0000] {subprocess.py:94} INFO - [0m15:22:26  Updating lock file in file path: /tmp/tmp5r678f2z/package-lock.yml
[2024-07-13T15:22:26.118+0000] {subprocess.py:94} INFO - [0m15:22:26  Installing dbt-labs/dbt_utils
[2024-07-13T15:22:26.697+0000] {subprocess.py:94} INFO - [0m15:22:26  Installed from version 0.8.6
[2024-07-13T15:22:26.699+0000] {subprocess.py:94} INFO - [0m15:22:26  Updated version available: 1.2.0
[2024-07-13T15:22:26.701+0000] {subprocess.py:94} INFO - [0m15:22:26
[2024-07-13T15:22:26.702+0000] {subprocess.py:94} INFO - [0m15:22:26  Updates available for packages: ['dbt-labs/dbt_utils']
[2024-07-13T15:22:26.704+0000] {subprocess.py:94} INFO - Update your versions in packages.yml, then run dbt deps
[2024-07-13T15:22:28.392+0000] {subprocess.py:98} INFO - Command exited with return code 0
[2024-07-13T15:22:28.395+0000] {local.py:254} INFO - Update your versions in packages.yml, then run dbt deps
[2024-07-13T15:22:28.399+0000] {local.py:247} INFO - Trying to run the command:
 ['/opt/airflow/dbt_venv/bin/dbt', 'run', '--models', 'raw_suppliers', '--project-dir', '/tmp/tmp5r678f2z', '--profiles-dir', '/tmp/cosmos/profile/a0017dab0633177292578162811b91dcb9c56d6e54017e9660056cc364a762ad', '--profile', 'dbt_project', '--target', 'dev']
From /tmp/tmp5r678f2z
[2024-07-13T15:22:28.401+0000] {subprocess.py:60} INFO - Tmp dir root location: 
 /tmp
[2024-07-13T15:22:28.403+0000] {subprocess.py:73} INFO - Running command: ['/opt/airflow/dbt_venv/bin/dbt', 'run', '--models', 'raw_suppliers', '--project-dir', '/tmp/tmp5r678f2z', '--profiles-dir', '/tmp/cosmos/profile/a0017dab0633177292578162811b91dcb9c56d6e54017e9660056cc364a762ad', '--profile', 'dbt_project', '--target', 'dev']
[2024-07-13T15:22:28.468+0000] {subprocess.py:84} INFO - Command output:
[2024-07-13T15:22:36.713+0000] {subprocess.py:94} INFO - [0m15:22:36  Running with dbt=1.8.3
[2024-07-13T15:22:39.241+0000] {subprocess.py:94} INFO - [0m15:22:39  Registered adapter: snowflake=1.8.3
[2024-07-13T15:22:47.124+0000] {subprocess.py:94} INFO - [0m15:22:47  Found 20 models, 27 data tests, 11 sources, 684 macros
[2024-07-13T15:22:47.136+0000] {subprocess.py:94} INFO - [0m15:22:47
[2024-07-13T15:22:54.012+0000] {subprocess.py:94} INFO - [0m15:22:54  Concurrency: 1 threads (target='dev')
[2024-07-13T15:22:54.014+0000] {subprocess.py:94} INFO - [0m15:22:54
[2024-07-13T15:22:54.037+0000] {subprocess.py:94} INFO - [0m15:22:54  1 of 1 START sql table model raw.raw_suppliers ................................. [RUN]
[2024-07-13T15:22:56.331+0000] {subprocess.py:94} INFO - [0m15:22:56  1 of 1 OK created sql table model raw.raw_suppliers ............................ [[32mSUCCESS 1[0m in 2.28s]
[2024-07-13T15:22:56.337+0000] {subprocess.py:94} INFO - [0m15:22:56
[2024-07-13T15:22:56.338+0000] {subprocess.py:94} INFO - [0m15:22:56  Finished running 1 table model in 0 hours 0 minutes and 9.20 seconds (9.20s).
[2024-07-13T15:22:56.409+0000] {subprocess.py:94} INFO - [0m15:22:56
[2024-07-13T15:22:56.411+0000] {subprocess.py:94} INFO - [0m15:22:56  [32mCompleted successfully[0m
[2024-07-13T15:22:56.413+0000] {subprocess.py:94} INFO - [0m15:22:56
[2024-07-13T15:22:56.415+0000] {subprocess.py:94} INFO - [0m15:22:56  Done. PASS=1 WARN=0 ERROR=0 SKIP=0 TOTAL=1
[2024-07-13T15:22:58.396+0000] {subprocess.py:98} INFO - Command exited with return code 0
[2024-07-13T15:22:58.397+0000] {local.py:254} INFO - [0m15:22:56  Done. PASS=1 WARN=0 ERROR=0 SKIP=0 TOTAL=1
[2024-07-13T15:22:58.437+0000] {local.py:196} WARNING - Artifact schema version: https://schemas.getdbt.com/dbt/manifest/v12.json is above dbt-ol supported version 7. This might cause errors.
[2024-07-13T15:22:58.438+0000] {local.py:196} WARNING - Artifact schema version: https://schemas.getdbt.com/dbt/run-results/v6.json is above dbt-ol supported version 5. This might cause errors.
[2024-07-13T15:22:58.453+0000] {local.py:349} INFO - Inlets: [Dataset(uri='snowflake://OU00370.europe-west2.gcp/ELT_BATCH.PUBLIC.suppliers', extra=None)]
[2024-07-13T15:22:58.455+0000] {local.py:350} INFO - Outlets: [Dataset(uri='snowflake://OU00370.europe-west2.gcp/ELT_BATCH.raw.raw_suppliers', extra=None)]
[2024-07-13T15:22:58.458+0000] {dag.py:3096} INFO - Sync 1 DAGs
[2024-07-13T15:22:58.505+0000] {dag.py:3954} INFO - Setting next_dagrun for ELT-PROJECT to None, run_after=None
[2024-07-13T15:22:58.600+0000] {taskinstance.py:441} INFO - ::group::Post task execution logs
[2024-07-13T15:22:58.724+0000] {taskinstance.py:1206} INFO - Marking task as SUCCESS. dag_id=ELT-PROJECT, task_id=transform.raw_suppliers.run, run_id=manual__2024-07-13T15:21:44.430274+00:00, execution_date=20240713T152144, start_date=20240713T152214, end_date=20240713T152258
[2024-07-13T15:22:58.913+0000] {local_task_job_runner.py:240} INFO - Task exited with return code 0
[2024-07-13T15:22:59.061+0000] {taskinstance.py:3503} INFO - 1 downstream tasks scheduled from follow-on schedule check
[2024-07-13T15:22:59.068+0000] {local_task_job_runner.py:222} INFO - ::endgroup::
