[2024-07-14T04:45:14.362+0000] {local_task_job_runner.py:120} INFO - ::group::Pre task execution logs
[2024-07-14T04:45:14.550+0000] {taskinstance.py:2076} INFO - Dependencies all met for dep_context=non-requeueable deps ti=<TaskInstance: ELT-PROJECT.transform.best_employee_run scheduled__2024-07-05T00:00:00+00:00 [queued]>
[2024-07-14T04:45:14.716+0000] {taskinstance.py:2076} INFO - Dependencies all met for dep_context=requeueable deps ti=<TaskInstance: ELT-PROJECT.transform.best_employee_run scheduled__2024-07-05T00:00:00+00:00 [queued]>
[2024-07-14T04:45:14.748+0000] {taskinstance.py:2306} INFO - Starting attempt 1 of 2
[2024-07-14T04:45:14.921+0000] {taskinstance.py:2330} INFO - Executing <Task(DbtRunLocalOperator): transform.best_employee_run> on 2024-07-05 00:00:00+00:00
[2024-07-14T04:45:14.954+0000] {standard_task_runner.py:90} INFO - Running: ['airflow', 'tasks', 'run', 'ELT-PROJECT', 'transform.best_employee_run', 'scheduled__2024-07-05T00:00:00+00:00', '--job-id', '1593', '--raw', '--subdir', 'DAGS_FOLDER/elt.py', '--cfg-path', '/tmp/tmp08yyteae']
[2024-07-14T04:45:14.963+0000] {standard_task_runner.py:91} INFO - Job 1593: Subtask transform.best_employee_run
[2024-07-14T04:45:14.983+0000] {logging_mixin.py:188} WARNING - /home/airflow/.local/lib/python3.12/site-packages/airflow/task/task_runner/standard_task_runner.py:61 DeprecationWarning: This process (pid=21280) is multi-threaded, use of fork() may lead to deadlocks in the child.
[2024-07-14T04:45:14.985+0000] {standard_task_runner.py:63} INFO - Started process 21303 to run task
[2024-07-14T04:45:15.037+0000] {logging_mixin.py:188} WARNING - /home/airflow/.local/lib/python3.12/site-packages/airflow/settings.py:195 DeprecationWarning: The sql_alchemy_conn option in [core] has been moved to the sql_alchemy_conn option in [database] - the old setting has been used, but please update your config.
[2024-07-14T04:45:15.438+0000] {task_command.py:426} INFO - Running <TaskInstance: ELT-PROJECT.transform.best_employee_run scheduled__2024-07-05T00:00:00+00:00 [running]> on host airflow-scheduler
[2024-07-14T04:45:16.256+0000] {taskinstance.py:2648} INFO - Exporting env vars: AIRFLOW_CTX_DAG_OWNER='Data-Ninja' AIRFLOW_CTX_DAG_ID='ELT-PROJECT' AIRFLOW_CTX_TASK_ID='transform.best_employee_run' AIRFLOW_CTX_EXECUTION_DATE='2024-07-05T00:00:00+00:00' AIRFLOW_CTX_TRY_NUMBER='1' AIRFLOW_CTX_DAG_RUN_ID='scheduled__2024-07-05T00:00:00+00:00'
[2024-07-14T04:45:16.264+0000] {taskinstance.py:430} INFO - ::endgroup::
[2024-07-14T04:45:16.268+0000] {local.py:174} INFO - Could not import dbtRunner. Falling back to subprocess for invoking dbt.
[2024-07-14T04:45:16.289+0000] {local.py:292} INFO - Cloning project to writable temp directory /tmp/tmpjy34b_ex from /opt/airflow/dags/dbt/dbt_project
[2024-07-14T04:45:16.308+0000] {local.py:303} INFO - Partial parse is enabled and the latest partial parse file is /tmp/cosmos/ELT-PROJECT__transform/target/partial_parse.msgpack
[2024-07-14T04:45:16.752+0000] {base.py:84} INFO - Using connection ID 'snow_conn' for task execution.
[2024-07-14T04:45:16.773+0000] {crypto.py:82} WARNING - empty cryptography key - values will not be stored encrypted.
[2024-07-14T04:45:16.778+0000] {config.py:298} INFO - Profile caching is enable.
[2024-07-14T04:45:16.785+0000] {config.py:272} INFO - Profile found in cache using profile: /tmp/cosmos/profile/a0017dab0633177292578162811b91dcb9c56d6e54017e9660056cc364a762ad/profiles.yml.
[2024-07-14T04:45:16.788+0000] {local.py:247} INFO - Trying to run the command:
 ['/opt/airflow/dbt_venv/bin/dbt', 'deps', '--project-dir', '/tmp/tmpjy34b_ex', '--profiles-dir', '/tmp/cosmos/profile/a0017dab0633177292578162811b91dcb9c56d6e54017e9660056cc364a762ad', '--profile', 'dbt_project', '--target', 'dev']
From /tmp/tmpjy34b_ex
[2024-07-14T04:45:16.804+0000] {subprocess.py:60} INFO - Tmp dir root location: 
 /tmp
[2024-07-14T04:45:16.826+0000] {subprocess.py:73} INFO - Running command: ['/opt/airflow/dbt_venv/bin/dbt', 'deps', '--project-dir', '/tmp/tmpjy34b_ex', '--profiles-dir', '/tmp/cosmos/profile/a0017dab0633177292578162811b91dcb9c56d6e54017e9660056cc364a762ad', '--profile', 'dbt_project', '--target', 'dev']
[2024-07-14T04:45:16.993+0000] {subprocess.py:84} INFO - Command output:
[2024-07-14T04:45:36.351+0000] {subprocess.py:94} INFO - [0m04:45:36  Running with dbt=1.8.3
[2024-07-14T04:45:38.275+0000] {subprocess.py:94} INFO - [0m04:45:38  Updating lock file in file path: /tmp/tmpjy34b_ex/package-lock.yml
[2024-07-14T04:45:38.344+0000] {subprocess.py:94} INFO - [0m04:45:38  Installing dbt-labs/dbt_utils
[2024-07-14T04:45:39.356+0000] {subprocess.py:94} INFO - [0m04:45:39  Installed from version 0.8.6
[2024-07-14T04:45:39.379+0000] {subprocess.py:94} INFO - [0m04:45:39  Updated version available: 1.2.0
[2024-07-14T04:45:39.398+0000] {subprocess.py:94} INFO - [0m04:45:39
[2024-07-14T04:45:39.401+0000] {subprocess.py:94} INFO - [0m04:45:39  Updates available for packages: ['dbt-labs/dbt_utils']
[2024-07-14T04:45:39.403+0000] {subprocess.py:94} INFO - Update your versions in packages.yml, then run dbt deps
[2024-07-14T04:45:41.925+0000] {subprocess.py:98} INFO - Command exited with return code 0
[2024-07-14T04:45:41.928+0000] {local.py:254} INFO - Update your versions in packages.yml, then run dbt deps
[2024-07-14T04:45:41.931+0000] {local.py:247} INFO - Trying to run the command:
 ['/opt/airflow/dbt_venv/bin/dbt', 'run', '--models', 'best_employee', '--project-dir', '/tmp/tmpjy34b_ex', '--profiles-dir', '/tmp/cosmos/profile/a0017dab0633177292578162811b91dcb9c56d6e54017e9660056cc364a762ad', '--profile', 'dbt_project', '--target', 'dev']
From /tmp/tmpjy34b_ex
[2024-07-14T04:45:41.934+0000] {subprocess.py:60} INFO - Tmp dir root location: 
 /tmp
[2024-07-14T04:45:41.938+0000] {subprocess.py:73} INFO - Running command: ['/opt/airflow/dbt_venv/bin/dbt', 'run', '--models', 'best_employee', '--project-dir', '/tmp/tmpjy34b_ex', '--profiles-dir', '/tmp/cosmos/profile/a0017dab0633177292578162811b91dcb9c56d6e54017e9660056cc364a762ad', '--profile', 'dbt_project', '--target', 'dev']
[2024-07-14T04:45:42.007+0000] {subprocess.py:84} INFO - Command output:
[2024-07-14T04:45:59.797+0000] {subprocess.py:94} INFO - [0m04:45:59  Running with dbt=1.8.3
[2024-07-14T04:46:03.757+0000] {subprocess.py:94} INFO - [0m04:46:03  Registered adapter: snowflake=1.8.3
[2024-07-14T04:46:13.332+0000] {subprocess.py:94} INFO - [0m04:46:13  Found 20 models, 27 data tests, 11 sources, 684 macros
[2024-07-14T04:46:13.381+0000] {subprocess.py:94} INFO - [0m04:46:13
[2024-07-14T04:46:23.203+0000] {subprocess.py:94} INFO - [0m04:46:23  Concurrency: 1 threads (target='dev')
[2024-07-14T04:46:23.209+0000] {subprocess.py:94} INFO - [0m04:46:23
[2024-07-14T04:46:23.303+0000] {subprocess.py:94} INFO - [0m04:46:23  1 of 1 START sql table model dm.best_employee .................................. [RUN]
[2024-07-14T04:46:26.843+0000] {subprocess.py:94} INFO - [0m04:46:26  1 of 1 OK created sql table model dm.best_employee ............................. [[32mSUCCESS 1[0m in 3.51s]
[2024-07-14T04:46:26.875+0000] {subprocess.py:94} INFO - [0m04:46:26
[2024-07-14T04:46:26.881+0000] {subprocess.py:94} INFO - [0m04:46:26  Finished running 1 table model in 0 hours 0 minutes and 13.47 seconds (13.47s).
[2024-07-14T04:46:28.211+0000] {subprocess.py:94} INFO - [0m04:46:28
[2024-07-14T04:46:28.215+0000] {subprocess.py:94} INFO - [0m04:46:28  [32mCompleted successfully[0m
[2024-07-14T04:46:28.219+0000] {subprocess.py:94} INFO - [0m04:46:28
[2024-07-14T04:46:28.223+0000] {subprocess.py:94} INFO - [0m04:46:28  Done. PASS=1 WARN=0 ERROR=0 SKIP=0 TOTAL=1
[2024-07-14T04:46:30.383+0000] {subprocess.py:98} INFO - Command exited with return code 0
[2024-07-14T04:46:30.386+0000] {local.py:254} INFO - [0m04:46:28  Done. PASS=1 WARN=0 ERROR=0 SKIP=0 TOTAL=1
[2024-07-14T04:46:31.667+0000] {local.py:196} WARNING - Artifact schema version: https://schemas.getdbt.com/dbt/manifest/v12.json is above dbt-ol supported version 7. This might cause errors.
[2024-07-14T04:46:31.671+0000] {local.py:196} WARNING - Artifact schema version: https://schemas.getdbt.com/dbt/run-results/v6.json is above dbt-ol supported version 5. This might cause errors.
[2024-07-14T04:46:31.698+0000] {local.py:349} INFO - Inlets: [Dataset(uri='snowflake://OU00370.europe-west2.gcp/ELT_BATCH.dwh.dim_employees', extra=None), Dataset(uri='snowflake://OU00370.europe-west2.gcp/ELT_BATCH.dwh.fact_order_details', extra=None), Dataset(uri='snowflake://OU00370.europe-west2.gcp/ELT_BATCH.dwh.fact_orders', extra=None)]
[2024-07-14T04:46:31.701+0000] {local.py:350} INFO - Outlets: [Dataset(uri='snowflake://OU00370.europe-west2.gcp/ELT_BATCH.dm.best_employee', extra=None)]
[2024-07-14T04:46:31.706+0000] {dag.py:3096} INFO - Sync 1 DAGs
[2024-07-14T04:46:32.202+0000] {dag.py:3954} INFO - Setting next_dagrun for ELT-PROJECT to 2024-07-14 00:00:00+00:00, run_after=2024-07-15 00:00:00+00:00
[2024-07-14T04:46:32.498+0000] {taskinstance.py:441} INFO - ::group::Post task execution logs
[2024-07-14T04:46:32.789+0000] {taskinstance.py:1206} INFO - Marking task as SUCCESS. dag_id=ELT-PROJECT, task_id=transform.best_employee_run, run_id=scheduled__2024-07-05T00:00:00+00:00, execution_date=20240705T000000, start_date=20240714T044514, end_date=20240714T044632
[2024-07-14T04:46:33.106+0000] {local_task_job_runner.py:240} INFO - Task exited with return code 0
[2024-07-14T04:46:33.329+0000] {taskinstance.py:3503} INFO - 0 downstream tasks scheduled from follow-on schedule check
[2024-07-14T04:46:33.340+0000] {local_task_job_runner.py:222} INFO - ::endgroup::
