[2024-07-14T04:40:59.607+0000] {local_task_job_runner.py:120} INFO - ::group::Pre task execution logs
[2024-07-14T04:40:59.725+0000] {taskinstance.py:2076} INFO - Dependencies all met for dep_context=non-requeueable deps ti=<TaskInstance: ELT-PROJECT.transform.gross_revenue_run scheduled__2024-06-30T00:00:00+00:00 [queued]>
[2024-07-14T04:41:00.123+0000] {taskinstance.py:2076} INFO - Dependencies all met for dep_context=requeueable deps ti=<TaskInstance: ELT-PROJECT.transform.gross_revenue_run scheduled__2024-06-30T00:00:00+00:00 [queued]>
[2024-07-14T04:41:00.231+0000] {taskinstance.py:2306} INFO - Starting attempt 1 of 2
[2024-07-14T04:41:00.404+0000] {taskinstance.py:2330} INFO - Executing <Task(DbtRunLocalOperator): transform.gross_revenue_run> on 2024-06-30 00:00:00+00:00
[2024-07-14T04:41:00.458+0000] {logging_mixin.py:188} WARNING - /home/airflow/.local/lib/python3.12/site-packages/airflow/task/task_runner/standard_task_runner.py:61 DeprecationWarning: This process (pid=20444) is multi-threaded, use of fork() may lead to deadlocks in the child.
[2024-07-14T04:41:00.462+0000] {standard_task_runner.py:63} INFO - Started process 20482 to run task
[2024-07-14T04:41:00.486+0000] {standard_task_runner.py:90} INFO - Running: ['airflow', 'tasks', 'run', 'ELT-PROJECT', 'transform.gross_revenue_run', 'scheduled__2024-06-30T00:00:00+00:00', '--job-id', '1539', '--raw', '--subdir', 'DAGS_FOLDER/elt.py', '--cfg-path', '/tmp/tmpm7ykry28']
[2024-07-14T04:41:00.505+0000] {standard_task_runner.py:91} INFO - Job 1539: Subtask transform.gross_revenue_run
[2024-07-14T04:41:00.608+0000] {logging_mixin.py:188} WARNING - /home/airflow/.local/lib/python3.12/site-packages/airflow/settings.py:195 DeprecationWarning: The sql_alchemy_conn option in [core] has been moved to the sql_alchemy_conn option in [database] - the old setting has been used, but please update your config.
[2024-07-14T04:41:00.829+0000] {task_command.py:426} INFO - Running <TaskInstance: ELT-PROJECT.transform.gross_revenue_run scheduled__2024-06-30T00:00:00+00:00 [running]> on host airflow-scheduler
[2024-07-14T04:41:01.376+0000] {taskinstance.py:2648} INFO - Exporting env vars: AIRFLOW_CTX_DAG_OWNER='Data-Ninja' AIRFLOW_CTX_DAG_ID='ELT-PROJECT' AIRFLOW_CTX_TASK_ID='transform.gross_revenue_run' AIRFLOW_CTX_EXECUTION_DATE='2024-06-30T00:00:00+00:00' AIRFLOW_CTX_TRY_NUMBER='1' AIRFLOW_CTX_DAG_RUN_ID='scheduled__2024-06-30T00:00:00+00:00'
[2024-07-14T04:41:01.393+0000] {taskinstance.py:430} INFO - ::endgroup::
[2024-07-14T04:41:01.408+0000] {local.py:174} INFO - Could not import dbtRunner. Falling back to subprocess for invoking dbt.
[2024-07-14T04:41:01.412+0000] {local.py:292} INFO - Cloning project to writable temp directory /tmp/tmpc6dk_bs_ from /opt/airflow/dags/dbt/dbt_project
[2024-07-14T04:41:01.447+0000] {local.py:303} INFO - Partial parse is enabled and the latest partial parse file is /tmp/cosmos/ELT-PROJECT__transform/target/partial_parse.msgpack
[2024-07-14T04:41:02.222+0000] {base.py:84} INFO - Using connection ID 'snow_conn' for task execution.
[2024-07-14T04:41:02.224+0000] {crypto.py:82} WARNING - empty cryptography key - values will not be stored encrypted.
[2024-07-14T04:41:02.230+0000] {config.py:298} INFO - Profile caching is enable.
[2024-07-14T04:41:02.239+0000] {config.py:272} INFO - Profile found in cache using profile: /tmp/cosmos/profile/a0017dab0633177292578162811b91dcb9c56d6e54017e9660056cc364a762ad/profiles.yml.
[2024-07-14T04:41:02.255+0000] {local.py:247} INFO - Trying to run the command:
 ['/opt/airflow/dbt_venv/bin/dbt', 'deps', '--project-dir', '/tmp/tmpc6dk_bs_', '--profiles-dir', '/tmp/cosmos/profile/a0017dab0633177292578162811b91dcb9c56d6e54017e9660056cc364a762ad', '--profile', 'dbt_project', '--target', 'dev']
From /tmp/tmpc6dk_bs_
[2024-07-14T04:41:02.263+0000] {subprocess.py:60} INFO - Tmp dir root location: 
 /tmp
[2024-07-14T04:41:02.273+0000] {subprocess.py:73} INFO - Running command: ['/opt/airflow/dbt_venv/bin/dbt', 'deps', '--project-dir', '/tmp/tmpc6dk_bs_', '--profiles-dir', '/tmp/cosmos/profile/a0017dab0633177292578162811b91dcb9c56d6e54017e9660056cc364a762ad', '--profile', 'dbt_project', '--target', 'dev']
[2024-07-14T04:41:02.322+0000] {subprocess.py:84} INFO - Command output:
[2024-07-14T04:41:19.627+0000] {subprocess.py:94} INFO - [0m04:41:19  Running with dbt=1.8.3
[2024-07-14T04:41:21.283+0000] {subprocess.py:94} INFO - [0m04:41:21  Updating lock file in file path: /tmp/tmpc6dk_bs_/package-lock.yml
[2024-07-14T04:41:21.322+0000] {subprocess.py:94} INFO - [0m04:41:21  Installing dbt-labs/dbt_utils
[2024-07-14T04:41:22.078+0000] {subprocess.py:94} INFO - [0m04:41:22  Installed from version 0.8.6
[2024-07-14T04:41:22.089+0000] {subprocess.py:94} INFO - [0m04:41:22  Updated version available: 1.2.0
[2024-07-14T04:41:22.095+0000] {subprocess.py:94} INFO - [0m04:41:22
[2024-07-14T04:41:22.106+0000] {subprocess.py:94} INFO - [0m04:41:22  Updates available for packages: ['dbt-labs/dbt_utils']
[2024-07-14T04:41:22.109+0000] {subprocess.py:94} INFO - Update your versions in packages.yml, then run dbt deps
[2024-07-14T04:41:24.291+0000] {subprocess.py:98} INFO - Command exited with return code 0
[2024-07-14T04:41:24.293+0000] {local.py:254} INFO - Update your versions in packages.yml, then run dbt deps
[2024-07-14T04:41:24.295+0000] {local.py:247} INFO - Trying to run the command:
 ['/opt/airflow/dbt_venv/bin/dbt', 'run', '--models', 'gross_revenue', '--project-dir', '/tmp/tmpc6dk_bs_', '--profiles-dir', '/tmp/cosmos/profile/a0017dab0633177292578162811b91dcb9c56d6e54017e9660056cc364a762ad', '--profile', 'dbt_project', '--target', 'dev']
From /tmp/tmpc6dk_bs_
[2024-07-14T04:41:24.299+0000] {subprocess.py:60} INFO - Tmp dir root location: 
 /tmp
[2024-07-14T04:41:24.301+0000] {subprocess.py:73} INFO - Running command: ['/opt/airflow/dbt_venv/bin/dbt', 'run', '--models', 'gross_revenue', '--project-dir', '/tmp/tmpc6dk_bs_', '--profiles-dir', '/tmp/cosmos/profile/a0017dab0633177292578162811b91dcb9c56d6e54017e9660056cc364a762ad', '--profile', 'dbt_project', '--target', 'dev']
[2024-07-14T04:41:24.415+0000] {subprocess.py:84} INFO - Command output:
[2024-07-14T04:41:39.759+0000] {subprocess.py:94} INFO - [0m04:41:39  Running with dbt=1.8.3
[2024-07-14T04:41:44.583+0000] {subprocess.py:94} INFO - [0m04:41:44  Registered adapter: snowflake=1.8.3
[2024-07-14T04:41:49.079+0000] {subprocess.py:94} INFO - [0m04:41:49  Found 20 models, 27 data tests, 11 sources, 684 macros
[2024-07-14T04:41:49.105+0000] {subprocess.py:94} INFO - [0m04:41:49
[2024-07-14T04:41:58.139+0000] {subprocess.py:94} INFO - [0m04:41:58  Concurrency: 1 threads (target='dev')
[2024-07-14T04:41:58.144+0000] {subprocess.py:94} INFO - [0m04:41:58
[2024-07-14T04:41:58.224+0000] {subprocess.py:94} INFO - [0m04:41:58  1 of 1 START sql table model dm.gross_revenue .................................. [RUN]
[2024-07-14T04:42:01.664+0000] {subprocess.py:94} INFO - [0m04:42:01  1 of 1 OK created sql table model dm.gross_revenue ............................. [[32mSUCCESS 1[0m in 3.41s]
[2024-07-14T04:42:01.703+0000] {subprocess.py:94} INFO - [0m04:42:01
[2024-07-14T04:42:01.709+0000] {subprocess.py:94} INFO - [0m04:42:01  Finished running 1 table model in 0 hours 0 minutes and 12.57 seconds (12.57s).
[2024-07-14T04:42:02.106+0000] {subprocess.py:94} INFO - [0m04:42:02
[2024-07-14T04:42:02.110+0000] {subprocess.py:94} INFO - [0m04:42:02  [32mCompleted successfully[0m
[2024-07-14T04:42:02.113+0000] {subprocess.py:94} INFO - [0m04:42:02
[2024-07-14T04:42:02.127+0000] {subprocess.py:94} INFO - [0m04:42:02  Done. PASS=1 WARN=0 ERROR=0 SKIP=0 TOTAL=1
[2024-07-14T04:42:04.904+0000] {subprocess.py:98} INFO - Command exited with return code 0
[2024-07-14T04:42:04.907+0000] {local.py:254} INFO - [0m04:42:02  Done. PASS=1 WARN=0 ERROR=0 SKIP=0 TOTAL=1
[2024-07-14T04:42:04.973+0000] {local.py:196} WARNING - Artifact schema version: https://schemas.getdbt.com/dbt/manifest/v12.json is above dbt-ol supported version 7. This might cause errors.
[2024-07-14T04:42:04.975+0000] {local.py:196} WARNING - Artifact schema version: https://schemas.getdbt.com/dbt/run-results/v6.json is above dbt-ol supported version 5. This might cause errors.
[2024-07-14T04:42:05.004+0000] {local.py:349} INFO - Inlets: [Dataset(uri='snowflake://OU00370.europe-west2.gcp/ELT_BATCH.dwh.dim_products', extra=None), Dataset(uri='snowflake://OU00370.europe-west2.gcp/ELT_BATCH.dwh.dim_suppliers', extra=None), Dataset(uri='snowflake://OU00370.europe-west2.gcp/ELT_BATCH.dwh.fact_order_details', extra=None), Dataset(uri='snowflake://OU00370.europe-west2.gcp/ELT_BATCH.dwh.fact_orders', extra=None)]
[2024-07-14T04:42:05.007+0000] {local.py:350} INFO - Outlets: [Dataset(uri='snowflake://OU00370.europe-west2.gcp/ELT_BATCH.dm.gross_revenue', extra=None)]
[2024-07-14T04:42:05.010+0000] {dag.py:3096} INFO - Sync 1 DAGs
[2024-07-14T04:42:05.102+0000] {dag.py:3954} INFO - Setting next_dagrun for ELT-PROJECT to 2024-07-14 00:00:00+00:00, run_after=2024-07-15 00:00:00+00:00
[2024-07-14T04:42:05.241+0000] {taskinstance.py:441} INFO - ::group::Post task execution logs
[2024-07-14T04:42:05.408+0000] {taskinstance.py:1206} INFO - Marking task as SUCCESS. dag_id=ELT-PROJECT, task_id=transform.gross_revenue_run, run_id=scheduled__2024-06-30T00:00:00+00:00, execution_date=20240630T000000, start_date=20240714T044059, end_date=20240714T044205
[2024-07-14T04:42:05.702+0000] {local_task_job_runner.py:240} INFO - Task exited with return code 0
[2024-07-14T04:42:05.813+0000] {taskinstance.py:3503} INFO - 0 downstream tasks scheduled from follow-on schedule check
[2024-07-14T04:42:05.825+0000] {local_task_job_runner.py:222} INFO - ::endgroup::
