[2024-07-14T04:33:05.731+0000] {local_task_job_runner.py:120} INFO - ::group::Pre task execution logs
[2024-07-14T04:33:05.835+0000] {taskinstance.py:2076} INFO - Dependencies all met for dep_context=non-requeueable deps ti=<TaskInstance: ELT-PROJECT.transform.raw_regions.run scheduled__2024-06-27T00:00:00+00:00 [queued]>
[2024-07-14T04:33:05.926+0000] {taskinstance.py:2076} INFO - Dependencies all met for dep_context=requeueable deps ti=<TaskInstance: ELT-PROJECT.transform.raw_regions.run scheduled__2024-06-27T00:00:00+00:00 [queued]>
[2024-07-14T04:33:05.927+0000] {taskinstance.py:2306} INFO - Starting attempt 1 of 2
[2024-07-14T04:33:06.059+0000] {taskinstance.py:2330} INFO - Executing <Task(DbtRunLocalOperator): transform.raw_regions.run> on 2024-06-27 00:00:00+00:00
[2024-07-14T04:33:06.150+0000] {logging_mixin.py:188} WARNING - /home/airflow/.local/lib/python3.12/site-packages/airflow/task/task_runner/standard_task_runner.py:61 DeprecationWarning: This process (pid=18667) is multi-threaded, use of fork() may lead to deadlocks in the child.
[2024-07-14T04:33:06.182+0000] {standard_task_runner.py:63} INFO - Started process 18708 to run task
[2024-07-14T04:33:06.172+0000] {standard_task_runner.py:90} INFO - Running: ['airflow', 'tasks', 'run', 'ELT-PROJECT', 'transform.raw_regions.run', 'scheduled__2024-06-27T00:00:00+00:00', '--job-id', '1427', '--raw', '--subdir', 'DAGS_FOLDER/elt.py', '--cfg-path', '/tmp/tmp2zwn3mbf']
[2024-07-14T04:33:06.204+0000] {standard_task_runner.py:91} INFO - Job 1427: Subtask transform.raw_regions.run
[2024-07-14T04:33:06.302+0000] {logging_mixin.py:188} WARNING - /home/airflow/.local/lib/python3.12/site-packages/airflow/settings.py:195 DeprecationWarning: The sql_alchemy_conn option in [core] has been moved to the sql_alchemy_conn option in [database] - the old setting has been used, but please update your config.
[2024-07-14T04:33:06.558+0000] {task_command.py:426} INFO - Running <TaskInstance: ELT-PROJECT.transform.raw_regions.run scheduled__2024-06-27T00:00:00+00:00 [running]> on host airflow-scheduler
[2024-07-14T04:33:07.412+0000] {taskinstance.py:2648} INFO - Exporting env vars: AIRFLOW_CTX_DAG_OWNER='Data-Ninja' AIRFLOW_CTX_DAG_ID='ELT-PROJECT' AIRFLOW_CTX_TASK_ID='transform.raw_regions.run' AIRFLOW_CTX_EXECUTION_DATE='2024-06-27T00:00:00+00:00' AIRFLOW_CTX_TRY_NUMBER='1' AIRFLOW_CTX_DAG_RUN_ID='scheduled__2024-06-27T00:00:00+00:00'
[2024-07-14T04:33:07.416+0000] {taskinstance.py:430} INFO - ::endgroup::
[2024-07-14T04:33:07.421+0000] {local.py:174} INFO - Could not import dbtRunner. Falling back to subprocess for invoking dbt.
[2024-07-14T04:33:07.424+0000] {local.py:292} INFO - Cloning project to writable temp directory /tmp/tmp0m2_8685 from /opt/airflow/dags/dbt/dbt_project
[2024-07-14T04:33:07.452+0000] {local.py:303} INFO - Partial parse is enabled and the latest partial parse file is /tmp/cosmos/ELT-PROJECT__transform/target/partial_parse.msgpack
[2024-07-14T04:33:07.624+0000] {base.py:84} INFO - Using connection ID 'snow_conn' for task execution.
[2024-07-14T04:33:07.632+0000] {crypto.py:82} WARNING - empty cryptography key - values will not be stored encrypted.
[2024-07-14T04:33:07.633+0000] {config.py:298} INFO - Profile caching is enable.
[2024-07-14T04:33:07.638+0000] {config.py:272} INFO - Profile found in cache using profile: /tmp/cosmos/profile/a0017dab0633177292578162811b91dcb9c56d6e54017e9660056cc364a762ad/profiles.yml.
[2024-07-14T04:33:07.656+0000] {local.py:247} INFO - Trying to run the command:
 ['/opt/airflow/dbt_venv/bin/dbt', 'deps', '--project-dir', '/tmp/tmp0m2_8685', '--profiles-dir', '/tmp/cosmos/profile/a0017dab0633177292578162811b91dcb9c56d6e54017e9660056cc364a762ad', '--profile', 'dbt_project', '--target', 'dev']
From /tmp/tmp0m2_8685
[2024-07-14T04:33:07.659+0000] {subprocess.py:60} INFO - Tmp dir root location: 
 /tmp
[2024-07-14T04:33:07.662+0000] {subprocess.py:73} INFO - Running command: ['/opt/airflow/dbt_venv/bin/dbt', 'deps', '--project-dir', '/tmp/tmp0m2_8685', '--profiles-dir', '/tmp/cosmos/profile/a0017dab0633177292578162811b91dcb9c56d6e54017e9660056cc364a762ad', '--profile', 'dbt_project', '--target', 'dev']
[2024-07-14T04:33:07.745+0000] {subprocess.py:84} INFO - Command output:
[2024-07-14T04:33:24.632+0000] {subprocess.py:94} INFO - [0m04:33:24  Running with dbt=1.8.3
[2024-07-14T04:33:26.207+0000] {subprocess.py:94} INFO - [0m04:33:26  Updating lock file in file path: /tmp/tmp0m2_8685/package-lock.yml
[2024-07-14T04:33:26.245+0000] {subprocess.py:94} INFO - [0m04:33:26  Installing dbt-labs/dbt_utils
[2024-07-14T04:33:27.491+0000] {subprocess.py:94} INFO - [0m04:33:27  Installed from version 0.8.6
[2024-07-14T04:33:27.495+0000] {subprocess.py:94} INFO - [0m04:33:27  Updated version available: 1.2.0
[2024-07-14T04:33:27.519+0000] {subprocess.py:94} INFO - [0m04:33:27
[2024-07-14T04:33:27.523+0000] {subprocess.py:94} INFO - [0m04:33:27  Updates available for packages: ['dbt-labs/dbt_utils']
[2024-07-14T04:33:27.525+0000] {subprocess.py:94} INFO - Update your versions in packages.yml, then run dbt deps
[2024-07-14T04:33:29.942+0000] {subprocess.py:98} INFO - Command exited with return code 0
[2024-07-14T04:33:29.945+0000] {local.py:254} INFO - Update your versions in packages.yml, then run dbt deps
[2024-07-14T04:33:29.947+0000] {local.py:247} INFO - Trying to run the command:
 ['/opt/airflow/dbt_venv/bin/dbt', 'run', '--models', 'raw_regions', '--project-dir', '/tmp/tmp0m2_8685', '--profiles-dir', '/tmp/cosmos/profile/a0017dab0633177292578162811b91dcb9c56d6e54017e9660056cc364a762ad', '--profile', 'dbt_project', '--target', 'dev']
From /tmp/tmp0m2_8685
[2024-07-14T04:33:29.949+0000] {subprocess.py:60} INFO - Tmp dir root location: 
 /tmp
[2024-07-14T04:33:29.952+0000] {subprocess.py:73} INFO - Running command: ['/opt/airflow/dbt_venv/bin/dbt', 'run', '--models', 'raw_regions', '--project-dir', '/tmp/tmp0m2_8685', '--profiles-dir', '/tmp/cosmos/profile/a0017dab0633177292578162811b91dcb9c56d6e54017e9660056cc364a762ad', '--profile', 'dbt_project', '--target', 'dev']
[2024-07-14T04:33:30.018+0000] {subprocess.py:84} INFO - Command output:
[2024-07-14T04:33:47.238+0000] {subprocess.py:94} INFO - [0m04:33:47  Running with dbt=1.8.3
[2024-07-14T04:33:50.918+0000] {subprocess.py:94} INFO - [0m04:33:50  Registered adapter: snowflake=1.8.3
[2024-07-14T04:33:56.883+0000] {subprocess.py:94} INFO - [0m04:33:56  Found 20 models, 27 data tests, 11 sources, 684 macros
[2024-07-14T04:33:56.893+0000] {subprocess.py:94} INFO - [0m04:33:56
[2024-07-14T04:34:05.507+0000] {subprocess.py:94} INFO - [0m04:34:05  Concurrency: 1 threads (target='dev')
[2024-07-14T04:34:05.517+0000] {subprocess.py:94} INFO - [0m04:34:05
[2024-07-14T04:34:05.627+0000] {subprocess.py:94} INFO - [0m04:34:05  1 of 1 START sql table model raw.raw_regions ................................... [RUN]
[2024-07-14T04:34:08.925+0000] {subprocess.py:94} INFO - [0m04:34:08  1 of 1 OK created sql table model raw.raw_regions .............................. [[32mSUCCESS 1[0m in 3.29s]
[2024-07-14T04:34:08.973+0000] {subprocess.py:94} INFO - [0m04:34:08
[2024-07-14T04:34:08.977+0000] {subprocess.py:94} INFO - [0m04:34:08  Finished running 1 table model in 0 hours 0 minutes and 12.08 seconds (12.08s).
[2024-07-14T04:34:09.904+0000] {subprocess.py:94} INFO - [0m04:34:09
[2024-07-14T04:34:09.917+0000] {subprocess.py:94} INFO - [0m04:34:09  [32mCompleted successfully[0m
[2024-07-14T04:34:09.921+0000] {subprocess.py:94} INFO - [0m04:34:09
[2024-07-14T04:34:09.925+0000] {subprocess.py:94} INFO - [0m04:34:09  Done. PASS=1 WARN=0 ERROR=0 SKIP=0 TOTAL=1
[2024-07-14T04:34:12.988+0000] {subprocess.py:98} INFO - Command exited with return code 0
[2024-07-14T04:34:12.992+0000] {local.py:254} INFO - [0m04:34:09  Done. PASS=1 WARN=0 ERROR=0 SKIP=0 TOTAL=1
[2024-07-14T04:34:14.447+0000] {local.py:196} WARNING - Artifact schema version: https://schemas.getdbt.com/dbt/manifest/v12.json is above dbt-ol supported version 7. This might cause errors.
[2024-07-14T04:34:14.451+0000] {local.py:196} WARNING - Artifact schema version: https://schemas.getdbt.com/dbt/run-results/v6.json is above dbt-ol supported version 5. This might cause errors.
[2024-07-14T04:34:14.489+0000] {local.py:349} INFO - Inlets: [Dataset(uri='snowflake://OU00370.europe-west2.gcp/ELT_BATCH.PUBLIC.regions', extra=None)]
[2024-07-14T04:34:14.498+0000] {local.py:350} INFO - Outlets: [Dataset(uri='snowflake://OU00370.europe-west2.gcp/ELT_BATCH.raw.raw_regions', extra=None)]
[2024-07-14T04:34:14.501+0000] {dag.py:3096} INFO - Sync 1 DAGs
[2024-07-14T04:34:14.907+0000] {taskinstance.py:441} INFO - ::group::Post task execution logs
[2024-07-14T04:34:15.252+0000] {taskinstance.py:1206} INFO - Marking task as SUCCESS. dag_id=ELT-PROJECT, task_id=transform.raw_regions.run, run_id=scheduled__2024-06-27T00:00:00+00:00, execution_date=20240627T000000, start_date=20240714T043305, end_date=20240714T043415
[2024-07-14T04:34:16.066+0000] {local_task_job_runner.py:240} INFO - Task exited with return code 0
[2024-07-14T04:34:16.757+0000] {taskinstance.py:3503} INFO - 1 downstream tasks scheduled from follow-on schedule check
[2024-07-14T04:34:16.792+0000] {local_task_job_runner.py:222} INFO - ::endgroup::
