[2024-06-22T22:08:04.493+0000] {local_task_job_runner.py:120} INFO - ::group::Pre task execution logs
[2024-06-22T22:08:04.700+0000] {taskinstance.py:2076} INFO - Dependencies all met for dep_context=non-requeueable deps ti=<TaskInstance: ELT-PROJECT.load.load_order_details manual__2024-06-22T22:07:07.994851+00:00 [queued]>
[2024-06-22T22:08:04.745+0000] {taskinstance.py:2076} INFO - Dependencies all met for dep_context=requeueable deps ti=<TaskInstance: ELT-PROJECT.load.load_order_details manual__2024-06-22T22:07:07.994851+00:00 [queued]>
[2024-06-22T22:08:04.753+0000] {taskinstance.py:2306} INFO - Starting attempt 1 of 2
[2024-06-22T22:08:04.925+0000] {taskinstance.py:2330} INFO - Executing <Task(_PythonDecoratedOperator): load.load_order_details> on 2024-06-22 22:07:07.994851+00:00
[2024-06-22T22:08:04.984+0000] {logging_mixin.py:188} WARNING - /home/airflow/.local/lib/python3.12/site-packages/airflow/task/task_runner/standard_task_runner.py:61 DeprecationWarning: This process (pid=363) is multi-threaded, use of fork() may lead to deadlocks in the child.
[2024-06-22T22:08:04.987+0000] {standard_task_runner.py:63} INFO - Started process 388 to run task
[2024-06-22T22:08:04.987+0000] {standard_task_runner.py:90} INFO - Running: ['airflow', 'tasks', 'run', 'ELT-PROJECT', 'load.load_order_details', 'manual__2024-06-22T22:07:07.994851+00:00', '--job-id', '15', '--raw', '--subdir', 'DAGS_FOLDER/elt.py', '--cfg-path', '/tmp/tmpcavha1hk']
[2024-06-22T22:08:05.010+0000] {standard_task_runner.py:91} INFO - Job 15: Subtask load.load_order_details
[2024-06-22T22:08:05.172+0000] {logging_mixin.py:188} WARNING - /home/airflow/.local/lib/python3.12/site-packages/airflow/settings.py:195 DeprecationWarning: The sql_alchemy_conn option in [core] has been moved to the sql_alchemy_conn option in [database] - the old setting has been used, but please update your config.
[2024-06-22T22:08:05.497+0000] {task_command.py:426} INFO - Running <TaskInstance: ELT-PROJECT.load.load_order_details manual__2024-06-22T22:07:07.994851+00:00 [running]> on host airflow-scheduler
[2024-06-22T22:08:07.821+0000] {taskinstance.py:2648} INFO - Exporting env vars: AIRFLOW_CTX_DAG_OWNER='Data-Ninja' AIRFLOW_CTX_DAG_ID='ELT-PROJECT' AIRFLOW_CTX_TASK_ID='load.load_order_details' AIRFLOW_CTX_EXECUTION_DATE='2024-06-22T22:07:07.994851+00:00' AIRFLOW_CTX_TRY_NUMBER='1' AIRFLOW_CTX_DAG_RUN_ID='manual__2024-06-22T22:07:07.994851+00:00'
[2024-06-22T22:08:07.836+0000] {taskinstance.py:430} INFO - ::endgroup::
[2024-06-22T22:08:07.852+0000] {connection.py:399} INFO - Snowflake Connector for Python Version: 3.10.1, Python Version: 3.12.4, Platform: Linux-5.15.133.1-microsoft-standard-WSL2-x86_64-with-glibc2.36
[2024-06-22T22:08:07.860+0000] {connection.py:1249} INFO - THIS CONNECTION IS IN INSECURE MODE. IT MEANS THE CERTIFICATE WILL BE VALIDATED BUT THE CERTIFICATE REVOCATION STATUS WILL NOT BE CHECKED.
[2024-06-22T22:08:08.530+0000] {ssl_wrap_socket.py:100} INFO - THIS CONNECTION IS IN INSECURE MODE. IT MEANS THE CERTIFICATE WILL BE VALIDATED BUT THE CERTIFICATE REVOCATION STATUS WILL NOT BE CHECKED.
[2024-06-22T22:08:08.996+0000] {logging_mixin.py:188} INFO - Nama kolom di DataFrame: Index(['orderID', 'productID', 'unitPrice', 'quantity', 'discount'], dtype='object')
[2024-06-22T22:08:09.503+0000] {cursor.py:1149} INFO - Number of results in first chunk: 1
[2024-06-22T22:08:10.280+0000] {ssl_wrap_socket.py:100} INFO - THIS CONNECTION IS IN INSECURE MODE. IT MEANS THE CERTIFICATE WILL BE VALIDATED BUT THE CERTIFICATE REVOCATION STATUS WILL NOT BE CHECKED.
[2024-06-22T22:08:13.238+0000] {cursor.py:1149} INFO - Number of results in first chunk: 1
[2024-06-22T22:08:13.994+0000] {cursor.py:1149} INFO - Number of results in first chunk: 5
[2024-06-22T22:08:14.378+0000] {cursor.py:1149} INFO - Number of results in first chunk: 1
[2024-06-22T22:08:15.161+0000] {cursor.py:1149} INFO - Number of results in first chunk: 1
[2024-06-22T22:08:16.506+0000] {cursor.py:1149} INFO - Number of results in first chunk: 1
[2024-06-22T22:08:16.507+0000] {logging_mixin.py:188} INFO - Done order_details.
[2024-06-22T22:08:16.509+0000] {connection.py:762} INFO - closed
[2024-06-22T22:08:16.857+0000] {connection.py:768} INFO - No async queries seem to be running, deleting session
[2024-06-22T22:08:17.220+0000] {python.py:237} INFO - Done. Returned value was: None
[2024-06-22T22:08:17.239+0000] {taskinstance.py:441} INFO - ::group::Post task execution logs
[2024-06-22T22:08:17.298+0000] {taskinstance.py:1206} INFO - Marking task as SUCCESS. dag_id=ELT-PROJECT, task_id=load.load_order_details, run_id=manual__2024-06-22T22:07:07.994851+00:00, execution_date=20240622T220707, start_date=20240622T220804, end_date=20240622T220817
[2024-06-22T22:08:17.381+0000] {local_task_job_runner.py:240} INFO - Task exited with return code 0
[2024-06-22T22:08:17.502+0000] {taskinstance.py:3503} INFO - 0 downstream tasks scheduled from follow-on schedule check
[2024-06-22T22:08:17.506+0000] {local_task_job_runner.py:222} INFO - ::endgroup::
