[2024-07-14T04:40:46.439+0000] {local_task_job_runner.py:120} INFO - ::group::Pre task execution logs
[2024-07-14T04:40:46.516+0000] {taskinstance.py:2076} INFO - Dependencies all met for dep_context=non-requeueable deps ti=<TaskInstance: ELT-PROJECT.load.load_customers scheduled__2024-07-13T00:00:00+00:00 [queued]>
[2024-07-14T04:40:46.571+0000] {taskinstance.py:2076} INFO - Dependencies all met for dep_context=requeueable deps ti=<TaskInstance: ELT-PROJECT.load.load_customers scheduled__2024-07-13T00:00:00+00:00 [queued]>
[2024-07-14T04:40:46.573+0000] {taskinstance.py:2306} INFO - Starting attempt 1 of 2
[2024-07-14T04:40:46.643+0000] {taskinstance.py:2330} INFO - Executing <Task(_PythonDecoratedOperator): load.load_customers> on 2024-07-13 00:00:00+00:00
[2024-07-14T04:40:46.670+0000] {logging_mixin.py:188} WARNING - /home/airflow/.local/lib/python3.12/site-packages/airflow/task/task_runner/standard_task_runner.py:61 DeprecationWarning: This process (pid=20318) is multi-threaded, use of fork() may lead to deadlocks in the child.
[2024-07-14T04:40:46.674+0000] {standard_task_runner.py:63} INFO - Started process 20393 to run task
[2024-07-14T04:40:46.689+0000] {standard_task_runner.py:90} INFO - Running: ['airflow', 'tasks', 'run', 'ELT-PROJECT', 'load.load_customers', 'scheduled__2024-07-13T00:00:00+00:00', '--job-id', '1534', '--raw', '--subdir', 'DAGS_FOLDER/elt.py', '--cfg-path', '/tmp/tmpbdri1fm7']
[2024-07-14T04:40:46.702+0000] {standard_task_runner.py:91} INFO - Job 1534: Subtask load.load_customers
[2024-07-14T04:40:46.770+0000] {logging_mixin.py:188} WARNING - /home/airflow/.local/lib/python3.12/site-packages/airflow/settings.py:195 DeprecationWarning: The sql_alchemy_conn option in [core] has been moved to the sql_alchemy_conn option in [database] - the old setting has been used, but please update your config.
[2024-07-14T04:40:46.919+0000] {task_command.py:426} INFO - Running <TaskInstance: ELT-PROJECT.load.load_customers scheduled__2024-07-13T00:00:00+00:00 [running]> on host airflow-scheduler
[2024-07-14T04:40:47.961+0000] {taskinstance.py:2648} INFO - Exporting env vars: AIRFLOW_CTX_DAG_OWNER='Data-Ninja' AIRFLOW_CTX_DAG_ID='ELT-PROJECT' AIRFLOW_CTX_TASK_ID='load.load_customers' AIRFLOW_CTX_EXECUTION_DATE='2024-07-13T00:00:00+00:00' AIRFLOW_CTX_TRY_NUMBER='1' AIRFLOW_CTX_DAG_RUN_ID='scheduled__2024-07-13T00:00:00+00:00'
[2024-07-14T04:40:47.963+0000] {taskinstance.py:430} INFO - ::endgroup::
[2024-07-14T04:40:47.965+0000] {connection.py:399} INFO - Snowflake Connector for Python Version: 3.10.1, Python Version: 3.12.4, Platform: Linux-5.15.133.1-microsoft-standard-WSL2-x86_64-with-glibc2.36
[2024-07-14T04:40:47.967+0000] {connection.py:1249} INFO - THIS CONNECTION IS IN INSECURE MODE. IT MEANS THE CERTIFICATE WILL BE VALIDATED BUT THE CERTIFICATE REVOCATION STATUS WILL NOT BE CHECKED.
[2024-07-14T04:40:48.092+0000] {ssl_wrap_socket.py:100} INFO - THIS CONNECTION IS IN INSECURE MODE. IT MEANS THE CERTIFICATE WILL BE VALIDATED BUT THE CERTIFICATE REVOCATION STATUS WILL NOT BE CHECKED.
[2024-07-14T04:40:48.575+0000] {logging_mixin.py:188} INFO - Nama kolom di DataFrame: Index(['customerID', 'companyName', 'contactName', 'contactTitle', 'address',
       'city', 'region', 'postalCode', 'country', 'phone', 'fax'],
      dtype='object')
[2024-07-14T04:40:48.970+0000] {cursor.py:1149} INFO - Number of results in first chunk: 1
[2024-07-14T04:40:49.661+0000] {ssl_wrap_socket.py:100} INFO - THIS CONNECTION IS IN INSECURE MODE. IT MEANS THE CERTIFICATE WILL BE VALIDATED BUT THE CERTIFICATE REVOCATION STATUS WILL NOT BE CHECKED.
[2024-07-14T04:40:52.612+0000] {cursor.py:1149} INFO - Number of results in first chunk: 1
[2024-07-14T04:40:53.214+0000] {cursor.py:1149} INFO - Number of results in first chunk: 11
[2024-07-14T04:40:53.626+0000] {cursor.py:1149} INFO - Number of results in first chunk: 1
[2024-07-14T04:40:54.138+0000] {cursor.py:1149} INFO - Number of results in first chunk: 1
[2024-07-14T04:40:55.638+0000] {cursor.py:1149} INFO - Number of results in first chunk: 1
[2024-07-14T04:40:55.643+0000] {logging_mixin.py:188} INFO - Done customers.
[2024-07-14T04:40:55.646+0000] {connection.py:762} INFO - closed
[2024-07-14T04:40:56.019+0000] {connection.py:768} INFO - No async queries seem to be running, deleting session
[2024-07-14T04:40:56.370+0000] {python.py:237} INFO - Done. Returned value was: None
[2024-07-14T04:40:56.388+0000] {taskinstance.py:441} INFO - ::group::Post task execution logs
[2024-07-14T04:40:56.541+0000] {taskinstance.py:1206} INFO - Marking task as SUCCESS. dag_id=ELT-PROJECT, task_id=load.load_customers, run_id=scheduled__2024-07-13T00:00:00+00:00, execution_date=20240713T000000, start_date=20240714T044046, end_date=20240714T044056
[2024-07-14T04:40:56.745+0000] {local_task_job_runner.py:240} INFO - Task exited with return code 0
[2024-07-14T04:40:57.118+0000] {taskinstance.py:3503} INFO - 0 downstream tasks scheduled from follow-on schedule check
[2024-07-14T04:40:57.148+0000] {local_task_job_runner.py:222} INFO - ::endgroup::
