[2024-07-14T04:34:22.216+0000] {local_task_job_runner.py:120} INFO - ::group::Pre task execution logs
[2024-07-14T04:34:22.414+0000] {taskinstance.py:2076} INFO - Dependencies all met for dep_context=non-requeueable deps ti=<TaskInstance: ELT-PROJECT.transform.raw_regions.run scheduled__2024-07-01T00:00:00+00:00 [queued]>
[2024-07-14T04:34:22.534+0000] {taskinstance.py:2076} INFO - Dependencies all met for dep_context=requeueable deps ti=<TaskInstance: ELT-PROJECT.transform.raw_regions.run scheduled__2024-07-01T00:00:00+00:00 [queued]>
[2024-07-14T04:34:22.535+0000] {taskinstance.py:2306} INFO - Starting attempt 1 of 2
[2024-07-14T04:34:22.591+0000] {taskinstance.py:2330} INFO - Executing <Task(DbtRunLocalOperator): transform.raw_regions.run> on 2024-07-01 00:00:00+00:00
[2024-07-14T04:34:22.647+0000] {logging_mixin.py:188} WARNING - /home/airflow/.local/lib/python3.12/site-packages/airflow/task/task_runner/standard_task_runner.py:61 DeprecationWarning: This process (pid=18922) is multi-threaded, use of fork() may lead to deadlocks in the child.
[2024-07-14T04:34:22.659+0000] {standard_task_runner.py:63} INFO - Started process 18962 to run task
[2024-07-14T04:34:22.659+0000] {standard_task_runner.py:90} INFO - Running: ['airflow', 'tasks', 'run', 'ELT-PROJECT', 'transform.raw_regions.run', 'scheduled__2024-07-01T00:00:00+00:00', '--job-id', '1442', '--raw', '--subdir', 'DAGS_FOLDER/elt.py', '--cfg-path', '/tmp/tmp7khwv_1_']
[2024-07-14T04:34:22.666+0000] {standard_task_runner.py:91} INFO - Job 1442: Subtask transform.raw_regions.run
[2024-07-14T04:34:22.762+0000] {logging_mixin.py:188} WARNING - /home/airflow/.local/lib/python3.12/site-packages/airflow/settings.py:195 DeprecationWarning: The sql_alchemy_conn option in [core] has been moved to the sql_alchemy_conn option in [database] - the old setting has been used, but please update your config.
[2024-07-14T04:34:22.964+0000] {task_command.py:426} INFO - Running <TaskInstance: ELT-PROJECT.transform.raw_regions.run scheduled__2024-07-01T00:00:00+00:00 [running]> on host airflow-scheduler
[2024-07-14T04:34:23.410+0000] {taskinstance.py:2648} INFO - Exporting env vars: AIRFLOW_CTX_DAG_OWNER='Data-Ninja' AIRFLOW_CTX_DAG_ID='ELT-PROJECT' AIRFLOW_CTX_TASK_ID='transform.raw_regions.run' AIRFLOW_CTX_EXECUTION_DATE='2024-07-01T00:00:00+00:00' AIRFLOW_CTX_TRY_NUMBER='1' AIRFLOW_CTX_DAG_RUN_ID='scheduled__2024-07-01T00:00:00+00:00'
[2024-07-14T04:34:23.423+0000] {taskinstance.py:430} INFO - ::endgroup::
[2024-07-14T04:34:23.431+0000] {local.py:174} INFO - Could not import dbtRunner. Falling back to subprocess for invoking dbt.
[2024-07-14T04:34:23.434+0000] {local.py:292} INFO - Cloning project to writable temp directory /tmp/tmp6091f7cj from /opt/airflow/dags/dbt/dbt_project
[2024-07-14T04:34:23.462+0000] {local.py:303} INFO - Partial parse is enabled and the latest partial parse file is /tmp/cosmos/ELT-PROJECT__transform/target/partial_parse.msgpack
[2024-07-14T04:34:23.745+0000] {base.py:84} INFO - Using connection ID 'snow_conn' for task execution.
[2024-07-14T04:34:23.746+0000] {crypto.py:82} WARNING - empty cryptography key - values will not be stored encrypted.
[2024-07-14T04:34:23.748+0000] {config.py:298} INFO - Profile caching is enable.
[2024-07-14T04:34:23.761+0000] {config.py:272} INFO - Profile found in cache using profile: /tmp/cosmos/profile/a0017dab0633177292578162811b91dcb9c56d6e54017e9660056cc364a762ad/profiles.yml.
[2024-07-14T04:34:23.764+0000] {local.py:247} INFO - Trying to run the command:
 ['/opt/airflow/dbt_venv/bin/dbt', 'deps', '--project-dir', '/tmp/tmp6091f7cj', '--profiles-dir', '/tmp/cosmos/profile/a0017dab0633177292578162811b91dcb9c56d6e54017e9660056cc364a762ad', '--profile', 'dbt_project', '--target', 'dev']
From /tmp/tmp6091f7cj
[2024-07-14T04:34:23.766+0000] {subprocess.py:60} INFO - Tmp dir root location: 
 /tmp
[2024-07-14T04:34:23.772+0000] {subprocess.py:73} INFO - Running command: ['/opt/airflow/dbt_venv/bin/dbt', 'deps', '--project-dir', '/tmp/tmp6091f7cj', '--profiles-dir', '/tmp/cosmos/profile/a0017dab0633177292578162811b91dcb9c56d6e54017e9660056cc364a762ad', '--profile', 'dbt_project', '--target', 'dev']
[2024-07-14T04:34:23.898+0000] {subprocess.py:84} INFO - Command output:
[2024-07-14T04:34:37.634+0000] {subprocess.py:94} INFO - [0m04:34:37  Running with dbt=1.8.3
[2024-07-14T04:34:39.443+0000] {subprocess.py:94} INFO - [0m04:34:39  Updating lock file in file path: /tmp/tmp6091f7cj/package-lock.yml
[2024-07-14T04:34:39.481+0000] {subprocess.py:94} INFO - [0m04:34:39  Installing dbt-labs/dbt_utils
[2024-07-14T04:34:41.073+0000] {subprocess.py:94} INFO - [0m04:34:41  Installed from version 0.8.6
[2024-07-14T04:34:41.077+0000] {subprocess.py:94} INFO - [0m04:34:41  Updated version available: 1.2.0
[2024-07-14T04:34:41.101+0000] {subprocess.py:94} INFO - [0m04:34:41
[2024-07-14T04:34:41.112+0000] {subprocess.py:94} INFO - [0m04:34:41  Updates available for packages: ['dbt-labs/dbt_utils']
[2024-07-14T04:34:41.114+0000] {subprocess.py:94} INFO - Update your versions in packages.yml, then run dbt deps
[2024-07-14T04:34:45.471+0000] {subprocess.py:98} INFO - Command exited with return code 0
[2024-07-14T04:34:45.477+0000] {local.py:254} INFO - Update your versions in packages.yml, then run dbt deps
[2024-07-14T04:34:45.479+0000] {local.py:247} INFO - Trying to run the command:
 ['/opt/airflow/dbt_venv/bin/dbt', 'run', '--models', 'raw_regions', '--project-dir', '/tmp/tmp6091f7cj', '--profiles-dir', '/tmp/cosmos/profile/a0017dab0633177292578162811b91dcb9c56d6e54017e9660056cc364a762ad', '--profile', 'dbt_project', '--target', 'dev']
From /tmp/tmp6091f7cj
[2024-07-14T04:34:45.482+0000] {subprocess.py:60} INFO - Tmp dir root location: 
 /tmp
[2024-07-14T04:34:45.484+0000] {subprocess.py:73} INFO - Running command: ['/opt/airflow/dbt_venv/bin/dbt', 'run', '--models', 'raw_regions', '--project-dir', '/tmp/tmp6091f7cj', '--profiles-dir', '/tmp/cosmos/profile/a0017dab0633177292578162811b91dcb9c56d6e54017e9660056cc364a762ad', '--profile', 'dbt_project', '--target', 'dev']
[2024-07-14T04:34:45.588+0000] {subprocess.py:84} INFO - Command output:
[2024-07-14T04:35:01.872+0000] {subprocess.py:94} INFO - [0m04:35:01  Running with dbt=1.8.3
[2024-07-14T04:35:07.154+0000] {subprocess.py:94} INFO - [0m04:35:07  Registered adapter: snowflake=1.8.3
[2024-07-14T04:35:13.434+0000] {subprocess.py:94} INFO - [0m04:35:13  Found 20 models, 27 data tests, 11 sources, 684 macros
[2024-07-14T04:35:13.457+0000] {subprocess.py:94} INFO - [0m04:35:13
[2024-07-14T04:35:21.701+0000] {subprocess.py:94} INFO - [0m04:35:21  Concurrency: 1 threads (target='dev')
[2024-07-14T04:35:21.717+0000] {subprocess.py:94} INFO - [0m04:35:21
[2024-07-14T04:35:21.872+0000] {subprocess.py:94} INFO - [0m04:35:21  1 of 1 START sql table model raw.raw_regions ................................... [RUN]
[2024-07-14T04:35:25.148+0000] {subprocess.py:94} INFO - [0m04:35:25  1 of 1 OK created sql table model raw.raw_regions .............................. [[32mSUCCESS 1[0m in 3.24s]
[2024-07-14T04:35:25.172+0000] {subprocess.py:94} INFO - [0m04:35:25
[2024-07-14T04:35:25.208+0000] {subprocess.py:94} INFO - [0m04:35:25  Finished running 1 table model in 0 hours 0 minutes and 11.69 seconds (11.69s).
[2024-07-14T04:35:25.969+0000] {subprocess.py:94} INFO - [0m04:35:25
[2024-07-14T04:35:25.989+0000] {subprocess.py:94} INFO - [0m04:35:25  [32mCompleted successfully[0m
[2024-07-14T04:35:26.008+0000] {subprocess.py:94} INFO - [0m04:35:26
[2024-07-14T04:35:26.016+0000] {subprocess.py:94} INFO - [0m04:35:26  Done. PASS=1 WARN=0 ERROR=0 SKIP=0 TOTAL=1
[2024-07-14T04:35:29.644+0000] {subprocess.py:98} INFO - Command exited with return code 0
[2024-07-14T04:35:29.646+0000] {local.py:254} INFO - [0m04:35:26  Done. PASS=1 WARN=0 ERROR=0 SKIP=0 TOTAL=1
[2024-07-14T04:35:31.264+0000] {local.py:196} WARNING - Artifact schema version: https://schemas.getdbt.com/dbt/manifest/v12.json is above dbt-ol supported version 7. This might cause errors.
[2024-07-14T04:35:31.278+0000] {local.py:196} WARNING - Artifact schema version: https://schemas.getdbt.com/dbt/run-results/v6.json is above dbt-ol supported version 5. This might cause errors.
[2024-07-14T04:35:31.350+0000] {local.py:349} INFO - Inlets: [Dataset(uri='snowflake://OU00370.europe-west2.gcp/ELT_BATCH.PUBLIC.regions', extra=None)]
[2024-07-14T04:35:31.370+0000] {local.py:350} INFO - Outlets: [Dataset(uri='snowflake://OU00370.europe-west2.gcp/ELT_BATCH.raw.raw_regions', extra=None)]
[2024-07-14T04:35:31.374+0000] {dag.py:3096} INFO - Sync 1 DAGs
[2024-07-14T04:35:31.798+0000] {taskinstance.py:441} INFO - ::group::Post task execution logs
[2024-07-14T04:35:31.995+0000] {taskinstance.py:1206} INFO - Marking task as SUCCESS. dag_id=ELT-PROJECT, task_id=transform.raw_regions.run, run_id=scheduled__2024-07-01T00:00:00+00:00, execution_date=20240701T000000, start_date=20240714T043422, end_date=20240714T043531
[2024-07-14T04:35:32.217+0000] {local_task_job_runner.py:240} INFO - Task exited with return code 0
[2024-07-14T04:35:32.327+0000] {local_task_job_runner.py:222} INFO - ::endgroup::
